August 19, 2021, 12:46 am
----------- DATA -------------
Array
(
    [offerId] => 5876bfb5-5f26-4de9-8784-ec27e3449920
    [fio] => Edgar atig
    [phone] => 09914423318
    [email] => admin@admin.com
    [domain] => http://adltnews.com/landers/ph_lim_maxup_cream_sm_12_mens_secrets/limon.php
    [ip] => 131.226.66.221
    [utm_campaign] => 22
    [utm_content] => 5
    [utm_medium] => 
    [utm_source] => SM
    [utm_term] => 
    [clickid] => 7948bj6qdxi52af8
    [fbpxl] => 
)

----------- RESPONSE ---------
{"result":"ok"}
----------- END --------------
August 19, 2021, 2:05 am
----------- DATA -------------
Array
(
    [offerId] => 5876bfb5-5f26-4de9-8784-ec27e3449920
    [fio] => Daves osal
    [phone] => 09319023562
    [email] => admin@admin.com
    [domain] => http://adltnews.com/landers/ph_lim_maxup_cream_sm_12_mens_secrets/limon.php
    [ip] => 110.54.191.230
    [utm_campaign] => 22
    [utm_content] => 5
    [utm_medium] => 
    [utm_source] => SM
    [utm_term] => 
    [clickid] => 9600cj6gmghkt4bb
    [fbpxl] => 
)

----------- RESPONSE ---------
{"result":"ok"}
----------- END --------------
August 19, 2021, 7:51 am
----------- DATA -------------
Array
(
    [offerId] => 5876bfb5-5f26-4de9-8784-ec27e3449920
    [fio] => Jhaymark montesa
    [phone] => 09971733570
    [email] => admin@admin.com
    [domain] => http://adltnews.com/landers/ph_lim_maxup_cream_sm_12_mens_secrets/limon.php
    [ip] => 119.95.228.10
    [utm_campaign] => 22
    [utm_content] => 5
    [utm_medium] => 
    [utm_source] => SM
    [utm_term] => 
    [clickid] => 7ca77j6y9fnci27b
    [fbpxl] => 
)

----------- RESPONSE ---------
{"result":"ok"}
----------- END --------------
August 19, 2021, 8:05 am
----------- DATA -------------
Array
(
    [offerId] => 5876bfb5-5f26-4de9-8784-ec27e3449920
    [fio] => Dansoy carlos
    [phone] => 09278843898
    [email] => admin@admin.com
    [domain] => http://adltnews.com/landers/ph_lim_maxup_cream_sm_12_mens_secrets/limon.php
    [ip] => 49.146.40.10
    [utm_campaign] => 22
    [utm_content] => 5
    [utm_medium] => 
    [utm_source] => SM
    [utm_term] => 
    [clickid] => dd210j6y94ke285d
    [fbpxl] => 
)

----------- RESPONSE ---------
{"result":"ok"}
----------- END --------------
August 19, 2021, 9:37 am
----------- DATA -------------
Array
(
    [offerId] => 5876bfb5-5f26-4de9-8784-ec27e3449920
    [fio] => Rey
    [phone] => 09511398989
    [email] => admin@admin.com
    [domain] => http://adltnews.com/landers/ph_lim_maxup_cream_sm_12_mens_secrets/limon.php
    [ip] => 175.176.20.46
    [utm_campaign] => 22
    [utm_content] => 5
    [utm_medium] => 
    [utm_source] => SM
    [utm_term] => 
    [clickid] => 66fafj64ka45m269
    [fbpxl] => 
)

----------- RESPONSE ---------
{"result":"ok"}
----------- END --------------
August 19, 2021, 12:37 pm
----------- DATA -------------
Array
(
    [offerId] => 5876bfb5-5f26-4de9-8784-ec27e3449920
    [fio] => teddy pilapil
    [phone] => 09955169706
    [email] => admin@admin.com
    [domain] => http://adltnews.com/landers/ph_lim_maxup_cream_sm_12_mens_secrets/limon.php
    [ip] => 2001:4450:8189:2f00:e165:7f6a:b55f:56b
    [utm_campaign] => 22
    [utm_content] => 5
    [utm_medium] => 
    [utm_source] => SM
    [utm_term] => 
    [clickid] => dcf0aj6twqea5816
    [fbpxl] => 
)

----------- RESPONSE ---------
{"result":"ok"}
----------- END --------------
August 19, 2021, 2:31 pm
----------- DATA -------------
Array
(
    [offerId] => 5876bfb5-5f26-4de9-8784-ec27e3449920
    [fio] => Benjie
    [phone] => 09484147374
    [email] => admin@admin.com
    [domain] => http://adltnews.com/landers/ph_lim_maxup_cream_sm_12_mens_secrets/limon.php
    [ip] => 110.54.188.98
    [utm_campaign] => 22
    [utm_content] => 5
    [utm_medium] => 
    [utm_source] => SM
    [utm_term] => 
    [clickid] => 554a9j6wfnta1f59
    [fbpxl] => 
)

----------- RESPONSE ---------
{"result":"ok"}
----------- END --------------
August 19, 2021, 2:40 pm
----------- DATA -------------
Array
(
    [offerId] => 5876bfb5-5f26-4de9-8784-ec27e3449920
    [fio] => Jun
    [phone] => 09507757594
    [email] => admin@admin.com
    [domain] => http://adltnews.com/landers/ph_lim_maxup_cream_sm_12_mens_secrets/limon.php
    [ip] => 175.176.85.228
    [utm_campaign] => 22
    [utm_content] => 5
    [utm_medium] => 
    [utm_source] => SM
    [utm_term] => 
    [clickid] => 9ee9fj6wfqerna1a
    [fbpxl] => 
)

----------- RESPONSE ---------
{"result":"ok"}
----------- END --------------
August 19, 2021, 2:59 pm
----------- DATA -------------
Array
(
    [offerId] => 5876bfb5-5f26-4de9-8784-ec27e3449920
    [fio] => Reymond
    [phone] => 09461944794
    [email] => admin@admin.com
    [domain] => http://adltnews.com/landers/ph_lim_maxup_cream_sm_12_mens_secrets/limon.php
    [ip] => 180.195.23.153
    [utm_campaign] => 22
    [utm_content] => 5
    [utm_medium] => 
    [utm_source] => SM
    [utm_term] => 
    [clickid] => 0fc60j6wfxivce00
    [fbpxl] => 
)

----------- RESPONSE ---------
{"result":"ok"}
----------- END --------------
August 19, 2021, 3:13 pm
----------- DATA -------------
Array
(
    [offerId] => 5876bfb5-5f26-4de9-8784-ec27e3449920
    [fio] => Jefry
    [phone] => 09480805348
    [email] => admin@admin.com
    [domain] => http://adltnews.com/landers/ph_lim_maxup_cream_sm_12_mens_secrets/limon.php
    [ip] => 180.190.193.142
    [utm_campaign] => 22
    [utm_content] => 5
    [utm_medium] => 
    [utm_source] => SM
    [utm_term] => 
    [clickid] => 178bej6wftlci6a8
    [fbpxl] => 
)

----------- RESPONSE ---------
{"result":"ok"}
----------- END --------------
August 19, 2021, 3:14 pm
----------- DATA -------------
Array
(
    [offerId] => 5876bfb5-5f26-4de9-8784-ec27e3449920
    [fio] => Jefry
    [phone] => 09480805348
    [email] => admin@admin.com
    [domain] => http://adltnews.com/landers/ph_lim_maxup_cream_sm_12_mens_secrets/limon.php
    [ip] => 180.190.193.142
    [utm_campaign] => 22
    [utm_content] => 5
    [utm_medium] => 
    [utm_source] => SM
    [utm_term] => 
    [clickid] => 178bej6wftlci6a8
    [fbpxl] => 
)

----------- RESPONSE ---------
{"result":"ok"}
----------- END --------------
August 19, 2021, 3:25 pm
----------- DATA -------------
Array
(
    [offerId] => 5876bfb5-5f26-4de9-8784-ec27e3449920
    [fio] => abdul, dumagsa
    [phone] => 09511974619
    [email] => admin@admin.com
    [domain] => http://adltnews.com/landers/ph_lim_maxup_cream_sm_12_mens_secrets/limon.php
    [ip] => 2001:4455:16e:2b00:6919:ee34:206e:8a6b
    [utm_campaign] => 22
    [utm_content] => 5
    [utm_medium] => 
    [utm_source] => SM
    [utm_term] => 
    [clickid] => 66ecej6wfj2a8a94
    [fbpxl] => 
)

----------- RESPONSE ---------
{"result":"ok"}
----------- END --------------
August 19, 2021, 3:57 pm
----------- DATA -------------
Array
(
    [offerId] => 5876bfb5-5f26-4de9-8784-ec27e3449920
    [fio] => ferdz
    [phone] => 09552888267
    [email] => admin@admin.com
    [domain] => http://adltnews.com/landers/ph_lim_maxup_cream_sm_12_mens_secrets/limon.php
    [ip] => 203.118.247.110
    [utm_campaign] => 22
    [utm_content] => 5
    [utm_medium] => 
    [utm_source] => SM
    [utm_term] => 
    [clickid] => f88d4j6ntoj6je75
    [fbpxl] => 
)

----------- RESPONSE ---------
{"result":"ok"}
----------- END --------------
August 19, 2021, 4:16 pm
----------- DATA -------------
Array
(
    [offerId] => 5876bfb5-5f26-4de9-8784-ec27e3449920
    [fio] => Marco 
    [phone] => 0963
    [email] => admin@admin.com
    [domain] => http://adltnews.com/landers/ph_lim_maxup_cream_sm_12_mens_secrets/limon.php
    [ip] => 141.0.9.162
    [utm_campaign] => 22
    [utm_content] => 5
    [utm_medium] => 
    [utm_source] => SM
    [utm_term] => 
    [clickid] => e848ej6ntb73787d
    [fbpxl] => 
)

----------- RESPONSE ---------
{"result":"ok"}
----------- END --------------
August 19, 2021, 4:16 pm
----------- DATA -------------
Array
(
    [offerId] => 5876bfb5-5f26-4de9-8784-ec27e3449920
    [fio] => Marco 
    [phone] => 0963
    [email] => admin@admin.com
    [domain] => http://adltnews.com/landers/ph_lim_maxup_cream_sm_12_mens_secrets/limon.php
    [ip] => 141.0.9.162
    [utm_campaign] => 22
    [utm_content] => 5
    [utm_medium] => 
    [utm_source] => SM
    [utm_term] => 
    [clickid] => e848ej6ntb73787d
    [fbpxl] => 
)

----------- RESPONSE ---------
{"result":"ok"}
----------- END --------------
August 19, 2021, 4:59 pm
----------- DATA -------------
Array
(
    [offerId] => 5876bfb5-5f26-4de9-8784-ec27e3449920
    [fio] => jorge adriatico
    [phone] => 09568877667
    [email] => admin@admin.com
    [domain] => http://adltnews.com/landers/ph_lim_maxup_cream_sm_12_mens_secrets/limon.php
    [ip] => 110.54.204.169
    [utm_campaign] => 22
    [utm_content] => 5
    [utm_medium] => 
    [utm_source] => SM
    [utm_term] => 
    [clickid] => c7765j6b48pa0512
    [fbpxl] => 
)

----------- RESPONSE ---------
{"result":"ok"}
----------- END --------------
August 19, 2021, 5:01 pm
----------- DATA -------------
Array
(
    [offerId] => 5876bfb5-5f26-4de9-8784-ec27e3449920
    [fio] => jorge adriatico
    [phone] => 09568877667
    [email] => admin@admin.com
    [domain] => http://adltnews.com/landers/ph_lim_maxup_cream_sm_12_mens_secrets/limon.php
    [ip] => 110.54.204.169
    [utm_campaign] => 22
    [utm_content] => 5
    [utm_medium] => 
    [utm_source] => SM
    [utm_term] => 
    [clickid] => c7765j6b48pa0512
    [fbpxl] => 
)

----------- RESPONSE ---------
{"result":"ok"}
----------- END --------------
August 19, 2021, 9:05 pm
----------- DATA -------------
Array
(
    [offerId] => 5876bfb5-5f26-4de9-8784-ec27e3449920
    [fio] => Rollybulaybulay
    [phone] => o9070375955
    [email] => admin@admin.com
    [domain] => http://adltnews.com/landers/ph_lim_maxup_cream_sm_12_mens_secrets/limon.php
    [ip] => 175.176.35.126
    [utm_campaign] => 22
    [utm_content] => 5
    [utm_medium] => 
    [utm_source] => SM
    [utm_term] => 
    [clickid] => f2b0bj6k2pm7v42a
    [fbpxl] => 
)

----------- RESPONSE ---------
{"result":"ok"}
----------- END --------------
