July 27, 2021, 11:02 am
----------- DATA -------------
Array
(
    [offerId] => 444e972d-e501-4625-8cb3-6aead5d7cc8c
    [fio] => Bhupinder singh
    [phone] => +918699829741
    [email] => admin@admin.com
    [domain] => http://adltnews.com/landers/60feb0c5e48be/limon.php
    [ip] => 180.188.247.110
    [utm_campaign] => 
    [utm_content] => 
    [utm_medium] => 
    [utm_source] => SM
    [utm_term] => 
    [clickid] => f4f76mya87v17806
    [fbpxl] => 
)

----------- RESPONSE ---------
{"result":"ok"}
----------- END --------------
July 27, 2021, 11:55 am
----------- DATA -------------
Array
(
    [offerId] => 444e972d-e501-4625-8cb3-6aead5d7cc8c
    [fio] => PRABHAT RAY
    [phone] => +919433460883
    [email] => admin@admin.com
    [domain] => http://adltnews.com/landers/60feb0c5e48be/limon.php
    [ip] => 117.226.239.145
    [utm_campaign] => 
    [utm_content] => 
    [utm_medium] => 
    [utm_source] => SM
    [utm_term] => 
    [clickid] => e2ee3mya84pwh97b
    [fbpxl] => 
)

----------- RESPONSE ---------
{"result":"ok"}
----------- END --------------
July 27, 2021, 11:59 am
----------- DATA -------------
Array
(
    [offerId] => 444e972d-e501-4625-8cb3-6aead5d7cc8c
    [fio] => PRABHAT RAY
    [phone] => +919433460883
    [email] => admin@admin.com
    [domain] => http://adltnews.com/landers/60feb0c5e48be/limon.php
    [ip] => 117.227.4.140
    [utm_campaign] => 
    [utm_content] => 
    [utm_medium] => 
    [utm_source] => SM
    [utm_term] => 
    [clickid] => e2ee3mya84pwh97b
    [fbpxl] => 
)

----------- RESPONSE ---------
{"result":"ok"}
----------- END --------------
July 27, 2021, 12:01 pm
----------- DATA -------------
Array
(
    [offerId] => 444e972d-e501-4625-8cb3-6aead5d7cc8c
    [fio] => MOHD.SHEIKH
    [phone] => +919827211387
    [email] => admin@admin.com
    [domain] => http://adltnews.com/landers/60feb0c5e48be/limon.php
    [ip] => 2409:4043:4e13:120c::c189:e10a
    [utm_campaign] => 
    [utm_content] => 
    [utm_medium] => 
    [utm_source] => SM
    [utm_term] => 
    [clickid] => 69727mya8e8gh288
    [fbpxl] => 
)

----------- RESPONSE ---------
{"result":"ok"}
----------- END --------------
July 27, 2021, 12:57 pm
----------- DATA -------------
Array
(
    [offerId] => 444e972d-e501-4625-8cb3-6aead5d7cc8c
    [fio] => Rohit
    [phone] => +918130781559
    [email] => admin@admin.com
    [domain] => http://adltnews.com/landers/60feb0c5e48be/limon.php
    [ip] => 45.118.167.102
    [utm_campaign] => 
    [utm_content] => 
    [utm_medium] => 
    [utm_source] => SM
    [utm_term] => 
    [clickid] => 30501mya9j6a2cd1
    [fbpxl] => 
)

----------- RESPONSE ---------
{"result":"ok"}
----------- END --------------
July 27, 2021, 1:18 pm
----------- DATA -------------
Array
(
    [offerId] => 444e972d-e501-4625-8cb3-6aead5d7cc8c
    [fio] => Pankaj pa rpa
    [phone] => +91963999464
    [email] => admin@admin.com
    [domain] => http://adltnews.com/landers/60feb0c5e48be/limon.php
    [ip] => 2401:4900:c1b:8e4d:90f0:b5cc:4eb5:333
    [utm_campaign] => 
    [utm_content] => 
    [utm_medium] => 
    [utm_source] => SM
    [utm_term] => 
    [clickid] => c3ef2mya9j2qqcc5
    [fbpxl] => 
)

----------- RESPONSE ---------
{"result":"ok"}
----------- END --------------
July 27, 2021, 1:19 pm
----------- DATA -------------
Array
(
    [offerId] => 444e972d-e501-4625-8cb3-6aead5d7cc8c
    [fio] => Pankaj pa rpa
    [phone] => +91963999464
    [email] => admin@admin.com
    [domain] => http://adltnews.com/landers/60feb0c5e48be/limon.php
    [ip] => 2401:4900:c1b:8e4d:90f0:b5cc:4eb5:333
    [utm_campaign] => 
    [utm_content] => 
    [utm_medium] => 
    [utm_source] => SM
    [utm_term] => 
    [clickid] => c3ef2mya9j2qqcc5
    [fbpxl] => 
)

----------- RESPONSE ---------
{"result":"ok"}
----------- END --------------
July 27, 2021, 3:57 pm
----------- DATA -------------
Array
(
    [offerId] => 444e972d-e501-4625-8cb3-6aead5d7cc8c
    [fio] => Samsudin
    [phone] => +916295888675
    [email] => admin@admin.com
    [domain] => http://adltnews.com/landers/60feb0c5e48be/limon.php
    [ip] => 2409:4061:2c16:de35:88fe:9f42:6b8e:d04c
    [utm_campaign] => 
    [utm_content] => 
    [utm_medium] => 
    [utm_source] => SM
    [utm_term] => 
    [clickid] => fe993my179l4pff1
    [fbpxl] => 
)

----------- RESPONSE ---------
{"result":"ok"}
----------- END --------------
July 27, 2021, 3:58 pm
----------- DATA -------------
Array
(
    [offerId] => 444e972d-e501-4625-8cb3-6aead5d7cc8c
    [fio] => Anmol
    [phone] => +919170335497
    [email] => admin@admin.com
    [domain] => http://adltnews.com/landers/60feb0c5e48be/limon.php
    [ip] => 2409:4063:4d13:1db1::4dca:a504
    [utm_campaign] => 
    [utm_content] => 
    [utm_medium] => 
    [utm_source] => SM
    [utm_term] => 
    [clickid] => 0bf82my17ftuoa67
    [fbpxl] => 
)

----------- RESPONSE ---------
{"result":"ok"}
----------- END --------------
July 27, 2021, 4:09 pm
----------- DATA -------------
Array
(
    [offerId] => 444e972d-e501-4625-8cb3-6aead5d7cc8c
    [fio] => Raji
    [phone] => +918827513827
    [email] => admin@admin.com
    [domain] => http://adltnews.com/landers/60feb0c5e48be/limon.php
    [ip] => 2409:4072:8e8c:51db::220a:c20d
    [utm_campaign] => 
    [utm_content] => 
    [utm_medium] => 
    [utm_source] => SM
    [utm_term] => 
    [clickid] => bb036my17rna9cd3
    [fbpxl] => 
)

----------- RESPONSE ---------
{"result":"ok"}
----------- END --------------
July 27, 2021, 4:13 pm
----------- DATA -------------
Array
(
    [offerId] => 444e972d-e501-4625-8cb3-6aead5d7cc8c
    [fio] => Raj varma 
    [phone] => +919140843770
    [email] => admin@admin.com
    [domain] => http://adltnews.com/landers/60feb0c5e48be/limon.php
    [ip] => 2409:4063:438c:7b76:53a1:c40b:4342:189c
    [utm_campaign] => 
    [utm_content] => 
    [utm_medium] => 
    [utm_source] => SM
    [utm_term] => 
    [clickid] => 419e7my17ktho4da
    [fbpxl] => 
)

----------- RESPONSE ---------
{"result":"ok"}
----------- END --------------
July 27, 2021, 4:17 pm
----------- DATA -------------
Array
(
    [offerId] => 444e972d-e501-4625-8cb3-6aead5d7cc8c
    [fio] => Raffudddin
    [phone] => +917880769732
    [email] => admin@admin.com
    [domain] => http://adltnews.com/landers/60feb0c5e48be/limon.php
    [ip] => 2401:4900:5aa0:5f33:9fcb:ab93:cfb7:a630
    [utm_campaign] => 
    [utm_content] => 
    [utm_medium] => 
    [utm_source] => SM
    [utm_term] => 
    [clickid] => 1d822my17slgx17c
    [fbpxl] => 
)

----------- RESPONSE ---------
{"result":"ok"}
----------- END --------------
July 27, 2021, 4:19 pm
----------- DATA -------------
Array
(
    [offerId] => 444e972d-e501-4625-8cb3-6aead5d7cc8c
    [fio] => Raffudddin
    [phone] => +917880769732
    [email] => admin@admin.com
    [domain] => http://adltnews.com/landers/60feb0c5e48be/limon.php
    [ip] => 2401:4900:5ad2:c7e1:44b1:71e:97e:fc00
    [utm_campaign] => 
    [utm_content] => 
    [utm_medium] => 
    [utm_source] => SM
    [utm_term] => 
    [clickid] => 1d822my17slgx17c
    [fbpxl] => 
)

----------- RESPONSE ---------
{"result":"ok"}
----------- END --------------
July 27, 2021, 4:19 pm
----------- DATA -------------
Array
(
    [offerId] => 444e972d-e501-4625-8cb3-6aead5d7cc8c
    [fio] => Akhileshojha
    [phone] => +919525199081
    [email] => admin@admin.com
    [domain] => http://adltnews.com/landers/60feb0c5e48be/limon.php
    [ip] => 2409:4063:6c07:b29c:a85c:1f58:b52c:c05a
    [utm_campaign] => 
    [utm_content] => 
    [utm_medium] => 
    [utm_source] => SM
    [utm_term] => 
    [clickid] => 7ea78my17g6j60bc
    [fbpxl] => 
)

----------- RESPONSE ---------
{"result":"ok"}
----------- END --------------
July 27, 2021, 4:30 pm
----------- DATA -------------
Array
(
    [offerId] => 444e972d-e501-4625-8cb3-6aead5d7cc8c
    [fio] => Jamun
    [phone] => +917319713433
    [email] => admin@admin.com
    [domain] => http://adltnews.com/landers/60feb0c5e48be/limon.php
    [ip] => 2401:4900:3c80:a10d:7381:5b1b:825:f2c9
    [utm_campaign] => 
    [utm_content] => 
    [utm_medium] => 
    [utm_source] => SM
    [utm_term] => 
    [clickid] => 0be29myh9cigx2eb
    [fbpxl] => 
)

----------- RESPONSE ---------
{"result":"ok"}
----------- END --------------
July 27, 2021, 4:31 pm
----------- DATA -------------
Array
(
    [offerId] => 444e972d-e501-4625-8cb3-6aead5d7cc8c
    [fio] => Jamun
    [phone] => +917319713433
    [email] => admin@admin.com
    [domain] => http://adltnews.com/landers/60feb0c5e48be/limon.php
    [ip] => 2401:4900:3c80:a10d:7381:5b1b:825:f2c9
    [utm_campaign] => 
    [utm_content] => 
    [utm_medium] => 
    [utm_source] => SM
    [utm_term] => 
    [clickid] => 0be29myh9cigx2eb
    [fbpxl] => 
)

----------- RESPONSE ---------
{"result":"ok"}
----------- END --------------
July 27, 2021, 4:52 pm
----------- DATA -------------
Array
(
    [offerId] => 444e972d-e501-4625-8cb3-6aead5d7cc8c
    [fio] => Amit Kumar singh
    [phone] => +918853432559
    [email] => admin@admin.com
    [domain] => http://adltnews.com/landers/60feb0c5e48be/limon.php
    [ip] => 2401:4900:4048:b174:a28e:37ae:39c4:c134
    [utm_campaign] => 
    [utm_content] => 
    [utm_medium] => 
    [utm_source] => SM
    [utm_term] => 
    [clickid] => 5034emyh9rn15894
    [fbpxl] => 
)

----------- RESPONSE ---------
{"result":"ok"}
----------- END --------------
July 27, 2021, 4:54 pm
----------- DATA -------------
Array
(
    [offerId] => 444e972d-e501-4625-8cb3-6aead5d7cc8c
    [fio] => Dheeraj
    [phone] => +918057027178
    [email] => admin@admin.com
    [domain] => http://adltnews.com/landers/60feb0c5e48be/limon.php
    [ip] => 2409:4053:e13:a179::5688:d406
    [utm_campaign] => 
    [utm_content] => 
    [utm_medium] => 
    [utm_source] => SM
    [utm_term] => 
    [clickid] => 2d09fmyh9oczw659
    [fbpxl] => 
)

----------- RESPONSE ---------
{"result":"ok"}
----------- END --------------
July 27, 2021, 4:58 pm
----------- DATA -------------
Array
(
    [offerId] => 444e972d-e501-4625-8cb3-6aead5d7cc8c
    [fio] => Sk
    [phone] => +918918500080
    [email] => admin@admin.com
    [domain] => http://adltnews.com/landers/60feb0c5e48be/limon.php
    [ip] => 2409:4061:4e16:89f8::80cb:bc13
    [utm_campaign] => 
    [utm_content] => 
    [utm_medium] => 
    [utm_source] => SM
    [utm_term] => 
    [clickid] => 9f9e1myq5a0sl6f6
    [fbpxl] => 
)

----------- RESPONSE ---------
{"result":"ok"}
----------- END --------------
July 27, 2021, 5:01 pm
----------- DATA -------------
Array
(
    [offerId] => 444e972d-e501-4625-8cb3-6aead5d7cc8c
    [fio] => Vinit kundal
    [phone] => +918493052735
    [email] => admin@admin.com
    [domain] => http://adltnews.com/landers/60feb0c5e48be/limon.php
    [ip] => 2409:4054:219a:1390::4f0:f0b0
    [utm_campaign] => 
    [utm_content] => 
    [utm_medium] => 
    [utm_source] => SM
    [utm_term] => 
    [clickid] => 072f5myq5a28w9a1
    [fbpxl] => 
)

----------- RESPONSE ---------
{"result":"ok"}
----------- END --------------
July 27, 2021, 5:03 pm
----------- DATA -------------
Array
(
    [offerId] => 444e972d-e501-4625-8cb3-6aead5d7cc8c
    [fio] => Anshuman 
    [phone] => +918303928994
    [email] => admin@admin.com
    [domain] => http://adltnews.com/landers/60feb0c5e48be/limon.php
    [ip] => 2409:4063:6c12:6913:639e:62c7:5e5:bc65
    [utm_campaign] => 
    [utm_content] => 
    [utm_medium] => 
    [utm_source] => SM
    [utm_term] => 
    [clickid] => d36c7myq5pm3z68e
    [fbpxl] => 
)

----------- RESPONSE ---------
{"result":"ok"}
----------- END --------------
July 27, 2021, 5:14 pm
----------- DATA -------------
Array
(
    [offerId] => 444e972d-e501-4625-8cb3-6aead5d7cc8c
    [fio] => Ranjeet singh chouhan
    [phone] => +917976456421
    [email] => admin@admin.com
    [domain] => http://adltnews.com/landers/60feb0c5e48be/limon.php
    [ip] => 2405:205:110b:16a4::3f6:68b0
    [utm_campaign] => 
    [utm_content] => 
    [utm_medium] => 
    [utm_source] => SM
    [utm_term] => 
    [clickid] => 0db04myq57voc1f7
    [fbpxl] => 
)

----------- RESPONSE ---------
{"result":"ok"}
----------- END --------------
July 27, 2021, 5:30 pm
----------- DATA -------------
Array
(
    [offerId] => 444e972d-e501-4625-8cb3-6aead5d7cc8c
    [fio] => Waseem
    [phone] => +918105752548
    [email] => admin@admin.com
    [domain] => http://adltnews.com/landers/60feb0c5e48be/limon.php
    [ip] => 2405:204:549c:4f22:77dc:6cdd:7c67:2630
    [utm_campaign] => 
    [utm_content] => 
    [utm_medium] => 
    [utm_source] => SM
    [utm_term] => 
    [clickid] => 5257dmyq5qnsy6f4
    [fbpxl] => 
)

----------- RESPONSE ---------
{"result":"ok"}
----------- END --------------
July 27, 2021, 5:45 pm
----------- DATA -------------
Array
(
    [offerId] => 444e972d-e501-4625-8cb3-6aead5d7cc8c
    [fio] => Sanjay tiwari
    [phone] => +916266177437
    [email] => admin@admin.com
    [domain] => http://adltnews.com/landers/60feb0c5e48be/limon.php
    [ip] => 2401:4900:51cf:97c:e4c4:8eb7:bc11:63e6
    [utm_campaign] => 
    [utm_content] => 
    [utm_medium] => 
    [utm_source] => SM
    [utm_term] => 
    [clickid] => 5da1fmypm4ka69ca
    [fbpxl] => 
)

----------- RESPONSE ---------
{"result":"ok"}
----------- END --------------
July 27, 2021, 5:48 pm
----------- DATA -------------
Array
(
    [offerId] => 444e972d-e501-4625-8cb3-6aead5d7cc8c
    [fio] => Ram singh
    [phone] => +919560620906
    [email] => admin@admin.com
    [domain] => http://adltnews.com/landers/60feb0c5e48be/limon.php
    [ip] => 2409:4053:58d:95dd::10ef:30a0
    [utm_campaign] => 
    [utm_content] => 
    [utm_medium] => 
    [utm_source] => SM
    [utm_term] => 
    [clickid] => efd36mypm16a1c02
    [fbpxl] => 
)

----------- RESPONSE ---------
{"result":"ok"}
----------- END --------------
July 27, 2021, 5:51 pm
----------- DATA -------------
Array
(
    [offerId] => 444e972d-e501-4625-8cb3-6aead5d7cc8c
    [fio] => Jagabandhu das
    [phone] => +919775856678
    [email] => admin@admin.com
    [domain] => http://adltnews.com/landers/60feb0c5e48be/limon.php
    [ip] => 106.213.156.98
    [utm_campaign] => 
    [utm_content] => 
    [utm_medium] => 
    [utm_source] => SM
    [utm_term] => 
    [clickid] => f0f32mypm9rwfdb6
    [fbpxl] => 
)

----------- RESPONSE ---------
{"result":"ok"}
----------- END --------------
July 27, 2021, 5:53 pm
----------- DATA -------------
Array
(
    [offerId] => 444e972d-e501-4625-8cb3-6aead5d7cc8c
    [fio] => Ratnesh 
    [phone] => +916399736275
    [email] => admin@admin.com
    [domain] => http://adltnews.com/landers/60feb0c5e48be/limon.php
    [ip] => 2409:4053:e10:b373::1e49:f501
    [utm_campaign] => 
    [utm_content] => 
    [utm_medium] => 
    [utm_source] => SM
    [utm_term] => 
    [clickid] => 5d25bmypm9rqd1bc
    [fbpxl] => 
)

----------- RESPONSE ---------
{"result":"ok"}
----------- END --------------
July 27, 2021, 5:54 pm
----------- DATA -------------
Array
(
    [offerId] => 444e972d-e501-4625-8cb3-6aead5d7cc8c
    [fio] => Ratnesh 
    [phone] => +916399736275
    [email] => admin@admin.com
    [domain] => http://adltnews.com/landers/60feb0c5e48be/limon.php
    [ip] => 2409:4053:e10:b373::1e49:f501
    [utm_campaign] => 
    [utm_content] => 
    [utm_medium] => 
    [utm_source] => SM
    [utm_term] => 
    [clickid] => 5d25bmypm9rqd1bc
    [fbpxl] => 
)

----------- RESPONSE ---------
{"result":"ok"}
----------- END --------------
July 27, 2021, 5:58 pm
----------- DATA -------------
Array
(
    [offerId] => 444e972d-e501-4625-8cb3-6aead5d7cc8c
    [fio] => Natic
    [phone] => +918714150055
    [email] => admin@admin.com
    [domain] => http://adltnews.com/landers/60feb0c5e48be/limon.php
    [ip] => 2401:4900:5c9c:5c3c:93e7:b51e:1b69:3063
    [utm_campaign] => 
    [utm_content] => 
    [utm_medium] => 
    [utm_source] => SM
    [utm_term] => 
    [clickid] => 9f357mypmsyu31a5
    [fbpxl] => 
)

----------- RESPONSE ---------
{"result":"ok"}
----------- END --------------
July 27, 2021, 6:01 pm
----------- DATA -------------
Array
(
    [offerId] => 444e972d-e501-4625-8cb3-6aead5d7cc8c
    [fio] => Shiraj pathan 
    [phone] => +918308383484
    [email] => admin@admin.com
    [domain] => http://adltnews.com/landers/60feb0c5e48be/limon.php
    [ip] => 2401:4900:1b9d:8690::638:a8fa
    [utm_campaign] => 
    [utm_content] => 
    [utm_medium] => 
    [utm_source] => SM
    [utm_term] => 
    [clickid] => 01ab1mypm3v37f31
    [fbpxl] => 
)

----------- RESPONSE ---------
{"result":"ok"}
----------- END --------------
July 27, 2021, 6:04 pm
----------- DATA -------------
Array
(
    [offerId] => 444e972d-e501-4625-8cb3-6aead5d7cc8c
    [fio] => Mkpradhan
    [phone] => +919853668720
    [email] => admin@admin.com
    [domain] => http://adltnews.com/landers/60feb0c5e48be/limon.php
    [ip] => 2409:4061:2ebe:f832::8b89:fa05
    [utm_campaign] => 
    [utm_content] => 
    [utm_medium] => 
    [utm_source] => SM
    [utm_term] => 
    [clickid] => 04ca2mypmoche296
    [fbpxl] => 
)

----------- RESPONSE ---------
{"result":"ok"}
----------- END --------------
July 27, 2021, 6:05 pm
----------- DATA -------------
Array
(
    [offerId] => 444e972d-e501-4625-8cb3-6aead5d7cc8c
    [fio] => Jayesh...r...parmar
    [phone] => +918200595036
    [email] => admin@admin.com
    [domain] => http://adltnews.com/landers/60feb0c5e48be/limon.php
    [ip] => 2401:4900:50a4:34b3:1:0:fa76:b8b
    [utm_campaign] => 
    [utm_content] => 
    [utm_medium] => 
    [utm_source] => SM
    [utm_term] => 
    [clickid] => 617b9mypmoc7s229
    [fbpxl] => 
)

----------- RESPONSE ---------
{"result":"ok"}
----------- END --------------
July 27, 2021, 6:05 pm
----------- DATA -------------
Array
(
    [offerId] => 444e972d-e501-4625-8cb3-6aead5d7cc8c
    [fio] => Mkpradhan
    [phone] => +919853668720
    [email] => admin@admin.com
    [domain] => http://adltnews.com/landers/60feb0c5e48be/limon.php
    [ip] => 2409:4061:2ebe:f832::8b89:fa05
    [utm_campaign] => 
    [utm_content] => 
    [utm_medium] => 
    [utm_source] => SM
    [utm_term] => 
    [clickid] => 04ca2mypmoche296
    [fbpxl] => 
)

----------- RESPONSE ---------
{"result":"ok"}
----------- END --------------
July 27, 2021, 6:09 pm
----------- DATA -------------
Array
(
    [offerId] => 444e972d-e501-4625-8cb3-6aead5d7cc8c
    [fio] => Xxxxx
    [phone] => +911000000000
    [email] => admin@admin.com
    [domain] => http://adltnews.com/landers/60feb0c5e48be/limon.php
    [ip] => 2401:4900:169e:9d12:1:1:5e41:a8da
    [utm_campaign] => 
    [utm_content] => 
    [utm_medium] => 
    [utm_source] => SM
    [utm_term] => 
    [clickid] => 8a87cmypmqna5348
    [fbpxl] => 
)

----------- RESPONSE ---------
{"result":"ok"}
----------- END --------------
July 27, 2021, 6:09 pm
----------- DATA -------------
Array
(
    [offerId] => 444e972d-e501-4625-8cb3-6aead5d7cc8c
    [fio] => Xxxxx
    [phone] => +911000000000
    [email] => admin@admin.com
    [domain] => http://adltnews.com/landers/60feb0c5e48be/limon.php
    [ip] => 2401:4900:169e:9d12:1:1:5e41:a8da
    [utm_campaign] => 
    [utm_content] => 
    [utm_medium] => 
    [utm_source] => SM
    [utm_term] => 
    [clickid] => 8a87cmypmqna5348
    [fbpxl] => 
)

----------- RESPONSE ---------
{"result":"ok"}
----------- END --------------
July 27, 2021, 6:09 pm
----------- DATA -------------
Array
(
    [offerId] => 444e972d-e501-4625-8cb3-6aead5d7cc8c
    [fio] => Xxxxx
    [phone] => +911000000000
    [email] => admin@admin.com
    [domain] => http://adltnews.com/landers/60feb0c5e48be/limon.php
    [ip] => 2401:4900:169e:9d12:1:1:5e41:a8da
    [utm_campaign] => 
    [utm_content] => 
    [utm_medium] => 
    [utm_source] => SM
    [utm_term] => 
    [clickid] => 8a87cmypmqna5348
    [fbpxl] => 
)

----------- RESPONSE ---------
{"result":"ok"}
----------- END --------------
July 27, 2021, 6:09 pm
----------- DATA -------------
Array
(
    [offerId] => 444e972d-e501-4625-8cb3-6aead5d7cc8c
    [fio] => Rajat
    [phone] => +9182839438
    [email] => admin@admin.com
    [domain] => http://adltnews.com/landers/60feb0c5e48be/limon.php
    [ip] => 2409:4055:2e88:9632:b9b6:70d3:926a:b67
    [utm_campaign] => 
    [utm_content] => 
    [utm_medium] => 
    [utm_source] => SM
    [utm_term] => 
    [clickid] => 0b918mypmqquq1d2
    [fbpxl] => 
)

----------- RESPONSE ---------
{"result":"ok"}
----------- END --------------
July 27, 2021, 6:42 pm
----------- DATA -------------
Array
(
    [offerId] => 444e972d-e501-4625-8cb3-6aead5d7cc8c
    [fio] => Sonu
    [phone] => +918191026795
    [email] => admin@admin.com
    [domain] => http://adltnews.com/landers/60feb0c5e48be/limon.php
    [ip] => 2401:4900:4bcf:29ef:1:0:500:d41f
    [utm_campaign] => 
    [utm_content] => 
    [utm_medium] => 
    [utm_source] => SM
    [utm_term] => 
    [clickid] => 185b9myusm7yd653
    [fbpxl] => 
)

----------- RESPONSE ---------
{"result":"ok"}
----------- END --------------
July 27, 2021, 6:42 pm
----------- DATA -------------
Array
(
    [offerId] => 444e972d-e501-4625-8cb3-6aead5d7cc8c
    [fio] => Jagseer
    [phone] => +919115037402
    [email] => admin@admin.com
    [domain] => http://adltnews.com/landers/60feb0c5e48be/limon.php
    [ip] => 2409:4055:603:9c23:41e5:1152:d44f:dd4a
    [utm_campaign] => 
    [utm_content] => 
    [utm_medium] => 
    [utm_source] => SM
    [utm_term] => 
    [clickid] => 4b0acmyusxr6j16c
    [fbpxl] => 
)

----------- RESPONSE ---------
{"result":"ok"}
----------- END --------------
July 27, 2021, 6:58 pm
----------- DATA -------------
Array
(
    [offerId] => 444e972d-e501-4625-8cb3-6aead5d7cc8c
    [fio] => मोबाइल कांटेक्ट नंबर नंबर
    [phone] => +916206262876
    [email] => admin@admin.com
    [domain] => http://adltnews.com/landers/60feb0c5e48be/limon.php
    [ip] => 2409:4064:2093:f95d:a0c4:f9a8:de8d:56de
    [utm_campaign] => 
    [utm_content] => 
    [utm_medium] => 
    [utm_source] => SM
    [utm_term] => 
    [clickid] => 836cdmyxs8rh93ee
    [fbpxl] => 
)

----------- RESPONSE ---------
{"result":"ok"}
----------- END --------------
July 27, 2021, 6:59 pm
----------- DATA -------------
Array
(
    [offerId] => 444e972d-e501-4625-8cb3-6aead5d7cc8c
    [fio] => Tarun
    [phone] => +919951101670
    [email] => admin@admin.com
    [domain] => http://adltnews.com/landers/60feb0c5e48be/limon.php
    [ip] => 2409:4070:2001:68e:d193:8088:3116:6d5e
    [utm_campaign] => 
    [utm_content] => 
    [utm_medium] => 
    [utm_source] => SM
    [utm_term] => 
    [clickid] => d6fe4myxsbzocae3
    [fbpxl] => 
)

----------- RESPONSE ---------
{"result":"ok"}
----------- END --------------
July 27, 2021, 7:16 pm
----------- DATA -------------
Array
(
    [offerId] => 444e972d-e501-4625-8cb3-6aead5d7cc8c
    [fio] => Vishal 
    [phone] => +91844989306
    [email] => admin@admin.com
    [domain] => http://adltnews.com/landers/60feb0c5e48be/limon.php
    [ip] => 2409:4053:2e1c:6dcf:712:eead:386d:4b33
    [utm_campaign] => 
    [utm_content] => 
    [utm_medium] => 
    [utm_source] => SM
    [utm_term] => 
    [clickid] => 5e52cmyxsj6a2629
    [fbpxl] => 
)

----------- RESPONSE ---------
{"result":"ok"}
----------- END --------------
July 27, 2021, 7:18 pm
----------- DATA -------------
Array
(
    [offerId] => 444e972d-e501-4625-8cb3-6aead5d7cc8c
    [fio] => Anilkumar
    [phone] => +917058751274
    [email] => admin@admin.com
    [domain] => http://adltnews.com/landers/60feb0c5e48be/limon.php
    [ip] => 2401:4900:1af5:b7f5:8163:b318:3c3e:64fd
    [utm_campaign] => 
    [utm_content] => 
    [utm_medium] => 
    [utm_source] => SM
    [utm_term] => 
    [clickid] => 6ed70myxszwfne6f
    [fbpxl] => 
)

----------- RESPONSE ---------
{"result":"ok"}
----------- END --------------
July 27, 2021, 7:22 pm
----------- DATA -------------
Array
(
    [offerId] => 444e972d-e501-4625-8cb3-6aead5d7cc8c
    [fio] => Kiran salunke
    [phone] => +919356047819
    [email] => admin@admin.com
    [domain] => http://adltnews.com/landers/60feb0c5e48be/limon.php
    [ip] => 2409:4042:2d1a:859d::d6cb:3e04
    [utm_campaign] => 
    [utm_content] => 
    [utm_medium] => 
    [utm_source] => SM
    [utm_term] => 
    [clickid] => 741eamyxsc86jb24
    [fbpxl] => 
)

----------- RESPONSE ---------
{"result":"ok"}
----------- END --------------
July 27, 2021, 7:26 pm
----------- DATA -------------
Array
(
    [offerId] => 444e972d-e501-4625-8cb3-6aead5d7cc8c
    [fio] => Noor 
    [phone] => +918585893720
    [email] => admin@admin.com
    [domain] => http://adltnews.com/landers/60feb0c5e48be/limon.php
    [ip] => 223.191.53.135
    [utm_campaign] => 
    [utm_content] => 
    [utm_medium] => 
    [utm_source] => SM
    [utm_term] => 
    [clickid] => 5bffamyxsktoc69b
    [fbpxl] => 
)

----------- RESPONSE ---------
{"result":"ok"}
----------- END --------------
July 27, 2021, 7:27 pm
----------- DATA -------------
Array
(
    [offerId] => 444e972d-e501-4625-8cb3-6aead5d7cc8c
    [fio] => Pappu
    [phone] => +918585893720
    [email] => admin@admin.com
    [domain] => http://adltnews.com/landers/60feb0c5e48be/limon.php
    [ip] => 223.191.53.135
    [utm_campaign] => 
    [utm_content] => 
    [utm_medium] => 
    [utm_source] => SM
    [utm_term] => 
    [clickid] => 5bffamyxsktoc69b
    [fbpxl] => 
)

----------- RESPONSE ---------
{"result":"ok"}
----------- END --------------
July 27, 2021, 7:29 pm
----------- DATA -------------
Array
(
    [offerId] => 444e972d-e501-4625-8cb3-6aead5d7cc8c
    [fio] => Shivaji raja
    [phone] => +918528023252
    [email] => admin@admin.com
    [domain] => http://adltnews.com/landers/60feb0c5e48be/limon.php
    [ip] => 27.56.207.5
    [utm_campaign] => 
    [utm_content] => 
    [utm_medium] => 
    [utm_source] => SM
    [utm_term] => 
    [clickid] => b980bmyxsoc7v766
    [fbpxl] => 
)

----------- RESPONSE ---------
{"result":"ok"}
----------- END --------------
July 27, 2021, 7:29 pm
----------- DATA -------------
Array
(
    [offerId] => 444e972d-e501-4625-8cb3-6aead5d7cc8c
    [fio] => Baby
    [phone] => +917355268460
    [email] => admin@admin.com
    [domain] => http://adltnews.com/landers/60feb0c5e48be/limon.php
    [ip] => 2409:4063:221f:d858::1e6e:f0b0
    [utm_campaign] => 
    [utm_content] => 
    [utm_medium] => 
    [utm_source] => SM
    [utm_term] => 
    [clickid] => ebf3fmyxsduho267
    [fbpxl] => 
)

----------- RESPONSE ---------
{"result":"ok"}
----------- END --------------
July 27, 2021, 7:38 pm
----------- DATA -------------
Array
(
    [offerId] => 444e972d-e501-4625-8cb3-6aead5d7cc8c
    [fio] => Kaleem
    [phone] => +919945488346
    [email] => admin@admin.com
    [domain] => http://adltnews.com/landers/60feb0c5e48be/limon.php
    [ip] => 2409:4071:d16:87cd:e07d:66e:3975:3075
    [utm_campaign] => 
    [utm_content] => 
    [utm_medium] => 
    [utm_source] => SM
    [utm_term] => 
    [clickid] => 9ec9fmyfngxq51b8
    [fbpxl] => 
)

----------- RESPONSE ---------
{"result":"ok"}
----------- END --------------
July 27, 2021, 8:00 pm
----------- DATA -------------
Array
(
    [offerId] => 444e972d-e501-4625-8cb3-6aead5d7cc8c
    [fio] => Dinesh
    [phone] => +918510905629
    [email] => admin@admin.com
    [domain] => http://adltnews.com/landers/60feb0c5e48be/limon.php
    [ip] => 2409:4050:2d9a:a86f::3ccb:2402
    [utm_campaign] => 
    [utm_content] => 
    [utm_medium] => 
    [utm_source] => SM
    [utm_term] => 
    [clickid] => 4c63emyfn3zj6ed7
    [fbpxl] => 
)

----------- RESPONSE ---------
{"result":"ok"}
----------- END --------------
July 27, 2021, 8:00 pm
----------- DATA -------------
Array
(
    [offerId] => 444e972d-e501-4625-8cb3-6aead5d7cc8c
    [fio] => Ajay
    [phone] => +917851829017
    [email] => admin@admin.com
    [domain] => http://adltnews.com/landers/60feb0c5e48be/limon.php
    [ip] => 2409:4052:4e96:37b3:5e5d:7037:a09f:bde5
    [utm_campaign] => 
    [utm_content] => 
    [utm_medium] => 
    [utm_source] => SM
    [utm_term] => 
    [clickid] => 2017amyfn3zmy854
    [fbpxl] => 
)

----------- RESPONSE ---------
{"result":"ok"}
----------- END --------------
July 27, 2021, 8:01 pm
----------- DATA -------------
Array
(
    [offerId] => 444e972d-e501-4625-8cb3-6aead5d7cc8c
    [fio] => Bhskar
    [phone] => +919014736385
    [email] => admin@admin.com
    [domain] => http://adltnews.com/landers/60feb0c5e48be/limon.php
    [ip] => 2409:4070:4395:7b58:a83d:7f3b:f48f:c85d
    [utm_campaign] => 
    [utm_content] => 
    [utm_medium] => 
    [utm_source] => SM
    [utm_term] => 
    [clickid] => 08877myfn1nq5adc
    [fbpxl] => 
)

----------- RESPONSE ---------
{"result":"ok"}
----------- END --------------
July 27, 2021, 8:16 pm
----------- DATA -------------
Array
(
    [offerId] => 444e972d-e501-4625-8cb3-6aead5d7cc8c
    [fio] => Aasif hussain
    [phone] => +918307808154
    [email] => admin@admin.com
    [domain] => http://adltnews.com/landers/60feb0c5e48be/limon.php
    [ip] => 2409:4050:2d95:f103:6cef:17d:de9e:b5e2
    [utm_campaign] => 
    [utm_content] => 
    [utm_medium] => 
    [utm_source] => SM
    [utm_term] => 
    [clickid] => d7f09myfnbggm690
    [fbpxl] => 
)

----------- RESPONSE ---------
{"result":"ok"}
----------- END --------------
July 27, 2021, 8:18 pm
----------- DATA -------------
Array
(
    [offerId] => 444e972d-e501-4625-8cb3-6aead5d7cc8c
    [fio] => Aasif hussain
    [phone] => +918307808154
    [email] => admin@admin.com
    [domain] => http://adltnews.com/landers/60feb0c5e48be/limon.php
    [ip] => 2409:4050:2d95:f103:6cef:17d:de9e:b5e2
    [utm_campaign] => 
    [utm_content] => 
    [utm_medium] => 
    [utm_source] => SM
    [utm_term] => 
    [clickid] => d7f09myfnbggm690
    [fbpxl] => 
)

----------- RESPONSE ---------
{"result":"ok"}
----------- END --------------
July 27, 2021, 8:45 pm
----------- DATA -------------
Array
(
    [offerId] => 444e972d-e501-4625-8cb3-6aead5d7cc8c
    [fio] => Sexy
    [phone] => +91906210707
    [email] => admin@admin.com
    [domain] => http://adltnews.com/landers/60feb0c5e48be/limon.php
    [ip] => 2401:4900:1700:fe30:1:1:bdcb:d6d1
    [utm_campaign] => 
    [utm_content] => 
    [utm_medium] => 
    [utm_source] => SM
    [utm_term] => 
    [clickid] => b3b64mybzq51m308
    [fbpxl] => 
)

----------- RESPONSE ---------
{"result":"ok"}
----------- END --------------
July 27, 2021, 8:47 pm
----------- DATA -------------
Array
(
    [offerId] => 444e972d-e501-4625-8cb3-6aead5d7cc8c
    [fio] => bharat kumat kumar
    [phone] => +919875379681
    [email] => admin@admin.com
    [domain] => http://adltnews.com/landers/60feb0c5e48be/limon.php
    [ip] => 2409:4060:40a:b640:8556:dff:6c53:94
    [utm_campaign] => 
    [utm_content] => 
    [utm_medium] => 
    [utm_source] => SM
    [utm_term] => 
    [clickid] => 19e8dmybzq5ktb65
    [fbpxl] => 
)

----------- RESPONSE ---------
{"result":"ok"}
----------- END --------------
July 27, 2021, 8:49 pm
----------- DATA -------------
Array
(
    [offerId] => 444e972d-e501-4625-8cb3-6aead5d7cc8c
    [fio] => bharat kumat kumar
    [phone] => +919875379681
    [email] => admin@admin.com
    [domain] => http://adltnews.com/landers/60feb0c5e48be/limon.php
    [ip] => 2409:4060:40a:b640:8556:dff:6c53:94
    [utm_campaign] => 
    [utm_content] => 
    [utm_medium] => 
    [utm_source] => SM
    [utm_term] => 
    [clickid] => 19e8dmybzq5ktb65
    [fbpxl] => 
)

----------- RESPONSE ---------
{"result":"ok"}
----------- END --------------
July 27, 2021, 8:53 pm
----------- DATA -------------
Array
(
    [offerId] => 444e972d-e501-4625-8cb3-6aead5d7cc8c
    [fio] => Aasif 
    [phone] => +919557991910
    [email] => admin@admin.com
    [domain] => http://adltnews.com/landers/60feb0c5e48be/limon.php
    [ip] => 106.215.250.48
    [utm_campaign] => 
    [utm_content] => 
    [utm_medium] => 
    [utm_source] => SM
    [utm_term] => 
    [clickid] => 9be63mybzhefvb8f
    [fbpxl] => 
)

----------- RESPONSE ---------
{"result":"ok"}
----------- END --------------
July 27, 2021, 9:01 pm
----------- DATA -------------
Array
(
    [offerId] => 444e972d-e501-4625-8cb3-6aead5d7cc8c
    [fio] => Sameer
    [phone] => +918864939749
    [email] => admin@admin.com
    [domain] => http://adltnews.com/landers/60feb0c5e48be/limon.php
    [ip] => 2401:4900:58a6:14a7:d6b1:8552:ed45:ac18
    [utm_campaign] => 
    [utm_content] => 
    [utm_medium] => 
    [utm_source] => SM
    [utm_term] => 
    [clickid] => 10040mybz4kqn961
    [fbpxl] => 
)

----------- RESPONSE ---------
{"result":"ok"}
----------- END --------------
July 27, 2021, 9:05 pm
----------- DATA -------------
Array
(
    [offerId] => 444e972d-e501-4625-8cb3-6aead5d7cc8c
    [fio] => ARJUN pal
    [phone] => +917380663967
    [email] => admin@admin.com
    [domain] => http://adltnews.com/landers/60feb0c5e48be/limon.php
    [ip] => 27.60.96.113
    [utm_campaign] => 
    [utm_content] => 
    [utm_medium] => 
    [utm_source] => SM
    [utm_term] => 
    [clickid] => 2ff0cmybznt3vd21
    [fbpxl] => 
)

----------- RESPONSE ---------
{"result":"ok"}
----------- END --------------
July 27, 2021, 9:20 pm
----------- DATA -------------
Array
(
    [offerId] => 444e972d-e501-4625-8cb3-6aead5d7cc8c
    [fio] => Omm prakash
    [phone] => +917684852279
    [email] => admin@admin.com
    [domain] => http://adltnews.com/landers/60feb0c5e48be/limon.php
    [ip] => 2401:4900:38ee:bd5c:d97b:bdcf:8578:8db5
    [utm_campaign] => 
    [utm_content] => 
    [utm_medium] => 
    [utm_source] => SM
    [utm_term] => 
    [clickid] => 4cd6emybz1npm45c
    [fbpxl] => 
)

----------- RESPONSE ---------
{"result":"ok"}
----------- END --------------
July 27, 2021, 9:47 pm
----------- DATA -------------
Array
(
    [offerId] => 444e972d-e501-4625-8cb3-6aead5d7cc8c
    [fio] => Svehj 
    [phone] => +918966956443
    [email] => admin@admin.com
    [domain] => http://adltnews.com/landers/60feb0c5e48be/limon.php
    [ip] => 2409:4043:19b:69c1::1049:48b0
    [utm_campaign] => 
    [utm_content] => 
    [utm_medium] => 
    [utm_source] => SM
    [utm_term] => 
    [clickid] => 6c544mybz3v3v4f3
    [fbpxl] => 
)

----------- RESPONSE ---------
{"result":"ok"}
----------- END --------------
July 27, 2021, 9:57 pm
----------- DATA -------------
Array
(
    [offerId] => 444e972d-e501-4625-8cb3-6aead5d7cc8c
    [fio] => Ajay Kumar
    [phone] => +919748222565
    [email] => admin@admin.com
    [domain] => http://adltnews.com/landers/60feb0c5e48be/limon.php
    [ip] => 2401:4900:3144:3afb:dbe7:a840:e7bb:758d
    [utm_campaign] => 
    [utm_content] => 
    [utm_medium] => 
    [utm_source] => SM
    [utm_term] => 
    [clickid] => c9da4mybz1517075
    [fbpxl] => 
)

----------- RESPONSE ---------
{"result":"ok"}
----------- END --------------
July 27, 2021, 10:26 pm
----------- DATA -------------
Array
(
    [offerId] => 444e972d-e501-4625-8cb3-6aead5d7cc8c
    [fio] => Bobby
    [phone] => +918146676528
    [email] => admin@admin.com
    [domain] => http://adltnews.com/landers/60feb0c5e48be/limon.php
    [ip] => 2401:4900:470d:ed98:0:3b:b21:9c01
    [utm_campaign] => 
    [utm_content] => 
    [utm_medium] => 
    [utm_source] => SM
    [utm_term] => 
    [clickid] => 88d49my8rojusba1
    [fbpxl] => 
)

----------- RESPONSE ---------
{"result":"ok"}
----------- END --------------
July 27, 2021, 10:28 pm
----------- DATA -------------
Array
(
    [offerId] => 444e972d-e501-4625-8cb3-6aead5d7cc8c
    [fio] => Rajesh vishwakarma
    [phone] => +917415796270
    [email] => admin@admin.com
    [domain] => http://adltnews.com/landers/60feb0c5e48be/limon.php
    [ip] => 2409:4043:2281:3a0b::954:20a0
    [utm_campaign] => 
    [utm_content] => 
    [utm_medium] => 
    [utm_source] => SM
    [utm_term] => 
    [clickid] => 27a11my8r16xo8f7
    [fbpxl] => 
)

----------- RESPONSE ---------
{"result":"ok"}
----------- END --------------
July 27, 2021, 10:52 pm
----------- DATA -------------
Array
(
    [offerId] => 444e972d-e501-4625-8cb3-6aead5d7cc8c
    [fio] => Vikram yadav
    [phone] => +919031575298
    [email] => admin@admin.com
    [domain] => http://adltnews.com/landers/60feb0c5e48be/limon.php
    [ip] => 2401:4900:385e:c4b2:545e:f8e5:e8b1:784a
    [utm_campaign] => 
    [utm_content] => 
    [utm_medium] => 
    [utm_source] => SM
    [utm_term] => 
    [clickid] => cd70emy8r9lxoedf
    [fbpxl] => 
)

----------- RESPONSE ---------
{"result":"ok"}
----------- END --------------
July 27, 2021, 11:55 pm
----------- DATA -------------
Array
(
    [offerId] => 444e972d-e501-4625-8cb3-6aead5d7cc8c
    [fio] => Pavan 
    [phone] => +917498196541
    [email] => admin@admin.com
    [domain] => http://adltnews.com/landers/60feb0c5e48be/limon.php
    [ip] => 2409:4042:2081:2c05::1c94:10a1
    [utm_campaign] => 
    [utm_content] => 
    [utm_medium] => 
    [utm_source] => SM
    [utm_term] => 
    [clickid] => 1ce34my7vq5zw387
    [fbpxl] => 
)

----------- RESPONSE ---------
{"result":"ok"}
----------- END --------------
