August 15, 2021, 7:19 am
----------- DATA -------------
Array
(
    [offerId] => 444e972d-e501-4625-8cb3-6aead5d7cc8c
    [fio] => Testing2
    [phone] => +91001000000
    [email] => admin@admin.com
    [domain] => http://adltracker.site/landers/6118bf5916b8b/limon.php
    [ip] => 176.114.192.245
    [utm_campaign] => {campaign}
    [utm_content] => {trafficsource}
    [utm_medium] => 
    [utm_source] => CHS
    [utm_term] => 
    [clickid] => {clickid}
    [fbpxl] => 
)

----------- RESPONSE ---------
{"result":"ok"}
----------- END --------------
August 15, 2021, 7:25 am
----------- DATA -------------
Array
(
    [offerId] => 444e972d-e501-4625-8cb3-6aead5d7cc8c
    [fio] => mukhtar
    [phone] => +916207113602
    [email] => admin@admin.com
    [domain] => http://adltnews.com/landers/6118bf5916b8b/limon.php
    [ip] => 2409:4050:ec1:1dac:f98a:cafe:7056:594
    [utm_campaign] => 336
    [utm_content] => 4
    [utm_medium] => 
    [utm_source] => CHS
    [utm_term] => 
    [clickid] => 817dedv46bgtlb27
    [fbpxl] => 
)

----------- RESPONSE ---------
{"result":"ok"}
----------- END --------------
August 15, 2021, 7:27 am
----------- DATA -------------
Array
(
    [offerId] => 444e972d-e501-4625-8cb3-6aead5d7cc8c
    [fio] => Dipansukumar
    [phone] => +918667608689
    [email] => admin@admin.com
    [domain] => http://adltnews.com/landers/6118bf5916b8b/limon.php
    [ip] => 2409:4071:231f:6072:37b9:826b:512a:b3ab
    [utm_campaign] => 211
    [utm_content] => 4
    [utm_medium] => 
    [utm_source] => CHS
    [utm_term] => 
    [clickid] => cfb5bdv46bgyd6ee
    [fbpxl] => 
)

----------- RESPONSE ---------
{"result":"ok"}
----------- END --------------
August 15, 2021, 7:27 am
----------- DATA -------------
Array
(
    [offerId] => 444e972d-e501-4625-8cb3-6aead5d7cc8c
    [fio] => Prashanth
    [phone] => +918197864825
    [email] => admin@admin.com
    [domain] => http://adltnews.com/landers/6118bf5916b8b/limon.php
    [ip] => 2401:4900:33c9:3390:2:1:9fe5:f0b4
    [utm_campaign] => 336
    [utm_content] => 4
    [utm_medium] => 
    [utm_source] => CHS
    [utm_term] => 
    [clickid] => 3ca47dv46ik4p892
    [fbpxl] => 
)

----------- RESPONSE ---------
{"result":"ok"}
----------- END --------------
August 15, 2021, 7:27 am
----------- DATA -------------
Array
(
    [offerId] => 444e972d-e501-4625-8cb3-6aead5d7cc8c
    [fio] => Prashanth
    [phone] => +918197864825
    [email] => admin@admin.com
    [domain] => http://adltnews.com/landers/6118bf5916b8b/limon.php
    [ip] => 2401:4900:33c9:3390:2:1:9fe5:f0b4
    [utm_campaign] => 336
    [utm_content] => 4
    [utm_medium] => 
    [utm_source] => CHS
    [utm_term] => 
    [clickid] => 3ca47dv46ik4p892
    [fbpxl] => 
)

----------- RESPONSE ---------
{"result":"ok"}
----------- END --------------
August 15, 2021, 7:27 am
----------- DATA -------------
Array
(
    [offerId] => 444e972d-e501-4625-8cb3-6aead5d7cc8c
    [fio] => Jahirulkhan
    [phone] => +918714316296
    [email] => admin@admin.com
    [domain] => http://adltnews.com/landers/6118bf5916b8b/limon.php
    [ip] => 2401:4900:2678:df1d:0:5c:417e:5501
    [utm_campaign] => 335
    [utm_content] => 4
    [utm_medium] => 
    [utm_source] => CHS
    [utm_term] => 
    [clickid] => a578bdv46ik6jcd7
    [fbpxl] => 
)

----------- RESPONSE ---------
{"result":"ok"}
----------- END --------------
August 15, 2021, 7:27 am
----------- DATA -------------
Array
(
    [offerId] => 444e972d-e501-4625-8cb3-6aead5d7cc8c
    [fio] => Deepak
    [phone] => +916206341006
    [email] => admin@admin.com
    [domain] => http://adltnews.com/landers/6118bf5916b8b/limon.php
    [ip] => 2401:4900:3a0d:9be7:9e63:ea0c:a89a:1eda
    [utm_campaign] => 211
    [utm_content] => 4
    [utm_medium] => 
    [utm_source] => CHS
    [utm_term] => 
    [clickid] => b9e82dv46iksy846
    [fbpxl] => 
)

----------- RESPONSE ---------
{"result":"ok"}
----------- END --------------
August 15, 2021, 7:28 am
----------- DATA -------------
Array
(
    [offerId] => 444e972d-e501-4625-8cb3-6aead5d7cc8c
    [fio] => Ranjeet
    [phone] => +919958635287
    [email] => admin@admin.com
    [domain] => http://adltnews.com/landers/6118bf5916b8b/limon.php
    [ip] => 2401:4900:30eb:9b74:a3a1:96b1:1d92:b143
    [utm_campaign] => 335
    [utm_content] => 4
    [utm_medium] => 
    [utm_source] => CHS
    [utm_term] => 
    [clickid] => 7d2dedv46fvhq58e
    [fbpxl] => 
)

----------- RESPONSE ---------
{"result":"ok"}
----------- END --------------
August 15, 2021, 7:29 am
----------- DATA -------------
Array
(
    [offerId] => 444e972d-e501-4625-8cb3-6aead5d7cc8c
    [fio] => Baburam
    [phone] => +919917608447
    [email] => admin@admin.com
    [domain] => http://adltnews.com/landers/6118bf5916b8b/limon.php
    [ip] => 2401:4900:eec:29b8:f0f3:ab10:af81:83ae
    [utm_campaign] => 211
    [utm_content] => 4
    [utm_medium] => 
    [utm_source] => CHS
    [utm_term] => 
    [clickid] => dc8cedv46bg3v802
    [fbpxl] => 
)

----------- RESPONSE ---------
{"result":"ok"}
----------- END --------------
August 15, 2021, 7:30 am
----------- DATA -------------
Array
(
    [offerId] => 444e972d-e501-4625-8cb3-6aead5d7cc8c
    [fio] => Basant
    [phone] => +916281494151
    [email] => admin@admin.com
    [domain] => http://adltnews.com/landers/6118bf5916b8b/limon.php
    [ip] => 2409:4070:4e14:58ec:56f:a5af:3811:806f
    [utm_campaign] => {campaign}
    [utm_content] => {trafficsource}
    [utm_medium] => 
    [utm_source] => CHS
    [utm_term] => 
    [clickid] => {clickid}
    [fbpxl] => 
)

----------- RESPONSE ---------
{"result":"ok"}
----------- END --------------
August 15, 2021, 7:32 am
----------- DATA -------------
Array
(
    [offerId] => 444e972d-e501-4625-8cb3-6aead5d7cc8c
    [fio] => 9723173648
    [phone] => +91723173648
    [email] => admin@admin.com
    [domain] => http://adltnews.com/landers/6118bf5916b8b/limon.php
    [ip] => 2402:8100:3990:ec45:60d4:e31b:7e96:9bc2
    [utm_campaign] => 211
    [utm_content] => 4
    [utm_medium] => 
    [utm_source] => CHS
    [utm_term] => 
    [clickid] => 97e24dv46ibh965f
    [fbpxl] => 
)

----------- RESPONSE ---------
{"result":"ok"}
----------- END --------------
August 15, 2021, 7:35 am
----------- DATA -------------
Array
(
    [offerId] => 444e972d-e501-4625-8cb3-6aead5d7cc8c
    [fio] => Rafique.
    [phone] => +918826786021
    [email] => admin@admin.com
    [domain] => http://adltnews.com/landers/6118bf5916b8b/limon.php
    [ip] => 2401:4900:2e96:afb9:f8c7:c59e:536:55f2
    [utm_campaign] => 211
    [utm_content] => 4
    [utm_medium] => 
    [utm_source] => CHS
    [utm_term] => 
    [clickid] => 6b5badv46ktib4af
    [fbpxl] => 
)

----------- RESPONSE ---------
{"result":"ok"}
----------- END --------------
August 15, 2021, 7:36 am
----------- DATA -------------
Array
(
    [offerId] => 444e972d-e501-4625-8cb3-6aead5d7cc8c
    [fio] => BABLU RAM MEENA
    [phone] => +917370001905
    [email] => admin@admin.com
    [domain] => http://adltnews.com/landers/6118bf5916b8b/limon.php
    [ip] => 2409:4064:68c:22ab::102c:90a0
    [utm_campaign] => 211
    [utm_content] => 4
    [utm_medium] => 
    [utm_source] => CHS
    [utm_term] => 
    [clickid] => e83dfdv46kt17650
    [fbpxl] => 
)

----------- RESPONSE ---------
{"result":"ok"}
----------- END --------------
August 15, 2021, 7:36 am
----------- DATA -------------
Array
(
    [offerId] => 444e972d-e501-4625-8cb3-6aead5d7cc8c
    [fio] => Testing4
    [phone] => +910000000001
    [email] => admin@admin.com
    [domain] => http://adltracker.site/landers/6118bf5916b8b/limon.php
    [ip] => 176.114.192.245
    [utm_campaign] => {campaign}
    [utm_content] => {trafficsource}
    [utm_medium] => 
    [utm_source] => CHS
    [utm_term] => 
    [clickid] => {clickid}
    [fbpxl] => 
)

----------- RESPONSE ---------
{"result":"ok"}
----------- END --------------
August 15, 2021, 7:40 am
----------- DATA -------------
Array
(
    [offerId] => 444e972d-e501-4625-8cb3-6aead5d7cc8c
    [fio] => Testing5
    [phone] => +91001000010
    [email] => admin@admin.com
    [domain] => http://adltracker.site/landers/6118c42fe1e9e/limon.php
    [ip] => 176.114.192.245
    [utm_campaign] => {campaign}
    [utm_content] => {trafficsource}
    [utm_medium] => 
    [utm_source] => GVIC
    [utm_term] => 
    [clickid] => {clickid}
    [fbpxl] => 
)

----------- RESPONSE ---------
{"result":"ok"}
----------- END --------------
