December 12, 2021, 5:00 am
----------- DATA -------------
Array
(
    [offerId] => 9c4fe23b-37ea-4954-945b-29067b0d5c0e
    [fio] => George Cataytay
    [phone] => 09919196871
    [email] => admin@admin.com
    [domain] => http://mansehealth.com/landers/ph_lad_dozex_mk/land2/limon.php
    [ip] => 2405:8d40:c40:b29b:16bf:e49b:dce7:6b9b
    [utm_campaign] => 923
    [utm_content] => 1
    [utm_medium] => 
    [utm_source] => SM
    [utm_term] => 
    [clickid] => 755c1qnslbg3z3d2
    [fbpxl] => 
)

----------- RESPONSE ---------
{"result":"ok"}
----------- END --------------
December 12, 2021, 5:00 am
----------- DATA -------------
Array
(
    [offerId] => 9c4fe23b-37ea-4954-945b-29067b0d5c0e
    [fio] => George Cataytay
    [phone] => 09919196871
    [email] => admin@admin.com
    [domain] => http://mansehealth.com/landers/ph_lad_dozex_mk/land2/limon.php
    [ip] => 2405:8d40:c40:b29b:16bf:e49b:dce7:6b9b
    [utm_campaign] => 923
    [utm_content] => 1
    [utm_medium] => 
    [utm_source] => SM
    [utm_term] => 
    [clickid] => 755c1qnslbg3z3d2
    [fbpxl] => 
)

----------- RESPONSE ---------
{"result":"ok"}
----------- END --------------
December 12, 2021, 5:37 am
----------- DATA -------------
Array
(
    [offerId] => 9c4fe23b-37ea-4954-945b-29067b0d5c0e
    [fio] => Cato ELIP jr
    [phone] => 09516955345
    [email] => admin@admin.com
    [domain] => http://mansehealth.com/landers/ph_lad_dozex_mk/land2/limon.php
    [ip] => 141.0.9.49
    [utm_campaign] => 894
    [utm_content] => 35
    [utm_medium] => 
    [utm_source] => SM
    [utm_term] => 
    [clickid] => 11f24qnduejusd5d
    [fbpxl] => 
)

----------- RESPONSE ---------
{"result":"ok"}
----------- END --------------
December 12, 2021, 5:37 am
----------- DATA -------------
Array
(
    [offerId] => 9c4fe23b-37ea-4954-945b-29067b0d5c0e
    [fio] => Cato ELIP jr
    [phone] => 09516955345
    [email] => admin@admin.com
    [domain] => http://mansehealth.com/landers/ph_lad_dozex_mk/land2/limon.php
    [ip] => 141.0.9.49
    [utm_campaign] => 894
    [utm_content] => 35
    [utm_medium] => 
    [utm_source] => SM
    [utm_term] => 
    [clickid] => 11f24qnduejusd5d
    [fbpxl] => 
)

----------- RESPONSE ---------
{"result":"ok"}
----------- END --------------
December 12, 2021, 9:09 am
----------- DATA -------------
Array
(
    [offerId] => 9c4fe23b-37ea-4954-945b-29067b0d5c0e
    [fio] => Jolito macapagaljolito109@gmail.com
    [phone] => 09355028836
    [email] => admin@admin.com
    [domain] => http://mansehealth.com/landers/ph_lad_dozex_mk/land2/limon.php
    [ip] => 103.200.32.10
    [utm_campaign] => 923
    [utm_content] => 1
    [utm_medium] => 
    [utm_source] => SM
    [utm_term] => 
    [clickid] => c355aqqgxu3qq640
    [fbpxl] => 
)

----------- RESPONSE ---------
{"result":"ok"}
----------- END --------------
December 12, 2021, 9:09 am
----------- DATA -------------
Array
(
    [offerId] => 9c4fe23b-37ea-4954-945b-29067b0d5c0e
    [fio] => Jolito macapagaljolito109@gmail.com
    [phone] => 09355028836
    [email] => admin@admin.com
    [domain] => http://mansehealth.com/landers/ph_lad_dozex_mk/land2/limon.php
    [ip] => 103.200.32.10
    [utm_campaign] => 923
    [utm_content] => 1
    [utm_medium] => 
    [utm_source] => SM
    [utm_term] => 
    [clickid] => c355aqqgxu3qq640
    [fbpxl] => 
)

----------- RESPONSE ---------
{"result":"ok"}
----------- END --------------
December 12, 2021, 5:42 pm
----------- DATA -------------
Array
(
    [offerId] => 9c4fe23b-37ea-4954-945b-29067b0d5c0e
    [fio] => allan
    [phone] =>  09754183680
    [email] => admin@admin.com
    [domain] => http://mansehealth.com/landers/ph_lad_dozex_mk/land2/limon.php
    [ip] => 82.145.210.83
    [utm_campaign] => 923
    [utm_content] => 1
    [utm_medium] => 
    [utm_source] => SM
    [utm_term] => 
    [clickid] => 7f8afqq6j3zsyde4
    [fbpxl] => 
)

----------- RESPONSE ---------
{"result":"ok"}
----------- END --------------
December 12, 2021, 5:58 pm
----------- DATA -------------
Array
(
    [offerId] => 9c4fe23b-37ea-4954-945b-29067b0d5c0e
    [fio] => Jasondelan
    [phone] => 09658296702
    [email] => admin@admin.com
    [domain] => http://mansehealth.com/landers/ph_lad_dozex_mk/land2/limon.php
    [ip] => 131.226.67.74
    [utm_campaign] => 894
    [utm_content] => 35
    [utm_medium] => 
    [utm_source] => SM
    [utm_term] => 
    [clickid] => c43b7qq6j6j3zdcc
    [fbpxl] => 
)

----------- RESPONSE ---------
{"result":"ok"}
----------- END --------------
