December 29, 2021, 5:49 am
----------- DATA -------------
Array
(
    [offerId] => 9c4fe23b-37ea-4954-945b-29067b0d5c0e
    [fio] => Jimmy
    [phone] => 09355856044
    [email] => admin@admin.com
    [domain] => http://mansehealth.com/landers/ph_lad_dozex_mk/land2/limon.php
    [ip] => 2405:8d40:b60:11cb:16c5:232e:2ec1:dd0c
    [utm_campaign] => 923
    [utm_content] => 1
    [utm_medium] => 
    [utm_source] => SM
    [utm_term] => 
    [clickid] => 7d5f3gxq5b4q50288
    [fbpxl] => 
)

----------- RESPONSE ---------
{"result":"ok","localClickId":"706fc47a-90b0-424f-9e59-ad66e075d226"}
----------- END --------------
December 29, 2021, 5:49 am
----------- DATA -------------
Array
(
    [offerId] => 9c4fe23b-37ea-4954-945b-29067b0d5c0e
    [fio] => Jimmy Mabini
    [phone] => 09355856044
    [email] => admin@admin.com
    [domain] => http://mansehealth.com/landers/ph_lad_dozex_mk/land2/limon.php
    [ip] => 2405:8d40:b60:11cb:16c5:232e:2ec1:dd0c
    [utm_campaign] => 923
    [utm_content] => 1
    [utm_medium] => 
    [utm_source] => SM
    [utm_term] => 
    [clickid] => 7d5f3gxq5b4q50288
    [fbpxl] => 
)

----------- RESPONSE ---------
{"result":"ok","localClickId":"ed113f09-0af1-4702-b366-1054d4954790"}
----------- END --------------
December 29, 2021, 7:27 am
----------- DATA -------------
Array
(
    [offerId] => 9c4fe23b-37ea-4954-945b-29067b0d5c0e
    [fio] => Fidel
    [phone] => 09612098774
    [email] => admin@admin.com
    [domain] => http://mansehealth.com/landers/ph_lad_dozex_mk/land2/limon.php
    [ip] => 136.158.120.2
    [utm_campaign] => 923
    [utm_content] => 1
    [utm_medium] => 
    [utm_source] => SM
    [utm_term] => 
    [clickid] => 11ddegxpma3bg6o1b2
    [fbpxl] => 
)

----------- RESPONSE ---------
{"result":"ok","localClickId":"d38eb0de-460a-481f-aadc-5b4ca2a78503"}
----------- END --------------
December 29, 2021, 8:30 am
----------- DATA -------------
Array
(
    [offerId] => 9c4fe23b-37ea-4954-945b-29067b0d5c0e
    [fio] => Edwin Corum
    [phone] => 09959326365
    [email] => admin@admin.com
    [domain] => http://mansehealth.com/landers/ph_lad_dozex_mk/land2/limon.php
    [ip] => 223.25.57.18
    [utm_campaign] => 897
    [utm_content] => 35
    [utm_medium] => 
    [utm_source] => SM
    [utm_term] => 
    [clickid] => d6406gxpm8wb73y91f
    [fbpxl] => 
)

----------- RESPONSE ---------
{"result":"ok","localClickId":"6212a7c0-05cb-481d-9afd-330d56dee16a"}
----------- END --------------
December 29, 2021, 9:27 am
----------- DATA -------------
Array
(
    [offerId] => 9c4fe23b-37ea-4954-945b-29067b0d5c0e
    [fio] => Bryan Malimbog
    [phone] => 09652317485
    [email] => admin@admin.com
    [domain] => http://mansehealth.com/landers/ph_lad_dozex_mk/land2/limon.php
    [ip] => 2405:8d40:b80:1e49:268c:96d3:9cc:d7a7
    [utm_campaign] => 923
    [utm_content] => 1
    [utm_medium] => 
    [utm_source] => SM
    [utm_term] => 
    [clickid] => f73b0gxpmslbgbl1bd
    [fbpxl] => 
)

----------- RESPONSE ---------
{"result":"ok","localClickId":"e82bcf13-991a-4b64-aa4b-ef9aef1e1146"}
----------- END --------------
December 29, 2021, 9:14 pm
----------- DATA -------------
Array
(
    [offerId] => 9c4fe23b-37ea-4954-945b-29067b0d5c0e
    [fio] => zaldy Lodana
    [phone] => 0998342597
    [email] => admin@admin.com
    [domain] => http://mansehealth.com/landers/ph_lad_dozex_mk/land2/limon.php
    [ip] => 110.54.161.105
    [utm_campaign] => 923
    [utm_content] => 1
    [utm_medium] => 
    [utm_source] => SM
    [utm_term] => 
    [clickid] => f2c0fgxfnxsa402bd
    [fbpxl] => 
)

----------- RESPONSE ---------
{"result":"ok","localClickId":"a7a5ce44-952c-406b-b32d-c4c155cd5ffa"}
----------- END --------------
December 29, 2021, 9:15 pm
----------- DATA -------------
Array
(
    [offerId] => 9c4fe23b-37ea-4954-945b-29067b0d5c0e
    [fio] => zaldy Lodana
    [phone] => 0998342597
    [email] => admin@admin.com
    [domain] => http://mansehealth.com/landers/ph_lad_dozex_mk/land2/limon.php
    [ip] => 110.54.161.105
    [utm_campaign] => 923
    [utm_content] => 1
    [utm_medium] => 
    [utm_source] => SM
    [utm_term] => 
    [clickid] => f2c0fgxfnxsa402bd
    [fbpxl] => 
)

----------- RESPONSE ---------
{"result":"ok","localClickId":"f93d9afe-a6e9-41cb-83e4-81d204169e39"}
----------- END --------------
