December 18, 2021, 3:54 pm
----------- DATA -------------
Array
(
    [offerId] => 9c4fe23b-37ea-4954-945b-29067b0d5c0e
    [fio] => Christopher Dela Peña
    [phone] => 09515225902
    [email] => admin@admin.com
    [domain] => http://mansehealth.com/landers/ph_lad_dozex_mk/land2/limon.php
    [ip] => 136.158.79.235
    [utm_campaign] => 923
    [utm_content] => 1
    [utm_medium] => 
    [utm_source] => SM
    [utm_term] => 
    [clickid] => e971b2tk2heuo0081
    [fbpxl] => 
)

----------- RESPONSE ---------
{"result":"ok","localClickId":"a531eee1-2762-48d6-a658-906a6ff73cf4"}
----------- END --------------
December 18, 2021, 6:07 pm
----------- DATA -------------
Array
(
    [offerId] => 9c4fe23b-37ea-4954-945b-29067b0d5c0e
    [fio] => Carl 
    [phone] => 09705439644
    [email] => admin@admin.com
    [domain] => http://mansehealth.com/landers/ph_lad_dozex_mk/land2/limon.php
    [ip] => 131.226.66.99
    [utm_campaign] => 923
    [utm_content] => 1
    [utm_medium] => 
    [utm_source] => SM
    [utm_term] => 
    [clickid] => d1bf02t7sa0my8nb5e
    [fbpxl] => 
)

----------- RESPONSE ---------
{"result":"ok","localClickId":"e9861a3d-3fc6-4021-af34-fca9b5cd128d"}
----------- END --------------
December 18, 2021, 9:52 pm
----------- DATA -------------
Array
(
    [offerId] => 9c4fe23b-37ea-4954-945b-29067b0d5c0e
    [fio] => basco diso
    [phone] => 09482921379
    [email] => admin@admin.com
    [domain] => http://mansehealth.com/landers/ph_lad_dozex_mk/land2/limon.php
    [ip] => 82.145.208.163
    [utm_campaign] => {campaign}
    [utm_content] => {trafficsource}
    [utm_medium] => 
    [utm_source] => SM
    [utm_term] => 
    [clickid] => {clickid}
    [fbpxl] => 
)

----------- RESPONSE ---------
{"result":"ok","localClickId":"2ce9632b-d1b3-4d15-b011-75f4c0719e7f"}
----------- END --------------
