January 1, 2022, 12:40 am
----------- DATA -------------
Array
(
    [offerId] => 9c4fe23b-37ea-4954-945b-29067b0d5c0e
    [fio] => Jay santos
    [phone] => 09706407897
    [email] => admin@admin.com
    [domain] => http://mansehealth.com/landers/ph_lad_dozex_mk/land2/limon.php
    [ip] => 136.158.101.161
    [utm_campaign] => 923
    [utm_content] => 1
    [utm_medium] => 
    [utm_source] => SM
    [utm_term] => 
    [clickid] => 80576gx52fnghfe4ff
    [fbpxl] => 
)

----------- RESPONSE ---------
{"result":"ok","localClickId":"1628cfb8-8a90-4a98-8470-5e73b81b58b2"}
----------- END --------------
January 1, 2022, 5:12 am
----------- DATA -------------
Array
(
    [offerId] => 9c4fe23b-37ea-4954-945b-29067b0d5c0e
    [fio] => Jake
    [phone] => 09816425146
    [email] => admin@admin.com
    [domain] => http://mansehealth.com/landers/ph_lad_dozex_mk/land2/limon.php
    [ip] => 136.158.46.148
    [utm_campaign] => 923
    [utm_content] => 1
    [utm_medium] => 
    [utm_source] => SM
    [utm_term] => 
    [clickid] => 38863gx52hqe8bl7a7
    [fbpxl] => 
)

----------- RESPONSE ---------
{"result":"ok","localClickId":"d6d0fc0f-69b1-4299-9fe1-dcdd9edfba95"}
----------- END --------------
January 1, 2022, 1:40 pm
----------- DATA -------------
Array
(
    [offerId] => 9c4fe23b-37ea-4954-945b-29067b0d5c0e
    [fio] => Larry bonbon
    [phone] => +639706026404
    [email] => admin@admin.com
    [domain] => http://mansehealth.com/landers/ph_lad_dozex_mk/land2/limon.php
    [ip] => 136.158.28.112
    [utm_campaign] => 923
    [utm_content] => 1
    [utm_medium] => 
    [utm_source] => SM
    [utm_term] => 
    [clickid] => cb6e9gxgmpmxrfe80e
    [fbpxl] => 
)

----------- RESPONSE ---------
{"result":"ok","localClickId":"67c83083-d822-41c3-806f-f87b8b192658"}
----------- END --------------
January 1, 2022, 4:18 pm
----------- DATA -------------
Array
(
    [offerId] => 9c4fe23b-37ea-4954-945b-29067b0d5c0e
    [fio] => Antonio
    [phone] => 09213544673
    [email] => admin@admin.com
    [domain] => http://mansehealth.com/landers/ph_lad_dozex_mk/land2/limon.php
    [ip] => 175.176.1.20
    [utm_campaign] => 897
    [utm_content] => 35
    [utm_medium] => 
    [utm_source] => SM
    [utm_term] => 
    [clickid] => 39995gxlpzwpmwj089
    [fbpxl] => 
)

----------- RESPONSE ---------
{"result":"ok","localClickId":"fa85440a-ebdf-4eda-bcbc-d990d3356e78"}
----------- END --------------
January 1, 2022, 4:18 pm
----------- DATA -------------
Array
(
    [offerId] => 9c4fe23b-37ea-4954-945b-29067b0d5c0e
    [fio] => Antonio
    [phone] => 09213544673
    [email] => admin@admin.com
    [domain] => http://mansehealth.com/landers/ph_lad_dozex_mk/land2/limon.php
    [ip] => 175.176.1.20
    [utm_campaign] => 897
    [utm_content] => 35
    [utm_medium] => 
    [utm_source] => SM
    [utm_term] => 
    [clickid] => 39995gxlpzwpmwj089
    [fbpxl] => 
)

----------- RESPONSE ---------
{"result":"ok","localClickId":"3ebaab74-b995-40d6-b0e0-1c92fc12ec14"}
----------- END --------------
January 1, 2022, 4:18 pm
----------- DATA -------------
Array
(
    [offerId] => 9c4fe23b-37ea-4954-945b-29067b0d5c0e
    [fio] => Antonio
    [phone] => 09213544673
    [email] => admin@admin.com
    [domain] => http://mansehealth.com/landers/ph_lad_dozex_mk/land2/limon.php
    [ip] => 175.176.1.20
    [utm_campaign] => 897
    [utm_content] => 35
    [utm_medium] => 
    [utm_source] => SM
    [utm_term] => 
    [clickid] => 39995gxlpzwpmwj089
    [fbpxl] => 
)

----------- RESPONSE ---------
{"result":"ok","localClickId":"9c6cd9d0-7593-4196-a6e2-760d66c2c65c"}
----------- END --------------
January 1, 2022, 11:31 pm
----------- DATA -------------
Array
(
    [offerId] => 9c4fe23b-37ea-4954-945b-29067b0d5c0e
    [fio] => Elsker
    [phone] => 09306523978
    [email] => admin@admin.com
    [domain] => http://mansehealth.com/landers/ph_lad_dozex_mk/land2/limon.php
    [ip] => 2405:8d40:cf0:bbe0:16c6:357c:6c77:2250
    [utm_campaign] => 923
    [utm_content] => 1
    [utm_medium] => 
    [utm_source] => SM
    [utm_term] => 
    [clickid] => 1a766gx4kh9a1vr04f
    [fbpxl] => 
)

----------- RESPONSE ---------
{"result":"ok","localClickId":"cc9eb6a2-1b02-43f8-9b22-1bb9481413db"}
----------- END --------------
