December 17, 2021, 6:47 am
----------- DATA -------------
Array
(
    [offerId] => 9c4fe23b-37ea-4954-945b-29067b0d5c0e
    [fio] => Msmsknwkwx x
    [phone] => Ms.sk snbsjsnbxx
    [email] => admin@admin.com
    [domain] => http://mansehealth.com/landers/ph_lad_dozex_mk/land2/limon.php
    [ip] => 136.158.41.213
    [utm_campaign] => 923
    [utm_content] => 1
    [utm_medium] => 
    [utm_source] => SM
    [utm_term] => 
    [clickid] => dbbad2tu3qqlpdzc8e
    [fbpxl] => 
)

----------- RESPONSE ---------
{"result":"ok"}
----------- END --------------
December 17, 2021, 2:45 pm
----------- DATA -------------
Array
(
    [offerId] => 9c4fe23b-37ea-4954-945b-29067b0d5c0e
    [fio] => John
    [phone] => 0997702986
    [email] => admin@admin.com
    [domain] => http://mansehealth.com/landers/ph_lad_dozex_mk/land2/limon.php
    [ip] => 111.90.198.196
    [utm_campaign] => 923
    [utm_content] => 1
    [utm_medium] => 
    [utm_source] => SM
    [utm_term] => 
    [clickid] => 3cac62twffva2dz3a3
    [fbpxl] => 
)

----------- RESPONSE ---------
{"result":"ok","localClickId":"4aeda1a0-82e4-4ff4-a32a-7fed096d89ed"}
----------- END --------------
December 17, 2021, 2:54 pm
----------- DATA -------------
Array
(
    [offerId] => 9c4fe23b-37ea-4954-945b-29067b0d5c0e
    [fio] => Jomer
    [phone] => 09300843034 
    [email] => admin@admin.com
    [domain] => http://mansehealth.com/landers/ph_lad_dozex_mk/land2/limon.php
    [ip] => 136.158.50.46
    [utm_campaign] => 923
    [utm_content] => 1
    [utm_medium] => 
    [utm_source] => SM
    [utm_term] => 
    [clickid] => 7e7892twfika0vra43
    [fbpxl] => 
)

----------- RESPONSE ---------
{"result":"ok","localClickId":"48adc0a8-7eed-41ea-8da8-03fef19c6586"}
----------- END --------------
December 17, 2021, 8:44 pm
----------- DATA -------------
Array
(
    [offerId] => 9c4fe23b-37ea-4954-945b-29067b0d5c0e
    [fio] => Vincent
    [phone] => 09706520288
    [email] => admin@admin.com
    [domain] => http://mansehealth.com/landers/ph_lad_dozex_mk/land2/limon.php
    [ip] => 172.111.175.2
    [utm_campaign] => 923
    [utm_content] => 1
    [utm_medium] => 
    [utm_source] => SM
    [utm_term] => 
    [clickid] => 497f52tb4rnkt3y12f
    [fbpxl] => 
)

----------- RESPONSE ---------
{"result":"ok","localClickId":"272fd8d2-0435-49fd-8e79-28bec5eac391"}
----------- END --------------
December 17, 2021, 8:44 pm
----------- DATA -------------
Array
(
    [offerId] => 9c4fe23b-37ea-4954-945b-29067b0d5c0e
    [fio] => Vincent
    [phone] => 09706520288
    [email] => admin@admin.com
    [domain] => http://mansehealth.com/landers/ph_lad_dozex_mk/land2/limon.php
    [ip] => 188.214.125.142
    [utm_campaign] => 923
    [utm_content] => 1
    [utm_medium] => 
    [utm_source] => SM
    [utm_term] => 
    [clickid] => 497f52tb4rnkt3y12f
    [fbpxl] => 
)

----------- RESPONSE ---------
{"result":"ok","localClickId":"203ade71-6d73-4e5d-b832-f99949341cb2"}
----------- END --------------
December 17, 2021, 8:45 pm
----------- DATA -------------
Array
(
    [offerId] => 9c4fe23b-37ea-4954-945b-29067b0d5c0e
    [fio] => Vincent
    [phone] => 09706520288
    [email] => admin@admin.com
    [domain] => http://mansehealth.com/landers/ph_lad_dozex_mk/land2/limon.php
    [ip] => 188.214.125.142
    [utm_campaign] => 923
    [utm_content] => 1
    [utm_medium] => 
    [utm_source] => SM
    [utm_term] => 
    [clickid] => 497f52tb4rnkt3y12f
    [fbpxl] => 
)

----------- RESPONSE ---------
{"result":"ok","localClickId":"62d3b588-07d0-4345-83ae-e4c101cc9ae5"}
----------- END --------------
