January 6, 2022, 6:08 am
----------- DATA -------------
Array
(
    [offerId] => 9c4fe23b-37ea-4954-945b-29067b0d5c0e
    [fio] => sager 
    [phone] => 09085086778
    [email] => admin@admin.com
    [domain] => http://mansehealth.com/landers/ph_lad_dozex_mk/land2/limon.php
    [ip] => 136.158.1.227
    [utm_campaign] => 923
    [utm_content] => 1
    [utm_medium] => 
    [utm_source] => SM
    [utm_term] => 
    [clickid] => 256e5gxg5178wfee7d
    [fbpxl] => 
)

----------- RESPONSE ---------
{"result":"ok","localClickId":"86223b61-656a-4139-8e11-2e745d0601e3"}
----------- END --------------
January 6, 2022, 6:08 am
----------- DATA -------------
Array
(
    [offerId] => 9c4fe23b-37ea-4954-945b-29067b0d5c0e
    [fio] => sager 
    [phone] => 09085086778
    [email] => admin@admin.com
    [domain] => http://mansehealth.com/landers/ph_lad_dozex_mk/land2/limon.php
    [ip] => 136.158.1.227
    [utm_campaign] => 923
    [utm_content] => 1
    [utm_medium] => 
    [utm_source] => SM
    [utm_term] => 
    [clickid] => 256e5gxg5178wfee7d
    [fbpxl] => 
)

----------- RESPONSE ---------
{"result":"ok","localClickId":"2c4ee541-3143-4be9-9836-4ee40d47591e"}
----------- END --------------
January 6, 2022, 6:08 am
----------- DATA -------------
Array
(
    [offerId] => 9c4fe23b-37ea-4954-945b-29067b0d5c0e
    [fio] => sager 
    [phone] => 09085086778
    [email] => admin@admin.com
    [domain] => http://mansehealth.com/landers/ph_lad_dozex_mk/land2/limon.php
    [ip] => 136.158.1.227
    [utm_campaign] => 923
    [utm_content] => 1
    [utm_medium] => 
    [utm_source] => SM
    [utm_term] => 
    [clickid] => 256e5gxg5178wfee7d
    [fbpxl] => 
)

----------- RESPONSE ---------
{"result":"ok","localClickId":"278e0073-f373-4d9b-aada-3bcae850bf15"}
----------- END --------------
January 6, 2022, 6:23 am
----------- DATA -------------
Array
(
    [offerId] => 9c4fe23b-37ea-4954-945b-29067b0d5c0e
    [fio] => Rojemar Adarayan
    [phone] => +639107180883
    [email] => admin@admin.com
    [domain] => http://mansehealth.com/landers/ph_lad_dozex_mk/land2/limon.php
    [ip] => 131.226.67.112
    [utm_campaign] => 923
    [utm_content] => 1
    [utm_medium] => 
    [utm_source] => SM
    [utm_term] => 
    [clickid] => 889d2gxg5fnlpvrb43
    [fbpxl] => 
)

----------- RESPONSE ---------
{"result":"ok","localClickId":"1d64e921-b829-4f29-a4fb-603d4039da7b"}
----------- END --------------
January 6, 2022, 7:35 am
----------- DATA -------------
Array
(
    [offerId] => 9c4fe23b-37ea-4954-945b-29067b0d5c0e
    [fio] => Aldrin
    [phone] => 9955075803 mo
    [email] => admin@admin.com
    [domain] => http://mansehealth.com/landers/ph_lad_dozex_mk/land2/limon.php
    [ip] => 122.53.242.187
    [utm_campaign] => 897
    [utm_content] => 35
    [utm_medium] => 
    [utm_source] => SM
    [utm_term] => 
    [clickid] => 96158gxg5vcsyi4fde
    [fbpxl] => 
)

----------- RESPONSE ---------
{"result":"ok","localClickId":"e80e9ef7-cde6-40cf-846d-b054a429d8bb"}
----------- END --------------
January 6, 2022, 7:51 am
----------- DATA -------------
Array
(
    [offerId] => 9c4fe23b-37ea-4954-945b-29067b0d5c0e
    [fio] => Lloyd Gonzalgo
    [phone] => 09126836558
    [email] => admin@admin.com
    [domain] => http://mansehealth.com/landers/ph_lad_dozex_mk/land2/limon.php
    [ip] => 136.158.10.101
    [utm_campaign] => 923
    [utm_content] => 1
    [utm_medium] => 
    [utm_source] => SM
    [utm_term] => 
    [clickid] => 16514gxg5b7nti46ee
    [fbpxl] => 
)

----------- RESPONSE ---------
{"result":"ok","localClickId":"da32ef31-2b51-4cb9-ae13-08afcfa5a033"}
----------- END --------------
