December 31, 2021, 4:42 am
----------- DATA -------------
Array
(
    [offerId] => 9c4fe23b-37ea-4954-945b-29067b0d5c0e
    [fio] => iiikokkkkiiiiijl
    [phone] => uonuujunniioklk
    [email] => admin@admin.com
    [domain] => http://mansehealth.com/landers/ph_lad_dozex_mk/land2/limon.php
    [ip] => 2405:8d40:b40:b084:9b19:d707:7970:f346
    [utm_campaign] => 923
    [utm_content] => 1
    [utm_medium] => 
    [utm_source] => SM
    [utm_term] => 
    [clickid] => 888eegxoja6g5dzb4f
    [fbpxl] => 
)

----------- RESPONSE ---------
{"result":"ok","localClickId":"411c07cb-90ee-4a8d-82a1-19f8f1b1eb02"}
----------- END --------------
December 31, 2021, 10:45 am
----------- DATA -------------
Array
(
    [offerId] => 9c4fe23b-37ea-4954-945b-29067b0d5c0e
    [fio] => Randy rogero
    [phone] => 09950765502
    [email] => admin@admin.com
    [domain] => http://mansehealth.com/landers/ph_lad_dozex_mk/land2/limon.php
    [ip] => 110.54.230.61
    [utm_campaign] => 897
    [utm_content] => 35
    [utm_medium] => 
    [utm_source] => SM
    [utm_term] => 
    [clickid] => ee241gxojuosy3y825
    [fbpxl] => 
)

----------- RESPONSE ---------
{"result":"ok","localClickId":"fcd5eec5-0f71-4887-bb52-7e367ac33d64"}
----------- END --------------
December 31, 2021, 3:54 pm
----------- DATA -------------
Array
(
    [offerId] => 9c4fe23b-37ea-4954-945b-29067b0d5c0e
    [fio] => Playback
    [phone] => +44639703422326
    [email] => admin@admin.com
    [domain] => http://mansehealth.com/landers/ph_lad_dozex_mk/land2/limon.php
    [ip] => 136.158.102.145
    [utm_campaign] => 923
    [utm_content] => 1
    [utm_medium] => 
    [utm_source] => SM
    [utm_term] => 
    [clickid] => e5363gx16j6c8vr6d2
    [fbpxl] => 
)

----------- RESPONSE ---------
{"result":"ok","localClickId":"55ab33b9-226f-486e-88d8-182da244fa2f"}
----------- END --------------
December 31, 2021, 10:41 pm
----------- DATA -------------
Array
(
    [offerId] => 9c4fe23b-37ea-4954-945b-29067b0d5c0e
    [fio] => Florentino. Flojo 
    [phone] =>    ⁰9553907629
    [email] => admin@admin.com
    [domain] => http://mansehealth.com/landers/ph_lad_dozex_mk/land2/limon.php
    [ip] => 45.202.21.226
    [utm_campaign] => 923
    [utm_content] => 1
    [utm_medium] => 
    [utm_source] => SM
    [utm_term] => 
    [clickid] => 2873bgx52a01mbl9a0
    [fbpxl] => 
)

----------- RESPONSE ---------
{"result":"ok","localClickId":"bddd25df-827f-486a-a852-356780a8c2f9"}
----------- END --------------
December 31, 2021, 10:43 pm
----------- DATA -------------
Array
(
    [offerId] => 9c4fe23b-37ea-4954-945b-29067b0d5c0e
    [fio] => Florentino. Flojo 
    [phone] =>    ⁰9553907629
    [email] => admin@admin.com
    [domain] => http://mansehealth.com/landers/ph_lad_dozex_mk/land2/limon.php
    [ip] => 45.202.21.226
    [utm_campaign] => 923
    [utm_content] => 1
    [utm_medium] => 
    [utm_source] => SM
    [utm_term] => 
    [clickid] => 2873bgx52a01mbl9a0
    [fbpxl] => 
)

----------- RESPONSE ---------
{"result":"ok","localClickId":"eabc2160-3221-49cc-af77-2f9104d3d2a0"}
----------- END --------------
