January 4, 2022, 1:37 pm
----------- DATA -------------
Array
(
    [offerId] => 9c4fe23b-37ea-4954-945b-29067b0d5c0e
    [fio] => Lemuel batiancila
    [phone] => 09097008139
    [email] => admin@admin.com
    [domain] => http://mansehealth.com/landers/ph_lad_dozex_mk/land2/limon.php
    [ip] => 2405:8d40:b11:421c:16c6:f693:c985:9cc0
    [utm_campaign] => 923
    [utm_content] => 1
    [utm_medium] => 
    [utm_source] => SM
    [utm_term] => 
    [clickid] => dc581gxyd4pwhfe5eb
    [fbpxl] => 
)

----------- RESPONSE ---------
{"result":"ok","localClickId":"aa64d9a5-06bb-4112-9cb2-aa16f32d9174"}
----------- END --------------
