January 3, 2022, 4:42 am
----------- DATA -------------
Array
(
    [offerId] => 9c4fe23b-37ea-4954-945b-29067b0d5c0e
    [fio] => jomar mejos
    [phone] => 09914369201
    [email] => admin@admin.com
    [domain] => http://mansehealth.com/landers/ph_lad_dozex_mk/land2/limon.php
    [ip] => 2405:8d40:b40:bcd:16c6:98cc:5c5c:5486
    [utm_campaign] => 923
    [utm_content] => 1
    [utm_medium] => 
    [utm_source] => SM
    [utm_term] => 
    [clickid] => 815d1gxirocbz8n8ad
    [fbpxl] => 
)

----------- RESPONSE ---------
{"result":"ok","localClickId":"5e915418-e220-44dc-b560-3ea640a759c4"}
----------- END --------------
January 3, 2022, 4:42 am
----------- DATA -------------
Array
(
    [offerId] => 9c4fe23b-37ea-4954-945b-29067b0d5c0e
    [fio] => jomar mejos
    [phone] => 09914369201
    [email] => admin@admin.com
    [domain] => http://mansehealth.com/landers/ph_lad_dozex_mk/land2/limon.php
    [ip] => 2405:8d40:b40:bcd:16c6:98cc:5c5c:5486
    [utm_campaign] => 923
    [utm_content] => 1
    [utm_medium] => 
    [utm_source] => SM
    [utm_term] => 
    [clickid] => 815d1gxirocbz8n8ad
    [fbpxl] => 
)

----------- RESPONSE ---------
{"result":"ok","localClickId":"6a0ef556-f980-4a71-a053-26c6c6b0b087"}
----------- END --------------
January 3, 2022, 9:29 am
----------- DATA -------------
Array
(
    [offerId] => 9c4fe23b-37ea-4954-945b-29067b0d5c0e
    [fio] => Juan
    [phone] => 09360638903
    [email] => admin@admin.com
    [domain] => http://mansehealth.com/landers/ph_lad_dozex_mk/land2/limon.php
    [ip] => 110.54.224.223
    [utm_campaign] => 897
    [utm_content] => 35
    [utm_medium] => 
    [utm_source] => SM
    [utm_term] => 
    [clickid] => fb193gxxoa4xsblaa8
    [fbpxl] => 
)

----------- RESPONSE ---------
{"result":"ok","localClickId":"f78dd310-815a-4cbd-bc35-9042acb9ddb6"}
----------- END --------------
January 3, 2022, 10:07 am
----------- DATA -------------
Array
(
    [offerId] => 9c4fe23b-37ea-4954-945b-29067b0d5c0e
    [fio] => Ymy my ou viikkb yy
    [phone] => Iii in
    [email] => admin@admin.com
    [domain] => http://mansehealth.com/landers/ph_lad_dozex_mk/land2/limon.php
    [ip] => 2405:8d40:b41:2dd9:16c6:5621:7c8a:d2e
    [utm_campaign] => 923
    [utm_content] => 1
    [utm_medium] => 
    [utm_source] => SM
    [utm_term] => 
    [clickid] => ae2b9gxxolpvc6o5a0
    [fbpxl] => 
)

----------- RESPONSE ---------
{"result":"ok","localClickId":"ff07aa63-fd74-4500-bd59-7ddd6604b8ff"}
----------- END --------------
January 3, 2022, 12:43 pm
----------- DATA -------------
Array
(
    [offerId] => 9c4fe23b-37ea-4954-945b-29067b0d5c0e
    [fio] => c
    [phone] => same sw
    [email] => admin@admin.com
    [domain] => http://mansehealth.com/landers/ph_lad_dozex_mk/land2/limon.php
    [ip] => 136.158.82.142
    [utm_campaign] => 923
    [utm_content] => 1
    [utm_medium] => 
    [utm_source] => SM
    [utm_term] => 
    [clickid] => 3cf0fgxk2a0bgwj083
    [fbpxl] => 
)

----------- RESPONSE ---------
{"result":"ok","localClickId":"9d1c3bbc-c697-4314-908a-315b3749e006"}
----------- END --------------
