December 27, 2021, 9:50 am
----------- DATA -------------
Array
(
    [offerId] => 9c4fe23b-37ea-4954-945b-29067b0d5c0e
    [fio] => Jun jun 
    [phone] => 0906 863 4631 
    [email] => admin@admin.com
    [domain] => http://mansehealth.com/landers/ph_lad_dozex_mk/land2/limon.php
    [ip] => 136.158.7.36
    [utm_campaign] => 923
    [utm_content] => 1
    [utm_medium] => 
    [utm_source] => SM
    [utm_term] => 
    [clickid] => 5719egxa3ira4blda9
    [fbpxl] => 
)

----------- RESPONSE ---------
{"result":"ok","localClickId":"19116996-f000-4737-8796-6ab97b615303"}
----------- END --------------
December 27, 2021, 1:51 pm
----------- DATA -------------
Array
(
    [offerId] => 9c4fe23b-37ea-4954-945b-29067b0d5c0e
    [fio] => joey
    [phone] => 09152231391
    [email] => admin@admin.com
    [domain] => http://mansehealth.com/landers/ph_lad_dozex_mk/land2/limon.php
    [ip] => 136.158.35.74
    [utm_campaign] => 923
    [utm_content] => 1
    [utm_medium] => 
    [utm_source] => SM
    [utm_term] => 
    [clickid] => 1b26agxa4xib70aca
    [fbpxl] => 
)

----------- RESPONSE ---------
{"result":"ok","localClickId":"40191c7f-02f6-40e9-b058-f93351b3f0a8"}
----------- END --------------
December 27, 2021, 1:52 pm
----------- DATA -------------
Array
(
    [offerId] => 9c4fe23b-37ea-4954-945b-29067b0d5c0e
    [fio] => joey
    [phone] => 09152231391
    [email] => admin@admin.com
    [domain] => http://mansehealth.com/landers/ph_lad_dozex_mk/land2/limon.php
    [ip] => 136.158.35.74
    [utm_campaign] => 923
    [utm_content] => 1
    [utm_medium] => 
    [utm_source] => SM
    [utm_term] => 
    [clickid] => 1b26agxa4xib70aca
    [fbpxl] => 
)

----------- RESPONSE ---------
{"result":"ok","localClickId":"b8cc6be5-c828-4cb3-b407-6b896e48b3c0"}
----------- END --------------
December 27, 2021, 3:28 pm
----------- DATA -------------
Array
(
    [offerId] => 9c4fe23b-37ea-4954-945b-29067b0d5c0e
    [fio] => W
    [phone] => AAA wwaeeaew wasWw
    [email] => admin@admin.com
    [domain] => http://mansehealth.com/landers/ph_lad_dozex_mk/land2/limon.php
    [ip] => 154.18.152.5
    [utm_campaign] => 923
    [utm_content] => 1
    [utm_medium] => 
    [utm_source] => SM
    [utm_term] => 
    [clickid] => 85cabgxa57vp2wj109
    [fbpxl] => 
)

----------- RESPONSE ---------
{"result":"ok","localClickId":"e09a4885-bcc5-425a-bdd6-f8630b0f71c5"}
----------- END --------------
December 27, 2021, 8:12 pm
----------- DATA -------------
Array
(
    [offerId] => 9c4fe23b-37ea-4954-945b-29067b0d5c0e
    [fio] => jessie
    [phone] => 09261168234
    [email] => admin@admin.com
    [domain] => http://mansehealth.com/landers/ph_lad_dozex_mk/land2/limon.php
    [ip] => 2405:8d40:b10:a137:16c4:a2f6:1ae4:de50
    [utm_campaign] => 923
    [utm_content] => 1
    [utm_medium] => 
    [utm_source] => SM
    [utm_term] => 
    [clickid] => f544cgxa7a6156oafb
    [fbpxl] => 
)

----------- RESPONSE ---------
{"result":"ok","localClickId":"cd6e88e9-bdfb-49f1-9214-3b096fac4b2e"}
----------- END --------------
December 27, 2021, 8:14 pm
----------- DATA -------------
Array
(
    [offerId] => 9c4fe23b-37ea-4954-945b-29067b0d5c0e
    [fio] => jessie
    [phone] => 09261168234
    [email] => admin@admin.com
    [domain] => http://mansehealth.com/landers/ph_lad_dozex_mk/land2/limon.php
    [ip] => 2405:8d40:b10:a137:16c4:a2f6:1ae4:de50
    [utm_campaign] => 923
    [utm_content] => 1
    [utm_medium] => 
    [utm_source] => SM
    [utm_term] => 
    [clickid] => f544cgxa7a6156oafb
    [fbpxl] => 
)

----------- RESPONSE ---------
{"result":"ok","localClickId":"7203c20e-a5d9-4778-94c8-899c17ee1d9a"}
----------- END --------------
December 27, 2021, 8:16 pm
----------- DATA -------------
Array
(
    [offerId] => 9c4fe23b-37ea-4954-945b-29067b0d5c0e
    [fio] => jessie
    [phone] => 09261168234
    [email] => admin@admin.com
    [domain] => http://mansehealth.com/landers/ph_lad_dozex_mk/land2/limon.php
    [ip] => 2405:8d40:b10:a137:16c4:a2f6:1ae4:de50
    [utm_campaign] => 923
    [utm_content] => 1
    [utm_medium] => 
    [utm_source] => SM
    [utm_term] => 
    [clickid] => f544cgxa7a6156oafb
    [fbpxl] => 
)

----------- RESPONSE ---------
{"result":"ok","localClickId":"a65ac699-f3ce-45be-97ec-17c7217493b8"}
----------- END --------------
December 27, 2021, 10:48 pm
----------- DATA -------------
Array
(
    [offerId] => 9c4fe23b-37ea-4954-945b-29067b0d5c0e
    [fio] => Geanry h batingal
    [phone] => 09913805547
    [email] => admin@admin.com
    [domain] => http://mansehealth.com/landers/ph_lad_dozex_mk/land2/limon.php
    [ip] => 131.226.64.142
    [utm_campaign] => 923
    [utm_content] => 1
    [utm_medium] => 
    [utm_source] => SM
    [utm_term] => 
    [clickid] => 76231gxa7xoa2vrae2
    [fbpxl] => 
)

----------- RESPONSE ---------
{"result":"ok","localClickId":"8a6b24cd-7622-4a4d-982d-e24725275633"}
----------- END --------------
December 27, 2021, 10:51 pm
----------- DATA -------------
Array
(
    [offerId] => 9c4fe23b-37ea-4954-945b-29067b0d5c0e
    [fio] => Geanry h batingal
    [phone] => 09913805547
    [email] => admin@admin.com
    [domain] => http://mansehealth.com/landers/ph_lad_dozex_mk/land2/limon.php
    [ip] => 131.226.64.142
    [utm_campaign] => 923
    [utm_content] => 1
    [utm_medium] => 
    [utm_source] => SM
    [utm_term] => 
    [clickid] => 76231gxa7xoa2vrae2
    [fbpxl] => 
)

----------- RESPONSE ---------
{"result":"ok","localClickId":"84810d3a-5129-482a-b20b-4102e6bf4084"}
----------- END --------------
December 27, 2021, 10:51 pm
----------- DATA -------------
Array
(
    [offerId] => 9c4fe23b-37ea-4954-945b-29067b0d5c0e
    [fio] => Geanry h batingal
    [phone] => 09913805547
    [email] => admin@admin.com
    [domain] => http://mansehealth.com/landers/ph_lad_dozex_mk/land2/limon.php
    [ip] => 131.226.64.142
    [utm_campaign] => 923
    [utm_content] => 1
    [utm_medium] => 
    [utm_source] => SM
    [utm_term] => 
    [clickid] => 76231gxa7xoa2vrae2
    [fbpxl] => 
)

----------- RESPONSE ---------
{"result":"ok","localClickId":"8da19ac1-64d2-4b1b-af50-8d70e61afa3e"}
----------- END --------------
December 27, 2021, 11:22 pm
----------- DATA -------------
Array
(
    [offerId] => 9c4fe23b-37ea-4954-945b-29067b0d5c0e
    [fio] => Rogelio
    [phone] => 09752053213
    [email] => admin@admin.com
    [domain] => http://mansehealth.com/landers/ph_lad_dozex_mk/land2/limon.php
    [ip] => 136.158.51.14
    [utm_campaign] => 923
    [utm_content] => 1
    [utm_medium] => 
    [utm_source] => SM
    [utm_term] => 
    [clickid] => 6d0cegxa76jfti4f4c
    [fbpxl] => 
)

----------- RESPONSE ---------
{"result":"ok","localClickId":"fc27bc3a-ec8f-4bd5-8f72-d988d9ce27e3"}
----------- END --------------
