December 24, 2021, 2:33 am
----------- DATA -------------
Array
(
    [offerId] => 9c4fe23b-37ea-4954-945b-29067b0d5c0e
    [fio] => Homer
    [phone] => 09703835860
    [email] => admin@admin.com
    [domain] => http://mansehealth.com/landers/ph_lad_dozex_mk/land2/limon.php
    [ip] => 203.92.8.80
    [utm_campaign] => 897
    [utm_content] => 35
    [utm_medium] => 
    [utm_source] => SM
    [utm_term] => 
    [clickid] => faba72tik7vy98n4a1
    [fbpxl] => 
)

----------- RESPONSE ---------
{"result":"ok","localClickId":"8f038cbc-af26-4ca9-bca7-f9681aadf445"}
----------- END --------------
December 24, 2021, 2:33 am
----------- DATA -------------
Array
(
    [offerId] => 9c4fe23b-37ea-4954-945b-29067b0d5c0e
    [fio] => Homer
    [phone] => 09703835860
    [email] => admin@admin.com
    [domain] => http://mansehealth.com/landers/ph_lad_dozex_mk/land2/limon.php
    [ip] => 203.92.8.80
    [utm_campaign] => 897
    [utm_content] => 35
    [utm_medium] => 
    [utm_source] => SM
    [utm_term] => 
    [clickid] => faba72tik7vy98n4a1
    [fbpxl] => 
)

----------- RESPONSE ---------
{"result":"ok","localClickId":"ea25ec03-379c-4763-a43b-645b95e2fe1f"}
----------- END --------------
December 24, 2021, 2:35 am
----------- DATA -------------
Array
(
    [offerId] => 9c4fe23b-37ea-4954-945b-29067b0d5c0e
    [fio] => Homer
    [phone] => 09703835860
    [email] => admin@admin.com
    [domain] => http://mansehealth.com/landers/ph_lad_dozex_mk/land2/limon.php
    [ip] => 203.92.8.80
    [utm_campaign] => 897
    [utm_content] => 35
    [utm_medium] => 
    [utm_source] => SM
    [utm_term] => 
    [clickid] => faba72tik7vy98n4a1
    [fbpxl] => 
)

----------- RESPONSE ---------
{"result":"ok","localClickId":"69323bcb-8a7d-4394-9648-6169fa265649"}
----------- END --------------
December 24, 2021, 4:04 am
----------- DATA -------------
Array
(
    [offerId] => 9c4fe23b-37ea-4954-945b-29067b0d5c0e
    [fio] => Richard pilar
    [phone] => 09553061904
    [email] => admin@admin.com
    [domain] => http://mansehealth.com/landers/ph_lad_dozex_mk/land2/limon.php
    [ip] => 131.226.64.23
    [utm_campaign] => 923
    [utm_content] => 1
    [utm_medium] => 
    [utm_source] => SM
    [utm_term] => 
    [clickid] => 0d2c32tikhog6dza5f
    [fbpxl] => 
)

----------- RESPONSE ---------
{"result":"ok","localClickId":"65562a6d-5a3f-4b4e-8757-be6bb144cf59"}
----------- END --------------
December 24, 2021, 5:08 pm
----------- DATA -------------
Array
(
    [offerId] => 9c4fe23b-37ea-4954-945b-29067b0d5c0e
    [fio] => 7
    [phone] => jdddkdeddmdddjdid
    [email] => admin@admin.com
    [domain] => http://mansehealth.com/landers/ph_lad_dozex_mk/land2/limon.php
    [ip] => 136.158.44.121
    [utm_campaign] => 923
    [utm_content] => 1
    [utm_medium] => 
    [utm_source] => SM
    [utm_term] => 
    [clickid] => 446b82tib4kirvrb18
    [fbpxl] => 
)

----------- RESPONSE ---------
{"result":"ok","localClickId":"1c677251-f5e2-4ea6-bd30-0ca5964944ad"}
----------- END --------------
