June 11, 2021, 10:11 am
----------- DATA -------------
Array
(
    [offerId] => 444e972d-e501-4625-8cb3-6aead5d7cc8c
    [fio] => Buying
    [phone] => +911202010102
    [email] => admin@admin.com
    [domain] => http://adltnews.com/landers/81d12a67a5/limon.php
    [ip] => 5.62.34.9
    [utm_campaign] => 
    [utm_content] => 
    [utm_medium] => 
    [utm_source] => CHS
    [utm_term] => 
    [clickid] => fe0455m3vscik0a7
    [fbpxl] => 
)

----------- RESPONSE ---------
{"result":"ok"}
----------- END --------------
