July 28, 2021, 12:49 am
----------- DATA -------------
Array
(
    [offerId] => 5876bfb5-5f26-4de9-8784-ec27e3449920
    [fio] => Victor Maranan Evangelista
    [phone] => 09196901420
    [email] => admin@admin.com
    [domain] => http://adltmedia.com/landers/60efdbc075747/limon.php
    [ip] => 110.54.245.10
    [utm_campaign] => 
    [utm_content] => 
    [utm_medium] => 
    [utm_source] => GVIC
    [utm_term] => 
    [clickid] => c0659my7vikb4b84
    [fbpxl] => 
)

----------- RESPONSE ---------
{"result":"ok"}
----------- END --------------
July 28, 2021, 2:32 am
----------- DATA -------------
Array
(
    [offerId] => 5876bfb5-5f26-4de9-8784-ec27e3449920
    [fio] => H
    [phone] => Tlgncj
    [email] => admin@admin.com
    [domain] => http://adltmedia.com/landers/60efdbc075747/limon.php
    [ip] => 124.106.229.79
    [utm_campaign] => 
    [utm_content] => 
    [utm_medium] => 
    [utm_source] => GVIC
    [utm_term] => 
    [clickid] => bc579myhee8b7233
    [fbpxl] => 
)

----------- RESPONSE ---------
{"result":"ok"}
----------- END --------------
July 28, 2021, 3:47 am
----------- DATA -------------
Array
(
    [offerId] => 5876bfb5-5f26-4de9-8784-ec27e3449920
    [fio] => Anthony
    [phone] => 09382448800
    [email] => admin@admin.com
    [domain] => http://adltmedia.com/landers/60efdbc075747/limon.php
    [ip] => 124.107.37.195
    [utm_campaign] => 
    [utm_content] => 
    [utm_medium] => 
    [utm_source] => GVIC
    [utm_term] => 
    [clickid] => 3f962myojsywfb71
    [fbpxl] => 
)

----------- RESPONSE ---------
{"result":"ok"}
----------- END --------------
July 28, 2021, 6:18 am
----------- DATA -------------
Array
(
    [offerId] => 5876bfb5-5f26-4de9-8784-ec27e3449920
    [fio] => Erwin m. Samocino
    [phone] => O9106504692
    [email] => admin@admin.com
    [domain] => http://adltmedia.com/landers/60efdbc075747/limon.php
    [ip] => 175.176.69.130
    [utm_campaign] => 
    [utm_content] => 
    [utm_medium] => 
    [utm_source] => GVIC
    [utm_term] => 
    [clickid] => 9658bmyci7spm998
    [fbpxl] => 
)

----------- RESPONSE ---------
{"result":"ok"}
----------- END --------------
July 28, 2021, 1:26 pm
----------- DATA -------------
Array
(
    [offerId] => 5876bfb5-5f26-4de9-8784-ec27e3449920
    [fio] => Harlemdulay
    [phone] => 09054152581
    [email] => admin@admin.com
    [domain] => http://adltmedia.com/landers/60efdbc075747/limon.php
    [ip] => 110.54.145.169
    [utm_campaign] => 
    [utm_content] => 
    [utm_medium] => 
    [utm_source] => GVIC
    [utm_term] => 
    [clickid] => 2644dmyu31zkte56
    [fbpxl] => 
)

----------- RESPONSE ---------
{"result":"ok"}
----------- END --------------
