July 22, 2021, 10:25 am
----------- DATA -------------
Array
(
    [offerId] => 5876bfb5-5f26-4de9-8784-ec27e3449920
    [fio] => TEST
    [phone] => +684596849056
    [email] => admin@admin.com
    [domain] => http://adltracker.site/landers/60efdbc075747/limon.php
    [ip] => 37.113.69.236
    [utm_campaign] => 
    [utm_content] => 
    [utm_medium] => 
    [utm_source] => GVIC
    [utm_term] => 
    [clickid] => {clickid}
    [fbpxl] => 
)

----------- RESPONSE ---------
{"result":"ok"}
----------- END --------------
July 22, 2021, 10:30 am
----------- DATA -------------
Array
(
    [offerId] => 5876bfb5-5f26-4de9-8784-ec27e3449920
    [fio] => Testing
    [phone] => +910000000000
    [email] => admin@admin.com
    [domain] => http://adltracker.site/landers/60efdbc075747/limon.php
    [ip] => 176.114.192.245
    [utm_campaign] => 
    [utm_content] => 
    [utm_medium] => 
    [utm_source] => GVIC
    [utm_term] => 
    [clickid] => {clickid}
    [fbpxl] => 
)

----------- RESPONSE ---------
{"result":"ok"}
----------- END --------------
July 22, 2021, 11:26 am
----------- DATA -------------
Array
(
    [offerId] => 5876bfb5-5f26-4de9-8784-ec27e3449920
    [fio] => ernesto pano
    [phone] => 4270023
    [email] => admin@admin.com
    [domain] => http://adltmedia.com/landers/60efdbc075747/limon.php
    [ip] => 180.190.222.72
    [utm_campaign] => 
    [utm_content] => 
    [utm_medium] => 
    [utm_source] => GVIC
    [utm_term] => 
    [clickid] => 769a18w15twb43b9
    [fbpxl] => 
)

----------- RESPONSE ---------
{"result":"ok"}
----------- END --------------
July 22, 2021, 11:26 am
----------- DATA -------------
Array
(
    [offerId] => 5876bfb5-5f26-4de9-8784-ec27e3449920
    [fio] => ernesto pano
    [phone] => 4270023
    [email] => admin@admin.com
    [domain] => http://adltmedia.com/landers/60efdbc075747/limon.php
    [ip] => 180.190.222.72
    [utm_campaign] => 
    [utm_content] => 
    [utm_medium] => 
    [utm_source] => GVIC
    [utm_term] => 
    [clickid] => 769a18w15twb43b9
    [fbpxl] => 
)

----------- RESPONSE ---------
{"result":"ok"}
----------- END --------------
July 22, 2021, 11:47 am
----------- DATA -------------
Array
(
    [offerId] => 5876bfb5-5f26-4de9-8784-ec27e3449920
    [fio] => charlie rimorin
    [phone] => 09664554621
    [email] => admin@admin.com
    [domain] => http://adltmedia.com/landers/60efdbc075747/limon.php
    [ip] => 110.54.159.248
    [utm_campaign] => 
    [utm_content] => 
    [utm_medium] => 
    [utm_source] => GVIC
    [utm_term] => 
    [clickid] => ac95b8w15g5ho858
    [fbpxl] => 
)

----------- RESPONSE ---------
{"result":"ok"}
----------- END --------------
July 22, 2021, 11:50 am
----------- DATA -------------
Array
(
    [offerId] => 5876bfb5-5f26-4de9-8784-ec27e3449920
    [fio] => aren camaya
    [phone] => 09365860419
    [email] => admin@admin.com
    [domain] => http://adltmedia.com/landers/60efdbc075747/limon.php
    [ip] => 110.54.146.135
    [utm_campaign] => 
    [utm_content] => 
    [utm_medium] => 
    [utm_source] => GVIC
    [utm_term] => 
    [clickid] => e69da8w15hqy9ab4
    [fbpxl] => 
)

----------- RESPONSE ---------
{"result":"ok"}
----------- END --------------
July 22, 2021, 12:34 pm
----------- DATA -------------
Array
(
    [offerId] => 5876bfb5-5f26-4de9-8784-ec27e3449920
    [fio] => rogelino de vera
    [phone] => 09512809557
    [email] => admin@admin.com
    [domain] => http://adltmedia.com/landers/60efdbc075747/limon.php
    [ip] => 120.29.68.90
    [utm_campaign] => 
    [utm_content] => 
    [utm_medium] => 
    [utm_source] => GVIC
    [utm_term] => 
    [clickid] => 10cde8w9z7voc5a7
    [fbpxl] => 
)

----------- RESPONSE ---------
{"result":"ok"}
----------- END --------------
July 22, 2021, 1:08 pm
----------- DATA -------------
Array
(
    [offerId] => 5876bfb5-5f26-4de9-8784-ec27e3449920
    [fio] => Arjay
    [phone] => 09380310715
    [email] => admin@admin.com
    [domain] => http://adltmedia.com/landers/60efdbc075747/limon.php
    [ip] => 103.62.153.198
    [utm_campaign] => 
    [utm_content] => 
    [utm_medium] => 
    [utm_source] => GVIC
    [utm_term] => 
    [clickid] => 365248wsla3usd2e
    [fbpxl] => 
)

----------- RESPONSE ---------
{"result":"ok"}
----------- END --------------
July 22, 2021, 1:18 pm
----------- DATA -------------
Array
(
    [offerId] => 5876bfb5-5f26-4de9-8784-ec27e3449920
    [fio] => Arjay
    [phone] => 09380310715
    [email] => admin@admin.com
    [domain] => http://adltmedia.com/landers/60efdbc075747/limon.php
    [ip] => 103.62.153.198
    [utm_campaign] => 
    [utm_content] => 
    [utm_medium] => 
    [utm_source] => GVIC
    [utm_term] => 
    [clickid] => 311088wsly9173b8
    [fbpxl] => 
)

----------- RESPONSE ---------
{"result":"ok"}
----------- END --------------
July 22, 2021, 2:08 pm
----------- DATA -------------
Array
(
    [offerId] => 5876bfb5-5f26-4de9-8784-ec27e3449920
    [fio] => Joshua
    [phone] => 09260710183
    [email] => admin@admin.com
    [domain] => http://adltmedia.com/landers/60efdbc075747/limon.php
    [ip] => 119.94.130.130
    [utm_campaign] => 
    [utm_content] => 
    [utm_medium] => 
    [utm_source] => GVIC
    [utm_term] => 
    [clickid] => 03f798wdulpj2a9c
    [fbpxl] => 
)

----------- RESPONSE ---------
{"result":"ok"}
----------- END --------------
July 22, 2021, 2:24 pm
----------- DATA -------------
Array
(
    [offerId] => 5876bfb5-5f26-4de9-8784-ec27e3449920
    [fio] => Jeffrey tito
    [phone] => 09363248374
    [email] => admin@admin.com
    [domain] => http://adltmedia.com/landers/60efdbc075747/limon.php
    [ip] => 110.54.204.57
    [utm_campaign] => 
    [utm_content] => 
    [utm_medium] => 
    [utm_source] => GVIC
    [utm_term] => 
    [clickid] => 66ab88wdup28wf05
    [fbpxl] => 
)

----------- RESPONSE ---------
{"result":"ok"}
----------- END --------------
July 22, 2021, 3:21 pm
----------- DATA -------------
Array
(
    [offerId] => 5876bfb5-5f26-4de9-8784-ec27e3449920
    [fio] => Albert
    [phone] => 09366101364
    [email] => admin@admin.com
    [domain] => http://adltmedia.com/landers/60efdbc075747/limon.php
    [ip] => 110.54.201.200
    [utm_campaign] => 
    [utm_content] => 
    [utm_medium] => 
    [utm_source] => GVIC
    [utm_term] => 
    [clickid] => c520b8we8a1uqa76
    [fbpxl] => 
)

----------- RESPONSE ---------
{"result":"ok"}
----------- END --------------
