July 26, 2021, 4:35 am
----------- DATA -------------
Array
(
    [offerId] => 5876bfb5-5f26-4de9-8784-ec27e3449920
    [fio] => Wayne
    [phone] => 773-501-2541
    [email] => admin@admin.com
    [domain] => http://adltmedia.com/landers/60efdbc075747/limon.php
    [ip] => 2600:1700:c9c0:1ec0:1150:fb14:684:397f
    [utm_campaign] => 
    [utm_content] => 
    [utm_medium] => 
    [utm_source] => GVIC
    [utm_term] => 
    [clickid] => 11038scuoqn9za84
    [fbpxl] => 
)

----------- RESPONSE ---------
{"result":"ok"}
----------- END --------------
July 26, 2021, 6:51 am
----------- DATA -------------
Array
(
    [offerId] => 5876bfb5-5f26-4de9-8784-ec27e3449920
    [fio] => jelmar fuertes
    [phone] => 09306946660
    [email] => admin@admin.com
    [domain] => http://adltmedia.com/landers/60efdbc075747/limon.php
    [ip] => 180.190.8.254
    [utm_campaign] => 
    [utm_content] => 
    [utm_medium] => 
    [utm_source] => GVIC
    [utm_term] => 
    [clickid] => bd512scm7ik7s565
    [fbpxl] => 
)

----------- RESPONSE ---------
{"result":"ok"}
----------- END --------------
July 26, 2021, 9:13 am
----------- DATA -------------
Array
(
    [offerId] => 5876bfb5-5f26-4de9-8784-ec27e3449920
    [fio] => Elizalde reyes
    [phone] => 09066137342
    [email] => admin@admin.com
    [domain] => http://adltmedia.com/landers/60efdbc075747/limon.php
    [ip] => 110.54.251.80
    [utm_campaign] => 
    [utm_content] => 
    [utm_medium] => 
    [utm_source] => GVIC
    [utm_term] => 
    [clickid] => 7bd25scxrsc2t70c
    [fbpxl] => 
)

----------- RESPONSE ---------
{"result":"ok"}
----------- END --------------
July 26, 2021, 11:13 am
----------- DATA -------------
Array
(
    [offerId] => 5876bfb5-5f26-4de9-8784-ec27e3449920
    [fio] => Jomar
    [phone] => 097558565
    [email] => admin@admin.com
    [domain] => http://adltmedia.com/landers/60efdbc075747/limon.php
    [ip] => 110.54.210.117
    [utm_campaign] => 
    [utm_content] => 
    [utm_medium] => 
    [utm_source] => GVIC
    [utm_term] => 
    [clickid] => 4a42bsckta3a6d4f
    [fbpxl] => 
)

----------- RESPONSE ---------
{"result":"ok"}
----------- END --------------
July 26, 2021, 12:25 pm
----------- DATA -------------
Array
(
    [offerId] => 5876bfb5-5f26-4de9-8784-ec27e3449920
    [fio] => U766766
    [phone] => 666yy8f9t9t9t
    [email] => admin@admin.com
    [domain] => http://adltmedia.com/landers/60efdbc075747/limon.php
    [ip] => 51.195.223.31
    [utm_campaign] => 
    [utm_content] => 
    [utm_medium] => 
    [utm_source] => GVIC
    [utm_term] => 
    [clickid] => ee05fscktktxr3f4
    [fbpxl] => 
)

----------- RESPONSE ---------
{"result":"ok"}
----------- END --------------
July 26, 2021, 12:31 pm
----------- DATA -------------
Array
(
    [offerId] => 5876bfb5-5f26-4de9-8784-ec27e3449920
    [fio] => jake cabanag
    [phone] => 09976428488
    [email] => admin@admin.com
    [domain] => http://adltmedia.com/landers/60efdbc075747/limon.php
    [ip] => 175.176.65.38
    [utm_campaign] => 
    [utm_content] => 
    [utm_medium] => 
    [utm_source] => GVIC
    [utm_term] => 
    [clickid] => bde76scktkt9r84c
    [fbpxl] => 
)

----------- RESPONSE ---------
{"result":"ok"}
----------- END --------------
July 26, 2021, 12:31 pm
----------- DATA -------------
Array
(
    [offerId] => 5876bfb5-5f26-4de9-8784-ec27e3449920
    [fio] => jake cabanag
    [phone] => 09976428488
    [email] => admin@admin.com
    [domain] => http://adltmedia.com/landers/60efdbc075747/limon.php
    [ip] => 175.176.65.38
    [utm_campaign] => 
    [utm_content] => 
    [utm_medium] => 
    [utm_source] => GVIC
    [utm_term] => 
    [clickid] => bde76scktkt9r84c
    [fbpxl] => 
)

----------- RESPONSE ---------
{"result":"ok"}
----------- END --------------
July 26, 2021, 12:52 pm
----------- DATA -------------
Array
(
    [offerId] => 5876bfb5-5f26-4de9-8784-ec27e3449920
    [fio] => Virgie
    [phone] => 09754300412
    [email] => admin@admin.com
    [domain] => http://adltmedia.com/landers/60efdbc075747/limon.php
    [ip] => 110.54.190.94
    [utm_campaign] => 
    [utm_content] => 
    [utm_medium] => 
    [utm_source] => GVIC
    [utm_term] => 
    [clickid] => e7bf7scwhq5a7da2
    [fbpxl] => 
)

----------- RESPONSE ---------
{"result":"ok"}
----------- END --------------
July 26, 2021, 2:34 pm
----------- DATA -------------
Array
(
    [offerId] => 5876bfb5-5f26-4de9-8784-ec27e3449920
    [fio] => Dennis
    [phone] => 09362703585
    [email] => admin@admin.com
    [domain] => http://adltmedia.com/landers/60efdbc075747/limon.php
    [ip] => 49.149.201.204
    [utm_campaign] => 
    [utm_content] => 
    [utm_medium] => 
    [utm_source] => GVIC
    [utm_term] => 
    [clickid] => 77382sc4pqexr52d
    [fbpxl] => 
)

----------- RESPONSE ---------
{"result":"ok"}
----------- END --------------
July 26, 2021, 2:51 pm
----------- DATA -------------
Array
(
    [offerId] => 5876bfb5-5f26-4de9-8784-ec27e3449920
    [fio] => Mark rey cuento
    [phone] => 09452281370
    [email] => admin@admin.com
    [domain] => http://adltmedia.com/landers/60efdbc075747/limon.php
    [ip] => 2404:3c00:222f:9f90:80b8:26ec:1df6:2431
    [utm_campaign] => 
    [utm_content] => 
    [utm_medium] => 
    [utm_source] => GVIC
    [utm_term] => 
    [clickid] => ae745sc4pc8fn75d
    [fbpxl] => 
)

----------- RESPONSE ---------
{"result":"ok"}
----------- END --------------
July 26, 2021, 3:14 pm
----------- DATA -------------
Array
(
    [offerId] => 5876bfb5-5f26-4de9-8784-ec27e3449920
    [fio] => william
    [phone] => 09705052026
    [email] => admin@admin.com
    [domain] => http://adltmedia.com/landers/60efdbc075747/limon.php
    [ip] => 210.185.171.97
    [utm_campaign] => 
    [utm_content] => 
    [utm_medium] => 
    [utm_source] => GVIC
    [utm_term] => 
    [clickid] => 82881sc4pqna280d
    [fbpxl] => 
)

----------- RESPONSE ---------
{"result":"ok"}
----------- END --------------
July 26, 2021, 4:05 pm
----------- DATA -------------
Array
(
    [offerId] => 5876bfb5-5f26-4de9-8784-ec27e3449920
    [fio] => .rolandpablo
    [phone] => 09675194513
    [email] => admin@admin.com
    [domain] => http://adltmedia.com/landers/60efdbc075747/limon.php
    [ip] => 110.54.138.115
    [utm_campaign] => 
    [utm_content] => 
    [utm_medium] => 
    [utm_source] => GVIC
    [utm_term] => 
    [clickid] => a662ascocqng62eb
    [fbpxl] => 
)

----------- RESPONSE ---------
{"result":"ok"}
----------- END --------------
