August 12, 2021, 2:30 am
----------- DATA -------------
Array
(
    [offerId] => 5876bfb5-5f26-4de9-8784-ec27e3449920
    [fio] => Harold Perez
    [phone] => (0945) 489 2753
    [email] => admin@admin.com
    [domain] => http://adltmedia.com/landers/60efdbc075747/limon.php
    [ip] => 103.91.141.51
    [utm_campaign] => 762
    [utm_content] => 28
    [utm_medium] => 
    [utm_source] => GVIC
    [utm_term] => 
    [clickid] => 3e7e5dv8rntqeb40
    [fbpxl] => 
)

----------- RESPONSE ---------
{"result":"ok"}
----------- END --------------
August 12, 2021, 2:31 am
----------- DATA -------------
Array
(
    [offerId] => 5876bfb5-5f26-4de9-8784-ec27e3449920
    [fio] => Maria Gracia
    [phone] => (0938) 370 1078
    [email] => admin@admin.com
    [domain] => http://adltmedia.com/landers/60efdbc075747/limon.php
    [ip] => 103.91.141.51
    [utm_campaign] => 762
    [utm_content] => 28
    [utm_medium] => 
    [utm_source] => GVIC
    [utm_term] => 
    [clickid] => 1cb79dv8rir1z590
    [fbpxl] => 
)

----------- RESPONSE ---------
{"result":"ok"}
----------- END --------------
August 12, 2021, 2:31 am
----------- DATA -------------
Array
(
    [offerId] => 5876bfb5-5f26-4de9-8784-ec27e3449920
    [fio] => Maria Gracia
    [phone] => (0938) 370 1078
    [email] => admin@admin.com
    [domain] => http://adltmedia.com/landers/60efdbc075747/limon.php
    [ip] => 103.91.141.51
    [utm_campaign] => 762
    [utm_content] => 28
    [utm_medium] => 
    [utm_source] => GVIC
    [utm_term] => 
    [clickid] => 1cb79dv8rir1z590
    [fbpxl] => 
)

----------- RESPONSE ---------
{"result":"ok"}
----------- END --------------
August 12, 2021, 2:32 am
----------- DATA -------------
Array
(
    [offerId] => 5876bfb5-5f26-4de9-8784-ec27e3449920
    [fio] => Froilan
    [phone] => (0999) 485 1299
    [email] => admin@admin.com
    [domain] => http://adltmedia.com/landers/60efdbc075747/limon.php
    [ip] => 103.91.141.51
    [utm_campaign] => 762
    [utm_content] => 28
    [utm_medium] => 
    [utm_source] => GVIC
    [utm_term] => 
    [clickid] => 1cb79dv8rir1z590
    [fbpxl] => 
)

----------- RESPONSE ---------
{"result":"ok"}
----------- END --------------
August 12, 2021, 2:33 am
----------- DATA -------------
Array
(
    [offerId] => 5876bfb5-5f26-4de9-8784-ec27e3449920
    [fio] => Froilan
    [phone] => (0999) 485 1299
    [email] => admin@admin.com
    [domain] => http://adltmedia.com/landers/60efdbc075747/limon.php
    [ip] => 103.91.141.51
    [utm_campaign] => 762
    [utm_content] => 28
    [utm_medium] => 
    [utm_source] => GVIC
    [utm_term] => 
    [clickid] => 078a4dv8r8pq5b4f
    [fbpxl] => 
)

----------- RESPONSE ---------
{"result":"ok"}
----------- END --------------
August 12, 2021, 5:29 am
----------- DATA -------------
Array
(
    [offerId] => 5876bfb5-5f26-4de9-8784-ec27e3449920
    [fio] => Arnel
    [phone] => 09956200948
    [email] => admin@admin.com
    [domain] => http://adltmedia.com/landers/60efdbc075747/limon.php
    [ip] => 175.176.80.157
    [utm_campaign] => 762
    [utm_content] => 28
    [utm_medium] => 
    [utm_source] => GVIC
    [utm_term] => 
    [clickid] => 86a56dv7v37fy195
    [fbpxl] => 
)

----------- RESPONSE ---------
{"result":"ok"}
----------- END --------------
August 12, 2021, 5:44 am
----------- DATA -------------
Array
(
    [offerId] => 5876bfb5-5f26-4de9-8784-ec27e3449920
    [fio] => Raymund tadios
    [phone] => 0975796757
    [email] => admin@admin.com
    [domain] => http://adltmedia.com/landers/60efdbc075747/limon.php
    [ip] => 49.151.41.158
    [utm_campaign] => 762
    [utm_content] => 28
    [utm_medium] => 
    [utm_source] => GVIC
    [utm_term] => 
    [clickid] => 9d13adv7vwhlpb83
    [fbpxl] => 
)

----------- RESPONSE ---------
{"result":"ok"}
----------- END --------------
August 12, 2021, 10:23 am
----------- DATA -------------
Array
(
    [offerId] => 5876bfb5-5f26-4de9-8784-ec27e3449920
    [fio] => Richard baldevieso
    [phone] => 09351383810
    [email] => admin@admin.com
    [domain] => http://adltmedia.com/landers/60efdbc075747/limon.php
    [ip] => 110.54.205.238
    [utm_campaign] => 762
    [utm_content] => 28
    [utm_medium] => 
    [utm_source] => GVIC
    [utm_term] => 
    [clickid] => 38ff9dv163vb7964
    [fbpxl] => 
)

----------- RESPONSE ---------
{"result":"ok"}
----------- END --------------
August 12, 2021, 10:42 am
----------- DATA -------------
Array
(
    [offerId] => 5876bfb5-5f26-4de9-8784-ec27e3449920
    [fio] => dave
    [phone] => 09057935780
    [email] => admin@admin.com
    [domain] => http://adltmedia.com/landers/60efdbc075747/limon.php
    [ip] => 119.92.143.233
    [utm_campaign] => 762
    [utm_content] => 28
    [utm_medium] => 
    [utm_source] => GVIC
    [utm_term] => 
    [clickid] => fd1ffdvcia4g6db1
    [fbpxl] => 
)

----------- RESPONSE ---------
{"result":"ok"}
----------- END --------------
August 12, 2021, 12:04 pm
----------- DATA -------------
Array
(
    [offerId] => 5876bfb5-5f26-4de9-8784-ec27e3449920
    [fio] => Reymond DELOS Santos
    [phone] => 09318326376
    [email] => admin@admin.com
    [domain] => http://adltmedia.com/landers/60efdbc075747/limon.php
    [ip] => 131.226.64.90
    [utm_campaign] => 762
    [utm_content] => 28
    [utm_medium] => 
    [utm_source] => GVIC
    [utm_term] => 
    [clickid] => 7a22advcirngm0ba
    [fbpxl] => 
)

----------- RESPONSE ---------
{"result":"ok"}
----------- END --------------
August 12, 2021, 1:04 pm
----------- DATA -------------
Array
(
    [offerId] => 5876bfb5-5f26-4de9-8784-ec27e3449920
    [fio] => Evian
    [phone] => 09125147331
    [email] => admin@admin.com
    [domain] => http://adltmedia.com/landers/60efdbc075747/limon.php
    [ip] => 175.176.77.190
    [utm_campaign] => 762
    [utm_content] => 28
    [utm_medium] => 
    [utm_source] => GVIC
    [utm_term] => 
    [clickid] => 39fcfdv52qdqdd2e
    [fbpxl] => 
)

----------- RESPONSE ---------
{"result":"ok"}
----------- END --------------
August 12, 2021, 1:56 pm
----------- DATA -------------
Array
(
    [offerId] => 5876bfb5-5f26-4de9-8784-ec27e3449920
    [fio] => Johan casio
    [phone] => 09977464046
    [email] => admin@admin.com
    [domain] => http://adltmedia.com/landers/60efdbc075747/limon.php
    [ip] => 110.54.175.237
    [utm_campaign] => 762
    [utm_content] => 28
    [utm_medium] => 
    [utm_source] => GVIC
    [utm_term] => 
    [clickid] => 2bce3dv52d5xr442
    [fbpxl] => 
)

----------- RESPONSE ---------
{"result":"ok"}
----------- END --------------
August 12, 2021, 1:58 pm
----------- DATA -------------
Array
(
    [offerId] => 5876bfb5-5f26-4de9-8784-ec27e3449920
    [fio] => Johan casio
    [phone] => 09977464046
    [email] => admin@admin.com
    [domain] => http://adltmedia.com/landers/60efdbc075747/limon.php
    [ip] => 110.54.175.237
    [utm_campaign] => 762
    [utm_content] => 28
    [utm_medium] => 
    [utm_source] => GVIC
    [utm_term] => 
    [clickid] => 2bce3dv52d5xr442
    [fbpxl] => 
)

----------- RESPONSE ---------
{"result":"ok"}
----------- END --------------
August 12, 2021, 2:20 pm
----------- DATA -------------
Array
(
    [offerId] => 5876bfb5-5f26-4de9-8784-ec27e3449920
    [fio] => Renato c sosa
    [phone] => Ío
    [email] => admin@admin.com
    [domain] => http://adltmedia.com/landers/60efdbc075747/limon.php
    [ip] => 136.158.82.255
    [utm_campaign] => 762
    [utm_content] => 28
    [utm_medium] => 
    [utm_source] => GVIC
    [utm_term] => 
    [clickid] => 273f5dva9wfg54dd
    [fbpxl] => 
)

----------- RESPONSE ---------
{"result":"ok"}
----------- END --------------
August 12, 2021, 2:20 pm
----------- DATA -------------
Array
(
    [offerId] => 5876bfb5-5f26-4de9-8784-ec27e3449920
    [fio] => Renato c sosa
    [phone] => Ío
    [email] => admin@admin.com
    [domain] => http://adltmedia.com/landers/60efdbc075747/limon.php
    [ip] => 136.158.82.255
    [utm_campaign] => 762
    [utm_content] => 28
    [utm_medium] => 
    [utm_source] => GVIC
    [utm_term] => 
    [clickid] => 273f5dva9wfg54dd
    [fbpxl] => 
)

----------- RESPONSE ---------
{"result":"ok"}
----------- END --------------
August 12, 2021, 2:47 pm
----------- DATA -------------
Array
(
    [offerId] => 5876bfb5-5f26-4de9-8784-ec27e3449920
    [fio] => Mark anthony
    [phone] => 09276415922
    [email] => admin@admin.com
    [domain] => http://adltmedia.com/landers/60efdbc075747/limon.php
    [ip] => 110.54.179.97
    [utm_campaign] => 762
    [utm_content] => 28
    [utm_medium] => 
    [utm_source] => GVIC
    [utm_term] => 
    [clickid] => e796fdvqdh9uq89a
    [fbpxl] => 
)

----------- RESPONSE ---------
{"result":"ok"}
----------- END --------------
August 12, 2021, 3:38 pm
----------- DATA -------------
Array
(
    [offerId] => 5876bfb5-5f26-4de9-8784-ec27e3449920
    [fio] => HAROLD
    [phone] => 09454892753
    [email] => admin@admin.com
    [domain] => http://adltmedia.com/landers/60efdbc075747/limon.php
    [ip] => 110.54.176.106
    [utm_campaign] => 762
    [utm_content] => 28
    [utm_medium] => 
    [utm_source] => GVIC
    [utm_term] => 
    [clickid] => a5effdvqdzwh96bd
    [fbpxl] => 
)

----------- RESPONSE ---------
{"result":"ok"}
----------- END --------------
August 12, 2021, 3:39 pm
----------- DATA -------------
Array
(
    [offerId] => 5876bfb5-5f26-4de9-8784-ec27e3449920
    [fio] => Lee Abby
    [phone] => 09978917822
    [email] => admin@admin.com
    [domain] => http://adltmedia.com/landers/60efdbc075747/limon.php
    [ip] => 110.54.176.106
    [utm_campaign] => 762
    [utm_content] => 28
    [utm_medium] => 
    [utm_source] => GVIC
    [utm_term] => 
    [clickid] => a5effdvqdzwh96bd
    [fbpxl] => 
)

----------- RESPONSE ---------
{"result":"ok"}
----------- END --------------
August 12, 2021, 3:40 pm
----------- DATA -------------
Array
(
    [offerId] => 5876bfb5-5f26-4de9-8784-ec27e3449920
    [fio] => Jie
    [phone] => 09289163213
    [email] => admin@admin.com
    [domain] => http://adltmedia.com/landers/60efdbc075747/limon.php
    [ip] => 110.54.176.106
    [utm_campaign] => 762
    [utm_content] => 28
    [utm_medium] => 
    [utm_source] => GVIC
    [utm_term] => 
    [clickid] => a5effdvqdzwh96bd
    [fbpxl] => 
)

----------- RESPONSE ---------
{"result":"ok"}
----------- END --------------
August 12, 2021, 4:17 pm
----------- DATA -------------
Array
(
    [offerId] => 5876bfb5-5f26-4de9-8784-ec27e3449920
    [fio] => Ronald Contaoi
    [phone] => 09291084998
    [email] => admin@admin.com
    [domain] => http://adltmedia.com/landers/60efdbc075747/limon.php
    [ip] => 152.32.98.3
    [utm_campaign] => 762
    [utm_content] => 28
    [utm_medium] => 
    [utm_source] => GVIC
    [utm_term] => 
    [clickid] => 9e7bbdvgmusgx5e6
    [fbpxl] => 
)

----------- RESPONSE ---------
{"result":"ok"}
----------- END --------------
August 12, 2021, 5:40 pm
----------- DATA -------------
Array
(
    [offerId] => 5876bfb5-5f26-4de9-8784-ec27e3449920
    [fio] => william oclarit
    [phone] => 09366112755
    [email] => admin@admin.com
    [domain] => http://adltmedia.com/landers/60efdbc075747/limon.php
    [ip] => 110.54.207.237
    [utm_campaign] => 762
    [utm_content] => 28
    [utm_medium] => 
    [utm_source] => GVIC
    [utm_term] => 
    [clickid] => d6339dvlphqc807a
    [fbpxl] => 
)

----------- RESPONSE ---------
{"result":"ok"}
----------- END --------------
August 12, 2021, 7:26 pm
----------- DATA -------------
Array
(
    [offerId] => 5876bfb5-5f26-4de9-8784-ec27e3449920
    [fio] => Jasper
    [phone] => +1639517902822
    [email] => admin@admin.com
    [domain] => http://adltmedia.com/landers/60efdbc075747/limon.php
    [ip] => 175.176.92.168
    [utm_campaign] => 762
    [utm_content] => 28
    [utm_medium] => 
    [utm_source] => GVIC
    [utm_term] => 
    [clickid] => 1a6cadvy9bgdv0eb
    [fbpxl] => 
)

----------- RESPONSE ---------
{"result":"ok"}
----------- END --------------
August 12, 2021, 8:25 pm
----------- DATA -------------
Array
(
    [offerId] => 5876bfb5-5f26-4de9-8784-ec27e3449920
    [fio] => Danielle
    [phone] => 09514798408
    [email] => admin@admin.com
    [domain] => http://adltmedia.com/landers/60efdbc075747/limon.php
    [ip] => 111.125.105.34
    [utm_campaign] => 762
    [utm_content] => 28
    [utm_medium] => 
    [utm_source] => GVIC
    [utm_term] => 
    [clickid] => 0e450dv4kb717c86
    [fbpxl] => 
)

----------- RESPONSE ---------
{"result":"ok"}
----------- END --------------
August 12, 2021, 9:54 pm
----------- DATA -------------
Array
(
    [offerId] => 5876bfb5-5f26-4de9-8784-ec27e3449920
    [fio] => danny tonido
    [phone] => 09124513691
    [email] => admin@admin.com
    [domain] => http://adltmedia.com/landers/60efdbc075747/limon.php
    [ip] => 110.54.165.145
    [utm_campaign] => 762
    [utm_content] => 28
    [utm_medium] => 
    [utm_source] => GVIC
    [utm_term] => 
    [clickid] => 679e1dvtwtwe83a7
    [fbpxl] => 
)

----------- RESPONSE ---------
{"result":"ok"}
----------- END --------------
August 12, 2021, 9:57 pm
----------- DATA -------------
Array
(
    [offerId] => 5876bfb5-5f26-4de9-8784-ec27e3449920
    [fio] => Ruel
    [phone] => 09079861649
    [email] => admin@admin.com
    [domain] => http://adltmedia.com/landers/60efdbc075747/limon.php
    [ip] => 120.28.193.60
    [utm_campaign] => 762
    [utm_content] => 28
    [utm_medium] => 
    [utm_source] => GVIC
    [utm_term] => 
    [clickid] => c626fdvtwghb4d1e
    [fbpxl] => 
)

----------- RESPONSE ---------
{"result":"ok"}
----------- END --------------
