August 5, 2021, 1:32 am
----------- DATA -------------
Array
(
    [offerId] => 5876bfb5-5f26-4de9-8784-ec27e3449920
    [fio] => rolly
    [phone] => 09467412128
    [email] => admin@admin.com
    [domain] => http://adltmedia.com/landers/60efdbc075747/limon.php
    [ip] => 175.176.92.149
    [utm_campaign] => 762
    [utm_content] => 28
    [utm_medium] => 
    [utm_source] => GVIC
    [utm_term] => 
    [clickid] => 077e4uqfv9lft8bc
    [fbpxl] => 
)

----------- RESPONSE ---------
{"result":"ok"}
----------- END --------------
August 5, 2021, 3:41 am
----------- DATA -------------
Array
(
    [offerId] => 5876bfb5-5f26-4de9-8784-ec27e3449920
    [fio] => Jason 
    [phone] => 09468107858
    [email] => admin@admin.com
    [domain] => http://adltmedia.com/landers/60efdbc075747/limon.php
    [ip] => 112.207.116.166
    [utm_campaign] => 762
    [utm_content] => 28
    [utm_medium] => 
    [utm_source] => GVIC
    [utm_term] => 
    [clickid] => 78eeeuquox99l378
    [fbpxl] => 
)

----------- RESPONSE ---------
{"result":"ok"}
----------- END --------------
August 5, 2021, 4:45 am
----------- DATA -------------
Array
(
    [offerId] => 5876bfb5-5f26-4de9-8784-ec27e3449920
    [fio] => Fermen abu
    [phone] => 0955296212
    [email] => admin@admin.com
    [domain] => http://adltmedia.com/landers/60efdbc075747/limon.php
    [ip] => 124.106.235.225
    [utm_campaign] => 762
    [utm_content] => 28
    [utm_medium] => 
    [utm_source] => GVIC
    [utm_term] => 
    [clickid] => 0b558uq3vhopm73d
    [fbpxl] => 
)

----------- RESPONSE ---------
{"result":"ok"}
----------- END --------------
August 5, 2021, 6:41 am
----------- DATA -------------
Array
(
    [offerId] => 5876bfb5-5f26-4de9-8784-ec27e3449920
    [fio] => Tristan john Gante 
    [phone] => 09513519486
    [email] => admin@admin.com
    [domain] => http://adltmedia.com/landers/60efdbc075747/limon.php
    [ip] => 49.150.249.109
    [utm_campaign] => 762
    [utm_content] => 28
    [utm_medium] => 
    [utm_source] => GVIC
    [utm_term] => 
    [clickid] => 25de6uqm7158waf9
    [fbpxl] => 
)

----------- RESPONSE ---------
{"result":"ok"}
----------- END --------------
August 5, 2021, 7:21 am
----------- DATA -------------
Array
(
    [offerId] => 5876bfb5-5f26-4de9-8784-ec27e3449920
    [fio] => Robin Ramos
    [phone] => 09062634423
    [email] => admin@admin.com
    [domain] => http://adltmedia.com/landers/60efdbc075747/limon.php
    [ip] => 119.92.149.206
    [utm_campaign] => 762
    [utm_content] => 28
    [utm_medium] => 
    [utm_source] => GVIC
    [utm_term] => 
    [clickid] => a3ccbuqibtwb4b2d
    [fbpxl] => 
)

----------- RESPONSE ---------
{"result":"ok"}
----------- END --------------
August 5, 2021, 7:23 am
----------- DATA -------------
Array
(
    [offerId] => 5876bfb5-5f26-4de9-8784-ec27e3449920
    [fio] => Robin Ramos
    [phone] => 09062634423
    [email] => admin@admin.com
    [domain] => http://adltmedia.com/landers/60efdbc075747/limon.php
    [ip] => 119.92.149.206
    [utm_campaign] => 762
    [utm_content] => 28
    [utm_medium] => 
    [utm_source] => GVIC
    [utm_term] => 
    [clickid] => a3ccbuqibtwb4b2d
    [fbpxl] => 
)

----------- RESPONSE ---------
{"result":"ok"}
----------- END --------------
August 5, 2021, 9:06 am
----------- DATA -------------
Array
(
    [offerId] => 5876bfb5-5f26-4de9-8784-ec27e3449920
    [fio] => ð‘´ð’‚ð’“ð’„ð’ð’Šð’ð’ ð’‘ ð’‚ð’ð’†ð’ˆð’“ð’“ ð’ð’‚ð’Œð’‚ ð’•ð’Šð’“ð’‚ ð’” ð’ð’‚ð’Žð’‘ð’Šð’–ð’‚ð’ ð’‚ð’–ð’“ð’ð’“ð’‚ ð’†ð’”ð’‚ð’ƒð’†ð’ð’‚
    [phone] => 09752519045
    [email] => admin@admin.com
    [domain] => http://adltmedia.com/landers/60efdbc075747/limon.php
    [ip] => 58.69.225.196
    [utm_campaign] => 762
    [utm_content] => 28
    [utm_medium] => 
    [utm_source] => GVIC
    [utm_term] => 
    [clickid] => 63cb7uqxr1mpm6a1
    [fbpxl] => 
)

----------- RESPONSE ---------
{"result":"ok"}
----------- END --------------
August 5, 2021, 9:20 am
----------- DATA -------------
Array
(
    [offerId] => 5876bfb5-5f26-4de9-8784-ec27e3449920
    [fio] => Jovel
    [phone] => 09632768512
    [email] => admin@admin.com
    [domain] => http://adltmedia.com/landers/60efdbc075747/limon.php
    [ip] => 2001:4453:6e3:cf00:d9f2:7c41:b1b5:f844
    [utm_campaign] => 762
    [utm_content] => 28
    [utm_medium] => 
    [utm_source] => GVIC
    [utm_term] => 
    [clickid] => 6b2c7uqfy17x92c6
    [fbpxl] => 
)

----------- RESPONSE ---------
{"result":"ok"}
----------- END --------------
August 5, 2021, 10:16 am
----------- DATA -------------
Array
(
    [offerId] => 5876bfb5-5f26-4de9-8784-ec27e3449920
    [fio] => Christian randel
    [phone] => 09319517666
    [email] => admin@admin.com
    [domain] => http://adltmedia.com/landers/60efdbc075747/limon.php
    [ip] => 180.195.197.168
    [utm_campaign] => 762
    [utm_content] => 28
    [utm_medium] => 
    [utm_source] => GVIC
    [utm_term] => 
    [clickid] => e9290uqfyrntw676
    [fbpxl] => 
)

----------- RESPONSE ---------
{"result":"ok"}
----------- END --------------
August 5, 2021, 11:46 am
----------- DATA -------------
Array
(
    [offerId] => 5876bfb5-5f26-4de9-8784-ec27e3449920
    [fio] => Michael
    [phone] => 09672969163
    [email] => admin@admin.com
    [domain] => http://adltmedia.com/landers/60efdbc075747/limon.php
    [ip] => 49.144.46.85
    [utm_campaign] => 762
    [utm_content] => 28
    [utm_medium] => 
    [utm_source] => GVIC
    [utm_term] => 
    [clickid] => cecd9uqktc8fv95f
    [fbpxl] => 
)

----------- RESPONSE ---------
{"result":"ok"}
----------- END --------------
August 5, 2021, 12:02 pm
----------- DATA -------------
Array
(
    [offerId] => 5876bfb5-5f26-4de9-8784-ec27e3449920
    [fio] => Alfredo dela cruz
    [phone] => 09453654142
    [email] => admin@admin.com
    [domain] => http://adltmedia.com/landers/60efdbc075747/limon.php
    [ip] => 110.54.135.89
    [utm_campaign] => 762
    [utm_content] => 28
    [utm_medium] => 
    [utm_source] => GVIC
    [utm_term] => 
    [clickid] => 1af33uqktuoe21ca
    [fbpxl] => 
)

----------- RESPONSE ---------
{"result":"ok"}
----------- END --------------
August 5, 2021, 12:52 pm
----------- DATA -------------
Array
(
    [offerId] => 5876bfb5-5f26-4de9-8784-ec27e3449920
    [fio] => Noe
    [phone] => +639557391416
    [email] => admin@admin.com
    [domain] => http://adltmedia.com/landers/60efdbc075747/limon.php
    [ip] => 112.211.2.41
    [utm_campaign] => 762
    [utm_content] => 28
    [utm_medium] => 
    [utm_source] => GVIC
    [utm_term] => 
    [clickid] => 743a7uqwhtwa7844
    [fbpxl] => 
)

----------- RESPONSE ---------
{"result":"ok"}
----------- END --------------
August 5, 2021, 1:11 pm
----------- DATA -------------
Array
(
    [offerId] => 5876bfb5-5f26-4de9-8784-ec27e3449920
    [fio] => Junjun 
    [phone] => 09107525874
    [email] => admin@admin.com
    [domain] => http://adltmedia.com/landers/60efdbc075747/limon.php
    [ip] => 2001:4450:81cc:4700:83a:90bc:b5bd:66d
    [utm_campaign] => 762
    [utm_content] => 28
    [utm_medium] => 
    [utm_source] => GVIC
    [utm_term] => 
    [clickid] => fad1cuqwh1nj699d
    [fbpxl] => 
)

----------- RESPONSE ---------
{"result":"ok"}
----------- END --------------
August 5, 2021, 2:22 pm
----------- DATA -------------
Array
(
    [offerId] => 5876bfb5-5f26-4de9-8784-ec27e3449920
    [fio] => Joven barotilla
    [phone] => O9213511704
    [email] => admin@admin.com
    [domain] => http://adltmedia.com/landers/60efdbc075747/limon.php
    [ip] => 112.201.11.29
    [utm_campaign] => 762
    [utm_content] => 28
    [utm_medium] => 
    [utm_source] => GVIC
    [utm_term] => 
    [clickid] => e7481uq4pcia406b
    [fbpxl] => 
)

----------- RESPONSE ---------
{"result":"ok"}
----------- END --------------
August 5, 2021, 2:22 pm
----------- DATA -------------
Array
(
    [offerId] => 5876bfb5-5f26-4de9-8784-ec27e3449920
    [fio] => Joven barotilla
    [phone] => O9213511704
    [email] => admin@admin.com
    [domain] => http://adltmedia.com/landers/60efdbc075747/limon.php
    [ip] => 112.201.11.29
    [utm_campaign] => 762
    [utm_content] => 28
    [utm_medium] => 
    [utm_source] => GVIC
    [utm_term] => 
    [clickid] => e7481uq4pcia406b
    [fbpxl] => 
)

----------- RESPONSE ---------
{"result":"ok"}
----------- END --------------
August 5, 2021, 3:58 pm
----------- DATA -------------
Array
(
    [offerId] => 5876bfb5-5f26-4de9-8784-ec27e3449920
    [fio] => Chito
    [phone] => 09755154927
    [email] => admin@admin.com
    [domain] => http://adltmedia.com/landers/60efdbc075747/limon.php
    [ip] => 110.54.151.134
    [utm_campaign] => 762
    [utm_content] => 28
    [utm_medium] => 
    [utm_source] => GVIC
    [utm_term] => 
    [clickid] => 4d57cuqocgmb7319
    [fbpxl] => 
)

----------- RESPONSE ---------
{"result":"ok"}
----------- END --------------
August 5, 2021, 5:13 pm
----------- DATA -------------
Array
(
    [offerId] => 5876bfb5-5f26-4de9-8784-ec27e3449920
    [fio] => Erwin D galor
    [phone] => 09461837824
    [email] => admin@admin.com
    [domain] => http://adltmedia.com/landers/60efdbc075747/limon.php
    [ip] => 49.145.105.130
    [utm_campaign] => 762
    [utm_content] => 28
    [utm_medium] => 
    [utm_source] => GVIC
    [utm_term] => 
    [clickid] => dc89euq15q59r0e4
    [fbpxl] => 
)

----------- RESPONSE ---------
{"result":"ok"}
----------- END --------------
August 5, 2021, 8:05 pm
----------- DATA -------------
Array
(
    [offerId] => 5876bfb5-5f26-4de9-8784-ec27e3449920
    [fio] => Paul John aguirre
    [phone] => 09611342540
    [email] => admin@admin.com
    [domain] => http://adltmedia.com/landers/60efdbc075747/limon.php
    [ip] => 49.145.168.142
    [utm_campaign] => 762
    [utm_content] => 28
    [utm_medium] => 
    [utm_source] => GVIC
    [utm_term] => 
    [clickid] => 42382uqg6ej9z371
    [fbpxl] => 
)

----------- RESPONSE ---------
{"result":"ok"}
----------- END --------------
August 5, 2021, 8:07 pm
----------- DATA -------------
Array
(
    [offerId] => 5876bfb5-5f26-4de9-8784-ec27e3449920
    [fio] => Clyde
    [phone] => 09756254591
    [email] => admin@admin.com
    [domain] => http://adltmedia.com/landers/60efdbc075747/limon.php
    [ip] => 122.52.190.67
    [utm_campaign] => 762
    [utm_content] => 28
    [utm_medium] => 
    [utm_source] => GVIC
    [utm_term] => 
    [clickid] => 47eafuqg6wh8re10
    [fbpxl] => 
)

----------- RESPONSE ---------
{"result":"ok"}
----------- END --------------
