August 16, 2021, 12:06 am
----------- DATA -------------
Array
(
    [offerId] => 5876bfb5-5f26-4de9-8784-ec27e3449920
    [fio] => Ronald Cal
    [phone] => 09098062322
    [email] => admin@admin.com
    [domain] => http://adltmedia.com/landers/60efdbc075747/limon.php
    [ip] => 119.92.119.232
    [utm_campaign] => 762
    [utm_content] => 28
    [utm_medium] => 
    [utm_source] => GVIC
    [utm_term] => 
    [clickid] => bf768dvikgmbzeaa
    [fbpxl] => 
)

----------- RESPONSE ---------
{"result":"ok"}
----------- END --------------
August 16, 2021, 5:18 am
----------- DATA -------------
Array
(
    [offerId] => 5876bfb5-5f26-4de9-8784-ec27e3449920
    [fio] => Marvin
    [phone] => 09551163401
    [email] => admin@admin.com
    [domain] => http://adltmedia.com/landers/60efdbc075747/limon.php
    [ip] => 49.149.64.50
    [utm_campaign] => 762
    [utm_content] => 28
    [utm_medium] => 
    [utm_source] => GVIC
    [utm_term] => 
    [clickid] => 1630bdvuohok2415
    [fbpxl] => 
)

----------- RESPONSE ---------
{"result":"ok"}
----------- END --------------
August 16, 2021, 5:35 am
----------- DATA -------------
Array
(
    [offerId] => 5876bfb5-5f26-4de9-8784-ec27e3449920
    [fio] => Estela 
    [phone] => 09306844105
    [email] => admin@admin.com
    [domain] => http://adltmedia.com/landers/60efdbc075747/limon.php
    [ip] => 175.176.93.237
    [utm_campaign] => 762
    [utm_content] => 28
    [utm_medium] => 
    [utm_source] => GVIC
    [utm_term] => 
    [clickid] => ca7d2dvuotlxi0ae
    [fbpxl] => 
)

----------- RESPONSE ---------
{"result":"ok"}
----------- END --------------
August 16, 2021, 12:12 pm
----------- DATA -------------
Array
(
    [offerId] => 5876bfb5-5f26-4de9-8784-ec27e3449920
    [fio] => Allan
    [phone] => 9605286402
    [email] => admin@admin.com
    [domain] => http://adltmedia.com/landers/60efdbc075747/limon.php
    [ip] => 175.176.67.176
    [utm_campaign] => 762
    [utm_content] => 28
    [utm_medium] => 
    [utm_source] => GVIC
    [utm_term] => 
    [clickid] => d9cefdvxrtwa715c
    [fbpxl] => 
)

----------- RESPONSE ---------
{"result":"ok"}
----------- END --------------
August 16, 2021, 12:43 pm
----------- DATA -------------
Array
(
    [offerId] => 5876bfb5-5f26-4de9-8784-ec27e3449920
    [fio] => John michael
    [phone] => 09632036734
    [email] => admin@admin.com
    [domain] => http://adltmedia.com/landers/60efdbc075747/limon.php
    [ip] => 136.158.3.249
    [utm_campaign] => 762
    [utm_content] => 28
    [utm_medium] => 
    [utm_source] => GVIC
    [utm_term] => 
    [clickid] => fa5d2dvxr1ng6730
    [fbpxl] => 
)

----------- RESPONSE ---------
{"result":"ok"}
----------- END --------------
August 16, 2021, 1:56 pm
----------- DATA -------------
Array
(
    [offerId] => 5876bfb5-5f26-4de9-8784-ec27e3449920
    [fio] => Jaybee
    [phone] => 09151672247
    [email] => admin@admin.com
    [domain] => http://adltmedia.com/landers/60efdbc075747/limon.php
    [ip] => 110.54.148.245
    [utm_campaign] => 762
    [utm_content] => 28
    [utm_medium] => 
    [utm_source] => GVIC
    [utm_term] => 
    [clickid] => 312a5dvfyfn3z9ae
    [fbpxl] => 
)

----------- RESPONSE ---------
{"result":"ok"}
----------- END --------------
August 16, 2021, 1:57 pm
----------- DATA -------------
Array
(
    [offerId] => 5876bfb5-5f26-4de9-8784-ec27e3449920
    [fio] => Jaybee
    [phone] => 09151672247
    [email] => admin@admin.com
    [domain] => http://adltmedia.com/landers/60efdbc075747/limon.php
    [ip] => 110.54.148.245
    [utm_campaign] => 762
    [utm_content] => 28
    [utm_medium] => 
    [utm_source] => GVIC
    [utm_term] => 
    [clickid] => 312a5dvfyfn3z9ae
    [fbpxl] => 
)

----------- RESPONSE ---------
{"result":"ok"}
----------- END --------------
August 16, 2021, 2:13 pm
----------- DATA -------------
Array
(
    [offerId] => 5876bfb5-5f26-4de9-8784-ec27e3449920
    [fio] => dondi delos santos
    [phone] => 09324494830
    [email] => admin@admin.com
    [domain] => http://adltmedia.com/landers/60efdbc075747/limon.php
    [ip] => 2404:3c00:a0bf:4d00:24a5:a378:cba9:f924
    [utm_campaign] => 762
    [utm_content] => 28
    [utm_medium] => 
    [utm_source] => GVIC
    [utm_term] => 
    [clickid] => 01742dvfylpocddf
    [fbpxl] => 
)

----------- RESPONSE ---------
{"result":"ok"}
----------- END --------------
August 16, 2021, 2:44 pm
----------- DATA -------------
Array
(
    [offerId] => 5876bfb5-5f26-4de9-8784-ec27e3449920
    [fio] => Warlito ebesa
    [phone] => 09626204856
    [email] => admin@admin.com
    [domain] => http://adltmedia.com/landers/60efdbc075747/limon.php
    [ip] => 180.190.166.102
    [utm_campaign] => 762
    [utm_content] => 28
    [utm_medium] => 
    [utm_source] => GVIC
    [utm_term] => 
    [clickid] => 3ae21dvfy9rb7f38
    [fbpxl] => 
)

----------- RESPONSE ---------
{"result":"ok"}
----------- END --------------
