August 18, 2021, 2:28 am
----------- DATA -------------
Array
(
    [offerId] => 5876bfb5-5f26-4de9-8784-ec27e3449920
    [fio] => Mel
    [phone] => 09171930919
    [email] => admin@admin.com
    [domain] => http://adltmedia.com/landers/60efdbc075747/limon.php
    [ip] => 49.144.232.66
    [utm_campaign] => 762
    [utm_content] => 28
    [utm_medium] => 
    [utm_source] => GVIC
    [utm_term] => 
    [clickid] => 54855j617qny9f8a
    [fbpxl] => 
)

----------- RESPONSE ---------
{"result":"ok"}
----------- END --------------
August 18, 2021, 2:37 am
----------- DATA -------------
Array
(
    [offerId] => 5876bfb5-5f26-4de9-8784-ec27e3449920
    [fio] => Thxad novem carollo
    [phone] => 09657459536
    [email] => admin@admin.com
    [domain] => http://adltmedia.com/landers/60efdbc075747/limon.php
    [ip] => 175.176.71.5
    [utm_campaign] => 762
    [utm_content] => 28
    [utm_medium] => 
    [utm_source] => GVIC
    [utm_term] => 
    [clickid] => 56972j6h9a2sc2c5
    [fbpxl] => 
)

----------- RESPONSE ---------
{"result":"ok"}
----------- END --------------
August 18, 2021, 2:37 am
----------- DATA -------------
Array
(
    [offerId] => 5876bfb5-5f26-4de9-8784-ec27e3449920
    [fio] => Thxad novem carollo
    [phone] => 09657459536
    [email] => admin@admin.com
    [domain] => http://adltmedia.com/landers/60efdbc075747/limon.php
    [ip] => 175.176.71.5
    [utm_campaign] => 762
    [utm_content] => 28
    [utm_medium] => 
    [utm_source] => GVIC
    [utm_term] => 
    [clickid] => 56972j6h9a2sc2c5
    [fbpxl] => 
)

----------- RESPONSE ---------
{"result":"ok"}
----------- END --------------
August 18, 2021, 7:01 am
----------- DATA -------------
Array
(
    [offerId] => 5876bfb5-5f26-4de9-8784-ec27e3449920
    [fio] => Abys
    [phone] => 09864257426
    [email] => admin@admin.com
    [domain] => http://adltmedia.com/landers/60efdbc075747/limon.php
    [ip] => 124.107.253.151
    [utm_campaign] => 762
    [utm_content] => 28
    [utm_medium] => 
    [utm_source] => GVIC
    [utm_term] => 
    [clickid] => 126f5j6pm9lfnec5
    [fbpxl] => 
)

----------- RESPONSE ---------
{"result":"ok"}
----------- END --------------
August 18, 2021, 7:07 am
----------- DATA -------------
Array
(
    [offerId] => 5876bfb5-5f26-4de9-8784-ec27e3449920
    [fio] => Ella enriquez
    [phone] => 09352062360
    [email] => admin@admin.com
    [domain] => http://adltmedia.com/landers/60efdbc075747/limon.php
    [ip] => 110.54.175.3
    [utm_campaign] => 762
    [utm_content] => 28
    [utm_medium] => 
    [utm_source] => GVIC
    [utm_term] => 
    [clickid] => 6e774j6pm9rrn329
    [fbpxl] => 
)

----------- RESPONSE ---------
{"result":"ok"}
----------- END --------------
August 18, 2021, 7:25 am
----------- DATA -------------
Array
(
    [offerId] => 5876bfb5-5f26-4de9-8784-ec27e3449920
    [fio] => Ariel  
    [phone] => 09467513545
    [email] => admin@admin.com
    [domain] => http://adltmedia.com/landers/60efdbc075747/limon.php
    [ip] => 210.185.171.190
    [utm_campaign] => 762
    [utm_content] => 28
    [utm_medium] => 
    [utm_source] => GVIC
    [utm_term] => 
    [clickid] => ca584j6pmp2a401a
    [fbpxl] => 
)

----------- RESPONSE ---------
{"result":"ok"}
----------- END --------------
August 18, 2021, 8:11 am
----------- DATA -------------
Array
(
    [offerId] => 5876bfb5-5f26-4de9-8784-ec27e3449920
    [fio] => Domer Allauigan
    [phone] => 09618885901
    [email] => admin@admin.com
    [domain] => http://adltmedia.com/landers/60efdbc075747/limon.php
    [ip] => 112.200.192.50
    [utm_campaign] => 762
    [utm_content] => 28
    [utm_medium] => 
    [utm_source] => GVIC
    [utm_term] => 
    [clickid] => f6f32j6usqda5570
    [fbpxl] => 
)

----------- RESPONSE ---------
{"result":"ok"}
----------- END --------------
August 18, 2021, 10:20 am
----------- DATA -------------
Array
(
    [offerId] => 5876bfb5-5f26-4de9-8784-ec27e3449920
    [fio] => you havea record
    [phone] => orderofGovTabios
    [email] => admin@admin.com
    [domain] => http://adltmedia.com/landers/60efdbc075747/limon.php
    [ip] => 2001:4455:66c:2d00:f0cc:f5be:2d9e:4283
    [utm_campaign] => 762
    [utm_content] => 28
    [utm_medium] => 
    [utm_source] => GVIC
    [utm_term] => 
    [clickid] => fa140j6xszw1mbdd
    [fbpxl] => 
)

----------- RESPONSE ---------
{"result":"ok"}
----------- END --------------
August 18, 2021, 10:44 am
----------- DATA -------------
Array
(
    [offerId] => 5876bfb5-5f26-4de9-8784-ec27e3449920
    [fio] => Louther loyd o latido
    [phone] => 09551397976
    [email] => admin@admin.com
    [domain] => http://adltmedia.com/landers/60efdbc075747/limon.php
    [ip] => 124.106.173.143
    [utm_campaign] => 762
    [utm_content] => 28
    [utm_medium] => 
    [utm_source] => GVIC
    [utm_term] => 
    [clickid] => 4fecej6xsocxrbc3
    [fbpxl] => 
)

----------- RESPONSE ---------
{"result":"ok"}
----------- END --------------
August 18, 2021, 10:53 am
----------- DATA -------------
Array
(
    [offerId] => 5876bfb5-5f26-4de9-8784-ec27e3449920
    [fio] => Robertalmojuela
    [phone] => 09632215097
    [email] => admin@admin.com
    [domain] => http://adltmedia.com/landers/60efdbc075747/limon.php
    [ip] => 49.146.172.118
    [utm_campaign] => 762
    [utm_content] => 28
    [utm_medium] => 
    [utm_source] => GVIC
    [utm_term] => 
    [clickid] => fd185j6fna0p2f8e
    [fbpxl] => 
)

----------- RESPONSE ---------
{"result":"ok"}
----------- END --------------
August 18, 2021, 12:33 pm
----------- DATA -------------
Array
(
    [offerId] => 5876bfb5-5f26-4de9-8784-ec27e3449920
    [fio] => Ronald James d. Valdez
    [phone] => 09319634259
    [email] => admin@admin.com
    [domain] => http://adltmedia.com/landers/60efdbc075747/limon.php
    [ip] => 136.158.40.153
    [utm_campaign] => 762
    [utm_content] => 28
    [utm_medium] => 
    [utm_source] => GVIC
    [utm_term] => 
    [clickid] => 54e40j6fnrna90d1
    [fbpxl] => 
)

----------- RESPONSE ---------
{"result":"ok"}
----------- END --------------
August 18, 2021, 12:36 pm
----------- DATA -------------
Array
(
    [offerId] => 5876bfb5-5f26-4de9-8784-ec27e3449920
    [fio] => Wewe
    [phone] => 08357567393
    [email] => admin@admin.com
    [domain] => http://adltmedia.com/landers/60efdbc075747/limon.php
    [ip] => 49.145.229.29
    [utm_campaign] => 762
    [utm_content] => 28
    [utm_medium] => 
    [utm_source] => GVIC
    [utm_term] => 
    [clickid] => 6921fj6fnuoik0c1
    [fbpxl] => 
)

----------- RESPONSE ---------
{"result":"ok"}
----------- END --------------
August 18, 2021, 12:37 pm
----------- DATA -------------
Array
(
    [offerId] => 5876bfb5-5f26-4de9-8784-ec27e3449920
    [fio] => Wewe
    [phone] => 08357567393
    [email] => admin@admin.com
    [domain] => http://adltmedia.com/landers/60efdbc075747/limon.php
    [ip] => 49.145.229.29
    [utm_campaign] => 762
    [utm_content] => 28
    [utm_medium] => 
    [utm_source] => GVIC
    [utm_term] => 
    [clickid] => 6921fj6fnuoik0c1
    [fbpxl] => 
)

----------- RESPONSE ---------
{"result":"ok"}
----------- END --------------
August 18, 2021, 1:02 pm
----------- DATA -------------
Array
(
    [offerId] => 5876bfb5-5f26-4de9-8784-ec27e3449920
    [fio] => Robert patawaran
    [phone] => 09301767166
    [email] => admin@admin.com
    [domain] => http://adltmedia.com/landers/60efdbc075747/limon.php
    [ip] => 110.54.155.250
    [utm_campaign] => 762
    [utm_content] => 28
    [utm_medium] => 
    [utm_source] => GVIC
    [utm_term] => 
    [clickid] => a1aafj6fn9zoc392
    [fbpxl] => 
)

----------- RESPONSE ---------
{"result":"ok"}
----------- END --------------
August 18, 2021, 2:37 pm
----------- DATA -------------
Array
(
    [offerId] => 5876bfb5-5f26-4de9-8784-ec27e3449920
    [fio] => Vincent M Bartolo
    [phone] => 09352021462
    [email] => admin@admin.com
    [domain] => http://adltmedia.com/landers/60efdbc075747/limon.php
    [ip] => 110.54.146.228
    [utm_campaign] => 762
    [utm_content] => 28
    [utm_medium] => 
    [utm_source] => GVIC
    [utm_term] => 
    [clickid] => fdb22j6bzuoxr6ea
    [fbpxl] => 
)

----------- RESPONSE ---------
{"result":"ok"}
----------- END --------------
August 18, 2021, 2:38 pm
----------- DATA -------------
Array
(
    [offerId] => 5876bfb5-5f26-4de9-8784-ec27e3449920
    [fio] => Diosdado atis
    [phone] => 09063277506
    [email] => admin@admin.com
    [domain] => http://adltmedia.com/landers/60efdbc075747/limon.php
    [ip] => 141.0.9.29
    [utm_campaign] => 762
    [utm_content] => 28
    [utm_medium] => 
    [utm_source] => GVIC
    [utm_term] => 
    [clickid] => 32633j6bzsyy91b9
    [fbpxl] => 
)

----------- RESPONSE ---------
{"result":"ok"}
----------- END --------------
August 18, 2021, 3:29 pm
----------- DATA -------------
Array
(
    [offerId] => 5876bfb5-5f26-4de9-8784-ec27e3449920
    [fio] => Jonnel manalo 
    [phone] => 09533928147
    [email] => admin@admin.com
    [domain] => http://adltmedia.com/landers/60efdbc075747/limon.php
    [ip] => 2001:4455:13d:4f00:19e2:1380:a984:4cd8
    [utm_campaign] => 762
    [utm_content] => 28
    [utm_medium] => 
    [utm_source] => GVIC
    [utm_term] => 
    [clickid] => 8b8cfj68rgm52fce
    [fbpxl] => 
)

----------- RESPONSE ---------
{"result":"ok"}
----------- END --------------
August 18, 2021, 3:38 pm
----------- DATA -------------
Array
(
    [offerId] => 5876bfb5-5f26-4de9-8784-ec27e3449920
    [fio] => earl
    [phone] => 09153094096
    [email] => admin@admin.com
    [domain] => http://adltmedia.com/landers/60efdbc075747/limon.php
    [ip] => 110.54.247.81
    [utm_campaign] => 762
    [utm_content] => 28
    [utm_medium] => 
    [utm_source] => GVIC
    [utm_term] => 
    [clickid] => d8044j68ru3rn6cc
    [fbpxl] => 
)

----------- RESPONSE ---------
{"result":"ok"}
----------- END --------------
August 18, 2021, 5:00 pm
----------- DATA -------------
Array
(
    [offerId] => 5876bfb5-5f26-4de9-8784-ec27e3449920
    [fio] => richard 
    [phone] => 09658303558
    [email] => admin@admin.com
    [domain] => http://adltmedia.com/landers/60efdbc075747/limon.php
    [ip] => 110.54.204.99
    [utm_campaign] => 762
    [utm_content] => 28
    [utm_medium] => 
    [utm_source] => GVIC
    [utm_term] => 
    [clickid] => cb0afj67vuqj23b8
    [fbpxl] => 
)

----------- RESPONSE ---------
{"result":"ok"}
----------- END --------------
August 18, 2021, 8:41 pm
----------- DATA -------------
Array
(
    [offerId] => 5876bfb5-5f26-4de9-8784-ec27e3449920
    [fio] => Alejandro
    [phone] => 09384757820
    [email] => admin@admin.com
    [domain] => http://adltmedia.com/landers/60efdbc075747/limon.php
    [ip] => 110.54.170.44
    [utm_campaign] => 762
    [utm_content] => 28
    [utm_medium] => 
    [utm_source] => GVIC
    [utm_term] => 
    [clickid] => b96bfj6ciuqfy49f
    [fbpxl] => 
)

----------- RESPONSE ---------
{"result":"ok"}
----------- END --------------
August 18, 2021, 9:40 pm
----------- DATA -------------
Array
(
    [offerId] => 5876bfb5-5f26-4de9-8784-ec27e3449920
    [fio] => Melchor lizarondo
    [phone] => 09165043593
    [email] => admin@admin.com
    [domain] => http://adltmedia.com/landers/60efdbc075747/limon.php
    [ip] => 110.54.151.137
    [utm_campaign] => 762
    [utm_content] => 28
    [utm_medium] => 
    [utm_source] => GVIC
    [utm_term] => 
    [clickid] => b8442j652a61md55
    [fbpxl] => 
)

----------- RESPONSE ---------
{"result":"ok"}
----------- END --------------
