August 20, 2021, 4:02 am
----------- DATA -------------
Array
(
    [offerId] => 5876bfb5-5f26-4de9-8784-ec27e3449920
    [fio] => 09517301100
    [phone] => 09517301100
    [email] => admin@admin.com
    [domain] => http://adltmedia.com/landers/60efdbc075747/limon.php
    [ip] => 175.176.12.41
    [utm_campaign] => 762
    [utm_content] => 28
    [utm_medium] => 
    [utm_source] => GVIC
    [utm_term] => 
    [clickid] => 14285j65mslgmecb
    [fbpxl] => 
)

----------- RESPONSE ---------
{"result":"ok"}
----------- END --------------
August 20, 2021, 4:54 am
----------- DATA -------------
Array
(
    [offerId] => 5876bfb5-5f26-4de9-8784-ec27e3449920
    [fio] => Bryan abellano
    [phone] => 09093396261
    [email] => admin@admin.com
    [domain] => http://adltmedia.com/landers/60efdbc075747/limon.php
    [ip] => 175.176.60.15
    [utm_campaign] => 762
    [utm_content] => 28
    [utm_medium] => 
    [utm_source] => GVIC
    [utm_term] => 
    [clickid] => d4a2cj6ydnt466e3
    [fbpxl] => 
)

----------- RESPONSE ---------
{"result":"ok"}
----------- END --------------
August 20, 2021, 5:49 am
----------- DATA -------------
Array
(
    [offerId] => 5876bfb5-5f26-4de9-8784-ec27e3449920
    [fio] => sohairah
    [phone] => 09517020642
    [email] => admin@admin.com
    [domain] => http://adltmedia.com/landers/60efdbc075747/limon.php
    [ip] => 136.158.101.47
    [utm_campaign] => 762
    [utm_content] => 28
    [utm_medium] => 
    [utm_source] => GVIC
    [utm_term] => 
    [clickid] => 29785j6ydfyxs094
    [fbpxl] => 
)

----------- RESPONSE ---------
{"result":"ok"}
----------- END --------------
August 20, 2021, 6:50 am
----------- DATA -------------
Array
(
    [offerId] => 5876bfb5-5f26-4de9-8784-ec27e3449920
    [fio] => Joenard Villanueva
    [phone] => 09273973987
    [email] => admin@admin.com
    [domain] => http://adltmedia.com/landers/60efdbc075747/limon.php
    [ip] => 112.198.163.153
    [utm_campaign] => 762
    [utm_content] => 28
    [utm_medium] => 
    [utm_source] => GVIC
    [utm_term] => 
    [clickid] => 30c45j61ze2a42bc
    [fbpxl] => 
)

----------- RESPONSE ---------
{"result":"ok"}
----------- END --------------
August 20, 2021, 11:31 am
----------- DATA -------------
Array
(
    [offerId] => 5876bfb5-5f26-4de9-8784-ec27e3449920
    [fio] => Sairel
    [phone] => 09663575569
    [email] => admin@admin.com
    [domain] => http://adltmedia.com/landers/60efdbc075747/limon.php
    [ip] => 110.54.203.28
    [utm_campaign] => 762
    [utm_content] => 28
    [utm_medium] => 
    [utm_source] => GVIC
    [utm_term] => 
    [clickid] => 19172j69lfy9z8f8
    [fbpxl] => 
)

----------- RESPONSE ---------
{"result":"ok"}
----------- END --------------
August 20, 2021, 11:36 am
----------- DATA -------------
Array
(
    [offerId] => 5876bfb5-5f26-4de9-8784-ec27e3449920
    [fio] => Williampendilla
    [phone] => 09506090249
    [email] => admin@admin.com
    [domain] => http://adltmedia.com/landers/60efdbc075747/limon.php
    [ip] => 175.176.4.194
    [utm_campaign] => 762
    [utm_content] => 28
    [utm_medium] => 
    [utm_source] => GVIC
    [utm_term] => 
    [clickid] => d1005j69luohq66d
    [fbpxl] => 
)

----------- RESPONSE ---------
{"result":"ok"}
----------- END --------------
August 20, 2021, 2:15 pm
----------- DATA -------------
Array
(
    [offerId] => 5876bfb5-5f26-4de9-8784-ec27e3449920
    [fio] => Ramonito sobrevega
    [phone] => 09155288336
    [email] => admin@admin.com
    [domain] => http://adltmedia.com/landers/60efdbc075747/limon.php
    [ip] => 175.176.43.105
    [utm_campaign] => 762
    [utm_content] => 28
    [utm_medium] => 
    [utm_source] => GVIC
    [utm_term] => 
    [clickid] => 7d6eaj63zejb7150
    [fbpxl] => 
)

----------- RESPONSE ---------
{"result":"ok"}
----------- END --------------
August 20, 2021, 2:18 pm
----------- DATA -------------
Array
(
    [offerId] => 5876bfb5-5f26-4de9-8784-ec27e3449920
    [fio] => Ramonito sobrevega
    [phone] => 09155288336
    [email] => admin@admin.com
    [domain] => http://adltmedia.com/landers/60efdbc075747/limon.php
    [ip] => 175.176.43.105
    [utm_campaign] => 762
    [utm_content] => 28
    [utm_medium] => 
    [utm_source] => GVIC
    [utm_term] => 
    [clickid] => 7d6eaj63zejb7150
    [fbpxl] => 
)

----------- RESPONSE ---------
{"result":"ok"}
----------- END --------------
August 20, 2021, 2:24 pm
----------- DATA -------------
Array
(
    [offerId] => 5876bfb5-5f26-4de9-8784-ec27e3449920
    [fio] => Mrgemini Urriza
    [phone] => 09300797272
    [email] => admin@admin.com
    [domain] => http://adltmedia.com/landers/60efdbc075747/limon.php
    [ip] => 49.144.205.222
    [utm_campaign] => 762
    [utm_content] => 28
    [utm_medium] => 
    [utm_source] => GVIC
    [utm_term] => 
    [clickid] => 700b3j63zm7cia47
    [fbpxl] => 
)

----------- RESPONSE ---------
{"result":"ok"}
----------- END --------------
August 20, 2021, 3:13 pm
----------- DATA -------------
Array
(
    [offerId] => 5876bfb5-5f26-4de9-8784-ec27e3449920
    [fio] => antonio
    [phone] => 09096013326
    [email] => admin@admin.com
    [domain] => http://adltmedia.com/landers/60efdbc075747/limon.php
    [ip] => 110.54.178.217
    [utm_campaign] => 762
    [utm_content] => 28
    [utm_medium] => 
    [utm_source] => GVIC
    [utm_term] => 
    [clickid] => a9600j6b79l4p33f
    [fbpxl] => 
)

----------- RESPONSE ---------
{"result":"ok"}
----------- END --------------
August 20, 2021, 3:31 pm
----------- DATA -------------
Array
(
    [offerId] => 5876bfb5-5f26-4de9-8784-ec27e3449920
    [fio] => Vincent trongcoso
    [phone] => 09263730168
    [email] => admin@admin.com
    [domain] => http://adltmedia.com/landers/60efdbc075747/limon.php
    [ip] => 122.54.88.121
    [utm_campaign] => 762
    [utm_content] => 28
    [utm_medium] => 
    [utm_source] => GVIC
    [utm_term] => 
    [clickid] => c5cbej6b7bga6751
    [fbpxl] => 
)

----------- RESPONSE ---------
{"result":"ok"}
----------- END --------------
August 20, 2021, 3:53 pm
----------- DATA -------------
Array
(
    [offerId] => 5876bfb5-5f26-4de9-8784-ec27e3449920
    [fio] => Dhong Lusbog
    [phone] => 09261873599
    [email] => admin@admin.com
    [domain] => http://adltmedia.com/landers/60efdbc075747/limon.php
    [ip] => 110.54.187.92
    [utm_campaign] => 762
    [utm_content] => 28
    [utm_medium] => 
    [utm_source] => GVIC
    [utm_term] => 
    [clickid] => 9fbb7j6e2bzduae4
    [fbpxl] => 
)

----------- RESPONSE ---------
{"result":"ok"}
----------- END --------------
August 20, 2021, 4:12 pm
----------- DATA -------------
Array
(
    [offerId] => 5876bfb5-5f26-4de9-8784-ec27e3449920
    [fio] => sam 
    [phone] => 09615130320
    [email] => admin@admin.com
    [domain] => http://adltmedia.com/landers/60efdbc075747/limon.php
    [ip] => 112.200.156.33
    [utm_campaign] => 762
    [utm_content] => 28
    [utm_medium] => 
    [utm_source] => GVIC
    [utm_term] => 
    [clickid] => bdc84j6e2cixr5fa
    [fbpxl] => 
)

----------- RESPONSE ---------
{"result":"ok"}
----------- END --------------
August 20, 2021, 4:13 pm
----------- DATA -------------
Array
(
    [offerId] => 5876bfb5-5f26-4de9-8784-ec27e3449920
    [fio] => Engilou
    [phone] => 09300014820
    [email] => admin@admin.com
    [domain] => http://adltmedia.com/landers/60efdbc075747/limon.php
    [ip] => 223.25.11.30
    [utm_campaign] => 762
    [utm_content] => 28
    [utm_medium] => 
    [utm_source] => GVIC
    [utm_term] => 
    [clickid] => 3a5a9j6e29rj2ab4
    [fbpxl] => 
)

----------- RESPONSE ---------
{"result":"ok"}
----------- END --------------
August 20, 2021, 6:20 pm
----------- DATA -------------
Array
(
    [offerId] => 5876bfb5-5f26-4de9-8784-ec27e3449920
    [fio] => Joel sampang
    [phone] => 09456078773
    [email] => admin@admin.com
    [domain] => http://adltmedia.com/landers/60efdbc075747/limon.php
    [ip] => 110.54.224.96
    [utm_campaign] => 762
    [utm_content] => 28
    [utm_medium] => 
    [utm_source] => GVIC
    [utm_term] => 
    [clickid] => e41d1j6g58pvc301
    [fbpxl] => 
)

----------- RESPONSE ---------
{"result":"ok"}
----------- END --------------
August 20, 2021, 7:22 pm
----------- DATA -------------
Array
(
    [offerId] => 5876bfb5-5f26-4de9-8784-ec27e3449920
    [fio] => Darwin jocel montuerto
    [phone] => 09633641784
    [email] => admin@admin.com
    [domain] => http://adltmedia.com/landers/60efdbc075747/limon.php
    [ip] => 175.176.24.80
    [utm_campaign] => 762
    [utm_content] => 28
    [utm_medium] => 
    [utm_source] => GVIC
    [utm_term] => 
    [clickid] => 11918j6qeb7dvc43
    [fbpxl] => 
)

----------- RESPONSE ---------
{"result":"ok"}
----------- END --------------
