December 26, 2021, 5:36 am
----------- DATA -------------
Array
(
    [offerId] => 9c4fe23b-37ea-4954-945b-29067b0d5c0e
    [fio] => Mar Bustos
    [phone] => 09611446910
    [email] => admin@admin.com
    [domain] => http://mansehealth.com/landers/542e03094f/land3/limon.php
    [ip] => 2001:4450:81b4:1400:6808:53a4:617a:14e8
    [utm_campaign] => 897
    [utm_content] => 35
    [utm_medium] => 
    [utm_source] => SM
    [utm_term] => 
    [clickid] => 494822tdughej6o50f
    [fbpxl] => 
)

----------- RESPONSE ---------
{"result":"ok","localClickId":"ec47c9b4-37b2-4667-a445-1371da7f3485"}
----------- END --------------
