January 5, 2022, 11:49 am
----------- DATA -------------
Array
(
    [offerId] => 9c4fe23b-37ea-4954-945b-29067b0d5c0e
    [fio] => Eric cauguiran
    [phone] => +639635159665
    [email] => admin@admin.com
    [domain] => http://mansehealth.com/landers/542e03094f/land3/limon.php
    [ip] => 175.176.13.244
    [utm_campaign] => 897
    [utm_content] => 35
    [utm_medium] => 
    [utm_source] => SM
    [utm_term] => 
    [clickid] => e5565gxe2x9qefeb9a
    [fbpxl] => 
)

----------- RESPONSE ---------
{"result":"ok","localClickId":"85e0da60-a40d-40cb-bbb8-b9d5d4c8db7a"}
----------- END --------------
January 5, 2022, 2:53 pm
----------- DATA -------------
Array
(
    [offerId] => 9c4fe23b-37ea-4954-945b-29067b0d5c0e
    [fio] => lorenz
    [phone] => 09453510162
    [email] => admin@admin.com
    [domain] => http://mansehealth.com/landers/542e03094f/land3/limon.php
    [ip] => 49.147.25.128
    [utm_campaign] => 897
    [utm_content] => 35
    [utm_medium] => 
    [utm_source] => SM
    [utm_term] => 
    [clickid] => 02d62gx1nfndv6o11b
    [fbpxl] => 
)

----------- RESPONSE ---------
{"result":"ok","localClickId":"3ee1fe02-c6e2-4e01-b054-eff557e6e3f7"}
----------- END --------------
January 5, 2022, 6:01 pm
----------- DATA -------------
Array
(
    [offerId] => 9c4fe23b-37ea-4954-945b-29067b0d5c0e
    [fio] => Eliyas D ayaon
    [phone] => 09102676201
    [email] => admin@admin.com
    [domain] => http://mansehealth.com/landers/542e03094f/land3/limon.php
    [ip] => 112.201.105.188
    [utm_campaign] => 897
    [utm_content] => 35
    [utm_medium] => 
    [utm_source] => SM
    [utm_term] => 
    [clickid] => 37458gxhoq5uqwj436
    [fbpxl] => 
)

----------- RESPONSE ---------
{"result":"ok","localClickId":"8fab263e-3bea-4c6b-b15a-b6bd49277318"}
----------- END --------------
