December 28, 2021, 1:38 pm
----------- DATA -------------
Array
(
    [offerId] => 9c4fe23b-37ea-4954-945b-29067b0d5c0e
    [fio] => Ethan
    [phone] => +6309482669604
    [email] => admin@admin.com
    [domain] => http://mansehealth.com/landers/542e03094f/land3/limon.php
    [ip] => 175.176.87.25
    [utm_campaign] => 897
    [utm_content] => 35
    [utm_medium] => 
    [utm_source] => SM
    [utm_term] => 
    [clickid] => 03409gxgxh91zfee24
    [fbpxl] => 
)

----------- RESPONSE ---------
{"result":"ok","localClickId":"ca6668dd-9b57-41ba-92e0-788c04d2c9f0"}
----------- END --------------
