December 22, 2021, 6:11 am
----------- DATA -------------
Array
(
    [offerId] => 9c4fe23b-37ea-4954-945b-29067b0d5c0e
    [fio] => Jon tan 
    [phone] => 09750955966
    [email] => admin@admin.com
    [domain] => http://mansehealth.com/landers/542e03094f/land3/limon.php
    [ip] => 119.93.219.71
    [utm_campaign] => 897
    [utm_content] => 35
    [utm_medium] => 
    [utm_source] => SM
    [utm_term] => 
    [clickid] => 8be9b2tj637hq8nfa7
    [fbpxl] => 
)

----------- RESPONSE ---------
{"result":"ok","localClickId":"65c783db-7f48-4e0b-80ad-85a02d19ebb2"}
----------- END --------------
