December 4, 2021, 1:12 pm
----------- DATA -------------
Array
(
    [offerId] => 9c4fe23b-37ea-4954-945b-29067b0d5c0e
    [fio] => Jnwe
    [phone] => +639350013425
    [email] => admin@admin.com
    [domain] => http://mansehealth.com/landers/542e03094f/land3/limon.php
    [ip] => 110.54.136.62
    [utm_campaign] => 897
    [utm_content] => 35
    [utm_medium] => 
    [utm_source] => SM
    [utm_term] => 
    [clickid] => 13d6b9zvcqndvda4
    [fbpxl] => 
)

----------- RESPONSE ---------
{"result":"ok"}
----------- END --------------
December 4, 2021, 1:28 pm
----------- DATA -------------
Array
(
    [offerId] => 9c4fe23b-37ea-4954-945b-29067b0d5c0e
    [fio] => kim tores
    [phone] => 09262966794
    [email] => admin@admin.com
    [domain] => http://mansehealth.com/landers/542e03094f/land3/limon.php
    [ip] => 49.149.162.207
    [utm_campaign] => 897
    [utm_content] => 35
    [utm_medium] => 
    [utm_source] => SM
    [utm_term] => 
    [clickid] => 7ca08154kmya73c7
    [fbpxl] => 
)

----------- RESPONSE ---------
{"result":"ok"}
----------- END --------------
December 4, 2021, 2:39 pm
----------- DATA -------------
Array
(
    [offerId] => 9c4fe23b-37ea-4954-945b-29067b0d5c0e
    [fio] => Junely artiaga
    [phone] => +639702252620
    [email] => admin@admin.com
    [domain] => http://mansehealth.com/landers/542e03094f/land3/limon.php
    [ip] => 112.198.112.171
    [utm_campaign] => 897
    [utm_content] => 35
    [utm_medium] => 
    [utm_source] => SM
    [utm_term] => 
    [clickid] => 404ed9zb7e2a3093
    [fbpxl] => 
)

----------- RESPONSE ---------
{"result":"ok"}
----------- END --------------
December 4, 2021, 3:26 pm
----------- DATA -------------
Array
(
    [offerId] => 9c4fe23b-37ea-4954-945b-29067b0d5c0e
    [fio] => Bong  gonzales
    [phone] => 09653776697
    [email] => admin@admin.com
    [domain] => http://mansehealth.com/landers/542e03094f/land3/limon.php
    [ip] => 175.176.93.30
    [utm_campaign] => 897
    [utm_content] => 35
    [utm_medium] => 
    [utm_source] => SM
    [utm_term] => 
    [clickid] => 712829z1n8wg5f5e
    [fbpxl] => 
)

----------- RESPONSE ---------
{"result":"ok"}
----------- END --------------
