December 8, 2021, 11:11 am
----------- DATA -------------
Array
(
    [offerId] => 9c4fe23b-37ea-4954-945b-29067b0d5c0e
    [fio] => Dominador bautista
    [phone] => 09465596232
    [email] => admin@admin.com
    [domain] => http://mansehealth.com/landers/542e03094f/land3/limon.php
    [ip] => 175.176.52.5
    [utm_campaign] => 897
    [utm_content] => 35
    [utm_medium] => 
    [utm_source] => SM
    [utm_term] => 
    [clickid] => ac64fg6a9uqm7369
    [fbpxl] => 
)

----------- RESPONSE ---------
{"result":"ok"}
----------- END --------------
