August 3, 2021, 12:51 am
----------- DATA -------------
Array
(
    [offerId] => 444e972d-e501-4625-8cb3-6aead5d7cc8c
    [fio] => Ganga madvi
    [phone] => +917587885110
    [email] => admin@admin.com
    [domain] => http://adltnews.com/landers/60feaf96eea8a/limon.php
    [ip] => 2409:4043:231e:e2f2::df3:c8a4
    [utm_campaign] => 203
    [utm_content] => 8
    [utm_medium] => 
    [utm_source] => SM
    [utm_term] => 
    [clickid] => 1caffuqnt3zxs169
    [fbpxl] => 
)

----------- RESPONSE ---------
{"result":"ok"}
----------- END --------------
August 3, 2021, 1:42 am
----------- DATA -------------
Array
(
    [offerId] => 444e972d-e501-4625-8cb3-6aead5d7cc8c
    [fio] => निरंजन
    [phone] => +918527286765
    [email] => admin@admin.com
    [domain] => http://adltnews.com/landers/60feaf96eea8a/limon.php
    [ip] => 2409:4050:ece:23e::d449:8101
    [utm_campaign] => 203
    [utm_content] => 8
    [utm_medium] => 
    [utm_source] => SM
    [utm_term] => 
    [clickid] => 022b3uqb4a91medf
    [fbpxl] => 
)

----------- RESPONSE ---------
{"result":"ok"}
----------- END --------------
August 3, 2021, 2:15 am
----------- DATA -------------
Array
(
    [offerId] => 444e972d-e501-4625-8cb3-6aead5d7cc8c
    [fio] => Mohammd aleem
    [phone] => +919312616611
    [email] => admin@admin.com
    [domain] => http://adltnews.com/landers/60feaf96eea8a/limon.php
    [ip] => 2409:4050:2d8e:ad80::464b:ba0d
    [utm_campaign] => 203
    [utm_content] => 8
    [utm_medium] => 
    [utm_source] => SM
    [utm_term] => 
    [clickid] => 25354uqb45mgmc96
    [fbpxl] => 
)

----------- RESPONSE ---------
{"result":"ok"}
----------- END --------------
August 3, 2021, 2:16 am
----------- DATA -------------
Array
(
    [offerId] => 444e972d-e501-4625-8cb3-6aead5d7cc8c
    [fio] => Mohammd aleem
    [phone] => +919312616611
    [email] => admin@admin.com
    [domain] => http://adltnews.com/landers/60feaf96eea8a/limon.php
    [ip] => 2409:4050:2d8e:ad80::464b:ba0d
    [utm_campaign] => 203
    [utm_content] => 8
    [utm_medium] => 
    [utm_source] => SM
    [utm_term] => 
    [clickid] => 25354uqb45mgmc96
    [fbpxl] => 
)

----------- RESPONSE ---------
{"result":"ok"}
----------- END --------------
August 3, 2021, 2:54 am
----------- DATA -------------
Array
(
    [offerId] => 444e972d-e501-4625-8cb3-6aead5d7cc8c
    [fio] => Shahid Sheikh
    [phone] => +919370916564
    [email] => admin@admin.com
    [domain] => http://adltnews.com/landers/60feaf96eea8a/limon.php
    [ip] => 2409:4042:2d0e:2888::4f8b:6607
    [utm_campaign] => 203
    [utm_content] => 8
    [utm_medium] => 
    [utm_source] => SM
    [utm_term] => 
    [clickid] => 0c63euqb4slikac0
    [fbpxl] => 
)

----------- RESPONSE ---------
{"result":"ok"}
----------- END --------------
August 3, 2021, 3:08 am
----------- DATA -------------
Array
(
    [offerId] => 444e972d-e501-4625-8cb3-6aead5d7cc8c
    [fio] => Sai Kumar
    [phone] => +918519912064
    [email] => admin@admin.com
    [domain] => http://adltnews.com/landers/60feaf96eea8a/limon.php
    [ip] => 2401:4900:4fdc:4800::821:96c6
    [utm_campaign] => 203
    [utm_content] => 8
    [utm_medium] => 
    [utm_source] => SM
    [utm_term] => 
    [clickid] => 7cee2uqir2t4k0e2
    [fbpxl] => 
)

----------- RESPONSE ---------
{"result":"ok"}
----------- END --------------
August 3, 2021, 3:10 am
----------- DATA -------------
Array
(
    [offerId] => 444e972d-e501-4625-8cb3-6aead5d7cc8c
    [fio] => Sai Kumar
    [phone] => +918519912064
    [email] => admin@admin.com
    [domain] => http://adltnews.com/landers/60feaf96eea8a/limon.php
    [ip] => 2401:4900:4fdc:4800::821:96c6
    [utm_campaign] => 203
    [utm_content] => 8
    [utm_medium] => 
    [utm_source] => SM
    [utm_term] => 
    [clickid] => 7cee2uqir2t4k0e2
    [fbpxl] => 
)

----------- RESPONSE ---------
{"result":"ok"}
----------- END --------------
August 3, 2021, 7:14 am
----------- DATA -------------
Array
(
    [offerId] => 444e972d-e501-4625-8cb3-6aead5d7cc8c
    [fio] => Sandoshraj
    [phone] => +919596809509
    [email] => admin@admin.com
    [domain] => http://adltnews.com/landers/60feaf96eea8a/limon.php
    [ip] => 2409:4054:208b:ac68::4a5:98a1
    [utm_campaign] => 203
    [utm_content] => 8
    [utm_medium] => 
    [utm_source] => SM
    [utm_term] => 
    [clickid] => 406fbuq8pbga252b
    [fbpxl] => 
)

----------- RESPONSE ---------
{"result":"ok"}
----------- END --------------
August 3, 2021, 7:16 am
----------- DATA -------------
Array
(
    [offerId] => 444e972d-e501-4625-8cb3-6aead5d7cc8c
    [fio] => Sandoshraj
    [phone] => +919596809509
    [email] => admin@admin.com
    [domain] => http://adltnews.com/landers/60feaf96eea8a/limon.php
    [ip] => 2409:4054:208b:ac68::4a5:98a1
    [utm_campaign] => 203
    [utm_content] => 8
    [utm_medium] => 
    [utm_source] => SM
    [utm_term] => 
    [clickid] => 406fbuq8pbga252b
    [fbpxl] => 
)

----------- RESPONSE ---------
{"result":"ok"}
----------- END --------------
August 3, 2021, 8:23 am
----------- DATA -------------
Array
(
    [offerId] => 444e972d-e501-4625-8cb3-6aead5d7cc8c
    [fio] => Pardip Kumar yadav
    [phone] => +918076782011
    [email] => admin@admin.com
    [domain] => http://adltnews.com/landers/60feaf96eea8a/limon.php
    [ip] => 2401:4900:16e5:2729:88ce:732f:3c34:303d
    [utm_campaign] => 203
    [utm_content] => 8
    [utm_medium] => 
    [utm_source] => SM
    [utm_term] => 
    [clickid] => a4aa4uqxosy1n16e
    [fbpxl] => 
)

----------- RESPONSE ---------
{"result":"ok"}
----------- END --------------
August 3, 2021, 8:31 am
----------- DATA -------------
Array
(
    [offerId] => 444e972d-e501-4625-8cb3-6aead5d7cc8c
    [fio] => Rajoo
    [phone] => +918856354465
    [email] => admin@admin.com
    [domain] => http://adltnews.com/landers/60feaf96eea8a/limon.php
    [ip] => 2409:4042:2400:96b1::1365:20ac
    [utm_campaign] => 203
    [utm_content] => 8
    [utm_medium] => 
    [utm_source] => SM
    [utm_term] => 
    [clickid] => 4ee74uqxowha856e
    [fbpxl] => 
)

----------- RESPONSE ---------
{"result":"ok"}
----------- END --------------
August 3, 2021, 10:38 am
----------- DATA -------------
Array
(
    [offerId] => 444e972d-e501-4625-8cb3-6aead5d7cc8c
    [fio] => Suja
    [phone] => +918080735059
    [email] => admin@admin.com
    [domain] => http://adltnews.com/landers/60feaf96eea8a/limon.php
    [ip] => 2409:4042:4d84:bf0:89d7:6c6e:2846:d2af
    [utm_campaign] => 203
    [utm_content] => 8
    [utm_medium] => 
    [utm_source] => SM
    [utm_term] => 
    [clickid] => 6e69fuq7s46e81c1
    [fbpxl] => 
)

----------- RESPONSE ---------
{"result":"ok"}
----------- END --------------
August 3, 2021, 10:39 am
----------- DATA -------------
Array
(
    [offerId] => 444e972d-e501-4625-8cb3-6aead5d7cc8c
    [fio] => Suja
    [phone] => +918080735059
    [email] => admin@admin.com
    [domain] => http://adltnews.com/landers/60feaf96eea8a/limon.php
    [ip] => 2409:4042:4d84:bf0:89d7:6c6e:2846:d2af
    [utm_campaign] => 203
    [utm_content] => 8
    [utm_medium] => 
    [utm_source] => SM
    [utm_term] => 
    [clickid] => 6006duq7stl9za9f
    [fbpxl] => 
)

----------- RESPONSE ---------
{"result":"ok"}
----------- END --------------
August 3, 2021, 10:39 am
----------- DATA -------------
Array
(
    [offerId] => 444e972d-e501-4625-8cb3-6aead5d7cc8c
    [fio] => Suja
    [phone] => +918080735059
    [email] => admin@admin.com
    [domain] => http://adltnews.com/landers/60feaf96eea8a/limon.php
    [ip] => 2409:4042:4d84:bf0:89d7:6c6e:2846:d2af
    [utm_campaign] => 203
    [utm_content] => 8
    [utm_medium] => 
    [utm_source] => SM
    [utm_term] => 
    [clickid] => 6006duq7stl9za9f
    [fbpxl] => 
)

----------- RESPONSE ---------
{"result":"ok"}
----------- END --------------
August 3, 2021, 11:08 am
----------- DATA -------------
Array
(
    [offerId] => 444e972d-e501-4625-8cb3-6aead5d7cc8c
    [fio] => Shabir Ah lone T
    [phone] => +917006703640
    [email] => admin@admin.com
    [domain] => http://adltnews.com/landers/60feaf96eea8a/limon.php
    [ip] => 2409:4054:8:e36c:8251:7cad:310c:334
    [utm_campaign] => 203
    [utm_content] => 8
    [utm_medium] => 
    [utm_source] => SM
    [utm_term] => 
    [clickid] => 6838fuqqea9wh123
    [fbpxl] => 
)

----------- RESPONSE ---------
{"result":"ok"}
----------- END --------------
August 3, 2021, 12:29 pm
----------- DATA -------------
Array
(
    [offerId] => 444e972d-e501-4625-8cb3-6aead5d7cc8c
    [fio] => Shiv charan
    [phone] => +918738805993
    [email] => admin@admin.com
    [domain] => http://adltnews.com/landers/60feaf96eea8a/limon.php
    [ip] => 103.97.85.41
    [utm_campaign] => 203
    [utm_content] => 8
    [utm_medium] => 
    [utm_source] => SM
    [utm_term] => 
    [clickid] => 4d7a7uq5mfnq504a
    [fbpxl] => 
)

----------- RESPONSE ---------
{"result":"ok"}
----------- END --------------
August 3, 2021, 1:37 pm
----------- DATA -------------
Array
(
    [offerId] => 444e972d-e501-4625-8cb3-6aead5d7cc8c
    [fio] => Shyam
    [phone] => +919770468104
    [email] => admin@admin.com
    [domain] => http://adltnews.com/landers/60feaf96eea8a/limon.php
    [ip] => 2409:4070:200d:4c92:be24:f44b:1068:b839
    [utm_campaign] => 203
    [utm_content] => 8
    [utm_medium] => 
    [utm_source] => SM
    [utm_term] => 
    [clickid] => 59cc6uqyda9sc48e
    [fbpxl] => 
)

----------- RESPONSE ---------
{"result":"ok"}
----------- END --------------
August 3, 2021, 2:13 pm
----------- DATA -------------
Array
(
    [offerId] => 444e972d-e501-4625-8cb3-6aead5d7cc8c
    [fio] => Naresh singh
    [phone] => +917535921291
    [email] => admin@admin.com
    [domain] => http://adltnews.com/landers/60feaf96eea8a/limon.php
    [ip] => 2401:4900:5c32:9628::421:386b
    [utm_campaign] => 203
    [utm_content] => 8
    [utm_medium] => 
    [utm_source] => SM
    [utm_term] => 
    [clickid] => f6df2uqydhqlp1f8
    [fbpxl] => 
)

----------- RESPONSE ---------
{"result":"ok"}
----------- END --------------
August 3, 2021, 3:04 pm
----------- DATA -------------
Array
(
    [offerId] => 444e972d-e501-4625-8cb3-6aead5d7cc8c
    [fio] => Sanaul
    [phone] => +919641193076
    [email] => admin@admin.com
    [domain] => http://adltnews.com/landers/60feaf96eea8a/limon.php
    [ip] => 2409:4063:2183:d147:f74a:57b3:503d:ed80
    [utm_campaign] => 203
    [utm_content] => 8
    [utm_medium] => 
    [utm_source] => SM
    [utm_term] => 
    [clickid] => 2565buq1z1zghca8
    [fbpxl] => 
)

----------- RESPONSE ---------
{"result":"ok"}
----------- END --------------
August 3, 2021, 4:13 pm
----------- DATA -------------
Array
(
    [offerId] => 444e972d-e501-4625-8cb3-6aead5d7cc8c
    [fio] => Indal kumar
    [phone] => +917479601944
    [email] => admin@admin.com
    [domain] => http://adltnews.com/landers/60feaf96eea8a/limon.php
    [ip] => 2401:4900:3620:a56c:1:1:d331:6cca
    [utm_campaign] => 203
    [utm_content] => 8
    [utm_medium] => 
    [utm_source] => SM
    [utm_term] => 
    [clickid] => 6a627uqvc3zhec5b
    [fbpxl] => 
)

----------- RESPONSE ---------
{"result":"ok"}
----------- END --------------
August 3, 2021, 4:23 pm
----------- DATA -------------
Array
(
    [offerId] => 444e972d-e501-4625-8cb3-6aead5d7cc8c
    [fio] => Rohit Singh
    [phone] => +917717314654
    [email] => admin@admin.com
    [domain] => http://adltnews.com/landers/60feaf96eea8a/limon.php
    [ip] => 2401:4900:171d:8ddf:1:2:dd1a:11b3
    [utm_campaign] => 203
    [utm_content] => 8
    [utm_medium] => 
    [utm_source] => SM
    [utm_term] => 
    [clickid] => 25841uqvc3vejb32
    [fbpxl] => 
)

----------- RESPONSE ---------
{"result":"ok"}
----------- END --------------
August 3, 2021, 4:23 pm
----------- DATA -------------
Array
(
    [offerId] => 444e972d-e501-4625-8cb3-6aead5d7cc8c
    [fio] => Shahid
    [phone] => +918955517129
    [email] => admin@admin.com
    [domain] => http://adltnews.com/landers/60feaf96eea8a/limon.php
    [ip] => 2405:205:1509:2eb6:a8a8:bb71:69b9:803
    [utm_campaign] => 203
    [utm_content] => 8
    [utm_medium] => 
    [utm_source] => SM
    [utm_term] => 
    [clickid] => 99b90uqvcuouo7f3
    [fbpxl] => 
)

----------- RESPONSE ---------
{"result":"ok"}
----------- END --------------
August 3, 2021, 4:24 pm
----------- DATA -------------
Array
(
    [offerId] => 444e972d-e501-4625-8cb3-6aead5d7cc8c
    [fio] => Rohit Singh
    [phone] => +917717314654
    [email] => admin@admin.com
    [domain] => http://adltnews.com/landers/60feaf96eea8a/limon.php
    [ip] => 2401:4900:171d:8ddf:1:2:dd1a:11b3
    [utm_campaign] => 203
    [utm_content] => 8
    [utm_medium] => 
    [utm_source] => SM
    [utm_term] => 
    [clickid] => 25841uqvc3vejb32
    [fbpxl] => 
)

----------- RESPONSE ---------
{"result":"ok"}
----------- END --------------
August 3, 2021, 4:40 pm
----------- DATA -------------
Array
(
    [offerId] => 444e972d-e501-4625-8cb3-6aead5d7cc8c
    [fio] => Gaurav
    [phone] => +9119787084
    [email] => admin@admin.com
    [domain] => http://adltnews.com/landers/60feaf96eea8a/limon.php
    [ip] => 2409:4053:61f:e9d::f50:68b0
    [utm_campaign] => 203
    [utm_content] => 8
    [utm_medium] => 
    [utm_source] => SM
    [utm_term] => 
    [clickid] => c9de8uq6jusxs100
    [fbpxl] => 
)

----------- RESPONSE ---------
{"result":"ok"}
----------- END --------------
August 3, 2021, 4:42 pm
----------- DATA -------------
Array
(
    [offerId] => 444e972d-e501-4625-8cb3-6aead5d7cc8c
    [fio] => Gaurav
    [phone] => +9119787084
    [email] => admin@admin.com
    [domain] => http://adltnews.com/landers/60feaf96eea8a/limon.php
    [ip] => 2409:4053:61f:e9d::f50:68b0
    [utm_campaign] => 203
    [utm_content] => 8
    [utm_medium] => 
    [utm_source] => SM
    [utm_term] => 
    [clickid] => c9de8uq6jusxs100
    [fbpxl] => 
)

----------- RESPONSE ---------
{"result":"ok"}
----------- END --------------
August 3, 2021, 4:57 pm
----------- DATA -------------
Array
(
    [offerId] => 444e972d-e501-4625-8cb3-6aead5d7cc8c
    [fio] => Likamaram
    [phone] => +91766541635
    [email] => admin@admin.com
    [domain] => http://adltnews.com/landers/60feaf96eea8a/limon.php
    [ip] => 223.238.210.58
    [utm_campaign] => 203
    [utm_content] => 8
    [utm_medium] => 
    [utm_source] => SM
    [utm_term] => 
    [clickid] => 7559fuq6jsc37c91
    [fbpxl] => 
)

----------- RESPONSE ---------
{"result":"ok"}
----------- END --------------
August 3, 2021, 5:03 pm
----------- DATA -------------
Array
(
    [offerId] => 444e972d-e501-4625-8cb3-6aead5d7cc8c
    [fio] => Pramod.kumar
    [phone] => +917481068102
    [email] => admin@admin.com
    [domain] => http://adltnews.com/landers/60feaf96eea8a/limon.php
    [ip] => 103.199.182.163
    [utm_campaign] => 203
    [utm_content] => 8
    [utm_medium] => 
    [utm_source] => SM
    [utm_term] => 
    [clickid] => 2c53fuq6jmyd590c
    [fbpxl] => 
)

----------- RESPONSE ---------
{"result":"ok"}
----------- END --------------
August 3, 2021, 5:20 pm
----------- DATA -------------
Array
(
    [offerId] => 444e972d-e501-4625-8cb3-6aead5d7cc8c
    [fio] => Shahid shah
    [phone] => +919359183759
    [email] => admin@admin.com
    [domain] => http://adltnews.com/landers/60feaf96eea8a/limon.php
    [ip] => 2409:4042:2d9f:97a9::4b48:7306
    [utm_campaign] => 203
    [utm_content] => 8
    [utm_medium] => 
    [utm_source] => SM
    [utm_term] => 
    [clickid] => cfee3uq9l1616d2c
    [fbpxl] => 
)

----------- RESPONSE ---------
{"result":"ok"}
----------- END --------------
August 3, 2021, 5:21 pm
----------- DATA -------------
Array
(
    [offerId] => 444e972d-e501-4625-8cb3-6aead5d7cc8c
    [fio] => Shahid shah
    [phone] => +919359183759
    [email] => admin@admin.com
    [domain] => http://adltnews.com/landers/60feaf96eea8a/limon.php
    [ip] => 2409:4042:2d9f:97a9::4b48:7306
    [utm_campaign] => 203
    [utm_content] => 8
    [utm_medium] => 
    [utm_source] => SM
    [utm_term] => 
    [clickid] => cfee3uq9l1616d2c
    [fbpxl] => 
)

----------- RESPONSE ---------
{"result":"ok"}
----------- END --------------
August 3, 2021, 5:23 pm
----------- DATA -------------
Array
(
    [offerId] => 444e972d-e501-4625-8cb3-6aead5d7cc8c
    [fio] => Deepak
    [phone] => +917259843238
    [email] => admin@admin.com
    [domain] => http://adltnews.com/landers/60feaf96eea8a/limon.php
    [ip] => 2401:4900:30c2:5ae5:5c9:f94d:54f8:98a6
    [utm_campaign] => 203
    [utm_content] => 8
    [utm_medium] => 
    [utm_source] => SM
    [utm_term] => 
    [clickid] => d1b67uq9lu3qd656
    [fbpxl] => 
)

----------- RESPONSE ---------
{"result":"ok"}
----------- END --------------
August 3, 2021, 5:23 pm
----------- DATA -------------
Array
(
    [offerId] => 444e972d-e501-4625-8cb3-6aead5d7cc8c
    [fio] => Deepak
    [phone] => +917259843238
    [email] => admin@admin.com
    [domain] => http://adltnews.com/landers/60feaf96eea8a/limon.php
    [ip] => 2401:4900:30c2:5ae5:5c9:f94d:54f8:98a6
    [utm_campaign] => 203
    [utm_content] => 8
    [utm_medium] => 
    [utm_source] => SM
    [utm_term] => 
    [clickid] => d1b67uq9lu3qd656
    [fbpxl] => 
)

----------- RESPONSE ---------
{"result":"ok"}
----------- END --------------
August 3, 2021, 5:23 pm
----------- DATA -------------
Array
(
    [offerId] => 444e972d-e501-4625-8cb3-6aead5d7cc8c
    [fio] => Rafikul
    [phone] => +918075120509
    [email] => admin@admin.com
    [domain] => http://adltnews.com/landers/60feaf96eea8a/limon.php
    [ip] => 2401:4900:3323:6bb9:0:53:c664:3601
    [utm_campaign] => 203
    [utm_content] => 8
    [utm_medium] => 
    [utm_source] => SM
    [utm_term] => 
    [clickid] => f4cd1uq9ltw8r533
    [fbpxl] => 
)

----------- RESPONSE ---------
{"result":"ok"}
----------- END --------------
August 3, 2021, 5:25 pm
----------- DATA -------------
Array
(
    [offerId] => 444e972d-e501-4625-8cb3-6aead5d7cc8c
    [fio] => Pintu Kumar
    [phone] => +919835776617
    [email] => admin@admin.com
    [domain] => http://adltnews.com/landers/60feaf96eea8a/limon.php
    [ip] => 2401:4900:3cbe:3c7f:9a8a:f612:b909:f053
    [utm_campaign] => 203
    [utm_content] => 8
    [utm_medium] => 
    [utm_source] => SM
    [utm_term] => 
    [clickid] => da095uq9lgha2756
    [fbpxl] => 
)

----------- RESPONSE ---------
{"result":"ok"}
----------- END --------------
August 3, 2021, 5:26 pm
----------- DATA -------------
Array
(
    [offerId] => 444e972d-e501-4625-8cb3-6aead5d7cc8c
    [fio] => Deepak
    [phone] => +9172598432
    [email] => admin@admin.com
    [domain] => http://adltnews.com/landers/60feaf96eea8a/limon.php
    [ip] => 2401:4900:30c2:5ae5:5c9:f94d:54f8:98a6
    [utm_campaign] => 203
    [utm_content] => 8
    [utm_medium] => 
    [utm_source] => SM
    [utm_term] => 
    [clickid] => 4afaduq9lb4syed0
    [fbpxl] => 
)

----------- RESPONSE ---------
{"result":"ok"}
----------- END --------------
August 3, 2021, 5:30 pm
----------- DATA -------------
Array
(
    [offerId] => 444e972d-e501-4625-8cb3-6aead5d7cc8c
    [fio] => Sahil
    [phone] => +918058697061
    [email] => admin@admin.com
    [domain] => http://adltnews.com/landers/60feaf96eea8a/limon.php
    [ip] => 106.223.184.255
    [utm_campaign] => 203
    [utm_content] => 8
    [utm_medium] => 
    [utm_source] => SM
    [utm_term] => 
    [clickid] => 58ba4uq9lb7ir26e
    [fbpxl] => 
)

----------- RESPONSE ---------
{"result":"ok"}
----------- END --------------
August 3, 2021, 5:32 pm
----------- DATA -------------
Array
(
    [offerId] => 444e972d-e501-4625-8cb3-6aead5d7cc8c
    [fio] => Rmbg
    [phone] => +919939758024
    [email] => admin@admin.com
    [domain] => http://adltnews.com/landers/60feaf96eea8a/limon.php
    [ip] => 2409:4071:d0b:6012::27ca:a12
    [utm_campaign] => 203
    [utm_content] => 8
    [utm_medium] => 
    [utm_source] => SM
    [utm_term] => 
    [clickid] => e2fb3uq9l3zwh61a
    [fbpxl] => 
)

----------- RESPONSE ---------
{"result":"ok"}
----------- END --------------
August 3, 2021, 5:35 pm
----------- DATA -------------
Array
(
    [offerId] => 444e972d-e501-4625-8cb3-6aead5d7cc8c
    [fio] => Raj
    [phone] => +917607569752
    [email] => admin@admin.com
    [domain] => http://adltnews.com/landers/60feaf96eea8a/limon.php
    [ip] => 2409:4063:6c98:b42:c557:c9f6:460a:c188
    [utm_campaign] => 203
    [utm_content] => 8
    [utm_medium] => 
    [utm_source] => SM
    [utm_term] => 
    [clickid] => 32047uq9ld5duf7a
    [fbpxl] => 
)

----------- RESPONSE ---------
{"result":"ok"}
----------- END --------------
August 3, 2021, 5:40 pm
----------- DATA -------------
Array
(
    [offerId] => 444e972d-e501-4625-8cb3-6aead5d7cc8c
    [fio] => Aases
    [phone] => +919084972612
    [email] => admin@admin.com
    [domain] => http://adltnews.com/landers/60feaf96eea8a/limon.php
    [ip] => 117.225.40.49
    [utm_campaign] => 203
    [utm_content] => 8
    [utm_medium] => 
    [utm_source] => SM
    [utm_term] => 
    [clickid] => dccc3uq9luoftdf4
    [fbpxl] => 
)

----------- RESPONSE ---------
{"result":"ok"}
----------- END --------------
August 3, 2021, 5:51 pm
----------- DATA -------------
Array
(
    [offerId] => 444e972d-e501-4625-8cb3-6aead5d7cc8c
    [fio] => Suraj Kumar vishwakarma
    [phone] => +916263065815
    [email] => admin@admin.com
    [domain] => http://adltnews.com/landers/60feaf96eea8a/limon.php
    [ip] => 2409:4043:41d:21a7:6f64:c432:e891:f5d7
    [utm_campaign] => 203
    [utm_content] => 8
    [utm_medium] => 
    [utm_source] => SM
    [utm_term] => 
    [clickid] => fad39uqfta8a045f
    [fbpxl] => 
)

----------- RESPONSE ---------
{"result":"ok"}
----------- END --------------
August 3, 2021, 5:54 pm
----------- DATA -------------
Array
(
    [offerId] => 444e972d-e501-4625-8cb3-6aead5d7cc8c
    [fio] => Raju
    [phone] => +919839381720
    [email] => admin@admin.com
    [domain] => http://adltnews.com/landers/60feaf96eea8a/limon.php
    [ip] => 2409:4042:e1d:b3fc::a8a:ea09
    [utm_campaign] => 203
    [utm_content] => 8
    [utm_medium] => 
    [utm_source] => SM
    [utm_term] => 
    [clickid] => 7669fuqftusbge8e
    [fbpxl] => 
)

----------- RESPONSE ---------
{"result":"ok"}
----------- END --------------
August 3, 2021, 5:55 pm
----------- DATA -------------
Array
(
    [offerId] => 444e972d-e501-4625-8cb3-6aead5d7cc8c
    [fio] => Raju
    [phone] => +919839381720
    [email] => admin@admin.com
    [domain] => http://adltnews.com/landers/60feaf96eea8a/limon.php
    [ip] => 2409:4042:e1d:b3fc::a8a:ea09
    [utm_campaign] => 203
    [utm_content] => 8
    [utm_medium] => 
    [utm_source] => SM
    [utm_term] => 
    [clickid] => 7669fuqftusbge8e
    [fbpxl] => 
)

----------- RESPONSE ---------
{"result":"ok"}
----------- END --------------
August 3, 2021, 5:57 pm
----------- DATA -------------
Array
(
    [offerId] => 444e972d-e501-4625-8cb3-6aead5d7cc8c
    [fio] => Sonu,,dixit
    [phone] => +916268539827
    [email] => admin@admin.com
    [domain] => http://adltnews.com/landers/60feaf96eea8a/limon.php
    [ip] => 2409:4043:31f:ce28:96cf:cdf:8ac8:ac80
    [utm_campaign] => 203
    [utm_content] => 8
    [utm_medium] => 
    [utm_source] => SM
    [utm_term] => 
    [clickid] => 00499uqftgma5eb6
    [fbpxl] => 
)

----------- RESPONSE ---------
{"result":"ok"}
----------- END --------------
August 3, 2021, 6:01 pm
----------- DATA -------------
Array
(
    [offerId] => 444e972d-e501-4625-8cb3-6aead5d7cc8c
    [fio] => Ashok Bhai m solanki
    [phone] => +919328118029
    [email] => admin@admin.com
    [domain] => http://adltnews.com/landers/60feaf96eea8a/limon.php
    [ip] => 2405:204:838a:4c1f::53e:f8b1
    [utm_campaign] => 203
    [utm_content] => 8
    [utm_medium] => 
    [utm_source] => SM
    [utm_term] => 
    [clickid] => 4f3d6uq9l37sy200
    [fbpxl] => 
)

----------- RESPONSE ---------
{"result":"ok"}
----------- END --------------
August 3, 2021, 6:05 pm
----------- DATA -------------
Array
(
    [offerId] => 444e972d-e501-4625-8cb3-6aead5d7cc8c
    [fio] => धर्मराज बैरवा 
    [phone] => +919024950843
    [email] => admin@admin.com
    [domain] => http://adltnews.com/landers/60feaf96eea8a/limon.php
    [ip] => 2409:4052:4e98:95d8::af88:4c07
    [utm_campaign] => 203
    [utm_content] => 8
    [utm_medium] => 
    [utm_source] => SM
    [utm_term] => 
    [clickid] => 43c73uqft16zw2b0
    [fbpxl] => 
)

----------- RESPONSE ---------
{"result":"ok"}
----------- END --------------
August 3, 2021, 6:09 pm
----------- DATA -------------
Array
(
    [offerId] => 444e972d-e501-4625-8cb3-6aead5d7cc8c
    [fio] => Dara
    [phone] => +91930043564
    [email] => admin@admin.com
    [domain] => http://adltnews.com/landers/60feaf96eea8a/limon.php
    [ip] => 2401:4900:1958:8273:1:0:1db6:f3d8
    [utm_campaign] => 203
    [utm_content] => 8
    [utm_medium] => 
    [utm_source] => SM
    [utm_term] => 
    [clickid] => bbecfuqftho172ed
    [fbpxl] => 
)

----------- RESPONSE ---------
{"result":"ok"}
----------- END --------------
August 3, 2021, 6:11 pm
----------- DATA -------------
Array
(
    [offerId] => 444e972d-e501-4625-8cb3-6aead5d7cc8c
    [fio] => Raja
    [phone] => +916000919776
    [email] => admin@admin.com
    [domain] => http://adltnews.com/landers/60feaf96eea8a/limon.php
    [ip] => 2409:4064:e8d:3d10:e10:a202:6895:c7f4
    [utm_campaign] => 203
    [utm_content] => 8
    [utm_medium] => 
    [utm_source] => SM
    [utm_term] => 
    [clickid] => 5ee28uqftdva8855
    [fbpxl] => 
)

----------- RESPONSE ---------
{"result":"ok"}
----------- END --------------
August 3, 2021, 6:27 pm
----------- DATA -------------
Array
(
    [offerId] => 444e972d-e501-4625-8cb3-6aead5d7cc8c
    [fio] => नकतसिह
    [phone] => +917829368792
    [email] => admin@admin.com
    [domain] => http://adltnews.com/landers/60feaf96eea8a/limon.php
    [ip] => 2401:4900:463b:eca8:90fd:107b:182b:2ad8
    [utm_campaign] => 203
    [utm_content] => 8
    [utm_medium] => 
    [utm_source] => SM
    [utm_term] => 
    [clickid] => 01293uq3za2m7c8f
    [fbpxl] => 
)

----------- RESPONSE ---------
{"result":"ok"}
----------- END --------------
August 3, 2021, 6:38 pm
----------- DATA -------------
Array
(
    [offerId] => 444e972d-e501-4625-8cb3-6aead5d7cc8c
    [fio] => Pappu kumar
    [phone] => +919389266833
    [email] => admin@admin.com
    [domain] => http://adltnews.com/landers/60feaf96eea8a/limon.php
    [ip] => 2405:205:c86c:2579:28c4:d1da:baeb:6bdd
    [utm_campaign] => 203
    [utm_content] => 8
    [utm_medium] => 
    [utm_source] => SM
    [utm_term] => 
    [clickid] => 40984uq3ze29r675
    [fbpxl] => 
)

----------- RESPONSE ---------
{"result":"ok"}
----------- END --------------
August 3, 2021, 6:55 pm
----------- DATA -------------
Array
(
    [offerId] => 444e972d-e501-4625-8cb3-6aead5d7cc8c
    [fio] => Haidar
    [phone] => +918787057297
    [email] => admin@admin.com
    [domain] => http://adltnews.com/landers/60feaf96eea8a/limon.php
    [ip] => 2405:204:8082:3e9::ad1:68b1
    [utm_campaign] => 203
    [utm_content] => 8
    [utm_medium] => 
    [utm_source] => SM
    [utm_term] => 
    [clickid] => 68915uqb7a1a226d
    [fbpxl] => 
)

----------- RESPONSE ---------
{"result":"ok"}
----------- END --------------
August 3, 2021, 6:58 pm
----------- DATA -------------
Array
(
    [offerId] => 444e972d-e501-4625-8cb3-6aead5d7cc8c
    [fio] => Sameer
    [phone] => +917404024649
    [email] => admin@admin.com
    [domain] => http://adltnews.com/landers/60feaf96eea8a/limon.php
    [ip] => 2401:4900:5818:a6e0:db6d:f498:c4f2:27e
    [utm_campaign] => 203
    [utm_content] => 8
    [utm_medium] => 
    [utm_source] => SM
    [utm_term] => 
    [clickid] => d002cuq3zsy4k529
    [fbpxl] => 
)

----------- RESPONSE ---------
{"result":"ok"}
----------- END --------------
August 3, 2021, 7:02 pm
----------- DATA -------------
Array
(
    [offerId] => 444e972d-e501-4625-8cb3-6aead5d7cc8c
    [fio] => Atulkumar
    [phone] => +917889409445
    [email] => admin@admin.com
    [domain] => http://adltnews.com/landers/60feaf96eea8a/limon.php
    [ip] => 2405:205:b009:bb1a::cca:c0ad
    [utm_campaign] => 203
    [utm_content] => 8
    [utm_medium] => 
    [utm_source] => SM
    [utm_term] => 
    [clickid] => 1e116uqb7xswf4d6
    [fbpxl] => 
)

----------- RESPONSE ---------
{"result":"ok"}
----------- END --------------
August 3, 2021, 7:02 pm
----------- DATA -------------
Array
(
    [offerId] => 444e972d-e501-4625-8cb3-6aead5d7cc8c
    [fio] => Atulkumar
    [phone] => +917889409445
    [email] => admin@admin.com
    [domain] => http://adltnews.com/landers/60feaf96eea8a/limon.php
    [ip] => 2405:205:b009:bb1a::cca:c0ad
    [utm_campaign] => 203
    [utm_content] => 8
    [utm_medium] => 
    [utm_source] => SM
    [utm_term] => 
    [clickid] => 1e116uqb7xswf4d6
    [fbpxl] => 
)

----------- RESPONSE ---------
{"result":"ok"}
----------- END --------------
August 3, 2021, 7:09 pm
----------- DATA -------------
Array
(
    [offerId] => 444e972d-e501-4625-8cb3-6aead5d7cc8c
    [fio] => Subham
    [phone] => +919198287138
    [email] => admin@admin.com
    [domain] => http://adltnews.com/landers/60feaf96eea8a/limon.php
    [ip] => 2405:204:a327:3dab::14fb:80b0
    [utm_campaign] => 203
    [utm_content] => 8
    [utm_medium] => 
    [utm_source] => SM
    [utm_term] => 
    [clickid] => 018d7uqb78pa009d
    [fbpxl] => 
)

----------- RESPONSE ---------
{"result":"ok"}
----------- END --------------
August 3, 2021, 7:10 pm
----------- DATA -------------
Array
(
    [offerId] => 444e972d-e501-4625-8cb3-6aead5d7cc8c
    [fio] => Subham
    [phone] => +919198287138
    [email] => admin@admin.com
    [domain] => http://adltnews.com/landers/60feaf96eea8a/limon.php
    [ip] => 2405:204:a327:3dab::14fb:80b0
    [utm_campaign] => 203
    [utm_content] => 8
    [utm_medium] => 
    [utm_source] => SM
    [utm_term] => 
    [clickid] => 018d7uqb78pa009d
    [fbpxl] => 
)

----------- RESPONSE ---------
{"result":"ok"}
----------- END --------------
August 3, 2021, 7:13 pm
----------- DATA -------------
Array
(
    [offerId] => 444e972d-e501-4625-8cb3-6aead5d7cc8c
    [fio] => Sonam gupta 
    [phone] => +917389227580
    [email] => admin@admin.com
    [domain] => http://adltnews.com/landers/60feaf96eea8a/limon.php
    [ip] => 2401:4900:51d4:4bfa:2ced:f76a:f358:4d3e
    [utm_campaign] => 203
    [utm_content] => 8
    [utm_medium] => 
    [utm_source] => SM
    [utm_term] => 
    [clickid] => e50c4uqb76jhec25
    [fbpxl] => 
)

----------- RESPONSE ---------
{"result":"ok"}
----------- END --------------
August 3, 2021, 7:18 pm
----------- DATA -------------
Array
(
    [offerId] => 444e972d-e501-4625-8cb3-6aead5d7cc8c
    [fio] => Dayanand
    [phone] => +917337865459
    [email] => admin@admin.com
    [domain] => http://adltnews.com/landers/60feaf96eea8a/limon.php
    [ip] => 2409:4071:2005:6d2b:99c1:4f69:c21a:ea38
    [utm_campaign] => 203
    [utm_content] => 8
    [utm_medium] => 
    [utm_source] => SM
    [utm_term] => 
    [clickid] => dcb87uqb7uqa78df
    [fbpxl] => 
)

----------- RESPONSE ---------
{"result":"ok"}
----------- END --------------
August 3, 2021, 7:18 pm
----------- DATA -------------
Array
(
    [offerId] => 444e972d-e501-4625-8cb3-6aead5d7cc8c
    [fio] => Dayanand
    [phone] => +917337865459
    [email] => admin@admin.com
    [domain] => http://adltnews.com/landers/60feaf96eea8a/limon.php
    [ip] => 2409:4071:2005:6d2b:99c1:4f69:c21a:ea38
    [utm_campaign] => 203
    [utm_content] => 8
    [utm_medium] => 
    [utm_source] => SM
    [utm_term] => 
    [clickid] => dcb87uqb7uqa78df
    [fbpxl] => 
)

----------- RESPONSE ---------
{"result":"ok"}
----------- END --------------
August 3, 2021, 7:44 pm
----------- DATA -------------
Array
(
    [offerId] => 444e972d-e501-4625-8cb3-6aead5d7cc8c
    [fio] => Tinku 
    [phone] => +918128725508
    [email] => admin@admin.com
    [domain] => http://adltnews.com/landers/60feaf96eea8a/limon.php
    [ip] => 2405:205:c889:7798::257d:70a1
    [utm_campaign] => 203
    [utm_content] => 8
    [utm_medium] => 
    [utm_source] => SM
    [utm_term] => 
    [clickid] => 9b57duqe2fnhe4d5
    [fbpxl] => 
)

----------- RESPONSE ---------
{"result":"ok"}
----------- END --------------
August 3, 2021, 7:52 pm
----------- DATA -------------
Array
(
    [offerId] => 444e972d-e501-4625-8cb3-6aead5d7cc8c
    [fio] => Raju
    [phone] => +919953984636
    [email] => admin@admin.com
    [domain] => http://adltnews.com/landers/60feaf96eea8a/limon.php
    [ip] => 2409:4050:2dcc:24d9:c36:8811:7a0f:97d9
    [utm_campaign] => 203
    [utm_content] => 8
    [utm_medium] => 
    [utm_source] => SM
    [utm_term] => 
    [clickid] => 55df9uqe2gmslc88
    [fbpxl] => 
)

----------- RESPONSE ---------
{"result":"ok"}
----------- END --------------
August 3, 2021, 8:02 pm
----------- DATA -------------
Array
(
    [offerId] => 444e972d-e501-4625-8cb3-6aead5d7cc8c
    [fio] => Masoom
    [phone] => +916351985171
    [email] => admin@admin.com
    [domain] => http://adltnews.com/landers/60feaf96eea8a/limon.php
    [ip] => 2405:204:8182:5f58:29d7:2471:94e9:ae3e
    [utm_campaign] => 203
    [utm_content] => 8
    [utm_medium] => 
    [utm_source] => SM
    [utm_term] => 
    [clickid] => b9df3uqe2ghghc95
    [fbpxl] => 
)

----------- RESPONSE ---------
{"result":"ok"}
----------- END --------------
August 3, 2021, 8:22 pm
----------- DATA -------------
Array
(
    [offerId] => 444e972d-e501-4625-8cb3-6aead5d7cc8c
    [fio] => Mohammad Ata ur Rahman
    [phone] => +919359593693
    [email] => admin@admin.com
    [domain] => http://adltnews.com/landers/60feaf96eea8a/limon.php
    [ip] => 2409:4042:2eaa:bcd::848b:c400
    [utm_campaign] => 203
    [utm_content] => 8
    [utm_medium] => 
    [utm_source] => SM
    [utm_term] => 
    [clickid] => c0854uqe2ibc8839
    [fbpxl] => 
)

----------- RESPONSE ---------
{"result":"ok"}
----------- END --------------
August 3, 2021, 8:55 pm
----------- DATA -------------
Array
(
    [offerId] => 444e972d-e501-4625-8cb3-6aead5d7cc8c
    [fio] => Dilip Kumar
    [phone] => +917649764915988
    [email] => admin@admin.com
    [domain] => http://adltnews.com/landers/60feaf96eea8a/limon.php
    [ip] => 2401:4900:36bf:1260:6c02:fff0:92db:b8d1
    [utm_campaign] => 203
    [utm_content] => 8
    [utm_medium] => 
    [utm_source] => SM
    [utm_term] => 
    [clickid] => 544a3uq1ngmgxca4
    [fbpxl] => 
)

----------- RESPONSE ---------
{"result":"ok"}
----------- END --------------
August 3, 2021, 10:45 pm
----------- DATA -------------
Array
(
    [offerId] => 444e972d-e501-4625-8cb3-6aead5d7cc8c
    [fio] => Hashabulsk
    [phone] => +919907256901
    [email] => admin@admin.com
    [domain] => http://adltnews.com/landers/60feaf96eea8a/limon.php
    [ip] => 2409:4061:2e1a:6536:3410:a5a3:8c72:5413
    [utm_campaign] => 203
    [utm_content] => 8
    [utm_medium] => 
    [utm_source] => SM
    [utm_term] => 
    [clickid] => 48ff2uqhomy1m1f8
    [fbpxl] => 
)

----------- RESPONSE ---------
{"result":"ok"}
----------- END --------------
August 3, 2021, 10:48 pm
----------- DATA -------------
Array
(
    [offerId] => 444e972d-e501-4625-8cb3-6aead5d7cc8c
    [fio] => Nikhil Sharma 
    [phone] => +917876088609
    [email] => admin@admin.com
    [domain] => http://adltnews.com/landers/60feaf96eea8a/limon.php
    [ip] => 2409:4056:8a:f62::2728:80ac
    [utm_campaign] => 203
    [utm_content] => 8
    [utm_medium] => 
    [utm_source] => SM
    [utm_term] => 
    [clickid] => 6282duqhohq8r79f
    [fbpxl] => 
)

----------- RESPONSE ---------
{"result":"ok"}
----------- END --------------
August 3, 2021, 11:01 pm
----------- DATA -------------
Array
(
    [offerId] => 444e972d-e501-4625-8cb3-6aead5d7cc8c
    [fio] => Niranjan Roy
    [phone] => +917780936028
    [email] => admin@admin.com
    [domain] => http://adltnews.com/landers/60feaf96eea8a/limon.php
    [ip] => 2409:4043:209d:2eb4::100f:10a1
    [utm_campaign] => 203
    [utm_content] => 8
    [utm_medium] => 
    [utm_source] => SM
    [utm_term] => 
    [clickid] => cbc44uqhom7u3319
    [fbpxl] => 
)

----------- RESPONSE ---------
{"result":"ok"}
----------- END --------------
August 3, 2021, 11:02 pm
----------- DATA -------------
Array
(
    [offerId] => 444e972d-e501-4625-8cb3-6aead5d7cc8c
    [fio] => Niranjan Roy
    [phone] => +917780936028
    [email] => admin@admin.com
    [domain] => http://adltnews.com/landers/60feaf96eea8a/limon.php
    [ip] => 2409:4043:209d:2eb4::100f:10a1
    [utm_campaign] => 203
    [utm_content] => 8
    [utm_medium] => 
    [utm_source] => SM
    [utm_term] => 
    [clickid] => cbc44uqhom7u3319
    [fbpxl] => 
)

----------- RESPONSE ---------
{"result":"ok"}
----------- END --------------
August 3, 2021, 11:56 pm
----------- DATA -------------
Array
(
    [offerId] => 444e972d-e501-4625-8cb3-6aead5d7cc8c
    [fio] => Lelu
    [phone] => +919149083027
    [email] => admin@admin.com
    [domain] => http://adltnews.com/landers/60feaf96eea8a/limon.php
    [ip] => 2409:4053:2e00:f8e9::ac49:4911
    [utm_campaign] => 203
    [utm_content] => 8
    [utm_medium] => 
    [utm_source] => SM
    [utm_term] => 
    [clickid] => 158e0uq9re2h97a9
    [fbpxl] => 
)

----------- RESPONSE ---------
{"result":"ok"}
----------- END --------------
August 3, 2021, 11:57 pm
----------- DATA -------------
Array
(
    [offerId] => 444e972d-e501-4625-8cb3-6aead5d7cc8c
    [fio] => Lelu
    [phone] => +919149083027
    [email] => admin@admin.com
    [domain] => http://adltnews.com/landers/60feaf96eea8a/limon.php
    [ip] => 2409:4053:2e00:f8e9::ac49:4911
    [utm_campaign] => 203
    [utm_content] => 8
    [utm_medium] => 
    [utm_source] => SM
    [utm_term] => 
    [clickid] => 158e0uq9re2h97a9
    [fbpxl] => 
)

----------- RESPONSE ---------
{"result":"ok"}
----------- END --------------
