August 1, 2021, 12:03 am
----------- DATA -------------
Array
(
    [offerId] => 444e972d-e501-4625-8cb3-6aead5d7cc8c
    [fio] => Nibashkumar
    [phone] => +919055394426
    [email] => admin@admin.com
    [domain] => http://adltnews.com/landers/60feaf96eea8a/limon.php
    [ip] => 2405:205:b086:73d7:5134:33b2:afe:9997
    [utm_campaign] => 
    [utm_content] => 
    [utm_medium] => 
    [utm_source] => SM
    [utm_term] => 
    [clickid] => eafb2myqqa67s480
    [fbpxl] => 
)

----------- RESPONSE ---------
{"result":"ok"}
----------- END --------------
August 1, 2021, 12:13 am
----------- DATA -------------
Array
(
    [offerId] => 444e972d-e501-4625-8cb3-6aead5d7cc8c
    [fio] => Sunil
    [phone] => +918097662746
    [email] => admin@admin.com
    [domain] => http://adltnews.com/landers/60feaf96eea8a/limon.php
    [ip] => 2405:204:2093:ed3f::4a6:b0a1
    [utm_campaign] => 
    [utm_content] => 
    [utm_medium] => 
    [utm_source] => SM
    [utm_term] => 
    [clickid] => 20269myqqfnird3b
    [fbpxl] => 
)

----------- RESPONSE ---------
{"result":"ok"}
----------- END --------------
August 1, 2021, 12:14 am
----------- DATA -------------
Array
(
    [offerId] => 444e972d-e501-4625-8cb3-6aead5d7cc8c
    [fio] => Sunil
    [phone] => +918097662746
    [email] => admin@admin.com
    [domain] => http://adltnews.com/landers/60feaf96eea8a/limon.php
    [ip] => 2405:204:2093:ed3f::4a6:b0a1
    [utm_campaign] => 
    [utm_content] => 
    [utm_medium] => 
    [utm_source] => SM
    [utm_term] => 
    [clickid] => 20269myqqfnird3b
    [fbpxl] => 
)

----------- RESPONSE ---------
{"result":"ok"}
----------- END --------------
August 1, 2021, 12:23 am
----------- DATA -------------
Array
(
    [offerId] => 444e972d-e501-4625-8cb3-6aead5d7cc8c
    [fio] => Error I
    [phone] => +9173589073
    [email] => admin@admin.com
    [domain] => http://adltnews.com/landers/60feaf96eea8a/limon.php
    [ip] => 2401:4900:3a0a:a0f2:c343:fb78:7221:59b2
    [utm_campaign] => 
    [utm_content] => 
    [utm_medium] => 
    [utm_source] => SM
    [utm_term] => 
    [clickid] => e8af4myqqwf8w662
    [fbpxl] => 
)

----------- RESPONSE ---------
{"result":"ok"}
----------- END --------------
August 1, 2021, 1:46 am
----------- DATA -------------
Array
(
    [offerId] => 444e972d-e501-4625-8cb3-6aead5d7cc8c
    [fio] => Land
    [phone] => +91+++++86060
    [email] => admin@admin.com
    [domain] => http://adltnews.com/landers/60feaf96eea8a/limon.php
    [ip] => 2401:4900:5a36:b0a5::1021:9d85
    [utm_campaign] => 
    [utm_content] => 
    [utm_medium] => 
    [utm_source] => SM
    [utm_term] => 
    [clickid] => e8c28uqa0hoa6a59
    [fbpxl] => 
)

----------- RESPONSE ---------
{"result":"ok"}
----------- END --------------
August 1, 2021, 1:56 am
----------- DATA -------------
Array
(
    [offerId] => 444e972d-e501-4625-8cb3-6aead5d7cc8c
    [fio] => Rakesh kumar
    [phone] => +919182098642
    [email] => admin@admin.com
    [domain] => http://adltnews.com/landers/60feaf96eea8a/limon.php
    [ip] => 2409:4070:2d14:478e::46c8:b512
    [utm_campaign] => 
    [utm_content] => 
    [utm_medium] => 
    [utm_source] => SM
    [utm_term] => 
    [clickid] => 3d953uqa0hqslc09
    [fbpxl] => 
)

----------- RESPONSE ---------
{"result":"ok"}
----------- END --------------
August 1, 2021, 2:33 am
----------- DATA -------------
Array
(
    [offerId] => 444e972d-e501-4625-8cb3-6aead5d7cc8c
    [fio] => Magam
    [phone] => +916006210172
    [email] => admin@admin.com
    [domain] => http://adltnews.com/landers/60feaf96eea8a/limon.php
    [ip] => 2409:4054:31c:ded4::566:88a1
    [utm_campaign] => 
    [utm_content] => 
    [utm_medium] => 
    [utm_source] => SM
    [utm_term] => 
    [clickid] => 71117uqa1h9bg8e8
    [fbpxl] => 
)

----------- RESPONSE ---------
{"result":"ok"}
----------- END --------------
August 1, 2021, 2:35 am
----------- DATA -------------
Array
(
    [offerId] => 444e972d-e501-4625-8cb3-6aead5d7cc8c
    [fio] => Idrees
    [phone] => +916006210172
    [email] => admin@admin.com
    [domain] => http://adltnews.com/landers/60feaf96eea8a/limon.php
    [ip] => 2409:4054:31c:ded4::566:88a1
    [utm_campaign] => 
    [utm_content] => 
    [utm_medium] => 
    [utm_source] => SM
    [utm_term] => 
    [clickid] => 71117uqa1h9bg8e8
    [fbpxl] => 
)

----------- RESPONSE ---------
{"result":"ok"}
----------- END --------------
August 1, 2021, 2:44 am
----------- DATA -------------
Array
(
    [offerId] => 444e972d-e501-4625-8cb3-6aead5d7cc8c
    [fio] => Rinku
    [phone] => +918144314951
    [email] => admin@admin.com
    [domain] => http://adltnews.com/landers/60feaf96eea8a/limon.php
    [ip] => 2409:4062:2d0e:2dd5::bf8b:c09
    [utm_campaign] => 
    [utm_content] => 
    [utm_medium] => 
    [utm_source] => SM
    [utm_term] => 
    [clickid] => 35ccduqa116lpd52
    [fbpxl] => 
)

----------- RESPONSE ---------
{"result":"ok"}
----------- END --------------
August 1, 2021, 4:27 am
----------- DATA -------------
Array
(
    [offerId] => 444e972d-e501-4625-8cb3-6aead5d7cc8c
    [fio] => Prem sagar
    [phone] => +918521721754
    [email] => admin@admin.com
    [domain] => http://adltnews.com/landers/60feaf96eea8a/limon.php
    [ip] => 2401:4900:122c:7e50:df06:579f:3f02:57d6
    [utm_campaign] => 
    [utm_content] => 
    [utm_medium] => 
    [utm_source] => SM
    [utm_term] => 
    [clickid] => 1cadcuqa2q5tw4b3
    [fbpxl] => 
)

----------- RESPONSE ---------
{"result":"ok"}
----------- END --------------
August 1, 2021, 4:52 am
----------- DATA -------------
Array
(
    [offerId] => 444e972d-e501-4625-8cb3-6aead5d7cc8c
    [fio] =>    
    [phone] => +916289345704
    [email] => admin@admin.com
    [domain] => http://adltnews.com/landers/60feaf96eea8a/limon.php
    [ip] => 2409:4060:2019:27bd::1137:b0a5
    [utm_campaign] => 
    [utm_content] => 
    [utm_medium] => 
    [utm_source] => SM
    [utm_term] => 
    [clickid] => 8ed5buqa2y9bgbdf
    [fbpxl] => 
)

----------- RESPONSE ---------
{"result":"ok"}
----------- END --------------
August 1, 2021, 5:03 am
----------- DATA -------------
Array
(
    [offerId] => 444e972d-e501-4625-8cb3-6aead5d7cc8c
    [fio] => Gite
    [phone] => +917021010752
    [email] => admin@admin.com
    [domain] => http://adltnews.com/landers/60feaf96eea8a/limon.php
    [ip] => 2409:4040:d0b:6996:2a77:7d64:99ab:e7be
    [utm_campaign] => 
    [utm_content] => 
    [utm_medium] => 
    [utm_source] => SM
    [utm_term] => 
    [clickid] => d8e69uqa25mc827e
    [fbpxl] => 
)

----------- RESPONSE ---------
{"result":"ok"}
----------- END --------------
August 1, 2021, 5:13 am
----------- DATA -------------
Array
(
    [offerId] => 444e972d-e501-4625-8cb3-6aead5d7cc8c
    [fio] => Sheetal singh
    [phone] => +916261286835
    [email] => admin@admin.com
    [domain] => http://adltnews.com/landers/60feaf96eea8a/limon.php
    [ip] => 2409:4043:4d9f:9752:3643:4526:6b2d:6fa4
    [utm_campaign] => 
    [utm_content] => 
    [utm_medium] => 
    [utm_source] => SM
    [utm_term] => 
    [clickid] => bdbffuqa2b73vba8
    [fbpxl] => 
)

----------- RESPONSE ---------
{"result":"ok"}
----------- END --------------
August 1, 2021, 6:01 am
----------- DATA -------------
Array
(
    [offerId] => 444e972d-e501-4625-8cb3-6aead5d7cc8c
    [fio] => navratansharmaji@gmail.com
    [phone] => +919818704374
    [email] => admin@admin.com
    [domain] => http://adltnews.com/landers/60feaf96eea8a/limon.php
    [ip] => 223.233.68.198
    [utm_campaign] => 
    [utm_content] => 
    [utm_medium] => 
    [utm_source] => SM
    [utm_term] => 
    [clickid] => 226a6uqa2e83zc68
    [fbpxl] => 
)

----------- RESPONSE ---------
{"result":"ok"}
----------- END --------------
August 1, 2021, 6:02 am
----------- DATA -------------
Array
(
    [offerId] => 444e972d-e501-4625-8cb3-6aead5d7cc8c
    [fio] => Chetram
    [phone] => +919891690370
    [email] => admin@admin.com
    [domain] => http://adltnews.com/landers/60feaf96eea8a/limon.php
    [ip] => 223.233.68.198
    [utm_campaign] => 
    [utm_content] => 
    [utm_medium] => 
    [utm_source] => SM
    [utm_term] => 
    [clickid] => 226a6uqa2e83zc68
    [fbpxl] => 
)

----------- RESPONSE ---------
{"result":"ok"}
----------- END --------------
August 1, 2021, 6:48 am
----------- DATA -------------
Array
(
    [offerId] => 444e972d-e501-4625-8cb3-6aead5d7cc8c
    [fio] => Ajay Nanavati
    [phone] => +9197128876
    [email] => admin@admin.com
    [domain] => http://adltnews.com/landers/60feaf96eea8a/limon.php
    [ip] => 2405:204:8183:81b3::268d:8a0
    [utm_campaign] => 
    [utm_content] => 
    [utm_medium] => 
    [utm_source] => SM
    [utm_term] => 
    [clickid] => f55eauqa3vcxif2b
    [fbpxl] => 
)

----------- RESPONSE ---------
{"result":"ok"}
----------- END --------------
August 1, 2021, 6:52 am
----------- DATA -------------
Array
(
    [offerId] => 444e972d-e501-4625-8cb3-6aead5d7cc8c
    [fio] => Surajbali APS
    [phone] => +91558653839
    [email] => admin@admin.com
    [domain] => http://adltnews.com/landers/60feaf96eea8a/limon.php
    [ip] => 2405:204:8183:81b3::268d:8a0
    [utm_campaign] => 
    [utm_content] => 
    [utm_medium] => 
    [utm_source] => SM
    [utm_term] => 
    [clickid] => f55eauqa3vcxif2b
    [fbpxl] => 
)

----------- RESPONSE ---------
{"result":"ok"}
----------- END --------------
August 1, 2021, 8:42 am
----------- DATA -------------
Array
(
    [offerId] => 444e972d-e501-4625-8cb3-6aead5d7cc8c
    [fio] => Sonu
    [phone] => +919940674858
    [email] => admin@admin.com
    [domain] => http://adltnews.com/landers/60feaf96eea8a/limon.php
    [ip] => 2401:4900:16bb:57b6:2:2:90d:3ee8
    [utm_campaign] => 
    [utm_content] => 
    [utm_medium] => 
    [utm_source] => SM
    [utm_term] => 
    [clickid] => cf367uqa4fyir579
    [fbpxl] => 
)

----------- RESPONSE ---------
{"result":"ok"}
----------- END --------------
August 1, 2021, 10:10 am
----------- DATA -------------
Array
(
    [offerId] => 444e972d-e501-4625-8cb3-6aead5d7cc8c
    [fio] => Birendra
    [phone] => +919700317314
    [email] => admin@admin.com
    [domain] => http://adltnews.com/landers/60feaf96eea8a/limon.php
    [ip] => 117.209.176.147
    [utm_campaign] => 
    [utm_content] => 
    [utm_medium] => 
    [utm_source] => SM
    [utm_term] => 
    [clickid] => 5f7eeuqa5qn4kcba
    [fbpxl] => 
)

----------- RESPONSE ---------
{"result":"ok"}
----------- END --------------
August 1, 2021, 12:02 pm
----------- DATA -------------
Array
(
    [offerId] => 444e972d-e501-4625-8cb3-6aead5d7cc8c
    [fio] => Siva
    [phone] => +91379436464
    [email] => admin@admin.com
    [domain] => http://adltnews.com/landers/60feaf96eea8a/limon.php
    [ip] => 2409:4072:8e89:f6b3::158b:3f0b
    [utm_campaign] => 
    [utm_content] => 
    [utm_medium] => 
    [utm_source] => SM
    [utm_term] => 
    [clickid] => 12ba2uqa7ciib2f5
    [fbpxl] => 
)

----------- RESPONSE ---------
{"result":"ok"}
----------- END --------------
August 1, 2021, 3:46 pm
----------- DATA -------------
Array
(
    [offerId] => 444e972d-e501-4625-8cb3-6aead5d7cc8c
    [fio] => Dharmendra yadav
    [phone] => +919580241484
    [email] => admin@admin.com
    [domain] => http://adltnews.com/landers/60feaf96eea8a/limon.php
    [ip] => 2405:205:104:e4b3:3794:eb66:576d:ab20
    [utm_campaign] => 
    [utm_content] => 
    [utm_medium] => 
    [utm_source] => SM
    [utm_term] => 
    [clickid] => aa682uqa9uonte7b
    [fbpxl] => 
)

----------- RESPONSE ---------
{"result":"ok"}
----------- END --------------
August 1, 2021, 3:46 pm
----------- DATA -------------
Array
(
    [offerId] => 444e972d-e501-4625-8cb3-6aead5d7cc8c
    [fio] => Dharmendra yadav
    [phone] => +919580241484
    [email] => admin@admin.com
    [domain] => http://adltnews.com/landers/60feaf96eea8a/limon.php
    [ip] => 2405:205:104:e4b3:3794:eb66:576d:ab20
    [utm_campaign] => 
    [utm_content] => 
    [utm_medium] => 
    [utm_source] => SM
    [utm_term] => 
    [clickid] => aa682uqa9uonte7b
    [fbpxl] => 
)

----------- RESPONSE ---------
{"result":"ok"}
----------- END --------------
August 1, 2021, 3:47 pm
----------- DATA -------------
Array
(
    [offerId] => 444e972d-e501-4625-8cb3-6aead5d7cc8c
    [fio] => Dharmendra yadav
    [phone] => +919580241484
    [email] => admin@admin.com
    [domain] => http://adltnews.com/landers/60feaf96eea8a/limon.php
    [ip] => 2405:205:104:e4b3:3794:eb66:576d:ab20
    [utm_campaign] => 
    [utm_content] => 
    [utm_medium] => 
    [utm_source] => SM
    [utm_term] => 
    [clickid] => aa682uqa9uonte7b
    [fbpxl] => 
)

----------- RESPONSE ---------
{"result":"ok"}
----------- END --------------
August 1, 2021, 4:04 pm
----------- DATA -------------
Array
(
    [offerId] => 444e972d-e501-4625-8cb3-6aead5d7cc8c
    [fio] => Kalam
    [phone] => +918509136435
    [email] => admin@admin.com
    [domain] => http://adltnews.com/landers/60feaf96eea8a/limon.php
    [ip] => 2409:4061:280:803e::1cda:88b1
    [utm_campaign] => 
    [utm_content] => 
    [utm_medium] => 
    [utm_source] => SM
    [utm_term] => 
    [clickid] => b6615uq2tusa86b2
    [fbpxl] => 
)

----------- RESPONSE ---------
{"result":"ok"}
----------- END --------------
August 1, 2021, 4:44 pm
----------- DATA -------------
Array
(
    [offerId] => 444e972d-e501-4625-8cb3-6aead5d7cc8c
    [fio] => M st
    [phone] => +917807078408
    [email] => admin@admin.com
    [domain] => http://adltnews.com/landers/60feaf96eea8a/limon.php
    [ip] => 2409:4056:e97:f320::9e09:ea07
    [utm_campaign] => 
    [utm_content] => 
    [utm_medium] => 
    [utm_source] => SM
    [utm_term] => 
    [clickid] => 517d6uq2tfya3f57
    [fbpxl] => 
)

----------- RESPONSE ---------
{"result":"ok"}
----------- END --------------
August 1, 2021, 4:44 pm
----------- DATA -------------
Array
(
    [offerId] => 444e972d-e501-4625-8cb3-6aead5d7cc8c
    [fio] => M st
    [phone] => +917807078408
    [email] => admin@admin.com
    [domain] => http://adltnews.com/landers/60feaf96eea8a/limon.php
    [ip] => 2409:4056:e97:f320::9e09:ea07
    [utm_campaign] => 
    [utm_content] => 
    [utm_medium] => 
    [utm_source] => SM
    [utm_term] => 
    [clickid] => 517d6uq2tfya3f57
    [fbpxl] => 
)

----------- RESPONSE ---------
{"result":"ok"}
----------- END --------------
