July 30, 2021, 1:20 am
----------- DATA -------------
Array
(
    [offerId] => 444e972d-e501-4625-8cb3-6aead5d7cc8c
    [fio] => Aravind
    [phone] => +919902800038
    [email] => admin@admin.com
    [domain] => http://adltnews.com/landers/60feaf96eea8a/limon.php
    [ip] => 223.237.133.85
    [utm_campaign] => 
    [utm_content] => 
    [utm_medium] => 
    [utm_source] => SM
    [utm_term] => 
    [clickid] => cd5f3mysc7vfve54
    [fbpxl] => 
)

----------- RESPONSE ---------
{"result":"ok"}
----------- END --------------
July 30, 2021, 4:07 pm
----------- DATA -------------
Array
(
    [offerId] => 444e972d-e501-4625-8cb3-6aead5d7cc8c
    [fio] => Saud Alam
    [phone] => +917718209367
    [email] => admin@admin.com
    [domain] => http://adltnews.com/landers/60feaf96eea8a/limon.php
    [ip] => 47.11.37.253
    [utm_campaign] => 
    [utm_content] => 
    [utm_medium] => 
    [utm_source] => SM
    [utm_term] => 
    [clickid] => 1a4e0my1m9rus8a8
    [fbpxl] => 
)

----------- RESPONSE ---------
{"result":"ok"}
----------- END --------------
July 30, 2021, 4:07 pm
----------- DATA -------------
Array
(
    [offerId] => 444e972d-e501-4625-8cb3-6aead5d7cc8c
    [fio] => Saud Alam
    [phone] => +917718209367
    [email] => admin@admin.com
    [domain] => http://adltnews.com/landers/60feaf96eea8a/limon.php
    [ip] => 47.11.37.253
    [utm_campaign] => 
    [utm_content] => 
    [utm_medium] => 
    [utm_source] => SM
    [utm_term] => 
    [clickid] => 1a4e0my1m9rus8a8
    [fbpxl] => 
)

----------- RESPONSE ---------
{"result":"ok"}
----------- END --------------
July 30, 2021, 4:20 pm
----------- DATA -------------
Array
(
    [offerId] => 444e972d-e501-4625-8cb3-6aead5d7cc8c
    [fio] => Rayeesdar
    [phone] => +916006645721
    [email] => admin@admin.com
    [domain] => http://adltnews.com/landers/60feaf96eea8a/limon.php
    [ip] => 2409:4054:100:88aa:2be7:70e6:6cfb:bce5
    [utm_campaign] => 
    [utm_content] => 
    [utm_medium] => 
    [utm_source] => SM
    [utm_term] => 
    [clickid] => 77c73my1mib7v26c
    [fbpxl] => 
)

----------- RESPONSE ---------
{"result":"ok"}
----------- END --------------
July 30, 2021, 4:34 pm
----------- DATA -------------
Array
(
    [offerId] => 444e972d-e501-4625-8cb3-6aead5d7cc8c
    [fio] => Gourav
    [phone] => +918000498018
    [email] => admin@admin.com
    [domain] => http://adltnews.com/landers/60feaf96eea8a/limon.php
    [ip] => 2401:4900:5b84:b817:ef67:85f9:9246:904d
    [utm_campaign] => 
    [utm_content] => 
    [utm_medium] => 
    [utm_source] => SM
    [utm_term] => 
    [clickid] => b64c0my46usoc138
    [fbpxl] => 
)

----------- RESPONSE ---------
{"result":"ok"}
----------- END --------------
July 30, 2021, 4:53 pm
----------- DATA -------------
Array
(
    [offerId] => 444e972d-e501-4625-8cb3-6aead5d7cc8c
    [fio] => Naresh
    [phone] => +916266799793
    [email] => admin@admin.com
    [domain] => http://adltnews.com/landers/60feaf96eea8a/limon.php
    [ip] => 2401:4900:51c8:bfd3:2e25:58b3:b2a1:19ca
    [utm_campaign] => 
    [utm_content] => 
    [utm_medium] => 
    [utm_source] => SM
    [utm_term] => 
    [clickid] => 405b7my46zwtlcf4
    [fbpxl] => 
)

----------- RESPONSE ---------
{"result":"ok"}
----------- END --------------
July 30, 2021, 5:30 pm
----------- DATA -------------
Array
(
    [offerId] => 444e972d-e501-4625-8cb3-6aead5d7cc8c
    [fio] => gh rasol n
    [phone] => +919797896270
    [email] => admin@admin.com
    [domain] => http://adltnews.com/landers/60feaf96eea8a/limon.php
    [ip] => 2401:4900:4487:4fb4:aaae:f19a:7f86:2203
    [utm_campaign] => 
    [utm_content] => 
    [utm_medium] => 
    [utm_source] => SM
    [utm_term] => 
    [clickid] => 2e669myp2hqbg696
    [fbpxl] => 
)

----------- RESPONSE ---------
{"result":"ok"}
----------- END --------------
July 30, 2021, 5:51 pm
----------- DATA -------------
Array
(
    [offerId] => 444e972d-e501-4625-8cb3-6aead5d7cc8c
    [fio] => Sanjay
    [phone] => +919936540045
    [email] => admin@admin.com
    [domain] => http://adltnews.com/landers/60feaf96eea8a/limon.php
    [ip] => 2409:4063:4e8a:ef51:2ac8:1579:2d2d:4569
    [utm_campaign] => 
    [utm_content] => 
    [utm_medium] => 
    [utm_source] => SM
    [utm_term] => 
    [clickid] => 23826mytllpxs193
    [fbpxl] => 
)

----------- RESPONSE ---------
{"result":"ok"}
----------- END --------------
July 30, 2021, 5:53 pm
----------- DATA -------------
Array
(
    [offerId] => 444e972d-e501-4625-8cb3-6aead5d7cc8c
    [fio] => Hhgt
    [phone] => +917051730944
    [email] => admin@admin.com
    [domain] => http://adltnews.com/landers/60feaf96eea8a/limon.php
    [ip] => 2401:4900:3115:8585:9f5f:4c17:2411:6941
    [utm_campaign] => 
    [utm_content] => 
    [utm_medium] => 
    [utm_source] => SM
    [utm_term] => 
    [clickid] => a3de5mytlirhe728
    [fbpxl] => 
)

----------- RESPONSE ---------
{"result":"ok"}
----------- END --------------
July 30, 2021, 6:12 pm
----------- DATA -------------
Array
(
    [offerId] => 444e972d-e501-4625-8cb3-6aead5d7cc8c
    [fio] => Shalander
    [phone] => +919352797772
    [email] => admin@admin.com
    [domain] => http://adltnews.com/landers/60feaf96eea8a/limon.php
    [ip] => 106.207.161.224
    [utm_campaign] => 
    [utm_content] => 
    [utm_medium] => 
    [utm_source] => SM
    [utm_term] => 
    [clickid] => 34137mytl151m734
    [fbpxl] => 
)

----------- RESPONSE ---------
{"result":"ok"}
----------- END --------------
July 30, 2021, 6:26 pm
----------- DATA -------------
Array
(
    [offerId] => 444e972d-e501-4625-8cb3-6aead5d7cc8c
    [fio] => Mohmmd irfan
    [phone] => +919986569800
    [email] => admin@admin.com
    [domain] => http://adltnews.com/landers/60feaf96eea8a/limon.php
    [ip] => 2401:4900:312a:36f3:3c20:c257:45e4:4929
    [utm_campaign] => 
    [utm_content] => 
    [utm_medium] => 
    [utm_source] => SM
    [utm_term] => 
    [clickid] => 67b19myc84kb724f
    [fbpxl] => 
)

----------- RESPONSE ---------
{"result":"ok"}
----------- END --------------
July 30, 2021, 7:05 pm
----------- DATA -------------
Array
(
    [offerId] => 444e972d-e501-4625-8cb3-6aead5d7cc8c
    [fio] => Harchand singh
    [phone] => +917986532526
    [email] => admin@admin.com
    [domain] => http://adltnews.com/landers/60feaf96eea8a/limon.php
    [ip] => 2409:4055:514:7700::e37:a0b1
    [utm_campaign] => 
    [utm_content] => 
    [utm_medium] => 
    [utm_source] => SM
    [utm_term] => 
    [clickid] => cdf6bmyejxskt10e
    [fbpxl] => 
)

----------- RESPONSE ---------
{"result":"ok"}
----------- END --------------
July 30, 2021, 7:09 pm
----------- DATA -------------
Array
(
    [offerId] => 444e972d-e501-4625-8cb3-6aead5d7cc8c
    [fio] => Abhishek yadav
    [phone] => +917985480222
    [email] => admin@admin.com
    [domain] => http://adltnews.com/landers/60feaf96eea8a/limon.php
    [ip] => 2409:4063:6c13:e8cc:b85c:e17b:1f28:e0f4
    [utm_campaign] => 
    [utm_content] => 
    [utm_medium] => 
    [utm_source] => SM
    [utm_term] => 
    [clickid] => 08f42myej52xib4f
    [fbpxl] => 
)

----------- RESPONSE ---------
{"result":"ok"}
----------- END --------------
July 30, 2021, 7:31 pm
----------- DATA -------------
Array
(
    [offerId] => 444e972d-e501-4625-8cb3-6aead5d7cc8c
    [fio] => Jehangir
    [phone] => +919622749296
    [email] => admin@admin.com
    [domain] => http://adltnews.com/landers/60feaf96eea8a/limon.php
    [ip] => 2401:4900:3112:2e5:0:45:fdcb:b501
    [utm_campaign] => 
    [utm_content] => 
    [utm_medium] => 
    [utm_source] => SM
    [utm_term] => 
    [clickid] => 7b089myejhqu373b
    [fbpxl] => 
)

----------- RESPONSE ---------
{"result":"ok"}
----------- END --------------
July 30, 2021, 7:50 pm
----------- DATA -------------
Array
(
    [offerId] => 444e972d-e501-4625-8cb3-6aead5d7cc8c
    [fio] => Shafik
    [phone] => +919517238652
    [email] => admin@admin.com
    [domain] => http://adltnews.com/landers/60feaf96eea8a/limon.php
    [ip] => 2405:204:a286:7160:ada6:62d6:eaea:aa85
    [utm_campaign] => 
    [utm_content] => 
    [utm_medium] => 
    [utm_source] => SM
    [utm_term] => 
    [clickid] => 77542mysya8466d5
    [fbpxl] => 
)

----------- RESPONSE ---------
{"result":"ok"}
----------- END --------------
July 30, 2021, 7:57 pm
----------- DATA -------------
Array
(
    [offerId] => 444e972d-e501-4625-8cb3-6aead5d7cc8c
    [fio] => Bitto
    [phone] => +917895951446
    [email] => admin@admin.com
    [domain] => http://adltnews.com/landers/60feaf96eea8a/limon.php
    [ip] => 2401:4900:30c2:2a36:0:5e:f9e1:401
    [utm_campaign] => 
    [utm_content] => 
    [utm_medium] => 
    [utm_source] => SM
    [utm_term] => 
    [clickid] => 5120amysyhegx0c0
    [fbpxl] => 
)

----------- RESPONSE ---------
{"result":"ok"}
----------- END --------------
July 30, 2021, 8:40 pm
----------- DATA -------------
Array
(
    [offerId] => 444e972d-e501-4625-8cb3-6aead5d7cc8c
    [fio] => Deepak kumar
    [phone] => +918868990283
    [email] => admin@admin.com
    [domain] => http://adltnews.com/landers/60feaf96eea8a/limon.php
    [ip] => 2409:4053:31a:6517::1f5e:18a1
    [utm_campaign] => 
    [utm_content] => 
    [utm_medium] => 
    [utm_source] => SM
    [utm_term] => 
    [clickid] => d278bmysy15a9ff3
    [fbpxl] => 
)

----------- RESPONSE ---------
{"result":"ok"}
----------- END --------------
July 30, 2021, 10:03 pm
----------- DATA -------------
Array
(
    [offerId] => 444e972d-e501-4625-8cb3-6aead5d7cc8c
    [fio] => Ramesh Kumar
    [phone] => +9193990
    [email] => admin@admin.com
    [domain] => http://adltnews.com/landers/60feaf96eea8a/limon.php
    [ip] => 2409:4043:4e8f:e09d::6e8b:1100
    [utm_campaign] => 
    [utm_content] => 
    [utm_medium] => 
    [utm_source] => SM
    [utm_term] => 
    [clickid] => 3972fmyx9due2e53
    [fbpxl] => 
)

----------- RESPONSE ---------
{"result":"ok"}
----------- END --------------
