July 27, 2021, 11:39 am
----------- DATA -------------
Array
(
    [offerId] => 444e972d-e501-4625-8cb3-6aead5d7cc8c
    [fio] => Salman
    [phone] => +919711121892
    [email] => admin@admin.com
    [domain] => http://adltnews.com/landers/60feaf96eea8a/limon.php
    [ip] => 2409:4050:2e15:1c0b::13c8:5507
    [utm_campaign] => 
    [utm_content] => 
    [utm_medium] => 
    [utm_source] => SM
    [utm_term] => 
    [clickid] => ee7bfmya8j65222b
    [fbpxl] => 
)

----------- RESPONSE ---------
{"result":"ok"}
----------- END --------------
July 27, 2021, 4:11 pm
----------- DATA -------------
Array
(
    [offerId] => 444e972d-e501-4625-8cb3-6aead5d7cc8c
    [fio] => Ravi
    [phone] => +916385294829
    [email] => admin@admin.com
    [domain] => http://adltnews.com/landers/60feaf96eea8a/limon.php
    [ip] => 106.197.70.191
    [utm_campaign] => 
    [utm_content] => 
    [utm_medium] => 
    [utm_source] => SM
    [utm_term] => 
    [clickid] => 0a335my17rnhed10
    [fbpxl] => 
)

----------- RESPONSE ---------
{"result":"ok"}
----------- END --------------
July 27, 2021, 4:15 pm
----------- DATA -------------
Array
(
    [offerId] => 444e972d-e501-4625-8cb3-6aead5d7cc8c
    [fio] => Ravi
    [phone] => +916385294829
    [email] => admin@admin.com
    [domain] => http://adltnews.com/landers/60feaf96eea8a/limon.php
    [ip] => 106.197.70.191
    [utm_campaign] => 
    [utm_content] => 
    [utm_medium] => 
    [utm_source] => SM
    [utm_term] => 
    [clickid] => 0a335my17rnhed10
    [fbpxl] => 
)

----------- RESPONSE ---------
{"result":"ok"}
----------- END --------------
July 27, 2021, 4:24 pm
----------- DATA -------------
Array
(
    [offerId] => 444e972d-e501-4625-8cb3-6aead5d7cc8c
    [fio] => Rk
    [phone] => +917015821183
    [email] => admin@admin.com
    [domain] => http://adltnews.com/landers/60feaf96eea8a/limon.php
    [ip] => 2409:4042:2398:e2c5:e21:17:14fd:80f3
    [utm_campaign] => 
    [utm_content] => 
    [utm_medium] => 
    [utm_source] => SM
    [utm_term] => 
    [clickid] => c3acdmyh9a5e8aa2
    [fbpxl] => 
)

----------- RESPONSE ---------
{"result":"ok"}
----------- END --------------
July 27, 2021, 4:35 pm
----------- DATA -------------
Array
(
    [offerId] => 444e972d-e501-4625-8cb3-6aead5d7cc8c
    [fio] => Khalik 
    [phone] => +916202239899
    [email] => admin@admin.com
    [domain] => http://adltnews.com/landers/60feaf96eea8a/limon.php
    [ip] => 2405:204:5409:4f2d:c1a8:aa32:dd2a:a758
    [utm_campaign] => 
    [utm_content] => 
    [utm_medium] => 
    [utm_source] => SM
    [utm_term] => 
    [clickid] => 604ddmyh9wfb4785
    [fbpxl] => 
)

----------- RESPONSE ---------
{"result":"ok"}
----------- END --------------
July 27, 2021, 4:37 pm
----------- DATA -------------
Array
(
    [offerId] => 444e972d-e501-4625-8cb3-6aead5d7cc8c
    [fio] => Khalik 
    [phone] => +916202239899
    [email] => admin@admin.com
    [domain] => http://adltnews.com/landers/60feaf96eea8a/limon.php
    [ip] => 2405:204:5409:4f2d:c1a8:aa32:dd2a:a758
    [utm_campaign] => 
    [utm_content] => 
    [utm_medium] => 
    [utm_source] => SM
    [utm_term] => 
    [clickid] => 604ddmyh9wfb4785
    [fbpxl] => 
)

----------- RESPONSE ---------
{"result":"ok"}
----------- END --------------
July 27, 2021, 4:50 pm
----------- DATA -------------
Array
(
    [offerId] => 444e972d-e501-4625-8cb3-6aead5d7cc8c
    [fio] => Anil gupta
    [phone] => +919453690341
    [email] => admin@admin.com
    [domain] => http://adltnews.com/landers/60feaf96eea8a/limon.php
    [ip] => 2401:4900:4189:e530:4604:b57d:dd90:b3e8
    [utm_campaign] => 
    [utm_content] => 
    [utm_medium] => 
    [utm_source] => SM
    [utm_term] => 
    [clickid] => 39150myh9377v0ed
    [fbpxl] => 
)

----------- RESPONSE ---------
{"result":"ok"}
----------- END --------------
July 27, 2021, 4:51 pm
----------- DATA -------------
Array
(
    [offerId] => 444e972d-e501-4625-8cb3-6aead5d7cc8c
    [fio] => Anil gupta
    [phone] => +919453690341
    [email] => admin@admin.com
    [domain] => http://adltnews.com/landers/60feaf96eea8a/limon.php
    [ip] => 2401:4900:4189:e530:4604:b57d:dd90:b3e8
    [utm_campaign] => 
    [utm_content] => 
    [utm_medium] => 
    [utm_source] => SM
    [utm_term] => 
    [clickid] => 39150myh9377v0ed
    [fbpxl] => 
)

----------- RESPONSE ---------
{"result":"ok"}
----------- END --------------
July 27, 2021, 4:51 pm
----------- DATA -------------
Array
(
    [offerId] => 444e972d-e501-4625-8cb3-6aead5d7cc8c
    [fio] => Anil gupta
    [phone] => +919453690341
    [email] => admin@admin.com
    [domain] => http://adltnews.com/landers/60feaf96eea8a/limon.php
    [ip] => 2401:4900:4189:e530:4604:b57d:dd90:b3e8
    [utm_campaign] => 
    [utm_content] => 
    [utm_medium] => 
    [utm_source] => SM
    [utm_term] => 
    [clickid] => 39150myh9377v0ed
    [fbpxl] => 
)

----------- RESPONSE ---------
{"result":"ok"}
----------- END --------------
July 27, 2021, 5:07 pm
----------- DATA -------------
Array
(
    [offerId] => 444e972d-e501-4625-8cb3-6aead5d7cc8c
    [fio] => DUIAI SK
    [phone] => +916289843551
    [email] => admin@admin.com
    [domain] => http://adltnews.com/landers/60feaf96eea8a/limon.php
    [ip] => 2409:4061:4e13:2ac:3c7b:c113:f34e:10df
    [utm_campaign] => 
    [utm_content] => 
    [utm_medium] => 
    [utm_source] => SM
    [utm_term] => 
    [clickid] => 3ee81myq5xspm8ff
    [fbpxl] => 
)

----------- RESPONSE ---------
{"result":"ok"}
----------- END --------------
July 27, 2021, 5:26 pm
----------- DATA -------------
Array
(
    [offerId] => 444e972d-e501-4625-8cb3-6aead5d7cc8c
    [fio] => Rohit
    [phone] => +918879554912
    [email] => admin@admin.com
    [domain] => http://adltnews.com/landers/60feaf96eea8a/limon.php
    [ip] => 2401:4900:5096:b332:2:1:b94:dedf
    [utm_campaign] => 
    [utm_content] => 
    [utm_medium] => 
    [utm_source] => SM
    [utm_term] => 
    [clickid] => 04b5emyq5ej3v916
    [fbpxl] => 
)

----------- RESPONSE ---------
{"result":"ok"}
----------- END --------------
July 27, 2021, 5:35 pm
----------- DATA -------------
Array
(
    [offerId] => 444e972d-e501-4625-8cb3-6aead5d7cc8c
    [fio] => Abhikaran 
    [phone] => +919936759825
    [email] => admin@admin.com
    [domain] => http://adltnews.com/landers/60feaf96eea8a/limon.php
    [ip] => 2405:204:97ac:b84a::41e:a0a5
    [utm_campaign] => 
    [utm_content] => 
    [utm_medium] => 
    [utm_source] => SM
    [utm_term] => 
    [clickid] => 43320mypm2tx93f0
    [fbpxl] => 
)

----------- RESPONSE ---------
{"result":"ok"}
----------- END --------------
July 27, 2021, 5:35 pm
----------- DATA -------------
Array
(
    [offerId] => 444e972d-e501-4625-8cb3-6aead5d7cc8c
    [fio] => Abhikaran 
    [phone] => +919936759825
    [email] => admin@admin.com
    [domain] => http://adltnews.com/landers/60feaf96eea8a/limon.php
    [ip] => 2405:204:97ac:b84a::41e:a0a5
    [utm_campaign] => 
    [utm_content] => 
    [utm_medium] => 
    [utm_source] => SM
    [utm_term] => 
    [clickid] => 43320mypm2tx93f0
    [fbpxl] => 
)

----------- RESPONSE ---------
{"result":"ok"}
----------- END --------------
July 27, 2021, 5:39 pm
----------- DATA -------------
Array
(
    [offerId] => 444e972d-e501-4625-8cb3-6aead5d7cc8c
    [fio] => Ramu
    [phone] => +917065723258
    [email] => admin@admin.com
    [domain] => http://adltnews.com/landers/60feaf96eea8a/limon.php
    [ip] => 2409:4042:2d87:a9ea::ad0b:5608
    [utm_campaign] => 
    [utm_content] => 
    [utm_medium] => 
    [utm_source] => SM
    [utm_term] => 
    [clickid] => 5f77emypmheus69e
    [fbpxl] => 
)

----------- RESPONSE ---------
{"result":"ok"}
----------- END --------------
July 27, 2021, 5:59 pm
----------- DATA -------------
Array
(
    [offerId] => 444e972d-e501-4625-8cb3-6aead5d7cc8c
    [fio] => Amar hayat
    [phone] => +916006493805
    [email] => admin@admin.com
    [domain] => http://adltnews.com/landers/60feaf96eea8a/limon.php
    [ip] => 2409:4054:2016:dc95:e2f5:b2a9:a7ce:27f
    [utm_campaign] => 
    [utm_content] => 
    [utm_medium] => 
    [utm_source] => SM
    [utm_term] => 
    [clickid] => c3fd4mypmbg9l2f3
    [fbpxl] => 
)

----------- RESPONSE ---------
{"result":"ok"}
----------- END --------------
July 27, 2021, 5:59 pm
----------- DATA -------------
Array
(
    [offerId] => 444e972d-e501-4625-8cb3-6aead5d7cc8c
    [fio] => Amar hayat
    [phone] => +916006493805
    [email] => admin@admin.com
    [domain] => http://adltnews.com/landers/60feaf96eea8a/limon.php
    [ip] => 2409:4054:2016:dc95:e2f5:b2a9:a7ce:27f
    [utm_campaign] => 
    [utm_content] => 
    [utm_medium] => 
    [utm_source] => SM
    [utm_term] => 
    [clickid] => c3fd4mypmbg9l2f3
    [fbpxl] => 
)

----------- RESPONSE ---------
{"result":"ok"}
----------- END --------------
July 27, 2021, 5:59 pm
----------- DATA -------------
Array
(
    [offerId] => 444e972d-e501-4625-8cb3-6aead5d7cc8c
    [fio] => Amar hayat
    [phone] => +916006493805
    [email] => admin@admin.com
    [domain] => http://adltnews.com/landers/60feaf96eea8a/limon.php
    [ip] => 2409:4054:2016:dc95:e2f5:b2a9:a7ce:27f
    [utm_campaign] => 
    [utm_content] => 
    [utm_medium] => 
    [utm_source] => SM
    [utm_term] => 
    [clickid] => c3fd4mypmbg9l2f3
    [fbpxl] => 
)

----------- RESPONSE ---------
{"result":"ok"}
----------- END --------------
July 27, 2021, 5:59 pm
----------- DATA -------------
Array
(
    [offerId] => 444e972d-e501-4625-8cb3-6aead5d7cc8c
    [fio] => Amar hayat
    [phone] => +916006493805
    [email] => admin@admin.com
    [domain] => http://adltnews.com/landers/60feaf96eea8a/limon.php
    [ip] => 2409:4054:2016:dc95:e2f5:b2a9:a7ce:27f
    [utm_campaign] => 
    [utm_content] => 
    [utm_medium] => 
    [utm_source] => SM
    [utm_term] => 
    [clickid] => c3fd4mypmbg9l2f3
    [fbpxl] => 
)

----------- RESPONSE ---------
{"result":"ok"}
----------- END --------------
July 27, 2021, 6:06 pm
----------- DATA -------------
Array
(
    [offerId] => 444e972d-e501-4625-8cb3-6aead5d7cc8c
    [fio] => Mithilesh kumar
    [phone] => +917633853433
    [email] => admin@admin.com
    [domain] => http://adltnews.com/landers/60feaf96eea8a/limon.php
    [ip] => 2401:4900:45b7:44d4:1:1:bebf:f319
    [utm_campaign] => 
    [utm_content] => 
    [utm_medium] => 
    [utm_source] => SM
    [utm_term] => 
    [clickid] => d7ec1mypmfvsc5b3
    [fbpxl] => 
)

----------- RESPONSE ---------
{"result":"ok"}
----------- END --------------
July 27, 2021, 6:06 pm
----------- DATA -------------
Array
(
    [offerId] => 444e972d-e501-4625-8cb3-6aead5d7cc8c
    [fio] => Mithilesh kumar
    [phone] => +917633853433
    [email] => admin@admin.com
    [domain] => http://adltnews.com/landers/60feaf96eea8a/limon.php
    [ip] => 2401:4900:45b7:44d4:1:1:bebf:f319
    [utm_campaign] => 
    [utm_content] => 
    [utm_medium] => 
    [utm_source] => SM
    [utm_term] => 
    [clickid] => d7ec1mypmfvsc5b3
    [fbpxl] => 
)

----------- RESPONSE ---------
{"result":"ok"}
----------- END --------------
July 27, 2021, 6:16 pm
----------- DATA -------------
Array
(
    [offerId] => 444e972d-e501-4625-8cb3-6aead5d7cc8c
    [fio] => Nipen
    [phone] => +918217627345
    [email] => admin@admin.com
    [domain] => http://adltnews.com/landers/60feaf96eea8a/limon.php
    [ip] => 2409:4071:2394:41a1::7c3:88ad
    [utm_campaign] => 
    [utm_content] => 
    [utm_medium] => 
    [utm_source] => SM
    [utm_term] => 
    [clickid] => cc3fcmyus16e2167
    [fbpxl] => 
)

----------- RESPONSE ---------
{"result":"ok"}
----------- END --------------
July 27, 2021, 6:24 pm
----------- DATA -------------
Array
(
    [offerId] => 444e972d-e501-4625-8cb3-6aead5d7cc8c
    [fio] => Subhendu Nayak
    [phone] => +919937699117
    [email] => admin@admin.com
    [domain] => http://adltnews.com/landers/60feaf96eea8a/limon.php
    [ip] => 2401:4900:38ff:dde2:cbca:7020:c1a3:bec0
    [utm_campaign] => 
    [utm_content] => 
    [utm_medium] => 
    [utm_source] => SM
    [utm_term] => 
    [clickid] => ddb77myusqe9rcec
    [fbpxl] => 
)

----------- RESPONSE ---------
{"result":"ok"}
----------- END --------------
July 27, 2021, 6:30 pm
----------- DATA -------------
Array
(
    [offerId] => 444e972d-e501-4625-8cb3-6aead5d7cc8c
    [fio] => Bibha
    [phone] => +916200715773
    [email] => admin@admin.com
    [domain] => http://adltnews.com/landers/60feaf96eea8a/limon.php
    [ip] => 2409:4064:81c:6be0:740c:8a0b:eb81:8069
    [utm_campaign] => 
    [utm_content] => 
    [utm_medium] => 
    [utm_source] => SM
    [utm_term] => 
    [clickid] => 639f0myusg5bg098
    [fbpxl] => 
)

----------- RESPONSE ---------
{"result":"ok"}
----------- END --------------
July 27, 2021, 6:33 pm
----------- DATA -------------
Array
(
    [offerId] => 444e972d-e501-4625-8cb3-6aead5d7cc8c
    [fio] => Bande,vitte 
    [phone] => +916261356181
    [email] => admin@admin.com
    [domain] => http://adltnews.com/landers/60feaf96eea8a/limon.php
    [ip] => 2409:4043:208b:9a06::20ec:c0a4
    [utm_campaign] => 
    [utm_content] => 
    [utm_medium] => 
    [utm_source] => SM
    [utm_term] => 
    [clickid] => 2345cmyusuquq649
    [fbpxl] => 
)

----------- RESPONSE ---------
{"result":"ok"}
----------- END --------------
July 27, 2021, 6:41 pm
----------- DATA -------------
Array
(
    [offerId] => 444e972d-e501-4625-8cb3-6aead5d7cc8c
    [fio] => MUNNA
    [phone] => +918882567457
    [email] => admin@admin.com
    [domain] => http://adltnews.com/landers/60feaf96eea8a/limon.php
    [ip] => 2405:204:3322:b98a:ba15:a6c3:5326:92e2
    [utm_campaign] => 
    [utm_content] => 
    [utm_medium] => 
    [utm_source] => SM
    [utm_term] => 
    [clickid] => 23edfmyusfv1m246
    [fbpxl] => 
)

----------- RESPONSE ---------
{"result":"ok"}
----------- END --------------
July 27, 2021, 7:09 pm
----------- DATA -------------
Array
(
    [offerId] => 444e972d-e501-4625-8cb3-6aead5d7cc8c
    [fio] => Safuilmd
    [phone] => +917029824334
    [email] => admin@admin.com
    [domain] => http://adltnews.com/landers/60feaf96eea8a/limon.php
    [ip] => 2409:4061:2b9d:1e85:1bdb:3c03:ad8c:5081
    [utm_campaign] => 
    [utm_content] => 
    [utm_medium] => 
    [utm_source] => SM
    [utm_term] => 
    [clickid] => cfbb6myxs9le23f4
    [fbpxl] => 
)

----------- RESPONSE ---------
{"result":"ok"}
----------- END --------------
July 27, 2021, 7:16 pm
----------- DATA -------------
Array
(
    [offerId] => 444e972d-e501-4625-8cb3-6aead5d7cc8c
    [fio] => Ajaykumar
    [phone] => +917303130546
    [email] => admin@admin.com
    [domain] => http://adltnews.com/landers/60feaf96eea8a/limon.php
    [ip] => 117.97.247.150
    [utm_campaign] => 
    [utm_content] => 
    [utm_medium] => 
    [utm_source] => SM
    [utm_term] => 
    [clickid] => 71bf6myxszwuoa3b
    [fbpxl] => 
)

----------- RESPONSE ---------
{"result":"ok"}
----------- END --------------
July 27, 2021, 7:33 pm
----------- DATA -------------
Array
(
    [offerId] => 444e972d-e501-4625-8cb3-6aead5d7cc8c
    [fio] => raju
    [phone] => +918586947962
    [email] => admin@admin.com
    [domain] => http://adltnews.com/landers/60feaf96eea8a/limon.php
    [ip] => 2409:4050:2dcd:c3d8:ddaa:ff77:21d3:85bf
    [utm_campaign] => 
    [utm_content] => 
    [utm_medium] => 
    [utm_source] => SM
    [utm_term] => 
    [clickid] => 54f52myfna1oc0fa
    [fbpxl] => 
)

----------- RESPONSE ---------
{"result":"ok"}
----------- END --------------
July 27, 2021, 8:02 pm
----------- DATA -------------
Array
(
    [offerId] => 444e972d-e501-4625-8cb3-6aead5d7cc8c
    [fio] => Mujibul khan
    [phone] => +919800672267
    [email] => admin@admin.com
    [domain] => http://adltnews.com/landers/60feaf96eea8a/limon.php
    [ip] => 2401:4900:3826:45a2:1b70:7024:993f:379f
    [utm_campaign] => 
    [utm_content] => 
    [utm_medium] => 
    [utm_source] => SM
    [utm_term] => 
    [clickid] => 7d32bmyfnho15ebb
    [fbpxl] => 
)

----------- RESPONSE ---------
{"result":"ok"}
----------- END --------------
July 27, 2021, 8:10 pm
----------- DATA -------------
Array
(
    [offerId] => 444e972d-e501-4625-8cb3-6aead5d7cc8c
    [fio] => PARBEEN
    [phone] => +916299490368
    [email] => admin@admin.com
    [domain] => http://adltnews.com/landers/60feaf96eea8a/limon.php
    [ip] => 2409:4041:6e87:425b::40ca:b40e
    [utm_campaign] => 
    [utm_content] => 
    [utm_medium] => 
    [utm_source] => SM
    [utm_term] => 
    [clickid] => 6d2c6myfnhq6jfeb
    [fbpxl] => 
)

----------- RESPONSE ---------
{"result":"ok"}
----------- END --------------
July 27, 2021, 8:10 pm
----------- DATA -------------
Array
(
    [offerId] => 444e972d-e501-4625-8cb3-6aead5d7cc8c
    [fio] => PARBEEN
    [phone] => +916299490368
    [email] => admin@admin.com
    [domain] => http://adltnews.com/landers/60feaf96eea8a/limon.php
    [ip] => 2409:4041:6e87:425b::40ca:b40e
    [utm_campaign] => 
    [utm_content] => 
    [utm_medium] => 
    [utm_source] => SM
    [utm_term] => 
    [clickid] => 6d2c6myfnhq6jfeb
    [fbpxl] => 
)

----------- RESPONSE ---------
{"result":"ok"}
----------- END --------------
July 27, 2021, 8:47 pm
----------- DATA -------------
Array
(
    [offerId] => 444e972d-e501-4625-8cb3-6aead5d7cc8c
    [fio] => Akshay 
    [phone] => +919149582086
    [email] => admin@admin.com
    [domain] => http://adltnews.com/landers/60feaf96eea8a/limon.php
    [ip] => 2409:4054:218a:ce3f:1e39:5fc7:43b8:f0a1
    [utm_campaign] => 
    [utm_content] => 
    [utm_medium] => 
    [utm_source] => SM
    [utm_term] => 
    [clickid] => b7140mybzusoje1f
    [fbpxl] => 
)

----------- RESPONSE ---------
{"result":"ok"}
----------- END --------------
July 27, 2021, 9:05 pm
----------- DATA -------------
Array
(
    [offerId] => 444e972d-e501-4625-8cb3-6aead5d7cc8c
    [fio] => Sumit panthi
    [phone] => +919131372569
    [email] => admin@admin.com
    [domain] => http://adltnews.com/landers/60feaf96eea8a/limon.php
    [ip] => 2409:4043:48e:4c3c:d607:8c9:edf2:311c
    [utm_campaign] => 
    [utm_content] => 
    [utm_medium] => 
    [utm_source] => SM
    [utm_term] => 
    [clickid] => d4829mybzgh52439
    [fbpxl] => 
)

----------- RESPONSE ---------
{"result":"ok"}
----------- END --------------
July 27, 2021, 9:08 pm
----------- DATA -------------
Array
(
    [offerId] => 444e972d-e501-4625-8cb3-6aead5d7cc8c
    [fio] => Dev singh
    [phone] => +917390974507
    [email] => admin@admin.com
    [domain] => http://adltnews.com/landers/60feaf96eea8a/limon.php
    [ip] => 223.225.226.237
    [utm_campaign] => 
    [utm_content] => 
    [utm_medium] => 
    [utm_source] => SM
    [utm_term] => 
    [clickid] => 5319amybzntbg16f
    [fbpxl] => 
)

----------- RESPONSE ---------
{"result":"ok"}
----------- END --------------
July 27, 2021, 9:16 pm
----------- DATA -------------
Array
(
    [offerId] => 444e972d-e501-4625-8cb3-6aead5d7cc8c
    [fio] => Premlal
    [phone] => +917837577650
    [email] => admin@admin.com
    [domain] => http://adltnews.com/landers/60feaf96eea8a/limon.php
    [ip] => 2409:4055:18f:cb5c:f6d8:cdfc:b088:fabe
    [utm_campaign] => 
    [utm_content] => 
    [utm_medium] => 
    [utm_source] => SM
    [utm_term] => 
    [clickid] => 01e90mybzvcsl1e3
    [fbpxl] => 
)

----------- RESPONSE ---------
{"result":"ok"}
----------- END --------------
July 27, 2021, 9:32 pm
----------- DATA -------------
Array
(
    [offerId] => 444e972d-e501-4625-8cb3-6aead5d7cc8c
    [fio] => Krishna chaudhary
    [phone] => +918091290228
    [email] => admin@admin.com
    [domain] => http://adltnews.com/landers/60feaf96eea8a/limon.php
    [ip] => 2401:4900:447d:b254:0:51:9ec8:1101
    [utm_campaign] => 
    [utm_content] => 
    [utm_medium] => 
    [utm_source] => SM
    [utm_term] => 
    [clickid] => 16f92mybzzwx98be
    [fbpxl] => 
)

----------- RESPONSE ---------
{"result":"ok"}
----------- END --------------
July 27, 2021, 11:09 pm
----------- DATA -------------
Array
(
    [offerId] => 444e972d-e501-4625-8cb3-6aead5d7cc8c
    [fio] => Rohit
    [phone] => +919569005312
    [email] => admin@admin.com
    [domain] => http://adltnews.com/landers/60feaf96eea8a/limon.php
    [ip] => 2409:4063:4d0a:2641:b6c3:151a:74e4:82fd
    [utm_campaign] => 
    [utm_content] => 
    [utm_medium] => 
    [utm_source] => SM
    [utm_term] => 
    [clickid] => 27bb4my8rhqgha61
    [fbpxl] => 
)

----------- RESPONSE ---------
{"result":"ok"}
----------- END --------------
July 27, 2021, 11:22 pm
----------- DATA -------------
Array
(
    [offerId] => 444e972d-e501-4625-8cb3-6aead5d7cc8c
    [fio] => Anmol nigam
    [phone] => +918077681055
    [email] => admin@admin.com
    [domain] => http://adltnews.com/landers/60feaf96eea8a/limon.php
    [ip] => 2409:4063:6c96:25c4:9b88:eb7:75b3:e851
    [utm_campaign] => 
    [utm_content] => 
    [utm_medium] => 
    [utm_source] => SM
    [utm_term] => 
    [clickid] => 663e9my8rfva9474
    [fbpxl] => 
)

----------- RESPONSE ---------
{"result":"ok"}
----------- END --------------
