August 4, 2021, 12:43 am
----------- DATA -------------
Array
(
    [offerId] => 444e972d-e501-4625-8cb3-6aead5d7cc8c
    [fio] => Abhiraj
    [phone] => +918955264361
    [email] => admin@admin.com
    [domain] => http://adltnews.com/landers/60feaf96eea8a/limon.php
    [ip] => 2401:4900:547c:1449::2f:c6ad
    [utm_campaign] => 203
    [utm_content] => 8
    [utm_medium] => 
    [utm_source] => SM
    [utm_term] => 
    [clickid] => ea003uqg5ojciccf
    [fbpxl] => 
)

----------- RESPONSE ---------
{"result":"ok"}
----------- END --------------
August 4, 2021, 1:55 am
----------- DATA -------------
Array
(
    [offerId] => 444e972d-e501-4625-8cb3-6aead5d7cc8c
    [fio] => ,sanjay kumar
    [phone] => +918200004874
    [email] => admin@admin.com
    [domain] => http://adltnews.com/landers/60feaf96eea8a/limon.php
    [ip] => 2409:4041:2e13:a2b:649e:ecbc:e98d:c59d
    [utm_campaign] => 203
    [utm_content] => 8
    [utm_medium] => 
    [utm_source] => SM
    [utm_term] => 
    [clickid] => 2f24cuq8wu3fta01
    [fbpxl] => 
)

----------- RESPONSE ---------
{"result":"ok"}
----------- END --------------
August 4, 2021, 1:59 am
----------- DATA -------------
Array
(
    [offerId] => 444e972d-e501-4625-8cb3-6aead5d7cc8c
    [fio] => rajiv ray
    [phone] => +919304397815
    [email] => admin@admin.com
    [domain] => http://adltnews.com/landers/60feaf96eea8a/limon.php
    [ip] => 2401:4900:385f:8b9f:d1bd:9c1c:cf31:7bf3
    [utm_campaign] => 203
    [utm_content] => 8
    [utm_medium] => 
    [utm_source] => SM
    [utm_term] => 
    [clickid] => eb8c2uq8wirgmb8f
    [fbpxl] => 
)

----------- RESPONSE ---------
{"result":"ok"}
----------- END --------------
August 4, 2021, 2:27 am
----------- DATA -------------
Array
(
    [offerId] => 444e972d-e501-4625-8cb3-6aead5d7cc8c
    [fio] => Kumar subba
    [phone] => +918670599852
    [email] => admin@admin.com
    [domain] => http://adltnews.com/landers/60feaf96eea8a/limon.php
    [ip] => 2401:4900:3a0a:cfa7:df65:c303:3b68:3146
    [utm_campaign] => 203
    [utm_content] => 8
    [utm_medium] => 
    [utm_source] => SM
    [utm_term] => 
    [clickid] => 70126uq8w4615fb2
    [fbpxl] => 
)

----------- RESPONSE ---------
{"result":"ok"}
----------- END --------------
August 4, 2021, 2:57 am
----------- DATA -------------
Array
(
    [offerId] => 444e972d-e501-4625-8cb3-6aead5d7cc8c
    [fio] => Abdul
    [phone] => +918354044776
    [email] => admin@admin.com
    [domain] => http://adltnews.com/landers/60feaf96eea8a/limon.php
    [ip] => 2401:4900:1aa0:3d52:1:1:63ad:aded
    [utm_campaign] => 203
    [utm_content] => 8
    [utm_medium] => 
    [utm_source] => SM
    [utm_term] => 
    [clickid] => b33efuqsca2fy65d
    [fbpxl] => 
)

----------- RESPONSE ---------
{"result":"ok"}
----------- END --------------
August 4, 2021, 2:57 am
----------- DATA -------------
Array
(
    [offerId] => 444e972d-e501-4625-8cb3-6aead5d7cc8c
    [fio] => Abdul
    [phone] => +918354044776
    [email] => admin@admin.com
    [domain] => http://adltnews.com/landers/60feaf96eea8a/limon.php
    [ip] => 2401:4900:1aa0:3d52:1:1:63ad:aded
    [utm_campaign] => 203
    [utm_content] => 8
    [utm_medium] => 
    [utm_source] => SM
    [utm_term] => 
    [clickid] => b33efuqsca2fy65d
    [fbpxl] => 
)

----------- RESPONSE ---------
{"result":"ok"}
----------- END --------------
August 4, 2021, 4:38 am
----------- DATA -------------
Array
(
    [offerId] => 444e972d-e501-4625-8cb3-6aead5d7cc8c
    [fio] => Sjdusns
    [phone] => +9198983564
    [email] => admin@admin.com
    [domain] => http://adltnews.com/landers/60feaf96eea8a/limon.php
    [ip] => 2401:4900:1212:cfd6:5d4b:4b57:d134:bcbb
    [utm_campaign] => 203
    [utm_content] => 8
    [utm_medium] => 
    [utm_source] => SM
    [utm_term] => 
    [clickid] => 8d6b5uqmya5us48e
    [fbpxl] => 
)

----------- RESPONSE ---------
{"result":"ok"}
----------- END --------------
August 4, 2021, 4:51 am
----------- DATA -------------
Array
(
    [offerId] => 444e972d-e501-4625-8cb3-6aead5d7cc8c
    [fio] => Surendra
    [phone] => +919301222257
    [email] => admin@admin.com
    [domain] => http://adltnews.com/landers/60feaf96eea8a/limon.php
    [ip] => 2409:4043:10a:6917:1699:65d4:a861:5d32
    [utm_campaign] => 203
    [utm_content] => 8
    [utm_medium] => 
    [utm_source] => SM
    [utm_term] => 
    [clickid] => 16aa4uqmyusqnd7c
    [fbpxl] => 
)

----------- RESPONSE ---------
{"result":"ok"}
----------- END --------------
August 4, 2021, 6:51 am
----------- DATA -------------
Array
(
    [offerId] => 444e972d-e501-4625-8cb3-6aead5d7cc8c
    [fio] => Aayan
    [phone] => +918699115351
    [email] => admin@admin.com
    [domain] => http://adltnews.com/landers/60feaf96eea8a/limon.php
    [ip] => 2401:4900:5c76:7aeb::c2d:f6f6
    [utm_campaign] => 203
    [utm_content] => 8
    [utm_medium] => 
    [utm_source] => SM
    [utm_term] => 
    [clickid] => a0edfuquqdva3874
    [fbpxl] => 
)

----------- RESPONSE ---------
{"result":"ok"}
----------- END --------------
August 4, 2021, 7:15 am
----------- DATA -------------
Array
(
    [offerId] => 444e972d-e501-4625-8cb3-6aead5d7cc8c
    [fio] => Ladnu
    [phone] => +917877203371
    [email] => admin@admin.com
    [domain] => http://adltnews.com/landers/60feaf96eea8a/limon.php
    [ip] => 2405:205:1284:29e5:99f2:65d8:ebf6:d986
    [utm_campaign] => 203
    [utm_content] => 8
    [utm_medium] => 
    [utm_source] => SM
    [utm_term] => 
    [clickid] => 644bduquqdum7f92
    [fbpxl] => 
)

----------- RESPONSE ---------
{"result":"ok"}
----------- END --------------
August 4, 2021, 7:16 am
----------- DATA -------------
Array
(
    [offerId] => 444e972d-e501-4625-8cb3-6aead5d7cc8c
    [fio] => Ladnu
    [phone] => +917877203371
    [email] => admin@admin.com
    [domain] => http://adltnews.com/landers/60feaf96eea8a/limon.php
    [ip] => 2405:205:1284:29e5:99f2:65d8:ebf6:d986
    [utm_campaign] => 203
    [utm_content] => 8
    [utm_medium] => 
    [utm_source] => SM
    [utm_term] => 
    [clickid] => 644bduquqdum7f92
    [fbpxl] => 
)

----------- RESPONSE ---------
{"result":"ok"}
----------- END --------------
August 4, 2021, 7:17 am
----------- DATA -------------
Array
(
    [offerId] => 444e972d-e501-4625-8cb3-6aead5d7cc8c
    [fio] => Ladnu
    [phone] => +917877203371
    [email] => admin@admin.com
    [domain] => http://adltnews.com/landers/60feaf96eea8a/limon.php
    [ip] => 2405:205:1284:29e5:99f2:65d8:ebf6:d986
    [utm_campaign] => 203
    [utm_content] => 8
    [utm_medium] => 
    [utm_source] => SM
    [utm_term] => 
    [clickid] => 644bduquqdum7f92
    [fbpxl] => 
)

----------- RESPONSE ---------
{"result":"ok"}
----------- END --------------
August 4, 2021, 7:32 am
----------- DATA -------------
Array
(
    [offerId] => 444e972d-e501-4625-8cb3-6aead5d7cc8c
    [fio] => Anujkumar
    [phone] => +918587995741
    [email] => admin@admin.com
    [domain] => http://adltnews.com/landers/60feaf96eea8a/limon.php
    [ip] => 180.94.32.135
    [utm_campaign] => 203
    [utm_content] => 8
    [utm_medium] => 
    [utm_source] => SM
    [utm_term] => 
    [clickid] => 7e550uqxiusoj1ae
    [fbpxl] => 
)

----------- RESPONSE ---------
{"result":"ok"}
----------- END --------------
August 4, 2021, 8:49 am
----------- DATA -------------
Array
(
    [offerId] => 444e972d-e501-4625-8cb3-6aead5d7cc8c
    [fio] => Subodh kumar
    [phone] => +918571944195
    [email] => admin@admin.com
    [domain] => http://adltnews.com/landers/60feaf96eea8a/limon.php
    [ip] => 2401:4900:3cb6:9dba::1220:d938
    [utm_campaign] => 203
    [utm_content] => 8
    [utm_medium] => 
    [utm_source] => SM
    [utm_term] => 
    [clickid] => 5a670uqdvxoa8312
    [fbpxl] => 
)

----------- RESPONSE ---------
{"result":"ok"}
----------- END --------------
August 4, 2021, 8:55 am
----------- DATA -------------
Array
(
    [offerId] => 444e972d-e501-4625-8cb3-6aead5d7cc8c
    [fio] => Raj
    [phone] => +919460187248
    [email] => admin@admin.com
    [domain] => http://adltnews.com/landers/60feaf96eea8a/limon.php
    [ip] => 117.234.13.229
    [utm_campaign] => 203
    [utm_content] => 8
    [utm_medium] => 
    [utm_source] => SM
    [utm_term] => 
    [clickid] => 13c15uqdv3z9ze38
    [fbpxl] => 
)

----------- RESPONSE ---------
{"result":"ok"}
----------- END --------------
August 4, 2021, 9:35 am
----------- DATA -------------
Array
(
    [offerId] => 444e972d-e501-4625-8cb3-6aead5d7cc8c
    [fio] => Ashish
    [phone] => +917398512420
    [email] => admin@admin.com
    [domain] => http://adltnews.com/landers/60feaf96eea8a/limon.php
    [ip] => 2409:4063:4393:5eeb:57ef:f51d:e5af:b6f2
    [utm_campaign] => 203
    [utm_content] => 8
    [utm_medium] => 
    [utm_source] => SM
    [utm_term] => 
    [clickid] => 02ecduqj6a9bgece
    [fbpxl] => 
)

----------- RESPONSE ---------
{"result":"ok"}
----------- END --------------
August 4, 2021, 10:20 am
----------- DATA -------------
Array
(
    [offerId] => 444e972d-e501-4625-8cb3-6aead5d7cc8c
    [fio] => Dina nath
    [phone] => +919354719672
    [email] => admin@admin.com
    [domain] => http://adltnews.com/landers/60feaf96eea8a/limon.php
    [ip] => 2409:4050:2dbf:2825::4209:950f
    [utm_campaign] => 203
    [utm_content] => 8
    [utm_medium] => 
    [utm_source] => SM
    [utm_term] => 
    [clickid] => f1c69uqj6ejj2544
    [fbpxl] => 
)

----------- RESPONSE ---------
{"result":"ok"}
----------- END --------------
August 4, 2021, 10:50 am
----------- DATA -------------
Array
(
    [offerId] => 444e972d-e501-4625-8cb3-6aead5d7cc8c
    [fio] => Shabbir
    [phone] => +918955223344
    [email] => admin@admin.com
    [domain] => http://adltnews.com/landers/60feaf96eea8a/limon.php
    [ip] => 2401:4900:527d:fe8a:0:19:a265:8101
    [utm_campaign] => 203
    [utm_content] => 8
    [utm_medium] => 
    [utm_source] => SM
    [utm_term] => 
    [clickid] => a335fuqzwa5g61be
    [fbpxl] => 
)

----------- RESPONSE ---------
{"result":"ok"}
----------- END --------------
