July 29, 2021, 4:04 pm
----------- DATA -------------
Array
(
    [offerId] => 444e972d-e501-4625-8cb3-6aead5d7cc8c
    [fio] => বুবাই munyan
    [phone] => +917679520991
    [email] => admin@admin.com
    [domain] => http://adltnews.com/landers/60feaf96eea8a/limon.php
    [ip] => 2409:4061:686:c984:d6d0:f732:15bc:6c76
    [utm_campaign] => 
    [utm_content] => 
    [utm_medium] => 
    [utm_source] => SM
    [utm_term] => 
    [clickid] => fde55my3zlp52161
    [fbpxl] => 
)

----------- RESPONSE ---------
{"result":"ok"}
----------- END --------------
July 29, 2021, 4:12 pm
----------- DATA -------------
Array
(
    [offerId] => 444e972d-e501-4625-8cb3-6aead5d7cc8c
    [fio] => Avdhesh () सजनी चौराहा Shobha medical store
    [phone] => +917307050545
    [email] => admin@admin.com
    [domain] => http://adltnews.com/landers/60feaf96eea8a/limon.php
    [ip] => 2409:4063:6d81:6:e894:2cfa:d825:3349
    [utm_campaign] => 
    [utm_content] => 
    [utm_medium] => 
    [utm_source] => SM
    [utm_term] => 
    [clickid] => 32eb5my3zqem7909
    [fbpxl] => 
)

----------- RESPONSE ---------
{"result":"ok"}
----------- END --------------
July 29, 2021, 4:12 pm
----------- DATA -------------
Array
(
    [offerId] => 444e972d-e501-4625-8cb3-6aead5d7cc8c
    [fio] => Avdhesh () सजनी चौराहा Shobha medical store
    [phone] => +917307050545
    [email] => admin@admin.com
    [domain] => http://adltnews.com/landers/60feaf96eea8a/limon.php
    [ip] => 2409:4063:6d81:6:e894:2cfa:d825:3349
    [utm_campaign] => 
    [utm_content] => 
    [utm_medium] => 
    [utm_source] => SM
    [utm_term] => 
    [clickid] => 32eb5my3zqem7909
    [fbpxl] => 
)

----------- RESPONSE ---------
{"result":"ok"}
----------- END --------------
July 29, 2021, 4:15 pm
----------- DATA -------------
Array
(
    [offerId] => 444e972d-e501-4625-8cb3-6aead5d7cc8c
    [fio] => Rmeshwar
    [phone] => +918529784143
    [email] => admin@admin.com
    [domain] => http://adltnews.com/landers/60feaf96eea8a/limon.php
    [ip] => 2405:205:148a:efaa::2b04:d8ac
    [utm_campaign] => 
    [utm_content] => 
    [utm_medium] => 
    [utm_source] => SM
    [utm_term] => 
    [clickid] => 54e24my3zyddv5e4
    [fbpxl] => 
)

----------- RESPONSE ---------
{"result":"ok"}
----------- END --------------
July 29, 2021, 4:21 pm
----------- DATA -------------
Array
(
    [offerId] => 444e972d-e501-4625-8cb3-6aead5d7cc8c
    [fio] => Ajit Kumar Nayak
    [phone] => +917978944004
    [email] => admin@admin.com
    [domain] => http://adltnews.com/landers/60feaf96eea8a/limon.php
    [ip] => 2401:4900:18e7:8095::38:4ff8
    [utm_campaign] => 
    [utm_content] => 
    [utm_medium] => 
    [utm_source] => SM
    [utm_term] => 
    [clickid] => 87603my3zg5a732d
    [fbpxl] => 
)

----------- RESPONSE ---------
{"result":"ok"}
----------- END --------------
July 29, 2021, 4:22 pm
----------- DATA -------------
Array
(
    [offerId] => 444e972d-e501-4625-8cb3-6aead5d7cc8c
    [fio] => Sdj
    [phone] => +917022438286
    [email] => admin@admin.com
    [domain] => http://adltnews.com/landers/60feaf96eea8a/limon.php
    [ip] => 2401:4900:2698:4419:cce4:b42:2e64:6421
    [utm_campaign] => 
    [utm_content] => 
    [utm_medium] => 
    [utm_source] => SM
    [utm_term] => 
    [clickid] => 9fd16my3zuqg5b7b
    [fbpxl] => 
)

----------- RESPONSE ---------
{"result":"ok"}
----------- END --------------
July 29, 2021, 4:23 pm
----------- DATA -------------
Array
(
    [offerId] => 444e972d-e501-4625-8cb3-6aead5d7cc8c
    [fio] => Sdj
    [phone] => +917022438286
    [email] => admin@admin.com
    [domain] => http://adltnews.com/landers/60feaf96eea8a/limon.php
    [ip] => 2401:4900:2698:4419:cce4:b42:2e64:6421
    [utm_campaign] => 
    [utm_content] => 
    [utm_medium] => 
    [utm_source] => SM
    [utm_term] => 
    [clickid] => 9fd16my3zuqg5b7b
    [fbpxl] => 
)

----------- RESPONSE ---------
{"result":"ok"}
----------- END --------------
July 29, 2021, 4:23 pm
----------- DATA -------------
Array
(
    [offerId] => 444e972d-e501-4625-8cb3-6aead5d7cc8c
    [fio] => Sdj
    [phone] => +917022438286
    [email] => admin@admin.com
    [domain] => http://adltnews.com/landers/60feaf96eea8a/limon.php
    [ip] => 2401:4900:2698:4419:cce4:b42:2e64:6421
    [utm_campaign] => 
    [utm_content] => 
    [utm_medium] => 
    [utm_source] => SM
    [utm_term] => 
    [clickid] => 9fd16my3zuqg5b7b
    [fbpxl] => 
)

----------- RESPONSE ---------
{"result":"ok"}
----------- END --------------
July 29, 2021, 4:40 pm
----------- DATA -------------
Array
(
    [offerId] => 444e972d-e501-4625-8cb3-6aead5d7cc8c
    [fio] => Pradeep
    [phone] => +919752930348
    [email] => admin@admin.com
    [domain] => http://adltnews.com/landers/60feaf96eea8a/limon.php
    [ip] => 2401:4900:55a0:119b:2be5:e268:860b:2159
    [utm_campaign] => 
    [utm_content] => 
    [utm_medium] => 
    [utm_source] => SM
    [utm_term] => 
    [clickid] => 9ac78my3zj2y9152
    [fbpxl] => 
)

----------- RESPONSE ---------
{"result":"ok"}
----------- END --------------
July 29, 2021, 4:42 pm
----------- DATA -------------
Array
(
    [offerId] => 444e972d-e501-4625-8cb3-6aead5d7cc8c
    [fio] => Babloo
    [phone] => +917004645001
    [email] => admin@admin.com
    [domain] => http://adltnews.com/landers/60feaf96eea8a/limon.php
    [ip] => 2409:4063:439a:e045::23d6:c8a0
    [utm_campaign] => 
    [utm_content] => 
    [utm_medium] => 
    [utm_source] => SM
    [utm_term] => 
    [clickid] => 7696cmy3ze852a97
    [fbpxl] => 
)

----------- RESPONSE ---------
{"result":"ok"}
----------- END --------------
July 29, 2021, 4:43 pm
----------- DATA -------------
Array
(
    [offerId] => 444e972d-e501-4625-8cb3-6aead5d7cc8c
    [fio] => Babloo
    [phone] => +917004645001
    [email] => admin@admin.com
    [domain] => http://adltnews.com/landers/60feaf96eea8a/limon.php
    [ip] => 2409:4063:439a:e045::23d6:c8a0
    [utm_campaign] => 
    [utm_content] => 
    [utm_medium] => 
    [utm_source] => SM
    [utm_term] => 
    [clickid] => 7696cmy3ze852a97
    [fbpxl] => 
)

----------- RESPONSE ---------
{"result":"ok"}
----------- END --------------
July 29, 2021, 5:06 pm
----------- DATA -------------
Array
(
    [offerId] => 444e972d-e501-4625-8cb3-6aead5d7cc8c
    [fio] => Jitendra  kumar
    [phone] => +91283456569
    [email] => admin@admin.com
    [domain] => http://adltnews.com/landers/60feaf96eea8a/limon.php
    [ip] => 2409:4064:58e:bbfc::c58:40a1
    [utm_campaign] => 
    [utm_content] => 
    [utm_medium] => 
    [utm_source] => SM
    [utm_term] => 
    [clickid] => 2651cmyb79r8rd34
    [fbpxl] => 
)

----------- RESPONSE ---------
{"result":"ok"}
----------- END --------------
July 29, 2021, 5:08 pm
----------- DATA -------------
Array
(
    [offerId] => 444e972d-e501-4625-8cb3-6aead5d7cc8c
    [fio] => LALTA pal
    [phone] => +917898291424
    [email] => admin@admin.com
    [domain] => http://adltnews.com/landers/60feaf96eea8a/limon.php
    [ip] => 2409:4052:e1c:68a1::48c8:b105
    [utm_campaign] => 
    [utm_content] => 
    [utm_medium] => 
    [utm_source] => SM
    [utm_term] => 
    [clickid] => 432c5myb78wuqd6f
    [fbpxl] => 
)

----------- RESPONSE ---------
{"result":"ok"}
----------- END --------------
July 29, 2021, 5:10 pm
----------- DATA -------------
Array
(
    [offerId] => 444e972d-e501-4625-8cb3-6aead5d7cc8c
    [fio] => LALTA pal
    [phone] => +917898291424
    [email] => admin@admin.com
    [domain] => http://adltnews.com/landers/60feaf96eea8a/limon.php
    [ip] => 2409:4052:e1c:68a1::48c8:b105
    [utm_campaign] => 
    [utm_content] => 
    [utm_medium] => 
    [utm_source] => SM
    [utm_term] => 
    [clickid] => 432c5myb78wuqd6f
    [fbpxl] => 
)

----------- RESPONSE ---------
{"result":"ok"}
----------- END --------------
July 29, 2021, 5:15 pm
----------- DATA -------------
Array
(
    [offerId] => 444e972d-e501-4625-8cb3-6aead5d7cc8c
    [fio] => Yaranask
    [phone] => +917501591466
    [email] => admin@admin.com
    [domain] => http://adltnews.com/landers/60feaf96eea8a/limon.php
    [ip] => 2401:4900:3a06:3708:77b7:4f2c:68b8:cf8d
    [utm_campaign] => 
    [utm_content] => 
    [utm_medium] => 
    [utm_source] => SM
    [utm_term] => 
    [clickid] => efad5myb7c8qe689
    [fbpxl] => 
)

----------- RESPONSE ---------
{"result":"ok"}
----------- END --------------
July 29, 2021, 5:18 pm
----------- DATA -------------
Array
(
    [offerId] => 444e972d-e501-4625-8cb3-6aead5d7cc8c
    [fio] => Bijendar Kumar
    [phone] => +917827264025
    [email] => admin@admin.com
    [domain] => http://adltnews.com/landers/60feaf96eea8a/limon.php
    [ip] => 2409:4064:4dbb:475e::3d4a:a08
    [utm_campaign] => 
    [utm_content] => 
    [utm_medium] => 
    [utm_source] => SM
    [utm_term] => 
    [clickid] => cf981myb7ika4f1d
    [fbpxl] => 
)

----------- RESPONSE ---------
{"result":"ok"}
----------- END --------------
July 29, 2021, 5:31 pm
----------- DATA -------------
Array
(
    [offerId] => 444e972d-e501-4625-8cb3-6aead5d7cc8c
    [fio] => Hi 
    [phone] => +917992007249
    [email] => admin@admin.com
    [domain] => http://adltnews.com/landers/60feaf96eea8a/limon.php
    [ip] => 2409:4055:2e96:c96a::6a4a:9d09
    [utm_campaign] => 
    [utm_content] => 
    [utm_medium] => 
    [utm_source] => SM
    [utm_term] => 
    [clickid] => 23a08mye2gxxsed0
    [fbpxl] => 
)

----------- RESPONSE ---------
{"result":"ok"}
----------- END --------------
July 29, 2021, 5:32 pm
----------- DATA -------------
Array
(
    [offerId] => 444e972d-e501-4625-8cb3-6aead5d7cc8c
    [fio] => Hi 
    [phone] => +917992007249
    [email] => admin@admin.com
    [domain] => http://adltnews.com/landers/60feaf96eea8a/limon.php
    [ip] => 132.154.147.240
    [utm_campaign] => 
    [utm_content] => 
    [utm_medium] => 
    [utm_source] => SM
    [utm_term] => 
    [clickid] => 23a08mye2gxxsed0
    [fbpxl] => 
)

----------- RESPONSE ---------
{"result":"ok"}
----------- END --------------
July 29, 2021, 5:32 pm
----------- DATA -------------
Array
(
    [offerId] => 444e972d-e501-4625-8cb3-6aead5d7cc8c
    [fio] => Hi 
    [phone] => +917992007249
    [email] => admin@admin.com
    [domain] => http://adltnews.com/landers/60feaf96eea8a/limon.php
    [ip] => 132.154.147.240
    [utm_campaign] => 
    [utm_content] => 
    [utm_medium] => 
    [utm_source] => SM
    [utm_term] => 
    [clickid] => 23a08mye2gxxsed0
    [fbpxl] => 
)

----------- RESPONSE ---------
{"result":"ok"}
----------- END --------------
July 29, 2021, 5:32 pm
----------- DATA -------------
Array
(
    [offerId] => 444e972d-e501-4625-8cb3-6aead5d7cc8c
    [fio] => Hi 
    [phone] => +917992007249
    [email] => admin@admin.com
    [domain] => http://adltnews.com/landers/60feaf96eea8a/limon.php
    [ip] => 132.154.147.240
    [utm_campaign] => 
    [utm_content] => 
    [utm_medium] => 
    [utm_source] => SM
    [utm_term] => 
    [clickid] => 23a08mye2gxxsed0
    [fbpxl] => 
)

----------- RESPONSE ---------
{"result":"ok"}
----------- END --------------
July 29, 2021, 5:32 pm
----------- DATA -------------
Array
(
    [offerId] => 444e972d-e501-4625-8cb3-6aead5d7cc8c
    [fio] => Hi 
    [phone] => +917992007249
    [email] => admin@admin.com
    [domain] => http://adltnews.com/landers/60feaf96eea8a/limon.php
    [ip] => 132.154.147.240
    [utm_campaign] => 
    [utm_content] => 
    [utm_medium] => 
    [utm_source] => SM
    [utm_term] => 
    [clickid] => 23a08mye2gxxsed0
    [fbpxl] => 
)

----------- RESPONSE ---------
{"result":"ok"}
----------- END --------------
July 29, 2021, 5:34 pm
----------- DATA -------------
Array
(
    [offerId] => 444e972d-e501-4625-8cb3-6aead5d7cc8c
    [fio] => Sunila kumar
    [phone] => +918540083383
    [email] => admin@admin.com
    [domain] => http://adltnews.com/landers/60feaf96eea8a/limon.php
    [ip] => 2401:4900:3c71:e92d:3a11:759f:2742:d306
    [utm_campaign] => 
    [utm_content] => 
    [utm_medium] => 
    [utm_source] => SM
    [utm_term] => 
    [clickid] => 91e3emye2fnqq11a
    [fbpxl] => 
)

----------- RESPONSE ---------
{"result":"ok"}
----------- END --------------
July 29, 2021, 5:36 pm
----------- DATA -------------
Array
(
    [offerId] => 444e972d-e501-4625-8cb3-6aead5d7cc8c
    [fio] => ajayrobidas
    [phone] => +918179116160
    [email] => admin@admin.com
    [domain] => http://adltnews.com/landers/60feaf96eea8a/limon.php
    [ip] => 2401:4900:33a5:8309:7626:6804:e43f:5043
    [utm_campaign] => 
    [utm_content] => 
    [utm_medium] => 
    [utm_source] => SM
    [utm_term] => 
    [clickid] => b7278mye2xs4ke6c
    [fbpxl] => 
)

----------- RESPONSE ---------
{"result":"ok"}
----------- END --------------
July 29, 2021, 5:41 pm
----------- DATA -------------
Array
(
    [offerId] => 444e972d-e501-4625-8cb3-6aead5d7cc8c
    [fio] => Chinappa
    [phone] => +919845528808
    [email] => admin@admin.com
    [domain] => http://adltnews.com/landers/60feaf96eea8a/limon.php
    [ip] => 2405:204:51a7:ab5f::15f2:a0b0
    [utm_campaign] => 
    [utm_content] => 
    [utm_medium] => 
    [utm_source] => SM
    [utm_term] => 
    [clickid] => 247aemye2wfci29b
    [fbpxl] => 
)

----------- RESPONSE ---------
{"result":"ok"}
----------- END --------------
July 29, 2021, 5:44 pm
----------- DATA -------------
Array
(
    [offerId] => 444e972d-e501-4625-8cb3-6aead5d7cc8c
    [fio] => Kala
    [phone] => +917696153047
    [email] => admin@admin.com
    [domain] => http://adltnews.com/landers/60feaf96eea8a/limon.php
    [ip] => 2401:4900:597d:8252::226:bae2
    [utm_campaign] => 
    [utm_content] => 
    [utm_medium] => 
    [utm_source] => SM
    [utm_term] => 
    [clickid] => 17884mye2qeusac1
    [fbpxl] => 
)

----------- RESPONSE ---------
{"result":"ok"}
----------- END --------------
July 29, 2021, 5:46 pm
----------- DATA -------------
Array
(
    [offerId] => 444e972d-e501-4625-8cb3-6aead5d7cc8c
    [fio] => Subhankardas
    [phone] => +919614804771
    [email] => admin@admin.com
    [domain] => http://adltnews.com/landers/60feaf96eea8a/limon.php
    [ip] => 2401:4900:3a09:37b3:757d:ecd0:15c9:5b99
    [utm_campaign] => 
    [utm_content] => 
    [utm_medium] => 
    [utm_source] => SM
    [utm_term] => 
    [clickid] => 337f8mye21z6jf34
    [fbpxl] => 
)

----------- RESPONSE ---------
{"result":"ok"}
----------- END --------------
July 29, 2021, 5:46 pm
----------- DATA -------------
Array
(
    [offerId] => 444e972d-e501-4625-8cb3-6aead5d7cc8c
    [fio] => Sonu Bhai
    [phone] => +918825346109
    [email] => admin@admin.com
    [domain] => http://adltnews.com/landers/60feaf96eea8a/limon.php
    [ip] => 2409:4064:600:f7d:8058:3d26:7a77:4e79
    [utm_campaign] => 
    [utm_content] => 
    [utm_medium] => 
    [utm_source] => SM
    [utm_term] => 
    [clickid] => afa4emye21zq5f58
    [fbpxl] => 
)

----------- RESPONSE ---------
{"result":"ok"}
----------- END --------------
July 29, 2021, 5:50 pm
----------- DATA -------------
Array
(
    [offerId] => 444e972d-e501-4625-8cb3-6aead5d7cc8c
    [fio] => Suraj Bhai
    [phone] => +918090668020
    [email] => admin@admin.com
    [domain] => http://adltnews.com/landers/60feaf96eea8a/limon.php
    [ip] => 2401:4900:1fe6:fd8d:ca2c:59d0:be16:119
    [utm_campaign] => 
    [utm_content] => 
    [utm_medium] => 
    [utm_source] => SM
    [utm_term] => 
    [clickid] => f2b4fmye21n52280
    [fbpxl] => 
)

----------- RESPONSE ---------
{"result":"ok"}
----------- END --------------
July 29, 2021, 5:54 pm
----------- DATA -------------
Array
(
    [offerId] => 444e972d-e501-4625-8cb3-6aead5d7cc8c
    [fio] => Jasmine
    [phone] => +917384649454
    [email] => admin@admin.com
    [domain] => http://adltnews.com/landers/60feaf96eea8a/limon.php
    [ip] => 2409:4061:70e:92bb:80c7:ed37:9db8:93d
    [utm_campaign] => 
    [utm_content] => 
    [utm_medium] => 
    [utm_source] => SM
    [utm_term] => 
    [clickid] => 1de30mye2hqhedfa
    [fbpxl] => 
)

----------- RESPONSE ---------
{"result":"ok"}
----------- END --------------
July 29, 2021, 6:00 pm
----------- DATA -------------
Array
(
    [offerId] => 444e972d-e501-4625-8cb3-6aead5d7cc8c
    [fio] => गौरव राठौर बिधूना
    [phone] => +917417262198
    [email] => admin@admin.com
    [domain] => http://adltnews.com/landers/60feaf96eea8a/limon.php
    [ip] => 2409:4063:2088:7a5f::b9d:18b1
    [utm_campaign] => 
    [utm_content] => 
    [utm_medium] => 
    [utm_source] => SM
    [utm_term] => 
    [clickid] => e72d8mye2fvqna38
    [fbpxl] => 
)

----------- RESPONSE ---------
{"result":"ok"}
----------- END --------------
July 29, 2021, 6:01 pm
----------- DATA -------------
Array
(
    [offerId] => 444e972d-e501-4625-8cb3-6aead5d7cc8c
    [fio] => Sikandar
    [phone] => +919880215180
    [email] => admin@admin.com
    [domain] => http://adltnews.com/landers/60feaf96eea8a/limon.php
    [ip] => 2401:4900:4992:a740:29c2:1643:618d:b007
    [utm_campaign] => 
    [utm_content] => 
    [utm_medium] => 
    [utm_source] => SM
    [utm_term] => 
    [clickid] => 76235mye23vpmce3
    [fbpxl] => 
)

----------- RESPONSE ---------
{"result":"ok"}
----------- END --------------
July 29, 2021, 6:03 pm
----------- DATA -------------
Array
(
    [offerId] => 444e972d-e501-4625-8cb3-6aead5d7cc8c
    [fio] => Dinesh
    [phone] => +918003332102
    [email] => admin@admin.com
    [domain] => http://adltnews.com/landers/60feaf96eea8a/limon.php
    [ip] => 2409:4052:220b:da79::1462:78b1
    [utm_campaign] => 
    [utm_content] => 
    [utm_medium] => 
    [utm_source] => SM
    [utm_term] => 
    [clickid] => 63ec5mye2xigxb7b
    [fbpxl] => 
)

----------- RESPONSE ---------
{"result":"ok"}
----------- END --------------
July 29, 2021, 6:13 pm
----------- DATA -------------
Array
(
    [offerId] => 444e972d-e501-4625-8cb3-6aead5d7cc8c
    [fio] => Mk
    [phone] => +918168404248
    [email] => admin@admin.com
    [domain] => http://adltnews.com/landers/60feaf96eea8a/limon.php
    [ip] => 2405:204:1407:e365:d822:9226:2955:19cf
    [utm_campaign] => 
    [utm_content] => 
    [utm_medium] => 
    [utm_source] => SM
    [utm_term] => 
    [clickid] => 75248my1na62te1a
    [fbpxl] => 
)

----------- RESPONSE ---------
{"result":"ok"}
----------- END --------------
July 29, 2021, 6:20 pm
----------- DATA -------------
Array
(
    [offerId] => 444e972d-e501-4625-8cb3-6aead5d7cc8c
    [fio] => Dilip
    [phone] => +916352208700
    [email] => admin@admin.com
    [domain] => http://adltnews.com/landers/60feaf96eea8a/limon.php
    [ip] => 2409:4041:2d96:4427::e20a:2b0d
    [utm_campaign] => 
    [utm_content] => 
    [utm_medium] => 
    [utm_source] => SM
    [utm_term] => 
    [clickid] => 83475my1n16m7d5c
    [fbpxl] => 
)

----------- RESPONSE ---------
{"result":"ok"}
----------- END --------------
July 29, 2021, 6:37 pm
----------- DATA -------------
Array
(
    [offerId] => 444e972d-e501-4625-8cb3-6aead5d7cc8c
    [fio] => Mithlesh kumar
    [phone] => +917559296722
    [email] => admin@admin.com
    [domain] => http://adltnews.com/landers/60feaf96eea8a/limon.php
    [ip] => 2401:4900:40af:967:0:5c:a319:3c01
    [utm_campaign] => 
    [utm_content] => 
    [utm_medium] => 
    [utm_source] => SM
    [utm_term] => 
    [clickid] => 99690my1nhqlp578
    [fbpxl] => 
)

----------- RESPONSE ---------
{"result":"ok"}
----------- END --------------
July 29, 2021, 6:48 pm
----------- DATA -------------
Array
(
    [offerId] => 444e972d-e501-4625-8cb3-6aead5d7cc8c
    [fio] => Ali
    [phone] => +919966917287
    [email] => admin@admin.com
    [domain] => http://adltnews.com/landers/60feaf96eea8a/limon.php
    [ip] => 2409:4070:2c96:838d::2188:2e08
    [utm_campaign] => 
    [utm_content] => 
    [utm_medium] => 
    [utm_source] => SM
    [utm_term] => 
    [clickid] => a8d07my1nduci90b
    [fbpxl] => 
)

----------- RESPONSE ---------
{"result":"ok"}
----------- END --------------
July 29, 2021, 6:49 pm
----------- DATA -------------
Array
(
    [offerId] => 444e972d-e501-4625-8cb3-6aead5d7cc8c
    [fio] => Ali
    [phone] => +919966917287
    [email] => admin@admin.com
    [domain] => http://adltnews.com/landers/60feaf96eea8a/limon.php
    [ip] => 2409:4070:2c96:838d::2188:2e08
    [utm_campaign] => 
    [utm_content] => 
    [utm_medium] => 
    [utm_source] => SM
    [utm_term] => 
    [clickid] => a8d07my1nduci90b
    [fbpxl] => 
)

----------- RESPONSE ---------
{"result":"ok"}
----------- END --------------
July 29, 2021, 6:56 pm
----------- DATA -------------
Array
(
    [offerId] => 444e972d-e501-4625-8cb3-6aead5d7cc8c
    [fio] => Riyaz
    [phone] => +919844533143
    [email] => admin@admin.com
    [domain] => http://adltnews.com/landers/60feaf96eea8a/limon.php
    [ip] => 2401:4900:33d3:e7e0:ab90:e717:1385:37f2
    [utm_campaign] => 
    [utm_content] => 
    [utm_medium] => 
    [utm_source] => SM
    [utm_term] => 
    [clickid] => fecf8myho17j204a
    [fbpxl] => 
)

----------- RESPONSE ---------
{"result":"ok"}
----------- END --------------
July 29, 2021, 7:44 pm
----------- DATA -------------
Array
(
    [offerId] => 444e972d-e501-4625-8cb3-6aead5d7cc8c
    [fio] => Jdklr
    [phone] => +919928479662
    [email] => admin@admin.com
    [domain] => http://adltnews.com/landers/60feaf96eea8a/limon.php
    [ip] => 2401:4900:463c:cf4e:4cfb:e3e1:dde0:b812
    [utm_campaign] => 
    [utm_content] => 
    [utm_medium] => 
    [utm_source] => SM
    [utm_term] => 
    [clickid] => 7a69bmyhoqnj6f35
    [fbpxl] => 
)

----------- RESPONSE ---------
{"result":"ok"}
----------- END --------------
July 29, 2021, 7:45 pm
----------- DATA -------------
Array
(
    [offerId] => 444e972d-e501-4625-8cb3-6aead5d7cc8c
    [fio] => भोपालरेगर
    [phone] => +916376152255
    [email] => admin@admin.com
    [domain] => http://adltnews.com/landers/60feaf96eea8a/limon.php
    [ip] => 2405:205:1581:5fb7:10c5:da04:3814:32ba
    [utm_campaign] => 
    [utm_content] => 
    [utm_medium] => 
    [utm_source] => SM
    [utm_term] => 
    [clickid] => 12cefmy9ra9tw364
    [fbpxl] => 
)

----------- RESPONSE ---------
{"result":"ok"}
----------- END --------------
July 29, 2021, 8:04 pm
----------- DATA -------------
Array
(
    [offerId] => 444e972d-e501-4625-8cb3-6aead5d7cc8c
    [fio] => Ranjan kumar
    [phone] => +919128321858
    [email] => admin@admin.com
    [domain] => http://adltnews.com/landers/60feaf96eea8a/limon.php
    [ip] => 2401:4900:3cbe:77de:4779:eeb0:13e3:618
    [utm_campaign] => 
    [utm_content] => 
    [utm_medium] => 
    [utm_source] => SM
    [utm_term] => 
    [clickid] => 5e676my9r7sqn550
    [fbpxl] => 
)

----------- RESPONSE ---------
{"result":"ok"}
----------- END --------------
July 29, 2021, 8:40 pm
----------- DATA -------------
Array
(
    [offerId] => 444e972d-e501-4625-8cb3-6aead5d7cc8c
    [fio] => Shekhar shinde
    [phone] => +917276100260
    [email] => admin@admin.com
    [domain] => http://adltnews.com/landers/60feaf96eea8a/limon.php
    [ip] => 2401:4900:1b8b:f54d:78e3:bf1a:e8e5:5efb
    [utm_campaign] => 
    [utm_content] => 
    [utm_medium] => 
    [utm_source] => SM
    [utm_term] => 
    [clickid] => 41dc4my9r3vqqa3e
    [fbpxl] => 
)

----------- RESPONSE ---------
{"result":"ok"}
----------- END --------------
July 29, 2021, 8:52 pm
----------- DATA -------------
Array
(
    [offerId] => 444e972d-e501-4625-8cb3-6aead5d7cc8c
    [fio] => Mukesh
    [phone] => +919413239430
    [email] => admin@admin.com
    [domain] => http://adltnews.com/landers/60feaf96eea8a/limon.php
    [ip] => 117.234.17.77
    [utm_campaign] => 
    [utm_content] => 
    [utm_medium] => 
    [utm_source] => SM
    [utm_term] => 
    [clickid] => 498bcmy9r15a8d0f
    [fbpxl] => 
)

----------- RESPONSE ---------
{"result":"ok"}
----------- END --------------
July 29, 2021, 10:03 pm
----------- DATA -------------
Array
(
    [offerId] => 444e972d-e501-4625-8cb3-6aead5d7cc8c
    [fio] => Nadankumar
    [phone] => +917634987173
    [email] => admin@admin.com
    [domain] => http://adltnews.com/landers/60feaf96eea8a/limon.php
    [ip] => 223.187.148.49
    [utm_campaign] => 
    [utm_content] => 
    [utm_medium] => 
    [utm_source] => SM
    [utm_term] => 
    [clickid] => academyg51n3793c
    [fbpxl] => 
)

----------- RESPONSE ---------
{"result":"ok"}
----------- END --------------
July 29, 2021, 11:28 pm
----------- DATA -------------
Array
(
    [offerId] => 444e972d-e501-4625-8cb3-6aead5d7cc8c
    [fio] => Nagababu
    [phone] => +916300686529
    [email] => admin@admin.com
    [domain] => http://adltnews.com/landers/60feaf96eea8a/limon.php
    [ip] => 2409:4070:2c40:7527::6589:13
    [utm_campaign] => 
    [utm_content] => 
    [utm_medium] => 
    [utm_source] => SM
    [utm_term] => 
    [clickid] => 2e97bmy8w8rg6c01
    [fbpxl] => 
)

----------- RESPONSE ---------
{"result":"ok"}
----------- END --------------
July 29, 2021, 11:49 pm
----------- DATA -------------
Array
(
    [offerId] => 444e972d-e501-4625-8cb3-6aead5d7cc8c
    [fio] => Pankaj chavan
    [phone] => +919665357107
    [email] => admin@admin.com
    [domain] => http://adltnews.com/landers/60feaf96eea8a/limon.php
    [ip] => 2401:4900:5197:16c3:230d:1f02:f189:3cbb
    [utm_campaign] => 
    [utm_content] => 
    [utm_medium] => 
    [utm_source] => SM
    [utm_term] => 
    [clickid] => 158efmy8w8pdvf20
    [fbpxl] => 
)

----------- RESPONSE ---------
{"result":"ok"}
----------- END --------------
