August 15, 2021, 7:41 am
----------- DATA -------------
Array
(
    [offerId] => 444e972d-e501-4625-8cb3-6aead5d7cc8c
    [fio] => Gangadhar tukaram kadam
    [phone] => +917709313973
    [email] => admin@admin.com
    [domain] => http://adltmedia.com/landers/60c3423ca9b74/limon.php
    [ip] => 2401:4900:52f7:9296:820b:4306:6d86:125e
    [utm_campaign] => 
    [utm_content] => 
    [utm_medium] => 
    [utm_source] => GVIC
    [utm_term] => 
    [clickid] => 28318dv46j24p195
    [fbpxl] => 
)

----------- RESPONSE ---------
{"result":"ok"}
----------- END --------------
August 15, 2021, 7:46 am
----------- DATA -------------
Array
(
    [offerId] => 444e972d-e501-4625-8cb3-6aead5d7cc8c
    [fio] => Dipak kumar
    [phone] => +919381489104
    [email] => admin@admin.com
    [domain] => http://adltmedia.com/landers/60c3423ca9b74/limon.php
    [ip] => 175.101.26.70
    [utm_campaign] => 
    [utm_content] => 
    [utm_medium] => 
    [utm_source] => GVIC
    [utm_term] => 
    [clickid] => 4cad8dv46g6ej2d0
    [fbpxl] => 
)

----------- RESPONSE ---------
{"result":"ok"}
----------- END --------------
August 15, 2021, 7:48 am
----------- DATA -------------
Array
(
    [offerId] => 444e972d-e501-4625-8cb3-6aead5d7cc8c
    [fio] => Dipak kumar
    [phone] => +919381489104
    [email] => admin@admin.com
    [domain] => http://adltmedia.com/landers/60c3423ca9b74/limon.php
    [ip] => 175.101.26.70
    [utm_campaign] => 
    [utm_content] => 
    [utm_medium] => 
    [utm_source] => GVIC
    [utm_term] => 
    [clickid] => 4cad8dv46g6ej2d0
    [fbpxl] => 
)

----------- RESPONSE ---------
{"result":"ok"}
----------- END --------------
August 15, 2021, 7:48 am
----------- DATA -------------
Array
(
    [offerId] => 444e972d-e501-4625-8cb3-6aead5d7cc8c
    [fio] => Dipak kumar
    [phone] => +919381489104
    [email] => admin@admin.com
    [domain] => http://adltmedia.com/landers/60c3423ca9b74/limon.php
    [ip] => 175.101.26.70
    [utm_campaign] => 
    [utm_content] => 
    [utm_medium] => 
    [utm_source] => GVIC
    [utm_term] => 
    [clickid] => 4cad8dv46g6ej2d0
    [fbpxl] => 
)

----------- RESPONSE ---------
{"result":"ok"}
----------- END --------------
August 15, 2021, 7:52 am
----------- DATA -------------
Array
(
    [offerId] => 444e972d-e501-4625-8cb3-6aead5d7cc8c
    [fio] => Mistiri g
    [phone] => +91955751722
    [email] => admin@admin.com
    [domain] => http://adltmedia.com/landers/60c3423ca9b74/limon.php
    [ip] => 2409:4064:248f:a517::516:e0b0
    [utm_campaign] => 
    [utm_content] => 
    [utm_medium] => 
    [utm_source] => GVIC
    [utm_term] => 
    [clickid] => 275d3dvp2a2d55c1
    [fbpxl] => 
)

----------- RESPONSE ---------
{"result":"ok"}
----------- END --------------
August 15, 2021, 7:55 am
----------- DATA -------------
Array
(
    [offerId] => 444e972d-e501-4625-8cb3-6aead5d7cc8c
    [fio] => 1
    [phone] => +917388552746
    [email] => admin@admin.com
    [domain] => http://adltmedia.com/landers/60c3423ca9b74/limon.php
    [ip] => 223.185.231.146
    [utm_campaign] => 
    [utm_content] => 
    [utm_medium] => 
    [utm_source] => GVIC
    [utm_term] => 
    [clickid] => 9566cdvp2a1d521d
    [fbpxl] => 
)

----------- RESPONSE ---------
{"result":"ok"}
----------- END --------------
August 15, 2021, 7:55 am
----------- DATA -------------
Array
(
    [offerId] => 444e972d-e501-4625-8cb3-6aead5d7cc8c
    [fio] => Umesh
    [phone] => +918971613191
    [email] => admin@admin.com
    [domain] => http://adltmedia.com/landers/60c3423ca9b74/limon.php
    [ip] => 2401:4900:4bb7:e96b:ef1c:c2b6:9a57:16c6
    [utm_campaign] => 
    [utm_content] => 
    [utm_medium] => 
    [utm_source] => GVIC
    [utm_term] => 
    [clickid] => 303b5dvp2a5gh0d9
    [fbpxl] => 
)

----------- RESPONSE ---------
{"result":"ok"}
----------- END --------------
August 15, 2021, 8:24 am
----------- DATA -------------
Array
(
    [offerId] => 444e972d-e501-4625-8cb3-6aead5d7cc8c
    [fio] => 1
    [phone] => +919805136206
    [email] => admin@admin.com
    [domain] => http://adltmedia.com/landers/60c3423ca9b74/limon.php
    [ip] => 2401:4900:30ba:559b:0:68:595c:4701
    [utm_campaign] => 
    [utm_content] => 
    [utm_medium] => 
    [utm_source] => GVIC
    [utm_term] => 
    [clickid] => 881fedvp2lpoj8d0
    [fbpxl] => 
)

----------- RESPONSE ---------
{"result":"ok"}
----------- END --------------
August 15, 2021, 8:28 am
----------- DATA -------------
Array
(
    [offerId] => 444e972d-e501-4625-8cb3-6aead5d7cc8c
    [fio] => மலைச்சாமி
    [phone] => +919597973188
    [email] => admin@admin.com
    [domain] => http://adltmedia.com/landers/60c3423ca9b74/limon.php
    [ip] => 2401:4900:4c14:7029::102d:6f59
    [utm_campaign] => 
    [utm_content] => 
    [utm_medium] => 
    [utm_source] => GVIC
    [utm_term] => 
    [clickid] => 45915dvp2wfdua09
    [fbpxl] => 
)

----------- RESPONSE ---------
{"result":"ok"}
----------- END --------------
August 15, 2021, 8:32 am
----------- DATA -------------
Array
(
    [offerId] => 444e972d-e501-4625-8cb3-6aead5d7cc8c
    [fio] => Manu kumar
    [phone] => +917016946782
    [email] => admin@admin.com
    [domain] => http://adltmedia.com/landers/60c3423ca9b74/limon.php
    [ip] => 47.31.161.143
    [utm_campaign] => 
    [utm_content] => 
    [utm_medium] => 
    [utm_source] => GVIC
    [utm_term] => 
    [clickid] => 70ddddvp2wf1nde3
    [fbpxl] => 
)

----------- RESPONSE ---------
{"result":"ok"}
----------- END --------------
August 15, 2021, 8:40 am
----------- DATA -------------
Array
(
    [offerId] => 444e972d-e501-4625-8cb3-6aead5d7cc8c
    [fio] => Raju 
    [phone] => +918421401818
    [email] => admin@admin.com
    [domain] => http://adltmedia.com/landers/60c3423ca9b74/limon.php
    [ip] => 2401:4900:502b:1552:1:0:ff41:5ef9
    [utm_campaign] => 
    [utm_content] => 
    [utm_medium] => 
    [utm_source] => GVIC
    [utm_term] => 
    [clickid] => f0b0fdvp2yd9r3c7
    [fbpxl] => 
)

----------- RESPONSE ---------
{"result":"ok"}
----------- END --------------
August 15, 2021, 8:42 am
----------- DATA -------------
Array
(
    [offerId] => 444e972d-e501-4625-8cb3-6aead5d7cc8c
    [fio] => Pradeep Kumar
    [phone] => +918851614057
    [email] => admin@admin.com
    [domain] => http://adltmedia.com/landers/60c3423ca9b74/limon.php
    [ip] => 2405:204:1020:6d9e::bed:10b1
    [utm_campaign] => 
    [utm_content] => 
    [utm_medium] => 
    [utm_source] => GVIC
    [utm_term] => 
    [clickid] => 6c2d0dvp2vca1b60
    [fbpxl] => 
)

----------- RESPONSE ---------
{"result":"ok"}
----------- END --------------
August 15, 2021, 8:55 am
----------- DATA -------------
Array
(
    [offerId] => 444e972d-e501-4625-8cb3-6aead5d7cc8c
    [fio] => Sonu
    [phone] => +919770776311
    [email] => admin@admin.com
    [domain] => http://adltmedia.com/landers/60c3423ca9b74/limon.php
    [ip] => 2409:4043:385:c7ae::14b1:70b1
    [utm_campaign] => 
    [utm_content] => 
    [utm_medium] => 
    [utm_source] => GVIC
    [utm_term] => 
    [clickid] => c400bdvp2uqa629c
    [fbpxl] => 
)

----------- RESPONSE ---------
{"result":"ok"}
----------- END --------------
August 15, 2021, 8:56 am
----------- DATA -------------
Array
(
    [offerId] => 444e972d-e501-4625-8cb3-6aead5d7cc8c
    [fio] => SurJ
    [phone] => +919125807233
    [email] => admin@admin.com
    [domain] => http://adltmedia.com/landers/60c3423ca9b74/limon.php
    [ip] => 2401:4900:45cc:654b:2cb9:e67e:83ea:769f
    [utm_campaign] => 
    [utm_content] => 
    [utm_medium] => 
    [utm_source] => GVIC
    [utm_term] => 
    [clickid] => 7b3d6dvp2uqhe2fb
    [fbpxl] => 
)

----------- RESPONSE ---------
{"result":"ok"}
----------- END --------------
August 15, 2021, 9:03 am
----------- DATA -------------
Array
(
    [offerId] => 444e972d-e501-4625-8cb3-6aead5d7cc8c
    [fio] => Jagdish Rajak
    [phone] => +919654184623
    [email] => admin@admin.com
    [domain] => http://adltmedia.com/landers/60c3423ca9b74/limon.php
    [ip] => 223.225.27.178
    [utm_campaign] => 
    [utm_content] => 
    [utm_medium] => 
    [utm_source] => GVIC
    [utm_term] => 
    [clickid] => 0574advp2d5g670e
    [fbpxl] => 
)

----------- RESPONSE ---------
{"result":"ok"}
----------- END --------------
August 15, 2021, 9:10 am
----------- DATA -------------
Array
(
    [offerId] => 444e972d-e501-4625-8cb3-6aead5d7cc8c
    [fio] => Rajesh Kumar 
    [phone] => +919466093622
    [email] => admin@admin.com
    [domain] => http://adltmedia.com/landers/60c3423ca9b74/limon.php
    [ip] => 2405:201:5803:e800:3cd9:ee94:907e:4d38
    [utm_campaign] => 
    [utm_content] => 
    [utm_medium] => 
    [utm_source] => GVIC
    [utm_term] => 
    [clickid] => d9032dvp2c8a452e
    [fbpxl] => 
)

----------- RESPONSE ---------
{"result":"ok"}
----------- END --------------
August 15, 2021, 9:13 am
----------- DATA -------------
Array
(
    [offerId] => 444e972d-e501-4625-8cb3-6aead5d7cc8c
    [fio] => Lakhendra
    [phone] => +918521179533
    [email] => admin@admin.com
    [domain] => http://adltmedia.com/landers/60c3423ca9b74/limon.php
    [ip] => 2401:4900:16ab:37bd:1:2:9ac8:df3
    [utm_campaign] => 
    [utm_content] => 
    [utm_medium] => 
    [utm_source] => GVIC
    [utm_term] => 
    [clickid] => ccb9bdvp2bg8pc4e
    [fbpxl] => 
)

----------- RESPONSE ---------
{"result":"ok"}
----------- END --------------
August 15, 2021, 9:25 am
----------- DATA -------------
Array
(
    [offerId] => 444e972d-e501-4625-8cb3-6aead5d7cc8c
    [fio] => Sabanna
    [phone] => +918884711967
    [email] => admin@admin.com
    [domain] => http://adltmedia.com/landers/60c3423ca9b74/limon.php
    [ip] => 2401:4900:32b1:a43f:8563:5100:6c99:4558
    [utm_campaign] => 
    [utm_content] => 
    [utm_medium] => 
    [utm_source] => GVIC
    [utm_term] => 
    [clickid] => bb0e7dvp2ocqe2ec
    [fbpxl] => 
)

----------- RESPONSE ---------
{"result":"ok"}
----------- END --------------
August 15, 2021, 9:30 am
----------- DATA -------------
Array
(
    [offerId] => 444e972d-e501-4625-8cb3-6aead5d7cc8c
    [fio] => 7782827825
    [phone] => +917781817815
    [email] => admin@admin.com
    [domain] => http://adltmedia.com/landers/60c3423ca9b74/limon.php
    [ip] => 2409:4050:e97:91e4:f05e:b046:9c48:31b0
    [utm_campaign] => 
    [utm_content] => 
    [utm_medium] => 
    [utm_source] => GVIC
    [utm_term] => 
    [clickid] => 55f49dvp2duy94bd
    [fbpxl] => 
)

----------- RESPONSE ---------
{"result":"ok"}
----------- END --------------
August 15, 2021, 9:33 am
----------- DATA -------------
Array
(
    [offerId] => 444e972d-e501-4625-8cb3-6aead5d7cc8c
    [fio] => Seema
    [phone] => +919691911123
    [email] => admin@admin.com
    [domain] => http://adltmedia.com/landers/60c3423ca9b74/limon.php
    [ip] => 2409:4043:2d8b:cb65:2169:3811:3548:f676
    [utm_campaign] => 
    [utm_content] => 
    [utm_medium] => 
    [utm_source] => GVIC
    [utm_term] => 
    [clickid] => 832f4dvp2qqfn5cd
    [fbpxl] => 
)

----------- RESPONSE ---------
{"result":"ok"}
----------- END --------------
August 15, 2021, 9:35 am
----------- DATA -------------
Array
(
    [offerId] => 444e972d-e501-4625-8cb3-6aead5d7cc8c
    [fio] => kamilkhan7598@gmail.com
    [phone] => +917417528188
    [email] => admin@admin.com
    [domain] => http://adltmedia.com/landers/60c3423ca9b74/limon.php
    [ip] => 223.181.49.145
    [utm_campaign] => 
    [utm_content] => 
    [utm_medium] => 
    [utm_source] => GVIC
    [utm_term] => 
    [clickid] => 400a2dvtla18p11a
    [fbpxl] => 
)

----------- RESPONSE ---------
{"result":"ok"}
----------- END --------------
August 15, 2021, 9:43 am
----------- DATA -------------
Array
(
    [offerId] => 444e972d-e501-4625-8cb3-6aead5d7cc8c
    [fio] => Ganga Ram
    [phone] => +919644167595
    [email] => admin@admin.com
    [domain] => http://adltmedia.com/landers/60c3423ca9b74/limon.php
    [ip] => 2409:4043:2019:85e2::148:28b0
    [utm_campaign] => 
    [utm_content] => 
    [utm_medium] => 
    [utm_source] => GVIC
    [utm_term] => 
    [clickid] => 26d2edvtla5xo4e3
    [fbpxl] => 
)

----------- RESPONSE ---------
{"result":"ok"}
----------- END --------------
August 15, 2021, 9:43 am
----------- DATA -------------
Array
(
    [offerId] => 444e972d-e501-4625-8cb3-6aead5d7cc8c
    [fio] => Yakub
    [phone] => +916294208160
    [email] => admin@admin.com
    [domain] => http://adltmedia.com/landers/60c3423ca9b74/limon.php
    [ip] => 2409:4061:2c84:1907:35f:ceff:1724:91b2
    [utm_campaign] => 
    [utm_content] => 
    [utm_medium] => 
    [utm_source] => GVIC
    [utm_term] => 
    [clickid] => 66e09dvtla8xs880
    [fbpxl] => 
)

----------- RESPONSE ---------
{"result":"ok"}
----------- END --------------
August 15, 2021, 9:51 am
----------- DATA -------------
Array
(
    [offerId] => 444e972d-e501-4625-8cb3-6aead5d7cc8c
    [fio] => Shiv kumar
    [phone] => +912049624
    [email] => admin@admin.com
    [domain] => http://adltmedia.com/landers/60c3423ca9b74/limon.php
    [ip] => 103.199.94.22
    [utm_campaign] => 
    [utm_content] => 
    [utm_medium] => 
    [utm_source] => GVIC
    [utm_term] => 
    [clickid] => 2254advtlq5uod18
    [fbpxl] => 
)

----------- RESPONSE ---------
{"result":"ok"}
----------- END --------------
August 15, 2021, 9:52 am
----------- DATA -------------
Array
(
    [offerId] => 444e972d-e501-4625-8cb3-6aead5d7cc8c
    [fio] => M.k.p
    [phone] => +917838187664
    [email] => admin@admin.com
    [domain] => http://adltmedia.com/landers/60c3423ca9b74/limon.php
    [ip] => 1.38.244.81
    [utm_campaign] => 
    [utm_content] => 
    [utm_medium] => 
    [utm_source] => GVIC
    [utm_term] => 
    [clickid] => 4dd7bdvtlh9a3132
    [fbpxl] => 
)

----------- RESPONSE ---------
{"result":"ok"}
----------- END --------------
August 15, 2021, 9:53 am
----------- DATA -------------
Array
(
    [offerId] => 444e972d-e501-4625-8cb3-6aead5d7cc8c
    [fio] => Varish ali
    [phone] => +918810313079
    [email] => admin@admin.com
    [domain] => http://adltmedia.com/landers/60c3423ca9b74/limon.php
    [ip] => 2405:204:3488:af4e:b976:17d1:daa5:70fb
    [utm_campaign] => 
    [utm_content] => 
    [utm_medium] => 
    [utm_source] => GVIC
    [utm_term] => 
    [clickid] => 2883ddvtlxsxs518
    [fbpxl] => 
)

----------- RESPONSE ---------
{"result":"ok"}
----------- END --------------
August 15, 2021, 9:55 am
----------- DATA -------------
Array
(
    [offerId] => 444e972d-e501-4625-8cb3-6aead5d7cc8c
    [fio] => Varish ali
    [phone] => +918810313079
    [email] => admin@admin.com
    [domain] => http://adltmedia.com/landers/60c3423ca9b74/limon.php
    [ip] => 2405:204:3488:af4e:b976:17d1:daa5:70fb
    [utm_campaign] => 
    [utm_content] => 
    [utm_medium] => 
    [utm_source] => GVIC
    [utm_term] => 
    [clickid] => 2883ddvtlxsxs518
    [fbpxl] => 
)

----------- RESPONSE ---------
{"result":"ok"}
----------- END --------------
August 15, 2021, 9:57 am
----------- DATA -------------
Array
(
    [offerId] => 444e972d-e501-4625-8cb3-6aead5d7cc8c
    [fio] => Satish pawSkar
    [phone] => +918879291772
    [email] => admin@admin.com
    [domain] => http://adltmedia.com/landers/60c3423ca9b74/limon.php
    [ip] => 120.88.179.53
    [utm_campaign] => 
    [utm_content] => 
    [utm_medium] => 
    [utm_source] => GVIC
    [utm_term] => 
    [clickid] => b01ccdvtl7vduaa8
    [fbpxl] => 
)

----------- RESPONSE ---------
{"result":"ok"}
----------- END --------------
August 15, 2021, 9:58 am
----------- DATA -------------
Array
(
    [offerId] => 444e972d-e501-4625-8cb3-6aead5d7cc8c
    [fio] => M.k.p
    [phone] => +917838187664
    [email] => admin@admin.com
    [domain] => http://adltmedia.com/landers/60c3423ca9b74/limon.php
    [ip] => 1.38.244.81
    [utm_campaign] => 
    [utm_content] => 
    [utm_medium] => 
    [utm_source] => GVIC
    [utm_term] => 
    [clickid] => 4dd7bdvtlh9a3132
    [fbpxl] => 
)

----------- RESPONSE ---------
{"result":"ok"}
----------- END --------------
August 15, 2021, 10:00 am
----------- DATA -------------
Array
(
    [offerId] => 444e972d-e501-4625-8cb3-6aead5d7cc8c
    [fio] => Tarlochan singh
    [phone] => +918264857906
    [email] => admin@admin.com
    [domain] => http://adltmedia.com/landers/60c3423ca9b74/limon.php
    [ip] => 2401:4900:41f2:3f7:43eb:2e80:ff14:6b80
    [utm_campaign] => 
    [utm_content] => 
    [utm_medium] => 
    [utm_source] => GVIC
    [utm_term] => 
    [clickid] => 33e20dvtloja65aa
    [fbpxl] => 
)

----------- RESPONSE ---------
{"result":"ok"}
----------- END --------------
August 15, 2021, 10:00 am
----------- DATA -------------
Array
(
    [offerId] => 444e972d-e501-4625-8cb3-6aead5d7cc8c
    [fio] => Sheikh Hakim
    [phone] => +918851500747
    [email] => admin@admin.com
    [domain] => http://adltmedia.com/landers/60c3423ca9b74/limon.php
    [ip] => 2405:204:1402:82a4::900:70ac
    [utm_campaign] => 
    [utm_content] => 
    [utm_medium] => 
    [utm_source] => GVIC
    [utm_term] => 
    [clickid] => 74087dvtl16nt726
    [fbpxl] => 
)

----------- RESPONSE ---------
{"result":"ok"}
----------- END --------------
August 15, 2021, 10:03 am
----------- DATA -------------
Array
(
    [offerId] => 444e972d-e501-4625-8cb3-6aead5d7cc8c
    [fio] => M.k.p
    [phone] => +917838187664
    [email] => admin@admin.com
    [domain] => http://adltmedia.com/landers/60c3423ca9b74/limon.php
    [ip] => 2402:3a80:1896:f50a:0:19:2ace:4501
    [utm_campaign] => 
    [utm_content] => 
    [utm_medium] => 
    [utm_source] => GVIC
    [utm_term] => 
    [clickid] => 4dd7bdvtlh9a3132
    [fbpxl] => 
)

----------- RESPONSE ---------
{"result":"ok"}
----------- END --------------
August 15, 2021, 10:03 am
----------- DATA -------------
Array
(
    [offerId] => 444e972d-e501-4625-8cb3-6aead5d7cc8c
    [fio] => 1234567800
    [phone] => +916396428767
    [email] => admin@admin.com
    [domain] => http://adltmedia.com/landers/60c3423ca9b74/limon.php
    [ip] => 2409:4053:9d:a870::1a90:b8a1
    [utm_campaign] => 
    [utm_content] => 
    [utm_medium] => 
    [utm_source] => GVIC
    [utm_term] => 
    [clickid] => cbe40dvtl528r080
    [fbpxl] => 
)

----------- RESPONSE ---------
{"result":"ok"}
----------- END --------------
August 15, 2021, 10:10 am
----------- DATA -------------
Array
(
    [offerId] => 444e972d-e501-4625-8cb3-6aead5d7cc8c
    [fio] => Nirmal
    [phone] => +916000673451
    [email] => admin@admin.com
    [domain] => http://adltmedia.com/landers/60c3423ca9b74/limon.php
    [ip] => 2409:4070:4e83:894f::9009:4303
    [utm_campaign] => 
    [utm_content] => 
    [utm_medium] => 
    [utm_source] => GVIC
    [utm_term] => 
    [clickid] => 2b2b1dvtl4ktw3de
    [fbpxl] => 
)

----------- RESPONSE ---------
{"result":"ok"}
----------- END --------------
August 15, 2021, 10:26 am
----------- DATA -------------
Array
(
    [offerId] => 444e972d-e501-4625-8cb3-6aead5d7cc8c
    [fio] => Hanumesh
    [phone] => +919480360075
    [email] => admin@admin.com
    [domain] => http://adltmedia.com/landers/60c3423ca9b74/limon.php
    [ip] => 2409:4071:4e12:ea91::4c9:7204
    [utm_campaign] => 
    [utm_content] => 
    [utm_medium] => 
    [utm_source] => GVIC
    [utm_term] => 
    [clickid] => 58e09dvtl6jb71e3
    [fbpxl] => 
)

----------- RESPONSE ---------
{"result":"ok"}
----------- END --------------
August 15, 2021, 10:27 am
----------- DATA -------------
Array
(
    [offerId] => 444e972d-e501-4625-8cb3-6aead5d7cc8c
    [fio] => skviccisiciscj
    [phone] => +914684384864
    [email] => admin@admin.com
    [domain] => http://adltmedia.com/landers/60c3423ca9b74/limon.php
    [ip] => 2409:4053:2299:660f::16be:88a4
    [utm_campaign] => 
    [utm_content] => 
    [utm_medium] => 
    [utm_source] => GVIC
    [utm_term] => 
    [clickid] => c2278dvtlvcoc9a4
    [fbpxl] => 
)

----------- RESPONSE ---------
{"result":"ok"}
----------- END --------------
August 15, 2021, 10:28 am
----------- DATA -------------
Array
(
    [offerId] => 444e972d-e501-4625-8cb3-6aead5d7cc8c
    [fio] => MANISH 
    [phone] => +917766805030
    [email] => admin@admin.com
    [domain] => http://adltmedia.com/landers/60c3423ca9b74/limon.php
    [ip] => 106.207.72.97
    [utm_campaign] => 
    [utm_content] => 
    [utm_medium] => 
    [utm_source] => GVIC
    [utm_term] => 
    [clickid] => a046cdvtl9l9l63b
    [fbpxl] => 
)

----------- RESPONSE ---------
{"result":"ok"}
----------- END --------------
August 15, 2021, 10:31 am
----------- DATA -------------
Array
(
    [offerId] => 444e972d-e501-4625-8cb3-6aead5d7cc8c
    [fio] => Rajkor
    [phone] => +919859866628
    [email] => admin@admin.com
    [domain] => http://adltmedia.com/landers/60c3423ca9b74/limon.php
    [ip] => 2409:4041:6e84:3b49::560b:a401
    [utm_campaign] => 
    [utm_content] => 
    [utm_medium] => 
    [utm_source] => GVIC
    [utm_term] => 
    [clickid] => d5e3fdvtlftir74d
    [fbpxl] => 
)

----------- RESPONSE ---------
{"result":"ok"}
----------- END --------------
August 15, 2021, 10:32 am
----------- DATA -------------
Array
(
    [offerId] => 444e972d-e501-4625-8cb3-6aead5d7cc8c
    [fio] => Rajkor
    [phone] => +919859866628
    [email] => admin@admin.com
    [domain] => http://adltmedia.com/landers/60c3423ca9b74/limon.php
    [ip] => 2409:4041:6e84:3b49::560b:a401
    [utm_campaign] => 
    [utm_content] => 
    [utm_medium] => 
    [utm_source] => GVIC
    [utm_term] => 
    [clickid] => d5e3fdvtlftir74d
    [fbpxl] => 
)

----------- RESPONSE ---------
{"result":"ok"}
----------- END --------------
August 15, 2021, 10:35 am
----------- DATA -------------
Array
(
    [offerId] => 444e972d-e501-4625-8cb3-6aead5d7cc8c
    [fio] => Lucky
    [phone] => +919893420894
    [email] => admin@admin.com
    [domain] => http://adltmedia.com/landers/60c3423ca9b74/limon.php
    [ip] => 110.224.245.156
    [utm_campaign] => 
    [utm_content] => 
    [utm_medium] => 
    [utm_source] => GVIC
    [utm_term] => 
    [clickid] => 5883cdvtlhob7edf
    [fbpxl] => 
)

----------- RESPONSE ---------
{"result":"ok"}
----------- END --------------
August 15, 2021, 10:35 am
----------- DATA -------------
Array
(
    [offerId] => 444e972d-e501-4625-8cb3-6aead5d7cc8c
    [fio] => Lucky
    [phone] => +919893420894
    [email] => admin@admin.com
    [domain] => http://adltmedia.com/landers/60c3423ca9b74/limon.php
    [ip] => 110.224.245.156
    [utm_campaign] => 
    [utm_content] => 
    [utm_medium] => 
    [utm_source] => GVIC
    [utm_term] => 
    [clickid] => 5883cdvtlhob7edf
    [fbpxl] => 
)

----------- RESPONSE ---------
{"result":"ok"}
----------- END --------------
August 15, 2021, 10:37 am
----------- DATA -------------
Array
(
    [offerId] => 444e972d-e501-4625-8cb3-6aead5d7cc8c
    [fio] => Deiv
    [phone] => +918889512363
    [email] => admin@admin.com
    [domain] => http://adltmedia.com/landers/60c3423ca9b74/limon.php
    [ip] => 2409:4043:49c:90f1:3108:afe1:28da:d8e8
    [utm_campaign] => 
    [utm_content] => 
    [utm_medium] => 
    [utm_source] => GVIC
    [utm_term] => 
    [clickid] => e5085dvtl9ruo251
    [fbpxl] => 
)

----------- RESPONSE ---------
{"result":"ok"}
----------- END --------------
August 15, 2021, 10:39 am
----------- DATA -------------
Array
(
    [offerId] => 444e972d-e501-4625-8cb3-6aead5d7cc8c
    [fio] => P
    [phone] => +916362208887
    [email] => admin@admin.com
    [domain] => http://adltmedia.com/landers/60c3423ca9b74/limon.php
    [ip] => 2409:4071:d07:9d06::cf8b:2e09
    [utm_campaign] => 
    [utm_content] => 
    [utm_medium] => 
    [utm_source] => GVIC
    [utm_term] => 
    [clickid] => d02c4dvtl8w3v700
    [fbpxl] => 
)

----------- RESPONSE ---------
{"result":"ok"}
----------- END --------------
August 15, 2021, 10:39 am
----------- DATA -------------
Array
(
    [offerId] => 444e972d-e501-4625-8cb3-6aead5d7cc8c
    [fio] => P
    [phone] => +916362208887
    [email] => admin@admin.com
    [domain] => http://adltmedia.com/landers/60c3423ca9b74/limon.php
    [ip] => 2409:4071:d07:9d06::cf8b:2e09
    [utm_campaign] => 
    [utm_content] => 
    [utm_medium] => 
    [utm_source] => GVIC
    [utm_term] => 
    [clickid] => d02c4dvtl8w3v700
    [fbpxl] => 
)

----------- RESPONSE ---------
{"result":"ok"}
----------- END --------------
August 15, 2021, 10:42 am
----------- DATA -------------
Array
(
    [offerId] => 444e972d-e501-4625-8cb3-6aead5d7cc8c
    [fio] => Ram
    [phone] => +919022379228
    [email] => admin@admin.com
    [domain] => http://adltmedia.com/landers/60c3423ca9b74/limon.php
    [ip] => 2409:4042:4e16:e4a0::7b8b:a311
    [utm_campaign] => 
    [utm_content] => 
    [utm_medium] => 
    [utm_source] => GVIC
    [utm_term] => 
    [clickid] => 6ce17dvtlmyktf74
    [fbpxl] => 
)

----------- RESPONSE ---------
{"result":"ok"}
----------- END --------------
August 15, 2021, 10:45 am
----------- DATA -------------
Array
(
    [offerId] => 444e972d-e501-4625-8cb3-6aead5d7cc8c
    [fio] => Ajay
    [phone] => +918899741425
    [email] => admin@admin.com
    [domain] => http://adltmedia.com/landers/60c3423ca9b74/limon.php
    [ip] => 106.192.113.66
    [utm_campaign] => 
    [utm_content] => 
    [utm_medium] => 
    [utm_source] => GVIC
    [utm_term] => 
    [clickid] => cf1f6dvtldve88c9
    [fbpxl] => 
)

----------- RESPONSE ---------
{"result":"ok"}
----------- END --------------
August 15, 2021, 10:46 am
----------- DATA -------------
Array
(
    [offerId] => 444e972d-e501-4625-8cb3-6aead5d7cc8c
    [fio] => Vivekanand
    [phone] => +916268579747
    [email] => admin@admin.com
    [domain] => http://adltmedia.com/landers/60c3423ca9b74/limon.php
    [ip] => 2409:4070:4205:50ed:51e9:442a:9e7:2391
    [utm_campaign] => 
    [utm_content] => 
    [utm_medium] => 
    [utm_source] => GVIC
    [utm_term] => 
    [clickid] => 7ed1fdvtlzwa56df
    [fbpxl] => 
)

----------- RESPONSE ---------
{"result":"ok"}
----------- END --------------
August 15, 2021, 10:57 am
----------- DATA -------------
Array
(
    [offerId] => 444e972d-e501-4625-8cb3-6aead5d7cc8c
    [fio] => Shivam singh
    [phone] => +918604475460
    [email] => admin@admin.com
    [domain] => http://adltmedia.com/landers/60c3423ca9b74/limon.php
    [ip] => 2402:3a80:b1e:3457:4a34:e864:5b8b:7ed6
    [utm_campaign] => 
    [utm_content] => 
    [utm_medium] => 
    [utm_source] => GVIC
    [utm_term] => 
    [clickid] => b52aadvtlejwh02c
    [fbpxl] => 
)

----------- RESPONSE ---------
{"result":"ok"}
----------- END --------------
August 15, 2021, 10:57 am
----------- DATA -------------
Array
(
    [offerId] => 444e972d-e501-4625-8cb3-6aead5d7cc8c
    [fio] => SURSHWAGH
    [phone] => +917350305059
    [email] => admin@admin.com
    [domain] => http://adltmedia.com/landers/60c3423ca9b74/limon.php
    [ip] => 2409:4042:200f:acf1::1d6a:98a5
    [utm_campaign] => 
    [utm_content] => 
    [utm_medium] => 
    [utm_source] => GVIC
    [utm_term] => 
    [clickid] => 5587cdvtld5g65cf
    [fbpxl] => 
)

----------- RESPONSE ---------
{"result":"ok"}
----------- END --------------
August 15, 2021, 11:05 am
----------- DATA -------------
Array
(
    [offerId] => 444e972d-e501-4625-8cb3-6aead5d7cc8c
    [fio] => Basanta jena
    [phone] => +917205004360
    [email] => admin@admin.com
    [domain] => http://adltmedia.com/landers/60c3423ca9b74/limon.php
    [ip] => 141.0.8.106
    [utm_campaign] => 
    [utm_content] => 
    [utm_medium] => 
    [utm_source] => GVIC
    [utm_term] => 
    [clickid] => 13319dvtlikb7fe9
    [fbpxl] => 
)

----------- RESPONSE ---------
{"result":"ok"}
----------- END --------------
August 15, 2021, 11:14 am
----------- DATA -------------
Array
(
    [offerId] => 444e972d-e501-4625-8cb3-6aead5d7cc8c
    [fio] => Sahil
    [phone] => +918600467062
    [email] => admin@admin.com
    [domain] => http://adltmedia.com/landers/60c3423ca9b74/limon.php
    [ip] => 2401:4900:1b6d:729e::1226:e9f2
    [utm_campaign] => 
    [utm_content] => 
    [utm_medium] => 
    [utm_source] => GVIC
    [utm_term] => 
    [clickid] => b7400dvtlxry93b4
    [fbpxl] => 
)

----------- RESPONSE ---------
{"result":"ok"}
----------- END --------------
August 15, 2021, 11:17 am
----------- DATA -------------
Array
(
    [offerId] => 444e972d-e501-4625-8cb3-6aead5d7cc8c
    [fio] => Harish
    [phone] => +919548965563
    [email] => admin@admin.com
    [domain] => http://adltmedia.com/landers/60c3423ca9b74/limon.php
    [ip] => 2409:4050:2e31:7b9a:41d:3c8a:5fca:4665
    [utm_campaign] => 
    [utm_content] => 
    [utm_medium] => 
    [utm_source] => GVIC
    [utm_term] => 
    [clickid] => 8c307dvtlwh462fa
    [fbpxl] => 
)

----------- RESPONSE ---------
{"result":"ok"}
----------- END --------------
August 15, 2021, 11:25 am
----------- DATA -------------
Array
(
    [offerId] => 444e972d-e501-4625-8cb3-6aead5d7cc8c
    [fio] => हरेंद्र सैनी
    [phone] => +919352347243
    [email] => admin@admin.com
    [domain] => http://adltmedia.com/landers/60c3423ca9b74/limon.php
    [ip] => 2405:205:1504:7c04::1d99:a8a1
    [utm_campaign] => 
    [utm_content] => 
    [utm_medium] => 
    [utm_source] => GVIC
    [utm_term] => 
    [clickid] => 19c49dvtl9ze2c09
    [fbpxl] => 
)

----------- RESPONSE ---------
{"result":"ok"}
----------- END --------------
August 15, 2021, 11:27 am
----------- DATA -------------
Array
(
    [offerId] => 444e972d-e501-4625-8cb3-6aead5d7cc8c
    [fio] => Vid and. Kumar
    [phone] => +919358260852
    [email] => admin@admin.com
    [domain] => http://adltmedia.com/landers/60c3423ca9b74/limon.php
    [ip] => 2402:8100:2042:2353::2e64:de59
    [utm_campaign] => 
    [utm_content] => 
    [utm_medium] => 
    [utm_source] => GVIC
    [utm_term] => 
    [clickid] => e878ddvtl15a327c
    [fbpxl] => 
)

----------- RESPONSE ---------
{"result":"ok"}
----------- END --------------
August 15, 2021, 11:40 am
----------- DATA -------------
Array
(
    [offerId] => 444e972d-e501-4625-8cb3-6aead5d7cc8c
    [fio] => Pradeep
    [phone] => +918424802630
    [email] => admin@admin.com
    [domain] => http://adltmedia.com/landers/60c3423ca9b74/limon.php
    [ip] => 103.251.50.4
    [utm_campaign] => 
    [utm_content] => 
    [utm_medium] => 
    [utm_source] => GVIC
    [utm_term] => 
    [clickid] => fe841dvc8a415978
    [fbpxl] => 
)

----------- RESPONSE ---------
{"result":"ok"}
----------- END --------------
August 15, 2021, 11:41 am
----------- DATA -------------
Array
(
    [offerId] => 444e972d-e501-4625-8cb3-6aead5d7cc8c
    [fio] => Deepak
    [phone] => +9193013578
    [email] => admin@admin.com
    [domain] => http://adltmedia.com/landers/60c3423ca9b74/limon.php
    [ip] => 2409:4043:219e:b0a2::11c9:90b1
    [utm_campaign] => 
    [utm_content] => 
    [utm_medium] => 
    [utm_source] => GVIC
    [utm_term] => 
    [clickid] => 7ffa5dvc8a4bz1d3
    [fbpxl] => 
)

----------- RESPONSE ---------
{"result":"ok"}
----------- END --------------
August 15, 2021, 11:41 am
----------- DATA -------------
Array
(
    [offerId] => 444e972d-e501-4625-8cb3-6aead5d7cc8c
    [fio] => Deepak
    [phone] => +9193013578
    [email] => admin@admin.com
    [domain] => http://adltmedia.com/landers/60c3423ca9b74/limon.php
    [ip] => 2409:4043:219e:b0a2::11c9:90b1
    [utm_campaign] => 
    [utm_content] => 
    [utm_medium] => 
    [utm_source] => GVIC
    [utm_term] => 
    [clickid] => 7ffa5dvc8a4bz1d3
    [fbpxl] => 
)

----------- RESPONSE ---------
{"result":"ok"}
----------- END --------------
August 15, 2021, 11:41 am
----------- DATA -------------
Array
(
    [offerId] => 444e972d-e501-4625-8cb3-6aead5d7cc8c
    [fio] => Dharmendr
    [phone] => +91142077306
    [email] => admin@admin.com
    [domain] => http://adltmedia.com/landers/60c3423ca9b74/limon.php
    [ip] => 2409:4064:2e29:3be1::72ca:d30b
    [utm_campaign] => 
    [utm_content] => 
    [utm_medium] => 
    [utm_source] => GVIC
    [utm_term] => 
    [clickid] => 676a9dvc8a5fv692
    [fbpxl] => 
)

----------- RESPONSE ---------
{"result":"ok"}
----------- END --------------
August 15, 2021, 11:51 am
----------- DATA -------------
Array
(
    [offerId] => 444e972d-e501-4625-8cb3-6aead5d7cc8c
    [fio] => Dilkish
    [phone] => +918824063770
    [email] => admin@admin.com
    [domain] => http://adltmedia.com/landers/60c3423ca9b74/limon.php
    [ip] => 2401:4900:2fc0:7ba0:0:47:f810:6101
    [utm_campaign] => 
    [utm_content] => 
    [utm_medium] => 
    [utm_source] => GVIC
    [utm_term] => 
    [clickid] => acd4advc8179l878
    [fbpxl] => 
)

----------- RESPONSE ---------
{"result":"ok"}
----------- END --------------
August 15, 2021, 11:53 am
----------- DATA -------------
Array
(
    [offerId] => 444e972d-e501-4625-8cb3-6aead5d7cc8c
    [fio] => Sohkkalingam
    [phone] => +919677774187
    [email] => admin@admin.com
    [domain] => http://adltmedia.com/landers/60c3423ca9b74/limon.php
    [ip] => 2401:4900:4d4e:eec9:aab3:6875:4d16:22f0
    [utm_campaign] => 
    [utm_content] => 
    [utm_medium] => 
    [utm_source] => GVIC
    [utm_term] => 
    [clickid] => 5ab40dvc8gxh9697
    [fbpxl] => 
)

----------- RESPONSE ---------
{"result":"ok"}
----------- END --------------
August 15, 2021, 12:01 pm
----------- DATA -------------
Array
(
    [offerId] => 444e972d-e501-4625-8cb3-6aead5d7cc8c
    [fio] => Padmaja
    [phone] => +919866523749
    [email] => admin@admin.com
    [domain] => http://adltmedia.com/landers/60c3423ca9b74/limon.php
    [ip] => 2401:4900:4fdc:ca2e:8467:c5ea:dd52:69eb
    [utm_campaign] => 
    [utm_content] => 
    [utm_medium] => 
    [utm_source] => GVIC
    [utm_term] => 
    [clickid] => c256fdvc8bz3v069
    [fbpxl] => 
)

----------- RESPONSE ---------
{"result":"ok"}
----------- END --------------
August 15, 2021, 12:08 pm
----------- DATA -------------
Array
(
    [offerId] => 444e972d-e501-4625-8cb3-6aead5d7cc8c
    [fio] => Dileep
    [phone] => +919934921437
    [email] => admin@admin.com
    [domain] => http://adltmedia.com/landers/60c3423ca9b74/limon.php
    [ip] => 2401:4900:5aa5:93fd:cec1:4904:6249:85d4
    [utm_campaign] => 
    [utm_content] => 
    [utm_medium] => 
    [utm_source] => GVIC
    [utm_term] => 
    [clickid] => c5673dvc8161n876
    [fbpxl] => 
)

----------- RESPONSE ---------
{"result":"ok"}
----------- END --------------
August 15, 2021, 12:09 pm
----------- DATA -------------
Array
(
    [offerId] => 444e972d-e501-4625-8cb3-6aead5d7cc8c
    [fio] => Dileep
    [phone] => +919934921437
    [email] => admin@admin.com
    [domain] => http://adltmedia.com/landers/60c3423ca9b74/limon.php
    [ip] => 2401:4900:5aa5:93fd:cec1:4904:6249:85d4
    [utm_campaign] => 
    [utm_content] => 
    [utm_medium] => 
    [utm_source] => GVIC
    [utm_term] => 
    [clickid] => c5673dvc8161n876
    [fbpxl] => 
)

----------- RESPONSE ---------
{"result":"ok"}
----------- END --------------
August 15, 2021, 12:11 pm
----------- DATA -------------
Array
(
    [offerId] => 444e972d-e501-4625-8cb3-6aead5d7cc8c
    [fio] => dileepkumar23474@gmail.com
    [phone] => +919934921437
    [email] => admin@admin.com
    [domain] => http://adltmedia.com/landers/60c3423ca9b74/limon.php
    [ip] => 2401:4900:5aa5:93fd:cec1:4904:6249:85d4
    [utm_campaign] => 
    [utm_content] => 
    [utm_medium] => 
    [utm_source] => GVIC
    [utm_term] => 
    [clickid] => 83f10dvc852a7f6b
    [fbpxl] => 
)

----------- RESPONSE ---------
{"result":"ok"}
----------- END --------------
August 15, 2021, 12:20 pm
----------- DATA -------------
Array
(
    [offerId] => 444e972d-e501-4625-8cb3-6aead5d7cc8c
    [fio] => Mudasir
    [phone] => +919906197346
    [email] => admin@admin.com
    [domain] => http://adltmedia.com/landers/60c3423ca9b74/limon.php
    [ip] => 110.224.252.178
    [utm_campaign] => 
    [utm_content] => 
    [utm_medium] => 
    [utm_source] => GVIC
    [utm_term] => 
    [clickid] => 77899dvc8y915bec
    [fbpxl] => 
)

----------- RESPONSE ---------
{"result":"ok"}
----------- END --------------
August 15, 2021, 12:30 pm
----------- DATA -------------
Array
(
    [offerId] => 444e972d-e501-4625-8cb3-6aead5d7cc8c
    [fio] => Rfvdh
    [phone] => +919014327675
    [email] => admin@admin.com
    [domain] => http://adltmedia.com/landers/60c3423ca9b74/limon.php
    [ip] => 2409:4070:2009:3f37::7f3:c0a5
    [utm_campaign] => 
    [utm_content] => 
    [utm_medium] => 
    [utm_source] => GVIC
    [utm_term] => 
    [clickid] => d9962dvc88poj253
    [fbpxl] => 
)

----------- RESPONSE ---------
{"result":"ok"}
----------- END --------------
August 15, 2021, 12:32 pm
----------- DATA -------------
Array
(
    [offerId] => 444e972d-e501-4625-8cb3-6aead5d7cc8c
    [fio] => Hvjsg
    [phone] => +91098969895
    [email] => admin@admin.com
    [domain] => http://adltmedia.com/landers/60c3423ca9b74/limon.php
    [ip] => 2409:4065:103:11d6:c0b7:eff1:f424:d910
    [utm_campaign] => 
    [utm_content] => 
    [utm_medium] => 
    [utm_source] => GVIC
    [utm_term] => 
    [clickid] => cc44cdvc8xoejefd
    [fbpxl] => 
)

----------- RESPONSE ---------
{"result":"ok"}
----------- END --------------
August 15, 2021, 12:32 pm
----------- DATA -------------
Array
(
    [offerId] => 444e972d-e501-4625-8cb3-6aead5d7cc8c
    [fio] => Hvjsg
    [phone] => +91098969895
    [email] => admin@admin.com
    [domain] => http://adltmedia.com/landers/60c3423ca9b74/limon.php
    [ip] => 2409:4065:103:11d6:c0b7:eff1:f424:d910
    [utm_campaign] => 
    [utm_content] => 
    [utm_medium] => 
    [utm_source] => GVIC
    [utm_term] => 
    [clickid] => cc44cdvc8xoejefd
    [fbpxl] => 
)

----------- RESPONSE ---------
{"result":"ok"}
----------- END --------------
August 15, 2021, 12:44 pm
----------- DATA -------------
Array
(
    [offerId] => 444e972d-e501-4625-8cb3-6aead5d7cc8c
    [fio] => Kaloesh
    [phone] => +919712457913
    [email] => admin@admin.com
    [domain] => http://adltmedia.com/landers/60c3423ca9b74/limon.php
    [ip] => 2402:8100:24ce:ecc:145a:eea:c86b:86c2
    [utm_campaign] => 
    [utm_content] => 
    [utm_medium] => 
    [utm_source] => GVIC
    [utm_term] => 
    [clickid] => 95a95dvc86jir015
    [fbpxl] => 
)

----------- RESPONSE ---------
{"result":"ok"}
----------- END --------------
August 15, 2021, 12:54 pm
----------- DATA -------------
Array
(
    [offerId] => 444e972d-e501-4625-8cb3-6aead5d7cc8c
    [fio] => JAFRU
    [phone] => +919817029422
    [email] => admin@admin.com
    [domain] => http://adltmedia.com/landers/60c3423ca9b74/limon.php
    [ip] => 2409:4041:6e03:7a42::c7c9:6f06
    [utm_campaign] => 
    [utm_content] => 
    [utm_medium] => 
    [utm_source] => GVIC
    [utm_term] => 
    [clickid] => 4f0fddvc8ho52923
    [fbpxl] => 
)

----------- RESPONSE ---------
{"result":"ok"}
----------- END --------------
August 15, 2021, 12:59 pm
----------- DATA -------------
Array
(
    [offerId] => 444e972d-e501-4625-8cb3-6aead5d7cc8c
    [fio] => RAKESH
    [phone] => +919156875022
    [email] => admin@admin.com
    [domain] => http://adltmedia.com/landers/60c3423ca9b74/limon.php
    [ip] => 2401:4900:5022:9b2c:f23c:7e18:e906:9437
    [utm_campaign] => 
    [utm_content] => 
    [utm_medium] => 
    [utm_source] => GVIC
    [utm_term] => 
    [clickid] => d349edvc88w9rfe2
    [fbpxl] => 
)

----------- RESPONSE ---------
{"result":"ok"}
----------- END --------------
August 15, 2021, 1:47 pm
----------- DATA -------------
Array
(
    [offerId] => 444e972d-e501-4625-8cb3-6aead5d7cc8c
    [fio] => MD AZAD
    [phone] => +917678204860
    [email] => admin@admin.com
    [domain] => http://adltmedia.com/landers/60c3423ca9b74/limon.php
    [ip] => 2409:4070:2b81:2460::6c89:cb0c
    [utm_campaign] => 
    [utm_content] => 
    [utm_medium] => 
    [utm_source] => GVIC
    [utm_term] => 
    [clickid] => 37699dvc8sl4p738
    [fbpxl] => 
)

----------- RESPONSE ---------
{"result":"ok"}
----------- END --------------
August 15, 2021, 1:49 pm
----------- DATA -------------
Array
(
    [offerId] => 444e972d-e501-4625-8cb3-6aead5d7cc8c
    [fio] => K Srinivas
    [phone] => +916281810316
    [email] => admin@admin.com
    [domain] => http://adltmedia.com/landers/60c3423ca9b74/limon.php
    [ip] => 2401:4900:4e06:2af:b7ad:801:4ad8:e520
    [utm_campaign] => 
    [utm_content] => 
    [utm_medium] => 
    [utm_source] => GVIC
    [utm_term] => 
    [clickid] => 974dfdvc8dua7542
    [fbpxl] => 
)

----------- RESPONSE ---------
{"result":"ok"}
----------- END --------------
August 15, 2021, 2:02 pm
----------- DATA -------------
Array
(
    [offerId] => 444e972d-e501-4625-8cb3-6aead5d7cc8c
    [fio] => Sanjay
    [phone] => +918091762429
    [email] => admin@admin.com
    [domain] => http://adltmedia.com/landers/60c3423ca9b74/limon.php
    [ip] => 2409:4051:4e87:4bb0:9393:d426:3536:4d5d
    [utm_campaign] => 
    [utm_content] => 
    [utm_medium] => 
    [utm_source] => GVIC
    [utm_term] => 
    [clickid] => 62daedveja5ydbb6
    [fbpxl] => 
)

----------- RESPONSE ---------
{"result":"ok"}
----------- END --------------
August 15, 2021, 2:45 pm
----------- DATA -------------
Array
(
    [offerId] => 444e972d-e501-4625-8cb3-6aead5d7cc8c
    [fio] => Jp king
    [phone] => +919694279526
    [email] => admin@admin.com
    [domain] => http://adltmedia.com/landers/60c3423ca9b74/limon.php
    [ip] => 2402:8100:22ef:debc:2179:19ff:70ed:8fcf
    [utm_campaign] => 
    [utm_content] => 
    [utm_medium] => 
    [utm_source] => GVIC
    [utm_term] => 
    [clickid] => 10cfddvejk26j117
    [fbpxl] => 
)

----------- RESPONSE ---------
{"result":"ok"}
----------- END --------------
August 15, 2021, 2:54 pm
----------- DATA -------------
Array
(
    [offerId] => 444e972d-e501-4625-8cb3-6aead5d7cc8c
    [fio] => Velmurugan
    [phone] => +919865946249
    [email] => admin@admin.com
    [domain] => http://adltmedia.com/landers/60c3423ca9b74/limon.php
    [ip] => 2402:8100:2890:7f06::1
    [utm_campaign] => 
    [utm_content] => 
    [utm_medium] => 
    [utm_source] => GVIC
    [utm_term] => 
    [clickid] => fc9ecdvej6jfyf7c
    [fbpxl] => 
)

----------- RESPONSE ---------
{"result":"ok"}
----------- END --------------
August 15, 2021, 2:59 pm
----------- DATA -------------
Array
(
    [offerId] => 444e972d-e501-4625-8cb3-6aead5d7cc8c
    [fio] => Kirit parmar
    [phone] => +917779061112
    [email] => admin@admin.com
    [domain] => http://adltmedia.com/landers/60c3423ca9b74/limon.php
    [ip] => 150.129.166.26
    [utm_campaign] => 
    [utm_content] => 
    [utm_medium] => 
    [utm_source] => GVIC
    [utm_term] => 
    [clickid] => ede3cdvej1ne2efe
    [fbpxl] => 
)

----------- RESPONSE ---------
{"result":"ok"}
----------- END --------------
August 15, 2021, 3:29 pm
----------- DATA -------------
Array
(
    [offerId] => 444e972d-e501-4625-8cb3-6aead5d7cc8c
    [fio] => ಕುಮಾರ 
    [phone] => +917899911972
    [email] => admin@admin.com
    [domain] => http://adltmedia.com/landers/60c3423ca9b74/limon.php
    [ip] => 2401:4900:369c:90c3:2:1:6507:bafa
    [utm_campaign] => 
    [utm_content] => 
    [utm_medium] => 
    [utm_source] => GVIC
    [utm_term] => 
    [clickid] => bbedbdvejfv3zf3f
    [fbpxl] => 
)

----------- RESPONSE ---------
{"result":"ok"}
----------- END --------------
August 15, 2021, 3:30 pm
----------- DATA -------------
Array
(
    [offerId] => 444e972d-e501-4625-8cb3-6aead5d7cc8c
    [fio] => ಕುಮಾರ 
    [phone] => +917899911972
    [email] => admin@admin.com
    [domain] => http://adltmedia.com/landers/60c3423ca9b74/limon.php
    [ip] => 2401:4900:369c:90c3:2:1:6507:bafa
    [utm_campaign] => 
    [utm_content] => 
    [utm_medium] => 
    [utm_source] => GVIC
    [utm_term] => 
    [clickid] => bbedbdvejfv3zf3f
    [fbpxl] => 
)

----------- RESPONSE ---------
{"result":"ok"}
----------- END --------------
August 15, 2021, 3:32 pm
----------- DATA -------------
Array
(
    [offerId] => 444e972d-e501-4625-8cb3-6aead5d7cc8c
    [fio] => ಕುಮಾರ 
    [phone] => +917899911972
    [email] => admin@admin.com
    [domain] => http://adltmedia.com/landers/60c3423ca9b74/limon.php
    [ip] => 2401:4900:369c:90c3:2:1:6507:bafa
    [utm_campaign] => 
    [utm_content] => 
    [utm_medium] => 
    [utm_source] => GVIC
    [utm_term] => 
    [clickid] => bbedbdvejfv3zf3f
    [fbpxl] => 
)

----------- RESPONSE ---------
{"result":"ok"}
----------- END --------------
August 15, 2021, 3:34 pm
----------- DATA -------------
Array
(
    [offerId] => 444e972d-e501-4625-8cb3-6aead5d7cc8c
    [fio] => ಕುಮಾರ 
    [phone] => +917899911972
    [email] => admin@admin.com
    [domain] => http://adltmedia.com/landers/60c3423ca9b74/limon.php
    [ip] => 2401:4900:369c:90c3:2:1:6507:bafa
    [utm_campaign] => 
    [utm_content] => 
    [utm_medium] => 
    [utm_source] => GVIC
    [utm_term] => 
    [clickid] => 68a4cdvejfyh9844
    [fbpxl] => 
)

----------- RESPONSE ---------
{"result":"ok"}
----------- END --------------
August 15, 2021, 3:34 pm
----------- DATA -------------
Array
(
    [offerId] => 444e972d-e501-4625-8cb3-6aead5d7cc8c
    [fio] => Makhan dhillon 
    [phone] => +918289096493
    [email] => admin@admin.com
    [domain] => http://adltmedia.com/landers/60c3423ca9b74/limon.php
    [ip] => 2409:4055:397:543d:f3f9:e470:fdaf:3d17
    [utm_campaign] => 
    [utm_content] => 
    [utm_medium] => 
    [utm_source] => GVIC
    [utm_term] => 
    [clickid] => 37705dvejm73z73f
    [fbpxl] => 
)

----------- RESPONSE ---------
{"result":"ok"}
----------- END --------------
August 15, 2021, 3:35 pm
----------- DATA -------------
Array
(
    [offerId] => 444e972d-e501-4625-8cb3-6aead5d7cc8c
    [fio] => Sanoj Mahto
    [phone] => +917549562728
    [email] => admin@admin.com
    [domain] => http://adltmedia.com/landers/60c3423ca9b74/limon.php
    [ip] => 2409:4064:2110:50f8:105c:72ff:fea7:d2aa
    [utm_campaign] => 
    [utm_content] => 
    [utm_medium] => 
    [utm_source] => GVIC
    [utm_term] => 
    [clickid] => beee6dvejibhqf9b
    [fbpxl] => 
)

----------- RESPONSE ---------
{"result":"ok"}
----------- END --------------
August 15, 2021, 3:44 pm
----------- DATA -------------
Array
(
    [offerId] => 444e972d-e501-4625-8cb3-6aead5d7cc8c
    [fio] => Rabindra Langthasa
    [phone] => +918638603715
    [email] => admin@admin.com
    [domain] => http://adltmedia.com/landers/60c3423ca9b74/limon.php
    [ip] => 2401:4900:38c3:2072:2ed3:ba69:9584:86d0
    [utm_campaign] => 
    [utm_content] => 
    [utm_medium] => 
    [utm_source] => GVIC
    [utm_term] => 
    [clickid] => 6b803dvejdu7v956
    [fbpxl] => 
)

----------- RESPONSE ---------
{"result":"ok"}
----------- END --------------
August 15, 2021, 3:52 pm
----------- DATA -------------
Array
(
    [offerId] => 444e972d-e501-4625-8cb3-6aead5d7cc8c
    [fio] => Ramjan
    [phone] => +919337189309
    [email] => admin@admin.com
    [domain] => http://adltmedia.com/landers/60c3423ca9b74/limon.php
    [ip] => 2409:4061:113:a8db::90a:e0a0
    [utm_campaign] => 
    [utm_content] => 
    [utm_medium] => 
    [utm_source] => GVIC
    [utm_term] => 
    [clickid] => f3cdbdvsya31z927
    [fbpxl] => 
)

----------- RESPONSE ---------
{"result":"ok"}
----------- END --------------
August 15, 2021, 3:57 pm
----------- DATA -------------
Array
(
    [offerId] => 444e972d-e501-4625-8cb3-6aead5d7cc8c
    [fio] => 8722757564
    [phone] => +9191104
    [email] => admin@admin.com
    [domain] => http://adltmedia.com/landers/60c3423ca9b74/limon.php
    [ip] => 2405:204:5413:1965::2140:b8a5
    [utm_campaign] => 
    [utm_content] => 
    [utm_medium] => 
    [utm_source] => GVIC
    [utm_term] => 
    [clickid] => e4deddvsya7wh638
    [fbpxl] => 
)

----------- RESPONSE ---------
{"result":"ok"}
----------- END --------------
August 15, 2021, 3:59 pm
----------- DATA -------------
Array
(
    [offerId] => 444e972d-e501-4625-8cb3-6aead5d7cc8c
    [fio] => रमेश।कुमार।सिंह
    [phone] => +918756095209
    [email] => admin@admin.com
    [domain] => http://adltmedia.com/landers/60c3423ca9b74/limon.php
    [ip] => 171.76.244.254
    [utm_campaign] => 
    [utm_content] => 
    [utm_medium] => 
    [utm_source] => GVIC
    [utm_term] => 
    [clickid] => bf2aedvsya0xsbd9
    [fbpxl] => 
)

----------- RESPONSE ---------
{"result":"ok"}
----------- END --------------
August 15, 2021, 4:04 pm
----------- DATA -------------
Array
(
    [offerId] => 444e972d-e501-4625-8cb3-6aead5d7cc8c
    [fio] => Pankaj
    [phone] => +916396553279
    [email] => admin@admin.com
    [domain] => http://adltmedia.com/landers/60c3423ca9b74/limon.php
    [ip] => 2409:4053:201a:cded::17db:38b1
    [utm_campaign] => 
    [utm_content] => 
    [utm_medium] => 
    [utm_source] => GVIC
    [utm_term] => 
    [clickid] => 86dbbdvsyq53zda2
    [fbpxl] => 
)

----------- RESPONSE ---------
{"result":"ok"}
----------- END --------------
August 15, 2021, 4:06 pm
----------- DATA -------------
Array
(
    [offerId] => 444e972d-e501-4625-8cb3-6aead5d7cc8c
    [fio] => Prashant Kumar
    [phone] => +919140800400
    [email] => admin@admin.com
    [domain] => http://adltmedia.com/landers/60c3423ca9b74/limon.php
    [ip] => 47.15.23.162
    [utm_campaign] => 
    [utm_content] => 
    [utm_medium] => 
    [utm_source] => GVIC
    [utm_term] => 
    [clickid] => f4974dvsyxsoj4a9
    [fbpxl] => 
)

----------- RESPONSE ---------
{"result":"ok"}
----------- END --------------
August 15, 2021, 4:08 pm
----------- DATA -------------
Array
(
    [offerId] => 444e972d-e501-4625-8cb3-6aead5d7cc8c
    [fio] => दीपक कुमार
    [phone] => +917259843238
    [email] => admin@admin.com
    [domain] => http://adltmedia.com/landers/60c3423ca9b74/limon.php
    [ip] => 2401:4900:44e0:db57:1:2:bfa9:c358
    [utm_campaign] => 
    [utm_content] => 
    [utm_medium] => 
    [utm_source] => GVIC
    [utm_term] => 
    [clickid] => 84f15dvsyfntwbe5
    [fbpxl] => 
)

----------- RESPONSE ---------
{"result":"ok"}
----------- END --------------
August 15, 2021, 4:13 pm
----------- DATA -------------
Array
(
    [offerId] => 444e972d-e501-4625-8cb3-6aead5d7cc8c
    [fio] => Raj
    [phone] => +917604929997
    [email] => admin@admin.com
    [domain] => http://adltmedia.com/landers/60c3423ca9b74/limon.php
    [ip] => 2409:4061:2c9f:1d6d::684a:ce0d
    [utm_campaign] => 
    [utm_content] => 
    [utm_medium] => 
    [utm_source] => GVIC
    [utm_term] => 
    [clickid] => 275e2dvsyhee8858
    [fbpxl] => 
)

----------- RESPONSE ---------
{"result":"ok"}
----------- END --------------
August 15, 2021, 4:13 pm
----------- DATA -------------
Array
(
    [offerId] => 444e972d-e501-4625-8cb3-6aead5d7cc8c
    [fio] => Amurag
    [phone] => +917004219979
    [email] => admin@admin.com
    [domain] => http://adltmedia.com/landers/60c3423ca9b74/limon.php
    [ip] => 2409:4064:2e2a:e4c8:c31d:2454:aed2:358a
    [utm_campaign] => 
    [utm_content] => 
    [utm_medium] => 
    [utm_source] => GVIC
    [utm_term] => 
    [clickid] => 9b797dvsyciy913c
    [fbpxl] => 
)

----------- RESPONSE ---------
{"result":"ok"}
----------- END --------------
August 15, 2021, 4:21 pm
----------- DATA -------------
Array
(
    [offerId] => 444e972d-e501-4625-8cb3-6aead5d7cc8c
    [fio] => Brijesh
    [phone] => +916204732042
    [email] => admin@admin.com
    [domain] => http://adltmedia.com/landers/60c3423ca9b74/limon.php
    [ip] => 2409:4064:2c99:7457:ff89:f276:17d6:74c1
    [utm_campaign] => 
    [utm_content] => 
    [utm_medium] => 
    [utm_source] => GVIC
    [utm_term] => 
    [clickid] => 4ffe0dvsy4kfy5c2
    [fbpxl] => 
)

----------- RESPONSE ---------
{"result":"ok"}
----------- END --------------
August 15, 2021, 4:26 pm
----------- DATA -------------
Array
(
    [offerId] => 444e972d-e501-4625-8cb3-6aead5d7cc8c
    [fio] => Champalal
    [phone] => +919001547479
    [email] => admin@admin.com
    [domain] => http://adltmedia.com/landers/60c3423ca9b74/limon.php
    [ip] => 2401:4900:5b84:9dbc:a75a:7a01:de17:5d0f
    [utm_campaign] => 
    [utm_content] => 
    [utm_medium] => 
    [utm_source] => GVIC
    [utm_term] => 
    [clickid] => 38c47dvsynt4pb19
    [fbpxl] => 
)

----------- RESPONSE ---------
{"result":"ok"}
----------- END --------------
August 15, 2021, 4:26 pm
----------- DATA -------------
Array
(
    [offerId] => 444e972d-e501-4625-8cb3-6aead5d7cc8c
    [fio] => Farook 
    [phone] => +917034805950
    [email] => admin@admin.com
    [domain] => http://adltmedia.com/landers/60c3423ca9b74/limon.php
    [ip] => 2401:4900:32e6:e9dc::82f:6a08
    [utm_campaign] => 
    [utm_content] => 
    [utm_medium] => 
    [utm_source] => GVIC
    [utm_term] => 
    [clickid] => 8ef3bdvsy164ke72
    [fbpxl] => 
)

----------- RESPONSE ---------
{"result":"ok"}
----------- END --------------
August 15, 2021, 4:32 pm
----------- DATA -------------
Array
(
    [offerId] => 444e972d-e501-4625-8cb3-6aead5d7cc8c
    [fio] => Rakesh
    [phone] => +919005972571
    [email] => admin@admin.com
    [domain] => http://adltmedia.com/landers/60c3423ca9b74/limon.php
    [ip] => 2409:4063:4c0b:6d83:e7e5:165f:b246:ed71
    [utm_campaign] => 
    [utm_content] => 
    [utm_medium] => 
    [utm_source] => GVIC
    [utm_term] => 
    [clickid] => 23982dvsy5museaf
    [fbpxl] => 
)

----------- RESPONSE ---------
{"result":"ok"}
----------- END --------------
August 15, 2021, 4:34 pm
----------- DATA -------------
Array
(
    [offerId] => 444e972d-e501-4625-8cb3-6aead5d7cc8c
    [fio] => Munish kumar
    [phone] => +918082239858
    [email] => admin@admin.com
    [domain] => http://adltmedia.com/landers/60c3423ca9b74/limon.php
    [ip] => 106.205.94.22
    [utm_campaign] => 
    [utm_content] => 
    [utm_medium] => 
    [utm_source] => GVIC
    [utm_term] => 
    [clickid] => 6023edvsy9l5m12f
    [fbpxl] => 
)

----------- RESPONSE ---------
{"result":"ok"}
----------- END --------------
August 15, 2021, 4:35 pm
----------- DATA -------------
Array
(
    [offerId] => 444e972d-e501-4625-8cb3-6aead5d7cc8c
    [fio] => Balvir singh
    [phone] => +919592476012
    [email] => admin@admin.com
    [domain] => http://adltmedia.com/landers/60c3423ca9b74/limon.php
    [ip] => 180.188.251.116
    [utm_campaign] => 
    [utm_content] => 
    [utm_medium] => 
    [utm_source] => GVIC
    [utm_term] => 
    [clickid] => cc608dvsyqeh90d4
    [fbpxl] => 
)

----------- RESPONSE ---------
{"result":"ok"}
----------- END --------------
August 15, 2021, 4:39 pm
----------- DATA -------------
Array
(
    [offerId] => 444e972d-e501-4625-8cb3-6aead5d7cc8c
    [fio] => Fas
    [phone] => +918556983616
    [email] => admin@admin.com
    [domain] => http://adltmedia.com/landers/60c3423ca9b74/limon.php
    [ip] => 2401:4900:5999:dc1c:6f3d:61e5:41bc:25bd
    [utm_campaign] => 
    [utm_content] => 
    [utm_medium] => 
    [utm_source] => GVIC
    [utm_term] => 
    [clickid] => 050d3dvsyhoft2e4
    [fbpxl] => 
)

----------- RESPONSE ---------
{"result":"ok"}
----------- END --------------
August 15, 2021, 4:39 pm
----------- DATA -------------
Array
(
    [offerId] => 444e972d-e501-4625-8cb3-6aead5d7cc8c
    [fio] => Mangalsing behera
    [phone] => +919348944925
    [email] => admin@admin.com
    [domain] => http://adltmedia.com/landers/60c3423ca9b74/limon.php
    [ip] => 2409:4062:239f:50a2:664a:3dc2:e6e6:3931
    [utm_campaign] => 
    [utm_content] => 
    [utm_medium] => 
    [utm_source] => GVIC
    [utm_term] => 
    [clickid] => f556bdvsy9l2tb75
    [fbpxl] => 
)

----------- RESPONSE ---------
{"result":"ok"}
----------- END --------------
August 15, 2021, 4:41 pm
----------- DATA -------------
Array
(
    [offerId] => 444e972d-e501-4625-8cb3-6aead5d7cc8c
    [fio] => ARUN KUMAR DAS
    [phone] => +918538991577
    [email] => admin@admin.com
    [domain] => http://adltmedia.com/landers/60c3423ca9b74/limon.php
    [ip] => 157.42.20.38
    [utm_campaign] => 
    [utm_content] => 
    [utm_medium] => 
    [utm_source] => GVIC
    [utm_term] => 
    [clickid] => 97a03dvsyg5sl274
    [fbpxl] => 
)

----------- RESPONSE ---------
{"result":"ok"}
----------- END --------------
August 15, 2021, 4:42 pm
----------- DATA -------------
Array
(
    [offerId] => 444e972d-e501-4625-8cb3-6aead5d7cc8c
    [fio] => Sanjay 
    [phone] => +917302174618
    [email] => admin@admin.com
    [domain] => http://adltmedia.com/landers/60c3423ca9b74/limon.php
    [ip] => 2402:3a80:1a51:cf2a::6711:b525
    [utm_campaign] => 
    [utm_content] => 
    [utm_medium] => 
    [utm_source] => GVIC
    [utm_term] => 
    [clickid] => 657fddvsymy8radc
    [fbpxl] => 
)

----------- RESPONSE ---------
{"result":"ok"}
----------- END --------------
August 15, 2021, 4:44 pm
----------- DATA -------------
Array
(
    [offerId] => 444e972d-e501-4625-8cb3-6aead5d7cc8c
    [fio] => K Sawan Kumar Prusty
    [phone] => +916372294683
    [email] => admin@admin.com
    [domain] => http://adltmedia.com/landers/60c3423ca9b74/limon.php
    [ip] => 2401:4900:3935:843a:7e25:f063:471a:a9e6
    [utm_campaign] => 
    [utm_content] => 
    [utm_medium] => 
    [utm_source] => GVIC
    [utm_term] => 
    [clickid] => 654b2dvsyj6q5db0
    [fbpxl] => 
)

----------- RESPONSE ---------
{"result":"ok"}
----------- END --------------
August 15, 2021, 4:47 pm
----------- DATA -------------
Array
(
    [offerId] => 444e972d-e501-4625-8cb3-6aead5d7cc8c
    [fio] => Amarjeet kumar
    [phone] => +918210594447
    [email] => admin@admin.com
    [domain] => http://adltmedia.com/landers/60c3423ca9b74/limon.php
    [ip] => 2401:4900:1216:9d93:1:2:192d:405
    [utm_campaign] => 
    [utm_content] => 
    [utm_medium] => 
    [utm_source] => GVIC
    [utm_term] => 
    [clickid] => e84c5dvsy1mh94a6
    [fbpxl] => 
)

----------- RESPONSE ---------
{"result":"ok"}
----------- END --------------
August 15, 2021, 4:47 pm
----------- DATA -------------
Array
(
    [offerId] => 444e972d-e501-4625-8cb3-6aead5d7cc8c
    [fio] => Amarjeet kumar
    [phone] => +918210594447
    [email] => admin@admin.com
    [domain] => http://adltmedia.com/landers/60c3423ca9b74/limon.php
    [ip] => 2401:4900:1216:9d93:1:2:192d:405
    [utm_campaign] => 
    [utm_content] => 
    [utm_medium] => 
    [utm_source] => GVIC
    [utm_term] => 
    [clickid] => e84c5dvsy1mh94a6
    [fbpxl] => 
)

----------- RESPONSE ---------
{"result":"ok"}
----------- END --------------
August 15, 2021, 4:49 pm
----------- DATA -------------
Array
(
    [offerId] => 444e972d-e501-4625-8cb3-6aead5d7cc8c
    [fio] => Sahamat Sk
    [phone] => +918129993875
    [email] => admin@admin.com
    [domain] => http://adltmedia.com/landers/60c3423ca9b74/limon.php
    [ip] => 2401:4900:315b:a2a1:0:6b:9d39:d501
    [utm_campaign] => 
    [utm_content] => 
    [utm_medium] => 
    [utm_source] => GVIC
    [utm_term] => 
    [clickid] => b110fdvsy1mc804c
    [fbpxl] => 
)

----------- RESPONSE ---------
{"result":"ok"}
----------- END --------------
August 15, 2021, 4:52 pm
----------- DATA -------------
Array
(
    [offerId] => 444e972d-e501-4625-8cb3-6aead5d7cc8c
    [fio] => Ravi kumar
    [phone] => +917849875990
    [email] => admin@admin.com
    [domain] => http://adltmedia.com/landers/60c3423ca9b74/limon.php
    [ip] => 2402:8100:22e6:1a01:4374:8192:37b7:c7e6
    [utm_campaign] => 
    [utm_content] => 
    [utm_medium] => 
    [utm_source] => GVIC
    [utm_term] => 
    [clickid] => fe26fdvsyejfn403
    [fbpxl] => 
)

----------- RESPONSE ---------
{"result":"ok"}
----------- END --------------
August 15, 2021, 4:54 pm
----------- DATA -------------
Array
(
    [offerId] => 444e972d-e501-4625-8cb3-6aead5d7cc8c
    [fio] => Vijay kumar
    [phone] => +919198785202
    [email] => admin@admin.com
    [domain] => http://adltmedia.com/landers/60c3423ca9b74/limon.php
    [ip] => 42.105.129.13
    [utm_campaign] => 
    [utm_content] => 
    [utm_medium] => 
    [utm_source] => GVIC
    [utm_term] => 
    [clickid] => 51a46dvsyx9ntb49
    [fbpxl] => 
)

----------- RESPONSE ---------
{"result":"ok"}
----------- END --------------
August 15, 2021, 4:56 pm
----------- DATA -------------
Array
(
    [offerId] => 444e972d-e501-4625-8cb3-6aead5d7cc8c
    [fio] => Rajkumar thakur
    [phone] => +919198494051
    [email] => admin@admin.com
    [domain] => http://adltmedia.com/landers/60c3423ca9b74/limon.php
    [ip] => 2401:4900:44e6:4c70:1:2:bfcc:25e3
    [utm_campaign] => 
    [utm_content] => 
    [utm_medium] => 
    [utm_source] => GVIC
    [utm_term] => 
    [clickid] => 7cb33dvsyrnuqafe
    [fbpxl] => 
)

----------- RESPONSE ---------
{"result":"ok"}
----------- END --------------
August 15, 2021, 4:56 pm
----------- DATA -------------
Array
(
    [offerId] => 444e972d-e501-4625-8cb3-6aead5d7cc8c
    [fio] => Rajkumar thakur
    [phone] => +919198494051
    [email] => admin@admin.com
    [domain] => http://adltmedia.com/landers/60c3423ca9b74/limon.php
    [ip] => 2401:4900:44e6:4c70:1:2:bfcc:25e3
    [utm_campaign] => 
    [utm_content] => 
    [utm_medium] => 
    [utm_source] => GVIC
    [utm_term] => 
    [clickid] => 7cb33dvsyrnuqafe
    [fbpxl] => 
)

----------- RESPONSE ---------
{"result":"ok"}
----------- END --------------
August 15, 2021, 4:57 pm
----------- DATA -------------
Array
(
    [offerId] => 444e972d-e501-4625-8cb3-6aead5d7cc8c
    [fio] => Vijay kumar
    [phone] => +919198785202
    [email] => admin@admin.com
    [domain] => http://adltmedia.com/landers/60c3423ca9b74/limon.php
    [ip] => 42.105.129.13
    [utm_campaign] => 
    [utm_content] => 
    [utm_medium] => 
    [utm_source] => GVIC
    [utm_term] => 
    [clickid] => 51a46dvsyx9ntb49
    [fbpxl] => 
)

----------- RESPONSE ---------
{"result":"ok"}
----------- END --------------
August 15, 2021, 4:58 pm
----------- DATA -------------
Array
(
    [offerId] => 444e972d-e501-4625-8cb3-6aead5d7cc8c
    [fio] => Govinda 
    [phone] => +917023569884
    [email] => admin@admin.com
    [domain] => http://adltmedia.com/landers/60c3423ca9b74/limon.php
    [ip] => 2401:4900:4638:b01c:5ec8:5d03:189d:f21f
    [utm_campaign] => 
    [utm_content] => 
    [utm_medium] => 
    [utm_source] => GVIC
    [utm_term] => 
    [clickid] => 69904dvsy3vvc82e
    [fbpxl] => 
)

----------- RESPONSE ---------
{"result":"ok"}
----------- END --------------
August 15, 2021, 4:58 pm
----------- DATA -------------
Array
(
    [offerId] => 444e972d-e501-4625-8cb3-6aead5d7cc8c
    [fio] => Ajay Kumar Dubye
    [phone] => +919198494051
    [email] => admin@admin.com
    [domain] => http://adltmedia.com/landers/60c3423ca9b74/limon.php
    [ip] => 2401:4900:44e6:4c70:1:2:bfcc:25e3
    [utm_campaign] => 
    [utm_content] => 
    [utm_medium] => 
    [utm_source] => GVIC
    [utm_term] => 
    [clickid] => 7cb33dvsyrnuqafe
    [fbpxl] => 
)

----------- RESPONSE ---------
{"result":"ok"}
----------- END --------------
August 15, 2021, 5:00 pm
----------- DATA -------------
Array
(
    [offerId] => 444e972d-e501-4625-8cb3-6aead5d7cc8c
    [fio] => Sk,anwar,hosan
    [phone] => +919933435564
    [email] => admin@admin.com
    [domain] => http://adltmedia.com/landers/60c3423ca9b74/limon.php
    [ip] => 2401:4900:3a11:e0b3:c80d:b1db:a43:b3aa
    [utm_campaign] => 
    [utm_content] => 
    [utm_medium] => 
    [utm_source] => GVIC
    [utm_term] => 
    [clickid] => d8beddvsyxra075f
    [fbpxl] => 
)

----------- RESPONSE ---------
{"result":"ok"}
----------- END --------------
August 15, 2021, 5:01 pm
----------- DATA -------------
Array
(
    [offerId] => 444e972d-e501-4625-8cb3-6aead5d7cc8c
    [fio] => Bidura swain
    [phone] => +919861447148
    [email] => admin@admin.com
    [domain] => http://adltmedia.com/landers/60c3423ca9b74/limon.php
    [ip] => 2409:4062:292:a6b0:4a63:c3:a3fb:4a87
    [utm_campaign] => 
    [utm_content] => 
    [utm_medium] => 
    [utm_source] => GVIC
    [utm_term] => 
    [clickid] => 5f9d3dvsyxrxsfe4
    [fbpxl] => 
)

----------- RESPONSE ---------
{"result":"ok"}
----------- END --------------
August 15, 2021, 5:01 pm
----------- DATA -------------
Array
(
    [offerId] => 444e972d-e501-4625-8cb3-6aead5d7cc8c
    [fio] => Ak
    [phone] => +918092792555
    [email] => admin@admin.com
    [domain] => http://adltmedia.com/landers/60c3423ca9b74/limon.php
    [ip] => 2401:4900:1206:cff2:1:1:dac7:2f27
    [utm_campaign] => 
    [utm_content] => 
    [utm_medium] => 
    [utm_source] => GVIC
    [utm_term] => 
    [clickid] => 9dff6dvsyfyg679f
    [fbpxl] => 
)

----------- RESPONSE ---------
{"result":"ok"}
----------- END --------------
August 15, 2021, 5:02 pm
----------- DATA -------------
Array
(
    [offerId] => 444e972d-e501-4625-8cb3-6aead5d7cc8c
    [fio] => Sk,anwar,hosan
    [phone] => +919933435564
    [email] => admin@admin.com
    [domain] => http://adltmedia.com/landers/60c3423ca9b74/limon.php
    [ip] => 2401:4900:3a11:e0b3:c80d:b1db:a43:b3aa
    [utm_campaign] => 
    [utm_content] => 
    [utm_medium] => 
    [utm_source] => GVIC
    [utm_term] => 
    [clickid] => d8beddvsyxra075f
    [fbpxl] => 
)

----------- RESPONSE ---------
{"result":"ok"}
----------- END --------------
August 15, 2021, 5:04 pm
----------- DATA -------------
Array
(
    [offerId] => 444e972d-e501-4625-8cb3-6aead5d7cc8c
    [fio] => Bhuvnesh 
    [phone] => +919099521974
    [email] => admin@admin.com
    [domain] => http://adltmedia.com/landers/60c3423ca9b74/limon.php
    [ip] => 42.108.196.83
    [utm_campaign] => 
    [utm_content] => 
    [utm_medium] => 
    [utm_source] => GVIC
    [utm_term] => 
    [clickid] => 3d0bddvsyft3v69e
    [fbpxl] => 
)

----------- RESPONSE ---------
{"result":"ok"}
----------- END --------------
August 15, 2021, 5:05 pm
----------- DATA -------------
Array
(
    [offerId] => 444e972d-e501-4625-8cb3-6aead5d7cc8c
    [fio] => P
    [phone] => +919805651812
    [email] => admin@admin.com
    [domain] => http://adltmedia.com/landers/60c3423ca9b74/limon.php
    [ip] => 106.205.136.170
    [utm_campaign] => 
    [utm_content] => 
    [utm_medium] => 
    [utm_source] => GVIC
    [utm_term] => 
    [clickid] => c8d49dvsyoclpbab
    [fbpxl] => 
)

----------- RESPONSE ---------
{"result":"ok"}
----------- END --------------
August 15, 2021, 5:05 pm
----------- DATA -------------
Array
(
    [offerId] => 444e972d-e501-4625-8cb3-6aead5d7cc8c
    [fio] => Kalu bhai
    [phone] => +917355258425
    [email] => admin@admin.com
    [domain] => http://adltmedia.com/landers/60c3423ca9b74/limon.php
    [ip] => 223.180.177.226
    [utm_campaign] => 
    [utm_content] => 
    [utm_medium] => 
    [utm_source] => GVIC
    [utm_term] => 
    [clickid] => a008bdvsyocxo246
    [fbpxl] => 
)

----------- RESPONSE ---------
{"result":"ok"}
----------- END --------------
August 15, 2021, 5:06 pm
----------- DATA -------------
Array
(
    [offerId] => 444e972d-e501-4625-8cb3-6aead5d7cc8c
    [fio] => Ravi
    [phone] => +918073982500
    [email] => admin@admin.com
    [domain] => http://adltmedia.com/landers/60c3423ca9b74/limon.php
    [ip] => 2409:4043:180:88f8:1570:6ba4:c132:5f1e
    [utm_campaign] => 
    [utm_content] => 
    [utm_medium] => 
    [utm_source] => GVIC
    [utm_term] => 
    [clickid] => efafddvsy9ze2cb0
    [fbpxl] => 
)

----------- RESPONSE ---------
{"result":"ok"}
----------- END --------------
August 15, 2021, 5:11 pm
----------- DATA -------------
Array
(
    [offerId] => 444e972d-e501-4625-8cb3-6aead5d7cc8c
    [fio] => Akash
    [phone] => +916352166375
    [email] => admin@admin.com
    [domain] => http://adltmedia.com/landers/60c3423ca9b74/limon.php
    [ip] => 2409:4043:2d98:8fa3:f3c8:3515:cbe2:7d31
    [utm_campaign] => 
    [utm_content] => 
    [utm_medium] => 
    [utm_source] => GVIC
    [utm_term] => 
    [clickid] => 571b3dvsyg6a642d
    [fbpxl] => 
)

----------- RESPONSE ---------
{"result":"ok"}
----------- END --------------
August 15, 2021, 5:15 pm
----------- DATA -------------
Array
(
    [offerId] => 444e972d-e501-4625-8cb3-6aead5d7cc8c
    [fio] => Ramodumo
    [phone] => +919149662764
    [email] => admin@admin.com
    [domain] => http://adltmedia.com/landers/60c3423ca9b74/limon.php
    [ip] => 2405:204:1219:31aa:164b:f0c1:f6ac:a631
    [utm_campaign] => 
    [utm_content] => 
    [utm_medium] => 
    [utm_source] => GVIC
    [utm_term] => 
    [clickid] => 1131advx9a4zwc38
    [fbpxl] => 
)

----------- RESPONSE ---------
{"result":"ok"}
----------- END --------------
August 15, 2021, 5:15 pm
----------- DATA -------------
Array
(
    [offerId] => 444e972d-e501-4625-8cb3-6aead5d7cc8c
    [fio] => Ramodumo
    [phone] => +919149662764
    [email] => admin@admin.com
    [domain] => http://adltmedia.com/landers/60c3423ca9b74/limon.php
    [ip] => 2405:204:1219:31aa:164b:f0c1:f6ac:a631
    [utm_campaign] => 
    [utm_content] => 
    [utm_medium] => 
    [utm_source] => GVIC
    [utm_term] => 
    [clickid] => 1131advx9a4zwc38
    [fbpxl] => 
)

----------- RESPONSE ---------
{"result":"ok"}
----------- END --------------
August 15, 2021, 5:16 pm
----------- DATA -------------
Array
(
    [offerId] => 444e972d-e501-4625-8cb3-6aead5d7cc8c
    [fio] => Ramodumo
    [phone] => +919149662764
    [email] => admin@admin.com
    [domain] => http://adltmedia.com/landers/60c3423ca9b74/limon.php
    [ip] => 2405:204:1219:31aa:164b:f0c1:f6ac:a631
    [utm_campaign] => 
    [utm_content] => 
    [utm_medium] => 
    [utm_source] => GVIC
    [utm_term] => 
    [clickid] => 1131advx9a4zwc38
    [fbpxl] => 
)

----------- RESPONSE ---------
{"result":"ok"}
----------- END --------------
August 15, 2021, 5:22 pm
----------- DATA -------------
Array
(
    [offerId] => 444e972d-e501-4625-8cb3-6aead5d7cc8c
    [fio] => Don't come up
    [phone] => +919149662764
    [email] => admin@admin.com
    [domain] => http://adltmedia.com/landers/60c3423ca9b74/limon.php
    [ip] => 2405:204:1219:31aa:164b:f0c1:f6ac:a631
    [utm_campaign] => 
    [utm_content] => 
    [utm_medium] => 
    [utm_source] => GVIC
    [utm_term] => 
    [clickid] => 4a7f4dvx9usdu8de
    [fbpxl] => 
)

----------- RESPONSE ---------
{"result":"ok"}
----------- END --------------
August 15, 2021, 5:28 pm
----------- DATA -------------
Array
(
    [offerId] => 444e972d-e501-4625-8cb3-6aead5d7cc8c
    [fio] => Chhotu singh
    [phone] => +918928194597
    [email] => admin@admin.com
    [domain] => http://adltmedia.com/landers/60c3423ca9b74/limon.php
    [ip] => 2409:4064:101:3ed1:ce0f:993a:116f:d469
    [utm_campaign] => 
    [utm_content] => 
    [utm_medium] => 
    [utm_source] => GVIC
    [utm_term] => 
    [clickid] => 9bb6bdvx9hehe32f
    [fbpxl] => 
)

----------- RESPONSE ---------
{"result":"ok"}
----------- END --------------
August 15, 2021, 5:28 pm
----------- DATA -------------
Array
(
    [offerId] => 444e972d-e501-4625-8cb3-6aead5d7cc8c
    [fio] => Iiklhgghn
    [phone] => +91896553216
    [email] => admin@admin.com
    [domain] => http://adltmedia.com/landers/60c3423ca9b74/limon.php
    [ip] => 2409:4054:2082:41db:f86c:f3ae:6eee:5c17
    [utm_campaign] => 
    [utm_content] => 
    [utm_medium] => 
    [utm_source] => GVIC
    [utm_term] => 
    [clickid] => cbd41dvx9ci4600c
    [fbpxl] => 
)

----------- RESPONSE ---------
{"result":"ok"}
----------- END --------------
August 15, 2021, 5:29 pm
----------- DATA -------------
Array
(
    [offerId] => 444e972d-e501-4625-8cb3-6aead5d7cc8c
    [fio] => Dhurba jyoti mili
    [phone] => +918822071199
    [email] => admin@admin.com
    [domain] => http://adltmedia.com/landers/60c3423ca9b74/limon.php
    [ip] => 2409:4065:482:618::2a3b:88a5
    [utm_campaign] => 
    [utm_content] => 
    [utm_medium] => 
    [utm_source] => GVIC
    [utm_term] => 
    [clickid] => ba603dvx9521ze7e
    [fbpxl] => 
)

----------- RESPONSE ---------
{"result":"ok"}
----------- END --------------
August 15, 2021, 5:29 pm
----------- DATA -------------
Array
(
    [offerId] => 444e972d-e501-4625-8cb3-6aead5d7cc8c
    [fio] => Pavan
    [phone] => +919921388810
    [email] => admin@admin.com
    [domain] => http://adltmedia.com/landers/60c3423ca9b74/limon.php
    [ip] => 2402:3a80:cbd:b3ec:88f3:2919:31a0:2550
    [utm_campaign] => 
    [utm_content] => 
    [utm_medium] => 
    [utm_source] => GVIC
    [utm_term] => 
    [clickid] => ae7d7dvx952xr9ab
    [fbpxl] => 
)

----------- RESPONSE ---------
{"result":"ok"}
----------- END --------------
August 15, 2021, 5:32 pm
----------- DATA -------------
Array
(
    [offerId] => 444e972d-e501-4625-8cb3-6aead5d7cc8c
    [fio] => harish 
    [phone] => +917760810216
    [email] => admin@admin.com
    [domain] => http://adltmedia.com/landers/60c3423ca9b74/limon.php
    [ip] => 2401:4900:22e3:9b02:1865:f276:4f68:1107
    [utm_campaign] => 
    [utm_content] => 
    [utm_medium] => 
    [utm_source] => GVIC
    [utm_term] => 
    [clickid] => f6721dvx9lpe8d0e
    [fbpxl] => 
)

----------- RESPONSE ---------
{"result":"ok"}
----------- END --------------
August 15, 2021, 5:34 pm
----------- DATA -------------
Array
(
    [offerId] => 444e972d-e501-4625-8cb3-6aead5d7cc8c
    [fio] => Sonu
    [phone] => +917505664554
    [email] => admin@admin.com
    [domain] => http://adltmedia.com/landers/60c3423ca9b74/limon.php
    [ip] => 2401:4900:c18:d364:0:6c:6a48:c201
    [utm_campaign] => 
    [utm_content] => 
    [utm_medium] => 
    [utm_source] => GVIC
    [utm_term] => 
    [clickid] => 0b4e2dvx94kxif36
    [fbpxl] => 
)

----------- RESPONSE ---------
{"result":"ok"}
----------- END --------------
August 15, 2021, 5:36 pm
----------- DATA -------------
Array
(
    [offerId] => 444e972d-e501-4625-8cb3-6aead5d7cc8c
    [fio] => Prem Kumar 
    [phone] => +917294967544
    [email] => admin@admin.com
    [domain] => http://adltmedia.com/landers/60c3423ca9b74/limon.php
    [ip] => 2401:4900:3c73:9b53:794b:c376:199d:f244
    [utm_campaign] => 
    [utm_content] => 
    [utm_medium] => 
    [utm_source] => GVIC
    [utm_term] => 
    [clickid] => b832ddvx9ire8063
    [fbpxl] => 
)

----------- RESPONSE ---------
{"result":"ok"}
----------- END --------------
August 15, 2021, 5:39 pm
----------- DATA -------------
Array
(
    [offerId] => 444e972d-e501-4625-8cb3-6aead5d7cc8c
    [fio] => Tapas Barik
    [phone] => +918861383066
    [email] => admin@admin.com
    [domain] => http://adltmedia.com/landers/60c3423ca9b74/limon.php
    [ip] => 2401:4900:122c:7015:1:2:b7dc:b43b
    [utm_campaign] => 
    [utm_content] => 
    [utm_medium] => 
    [utm_source] => GVIC
    [utm_term] => 
    [clickid] => a487bdvx9k2xo09a
    [fbpxl] => 
)

----------- RESPONSE ---------
{"result":"ok"}
----------- END --------------
August 15, 2021, 5:40 pm
----------- DATA -------------
Array
(
    [offerId] => 444e972d-e501-4625-8cb3-6aead5d7cc8c
    [fio] => Vikasn
    [phone] => +918797283861
    [email] => admin@admin.com
    [domain] => http://adltmedia.com/landers/60c3423ca9b74/limon.php
    [ip] => 2401:4900:3b32:6d2:37ac:1ee:45bd:e308
    [utm_campaign] => 
    [utm_content] => 
    [utm_medium] => 
    [utm_source] => GVIC
    [utm_term] => 
    [clickid] => 6357advx9wfoj6b8
    [fbpxl] => 
)

----------- RESPONSE ---------
{"result":"ok"}
----------- END --------------
