December 23, 2021, 12:31 am
----------- DATA -------------
Array
(
    [offerId] => 9c4fe23b-37ea-4954-945b-29067b0d5c0e
    [fio] => Jonas briones 
    [phone] => +639389754533
    [email] => admin@admin.com
    [domain] => http://mansehealth.com/landers/fa04a42719/land1/limon.php
    [ip] => 112.205.49.191
    [utm_campaign] => 923
    [utm_content] => 1
    [utm_medium] => 
    [utm_source] => SM
    [utm_term] => 
    [clickid] => bf3952t46xrj23y651
    [fbpxl] => 
)

----------- RESPONSE ---------
{"result":"ok","localClickId":"85991ab7-557c-40fa-a6ed-567c0e886f54"}
----------- END --------------
December 23, 2021, 12:43 am
----------- DATA -------------
Array
(
    [offerId] => 9c4fe23b-37ea-4954-945b-29067b0d5c0e
    [fio] => Dale agapito
    [phone] => 09556804819
    [email] => admin@admin.com
    [domain] => http://mansehealth.com/landers/fa04a42719/land1/limon.php
    [ip] => 110.54.148.28
    [utm_campaign] => 923
    [utm_content] => 1
    [utm_medium] => 
    [utm_source] => SM
    [utm_term] => 
    [clickid] => 544692t46ktc8i411e
    [fbpxl] => 
)

----------- RESPONSE ---------
{"result":"ok","localClickId":"826383fe-79e0-4373-8db6-d1f903a96214"}
----------- END --------------
December 23, 2021, 2:03 am
----------- DATA -------------
Array
(
    [offerId] => 9c4fe23b-37ea-4954-945b-29067b0d5c0e
    [fio] => Quintino Muñez Salinas
    [phone] => 09164969695
    [email] => admin@admin.com
    [domain] => http://mansehealth.com/landers/fa04a42719/land1/limon.php
    [ip] => 49.149.249.218
    [utm_campaign] => 923
    [utm_content] => 1
    [utm_medium] => 
    [utm_source] => SM
    [utm_term] => 
    [clickid] => 8a9f12tp2a71nbl2c6
    [fbpxl] => 
)

----------- RESPONSE ---------
{"result":"ok","localClickId":"eed2c9f3-b77c-432b-b84b-206474e5c1ec"}
----------- END --------------
December 23, 2021, 2:42 am
----------- DATA -------------
Array
(
    [offerId] => 9c4fe23b-37ea-4954-945b-29067b0d5c0e
    [fio] => Quintino Muñez salinas
    [phone] => 09164969695
    [email] => admin@admin.com
    [domain] => http://mansehealth.com/landers/fa04a42719/land1/limon.php
    [ip] => 49.149.249.218
    [utm_campaign] => 923
    [utm_content] => 1
    [utm_medium] => 
    [utm_source] => SM
    [utm_term] => 
    [clickid] => 0c8dd2tp2usp2wj683
    [fbpxl] => 
)

----------- RESPONSE ---------
{"result":"ok","localClickId":"aacb94ea-fe44-408c-8da7-9c97e902c1b7"}
----------- END --------------
December 23, 2021, 2:55 am
----------- DATA -------------
Array
(
    [offerId] => 9c4fe23b-37ea-4954-945b-29067b0d5c0e
    [fio] => Romel Coniendo
    [phone] => +630916 626 1698
    [email] => admin@admin.com
    [domain] => http://mansehealth.com/landers/fa04a42719/land1/limon.php
    [ip] => 203.92.8.229
    [utm_campaign] => 923
    [utm_content] => 1
    [utm_medium] => 
    [utm_source] => SM
    [utm_term] => 
    [clickid] => a06ca2tp2xsocfec36
    [fbpxl] => 
)

----------- RESPONSE ---------
{"result":"ok","localClickId":"9c946a67-e476-4c19-91d7-e4e1830b729a"}
----------- END --------------
December 23, 2021, 3:01 am
----------- DATA -------------
Array
(
    [offerId] => 9c4fe23b-37ea-4954-945b-29067b0d5c0e
    [fio] => Romel Coniendo
    [phone] => +630916 626 1698
    [email] => admin@admin.com
    [domain] => http://mansehealth.com/landers/fa04a42719/land1/limon.php
    [ip] => 203.92.8.229
    [utm_campaign] => {campaign}
    [utm_content] => {trafficsource}
    [utm_medium] => 
    [utm_source] => SM
    [utm_term] => 
    [clickid] => {clickid}
    [fbpxl] => 
)

----------- RESPONSE ---------
{"result":"ok","localClickId":"6b9ab343-0932-455c-ba9f-5dc8296fb2e8"}
----------- END --------------
December 23, 2021, 4:48 am
----------- DATA -------------
Array
(
    [offerId] => 9c4fe23b-37ea-4954-945b-29067b0d5c0e
    [fio] => Jafar
    [phone] => 09356981846
    [email] => admin@admin.com
    [domain] => http://mansehealth.com/landers/fa04a42719/land1/limon.php
    [ip] => 110.54.202.235
    [utm_campaign] => 923
    [utm_content] => 1
    [utm_medium] => 
    [utm_source] => SM
    [utm_term] => 
    [clickid] => 859162tp2ydtwblc3a
    [fbpxl] => 
)

----------- RESPONSE ---------
{"result":"ok","localClickId":"adc6c62c-0da6-4009-ac72-8636acedcaf1"}
----------- END --------------
December 23, 2021, 6:22 am
----------- DATA -------------
Array
(
    [offerId] => 9c4fe23b-37ea-4954-945b-29067b0d5c0e
    [fio] => Reynan
    [phone] => 09127059831
    [email] => admin@admin.com
    [domain] => http://mansehealth.com/landers/fa04a42719/land1/limon.php
    [ip] => 175.176.61.86
    [utm_campaign] => 923
    [utm_content] => 1
    [utm_medium] => 
    [utm_source] => SM
    [utm_term] => 
    [clickid] => 812e02tp2j2c8dzda7
    [fbpxl] => 
)

----------- RESPONSE ---------
{"result":"ok","localClickId":"8341f419-12ad-4a96-bcde-f7913920a3c6"}
----------- END --------------
December 23, 2021, 7:21 am
----------- DATA -------------
Array
(
    [offerId] => 9c4fe23b-37ea-4954-945b-29067b0d5c0e
    [fio] => Johngaylerogacion
    [phone] => 09515789343
    [email] => admin@admin.com
    [domain] => http://mansehealth.com/landers/fa04a42719/land1/limon.php
    [ip] => 119.92.119.233
    [utm_campaign] => 923
    [utm_content] => 1
    [utm_medium] => 
    [utm_source] => SM
    [utm_term] => 
    [clickid] => 88d432ttlj6u36o3a0
    [fbpxl] => 
)

----------- RESPONSE ---------
{"result":"ok","localClickId":"362eaab1-d5fd-41e2-bef0-6a7f0fed7dc6"}
----------- END --------------
December 23, 2021, 7:31 am
----------- DATA -------------
Array
(
    [offerId] => 9c4fe23b-37ea-4954-945b-29067b0d5c0e
    [fio] => Raul
    [phone] => 09515295727
    [email] => admin@admin.com
    [domain] => http://mansehealth.com/landers/fa04a42719/land1/limon.php
    [ip] => 49.146.181.185
    [utm_campaign] => 923
    [utm_content] => 1
    [utm_medium] => 
    [utm_source] => SM
    [utm_term] => 
    [clickid] => cdd432ttlp2gh8nfb9
    [fbpxl] => 
)

----------- RESPONSE ---------
{"result":"ok","localClickId":"02cfeaf3-6a52-4739-914a-659043a0a558"}
----------- END --------------
December 23, 2021, 8:07 am
----------- DATA -------------
Array
(
    [offerId] => 9c4fe23b-37ea-4954-945b-29067b0d5c0e
    [fio] => Jie boy malicse
    [phone] => 09127413724
    [email] => admin@admin.com
    [domain] => http://mansehealth.com/landers/fa04a42719/land1/limon.php
    [ip] => 210.213.138.165
    [utm_campaign] => 923
    [utm_content] => 1
    [utm_medium] => 
    [utm_source] => SM
    [utm_term] => 
    [clickid] => a1e222tc8a85mvr50b
    [fbpxl] => 
)

----------- RESPONSE ---------
{"result":"ok","localClickId":"bf732dc2-fdde-426b-a9b3-bbdc566f1bd8"}
----------- END --------------
December 23, 2021, 8:30 am
----------- DATA -------------
Array
(
    [offerId] => 9c4fe23b-37ea-4954-945b-29067b0d5c0e
    [fio] => raymart
    [phone] => 09066758306
    [email] => admin@admin.com
    [domain] => http://mansehealth.com/landers/fa04a42719/land1/limon.php
    [ip] => 110.54.169.64
    [utm_campaign] => 923
    [utm_content] => 1
    [utm_medium] => 
    [utm_source] => SM
    [utm_term] => 
    [clickid] => 2ae1c2tc89l8wdzea7
    [fbpxl] => 
)

----------- RESPONSE ---------
{"result":"ok","localClickId":"a6f5eaf7-11cc-4b29-a78f-af96f6682109"}
----------- END --------------
December 23, 2021, 8:34 am
----------- DATA -------------
Array
(
    [offerId] => 9c4fe23b-37ea-4954-945b-29067b0d5c0e
    [fio] => Ruel
    [phone] => 09304355682
    [email] => admin@admin.com
    [domain] => http://mansehealth.com/landers/fa04a42719/land1/limon.php
    [ip] => 119.94.230.126
    [utm_campaign] => 923
    [utm_content] => 1
    [utm_medium] => 
    [utm_source] => SM
    [utm_term] => 
    [clickid] => 4ec592tc8qe9l03f9
    [fbpxl] => 
)

----------- RESPONSE ---------
{"result":"ok","localClickId":"5923d2df-79fc-4f5b-8f5f-7ab96677c04b"}
----------- END --------------
December 23, 2021, 8:51 am
----------- DATA -------------
Array
(
    [offerId] => 9c4fe23b-37ea-4954-945b-29067b0d5c0e
    [fio] => Mark
    [phone] => 09095199256
    [email] => admin@admin.com
    [domain] => http://mansehealth.com/landers/fa04a42719/land1/limon.php
    [ip] => 120.28.189.244
    [utm_campaign] => 923
    [utm_content] => 1
    [utm_medium] => 
    [utm_source] => SM
    [utm_term] => 
    [clickid] => 5c4f02tc8c8eji4662
    [fbpxl] => 
)

----------- RESPONSE ---------
{"result":"ok","localClickId":"89a5568c-2d75-40aa-a1f5-bfd993c82ce2"}
----------- END --------------
December 23, 2021, 9:39 am
----------- DATA -------------
Array
(
    [offerId] => 9c4fe23b-37ea-4954-945b-29067b0d5c0e
    [fio] => Edric
    [phone] => 09305824744
    [email] => admin@admin.com
    [domain] => http://mansehealth.com/landers/fa04a42719/land1/limon.php
    [ip] => 210.185.183.70
    [utm_campaign] => 923
    [utm_content] => 1
    [utm_medium] => 
    [utm_source] => SM
    [utm_term] => 
    [clickid] => 240a12tejxodui4b5d
    [fbpxl] => 
)

----------- RESPONSE ---------
{"result":"ok","localClickId":"0f296782-8620-4a8f-a366-9d909afcb54a"}
----------- END --------------
December 23, 2021, 9:46 am
----------- DATA -------------
Array
(
    [offerId] => 9c4fe23b-37ea-4954-945b-29067b0d5c0e
    [fio] => Melgazar
    [phone] => 09152064107
    [email] => admin@admin.com
    [domain] => http://mansehealth.com/landers/fa04a42719/land1/limon.php
    [ip] => 1.37.86.73
    [utm_campaign] => 923
    [utm_content] => 1
    [utm_medium] => 
    [utm_source] => SM
    [utm_term] => 
    [clickid] => 8bf7e2tejirj68n835
    [fbpxl] => 
)

----------- RESPONSE ---------
{"result":"ok","localClickId":"8620dace-a89a-4416-9c51-889f1962066a"}
----------- END --------------
December 23, 2021, 9:46 am
----------- DATA -------------
Array
(
    [offerId] => 9c4fe23b-37ea-4954-945b-29067b0d5c0e
    [fio] => Melgazar
    [phone] => 09152064107
    [email] => admin@admin.com
    [domain] => http://mansehealth.com/landers/fa04a42719/land1/limon.php
    [ip] => 1.37.86.73
    [utm_campaign] => 923
    [utm_content] => 1
    [utm_medium] => 
    [utm_source] => SM
    [utm_term] => 
    [clickid] => 8bf7e2tejirj68n835
    [fbpxl] => 
)

----------- RESPONSE ---------
{"result":"ok","localClickId":"54b5bb51-7289-45be-8dc2-2aa625eb698c"}
----------- END --------------
December 23, 2021, 10:09 am
----------- DATA -------------
Array
(
    [offerId] => 9c4fe23b-37ea-4954-945b-29067b0d5c0e
    [fio] => GAloy ronnie
    [phone] => 09261742596
    [email] => admin@admin.com
    [domain] => http://mansehealth.com/landers/fa04a42719/land1/limon.php
    [ip] => 110.54.224.33
    [utm_campaign] => 923
    [utm_content] => 1
    [utm_medium] => 
    [utm_source] => SM
    [utm_term] => 
    [clickid] => 1c8a02tej9rq56o72e
    [fbpxl] => 
)

----------- RESPONSE ---------
{"result":"ok","localClickId":"d0cfe569-fc0e-4632-a92e-4161d9ca7fa4"}
----------- END --------------
December 23, 2021, 11:37 am
----------- DATA -------------
Array
(
    [offerId] => 9c4fe23b-37ea-4954-945b-29067b0d5c0e
    [fio] => John Rey N. Vistal
    [phone] => +639102224749
    [email] => admin@admin.com
    [domain] => http://mansehealth.com/landers/fa04a42719/land1/limon.php
    [ip] => 210.5.125.182
    [utm_campaign] => {campaign}
    [utm_content] => {trafficsource}
    [utm_medium] => 
    [utm_source] => SM
    [utm_term] => 
    [clickid] => {clickid}
    [fbpxl] => 
)

----------- RESPONSE ---------
{"result":"ok","localClickId":"2fd25b0a-e8ef-4a90-b283-d78acca44951"}
----------- END --------------
December 23, 2021, 12:18 pm
----------- DATA -------------
Array
(
    [offerId] => 9c4fe23b-37ea-4954-945b-29067b0d5c0e
    [fio] => reyboy aguilar
    [phone] => 09675797324
    [email] => admin@admin.com
    [domain] => http://mansehealth.com/landers/fa04a42719/land1/limon.php
    [ip] => 112.198.67.2
    [utm_campaign] => 923
    [utm_content] => 1
    [utm_medium] => 
    [utm_source] => SM
    [utm_term] => 
    [clickid] => a274d2tsyhe16fece1
    [fbpxl] => 
)

----------- RESPONSE ---------
{"result":"ok","localClickId":"7edc36ce-1a39-4598-becc-99f21a58ca8d"}
----------- END --------------
December 23, 2021, 12:22 pm
----------- DATA -------------
Array
(
    [offerId] => 9c4fe23b-37ea-4954-945b-29067b0d5c0e
    [fio] => Mark mg
    [phone] => 09562153888
    [email] => admin@admin.com
    [domain] => http://mansehealth.com/landers/fa04a42719/land1/limon.php
    [ip] => 110.54.171.238
    [utm_campaign] => 923
    [utm_content] => 1
    [utm_medium] => 
    [utm_source] => SM
    [utm_term] => 
    [clickid] => 256052tsylpa4i4cc3
    [fbpxl] => 
)

----------- RESPONSE ---------
{"result":"ok","localClickId":"72251957-7084-4926-9bc8-f1e78355b4e6"}
----------- END --------------
December 23, 2021, 12:25 pm
----------- DATA -------------
Array
(
    [offerId] => 9c4fe23b-37ea-4954-945b-29067b0d5c0e
    [fio] => Jamsr
    [phone] => 97437254676
    [email] => admin@admin.com
    [domain] => http://mansehealth.com/landers/fa04a42719/land1/limon.php
    [ip] => 180.190.9.246
    [utm_campaign] => 923
    [utm_content] => 1
    [utm_medium] => 
    [utm_source] => SM
    [utm_term] => 
    [clickid] => c91cb2tsyu34pwj636
    [fbpxl] => 
)

----------- RESPONSE ---------
{"result":"ok","localClickId":"80201bac-d377-4d76-b5b3-ae8c6386d05e"}
----------- END --------------
December 23, 2021, 1:18 pm
----------- DATA -------------
Array
(
    [offerId] => 9c4fe23b-37ea-4954-945b-29067b0d5c0e
    [fio] => Leo Madrid 
    [phone] => 09366993719
    [email] => admin@admin.com
    [domain] => http://mansehealth.com/landers/fa04a42719/land1/limon.php
    [ip] => 115.147.17.195
    [utm_campaign] => 923
    [utm_content] => 1
    [utm_medium] => 
    [utm_source] => SM
    [utm_term] => 
    [clickid] => 11f462tsyg5fvi4260
    [fbpxl] => 
)

----------- RESPONSE ---------
{"result":"ok","localClickId":"d5fcc25c-187d-4b46-bb2f-a3897f39a682"}
----------- END --------------
December 23, 2021, 1:24 pm
----------- DATA -------------
Array
(
    [offerId] => 9c4fe23b-37ea-4954-945b-29067b0d5c0e
    [fio] => Leo Madrid 
    [phone] => 09351379060
    [email] => admin@admin.com
    [domain] => http://mansehealth.com/landers/fa04a42719/land1/limon.php
    [ip] => 115.147.17.195
    [utm_campaign] => {campaign}
    [utm_content] => {trafficsource}
    [utm_medium] => 
    [utm_source] => SM
    [utm_term] => 
    [clickid] => {clickid}
    [fbpxl] => 
)

----------- RESPONSE ---------
{"result":"ok","localClickId":"bb52516d-ab8b-4b43-a7b2-1e4eedde510e"}
----------- END --------------
December 23, 2021, 1:32 pm
----------- DATA -------------
Array
(
    [offerId] => 9c4fe23b-37ea-4954-945b-29067b0d5c0e
    [fio] => James
    [phone] => 09759130718
    [email] => admin@admin.com
    [domain] => http://mansehealth.com/landers/fa04a42719/land1/limon.php
    [ip] => 110.54.195.7
    [utm_campaign] => 923
    [utm_content] => 1
    [utm_medium] => 
    [utm_source] => SM
    [utm_term] => 
    [clickid] => ea29a2tsyzwb7wj110
    [fbpxl] => 
)

----------- RESPONSE ---------
{"result":"ok","localClickId":"a5d3d0c8-953e-4ec9-8fee-81f29f499ea2"}
----------- END --------------
December 23, 2021, 1:34 pm
----------- DATA -------------
Array
(
    [offerId] => 9c4fe23b-37ea-4954-945b-29067b0d5c0e
    [fio] => Ferdinand saldivar
    [phone] => 09368929784
    [email] => admin@admin.com
    [domain] => http://mansehealth.com/landers/fa04a42719/land1/limon.php
    [ip] => 175.176.4.233
    [utm_campaign] => 923
    [utm_content] => 1
    [utm_medium] => 
    [utm_source] => SM
    [utm_term] => 
    [clickid] => 4a9552tsy1mftbl6b4
    [fbpxl] => 
)

----------- RESPONSE ---------
{"result":"ok","localClickId":"584975b7-32ef-4e69-925a-7be9e93e5d49"}
----------- END --------------
December 23, 2021, 1:48 pm
----------- DATA -------------
Array
(
    [offerId] => 9c4fe23b-37ea-4954-945b-29067b0d5c0e
    [fio] => Emil nunez
    [phone] => 09754629230
    [email] => admin@admin.com
    [domain] => http://mansehealth.com/landers/fa04a42719/land1/limon.php
    [ip] => 180.191.32.125
    [utm_campaign] => 923
    [utm_content] => 1
    [utm_medium] => 
    [utm_source] => SM
    [utm_term] => 
    [clickid] => b598e2tsyp2460775
    [fbpxl] => 
)

----------- RESPONSE ---------
{"result":"ok","localClickId":"68793139-d793-49e9-b711-95020af8b426"}
----------- END --------------
December 23, 2021, 2:14 pm
----------- DATA -------------
Array
(
    [offerId] => 9c4fe23b-37ea-4954-945b-29067b0d5c0e
    [fio] => Andy
    [phone] => 09659755987
    [email] => admin@admin.com
    [domain] => http://mansehealth.com/landers/fa04a42719/land1/limon.php
    [ip] => 110.54.175.135
    [utm_campaign] => 923
    [utm_content] => 1
    [utm_medium] => 
    [utm_source] => SM
    [utm_term] => 
    [clickid] => 226b72tsyoca4feff3
    [fbpxl] => 
)

----------- RESPONSE ---------
{"result":"ok","localClickId":"f588bc9f-7c23-48a7-98eb-5e0110404518"}
----------- END --------------
December 23, 2021, 2:23 pm
----------- DATA -------------
Array
(
    [offerId] => 9c4fe23b-37ea-4954-945b-29067b0d5c0e
    [fio] => Rodel velez
    [phone] => 09630742367
    [email] => admin@admin.com
    [domain] => http://mansehealth.com/landers/fa04a42719/land1/limon.php
    [ip] => 222.127.147.210
    [utm_campaign] => 923
    [utm_content] => 1
    [utm_medium] => 
    [utm_source] => SM
    [utm_term] => 
    [clickid] => 015272tsy9zgxdz345
    [fbpxl] => 
)

----------- RESPONSE ---------
{"result":"ok","localClickId":"a3c25a6b-512b-4ca3-985e-58316a3bf504"}
----------- END --------------
December 23, 2021, 2:47 pm
----------- DATA -------------
Array
(
    [offerId] => 9c4fe23b-37ea-4954-945b-29067b0d5c0e
    [fio] => Joma
    [phone] => 09452953151
    [email] => admin@admin.com
    [domain] => http://mansehealth.com/landers/fa04a42719/land1/limon.php
    [ip] => 110.54.194.83
    [utm_campaign] => 923
    [utm_content] => 1
    [utm_medium] => 
    [utm_source] => SM
    [utm_term] => 
    [clickid] => f82852tx9gx9r3yadd
    [fbpxl] => 
)

----------- RESPONSE ---------
{"result":"ok","localClickId":"1ef2801f-d7e0-4379-9699-2e2a238c658c"}
----------- END --------------
December 23, 2021, 2:53 pm
----------- DATA -------------
Array
(
    [offerId] => 9c4fe23b-37ea-4954-945b-29067b0d5c0e
    [fio] => Jomar lucas
    [phone] => 09452953151
    [email] => admin@admin.com
    [domain] => http://mansehealth.com/landers/fa04a42719/land1/limon.php
    [ip] => 110.54.194.83
    [utm_campaign] => {campaign}
    [utm_content] => {trafficsource}
    [utm_medium] => 
    [utm_source] => SM
    [utm_term] => 
    [clickid] => {clickid}
    [fbpxl] => 
)

----------- RESPONSE ---------
{"result":"ok","localClickId":"2c53c293-ed50-48e1-9087-ecb35d3a9f71"}
----------- END --------------
December 23, 2021, 3:46 pm
----------- DATA -------------
Array
(
    [offerId] => 9c4fe23b-37ea-4954-945b-29067b0d5c0e
    [fio] => Jeyson
    [phone] => 09675708475
    [email] => admin@admin.com
    [domain] => http://mansehealth.com/landers/fa04a42719/land1/limon.php
    [ip] => 175.176.84.212
    [utm_campaign] => 923
    [utm_content] => 1
    [utm_medium] => 
    [utm_source] => SM
    [utm_term] => 
    [clickid] => d4bee2tx9eja9vrae4
    [fbpxl] => 
)

----------- RESPONSE ---------
{"result":"ok","localClickId":"0c76bf06-ce5d-4370-b61a-1e5de8e7a34e"}
----------- END --------------
December 23, 2021, 3:48 pm
----------- DATA -------------
Array
(
    [offerId] => 9c4fe23b-37ea-4954-945b-29067b0d5c0e
    [fio] => Jeyson
    [phone] => 09051815106
    [email] => admin@admin.com
    [domain] => http://mansehealth.com/landers/fa04a42719/land1/limon.php
    [ip] => 175.176.84.212
    [utm_campaign] => 923
    [utm_content] => 1
    [utm_medium] => 
    [utm_source] => SM
    [utm_term] => 
    [clickid] => d4bee2tx9eja9vrae4
    [fbpxl] => 
)

----------- RESPONSE ---------
{"result":"ok","localClickId":"267d24b3-bea0-435e-854d-d1d539304e3c"}
----------- END --------------
December 23, 2021, 3:50 pm
----------- DATA -------------
Array
(
    [offerId] => 9c4fe23b-37ea-4954-945b-29067b0d5c0e
    [fio] => Jomarie panganiban
    [phone] => 09971037150
    [email] => admin@admin.com
    [domain] => http://mansehealth.com/landers/fa04a42719/land1/limon.php
    [ip] => 124.105.239.12
    [utm_campaign] => 923
    [utm_content] => 1
    [utm_medium] => 
    [utm_source] => SM
    [utm_term] => 
    [clickid] => f542e2tx9uohe0135
    [fbpxl] => 
)

----------- RESPONSE ---------
{"result":"ok","localClickId":"0434d8b1-2809-4b5f-a85f-2d776bdd2d6c"}
----------- END --------------
December 23, 2021, 3:56 pm
----------- DATA -------------
Array
(
    [offerId] => 9c4fe23b-37ea-4954-945b-29067b0d5c0e
    [fio] => Aiman
    [phone] => 09654630595
    [email] => admin@admin.com
    [domain] => http://mansehealth.com/landers/fa04a42719/land1/limon.php
    [ip] => 110.54.192.57
    [utm_campaign] => 923
    [utm_content] => 1
    [utm_medium] => 
    [utm_source] => SM
    [utm_term] => 
    [clickid] => 53e312tx9ocxibl625
    [fbpxl] => 
)

----------- RESPONSE ---------
{"result":"ok","localClickId":"dd32cd8c-f001-4eb8-8211-21cab0a21f12"}
----------- END --------------
December 23, 2021, 4:01 pm
----------- DATA -------------
Array
(
    [offerId] => 9c4fe23b-37ea-4954-945b-29067b0d5c0e
    [fio] => shirwin concepcion
    [phone] => 09636971794
    [email] => admin@admin.com
    [domain] => http://mansehealth.com/landers/fa04a42719/land1/limon.php
    [ip] => 175.176.53.207
    [utm_campaign] => 923
    [utm_content] => 1
    [utm_medium] => 
    [utm_source] => SM
    [utm_term] => 
    [clickid] => a29892tx9duscfea6a
    [fbpxl] => 
)

----------- RESPONSE ---------
{"result":"ok","localClickId":"8610f045-971a-430b-8175-9b6af121bc51"}
----------- END --------------
December 23, 2021, 4:06 pm
----------- DATA -------------
Array
(
    [offerId] => 9c4fe23b-37ea-4954-945b-29067b0d5c0e
    [fio] => Benjie
    [phone] => 09559019934
    [email] => admin@admin.com
    [domain] => http://mansehealth.com/landers/fa04a42719/land1/limon.php
    [ip] => 112.198.120.149
    [utm_campaign] => 923
    [utm_content] => 1
    [utm_medium] => 
    [utm_source] => SM
    [utm_term] => 
    [clickid] => 3a7452tx9e87vfe761
    [fbpxl] => 
)

----------- RESPONSE ---------
{"result":"ok","localClickId":"2d6ca350-4217-4db1-8572-df07ef95ea84"}
----------- END --------------
December 23, 2021, 4:10 pm
----------- DATA -------------
Array
(
    [offerId] => 9c4fe23b-37ea-4954-945b-29067b0d5c0e
    [fio] => Eric
    [phone] => 09530650216
    [email] => admin@admin.com
    [domain] => http://mansehealth.com/landers/fa04a42719/land1/limon.php
    [ip] => 110.54.168.220
    [utm_campaign] => 923
    [utm_content] => 1
    [utm_medium] => 
    [utm_source] => SM
    [utm_term] => 
    [clickid] => a19562t37a3ikvr0b4
    [fbpxl] => 
)

----------- RESPONSE ---------
{"result":"ok","localClickId":"62e5e5f1-dc3c-4cb8-9b10-3b3ddbe91ae6"}
----------- END --------------
December 23, 2021, 4:56 pm
----------- DATA -------------
Array
(
    [offerId] => 9c4fe23b-37ea-4954-945b-29067b0d5c0e
    [fio] => Efren bejoc po
    [phone] => 09657201786
    [email] => admin@admin.com
    [domain] => http://mansehealth.com/landers/fa04a42719/land1/limon.php
    [ip] => 110.54.200.39
    [utm_campaign] => 923
    [utm_content] => 1
    [utm_medium] => 
    [utm_source] => SM
    [utm_term] => 
    [clickid] => e60422t378wdu3y56b
    [fbpxl] => 
)

----------- RESPONSE ---------
{"result":"ok","localClickId":"b7dff3db-a1bf-4c1d-b31c-e0c88e718a8d"}
----------- END --------------
December 23, 2021, 5:02 pm
----------- DATA -------------
Array
(
    [offerId] => 9c4fe23b-37ea-4954-945b-29067b0d5c0e
    [fio] => krisanto
    [phone] => 09503081272
    [email] => admin@admin.com
    [domain] => http://mansehealth.com/landers/fa04a42719/land1/limon.php
    [ip] => 175.176.20.28
    [utm_campaign] => 923
    [utm_content] => 1
    [utm_medium] => 
    [utm_source] => SM
    [utm_term] => 
    [clickid] => 0dcd62t37d5ocblc76
    [fbpxl] => 
)

----------- RESPONSE ---------
{"result":"ok","localClickId":"005dd517-3a66-4ee8-8faa-121025dc246a"}
----------- END --------------
December 23, 2021, 5:06 pm
----------- DATA -------------
Array
(
    [offerId] => 9c4fe23b-37ea-4954-945b-29067b0d5c0e
    [fio] => Dan
    [phone] => 09084225107
    [email] => admin@admin.com
    [domain] => http://mansehealth.com/landers/fa04a42719/land1/limon.php
    [ip] => 175.176.0.115
    [utm_campaign] => 923
    [utm_content] => 1
    [utm_medium] => 
    [utm_source] => SM
    [utm_term] => 
    [clickid] => 236f82t3737y98nba2
    [fbpxl] => 
)

----------- RESPONSE ---------
{"result":"ok","localClickId":"97ab51f8-f735-41b7-a0e5-3b02fba70147"}
----------- END --------------
December 23, 2021, 5:46 pm
----------- DATA -------------
Array
(
    [offerId] => 9c4fe23b-37ea-4954-945b-29067b0d5c0e
    [fio] => Jeremy
    [phone] => 63090506054030
    [email] => admin@admin.com
    [domain] => http://mansehealth.com/landers/fa04a42719/land1/limon.php
    [ip] => 58.69.113.46
    [utm_campaign] => 923
    [utm_content] => 1
    [utm_medium] => 
    [utm_source] => SM
    [utm_term] => 
    [clickid] => 50e592tbgfnwf035c
    [fbpxl] => 
)

----------- RESPONSE ---------
{"result":"ok","localClickId":"ce5e3352-63e5-4ce1-9923-5b3baa3002ad"}
----------- END --------------
December 23, 2021, 5:46 pm
----------- DATA -------------
Array
(
    [offerId] => 9c4fe23b-37ea-4954-945b-29067b0d5c0e
    [fio] => Jeremy
    [phone] => 63090506054030
    [email] => admin@admin.com
    [domain] => http://mansehealth.com/landers/fa04a42719/land1/limon.php
    [ip] => 58.69.113.46
    [utm_campaign] => {campaign}
    [utm_content] => {trafficsource}
    [utm_medium] => 
    [utm_source] => SM
    [utm_term] => 
    [clickid] => {clickid}
    [fbpxl] => 
)

----------- RESPONSE ---------
{"result":"ok","localClickId":"a1d7b2a9-4513-4284-9842-50daa77f5f06"}
----------- END --------------
December 23, 2021, 5:49 pm
----------- DATA -------------
Array
(
    [offerId] => 9c4fe23b-37ea-4954-945b-29067b0d5c0e
    [fio] => Allanyo
    [phone] => 09486207086
    [email] => admin@admin.com
    [domain] => http://mansehealth.com/landers/fa04a42719/land1/limon.php
    [ip] => 103.36.18.117
    [utm_campaign] => 923
    [utm_content] => 1
    [utm_medium] => 
    [utm_source] => SM
    [utm_term] => 
    [clickid] => e5e172tbgusfyfe24c
    [fbpxl] => 
)

----------- RESPONSE ---------
{"result":"ok","localClickId":"e70a3180-3aeb-4733-9820-56a0638451e4"}
----------- END --------------
December 23, 2021, 5:55 pm
----------- DATA -------------
Array
(
    [offerId] => 9c4fe23b-37ea-4954-945b-29067b0d5c0e
    [fio] => John
    [phone] => 09564960842
    [email] => admin@admin.com
    [domain] => http://mansehealth.com/landers/fa04a42719/land1/limon.php
    [ip] => 111.90.199.5
    [utm_campaign] => {campaign}
    [utm_content] => {trafficsource}
    [utm_medium] => 
    [utm_source] => SM
    [utm_term] => 
    [clickid] => {clickid}
    [fbpxl] => 
)

----------- RESPONSE ---------
{"result":"ok","localClickId":"1783d4a4-e3c2-4778-9e2e-1f610f69b716"}
----------- END --------------
December 23, 2021, 6:25 pm
----------- DATA -------------
Array
(
    [offerId] => 9c4fe23b-37ea-4954-945b-29067b0d5c0e
    [fio] => herbie
    [phone] => herbiehilario
    [email] => admin@admin.com
    [domain] => http://mansehealth.com/landers/fa04a42719/land1/limon.php
    [ip] => 120.29.107.237
    [utm_campaign] => 923
    [utm_content] => 1
    [utm_medium] => 
    [utm_source] => SM
    [utm_term] => 
    [clickid] => 7fe432tbgvcfn3y146
    [fbpxl] => 
)

----------- RESPONSE ---------
{"result":"ok","localClickId":"fe309c97-6b33-4493-a699-0fddb951d3ce"}
----------- END --------------
December 23, 2021, 7:31 pm
----------- DATA -------------
Array
(
    [offerId] => 9c4fe23b-37ea-4954-945b-29067b0d5c0e
    [fio] => Emerson
    [phone] => 09557107123
    [email] => admin@admin.com
    [domain] => http://mansehealth.com/landers/fa04a42719/land1/limon.php
    [ip] => 110.54.141.167
    [utm_campaign] => 923
    [utm_content] => 1
    [utm_medium] => 
    [utm_source] => SM
    [utm_term] => 
    [clickid] => 7fbc32tbghq468n2f8
    [fbpxl] => 
)

----------- RESPONSE ---------
{"result":"ok","localClickId":"b8cac808-ab3d-4a05-af2c-f6566cc07a8e"}
----------- END --------------
December 23, 2021, 8:09 pm
----------- DATA -------------
Array
(
    [offerId] => 9c4fe23b-37ea-4954-945b-29067b0d5c0e
    [fio] => ruel
    [phone] => 09283027629
    [email] => admin@admin.com
    [domain] => http://mansehealth.com/landers/fa04a42719/land1/limon.php
    [ip] => 175.176.32.20
    [utm_campaign] => 923
    [utm_content] => 1
    [utm_medium] => 
    [utm_source] => SM
    [utm_term] => 
    [clickid] => 82aa22tbgbgojfe532
    [fbpxl] => 
)

----------- RESPONSE ---------
{"result":"ok","localClickId":"03b091ff-742f-4b71-8be2-c08944a0aa8f"}
----------- END --------------
December 23, 2021, 8:26 pm
----------- DATA -------------
Array
(
    [offerId] => 9c4fe23b-37ea-4954-945b-29067b0d5c0e
    [fio] => Jules benerio
    [phone] => 09678666350
    [email] => admin@admin.com
    [domain] => http://mansehealth.com/landers/fa04a42719/land1/limon.php
    [ip] => 119.93.200.80
    [utm_campaign] => 923
    [utm_content] => 1
    [utm_medium] => 
    [utm_source] => SM
    [utm_term] => 
    [clickid] => b42192tbgxr176o8ef
    [fbpxl] => 
)

----------- RESPONSE ---------
{"result":"ok","localClickId":"5ca91cce-0b93-4109-beb7-8a4ce0921f50"}
----------- END --------------
December 23, 2021, 9:21 pm
----------- DATA -------------
Array
(
    [offerId] => 9c4fe23b-37ea-4954-945b-29067b0d5c0e
    [fio] => arvin
    [phone] => 09700952468
    [email] => admin@admin.com
    [domain] => http://mansehealth.com/landers/fa04a42719/land1/limon.php
    [ip] => 175.176.79.9
    [utm_campaign] => 923
    [utm_content] => 1
    [utm_medium] => 
    [utm_source] => SM
    [utm_term] => 
    [clickid] => 372ae2trna2ib8n530
    [fbpxl] => 
)

----------- RESPONSE ---------
{"result":"ok","localClickId":"33028d7b-7bcc-4ecc-8813-12cc0e904d8f"}
----------- END --------------
December 23, 2021, 10:14 pm
----------- DATA -------------
Array
(
    [offerId] => 9c4fe23b-37ea-4954-945b-29067b0d5c0e
    [fio] => Ismael castño
    [phone] => ,09654468191
    [email] => admin@admin.com
    [domain] => http://mansehealth.com/landers/fa04a42719/land1/limon.php
    [ip] => 112.198.69.226
    [utm_campaign] => 923
    [utm_content] => 1
    [utm_medium] => 
    [utm_source] => SM
    [utm_term] => 
    [clickid] => 24f102trnxse8vr968
    [fbpxl] => 
)

----------- RESPONSE ---------
{"result":"ok","localClickId":"f784716e-30ee-4cae-a9d9-2f2f97deecd4"}
----------- END --------------
December 23, 2021, 11:36 pm
----------- DATA -------------
Array
(
    [offerId] => 9c4fe23b-37ea-4954-945b-29067b0d5c0e
    [fio] => Ian lopez
    [phone] => 09461404713
    [email] => admin@admin.com
    [domain] => http://mansehealth.com/landers/fa04a42719/land1/limon.php
    [ip] => 122.54.227.0
    [utm_campaign] => 923
    [utm_content] => 1
    [utm_medium] => 
    [utm_source] => SM
    [utm_term] => 
    [clickid] => 3e9792trnqee2066a
    [fbpxl] => 
)

----------- RESPONSE ---------
{"result":"ok","localClickId":"c6e18ab0-f708-4446-8321-b69a07311872"}
----------- END --------------
December 23, 2021, 11:55 pm
----------- DATA -------------
Array
(
    [offerId] => 9c4fe23b-37ea-4954-945b-29067b0d5c0e
    [fio] => Eric 
    [phone] => 09187718927
    [email] => admin@admin.com
    [domain] => http://mansehealth.com/landers/fa04a42719/land1/limon.php
    [ip] => 124.83.111.7
    [utm_campaign] => 923
    [utm_content] => 1
    [utm_medium] => 
    [utm_source] => SM
    [utm_term] => 
    [clickid] => 29e202trnvcm7vr6f2
    [fbpxl] => 
)

----------- RESPONSE ---------
{"result":"ok","localClickId":"ea3dcb20-a978-48dc-9137-d5a2186442f2"}
----------- END --------------
