December 12, 2021, 12:14 am
----------- DATA -------------
Array
(
    [offerId] => 9c4fe23b-37ea-4954-945b-29067b0d5c0e
    [fio] => Rommel
    [phone] => 09637592105
    [email] => admin@admin.com
    [domain] => http://mansehealth.com/landers/fa04a42719/land1/limon.php
    [ip] => 203.92.9.78
    [utm_campaign] => 923
    [utm_content] => 1
    [utm_medium] => 
    [utm_source] => SM
    [utm_term] => 
    [clickid] => 891b0qnfyfyxr632
    [fbpxl] => 
)

----------- RESPONSE ---------
{"result":"ok"}
----------- END --------------
December 12, 2021, 12:33 am
----------- DATA -------------
Array
(
    [offerId] => 9c4fe23b-37ea-4954-945b-29067b0d5c0e
    [fio] => Alden
    [phone] => 09324468656
    [email] => admin@admin.com
    [domain] => http://mansehealth.com/landers/fa04a42719/land1/limon.php
    [ip] => 2001:4451:11d7:9300:c9d1:34ba:4752:cd2e
    [utm_campaign] => 923
    [utm_content] => 1
    [utm_medium] => 
    [utm_source] => SM
    [utm_term] => 
    [clickid] => 822efqnkte2a9b2c
    [fbpxl] => 
)

----------- RESPONSE ---------
{"result":"ok"}
----------- END --------------
December 12, 2021, 1:31 am
----------- DATA -------------
Array
(
    [offerId] => 9c4fe23b-37ea-4954-945b-29067b0d5c0e
    [fio] => Jhonlie
    [phone] => 09666238484
    [email] => admin@admin.com
    [domain] => http://mansehealth.com/landers/fa04a42719/land1/limon.php
    [ip] => 180.190.100.208
    [utm_campaign] => 896
    [utm_content] => 35
    [utm_medium] => 
    [utm_source] => SM
    [utm_term] => 
    [clickid] => bc9dbqn4pa7kt4e0
    [fbpxl] => 
)

----------- RESPONSE ---------
{"result":"ok"}
----------- END --------------
December 12, 2021, 2:50 am
----------- DATA -------------
Array
(
    [offerId] => 9c4fe23b-37ea-4954-945b-29067b0d5c0e
    [fio] => justine
    [phone] => 09612261242
    [email] => admin@admin.com
    [domain] => http://mansehealth.com/landers/fa04a42719/land1/limon.php
    [ip] => 110.54.209.74
    [utm_campaign] => 923
    [utm_content] => 1
    [utm_medium] => 
    [utm_source] => SM
    [utm_term] => 
    [clickid] => f776bqnj2bztla65
    [fbpxl] => 
)

----------- RESPONSE ---------
{"result":"ok"}
----------- END --------------
December 12, 2021, 3:26 am
----------- DATA -------------
Array
(
    [offerId] => 9c4fe23b-37ea-4954-945b-29067b0d5c0e
    [fio] => Jayson 
    [phone] => 09068288407
    [email] => admin@admin.com
    [domain] => http://mansehealth.com/landers/fa04a42719/land1/limon.php
    [ip] => 112.198.86.36
    [utm_campaign] => 894
    [utm_content] => 35
    [utm_medium] => 
    [utm_source] => SM
    [utm_term] => 
    [clickid] => 05effqn15gm1z9c8
    [fbpxl] => 
)

----------- RESPONSE ---------
{"result":"ok"}
----------- END --------------
December 12, 2021, 3:29 am
----------- DATA -------------
Array
(
    [offerId] => 9c4fe23b-37ea-4954-945b-29067b0d5c0e
    [fio] => Eljay
    [phone] => 09384212512
    [email] => admin@admin.com
    [domain] => http://mansehealth.com/landers/fa04a42719/land1/limon.php
    [ip] => 110.54.191.39
    [utm_campaign] => 923
    [utm_content] => 1
    [utm_medium] => 
    [utm_source] => SM
    [utm_term] => 
    [clickid] => 79718qn154k4kaaa
    [fbpxl] => 
)

----------- RESPONSE ---------
{"result":"ok"}
----------- END --------------
December 12, 2021, 4:00 am
----------- DATA -------------
Array
(
    [offerId] => 9c4fe23b-37ea-4954-945b-29067b0d5c0e
    [fio] => Benjie escala
    [phone] => 09656813727
    [email] => admin@admin.com
    [domain] => http://mansehealth.com/landers/fa04a42719/land1/limon.php
    [ip] => 110.54.135.83
    [utm_campaign] => {campaign}
    [utm_content] => {trafficsource}
    [utm_medium] => 
    [utm_source] => SM
    [utm_term] => 
    [clickid] => {clickid}
    [fbpxl] => 
)

----------- RESPONSE ---------
{"result":"ok"}
----------- END --------------
December 12, 2021, 4:26 am
----------- DATA -------------
Array
(
    [offerId] => 9c4fe23b-37ea-4954-945b-29067b0d5c0e
    [fio] => Romy Bautista
    [phone] => 09380266694
    [email] => admin@admin.com
    [domain] => http://mansehealth.com/landers/fa04a42719/land1/limon.php
    [ip] => 120.28.210.68
    [utm_campaign] => 923
    [utm_content] => 1
    [utm_medium] => 
    [utm_source] => SM
    [utm_term] => 
    [clickid] => e9244qn9zej1n841
    [fbpxl] => 
)

----------- RESPONSE ---------
{"result":"ok"}
----------- END --------------
December 12, 2021, 4:51 am
----------- DATA -------------
Array
(
    [offerId] => 9c4fe23b-37ea-4954-945b-29067b0d5c0e
    [fio] => Rom
    [phone] => 09163313147
    [email] => admin@admin.com
    [domain] => http://mansehealth.com/landers/fa04a42719/land1/limon.php
    [ip] => 110.54.133.206
    [utm_campaign] => 896
    [utm_content] => 35
    [utm_medium] => 
    [utm_source] => SM
    [utm_term] => 
    [clickid] => 12c52qnslxib7ba3
    [fbpxl] => 
)

----------- RESPONSE ---------
{"result":"ok"}
----------- END --------------
December 12, 2021, 4:52 am
----------- DATA -------------
Array
(
    [offerId] => 9c4fe23b-37ea-4954-945b-29067b0d5c0e
    [fio] => Romy Bautista
    [phone] => 09380266694
    [email] => admin@admin.com
    [domain] => http://mansehealth.com/landers/fa04a42719/land1/limon.php
    [ip] => 124.105.152.221
    [utm_campaign] => 923
    [utm_content] => 1
    [utm_medium] => 
    [utm_source] => SM
    [utm_term] => 
    [clickid] => 1b7d6qnsl46wfcea
    [fbpxl] => 
)

----------- RESPONSE ---------
{"result":"ok"}
----------- END --------------
December 12, 2021, 5:02 am
----------- DATA -------------
Array
(
    [offerId] => 9c4fe23b-37ea-4954-945b-29067b0d5c0e
    [fio] => mark
    [phone] => +639368738241
    [email] => admin@admin.com
    [domain] => http://mansehealth.com/landers/fa04a42719/land1/limon.php
    [ip] => 110.54.141.70
    [utm_campaign] => 894
    [utm_content] => 35
    [utm_medium] => 
    [utm_source] => SM
    [utm_term] => 
    [clickid] => 52c70qndua2d5b8a
    [fbpxl] => 
)

----------- RESPONSE ---------
{"result":"ok"}
----------- END --------------
December 12, 2021, 5:09 am
----------- DATA -------------
Array
(
    [offerId] => 9c4fe23b-37ea-4954-945b-29067b0d5c0e
    [fio] => duke tiedra
    [phone] => 095159659619
    [email] => admin@admin.com
    [domain] => http://mansehealth.com/landers/fa04a42719/land1/limon.php
    [ip] => 110.54.181.168
    [utm_campaign] => 896
    [utm_content] => 35
    [utm_medium] => 
    [utm_source] => SM
    [utm_term] => 
    [clickid] => 109d8qndu8re2d7e
    [fbpxl] => 
)

----------- RESPONSE ---------
{"result":"ok"}
----------- END --------------
December 12, 2021, 5:16 am
----------- DATA -------------
Array
(
    [offerId] => 9c4fe23b-37ea-4954-945b-29067b0d5c0e
    [fio] => Alex
    [phone] => 09700323662
    [email] => admin@admin.com
    [domain] => http://mansehealth.com/landers/fa04a42719/land1/limon.php
    [ip] => 119.92.79.184
    [utm_campaign] => 923
    [utm_content] => 1
    [utm_medium] => 
    [utm_source] => SM
    [utm_term] => 
    [clickid] => e17cbqndubzd5990
    [fbpxl] => 
)

----------- RESPONSE ---------
{"result":"ok"}
----------- END --------------
December 12, 2021, 5:18 am
----------- DATA -------------
Array
(
    [offerId] => 9c4fe23b-37ea-4954-945b-29067b0d5c0e
    [fio] => pedro malsi
    [phone] => 09453386147
    [email] => admin@admin.com
    [domain] => http://mansehealth.com/landers/fa04a42719/land1/limon.php
    [ip] => 112.198.95.73
    [utm_campaign] => 923
    [utm_content] => 1
    [utm_medium] => 
    [utm_source] => SM
    [utm_term] => 
    [clickid] => 9adbfqndulpe889e
    [fbpxl] => 
)

----------- RESPONSE ---------
{"result":"ok"}
----------- END --------------
December 12, 2021, 5:28 am
----------- DATA -------------
Array
(
    [offerId] => 9c4fe23b-37ea-4954-945b-29067b0d5c0e
    [fio] => Jovil
    [phone] => 09460399713
    [email] => admin@admin.com
    [domain] => http://mansehealth.com/landers/fa04a42719/land1/limon.php
    [ip] => 120.28.192.56
    [utm_campaign] => 923
    [utm_content] => 1
    [utm_medium] => 
    [utm_source] => SM
    [utm_term] => 
    [clickid] => c8e4cqndup2g5b39
    [fbpxl] => 
)

----------- RESPONSE ---------
{"result":"ok"}
----------- END --------------
December 12, 2021, 6:02 am
----------- DATA -------------
Array
(
    [offerId] => 9c4fe23b-37ea-4954-945b-29067b0d5c0e
    [fio] => Crisanto
    [phone] => 09387617848
    [email] => admin@admin.com
    [domain] => http://mansehealth.com/landers/fa04a42719/land1/limon.php
    [ip] => 110.54.177.176
    [utm_campaign] => 923
    [utm_content] => 1
    [utm_medium] => 
    [utm_source] => SM
    [utm_term] => 
    [clickid] => 8cb8cqne8hea79b4
    [fbpxl] => 
)

----------- RESPONSE ---------
{"result":"ok"}
----------- END --------------
December 12, 2021, 9:04 am
----------- DATA -------------
Array
(
    [offerId] => 9c4fe23b-37ea-4954-945b-29067b0d5c0e
    [fio] => Bong sael
    [phone] => 09264548704
    [email] => admin@admin.com
    [domain] => http://mansehealth.com/landers/fa04a42719/land1/limon.php
    [ip] => 111.125.117.136
    [utm_campaign] => 923
    [utm_content] => 1
    [utm_medium] => 
    [utm_source] => SM
    [utm_term] => 
    [clickid] => 0e815qq17ci9l485
    [fbpxl] => 
)

----------- RESPONSE ---------
{"result":"ok"}
----------- END --------------
December 12, 2021, 9:12 am
----------- DATA -------------
Array
(
    [offerId] => 9c4fe23b-37ea-4954-945b-29067b0d5c0e
    [fio] => Jayson Dones
    [phone] => 09055250760
    [email] => admin@admin.com
    [domain] => http://mansehealth.com/landers/fa04a42719/land1/limon.php
    [ip] => 110.54.132.225
    [utm_campaign] => 896
    [utm_content] => 35
    [utm_medium] => 
    [utm_source] => SM
    [utm_term] => 
    [clickid] => da89dqqh9gm7v094
    [fbpxl] => 
)

----------- RESPONSE ---------
{"result":"ok"}
----------- END --------------
December 12, 2021, 9:17 am
----------- DATA -------------
Array
(
    [offerId] => 9c4fe23b-37ea-4954-945b-29067b0d5c0e
    [fio] => Jayson Dones
    [phone] => 09055250760
    [email] => admin@admin.com
    [domain] => http://mansehealth.com/landers/fa04a42719/land1/limon.php
    [ip] => 110.54.132.225
    [utm_campaign] => {campaign}
    [utm_content] => {trafficsource}
    [utm_medium] => 
    [utm_source] => SM
    [utm_term] => 
    [clickid] => {clickid}
    [fbpxl] => 
)

----------- RESPONSE ---------
{"result":"ok"}
----------- END --------------
December 12, 2021, 9:23 am
----------- DATA -------------
Array
(
    [offerId] => 9c4fe23b-37ea-4954-945b-29067b0d5c0e
    [fio] => Villaver
    [phone] => 2950025
    [email] => admin@admin.com
    [domain] => http://mansehealth.com/landers/fa04a42719/land1/limon.php
    [ip] => 2001:4455:1ba:4500:2cd6:5a8d:dced:6c0a
    [utm_campaign] => {campaign}
    [utm_content] => {trafficsource}
    [utm_medium] => 
    [utm_source] => SM
    [utm_term] => 
    [clickid] => {clickid}
    [fbpxl] => 
)

----------- RESPONSE ---------
{"result":"ok"}
----------- END --------------
December 12, 2021, 10:41 am
----------- DATA -------------
Array
(
    [offerId] => 9c4fe23b-37ea-4954-945b-29067b0d5c0e
    [fio] => Jake
    [phone] => 09361950686
    [email] => admin@admin.com
    [domain] => http://mansehealth.com/landers/fa04a42719/land1/limon.php
    [ip] => 110.54.144.140
    [utm_campaign] => 896
    [utm_content] => 35
    [utm_medium] => 
    [utm_source] => SM
    [utm_term] => 
    [clickid] => ea960qq7vd5du9aa
    [fbpxl] => 
)

----------- RESPONSE ---------
{"result":"ok"}
----------- END --------------
December 12, 2021, 11:02 am
----------- DATA -------------
Array
(
    [offerId] => 9c4fe23b-37ea-4954-945b-29067b0d5c0e
    [fio] => Jun salen
    [phone] => 09471835714
    [email] => admin@admin.com
    [domain] => http://mansehealth.com/landers/fa04a42719/land1/limon.php
    [ip] => 110.54.229.120
    [utm_campaign] => 923
    [utm_content] => 1
    [utm_medium] => 
    [utm_source] => SM
    [utm_term] => 
    [clickid] => 56eb3qqoja4a4bd2
    [fbpxl] => 
)

----------- RESPONSE ---------
{"result":"ok"}
----------- END --------------
December 12, 2021, 12:19 pm
----------- DATA -------------
Array
(
    [offerId] => 9c4fe23b-37ea-4954-945b-29067b0d5c0e
    [fio] => Jayvee
    [phone] => 09385711123
    [email] => admin@admin.com
    [domain] => http://mansehealth.com/landers/fa04a42719/land1/limon.php
    [ip] => 175.176.20.88
    [utm_campaign] => 923
    [utm_content] => 1
    [utm_medium] => 
    [utm_source] => SM
    [utm_term] => 
    [clickid] => 9dad6qqgmci52332
    [fbpxl] => 
)

----------- RESPONSE ---------
{"result":"ok"}
----------- END --------------
December 12, 2021, 12:27 pm
----------- DATA -------------
Array
(
    [offerId] => 9c4fe23b-37ea-4954-945b-29067b0d5c0e
    [fio] => Chritopher
    [phone] => 09656954747
    [email] => admin@admin.com
    [domain] => http://mansehealth.com/landers/fa04a42719/land1/limon.php
    [ip] => 110.54.229.43
    [utm_campaign] => 923
    [utm_content] => 1
    [utm_medium] => 
    [utm_source] => SM
    [utm_term] => 
    [clickid] => 09f64qqgm1nzw991
    [fbpxl] => 
)

----------- RESPONSE ---------
{"result":"ok"}
----------- END --------------
December 12, 2021, 12:57 pm
----------- DATA -------------
Array
(
    [offerId] => 9c4fe23b-37ea-4954-945b-29067b0d5c0e
    [fio] => Ernie
    [phone] => 09630564907
    [email] => admin@admin.com
    [domain] => http://mansehealth.com/landers/fa04a42719/land1/limon.php
    [ip] => 110.54.185.122
    [utm_campaign] => 923
    [utm_content] => 1
    [utm_medium] => 
    [utm_source] => SM
    [utm_term] => 
    [clickid] => cb0aeqqu3ntg6f3e
    [fbpxl] => 
)

----------- RESPONSE ---------
{"result":"ok"}
----------- END --------------
December 12, 2021, 12:57 pm
----------- DATA -------------
Array
(
    [offerId] => 9c4fe23b-37ea-4954-945b-29067b0d5c0e
    [fio] => Ernie
    [phone] => 09630564907
    [email] => admin@admin.com
    [domain] => http://mansehealth.com/landers/fa04a42719/land1/limon.php
    [ip] => 110.54.185.122
    [utm_campaign] => 923
    [utm_content] => 1
    [utm_medium] => 
    [utm_source] => SM
    [utm_term] => 
    [clickid] => cb0aeqqu3ntg6f3e
    [fbpxl] => 
)

----------- RESPONSE ---------
{"result":"ok"}
----------- END --------------
December 12, 2021, 1:25 pm
----------- DATA -------------
Array
(
    [offerId] => 9c4fe23b-37ea-4954-945b-29067b0d5c0e
    [fio] => Alex
    [phone] => 09682483239
    [email] => admin@admin.com
    [domain] => http://mansehealth.com/landers/fa04a42719/land1/limon.php
    [ip] => 152.32.107.137
    [utm_campaign] => 923
    [utm_content] => 1
    [utm_medium] => 
    [utm_source] => SM
    [utm_term] => 
    [clickid] => db76cqq4ke2b4aa4
    [fbpxl] => 
)

----------- RESPONSE ---------
{"result":"ok"}
----------- END --------------
December 12, 2021, 1:43 pm
----------- DATA -------------
Array
(
    [offerId] => 9c4fe23b-37ea-4954-945b-29067b0d5c0e
    [fio] => Jerald
    [phone] => 09304139279
    [email] => admin@admin.com
    [domain] => http://mansehealth.com/landers/fa04a42719/land1/limon.php
    [ip] => 119.93.128.184
    [utm_campaign] => 923
    [utm_content] => 1
    [utm_medium] => 
    [utm_source] => SM
    [utm_term] => 
    [clickid] => b180bqqtwqex93b5
    [fbpxl] => 
)

----------- RESPONSE ---------
{"result":"ok"}
----------- END --------------
December 12, 2021, 1:43 pm
----------- DATA -------------
Array
(
    [offerId] => 9c4fe23b-37ea-4954-945b-29067b0d5c0e
    [fio] => Jerald
    [phone] => 09304139279
    [email] => admin@admin.com
    [domain] => http://mansehealth.com/landers/fa04a42719/land1/limon.php
    [ip] => 119.93.128.184
    [utm_campaign] => 923
    [utm_content] => 1
    [utm_medium] => 
    [utm_source] => SM
    [utm_term] => 
    [clickid] => b180bqqtwqex93b5
    [fbpxl] => 
)

----------- RESPONSE ---------
{"result":"ok"}
----------- END --------------
December 12, 2021, 1:43 pm
----------- DATA -------------
Array
(
    [offerId] => 9c4fe23b-37ea-4954-945b-29067b0d5c0e
    [fio] => Jerald
    [phone] => 09304139279
    [email] => admin@admin.com
    [domain] => http://mansehealth.com/landers/fa04a42719/land1/limon.php
    [ip] => 119.93.128.184
    [utm_campaign] => 923
    [utm_content] => 1
    [utm_medium] => 
    [utm_source] => SM
    [utm_term] => 
    [clickid] => b180bqqtwqex93b5
    [fbpxl] => 
)

----------- RESPONSE ---------
{"result":"ok"}
----------- END --------------
December 12, 2021, 2:04 pm
----------- DATA -------------
Array
(
    [offerId] => 9c4fe23b-37ea-4954-945b-29067b0d5c0e
    [fio] => Alas
    [phone] => 09704684259
    [email] => admin@admin.com
    [domain] => http://mansehealth.com/landers/fa04a42719/land1/limon.php
    [ip] => 49.145.8.234
    [utm_campaign] => 923
    [utm_content] => 1
    [utm_medium] => 
    [utm_source] => SM
    [utm_term] => 
    [clickid] => a9191qqwflpxrdbc
    [fbpxl] => 
)

----------- RESPONSE ---------
{"result":"ok"}
----------- END --------------
December 12, 2021, 2:04 pm
----------- DATA -------------
Array
(
    [offerId] => 9c4fe23b-37ea-4954-945b-29067b0d5c0e
    [fio] => Alas
    [phone] => 09704684259
    [email] => admin@admin.com
    [domain] => http://mansehealth.com/landers/fa04a42719/land1/limon.php
    [ip] => 49.145.8.234
    [utm_campaign] => 923
    [utm_content] => 1
    [utm_medium] => 
    [utm_source] => SM
    [utm_term] => 
    [clickid] => a9191qqwflpxrdbc
    [fbpxl] => 
)

----------- RESPONSE ---------
{"result":"ok"}
----------- END --------------
December 12, 2021, 2:04 pm
----------- DATA -------------
Array
(
    [offerId] => 9c4fe23b-37ea-4954-945b-29067b0d5c0e
    [fio] => Alas
    [phone] => 09704684259
    [email] => admin@admin.com
    [domain] => http://mansehealth.com/landers/fa04a42719/land1/limon.php
    [ip] => 49.145.8.234
    [utm_campaign] => {campaign}
    [utm_content] => {trafficsource}
    [utm_medium] => 
    [utm_source] => SM
    [utm_term] => 
    [clickid] => {clickid}
    [fbpxl] => 
)

----------- RESPONSE ---------
{"result":"ok"}
----------- END --------------
December 12, 2021, 2:25 pm
----------- DATA -------------
Array
(
    [offerId] => 9c4fe23b-37ea-4954-945b-29067b0d5c0e
    [fio] => Rio Alusam
    [phone] => 09307893215
    [email] => admin@admin.com
    [domain] => http://mansehealth.com/landers/fa04a42719/land1/limon.php
    [ip] => 110.54.222.239
    [utm_campaign] => 923
    [utm_content] => 1
    [utm_medium] => 
    [utm_source] => SM
    [utm_term] => 
    [clickid] => efeceqqb4gxhq093
    [fbpxl] => 
)

----------- RESPONSE ---------
{"result":"ok"}
----------- END --------------
December 12, 2021, 2:28 pm
----------- DATA -------------
Array
(
    [offerId] => 9c4fe23b-37ea-4954-945b-29067b0d5c0e
    [fio] => Angelo
    [phone] => 09353416056
    [email] => admin@admin.com
    [domain] => http://mansehealth.com/landers/fa04a42719/land1/limon.php
    [ip] => 110.54.216.187
    [utm_campaign] => 923
    [utm_content] => 1
    [utm_medium] => 
    [utm_source] => SM
    [utm_term] => 
    [clickid] => 6f942qqb4q537e17
    [fbpxl] => 
)

----------- RESPONSE ---------
{"result":"ok"}
----------- END --------------
December 12, 2021, 2:35 pm
----------- DATA -------------
Array
(
    [offerId] => 9c4fe23b-37ea-4954-945b-29067b0d5c0e
    [fio] => Francis
    [phone] => 09300995722
    [email] => admin@admin.com
    [domain] => http://mansehealth.com/landers/fa04a42719/land1/limon.php
    [ip] => 110.54.189.130
    [utm_campaign] => 894
    [utm_content] => 35
    [utm_medium] => 
    [utm_source] => SM
    [utm_term] => 
    [clickid] => 6e2fbqqb47ssc97d
    [fbpxl] => 
)

----------- RESPONSE ---------
{"result":"ok"}
----------- END --------------
December 12, 2021, 2:35 pm
----------- DATA -------------
Array
(
    [offerId] => 9c4fe23b-37ea-4954-945b-29067b0d5c0e
    [fio] => Francis
    [phone] => 09300995722
    [email] => admin@admin.com
    [domain] => http://mansehealth.com/landers/fa04a42719/land1/limon.php
    [ip] => 110.54.189.130
    [utm_campaign] => 894
    [utm_content] => 35
    [utm_medium] => 
    [utm_source] => SM
    [utm_term] => 
    [clickid] => 6e2fbqqb47ssc97d
    [fbpxl] => 
)

----------- RESPONSE ---------
{"result":"ok"}
----------- END --------------
December 12, 2021, 2:45 pm
----------- DATA -------------
Array
(
    [offerId] => 9c4fe23b-37ea-4954-945b-29067b0d5c0e
    [fio] => erdy Macapagal Lugtu
    [phone] => 09914794809
    [email] => admin@admin.com
    [domain] => http://mansehealth.com/landers/fa04a42719/land1/limon.php
    [ip] => 111.125.105.155
    [utm_campaign] => 923
    [utm_content] => 1
    [utm_medium] => 
    [utm_source] => SM
    [utm_term] => 
    [clickid] => af92dqqire8d53a7
    [fbpxl] => 
)

----------- RESPONSE ---------
{"result":"ok"}
----------- END --------------
December 12, 2021, 3:06 pm
----------- DATA -------------
Array
(
    [offerId] => 9c4fe23b-37ea-4954-945b-29067b0d5c0e
    [fio] => Bernardo
    [phone] => 09358501922
    [email] => admin@admin.com
    [domain] => http://mansehealth.com/landers/fa04a42719/land1/limon.php
    [ip] => 110.54.163.49
    [utm_campaign] => 923
    [utm_content] => 1
    [utm_medium] => 
    [utm_source] => SM
    [utm_term] => 
    [clickid] => 7ba5eqq8pd5k2ccb
    [fbpxl] => 
)

----------- RESPONSE ---------
{"result":"ok"}
----------- END --------------
December 12, 2021, 3:22 pm
----------- DATA -------------
Array
(
    [offerId] => 9c4fe23b-37ea-4954-945b-29067b0d5c0e
    [fio] => markryan
    [phone] => 09569855219
    [email] => admin@admin.com
    [domain] => http://mansehealth.com/landers/fa04a42719/land1/limon.php
    [ip] => 103.252.35.222
    [utm_campaign] => 923
    [utm_content] => 1
    [utm_medium] => 
    [utm_source] => SM
    [utm_term] => 
    [clickid] => 43c59qqxoy915f32
    [fbpxl] => 
)

----------- RESPONSE ---------
{"result":"ok"}
----------- END --------------
December 12, 2021, 3:31 pm
----------- DATA -------------
Array
(
    [offerId] => 9c4fe23b-37ea-4954-945b-29067b0d5c0e
    [fio] => Peter paul
    [phone] => 09156236807
    [email] => admin@admin.com
    [domain] => http://mansehealth.com/landers/fa04a42719/land1/limon.php
    [ip] => 110.54.181.219
    [utm_campaign] => 923
    [utm_content] => 1
    [utm_medium] => 
    [utm_source] => SM
    [utm_term] => 
    [clickid] => 1a4f8qqxobgtl15c
    [fbpxl] => 
)

----------- RESPONSE ---------
{"result":"ok"}
----------- END --------------
December 12, 2021, 4:07 pm
----------- DATA -------------
Array
(
    [offerId] => 9c4fe23b-37ea-4954-945b-29067b0d5c0e
    [fio] => Romeo
    [phone] => 09269644245
    [email] => admin@admin.com
    [domain] => http://mansehealth.com/landers/fa04a42719/land1/limon.php
    [ip] => 110.54.211.222
    [utm_campaign] => 923
    [utm_content] => 1
    [utm_medium] => 
    [utm_source] => SM
    [utm_term] => 
    [clickid] => 170ccqq7s52a21ef
    [fbpxl] => 
)

----------- RESPONSE ---------
{"result":"ok"}
----------- END --------------
December 12, 2021, 4:08 pm
----------- DATA -------------
Array
(
    [offerId] => 9c4fe23b-37ea-4954-945b-29067b0d5c0e
    [fio] => Romeo
    [phone] => 09269644245
    [email] => admin@admin.com
    [domain] => http://mansehealth.com/landers/fa04a42719/land1/limon.php
    [ip] => 110.54.211.222
    [utm_campaign] => {campaign}
    [utm_content] => {trafficsource}
    [utm_medium] => 
    [utm_source] => SM
    [utm_term] => 
    [clickid] => {clickid}
    [fbpxl] => 
)

----------- RESPONSE ---------
{"result":"ok"}
----------- END --------------
December 12, 2021, 4:22 pm
----------- DATA -------------
Array
(
    [offerId] => 9c4fe23b-37ea-4954-945b-29067b0d5c0e
    [fio] => marichan
    [phone] => 09094675321
    [email] => admin@admin.com
    [domain] => http://mansehealth.com/landers/fa04a42719/land1/limon.php
    [ip] => 175.176.69.194
    [utm_campaign] => 923
    [utm_content] => 1
    [utm_medium] => 
    [utm_source] => SM
    [utm_term] => 
    [clickid] => 6e9a5qqqe1nu3922
    [fbpxl] => 
)

----------- RESPONSE ---------
{"result":"ok"}
----------- END --------------
December 12, 2021, 6:21 pm
----------- DATA -------------
Array
(
    [offerId] => 9c4fe23b-37ea-4954-945b-29067b0d5c0e
    [fio] => Jeffrey c alindajao
    [phone] => 09555719844
    [email] => admin@admin.com
    [domain] => http://mansehealth.com/landers/fa04a42719/land1/limon.php
    [ip] => 110.54.170.34
    [utm_campaign] => 923
    [utm_content] => 1
    [utm_medium] => 
    [utm_source] => SM
    [utm_term] => 
    [clickid] => ff89cqqftx9nt241
    [fbpxl] => 
)

----------- RESPONSE ---------
{"result":"ok"}
----------- END --------------
December 12, 2021, 6:22 pm
----------- DATA -------------
Array
(
    [offerId] => 9c4fe23b-37ea-4954-945b-29067b0d5c0e
    [fio] => Reynaldo R Angeles
    [phone] => 09069116535
    [email] => admin@admin.com
    [domain] => http://mansehealth.com/landers/fa04a42719/land1/limon.php
    [ip] => 2001:4455:51a:7200:7c66:c6fc:53f2:45ec
    [utm_campaign] => 923
    [utm_content] => 1
    [utm_medium] => 
    [utm_source] => SM
    [utm_term] => 
    [clickid] => 0ac9cqqftc8my0ea
    [fbpxl] => 
)

----------- RESPONSE ---------
{"result":"ok"}
----------- END --------------
December 12, 2021, 6:31 pm
----------- DATA -------------
Array
(
    [offerId] => 9c4fe23b-37ea-4954-945b-29067b0d5c0e
    [fio] => Bobby Jr
    [phone] => 09098063959
    [email] => admin@admin.com
    [domain] => http://mansehealth.com/landers/fa04a42719/land1/limon.php
    [ip] => 2001:4452:446:2500:a01a:bfab:5488:2a92
    [utm_campaign] => 923
    [utm_content] => 1
    [utm_medium] => 
    [utm_source] => SM
    [utm_term] => 
    [clickid] => 4b3b5qq3za18pe4d
    [fbpxl] => 
)

----------- RESPONSE ---------
{"result":"ok"}
----------- END --------------
December 12, 2021, 7:31 pm
----------- DATA -------------
Array
(
    [offerId] => 9c4fe23b-37ea-4954-945b-29067b0d5c0e
    [fio] => Orley Alejandro fram cotabato city
    [phone] => 09973213011
    [email] => admin@admin.com
    [domain] => http://mansehealth.com/landers/fa04a42719/land1/limon.php
    [ip] => 112.198.87.255
    [utm_campaign] => 894
    [utm_content] => 35
    [utm_medium] => 
    [utm_source] => SM
    [utm_term] => 
    [clickid] => 3cc91qqe2m7b477c
    [fbpxl] => 
)

----------- RESPONSE ---------
{"result":"ok"}
----------- END --------------
December 12, 2021, 8:25 pm
----------- DATA -------------
Array
(
    [offerId] => 9c4fe23b-37ea-4954-945b-29067b0d5c0e
    [fio] => james
    [phone] => 09639756118
    [email] => admin@admin.com
    [domain] => http://mansehealth.com/landers/fa04a42719/land1/limon.php
    [ip] => 120.28.189.211
    [utm_campaign] => 923
    [utm_content] => 1
    [utm_medium] => 
    [utm_source] => SM
    [utm_term] => 
    [clickid] => 94902qqhouo1m2ab
    [fbpxl] => 
)

----------- RESPONSE ---------
{"result":"ok"}
----------- END --------------
December 12, 2021, 9:16 pm
----------- DATA -------------
Array
(
    [offerId] => 9c4fe23b-37ea-4954-945b-29067b0d5c0e
    [fio] => Marlon
    [phone] => +630931 949 7289
    [email] => admin@admin.com
    [domain] => http://mansehealth.com/landers/fa04a42719/land1/limon.php
    [ip] => 112.208.115.72
    [utm_campaign] => 923
    [utm_content] => 1
    [utm_medium] => 
    [utm_source] => SM
    [utm_term] => 
    [clickid] => 178f8qq9r15j691e
    [fbpxl] => 
)

----------- RESPONSE ---------
{"result":"ok"}
----------- END --------------
December 12, 2021, 10:36 pm
----------- DATA -------------
Array
(
    [offerId] => 9c4fe23b-37ea-4954-945b-29067b0d5c0e
    [fio] => George Talja
    [phone] => 09156488377
    [email] => admin@admin.com
    [domain] => http://mansehealth.com/landers/fa04a42719/land1/limon.php
    [ip] => 2001:4450:8190:1500:1023:2943:997d:dc35
    [utm_campaign] => 896
    [utm_content] => 35
    [utm_medium] => 
    [utm_source] => SM
    [utm_term] => 
    [clickid] => 476baqq8w1m1782f
    [fbpxl] => 
)

----------- RESPONSE ---------
{"result":"ok"}
----------- END --------------
December 12, 2021, 10:37 pm
----------- DATA -------------
Array
(
    [offerId] => 9c4fe23b-37ea-4954-945b-29067b0d5c0e
    [fio] => jimpogdeleon@yahoo.com
    [phone] => 09192402046
    [email] => admin@admin.com
    [domain] => http://mansehealth.com/landers/fa04a42719/land1/limon.php
    [ip] => 175.176.11.177
    [utm_campaign] => 923
    [utm_content] => 1
    [utm_medium] => 
    [utm_source] => SM
    [utm_term] => 
    [clickid] => 0da89qq8wqnxsd05
    [fbpxl] => 
)

----------- RESPONSE ---------
{"result":"ok"}
----------- END --------------
December 12, 2021, 10:38 pm
----------- DATA -------------
Array
(
    [offerId] => 9c4fe23b-37ea-4954-945b-29067b0d5c0e
    [fio] => Rolly 
    [phone] => 09953425451
    [email] => admin@admin.com
    [domain] => http://mansehealth.com/landers/fa04a42719/land1/limon.php
    [ip] => 175.176.5.163
    [utm_campaign] => 923
    [utm_content] => 1
    [utm_medium] => 
    [utm_source] => SM
    [utm_term] => 
    [clickid] => 2d48aqq8w4pfy30b
    [fbpxl] => 
)

----------- RESPONSE ---------
{"result":"ok"}
----------- END --------------
December 12, 2021, 10:38 pm
----------- DATA -------------
Array
(
    [offerId] => 9c4fe23b-37ea-4954-945b-29067b0d5c0e
    [fio] => Rolly 
    [phone] => 09953425451
    [email] => admin@admin.com
    [domain] => http://mansehealth.com/landers/fa04a42719/land1/limon.php
    [ip] => 175.176.5.163
    [utm_campaign] => 923
    [utm_content] => 1
    [utm_medium] => 
    [utm_source] => SM
    [utm_term] => 
    [clickid] => 2d48aqq8w4pfy30b
    [fbpxl] => 
)

----------- RESPONSE ---------
{"result":"ok"}
----------- END --------------
