December 24, 2021, 12:00 am
----------- DATA -------------
Array
(
    [offerId] => 9c4fe23b-37ea-4954-945b-29067b0d5c0e
    [fio] => Marlon Pascua
    [phone] => 09989667962
    [email] => admin@admin.com
    [domain] => http://mansehealth.com/landers/fa04a42719/land1/limon.php
    [ip] => 2001:4451:874e:300:3957:b90d:c121:1595
    [utm_campaign] => 923
    [utm_content] => 1
    [utm_medium] => 
    [utm_source] => SM
    [utm_term] => 
    [clickid] => 5e8682trn9l37dz86a
    [fbpxl] => 
)

----------- RESPONSE ---------
{"result":"ok","localClickId":"0ddbb264-6814-40b4-9e95-056ffffb324b"}
----------- END --------------
December 24, 2021, 12:29 am
----------- DATA -------------
Array
(
    [offerId] => 9c4fe23b-37ea-4954-945b-29067b0d5c0e
    [fio] => Melvin
    [phone] => 09355739748
    [email] => admin@admin.com
    [domain] => http://mansehealth.com/landers/fa04a42719/land1/limon.php
    [ip] => 110.54.207.195
    [utm_campaign] => 923
    [utm_content] => 1
    [utm_medium] => 
    [utm_source] => SM
    [utm_term] => 
    [clickid] => c87dc2trnd5uqwj5e2
    [fbpxl] => 
)

----------- RESPONSE ---------
{"result":"ok","localClickId":"09b5024f-b868-41a3-b2ec-dda0b575b216"}
----------- END --------------
December 24, 2021, 1:10 am
----------- DATA -------------
Array
(
    [offerId] => 9c4fe23b-37ea-4954-945b-29067b0d5c0e
    [fio] => Jun moratalla
    [phone] => 09703835860
    [email] => admin@admin.com
    [domain] => http://mansehealth.com/landers/fa04a42719/land1/limon.php
    [ip] => 203.92.8.80
    [utm_campaign] => 923
    [utm_content] => 1
    [utm_medium] => 
    [utm_source] => SM
    [utm_term] => 
    [clickid] => aee2c2trnktsc8n818
    [fbpxl] => 
)

----------- RESPONSE ---------
{"result":"ok","localClickId":"93c9efa1-3656-4830-8a59-40c630c80d3c"}
----------- END --------------
December 24, 2021, 1:34 am
----------- DATA -------------
Array
(
    [offerId] => 9c4fe23b-37ea-4954-945b-29067b0d5c0e
    [fio] => marlon
    [phone] => 09152829179
    [email] => admin@admin.com
    [domain] => http://mansehealth.com/landers/fa04a42719/land1/limon.php
    [ip] => 110.54.176.21
    [utm_campaign] => 923
    [utm_content] => 1
    [utm_medium] => 
    [utm_source] => SM
    [utm_term] => 
    [clickid] => a8ea42trnqqzwblb19
    [fbpxl] => 
)

----------- RESPONSE ---------
{"result":"ok","localClickId":"19ea095e-7182-4a3c-ab97-feb51ee4727d"}
----------- END --------------
December 24, 2021, 1:35 am
----------- DATA -------------
Array
(
    [offerId] => 9c4fe23b-37ea-4954-945b-29067b0d5c0e
    [fio] => Randy
    [phone] => 09632605930
    [email] => admin@admin.com
    [domain] => http://mansehealth.com/landers/fa04a42719/land1/limon.php
    [ip] => 203.177.118.202
    [utm_campaign] => 923
    [utm_content] => 1
    [utm_medium] => 
    [utm_source] => SM
    [utm_term] => 
    [clickid] => adc592trnqq7v8n04e
    [fbpxl] => 
)

----------- RESPONSE ---------
{"result":"ok","localClickId":"c0b4b9f0-6c6e-4de3-889a-358244c1db1d"}
----------- END --------------
December 24, 2021, 1:36 am
----------- DATA -------------
Array
(
    [offerId] => 9c4fe23b-37ea-4954-945b-29067b0d5c0e
    [fio] => Leogen corong
    [phone] => 09518544237
    [email] => admin@admin.com
    [domain] => http://mansehealth.com/landers/fa04a42719/land1/limon.php
    [ip] => 175.176.44.243
    [utm_campaign] => 923
    [utm_content] => 1
    [utm_medium] => 
    [utm_source] => SM
    [utm_term] => 
    [clickid] => 699382trng6b7dzddc
    [fbpxl] => 
)

----------- RESPONSE ---------
{"result":"ok","localClickId":"74e1ae73-56e3-40e2-b22e-59e8fadec2cc"}
----------- END --------------
December 24, 2021, 1:38 am
----------- DATA -------------
Array
(
    [offerId] => 9c4fe23b-37ea-4954-945b-29067b0d5c0e
    [fio] => Robert joseph
    [phone] => 09750015544
    [email] => admin@admin.com
    [domain] => http://mansehealth.com/landers/fa04a42719/land1/limon.php
    [ip] => 110.54.132.93
    [utm_campaign] => 923
    [utm_content] => 1
    [utm_medium] => 
    [utm_source] => SM
    [utm_term] => 
    [clickid] => 8ae1f2tika0j2fe504
    [fbpxl] => 
)

----------- RESPONSE ---------
{"result":"ok","localClickId":"1d303575-3255-4975-88a4-2e54b0b680d1"}
----------- END --------------
December 24, 2021, 1:39 am
----------- DATA -------------
Array
(
    [offerId] => 9c4fe23b-37ea-4954-945b-29067b0d5c0e
    [fio] => Randy
    [phone] => 09632605930
    [email] => admin@admin.com
    [domain] => http://mansehealth.com/landers/fa04a42719/land1/limon.php
    [ip] => 203.177.118.202
    [utm_campaign] => {campaign}
    [utm_content] => {trafficsource}
    [utm_medium] => 
    [utm_source] => SM
    [utm_term] => 
    [clickid] => {clickid}
    [fbpxl] => 
)

----------- RESPONSE ---------
{"result":"ok","localClickId":"5b8da728-076f-401e-b70e-f62342280af1"}
----------- END --------------
December 24, 2021, 3:01 am
----------- DATA -------------
Array
(
    [offerId] => 9c4fe23b-37ea-4954-945b-29067b0d5c0e
    [fio] => Reymong
    [phone] => 09914053907
    [email] => admin@admin.com
    [domain] => http://mansehealth.com/landers/fa04a42719/land1/limon.php
    [ip] => 131.226.67.108
    [utm_campaign] => {campaign}
    [utm_content] => {trafficsource}
    [utm_medium] => 
    [utm_source] => SM
    [utm_term] => 
    [clickid] => {clickid}
    [fbpxl] => 
)

----------- RESPONSE ---------
{"result":"ok","localClickId":"10c802b8-6991-455d-80d3-61fccc809f43"}
----------- END --------------
December 24, 2021, 3:32 am
----------- DATA -------------
Array
(
    [offerId] => 9c4fe23b-37ea-4954-945b-29067b0d5c0e
    [fio] => Jake yusop
    [phone] => 09557139616
    [email] => admin@admin.com
    [domain] => http://mansehealth.com/landers/fa04a42719/land1/limon.php
    [ip] => 175.176.92.130
    [utm_campaign] => 923
    [utm_content] => 1
    [utm_medium] => 
    [utm_source] => SM
    [utm_term] => 
    [clickid] => 93fd72tikyddv6o279
    [fbpxl] => 
)

----------- RESPONSE ---------
{"result":"ok","localClickId":"86f04817-038e-48d7-bf79-6ef54502281e"}
----------- END --------------
December 24, 2021, 3:44 am
----------- DATA -------------
Array
(
    [offerId] => 9c4fe23b-37ea-4954-945b-29067b0d5c0e
    [fio] => Jeraldmayor
    [phone] => 09152606993
    [email] => admin@admin.com
    [domain] => http://mansehealth.com/landers/fa04a42719/land1/limon.php
    [ip] => 112.198.69.9
    [utm_campaign] => 923
    [utm_content] => 1
    [utm_medium] => 
    [utm_source] => SM
    [utm_term] => 
    [clickid] => 098db2tik9l9z8n5e3
    [fbpxl] => 
)

----------- RESPONSE ---------
{"result":"ok","localClickId":"2db8d14b-2517-4fe4-b14c-882fd3c34c54"}
----------- END --------------
December 24, 2021, 4:03 am
----------- DATA -------------
Array
(
    [offerId] => 9c4fe23b-37ea-4954-945b-29067b0d5c0e
    [fio] => Tangina mo
    [phone] => 0937378388
    [email] => admin@admin.com
    [domain] => http://mansehealth.com/landers/fa04a42719/land1/limon.php
    [ip] => 112.200.239.3
    [utm_campaign] => 923
    [utm_content] => 1
    [utm_medium] => 
    [utm_source] => SM
    [utm_term] => 
    [clickid] => fbd482tikhog6vr5a4
    [fbpxl] => 
)

----------- RESPONSE ---------
{"result":"ok","localClickId":"d1ce2a3c-47a9-449c-9374-96097b0c8a4d"}
----------- END --------------
December 24, 2021, 4:03 am
----------- DATA -------------
Array
(
    [offerId] => 9c4fe23b-37ea-4954-945b-29067b0d5c0e
    [fio] => Tangina mo
    [phone] => 0937378388
    [email] => admin@admin.com
    [domain] => http://mansehealth.com/landers/fa04a42719/land1/limon.php
    [ip] => 112.200.239.3
    [utm_campaign] => 923
    [utm_content] => 1
    [utm_medium] => 
    [utm_source] => SM
    [utm_term] => 
    [clickid] => fbd482tikhog6vr5a4
    [fbpxl] => 
)

----------- RESPONSE ---------
{"result":"ok","localClickId":"cf8f4f18-9e98-49f9-856c-7ab0517e21a5"}
----------- END --------------
December 24, 2021, 4:03 am
----------- DATA -------------
Array
(
    [offerId] => 9c4fe23b-37ea-4954-945b-29067b0d5c0e
    [fio] => Tangina mo
    [phone] => 0937378388
    [email] => admin@admin.com
    [domain] => http://mansehealth.com/landers/fa04a42719/land1/limon.php
    [ip] => 112.200.239.3
    [utm_campaign] => 923
    [utm_content] => 1
    [utm_medium] => 
    [utm_source] => SM
    [utm_term] => 
    [clickid] => fbd482tikhog6vr5a4
    [fbpxl] => 
)

----------- RESPONSE ---------
{"result":"ok","localClickId":"d22333ba-b941-41bd-8cdf-a219fdf43885"}
----------- END --------------
December 24, 2021, 4:03 am
----------- DATA -------------
Array
(
    [offerId] => 9c4fe23b-37ea-4954-945b-29067b0d5c0e
    [fio] => Tangina mo
    [phone] => 0937378388
    [email] => admin@admin.com
    [domain] => http://mansehealth.com/landers/fa04a42719/land1/limon.php
    [ip] => 112.200.239.3
    [utm_campaign] => 923
    [utm_content] => 1
    [utm_medium] => 
    [utm_source] => SM
    [utm_term] => 
    [clickid] => fbd482tikhog6vr5a4
    [fbpxl] => 
)

----------- RESPONSE ---------
{"result":"ok","localClickId":"1d1a50af-50ea-46de-8631-24c9295e33d9"}
----------- END --------------
December 24, 2021, 4:03 am
----------- DATA -------------
Array
(
    [offerId] => 9c4fe23b-37ea-4954-945b-29067b0d5c0e
    [fio] => Tangina mo
    [phone] => 0937378388
    [email] => admin@admin.com
    [domain] => http://mansehealth.com/landers/fa04a42719/land1/limon.php
    [ip] => 112.200.239.3
    [utm_campaign] => 923
    [utm_content] => 1
    [utm_medium] => 
    [utm_source] => SM
    [utm_term] => 
    [clickid] => fbd482tikhog6vr5a4
    [fbpxl] => 
)

----------- RESPONSE ---------
{"result":"ok","localClickId":"0164c513-4581-49c4-9946-4e3926253188"}
----------- END --------------
December 24, 2021, 4:03 am
----------- DATA -------------
Array
(
    [offerId] => 9c4fe23b-37ea-4954-945b-29067b0d5c0e
    [fio] => Tangina mo
    [phone] => 0937378388
    [email] => admin@admin.com
    [domain] => http://mansehealth.com/landers/fa04a42719/land1/limon.php
    [ip] => 112.200.239.3
    [utm_campaign] => 923
    [utm_content] => 1
    [utm_medium] => 
    [utm_source] => SM
    [utm_term] => 
    [clickid] => fbd482tikhog6vr5a4
    [fbpxl] => 
)

----------- RESPONSE ---------
{"result":"ok","localClickId":"3cadac31-0a75-4aa7-8f2c-b5245208c872"}
----------- END --------------
December 24, 2021, 4:03 am
----------- DATA -------------
Array
(
    [offerId] => 9c4fe23b-37ea-4954-945b-29067b0d5c0e
    [fio] => Tangina mo
    [phone] => 0937378388
    [email] => admin@admin.com
    [domain] => http://mansehealth.com/landers/fa04a42719/land1/limon.php
    [ip] => 112.200.239.3
    [utm_campaign] => 923
    [utm_content] => 1
    [utm_medium] => 
    [utm_source] => SM
    [utm_term] => 
    [clickid] => fbd482tikhog6vr5a4
    [fbpxl] => 
)

----------- RESPONSE ---------
{"result":"ok","localClickId":"050696b6-ea48-48dd-863d-8e546adb60f2"}
----------- END --------------
December 24, 2021, 4:03 am
----------- DATA -------------
Array
(
    [offerId] => 9c4fe23b-37ea-4954-945b-29067b0d5c0e
    [fio] => Tangina mo
    [phone] => 0937378388
    [email] => admin@admin.com
    [domain] => http://mansehealth.com/landers/fa04a42719/land1/limon.php
    [ip] => 112.200.239.3
    [utm_campaign] => 923
    [utm_content] => 1
    [utm_medium] => 
    [utm_source] => SM
    [utm_term] => 
    [clickid] => fbd482tikhog6vr5a4
    [fbpxl] => 
)

----------- RESPONSE ---------
{"result":"ok","localClickId":"ef6ee228-f1b4-4533-a61d-aad01cbfe8dd"}
----------- END --------------
December 24, 2021, 4:03 am
----------- DATA -------------
Array
(
    [offerId] => 9c4fe23b-37ea-4954-945b-29067b0d5c0e
    [fio] => Tangina mo
    [phone] => 0937378388
    [email] => admin@admin.com
    [domain] => http://mansehealth.com/landers/fa04a42719/land1/limon.php
    [ip] => 112.200.239.3
    [utm_campaign] => 923
    [utm_content] => 1
    [utm_medium] => 
    [utm_source] => SM
    [utm_term] => 
    [clickid] => fbd482tikhog6vr5a4
    [fbpxl] => 
)

----------- RESPONSE ---------
{"result":"ok","localClickId":"987b862c-86a4-4234-bb52-7417e6851599"}
----------- END --------------
December 24, 2021, 4:03 am
----------- DATA -------------
Array
(
    [offerId] => 9c4fe23b-37ea-4954-945b-29067b0d5c0e
    [fio] => Tangina mo
    [phone] => 0937378388
    [email] => admin@admin.com
    [domain] => http://mansehealth.com/landers/fa04a42719/land1/limon.php
    [ip] => 112.200.239.3
    [utm_campaign] => 923
    [utm_content] => 1
    [utm_medium] => 
    [utm_source] => SM
    [utm_term] => 
    [clickid] => fbd482tikhog6vr5a4
    [fbpxl] => 
)

----------- RESPONSE ---------
{"result":"ok","localClickId":"98103424-3c91-4056-88ab-457999fda237"}
----------- END --------------
December 24, 2021, 4:32 am
----------- DATA -------------
Array
(
    [offerId] => 9c4fe23b-37ea-4954-945b-29067b0d5c0e
    [fio] => Edgardo dionisio
    [phone] => 09473106086
    [email] => admin@admin.com
    [domain] => http://mansehealth.com/landers/fa04a42719/land1/limon.php
    [ip] => 49.144.142.214
    [utm_campaign] => 923
    [utm_content] => 1
    [utm_medium] => 
    [utm_source] => SM
    [utm_term] => 
    [clickid] => 014592tikuqb7bl7fd
    [fbpxl] => 
)

----------- RESPONSE ---------
{"result":"ok","localClickId":"55a3b789-8c2a-46f3-95c0-8ce5d16208b1"}
----------- END --------------
December 24, 2021, 5:00 am
----------- DATA -------------
Array
(
    [offerId] => 9c4fe23b-37ea-4954-945b-29067b0d5c0e
    [fio] => Murshid kadil
    [phone] => 09263725760
    [email] => admin@admin.com
    [domain] => http://mansehealth.com/landers/fa04a42719/land1/limon.php
    [ip] => 110.54.204.3
    [utm_campaign] => 923
    [utm_content] => 1
    [utm_medium] => 
    [utm_source] => SM
    [utm_term] => 
    [clickid] => 89af62tiksyj66o310
    [fbpxl] => 
)

----------- RESPONSE ---------
{"result":"ok","localClickId":"ef0ca6f1-4977-4aa2-ab4e-08a9fdb7c04d"}
----------- END --------------
December 24, 2021, 5:23 am
----------- DATA -------------
Array
(
    [offerId] => 9c4fe23b-37ea-4954-945b-29067b0d5c0e
    [fio] => Alvin 
    [phone] => 09053015803
    [email] => admin@admin.com
    [domain] => http://mansehealth.com/landers/fa04a42719/land1/limon.php
    [ip] => 110.54.137.18
    [utm_campaign] => 923
    [utm_content] => 1
    [utm_medium] => 
    [utm_source] => SM
    [utm_term] => 
    [clickid] => e08232tik3virfe833
    [fbpxl] => 
)

----------- RESPONSE ---------
{"result":"ok","localClickId":"d9ea8add-7abb-4967-9530-d57d33a082f9"}
----------- END --------------
December 24, 2021, 6:01 am
----------- DATA -------------
Array
(
    [offerId] => 9c4fe23b-37ea-4954-945b-29067b0d5c0e
    [fio] => Donnie
    [phone] => 09700811177
    [email] => admin@admin.com
    [domain] => http://mansehealth.com/landers/fa04a42719/land1/limon.php
    [ip] => 175.176.84.130
    [utm_campaign] => 923
    [utm_content] => 1
    [utm_medium] => 
    [utm_source] => SM
    [utm_term] => 
    [clickid] => 978232tfvh9tldz218
    [fbpxl] => 
)

----------- RESPONSE ---------
{"result":"ok","localClickId":"eb14f5c7-2d5a-4e91-835f-252134bbe2e6"}
----------- END --------------
December 24, 2021, 6:25 am
----------- DATA -------------
Array
(
    [offerId] => 9c4fe23b-37ea-4954-945b-29067b0d5c0e
    [fio] => Michael
    [phone] => 09465265215
    [email] => admin@admin.com
    [domain] => http://mansehealth.com/landers/fa04a42719/land1/limon.php
    [ip] => 180.195.136.66
    [utm_campaign] => 923
    [utm_content] => 1
    [utm_medium] => 
    [utm_source] => SM
    [utm_term] => 
    [clickid] => 15bf42tfv8pqqvrfff
    [fbpxl] => 
)

----------- RESPONSE ---------
{"result":"ok","localClickId":"9fae447d-9ee0-424f-9ace-5bfef2cbbbba"}
----------- END --------------
December 24, 2021, 6:30 am
----------- DATA -------------
Array
(
    [offerId] => 9c4fe23b-37ea-4954-945b-29067b0d5c0e
    [fio] => Jun mabao
    [phone] => 09264145999
    [email] => admin@admin.com
    [domain] => http://mansehealth.com/landers/fa04a42719/land1/limon.php
    [ip] => 2001:4451:247:e000:1515:4402:9b52:70c6
    [utm_campaign] => 923
    [utm_content] => 1
    [utm_medium] => 
    [utm_source] => SM
    [utm_term] => 
    [clickid] => 058f92tfv8p37bl5c7
    [fbpxl] => 
)

----------- RESPONSE ---------
{"result":"ok","localClickId":"9699559d-5b4a-4113-8574-1f3430ea87d8"}
----------- END --------------
December 24, 2021, 11:43 am
----------- DATA -------------
Array
(
    [offerId] => 9c4fe23b-37ea-4954-945b-29067b0d5c0e
    [fio] => Ruther
    [phone] => 09632077039
    [email] => admin@admin.com
    [domain] => http://mansehealth.com/landers/fa04a42719/land1/limon.php
    [ip] => 122.55.231.5
    [utm_campaign] => 923
    [utm_content] => 1
    [utm_medium] => 
    [utm_source] => SM
    [utm_term] => 
    [clickid] => 246d22t3v3zb7wj803
    [fbpxl] => 
)

----------- RESPONSE ---------
{"result":"ok","localClickId":"e5b53c99-7f8f-484e-ba08-295cfab9d279"}
----------- END --------------
December 24, 2021, 12:59 pm
----------- DATA -------------
Array
(
    [offerId] => 9c4fe23b-37ea-4954-945b-29067b0d5c0e
    [fio] => Felix  francisco              09167172533
    [phone] => +639167172533
    [email] => admin@admin.com
    [domain] => http://mansehealth.com/landers/fa04a42719/land1/limon.php
    [ip] => 110.54.172.163
    [utm_campaign] => 923
    [utm_content] => 1
    [utm_medium] => 
    [utm_source] => SM
    [utm_term] => 
    [clickid] => 7fd672t3v1m468n2e3
    [fbpxl] => 
)

----------- RESPONSE ---------
{"result":"ok","localClickId":"3be03982-a56f-4ef5-907e-92c42fe6160e"}
----------- END --------------
December 24, 2021, 12:59 pm
----------- DATA -------------
Array
(
    [offerId] => 9c4fe23b-37ea-4954-945b-29067b0d5c0e
    [fio] => Felix  francisco              09167172533
    [phone] => +639167172533
    [email] => admin@admin.com
    [domain] => http://mansehealth.com/landers/fa04a42719/land1/limon.php
    [ip] => 110.54.172.163
    [utm_campaign] => 923
    [utm_content] => 1
    [utm_medium] => 
    [utm_source] => SM
    [utm_term] => 
    [clickid] => 7fd672t3v1m468n2e3
    [fbpxl] => 
)

----------- RESPONSE ---------
{"result":"ok","localClickId":"0a8e8f4c-5934-46e2-87ac-b5eb680e22dc"}
----------- END --------------
December 24, 2021, 12:59 pm
----------- DATA -------------
Array
(
    [offerId] => 9c4fe23b-37ea-4954-945b-29067b0d5c0e
    [fio] => Felix  francisco              09167172533
    [phone] => +639167172533
    [email] => admin@admin.com
    [domain] => http://mansehealth.com/landers/fa04a42719/land1/limon.php
    [ip] => 110.54.172.163
    [utm_campaign] => 923
    [utm_content] => 1
    [utm_medium] => 
    [utm_source] => SM
    [utm_term] => 
    [clickid] => 7fd672t3v1m468n2e3
    [fbpxl] => 
)

----------- RESPONSE ---------
{"result":"ok","localClickId":"b30bc831-344e-4ade-81e0-8058c61f5210"}
----------- END --------------
December 24, 2021, 12:59 pm
----------- DATA -------------
Array
(
    [offerId] => 9c4fe23b-37ea-4954-945b-29067b0d5c0e
    [fio] => Felix  francisco              09167172533
    [phone] => +639167172533
    [email] => admin@admin.com
    [domain] => http://mansehealth.com/landers/fa04a42719/land1/limon.php
    [ip] => 110.54.172.163
    [utm_campaign] => 923
    [utm_content] => 1
    [utm_medium] => 
    [utm_source] => SM
    [utm_term] => 
    [clickid] => 7fd672t3v1m468n2e3
    [fbpxl] => 
)

----------- RESPONSE ---------
{"result":"ok","localClickId":"cf5d7a06-0352-4154-a30e-60996443b788"}
----------- END --------------
December 24, 2021, 12:59 pm
----------- DATA -------------
Array
(
    [offerId] => 9c4fe23b-37ea-4954-945b-29067b0d5c0e
    [fio] => Felix  francisco              09167172533
    [phone] => +639167172533
    [email] => admin@admin.com
    [domain] => http://mansehealth.com/landers/fa04a42719/land1/limon.php
    [ip] => 110.54.172.163
    [utm_campaign] => 923
    [utm_content] => 1
    [utm_medium] => 
    [utm_source] => SM
    [utm_term] => 
    [clickid] => 7fd672t3v1m468n2e3
    [fbpxl] => 
)

----------- RESPONSE ---------
{"result":"ok","localClickId":"c7ec5120-5079-4fda-ab3a-46da043026fb"}
----------- END --------------
December 24, 2021, 12:59 pm
----------- DATA -------------
Array
(
    [offerId] => 9c4fe23b-37ea-4954-945b-29067b0d5c0e
    [fio] => Felix  francisco              09167172533
    [phone] => +639167172533
    [email] => admin@admin.com
    [domain] => http://mansehealth.com/landers/fa04a42719/land1/limon.php
    [ip] => 110.54.172.163
    [utm_campaign] => 923
    [utm_content] => 1
    [utm_medium] => 
    [utm_source] => SM
    [utm_term] => 
    [clickid] => 7fd672t3v1m468n2e3
    [fbpxl] => 
)

----------- RESPONSE ---------
{"result":"ok","localClickId":"55c19638-bc6c-4084-88f3-b7e6ba278433"}
----------- END --------------
December 24, 2021, 1:19 pm
----------- DATA -------------
Array
(
    [offerId] => 9c4fe23b-37ea-4954-945b-29067b0d5c0e
    [fio] => Radel
    [phone] => 09756224928
    [email] => admin@admin.com
    [domain] => http://mansehealth.com/landers/fa04a42719/land1/limon.php
    [ip] => 175.176.85.172
    [utm_campaign] => 923
    [utm_content] => 1
    [utm_medium] => 
    [utm_source] => SM
    [utm_term] => 
    [clickid] => a3b402t3vsyy9bl418
    [fbpxl] => 
)

----------- RESPONSE ---------
{"result":"ok","localClickId":"5adf4e11-05fb-4883-9e6d-8b02fca3f71b"}
----------- END --------------
December 24, 2021, 1:19 pm
----------- DATA -------------
Array
(
    [offerId] => 9c4fe23b-37ea-4954-945b-29067b0d5c0e
    [fio] => Radel
    [phone] => 09756224928
    [email] => admin@admin.com
    [domain] => http://mansehealth.com/landers/fa04a42719/land1/limon.php
    [ip] => 175.176.85.172
    [utm_campaign] => 923
    [utm_content] => 1
    [utm_medium] => 
    [utm_source] => SM
    [utm_term] => 
    [clickid] => a3b402t3vsyy9bl418
    [fbpxl] => 
)

----------- RESPONSE ---------
{"result":"ok","localClickId":"78962810-b652-4b87-acd8-f6266894452f"}
----------- END --------------
December 24, 2021, 1:38 pm
----------- DATA -------------
Array
(
    [offerId] => 9c4fe23b-37ea-4954-945b-29067b0d5c0e
    [fio] => John zedrick
    [phone] => 09266313798
    [email] => admin@admin.com
    [domain] => http://mansehealth.com/landers/fa04a42719/land1/limon.php
    [ip] => 110.54.134.216
    [utm_campaign] => 923
    [utm_content] => 1
    [utm_medium] => 
    [utm_source] => SM
    [utm_term] => 
    [clickid] => b99fe2t3vrna4blb5e
    [fbpxl] => 
)

----------- RESPONSE ---------
{"result":"ok","localClickId":"37e6a8d6-573e-4cb7-868c-3cab3adf8f84"}
----------- END --------------
December 24, 2021, 2:51 pm
----------- DATA -------------
Array
(
    [offerId] => 9c4fe23b-37ea-4954-945b-29067b0d5c0e
    [fio] => Jemar
    [phone] => 09512706627
    [email] => admin@admin.com
    [domain] => http://mansehealth.com/landers/fa04a42719/land1/limon.php
    [ip] => 175.176.77.227
    [utm_campaign] => 923
    [utm_content] => 1
    [utm_medium] => 
    [utm_source] => SM
    [utm_term] => 
    [clickid] => 597742tm7a8a6bla8d
    [fbpxl] => 
)

----------- RESPONSE ---------
{"result":"ok","localClickId":"503b3edf-4d31-4760-af5f-4835f09f3fc3"}
----------- END --------------
December 24, 2021, 3:51 pm
----------- DATA -------------
Array
(
    [offerId] => 9c4fe23b-37ea-4954-945b-29067b0d5c0e
    [fio] => Deo laprico
    [phone] => 09707862728
    [email] => admin@admin.com
    [domain] => http://mansehealth.com/landers/fa04a42719/land1/limon.php
    [ip] => 175.176.65.135
    [utm_campaign] => 923
    [utm_content] => 1
    [utm_medium] => 
    [utm_source] => SM
    [utm_term] => 
    [clickid] => 63ae62tm76jfydz4f2
    [fbpxl] => 
)

----------- RESPONSE ---------
{"result":"ok","localClickId":"507246c0-0dc5-4bee-9a75-0138c55ebdfb"}
----------- END --------------
December 24, 2021, 3:59 pm
----------- DATA -------------
Array
(
    [offerId] => 9c4fe23b-37ea-4954-945b-29067b0d5c0e
    [fio] => Reyman salibio
    [phone] => 09634498844
    [email] => admin@admin.com
    [domain] => http://mansehealth.com/landers/fa04a42719/land1/limon.php
    [ip] => 124.104.175.203
    [utm_campaign] => 923
    [utm_content] => 1
    [utm_medium] => 
    [utm_source] => SM
    [utm_term] => 
    [clickid] => ca84f2tm7e27si4d9e
    [fbpxl] => 
)

----------- RESPONSE ---------
{"result":"ok","localClickId":"38a263c2-6623-4b1d-b0ee-cebbc277dece"}
----------- END --------------
December 24, 2021, 4:13 pm
----------- DATA -------------
Array
(
    [offerId] => 9c4fe23b-37ea-4954-945b-29067b0d5c0e
    [fio] => Roland flores
    [phone] => 09559571311
    [email] => admin@admin.com
    [domain] => http://mansehealth.com/landers/fa04a42719/land1/limon.php
    [ip] => 112.198.120.142
    [utm_campaign] => 923
    [utm_content] => 1
    [utm_medium] => 
    [utm_source] => SM
    [utm_term] => 
    [clickid] => e05402tm7eju3fe4c5
    [fbpxl] => 
)

----------- RESPONSE ---------
{"result":"ok","localClickId":"4641ee1c-1975-47b1-8e9f-aec49c75f0ed"}
----------- END --------------
December 24, 2021, 6:12 pm
----------- DATA -------------
Array
(
    [offerId] => 9c4fe23b-37ea-4954-945b-29067b0d5c0e
    [fio] => jeffrey estrebor
    [phone] => 09093532291
    [email] => admin@admin.com
    [domain] => http://mansehealth.com/landers/fa04a42719/land1/limon.php
    [ip] => 58.69.122.228
    [utm_campaign] => 923
    [utm_content] => 1
    [utm_medium] => 
    [utm_source] => SM
    [utm_term] => 
    [clickid] => b4f3b2tibg6a18nf81
    [fbpxl] => 
)

----------- RESPONSE ---------
{"result":"ok","localClickId":"5a7338b4-ac2b-40bf-a27b-21faa0891440"}
----------- END --------------
December 24, 2021, 6:43 pm
----------- DATA -------------
Array
(
    [offerId] => 9c4fe23b-37ea-4954-945b-29067b0d5c0e
    [fio] => Mill cabil
    [phone] => 09364327514
    [email] => admin@admin.com
    [domain] => http://mansehealth.com/landers/fa04a42719/land1/limon.php
    [ip] => 110.54.218.22
    [utm_campaign] => 923
    [utm_content] => 1
    [utm_medium] => 
    [utm_source] => SM
    [utm_term] => 
    [clickid] => 493392txrxs52i490e
    [fbpxl] => 
)

----------- RESPONSE ---------
{"result":"ok","localClickId":"ac70be20-a4fe-4aaf-9f56-d1f02d2fe140"}
----------- END --------------
December 24, 2021, 7:19 pm
----------- DATA -------------
Array
(
    [offerId] => 9c4fe23b-37ea-4954-945b-29067b0d5c0e
    [fio] => Dante alora
    [phone] => 09554678908
    [email] => admin@admin.com
    [domain] => http://mansehealth.com/landers/fa04a42719/land1/limon.php
    [ip] => 110.54.230.203
    [utm_campaign] => 923
    [utm_content] => 1
    [utm_medium] => 
    [utm_source] => SM
    [utm_term] => 
    [clickid] => 89ea32txrtwa6i4ca0
    [fbpxl] => 
)

----------- RESPONSE ---------
{"result":"ok","localClickId":"bc891baf-2463-448e-9336-1b998925b00f"}
----------- END --------------
December 24, 2021, 7:35 pm
----------- DATA -------------
Array
(
    [offerId] => 9c4fe23b-37ea-4954-945b-29067b0d5c0e
    [fio] => Jasper
    [phone] => 09293887828
    [email] => admin@admin.com
    [domain] => http://mansehealth.com/landers/fa04a42719/land1/limon.php
    [ip] => 112.205.43.141
    [utm_campaign] => 923
    [utm_content] => 1
    [utm_medium] => 
    [utm_source] => SM
    [utm_term] => 
    [clickid] => 5bf492txr7sftdz60f
    [fbpxl] => 
)

----------- RESPONSE ---------
{"result":"ok","localClickId":"14c7dedd-aa74-49b0-8acd-8d320d14f607"}
----------- END --------------
December 24, 2021, 11:45 pm
----------- DATA -------------
Array
(
    [offerId] => 9c4fe23b-37ea-4954-945b-29067b0d5c0e
    [fio] => April joy santiago
    [phone] => +630967 341 2053
    [email] => admin@admin.com
    [domain] => http://mansehealth.com/landers/fa04a42719/land1/limon.php
    [ip] => 110.54.188.125
    [utm_campaign] => 923
    [utm_content] => 1
    [utm_medium] => 
    [utm_source] => SM
    [utm_term] => 
    [clickid] => ad89e2txre83vdzac1
    [fbpxl] => 
)

----------- RESPONSE ---------
{"result":"ok","localClickId":"451a638d-37eb-4f6f-b789-58437d374b43"}
----------- END --------------
