December 31, 2021, 12:50 am
----------- DATA -------------
Array
(
    [offerId] => 9c4fe23b-37ea-4954-945b-29067b0d5c0e
    [fio] => Buhary
    [phone] => 09271152908
    [email] => admin@admin.com
    [domain] => http://mansehealth.com/landers/fa04a42719/land1/limon.php
    [ip] => 110.54.206.190
    [utm_campaign] => 923
    [utm_content] => 1
    [utm_medium] => 
    [utm_source] => SM
    [utm_term] => 
    [clickid] => 83e28gxhehqa3fec78
    [fbpxl] => 
)

----------- RESPONSE ---------
{"result":"ok","localClickId":"cb69cb48-b6fc-442e-9f23-f7bddbdee8c8"}
----------- END --------------
December 31, 2021, 1:02 am
----------- DATA -------------
Array
(
    [offerId] => 9c4fe23b-37ea-4954-945b-29067b0d5c0e
    [fio] => Junil ochotorena
    [phone] => 09129034656
    [email] => admin@admin.com
    [domain] => http://mansehealth.com/landers/fa04a42719/land1/limon.php
    [ip] => 110.54.204.107
    [utm_campaign] => 923
    [utm_content] => 1
    [utm_medium] => 
    [utm_source] => SM
    [utm_term] => 
    [clickid] => c8d94gxhe1mibvr13d
    [fbpxl] => 
)

----------- RESPONSE ---------
{"result":"ok","localClickId":"e0648e76-fba3-4f19-9b28-2b678b186598"}
----------- END --------------
December 31, 2021, 1:19 am
----------- DATA -------------
Array
(
    [offerId] => 9c4fe23b-37ea-4954-945b-29067b0d5c0e
    [fio] => Garry Coronado
    [phone] => 09639316516
    [email] => admin@admin.com
    [domain] => http://mansehealth.com/landers/fa04a42719/land1/limon.php
    [ip] => 175.176.95.25
    [utm_campaign] => 923
    [utm_content] => 1
    [utm_medium] => 
    [utm_source] => SM
    [utm_term] => 
    [clickid] => 045eegxhec83zwjdf1
    [fbpxl] => 
)

----------- RESPONSE ---------
{"result":"ok","localClickId":"37649c82-1850-484b-a5ba-5bb1c571a1d5"}
----------- END --------------
December 31, 2021, 1:57 am
----------- DATA -------------
Array
(
    [offerId] => 9c4fe23b-37ea-4954-945b-29067b0d5c0e
    [fio] => fhadz
    [phone] => 0963247079
    [email] => admin@admin.com
    [domain] => http://mansehealth.com/landers/fa04a42719/land1/limon.php
    [ip] => 115.147.16.81
    [utm_campaign] => 923
    [utm_content] => 1
    [utm_medium] => 
    [utm_source] => SM
    [utm_term] => 
    [clickid] => 0a8cbgxhefvvcwjfca
    [fbpxl] => 
)

----------- RESPONSE ---------
{"result":"ok","localClickId":"97897752-07d6-486a-ba0a-51255fd0d01d"}
----------- END --------------
December 31, 2021, 1:57 am
----------- DATA -------------
Array
(
    [offerId] => 9c4fe23b-37ea-4954-945b-29067b0d5c0e
    [fio] => fhadz
    [phone] => 0963247079
    [email] => admin@admin.com
    [domain] => http://mansehealth.com/landers/fa04a42719/land1/limon.php
    [ip] => 115.147.16.81
    [utm_campaign] => 923
    [utm_content] => 1
    [utm_medium] => 
    [utm_source] => SM
    [utm_term] => 
    [clickid] => 0a8cbgxhefvvcwjfca
    [fbpxl] => 
)

----------- RESPONSE ---------
{"result":"ok","localClickId":"6b93245f-ccca-4e5e-877e-0aaf656e125e"}
----------- END --------------
December 31, 2021, 2:17 am
----------- DATA -------------
Array
(
    [offerId] => 9c4fe23b-37ea-4954-945b-29067b0d5c0e
    [fio] => Lance
    [phone] => 09500475245
    [email] => admin@admin.com
    [domain] => http://mansehealth.com/landers/fa04a42719/land1/limon.php
    [ip] => 2001:4450:4607:2a00:8d0e:35bd:133a:e4e4
    [utm_campaign] => 923
    [utm_content] => 1
    [utm_medium] => 
    [utm_source] => SM
    [utm_term] => 
    [clickid] => bed79gxheibtw0187
    [fbpxl] => 
)

----------- RESPONSE ---------
{"result":"ok","localClickId":"d90f063f-f614-44ce-8718-e339d3a5ca71"}
----------- END --------------
December 31, 2021, 3:01 am
----------- DATA -------------
Array
(
    [offerId] => 9c4fe23b-37ea-4954-945b-29067b0d5c0e
    [fio] => mark
    [phone] => 0948888
    [email] => admin@admin.com
    [domain] => http://mansehealth.com/landers/fa04a42719/land1/limon.php
    [ip] => 120.29.72.75
    [utm_campaign] => 923
    [utm_content] => 1
    [utm_medium] => 
    [utm_source] => SM
    [utm_term] => 
    [clickid] => 1e5a1gxhe15my8n10d
    [fbpxl] => 
)

----------- RESPONSE ---------
{"result":"ok","localClickId":"c3d6554a-d76f-4549-bd8a-3c1007a2c0b4"}
----------- END --------------
December 31, 2021, 3:53 am
----------- DATA -------------
Array
(
    [offerId] => 9c4fe23b-37ea-4954-945b-29067b0d5c0e
    [fio] => Justin
    [phone] => 0998100984
    [email] => admin@admin.com
    [domain] => http://mansehealth.com/landers/fa04a42719/land1/limon.php
    [ip] => 202.137.126.6
    [utm_campaign] => 923
    [utm_content] => 1
    [utm_medium] => 
    [utm_source] => SM
    [utm_term] => 
    [clickid] => 352c1gxoja01zbla75
    [fbpxl] => 
)

----------- RESPONSE ---------
{"result":"ok","localClickId":"142aa8bd-ef06-4b55-9893-5b1124c1c267"}
----------- END --------------
December 31, 2021, 4:20 am
----------- DATA -------------
Array
(
    [offerId] => 9c4fe23b-37ea-4954-945b-29067b0d5c0e
    [fio] => 1990
    [phone] => No
    [email] => admin@admin.com
    [domain] => http://mansehealth.com/landers/fa04a42719/land1/limon.php
    [ip] => 110.54.150.16
    [utm_campaign] => 923
    [utm_content] => 1
    [utm_medium] => 
    [utm_source] => SM
    [utm_term] => 
    [clickid] => 4218egxoja47sfe86d
    [fbpxl] => 
)

----------- RESPONSE ---------
{"result":"ok","localClickId":"aaa3ca02-45f1-406f-b077-8e8e16ef8a46"}
----------- END --------------
December 31, 2021, 4:29 am
----------- DATA -------------
Array
(
    [offerId] => 9c4fe23b-37ea-4954-945b-29067b0d5c0e
    [fio] => James
    [phone] => 09319097462
    [email] => admin@admin.com
    [domain] => http://mansehealth.com/landers/fa04a42719/land1/limon.php
    [ip] => 110.54.176.142
    [utm_campaign] => 923
    [utm_content] => 1
    [utm_medium] => 
    [utm_source] => SM
    [utm_term] => 
    [clickid] => 15cf6gxoja4zwwj3c9
    [fbpxl] => 
)

----------- RESPONSE ---------
{"result":"ok","localClickId":"8c1b1337-f181-4cad-9149-698fb7b8c1c2"}
----------- END --------------
December 31, 2021, 5:44 am
----------- DATA -------------
Array
(
    [offerId] => 9c4fe23b-37ea-4954-945b-29067b0d5c0e
    [fio] => Rashid Omar 
    [phone] => 09365111321
    [email] => admin@admin.com
    [domain] => http://mansehealth.com/landers/fa04a42719/land1/limon.php
    [ip] => 110.54.224.185
    [utm_campaign] => 923
    [utm_content] => 1
    [utm_medium] => 
    [utm_source] => SM
    [utm_term] => 
    [clickid] => c4b92gxojpmd50ea2
    [fbpxl] => 
)

----------- RESPONSE ---------
{"result":"ok","localClickId":"581a6161-3006-4e53-909d-60857739fb44"}
----------- END --------------
December 31, 2021, 6:25 am
----------- DATA -------------
Array
(
    [offerId] => 9c4fe23b-37ea-4954-945b-29067b0d5c0e
    [fio] => John Michael misa
    [phone] => 09059727842
    [email] => admin@admin.com
    [domain] => http://mansehealth.com/landers/fa04a42719/land1/limon.php
    [ip] => 110.54.217.141
    [utm_campaign] => 923
    [utm_content] => 1
    [utm_medium] => 
    [utm_source] => SM
    [utm_term] => 
    [clickid] => b703fgxojojqe3y72c
    [fbpxl] => 
)

----------- RESPONSE ---------
{"result":"ok","localClickId":"b316e57b-fd1a-49f9-8f98-572e13f45967"}
----------- END --------------
December 31, 2021, 6:29 am
----------- DATA -------------
Array
(
    [offerId] => 9c4fe23b-37ea-4954-945b-29067b0d5c0e
    [fio] => Ramel 
    [phone] => 09515575231
    [email] => admin@admin.com
    [domain] => http://mansehealth.com/landers/fa04a42719/land1/limon.php
    [ip] => 49.148.150.22
    [utm_campaign] => 923
    [utm_content] => 1
    [utm_medium] => 
    [utm_source] => SM
    [utm_term] => 
    [clickid] => a19e3gxojojej07ce
    [fbpxl] => 
)

----------- RESPONSE ---------
{"result":"ok","localClickId":"cdaec843-b4a4-4278-b7b7-ad73fd10b682"}
----------- END --------------
December 31, 2021, 6:39 am
----------- DATA -------------
Array
(
    [offerId] => 9c4fe23b-37ea-4954-945b-29067b0d5c0e
    [fio] => Alexander M Tumod
    [phone] => 09165385285
    [email] => admin@admin.com
    [domain] => http://mansehealth.com/landers/fa04a42719/land1/limon.php
    [ip] => 110.54.184.152
    [utm_campaign] => 923
    [utm_content] => 1
    [utm_medium] => 
    [utm_source] => SM
    [utm_term] => 
    [clickid] => f4c26gxoj52oj6ob47
    [fbpxl] => 
)

----------- RESPONSE ---------
{"result":"ok","localClickId":"4a5bb0ee-d2c9-4c81-912d-1a14f8f243ee"}
----------- END --------------
December 31, 2021, 6:39 am
----------- DATA -------------
Array
(
    [offerId] => 9c4fe23b-37ea-4954-945b-29067b0d5c0e
    [fio] => Alexander M Tumod
    [phone] => 09165385285
    [email] => admin@admin.com
    [domain] => http://mansehealth.com/landers/fa04a42719/land1/limon.php
    [ip] => 110.54.184.152
    [utm_campaign] => 923
    [utm_content] => 1
    [utm_medium] => 
    [utm_source] => SM
    [utm_term] => 
    [clickid] => f4c26gxoj52oj6ob47
    [fbpxl] => 
)

----------- RESPONSE ---------
{"result":"ok","localClickId":"a4aa7dd5-f064-4357-82eb-6456b314a5c8"}
----------- END --------------
December 31, 2021, 6:39 am
----------- DATA -------------
Array
(
    [offerId] => 9c4fe23b-37ea-4954-945b-29067b0d5c0e
    [fio] => Alexander M Tumod
    [phone] => 09165385285
    [email] => admin@admin.com
    [domain] => http://mansehealth.com/landers/fa04a42719/land1/limon.php
    [ip] => 110.54.184.152
    [utm_campaign] => 923
    [utm_content] => 1
    [utm_medium] => 
    [utm_source] => SM
    [utm_term] => 
    [clickid] => f4c26gxoj52oj6ob47
    [fbpxl] => 
)

----------- RESPONSE ---------
{"result":"ok","localClickId":"fb58feb3-1165-4a64-942b-d2e7bb58fa12"}
----------- END --------------
December 31, 2021, 6:47 am
----------- DATA -------------
Array
(
    [offerId] => 9c4fe23b-37ea-4954-945b-29067b0d5c0e
    [fio] => Renz kevin
    [phone] => 09380571041
    [email] => admin@admin.com
    [domain] => http://mansehealth.com/landers/fa04a42719/land1/limon.php
    [ip] => 49.145.40.16
    [utm_campaign] => 923
    [utm_content] => 1
    [utm_medium] => 
    [utm_source] => SM
    [utm_term] => 
    [clickid] => c239egxojgmh9bld16
    [fbpxl] => 
)

----------- RESPONSE ---------
{"result":"ok","localClickId":"7fe809d1-76c3-4936-884b-bf0cf609bc32"}
----------- END --------------
December 31, 2021, 8:45 am
----------- DATA -------------
Array
(
    [offerId] => 9c4fe23b-37ea-4954-945b-29067b0d5c0e
    [fio] => Ronnie manuel
    [phone] => 09364872717
    [email] => admin@admin.com
    [domain] => http://mansehealth.com/landers/fa04a42719/land1/limon.php
    [ip] => 110.54.217.167
    [utm_campaign] => 923
    [utm_content] => 1
    [utm_medium] => 
    [utm_source] => SM
    [utm_term] => 
    [clickid] => b3b60gxojg54kblf22
    [fbpxl] => 
)

----------- RESPONSE ---------
{"result":"ok","localClickId":"0b9b089c-5c12-43b5-b1e1-af07e3855ff1"}
----------- END --------------
December 31, 2021, 12:47 pm
----------- DATA -------------
Array
(
    [offerId] => 9c4fe23b-37ea-4954-945b-29067b0d5c0e
    [fio] => michael camaya
    [phone] => 09087896179
    [email] => admin@admin.com
    [domain] => http://mansehealth.com/landers/fa04a42719/land1/limon.php
    [ip] => 49.149.128.211
    [utm_campaign] => 923
    [utm_content] => 1
    [utm_medium] => 
    [utm_source] => SM
    [utm_term] => 
    [clickid] => 23320gx16a517dz817
    [fbpxl] => 
)

----------- RESPONSE ---------
{"result":"ok","localClickId":"9587ccef-3a75-481b-9551-f9c291e7c92c"}
----------- END --------------
December 31, 2021, 12:47 pm
----------- DATA -------------
Array
(
    [offerId] => 9c4fe23b-37ea-4954-945b-29067b0d5c0e
    [fio] => michael camaya
    [phone] => 09087896179
    [email] => admin@admin.com
    [domain] => http://mansehealth.com/landers/fa04a42719/land1/limon.php
    [ip] => 49.149.128.211
    [utm_campaign] => 923
    [utm_content] => 1
    [utm_medium] => 
    [utm_source] => SM
    [utm_term] => 
    [clickid] => 23320gx16a517dz817
    [fbpxl] => 
)

----------- RESPONSE ---------
{"result":"ok","localClickId":"bfdeb16d-6dd8-4448-b18c-80d36980dbd5"}
----------- END --------------
December 31, 2021, 2:52 pm
----------- DATA -------------
Array
(
    [offerId] => 9c4fe23b-37ea-4954-945b-29067b0d5c0e
    [fio] => Bong Argoncillo
    [phone] => 09105658765
    [email] => admin@admin.com
    [domain] => http://mansehealth.com/landers/fa04a42719/land1/limon.php
    [ip] => 122.3.23.114
    [utm_campaign] => 923
    [utm_content] => 1
    [utm_medium] => 
    [utm_source] => SM
    [utm_term] => 
    [clickid] => 8ad41gx16qea2dzd77
    [fbpxl] => 
)

----------- RESPONSE ---------
{"result":"ok","localClickId":"bc4cdac0-3b78-4be3-9a5d-318d164ffda3"}
----------- END --------------
December 31, 2021, 4:07 pm
----------- DATA -------------
Array
(
    [offerId] => 9c4fe23b-37ea-4954-945b-29067b0d5c0e
    [fio] => Bruce Simon ruayana
    [phone] => 09532538428
    [email] => admin@admin.com
    [domain] => http://mansehealth.com/landers/fa04a42719/land1/limon.php
    [ip] => 14.102.169.30
    [utm_campaign] => 923
    [utm_content] => 1
    [utm_medium] => 
    [utm_source] => SM
    [utm_term] => 
    [clickid] => af051gx16d5uq0148
    [fbpxl] => 
)

----------- RESPONSE ---------
{"result":"ok","localClickId":"01fa0c8d-c8f3-4f4d-af03-e439f55d0453"}
----------- END --------------
December 31, 2021, 6:41 pm
----------- DATA -------------
Array
(
    [offerId] => 9c4fe23b-37ea-4954-945b-29067b0d5c0e
    [fio] => Joe
    [phone] => 09356719925
    [email] => admin@admin.com
    [domain] => http://mansehealth.com/landers/fa04a42719/land1/limon.php
    [ip] => 2001:4452:36c:b300:602b:d9f2:886a:fc63
    [utm_campaign] => {campaign}
    [utm_content] => {trafficsource}
    [utm_medium] => 
    [utm_source] => SM
    [utm_term] => 
    [clickid] => {clickid}
    [fbpxl] => 
)

----------- RESPONSE ---------
{"result":"ok","localClickId":"cd904cf3-4f59-41b6-8f0e-f79dfc6884af"}
----------- END --------------
December 31, 2021, 6:42 pm
----------- DATA -------------
Array
(
    [offerId] => 9c4fe23b-37ea-4954-945b-29067b0d5c0e
    [fio] => Adzmar
    [phone] => 09354336678
    [email] => admin@admin.com
    [domain] => http://mansehealth.com/landers/fa04a42719/land1/limon.php
    [ip] => 110.54.204.4
    [utm_campaign] => 923
    [utm_content] => 1
    [utm_medium] => 
    [utm_source] => SM
    [utm_term] => 
    [clickid] => 9be03gxcik2a806cb
    [fbpxl] => 
)

----------- RESPONSE ---------
{"result":"ok","localClickId":"f8db41e6-8288-4b94-ac26-9c6b0681f9fa"}
----------- END --------------
December 31, 2021, 6:44 pm
----------- DATA -------------
Array
(
    [offerId] => 9c4fe23b-37ea-4954-945b-29067b0d5c0e
    [fio] => Adzmar
    [phone] => 09354336678
    [email] => admin@admin.com
    [domain] => http://mansehealth.com/landers/fa04a42719/land1/limon.php
    [ip] => 110.54.204.4
    [utm_campaign] => {campaign}
    [utm_content] => {trafficsource}
    [utm_medium] => 
    [utm_source] => SM
    [utm_term] => 
    [clickid] => {clickid}
    [fbpxl] => 
)

----------- RESPONSE ---------
{"result":"ok","localClickId":"525fcecb-2a75-4689-ac30-67bca5e4d12d"}
----------- END --------------
December 31, 2021, 6:44 pm
----------- DATA -------------
Array
(
    [offerId] => 9c4fe23b-37ea-4954-945b-29067b0d5c0e
    [fio] => Adzmar
    [phone] => 09354336678
    [email] => admin@admin.com
    [domain] => http://mansehealth.com/landers/fa04a42719/land1/limon.php
    [ip] => 110.54.204.4
    [utm_campaign] => {campaign}
    [utm_content] => {trafficsource}
    [utm_medium] => 
    [utm_source] => SM
    [utm_term] => 
    [clickid] => {clickid}
    [fbpxl] => 
)

----------- RESPONSE ---------
{"result":"ok","localClickId":"c1e0d307-e9c9-4343-9240-8a5c6f93b3cb"}
----------- END --------------
December 31, 2021, 6:44 pm
----------- DATA -------------
Array
(
    [offerId] => 9c4fe23b-37ea-4954-945b-29067b0d5c0e
    [fio] => Adzmar
    [phone] => 09354336678
    [email] => admin@admin.com
    [domain] => http://mansehealth.com/landers/fa04a42719/land1/limon.php
    [ip] => 110.54.204.4
    [utm_campaign] => {campaign}
    [utm_content] => {trafficsource}
    [utm_medium] => 
    [utm_source] => SM
    [utm_term] => 
    [clickid] => {clickid}
    [fbpxl] => 
)

----------- RESPONSE ---------
{"result":"ok","localClickId":"9ff54c0a-2b9f-4fcf-b3f2-40785294d8db"}
----------- END --------------
December 31, 2021, 6:44 pm
----------- DATA -------------
Array
(
    [offerId] => 9c4fe23b-37ea-4954-945b-29067b0d5c0e
    [fio] => Adzmar
    [phone] => 09354336678
    [email] => admin@admin.com
    [domain] => http://mansehealth.com/landers/fa04a42719/land1/limon.php
    [ip] => 110.54.204.4
    [utm_campaign] => {campaign}
    [utm_content] => {trafficsource}
    [utm_medium] => 
    [utm_source] => SM
    [utm_term] => 
    [clickid] => {clickid}
    [fbpxl] => 
)

----------- RESPONSE ---------
{"result":"ok","localClickId":"dd61400a-1093-40ee-ae4a-c5daecc0e58f"}
----------- END --------------
December 31, 2021, 6:44 pm
----------- DATA -------------
Array
(
    [offerId] => 9c4fe23b-37ea-4954-945b-29067b0d5c0e
    [fio] => Adzmar
    [phone] => 09354336678
    [email] => admin@admin.com
    [domain] => http://mansehealth.com/landers/fa04a42719/land1/limon.php
    [ip] => 110.54.204.4
    [utm_campaign] => {campaign}
    [utm_content] => {trafficsource}
    [utm_medium] => 
    [utm_source] => SM
    [utm_term] => 
    [clickid] => {clickid}
    [fbpxl] => 
)

----------- RESPONSE ---------
{"result":"ok","localClickId":"a0cadfb2-bb36-4a38-a4fa-647413900b3e"}
----------- END --------------
December 31, 2021, 6:44 pm
----------- DATA -------------
Array
(
    [offerId] => 9c4fe23b-37ea-4954-945b-29067b0d5c0e
    [fio] => Adzmar
    [phone] => 09354336678
    [email] => admin@admin.com
    [domain] => http://mansehealth.com/landers/fa04a42719/land1/limon.php
    [ip] => 110.54.204.4
    [utm_campaign] => {campaign}
    [utm_content] => {trafficsource}
    [utm_medium] => 
    [utm_source] => SM
    [utm_term] => 
    [clickid] => {clickid}
    [fbpxl] => 
)

----------- RESPONSE ---------
{"result":"ok","localClickId":"7e27be29-5d79-4f54-94ca-1a38113aa5f2"}
----------- END --------------
December 31, 2021, 6:44 pm
----------- DATA -------------
Array
(
    [offerId] => 9c4fe23b-37ea-4954-945b-29067b0d5c0e
    [fio] => Adzmar
    [phone] => 09354336678
    [email] => admin@admin.com
    [domain] => http://mansehealth.com/landers/fa04a42719/land1/limon.php
    [ip] => 110.54.204.4
    [utm_campaign] => {campaign}
    [utm_content] => {trafficsource}
    [utm_medium] => 
    [utm_source] => SM
    [utm_term] => 
    [clickid] => {clickid}
    [fbpxl] => 
)

----------- RESPONSE ---------
{"result":"ok","localClickId":"a0a90ecf-f5c6-4963-b336-21f9727deeb6"}
----------- END --------------
December 31, 2021, 6:44 pm
----------- DATA -------------
Array
(
    [offerId] => 9c4fe23b-37ea-4954-945b-29067b0d5c0e
    [fio] => Adzmar
    [phone] => 09354336678
    [email] => admin@admin.com
    [domain] => http://mansehealth.com/landers/fa04a42719/land1/limon.php
    [ip] => 110.54.204.4
    [utm_campaign] => {campaign}
    [utm_content] => {trafficsource}
    [utm_medium] => 
    [utm_source] => SM
    [utm_term] => 
    [clickid] => {clickid}
    [fbpxl] => 
)

----------- RESPONSE ---------
{"result":"ok","localClickId":"c0fd62c8-d731-458b-94d5-979e55cd531f"}
----------- END --------------
December 31, 2021, 6:44 pm
----------- DATA -------------
Array
(
    [offerId] => 9c4fe23b-37ea-4954-945b-29067b0d5c0e
    [fio] => Adzmar
    [phone] => 09354336678
    [email] => admin@admin.com
    [domain] => http://mansehealth.com/landers/fa04a42719/land1/limon.php
    [ip] => 110.54.204.4
    [utm_campaign] => {campaign}
    [utm_content] => {trafficsource}
    [utm_medium] => 
    [utm_source] => SM
    [utm_term] => 
    [clickid] => {clickid}
    [fbpxl] => 
)

----------- RESPONSE ---------
{"result":"ok","localClickId":"47a60b0e-7c53-4e0d-beff-fda837449094"}
----------- END --------------
December 31, 2021, 6:44 pm
----------- DATA -------------
Array
(
    [offerId] => 9c4fe23b-37ea-4954-945b-29067b0d5c0e
    [fio] => Adzmar
    [phone] => 09354336678
    [email] => admin@admin.com
    [domain] => http://mansehealth.com/landers/fa04a42719/land1/limon.php
    [ip] => 110.54.204.4
    [utm_campaign] => {campaign}
    [utm_content] => {trafficsource}
    [utm_medium] => 
    [utm_source] => SM
    [utm_term] => 
    [clickid] => {clickid}
    [fbpxl] => 
)

----------- RESPONSE ---------
{"result":"ok","localClickId":"7068d637-5b48-473e-bc47-0614b592105b"}
----------- END --------------
December 31, 2021, 6:52 pm
----------- DATA -------------
Array
(
    [offerId] => 9c4fe23b-37ea-4954-945b-29067b0d5c0e
    [fio] => Danny boy arcillas
    [phone] => 09666315512
    [email] => admin@admin.com
    [domain] => http://mansehealth.com/landers/fa04a42719/land1/limon.php
    [ip] => 110.54.185.169
    [utm_campaign] => 923
    [utm_content] => 1
    [utm_medium] => 
    [utm_source] => SM
    [utm_term] => 
    [clickid] => c21ddgxciqe156od99
    [fbpxl] => 
)

----------- RESPONSE ---------
{"result":"ok","localClickId":"42601737-545e-489a-9afa-87fa7fb47545"}
----------- END --------------
December 31, 2021, 6:56 pm
----------- DATA -------------
Array
(
    [offerId] => 9c4fe23b-37ea-4954-945b-29067b0d5c0e
    [fio] => Marjun
    [phone] => 09531796919
    [email] => admin@admin.com
    [domain] => http://mansehealth.com/landers/fa04a42719/land1/limon.php
    [ip] => 180.190.49.171
    [utm_campaign] => 923
    [utm_content] => 1
    [utm_medium] => 
    [utm_source] => SM
    [utm_term] => 
    [clickid] => 78b63gxci9la8dz070
    [fbpxl] => 
)

----------- RESPONSE ---------
{"result":"ok","localClickId":"601062a3-d331-4952-9189-bd9c532a356c"}
----------- END --------------
December 31, 2021, 6:57 pm
----------- DATA -------------
Array
(
    [offerId] => 9c4fe23b-37ea-4954-945b-29067b0d5c0e
    [fio] => Marjun
    [phone] => 09531796919
    [email] => admin@admin.com
    [domain] => http://mansehealth.com/landers/fa04a42719/land1/limon.php
    [ip] => 180.190.49.171
    [utm_campaign] => {campaign}
    [utm_content] => {trafficsource}
    [utm_medium] => 
    [utm_source] => SM
    [utm_term] => 
    [clickid] => {clickid}
    [fbpxl] => 
)

----------- RESPONSE ---------
{"result":"ok","localClickId":"e1c1bafd-2455-4688-83da-8467abc3c16a"}
----------- END --------------
December 31, 2021, 7:05 pm
----------- DATA -------------
Array
(
    [offerId] => 9c4fe23b-37ea-4954-945b-29067b0d5c0e
    [fio] => Edward
    [phone] => 09971703755
    [email] => admin@admin.com
    [domain] => http://mansehealth.com/landers/fa04a42719/land1/limon.php
    [ip] => 110.54.202.173
    [utm_campaign] => 923
    [utm_content] => 1
    [utm_medium] => 
    [utm_source] => SM
    [utm_term] => 
    [clickid] => 6c4b8gxci3z8pfe338
    [fbpxl] => 
)

----------- RESPONSE ---------
{"result":"ok","localClickId":"b75d9ac2-cf35-4bde-b6ba-c8d80873dc0a"}
----------- END --------------
December 31, 2021, 7:53 pm
----------- DATA -------------
Array
(
    [offerId] => 9c4fe23b-37ea-4954-945b-29067b0d5c0e
    [fio] => Charles
    [phone] => 09129483785
    [email] => admin@admin.com
    [domain] => http://mansehealth.com/landers/fa04a42719/land1/limon.php
    [ip] => 175.176.85.122
    [utm_campaign] => 923
    [utm_content] => 1
    [utm_medium] => 
    [utm_source] => SM
    [utm_term] => 
    [clickid] => 735e5gxcid57s8n755
    [fbpxl] => 
)

----------- RESPONSE ---------
{"result":"ok","localClickId":"a9089e04-5184-4449-9923-f4995859f213"}
----------- END --------------
December 31, 2021, 7:59 pm
----------- DATA -------------
Array
(
    [offerId] => 9c4fe23b-37ea-4954-945b-29067b0d5c0e
    [fio] => Janmar velligas
    [phone] => 09070556321
    [email] => admin@admin.com
    [domain] => http://mansehealth.com/landers/fa04a42719/land1/limon.php
    [ip] => 175.176.68.204
    [utm_campaign] => 923
    [utm_content] => 1
    [utm_medium] => 
    [utm_source] => SM
    [utm_term] => 
    [clickid] => c09b9gxci1muqfea84
    [fbpxl] => 
)

----------- RESPONSE ---------
{"result":"ok","localClickId":"7f98b89b-2de7-411e-8612-378430ecf448"}
----------- END --------------
December 31, 2021, 9:05 pm
----------- DATA -------------
Array
(
    [offerId] => 9c4fe23b-37ea-4954-945b-29067b0d5c0e
    [fio] => Jimmy sison
    [phone] => 09667927402
    [email] => admin@admin.com
    [domain] => http://mansehealth.com/landers/fa04a42719/land1/limon.php
    [ip] => 2001:4452:2fd:3400:48b7:c432:f4cf:1444
    [utm_campaign] => 923
    [utm_content] => 1
    [utm_medium] => 
    [utm_source] => SM
    [utm_term] => 
    [clickid] => 20939gxcify460ce5
    [fbpxl] => 
)

----------- RESPONSE ---------
{"result":"ok","localClickId":"5bc65e75-c7b7-4323-a60c-53b149684b88"}
----------- END --------------
December 31, 2021, 10:25 pm
----------- DATA -------------
Array
(
    [offerId] => 9c4fe23b-37ea-4954-945b-29067b0d5c0e
    [fio] => Miko
    [phone] => 09700708612
    [email] => admin@admin.com
    [domain] => http://mansehealth.com/landers/fa04a42719/land1/limon.php
    [ip] => 175.176.92.223
    [utm_campaign] => 923
    [utm_content] => 1
    [utm_medium] => 
    [utm_source] => SM
    [utm_term] => 
    [clickid] => 89d5cgxciqq6jfe969
    [fbpxl] => 
)

----------- RESPONSE ---------
{"result":"ok","localClickId":"2f945fe5-7c54-44ae-9ad7-a743d6eb5df4"}
----------- END --------------
December 31, 2021, 10:39 pm
----------- DATA -------------
Array
(
    [offerId] => 9c4fe23b-37ea-4954-945b-29067b0d5c0e
    [fio] => James 
    [phone] => 09394350
    [email] => admin@admin.com
    [domain] => http://mansehealth.com/landers/fa04a42719/land1/limon.php
    [ip] => 2001:4451:1f7:a200:bc30:a4ce:a805:6233
    [utm_campaign] => 923
    [utm_content] => 1
    [utm_medium] => 
    [utm_source] => SM
    [utm_term] => 
    [clickid] => 8c03fgx52a1a4i4a6c
    [fbpxl] => 
)

----------- RESPONSE ---------
{"result":"ok","localClickId":"d5608617-0152-491b-81dd-0bc5e4c027fc"}
----------- END --------------
December 31, 2021, 10:40 pm
----------- DATA -------------
Array
(
    [offerId] => 9c4fe23b-37ea-4954-945b-29067b0d5c0e
    [fio] => James 
    [phone] => 09304350253
    [email] => admin@admin.com
    [domain] => http://mansehealth.com/landers/fa04a42719/land1/limon.php
    [ip] => 2001:4451:1f7:a200:bc30:a4ce:a805:6233
    [utm_campaign] => {campaign}
    [utm_content] => {trafficsource}
    [utm_medium] => 
    [utm_source] => SM
    [utm_term] => 
    [clickid] => {clickid}
    [fbpxl] => 
)

----------- RESPONSE ---------
{"result":"ok","localClickId":"13b155d7-d4f7-4858-a6f1-1caa54ae34e8"}
----------- END --------------
December 31, 2021, 11:20 pm
----------- DATA -------------
Array
(
    [offerId] => 9c4fe23b-37ea-4954-945b-29067b0d5c0e
    [fio] => Richard Parimonio
    [phone] => 09957808183
    [email] => admin@admin.com
    [domain] => http://mansehealth.com/landers/fa04a42719/land1/limon.php
    [ip] => 112.201.176.17
    [utm_campaign] => 923
    [utm_content] => 1
    [utm_medium] => 
    [utm_source] => SM
    [utm_term] => 
    [clickid] => 583d2gx52a6j2bl98a
    [fbpxl] => 
)

----------- RESPONSE ---------
{"result":"ok","localClickId":"f2d3a1ca-e288-44a3-aa25-818408e5a4f4"}
----------- END --------------
