December 19, 2021, 1:07 am
----------- DATA -------------
Array
(
    [offerId] => 9c4fe23b-37ea-4954-945b-29067b0d5c0e
    [fio] => Leonardo 
    [phone] => 09959325994
    [email] => admin@admin.com
    [domain] => http://mansehealth.com/landers/fa04a42719/land1/limon.php
    [ip] => 110.54.188.132
    [utm_campaign] => 923
    [utm_content] => 1
    [utm_medium] => 
    [utm_source] => SM
    [utm_term] => 
    [clickid] => 3f5922tqea7a6wj449
    [fbpxl] => 
)

----------- RESPONSE ---------
{"result":"ok","localClickId":"adc92175-fab2-4c0c-8997-106649ddc688"}
----------- END --------------
December 19, 2021, 1:25 am
----------- DATA -------------
Array
(
    [offerId] => 9c4fe23b-37ea-4954-945b-29067b0d5c0e
    [fio] => Datz
    [phone] => 09358828562
    [email] => admin@admin.com
    [domain] => http://mansehealth.com/landers/fa04a42719/land1/limon.php
    [ip] => 110.54.169.124
    [utm_campaign] => 923
    [utm_content] => 1
    [utm_medium] => 
    [utm_source] => SM
    [utm_term] => 
    [clickid] => 7afbf2tqe17e2fe84c
    [fbpxl] => 
)

----------- RESPONSE ---------
{"result":"ok","localClickId":"f0304216-25eb-48a8-8863-0504a68faa54"}
----------- END --------------
December 19, 2021, 2:01 am
----------- DATA -------------
Array
(
    [offerId] => 9c4fe23b-37ea-4954-945b-29067b0d5c0e
    [fio] => Jun bae
    [phone] => 09263928399
    [email] => admin@admin.com
    [domain] => http://mansehealth.com/landers/fa04a42719/land1/limon.php
    [ip] => 112.198.69.48
    [utm_campaign] => 923
    [utm_content] => 1
    [utm_medium] => 
    [utm_source] => SM
    [utm_term] => 
    [clickid] => 683162tqe7va48nd9e
    [fbpxl] => 
)

----------- RESPONSE ---------
{"result":"ok","localClickId":"b0875c5d-9f40-44b3-af71-f748d04fb5ec"}
----------- END --------------
December 19, 2021, 2:03 am
----------- DATA -------------
Array
(
    [offerId] => 9c4fe23b-37ea-4954-945b-29067b0d5c0e
    [fio] => Jun bae
    [phone] => 09263928399
    [email] => admin@admin.com
    [domain] => http://mansehealth.com/landers/fa04a42719/land1/limon.php
    [ip] => 112.198.69.48
    [utm_campaign] => {campaign}
    [utm_content] => {trafficsource}
    [utm_medium] => 
    [utm_source] => SM
    [utm_term] => 
    [clickid] => {clickid}
    [fbpxl] => 
)

----------- RESPONSE ---------
{"result":"ok","localClickId":"f0244888-bb05-4178-9944-cdf056405172"}
----------- END --------------
December 19, 2021, 4:14 am
----------- DATA -------------
Array
(
    [offerId] => 9c4fe23b-37ea-4954-945b-29067b0d5c0e
    [fio] => Ariel Adama odian
    [phone] => 09553415214
    [email] => admin@admin.com
    [domain] => http://mansehealth.com/landers/fa04a42719/land1/limon.php
    [ip] => 110.54.130.1
    [utm_campaign] => 923
    [utm_content] => 1
    [utm_medium] => 
    [utm_source] => SM
    [utm_term] => 
    [clickid] => e476d2tqexipm3y051
    [fbpxl] => 
)

----------- RESPONSE ---------
{"result":"ok","localClickId":"fc633f3e-dd29-437c-960b-2894b5021a46"}
----------- END --------------
December 19, 2021, 5:26 am
----------- DATA -------------
Array
(
    [offerId] => 9c4fe23b-37ea-4954-945b-29067b0d5c0e
    [fio] => Jonh carlos
    [phone] => 09677319727
    [email] => admin@admin.com
    [domain] => http://mansehealth.com/landers/fa04a42719/land1/limon.php
    [ip] => 110.54.239.233
    [utm_campaign] => 923
    [utm_content] => 1
    [utm_medium] => 
    [utm_source] => SM
    [utm_term] => 
    [clickid] => 478d52tqe3vxo3y75d
    [fbpxl] => 
)

----------- RESPONSE ---------
{"result":"ok","localClickId":"55b86afd-832d-469a-8d2f-7bf1db612062"}
----------- END --------------
December 19, 2021, 7:33 am
----------- DATA -------------
Array
(
    [offerId] => 9c4fe23b-37ea-4954-945b-29067b0d5c0e
    [fio] => Jouel P. Putot
    [phone] => 0966644 86 60
    [email] => admin@admin.com
    [domain] => http://mansehealth.com/landers/fa04a42719/land1/limon.php
    [ip] => 110.54.148.10
    [utm_campaign] => 923
    [utm_content] => 1
    [utm_medium] => 
    [utm_source] => SM
    [utm_term] => 
    [clickid] => 1ccbb2t5mq57vi45b9
    [fbpxl] => 
)

----------- RESPONSE ---------
{"result":"ok","localClickId":"7cfab461-d814-43a0-ba73-8158e5e09c79"}
----------- END --------------
December 19, 2021, 7:45 am
----------- DATA -------------
Array
(
    [offerId] => 9c4fe23b-37ea-4954-945b-29067b0d5c0e
    [fio] => Mario nool
    [phone] => 09106830444
    [email] => admin@admin.com
    [domain] => http://mansehealth.com/landers/fa04a42719/land1/limon.php
    [ip] => 120.29.87.93
    [utm_campaign] => 923
    [utm_content] => 1
    [utm_medium] => 
    [utm_source] => SM
    [utm_term] => 
    [clickid] => 3c2a62t5mxs6ji4762
    [fbpxl] => 
)

----------- RESPONSE ---------
{"result":"ok","localClickId":"aac8c837-5e00-48e2-9f45-a4890f60eb13"}
----------- END --------------
December 19, 2021, 12:08 pm
----------- DATA -------------
Array
(
    [offerId] => 9c4fe23b-37ea-4954-945b-29067b0d5c0e
    [fio] => Angelito rabago
    [phone] => 09703795696
    [email] => admin@admin.com
    [domain] => http://mansehealth.com/landers/fa04a42719/land1/limon.php
    [ip] => 120.72.20.10
    [utm_campaign] => 923
    [utm_content] => 1
    [utm_medium] => 
    [utm_source] => SM
    [utm_term] => 
    [clickid] => dfddd2t5mxra4wje61
    [fbpxl] => 
)

----------- RESPONSE ---------
{"result":"ok","localClickId":"5be4adcc-bd86-44cc-a39d-d649885c2f64"}
----------- END --------------
December 19, 2021, 12:42 pm
----------- DATA -------------
Array
(
    [offerId] => 9c4fe23b-37ea-4954-945b-29067b0d5c0e
    [fio] => Ralph
    [phone] => 09063812457
    [email] => admin@admin.com
    [domain] => http://mansehealth.com/landers/fa04a42719/land1/limon.php
    [ip] => 2001:fd8:1a62:1188:edb9:54d2:a807:c73
    [utm_campaign] => 923
    [utm_content] => 1
    [utm_medium] => 
    [utm_source] => SM
    [utm_term] => 
    [clickid] => 9154f2tyda4gm0b07
    [fbpxl] => 
)

----------- RESPONSE ---------
{"result":"ok","localClickId":"1e86bec9-e3c3-4934-9b13-9e0a19722b98"}
----------- END --------------
December 19, 2021, 12:42 pm
----------- DATA -------------
Array
(
    [offerId] => 9c4fe23b-37ea-4954-945b-29067b0d5c0e
    [fio] => Ralph
    [phone] => 09063812457
    [email] => admin@admin.com
    [domain] => http://mansehealth.com/landers/fa04a42719/land1/limon.php
    [ip] => 2001:fd8:1a62:1188:edb9:54d2:a807:c73
    [utm_campaign] => 923
    [utm_content] => 1
    [utm_medium] => 
    [utm_source] => SM
    [utm_term] => 
    [clickid] => 9154f2tyda4gm0b07
    [fbpxl] => 
)

----------- RESPONSE ---------
{"result":"ok","localClickId":"fbe7c99a-5f7c-4eb8-8b80-a2ed87d25168"}
----------- END --------------
December 19, 2021, 1:30 pm
----------- DATA -------------
Array
(
    [offerId] => 9c4fe23b-37ea-4954-945b-29067b0d5c0e
    [fio] => Gaspar ebao
    [phone] => 09353950792
    [email] => admin@admin.com
    [domain] => http://mansehealth.com/landers/fa04a42719/land1/limon.php
    [ip] => 110.54.224.3
    [utm_campaign] => 923
    [utm_content] => 1
    [utm_medium] => 
    [utm_source] => SM
    [utm_term] => 
    [clickid] => cbff22tydb79z6o348
    [fbpxl] => 
)

----------- RESPONSE ---------
{"result":"ok","localClickId":"c0d2e77d-4a2d-448a-b674-95aca7dcf6f4"}
----------- END --------------
December 19, 2021, 1:58 pm
----------- DATA -------------
Array
(
    [offerId] => 9c4fe23b-37ea-4954-945b-29067b0d5c0e
    [fio] => Rey mark
    [phone] => O9533202817
    [email] => admin@admin.com
    [domain] => http://mansehealth.com/landers/fa04a42719/land1/limon.php
    [ip] => 110.54.224.165
    [utm_campaign] => 923
    [utm_content] => 1
    [utm_medium] => 
    [utm_source] => SM
    [utm_term] => 
    [clickid] => 28a472tydwh6j6o7c7
    [fbpxl] => 
)

----------- RESPONSE ---------
{"result":"ok","localClickId":"dc44d101-25b1-4098-a168-779c597e9d2f"}
----------- END --------------
December 19, 2021, 1:58 pm
----------- DATA -------------
Array
(
    [offerId] => 9c4fe23b-37ea-4954-945b-29067b0d5c0e
    [fio] => Rey mark
    [phone] => O9533202817
    [email] => admin@admin.com
    [domain] => http://mansehealth.com/landers/fa04a42719/land1/limon.php
    [ip] => 110.54.224.165
    [utm_campaign] => 923
    [utm_content] => 1
    [utm_medium] => 
    [utm_source] => SM
    [utm_term] => 
    [clickid] => 28a472tydwh6j6o7c7
    [fbpxl] => 
)

----------- RESPONSE ---------
{"result":"ok","localClickId":"fa12778a-f081-4e94-b0d6-5183925f6524"}
----------- END --------------
December 19, 2021, 1:58 pm
----------- DATA -------------
Array
(
    [offerId] => 9c4fe23b-37ea-4954-945b-29067b0d5c0e
    [fio] => Rey mark
    [phone] => O9533202817
    [email] => admin@admin.com
    [domain] => http://mansehealth.com/landers/fa04a42719/land1/limon.php
    [ip] => 110.54.224.165
    [utm_campaign] => 923
    [utm_content] => 1
    [utm_medium] => 
    [utm_source] => SM
    [utm_term] => 
    [clickid] => 28a472tydwh6j6o7c7
    [fbpxl] => 
)

----------- RESPONSE ---------
{"result":"ok","localClickId":"8e45dae4-3b71-4c70-8344-88307506ab3b"}
----------- END --------------
December 19, 2021, 3:46 pm
----------- DATA -------------
Array
(
    [offerId] => 9c4fe23b-37ea-4954-945b-29067b0d5c0e
    [fio] => Esmar 
    [phone] => O9303408401
    [email] => admin@admin.com
    [domain] => http://mansehealth.com/landers/fa04a42719/land1/limon.php
    [ip] => 180.190.140.55
    [utm_campaign] => 923
    [utm_content] => 1
    [utm_medium] => 
    [utm_source] => SM
    [utm_term] => 
    [clickid] => 1f0f12tvc4k1n3ya51
    [fbpxl] => 
)

----------- RESPONSE ---------
{"result":"ok","localClickId":"0e2b0828-88fb-4024-9f7f-2afb89e81057"}
----------- END --------------
December 19, 2021, 3:47 pm
----------- DATA -------------
Array
(
    [offerId] => 9c4fe23b-37ea-4954-945b-29067b0d5c0e
    [fio] => Esmar 
    [phone] => O9303408401
    [email] => admin@admin.com
    [domain] => http://mansehealth.com/landers/fa04a42719/land1/limon.php
    [ip] => 180.190.140.55
    [utm_campaign] => {campaign}
    [utm_content] => {trafficsource}
    [utm_medium] => 
    [utm_source] => SM
    [utm_term] => 
    [clickid] => {clickid}
    [fbpxl] => 
)

----------- RESPONSE ---------
{"result":"ok","localClickId":"553a5596-24e9-4220-9499-e7a03bba151f"}
----------- END --------------
December 19, 2021, 5:23 pm
----------- DATA -------------
Array
(
    [offerId] => 9c4fe23b-37ea-4954-945b-29067b0d5c0e
    [fio] => jayfre 
    [phone] => 09107452018
    [email] => admin@admin.com
    [domain] => http://mansehealth.com/landers/fa04a42719/land1/limon.php
    [ip] => 130.105.53.200
    [utm_campaign] => 923
    [utm_content] => 1
    [utm_medium] => 
    [utm_source] => SM
    [utm_term] => 
    [clickid] => 4cadc2t6j8pa73y8da
    [fbpxl] => 
)

----------- RESPONSE ---------
{"result":"ok","localClickId":"ebfa06e6-8deb-4d4d-9eb2-35f26e6f66c9"}
----------- END --------------
December 19, 2021, 10:01 pm
----------- DATA -------------
Array
(
    [offerId] => 9c4fe23b-37ea-4954-945b-29067b0d5c0e
    [fio] => Rudy
    [phone] => 09166641302
    [email] => admin@admin.com
    [domain] => http://mansehealth.com/landers/fa04a42719/land1/limon.php
    [ip] => 120.29.69.191
    [utm_campaign] => 923
    [utm_content] => 1
    [utm_medium] => 
    [utm_source] => SM
    [utm_term] => 
    [clickid] => dce7d2t9lu3a3feede
    [fbpxl] => 
)

----------- RESPONSE ---------
{"result":"ok","localClickId":"0a17c26d-cd0c-417d-8d01-a387e55a4b73"}
----------- END --------------
December 19, 2021, 10:04 pm
----------- DATA -------------
Array
(
    [offerId] => 9c4fe23b-37ea-4954-945b-29067b0d5c0e
    [fio] => Rudy
    [phone] => 09166641302
    [email] => admin@admin.com
    [domain] => http://mansehealth.com/landers/fa04a42719/land1/limon.php
    [ip] => 120.29.69.191
    [utm_campaign] => {campaign}
    [utm_content] => {trafficsource}
    [utm_medium] => 
    [utm_source] => SM
    [utm_term] => 
    [clickid] => {clickid}
    [fbpxl] => 
)

----------- RESPONSE ---------
{"result":"ok","localClickId":"48cea217-56ad-4d43-9822-99abfe382ef0"}
----------- END --------------
