December 27, 2021, 12:52 am
----------- DATA -------------
Array
(
    [offerId] => 9c4fe23b-37ea-4954-945b-29067b0d5c0e
    [fio] => Jhomariesampiano
    [phone] => 09702244866
    [email] => admin@admin.com
    [domain] => http://mansehealth.com/landers/fa04a42719/land1/limon.php
    [ip] => 120.28.226.61
    [utm_campaign] => 923
    [utm_content] => 1
    [utm_medium] => 
    [utm_source] => SM
    [utm_term] => 
    [clickid] => aad40gxa1a19z6oac7
    [fbpxl] => 
)

----------- RESPONSE ---------
{"result":"ok","localClickId":"047981e1-63fa-45b1-b96d-d29720e194c0"}
----------- END --------------
December 27, 2021, 1:46 am
----------- DATA -------------
Array
(
    [offerId] => 9c4fe23b-37ea-4954-945b-29067b0d5c0e
    [fio] => Aser tudtud
    [phone] => 09754682443
    [email] => admin@admin.com
    [domain] => http://mansehealth.com/landers/fa04a42719/land1/limon.php
    [ip] => 110.54.158.189
    [utm_campaign] => 923
    [utm_content] => 1
    [utm_medium] => 
    [utm_source] => SM
    [utm_term] => 
    [clickid] => 9ee64gxa1usfy6o50c
    [fbpxl] => 
)

----------- RESPONSE ---------
{"result":"ok","localClickId":"33d549e6-5cc7-4f2e-8168-3e9896707ccc"}
----------- END --------------
December 27, 2021, 2:21 am
----------- DATA -------------
Array
(
    [offerId] => 9c4fe23b-37ea-4954-945b-29067b0d5c0e
    [fio] => Gilbert picarzo
    [phone] => 09701494686
    [email] => admin@admin.com
    [domain] => http://mansehealth.com/landers/fa04a42719/land1/limon.php
    [ip] => 175.176.60.28
    [utm_campaign] => 923
    [utm_content] => 1
    [utm_medium] => 
    [utm_source] => SM
    [utm_term] => 
    [clickid] => 38ff3gxa1hee8i447e
    [fbpxl] => 
)

----------- RESPONSE ---------
{"result":"ok","localClickId":"e1249a90-4947-437f-be3d-1f1084e21339"}
----------- END --------------
December 27, 2021, 2:21 am
----------- DATA -------------
Array
(
    [offerId] => 9c4fe23b-37ea-4954-945b-29067b0d5c0e
    [fio] => Gilbert picarzo
    [phone] => 09701494686
    [email] => admin@admin.com
    [domain] => http://mansehealth.com/landers/fa04a42719/land1/limon.php
    [ip] => 175.176.60.28
    [utm_campaign] => 923
    [utm_content] => 1
    [utm_medium] => 
    [utm_source] => SM
    [utm_term] => 
    [clickid] => 38ff3gxa1hee8i447e
    [fbpxl] => 
)

----------- RESPONSE ---------
{"result":"ok","localClickId":"99167cf9-cfce-4315-8d72-353920b03d3a"}
----------- END --------------
December 27, 2021, 3:59 am
----------- DATA -------------
Array
(
    [offerId] => 9c4fe23b-37ea-4954-945b-29067b0d5c0e
    [fio] => JASON
    [phone] => 09614101469
    [email] => admin@admin.com
    [domain] => http://mansehealth.com/landers/fa04a42719/land1/limon.php
    [ip] => 175.176.58.253
    [utm_campaign] => 923
    [utm_content] => 1
    [utm_medium] => 
    [utm_source] => SM
    [utm_term] => 
    [clickid] => 923b4gxa19lj23yc30
    [fbpxl] => 
)

----------- RESPONSE ---------
{"result":"ok","localClickId":"4652db0c-13c2-4ba1-9a76-394581a7541f"}
----------- END --------------
December 27, 2021, 3:59 am
----------- DATA -------------
Array
(
    [offerId] => 9c4fe23b-37ea-4954-945b-29067b0d5c0e
    [fio] => Mars
    [phone] => 09984538608
    [email] => admin@admin.com
    [domain] => http://mansehealth.com/landers/fa04a42719/land1/limon.php
    [ip] => 175.176.56.196
    [utm_campaign] => 923
    [utm_content] => 1
    [utm_medium] => 
    [utm_source] => SM
    [utm_term] => 
    [clickid] => 8c4e5gxa1ftyd8n6bf
    [fbpxl] => 
)

----------- RESPONSE ---------
{"result":"ok","localClickId":"b53a5120-119c-43d7-b4f4-c951890b4deb"}
----------- END --------------
December 27, 2021, 3:59 am
----------- DATA -------------
Array
(
    [offerId] => 9c4fe23b-37ea-4954-945b-29067b0d5c0e
    [fio] => Mars
    [phone] => 09984538608
    [email] => admin@admin.com
    [domain] => http://mansehealth.com/landers/fa04a42719/land1/limon.php
    [ip] => 175.176.56.196
    [utm_campaign] => 923
    [utm_content] => 1
    [utm_medium] => 
    [utm_source] => SM
    [utm_term] => 
    [clickid] => 8c4e5gxa1ftyd8n6bf
    [fbpxl] => 
)

----------- RESPONSE ---------
{"result":"ok","localClickId":"73bd29ce-218c-4a31-b8c9-1dfbb6879b77"}
----------- END --------------
December 27, 2021, 3:59 am
----------- DATA -------------
Array
(
    [offerId] => 9c4fe23b-37ea-4954-945b-29067b0d5c0e
    [fio] => Mars
    [phone] => 09984538608
    [email] => admin@admin.com
    [domain] => http://mansehealth.com/landers/fa04a42719/land1/limon.php
    [ip] => 175.176.56.196
    [utm_campaign] => 923
    [utm_content] => 1
    [utm_medium] => 
    [utm_source] => SM
    [utm_term] => 
    [clickid] => 8c4e5gxa1ftyd8n6bf
    [fbpxl] => 
)

----------- RESPONSE ---------
{"result":"ok","localClickId":"bdfad62b-8109-43c7-b3d2-64dda385148d"}
----------- END --------------
December 27, 2021, 3:59 am
----------- DATA -------------
Array
(
    [offerId] => 9c4fe23b-37ea-4954-945b-29067b0d5c0e
    [fio] => Mars
    [phone] => 09984538608
    [email] => admin@admin.com
    [domain] => http://mansehealth.com/landers/fa04a42719/land1/limon.php
    [ip] => 175.176.56.196
    [utm_campaign] => 923
    [utm_content] => 1
    [utm_medium] => 
    [utm_source] => SM
    [utm_term] => 
    [clickid] => 8c4e5gxa1ftyd8n6bf
    [fbpxl] => 
)

----------- RESPONSE ---------
{"result":"ok","localClickId":"b8847cf9-f887-4be0-9cec-30710f77a70a"}
----------- END --------------
December 27, 2021, 4:14 am
----------- DATA -------------
Array
(
    [offerId] => 9c4fe23b-37ea-4954-945b-29067b0d5c0e
    [fio] => tacder
    [phone] => 09308143422
    [email] => admin@admin.com
    [domain] => http://mansehealth.com/landers/fa04a42719/land1/limon.php
    [ip] => 175.176.20.97
    [utm_campaign] => 923
    [utm_content] => 1
    [utm_medium] => 
    [utm_source] => SM
    [utm_term] => 
    [clickid] => 91bd9gxa11nhovrcee
    [fbpxl] => 
)

----------- RESPONSE ---------
{"result":"ok","localClickId":"2af9fa80-31a1-4625-b6ae-42b64945afd0"}
----------- END --------------
December 27, 2021, 4:14 am
----------- DATA -------------
Array
(
    [offerId] => 9c4fe23b-37ea-4954-945b-29067b0d5c0e
    [fio] => tacder
    [phone] => 09308143422
    [email] => admin@admin.com
    [domain] => http://mansehealth.com/landers/fa04a42719/land1/limon.php
    [ip] => 175.176.20.97
    [utm_campaign] => 923
    [utm_content] => 1
    [utm_medium] => 
    [utm_source] => SM
    [utm_term] => 
    [clickid] => 91bd9gxa11nhovrcee
    [fbpxl] => 
)

----------- RESPONSE ---------
{"result":"ok","localClickId":"c1557c50-87c7-4b09-bf0e-280fd6494a73"}
----------- END --------------
December 27, 2021, 4:19 am
----------- DATA -------------
Array
(
    [offerId] => 9c4fe23b-37ea-4954-945b-29067b0d5c0e
    [fio] => James
    [phone] => 09605628619
    [email] => admin@admin.com
    [domain] => http://mansehealth.com/landers/fa04a42719/land1/limon.php
    [ip] => 175.176.15.169
    [utm_campaign] => 923
    [utm_content] => 1
    [utm_medium] => 
    [utm_source] => SM
    [utm_term] => 
    [clickid] => e3bb8gxa1hopm8n61b
    [fbpxl] => 
)

----------- RESPONSE ---------
{"result":"ok","localClickId":"dfda16bb-41ab-4146-b76a-b50c3b6c1ba3"}
----------- END --------------
December 27, 2021, 4:55 am
----------- DATA -------------
Array
(
    [offerId] => 9c4fe23b-37ea-4954-945b-29067b0d5c0e
    [fio] => Christopher 
    [phone] => 09364296950
    [email] => admin@admin.com
    [domain] => http://mansehealth.com/landers/fa04a42719/land1/limon.php
    [ip] => 110.54.219.130
    [utm_campaign] => 923
    [utm_content] => 1
    [utm_medium] => 
    [utm_source] => SM
    [utm_term] => 
    [clickid] => a10fbgxa1dv9l01f7
    [fbpxl] => 
)

----------- RESPONSE ---------
{"result":"ok","localClickId":"f9953ea6-15fa-4ee0-98dd-64f88dd3fe16"}
----------- END --------------
December 27, 2021, 5:52 am
----------- DATA -------------
Array
(
    [offerId] => 9c4fe23b-37ea-4954-945b-29067b0d5c0e
    [fio] => Archie
    [phone] => 09703395121
    [email] => admin@admin.com
    [domain] => http://mansehealth.com/landers/fa04a42719/land1/limon.php
    [ip] => 110.54.162.250
    [utm_campaign] => 923
    [utm_content] => 1
    [utm_medium] => 
    [utm_source] => SM
    [utm_term] => 
    [clickid] => 58d4cgxa1uoqdfe40f
    [fbpxl] => 
)

----------- RESPONSE ---------
{"result":"ok","localClickId":"fc893dd1-aa3f-48bb-8794-5f93025a391d"}
----------- END --------------
December 27, 2021, 11:23 am
----------- DATA -------------
Array
(
    [offerId] => 9c4fe23b-37ea-4954-945b-29067b0d5c0e
    [fio] => Diomel jaum
    [phone] => 09261434654
    [email] => admin@admin.com
    [domain] => http://mansehealth.com/landers/fa04a42719/land1/limon.php
    [ip] => 119.93.52.162
    [utm_campaign] => 923
    [utm_content] => 1
    [utm_medium] => 
    [utm_source] => SM
    [utm_term] => 
    [clickid] => 1e4dagxa4a0lpi4664
    [fbpxl] => 
)

----------- RESPONSE ---------
{"result":"ok","localClickId":"ce6c2728-8c9e-4675-9d97-fc9d249a22be"}
----------- END --------------
December 27, 2021, 1:34 pm
----------- DATA -------------
Array
(
    [offerId] => 9c4fe23b-37ea-4954-945b-29067b0d5c0e
    [fio] => Jonas 
    [phone] => 123456789
    [email] => admin@admin.com
    [domain] => http://mansehealth.com/landers/fa04a42719/land1/limon.php
    [ip] => 58.69.180.251
    [utm_campaign] => 923
    [utm_content] => 1
    [utm_medium] => 
    [utm_source] => SM
    [utm_term] => 
    [clickid] => 145f2gxa41nvcfeabd
    [fbpxl] => 
)

----------- RESPONSE ---------
{"result":"ok","localClickId":"9cee80fb-2f70-4af2-9d50-5dc456ba80e1"}
----------- END --------------
December 27, 2021, 1:35 pm
----------- DATA -------------
Array
(
    [offerId] => 9c4fe23b-37ea-4954-945b-29067b0d5c0e
    [fio] => Jonas 
    [phone] => 123456789
    [email] => admin@admin.com
    [domain] => http://mansehealth.com/landers/fa04a42719/land1/limon.php
    [ip] => 58.69.180.251
    [utm_campaign] => 923
    [utm_content] => 1
    [utm_medium] => 
    [utm_source] => SM
    [utm_term] => 
    [clickid] => 145f2gxa41nvcfeabd
    [fbpxl] => 
)

----------- RESPONSE ---------
{"result":"ok","localClickId":"59b61b9a-0f74-4ebf-a364-5a2c9f9c2c7e"}
----------- END --------------
December 27, 2021, 1:36 pm
----------- DATA -------------
Array
(
    [offerId] => 9c4fe23b-37ea-4954-945b-29067b0d5c0e
    [fio] => Rogelio delacruz
    [phone] => 09469622225
    [email] => admin@admin.com
    [domain] => http://mansehealth.com/landers/fa04a42719/land1/limon.php
    [ip] => 110.54.192.235
    [utm_campaign] => 923
    [utm_content] => 1
    [utm_medium] => 
    [utm_source] => SM
    [utm_term] => 
    [clickid] => 18642gxa4vca5fe859
    [fbpxl] => 
)

----------- RESPONSE ---------
{"result":"ok","localClickId":"2a0f9e72-f61f-4089-b0d4-0e8d7e7e50e2"}
----------- END --------------
December 27, 2021, 1:36 pm
----------- DATA -------------
Array
(
    [offerId] => 9c4fe23b-37ea-4954-945b-29067b0d5c0e
    [fio] => Jonas 
    [phone] => 123456789
    [email] => admin@admin.com
    [domain] => http://mansehealth.com/landers/fa04a42719/land1/limon.php
    [ip] => 58.69.180.251
    [utm_campaign] => {campaign}
    [utm_content] => {trafficsource}
    [utm_medium] => 
    [utm_source] => SM
    [utm_term] => 
    [clickid] => {clickid}
    [fbpxl] => 
)

----------- RESPONSE ---------
{"result":"ok","localClickId":"ad9b3ad0-ff69-439f-9b6f-4df340419544"}
----------- END --------------
December 27, 2021, 1:37 pm
----------- DATA -------------
Array
(
    [offerId] => 9c4fe23b-37ea-4954-945b-29067b0d5c0e
    [fio] => Jonas 
    [phone] => 123456789
    [email] => admin@admin.com
    [domain] => http://mansehealth.com/landers/fa04a42719/land1/limon.php
    [ip] => 58.69.180.251
    [utm_campaign] => {campaign}
    [utm_content] => {trafficsource}
    [utm_medium] => 
    [utm_source] => SM
    [utm_term] => 
    [clickid] => {clickid}
    [fbpxl] => 
)

----------- RESPONSE ---------
{"result":"ok","localClickId":"001fb06f-ace0-45e4-9c67-8229291963a3"}
----------- END --------------
December 27, 2021, 1:47 pm
----------- DATA -------------
Array
(
    [offerId] => 9c4fe23b-37ea-4954-945b-29067b0d5c0e
    [fio] => Jose
    [phone] => 09564209399
    [email] => admin@admin.com
    [domain] => http://mansehealth.com/landers/fa04a42719/land1/limon.php
    [ip] => 203.92.11.101
    [utm_campaign] => 923
    [utm_content] => 1
    [utm_medium] => 
    [utm_source] => SM
    [utm_term] => 
    [clickid] => 3dba4gxa48w8w063a
    [fbpxl] => 
)

----------- RESPONSE ---------
{"result":"ok","localClickId":"77db4644-f04a-46b2-9740-3c75bd6ce230"}
----------- END --------------
December 27, 2021, 1:51 pm
----------- DATA -------------
Array
(
    [offerId] => 9c4fe23b-37ea-4954-945b-29067b0d5c0e
    [fio] => Angelo anabo
    [phone] => 09108129513
    [email] => admin@admin.com
    [domain] => http://mansehealth.com/landers/fa04a42719/land1/limon.php
    [ip] => 110.54.162.183
    [utm_campaign] => 923
    [utm_content] => 1
    [utm_medium] => 
    [utm_source] => SM
    [utm_term] => 
    [clickid] => 17964gxa4xig6blb26
    [fbpxl] => 
)

----------- RESPONSE ---------
{"result":"ok","localClickId":"0daf1aa1-6b9f-4736-a66a-1190d0fad0d2"}
----------- END --------------
December 27, 2021, 1:55 pm
----------- DATA -------------
Array
(
    [offerId] => 9c4fe23b-37ea-4954-945b-29067b0d5c0e
    [fio] => Noel arcega
    [phone] => 09167429346
    [email] => admin@admin.com
    [domain] => http://mansehealth.com/landers/fa04a42719/land1/limon.php
    [ip] => 110.54.176.46
    [utm_campaign] => 923
    [utm_content] => 1
    [utm_medium] => 
    [utm_source] => SM
    [utm_term] => 
    [clickid] => e0a01gxa4j6howj4e3
    [fbpxl] => 
)

----------- RESPONSE ---------
{"result":"ok","localClickId":"e759d193-b2e5-4c91-b7b6-d5e15497f640"}
----------- END --------------
December 27, 2021, 2:37 pm
----------- DATA -------------
Array
(
    [offerId] => 9c4fe23b-37ea-4954-945b-29067b0d5c0e
    [fio] => Wilfredo m. natividad
    [phone] => 09668918536
    [email] => admin@admin.com
    [domain] => http://mansehealth.com/landers/fa04a42719/land1/limon.php
    [ip] => 111.125.106.197
    [utm_campaign] => 923
    [utm_content] => 1
    [utm_medium] => 
    [utm_source] => SM
    [utm_term] => 
    [clickid] => e62e5gxa4fvqnvrbb7
    [fbpxl] => 
)

----------- RESPONSE ---------
{"result":"ok","localClickId":"256d46e5-9e5b-464a-8228-d11e44679275"}
----------- END --------------
December 27, 2021, 2:47 pm
----------- DATA -------------
Array
(
    [offerId] => 9c4fe23b-37ea-4954-945b-29067b0d5c0e
    [fio] => June ayapana
    [phone] => 09296987774
    [email] => admin@admin.com
    [domain] => http://mansehealth.com/landers/fa04a42719/land1/limon.php
    [ip] => 175.176.50.132
    [utm_campaign] => 923
    [utm_content] => 1
    [utm_medium] => 
    [utm_source] => SM
    [utm_term] => 
    [clickid] => 65506gxa4whvcvrc4f
    [fbpxl] => 
)

----------- RESPONSE ---------
{"result":"ok","localClickId":"14fdf41f-ae43-49b2-b27e-1d438f90522d"}
----------- END --------------
December 27, 2021, 4:10 pm
----------- DATA -------------
Array
(
    [offerId] => 9c4fe23b-37ea-4954-945b-29067b0d5c0e
    [fio] => ryan
    [phone] => 09495073314
    [email] => admin@admin.com
    [domain] => http://mansehealth.com/landers/fa04a42719/land1/limon.php
    [ip] => 124.105.102.195
    [utm_campaign] => 923
    [utm_content] => 1
    [utm_medium] => 
    [utm_source] => SM
    [utm_term] => 
    [clickid] => dc8c8gxa5ejuowj107
    [fbpxl] => 
)

----------- RESPONSE ---------
{"result":"ok","localClickId":"24b7f2c7-b957-40b3-9b63-63926931d03d"}
----------- END --------------
December 27, 2021, 5:23 pm
----------- DATA -------------
Array
(
    [offerId] => 9c4fe23b-37ea-4954-945b-29067b0d5c0e
    [fio] => Enan
    [phone] => +639639570543
    [email] => admin@admin.com
    [domain] => http://mansehealth.com/landers/fa04a42719/land1/limon.php
    [ip] => 175.176.92.254
    [utm_campaign] => 923
    [utm_content] => 1
    [utm_medium] => 
    [utm_source] => SM
    [utm_term] => 
    [clickid] => 563fcgxa6ci8r6o777
    [fbpxl] => 
)

----------- RESPONSE ---------
{"result":"ok","localClickId":"41730d04-6665-4846-9472-e55604d96619"}
----------- END --------------
December 27, 2021, 5:25 pm
----------- DATA -------------
Array
(
    [offerId] => 9c4fe23b-37ea-4954-945b-29067b0d5c0e
    [fio] => Brecel
    [phone] => 09975661615
    [email] => admin@admin.com
    [domain] => http://mansehealth.com/landers/fa04a42719/land1/limon.php
    [ip] => 110.54.202.206
    [utm_campaign] => 923
    [utm_content] => 1
    [utm_medium] => 
    [utm_source] => SM
    [utm_term] => 
    [clickid] => b62e1gxa65216vr4e5
    [fbpxl] => 
)

----------- RESPONSE ---------
{"result":"ok","localClickId":"eb0965af-6a03-43fd-8779-d0ba3b00a94a"}
----------- END --------------
December 27, 2021, 6:49 pm
----------- DATA -------------
Array
(
    [offerId] => 9c4fe23b-37ea-4954-945b-29067b0d5c0e
    [fio] => Carlito belga 
    [phone] => 09618434545
    [email] => admin@admin.com
    [domain] => http://mansehealth.com/landers/fa04a42719/land1/limon.php
    [ip] => 175.176.50.199
    [utm_campaign] => 923
    [utm_content] => 1
    [utm_medium] => 
    [utm_source] => SM
    [utm_term] => 
    [clickid] => 1724dgxa6bg2tblfd1
    [fbpxl] => 
)

----------- RESPONSE ---------
{"result":"ok","localClickId":"bc66fad3-f51e-4595-a5a3-4d44521dab8c"}
----------- END --------------
December 27, 2021, 7:59 pm
----------- DATA -------------
Array
(
    [offerId] => 9c4fe23b-37ea-4954-945b-29067b0d5c0e
    [fio] => Honors tumaliuan09556714713
    [phone] => 09556714713
    [email] => admin@admin.com
    [domain] => http://mansehealth.com/landers/fa04a42719/land1/limon.php
    [ip] => 110.54.145.36
    [utm_campaign] => 923
    [utm_content] => 1
    [utm_medium] => 
    [utm_source] => SM
    [utm_term] => 
    [clickid] => 42824gxa7a2dv8n4ca
    [fbpxl] => 
)

----------- RESPONSE ---------
{"result":"ok","localClickId":"a4e94167-3c75-4365-8175-79a08ae8fc98"}
----------- END --------------
December 27, 2021, 8:36 pm
----------- DATA -------------
Array
(
    [offerId] => 9c4fe23b-37ea-4954-945b-29067b0d5c0e
    [fio] => Albert
    [phone] => 09634749370
    [email] => admin@admin.com
    [domain] => http://mansehealth.com/landers/fa04a42719/land1/limon.php
    [ip] => 103.125.151.118
    [utm_campaign] => 923
    [utm_content] => 1
    [utm_medium] => 
    [utm_source] => SM
    [utm_term] => 
    [clickid] => 913a3gxa7h9rn3ycac
    [fbpxl] => 
)

----------- RESPONSE ---------
{"result":"ok","localClickId":"04461fae-fb06-48e7-9475-ae7955f9247c"}
----------- END --------------
December 27, 2021, 9:16 pm
----------- DATA -------------
Array
(
    [offerId] => 9c4fe23b-37ea-4954-945b-29067b0d5c0e
    [fio] => Herbert patanao
    [phone] => 09759782633
    [email] => admin@admin.com
    [domain] => http://mansehealth.com/landers/fa04a42719/land1/limon.php
    [ip] => 110.54.173.216
    [utm_campaign] => 923
    [utm_content] => 1
    [utm_medium] => 
    [utm_source] => SM
    [utm_term] => 
    [clickid] => 67e7agxa7hedv8na5e
    [fbpxl] => 
)

----------- RESPONSE ---------
{"result":"ok","localClickId":"c18f63d2-6be4-4127-8010-df68b36ca630"}
----------- END --------------
December 27, 2021, 9:31 pm
----------- DATA -------------
Array
(
    [offerId] => 9c4fe23b-37ea-4954-945b-29067b0d5c0e
    [fio] => ,
    [phone] => ~
    [email] => admin@admin.com
    [domain] => http://mansehealth.com/landers/fa04a42719/land1/limon.php
    [ip] => 119.95.205.249
    [utm_campaign] => 923
    [utm_content] => 1
    [utm_medium] => 
    [utm_source] => SM
    [utm_term] => 
    [clickid] => 08fc6gxa7gm8w6o888
    [fbpxl] => 
)

----------- RESPONSE ---------
{"result":"ok","localClickId":"30f654cc-ffb3-4d25-b739-b8cbe4d8188e"}
----------- END --------------
December 27, 2021, 10:38 pm
----------- DATA -------------
Array
(
    [offerId] => 9c4fe23b-37ea-4954-945b-29067b0d5c0e
    [fio] => Yan
    [phone] => +639067912043
    [email] => admin@admin.com
    [domain] => http://mansehealth.com/landers/fa04a42719/land1/limon.php
    [ip] => 49.149.240.127
    [utm_campaign] => {campaign}
    [utm_content] => {trafficsource}
    [utm_medium] => 
    [utm_source] => SM
    [utm_term] => 
    [clickid] => {clickid}
    [fbpxl] => 
)

----------- RESPONSE ---------
{"result":"ok","localClickId":"637bcbd7-36a9-4e19-b969-7758124fa8e6"}
----------- END --------------
December 27, 2021, 11:10 pm
----------- DATA -------------
Array
(
    [offerId] => 9c4fe23b-37ea-4954-945b-29067b0d5c0e
    [fio] => Fernand0
    [phone] => 09153671197
    [email] => admin@admin.com
    [domain] => http://mansehealth.com/landers/fa04a42719/land1/limon.php
    [ip] => 2001:fd8:3315:c75a:64c7:a9dc:5f6d:98b0
    [utm_campaign] => 923
    [utm_content] => 1
    [utm_medium] => 
    [utm_source] => SM
    [utm_term] => 
    [clickid] => 891f8gxa7vca6vr2c0
    [fbpxl] => 
)

----------- RESPONSE ---------
{"result":"ok","localClickId":"8570c440-5589-4fe3-be27-7bd2534bf7b9"}
----------- END --------------
December 27, 2021, 11:44 pm
----------- DATA -------------
Array
(
    [offerId] => 9c4fe23b-37ea-4954-945b-29067b0d5c0e
    [fio] => Waris
    [phone] => 09751550660
    [email] => admin@admin.com
    [domain] => http://mansehealth.com/landers/fa04a42719/land1/limon.php
    [ip] => 180.195.152.154
    [utm_campaign] => 923
    [utm_content] => 1
    [utm_medium] => 
    [utm_source] => SM
    [utm_term] => 
    [clickid] => 351c2gxa7e2zw6o795
    [fbpxl] => 
)

----------- RESPONSE ---------
{"result":"ok","localClickId":"582a6e5c-7a70-4883-b368-ece05a029254"}
----------- END --------------
