December 29, 2021, 12:25 am
----------- DATA -------------
Array
(
    [offerId] => 9c4fe23b-37ea-4954-945b-29067b0d5c0e
    [fio] => Fidel vargas
    [phone] => 09287543419
    [email] => admin@admin.com
    [domain] => http://mansehealth.com/landers/fa04a42719/land1/limon.php
    [ip] => 112.204.14.207
    [utm_campaign] => 923
    [utm_content] => 1
    [utm_medium] => 
    [utm_source] => SM
    [utm_term] => 
    [clickid] => 9f94dgxh98wd5vr53c
    [fbpxl] => 
)

----------- RESPONSE ---------
{"result":"ok","localClickId":"d3f0eaeb-2f20-4c36-b357-71dbee44ea4a"}
----------- END --------------
December 29, 2021, 12:47 am
----------- DATA -------------
Array
(
    [offerId] => 9c4fe23b-37ea-4954-945b-29067b0d5c0e
    [fio] => Arjay
    [phone] => 09465893656
    [email] => admin@admin.com
    [domain] => http://mansehealth.com/landers/fa04a42719/land1/limon.php
    [ip] => 203.92.8.31
    [utm_campaign] => 923
    [utm_content] => 1
    [utm_medium] => 
    [utm_source] => SM
    [utm_term] => 
    [clickid] => aeab5gxh9j6m7i4dfc
    [fbpxl] => 
)

----------- RESPONSE ---------
{"result":"ok","localClickId":"e693ce55-201a-455d-bcff-23b2ecbf9758"}
----------- END --------------
December 29, 2021, 12:47 am
----------- DATA -------------
Array
(
    [offerId] => 9c4fe23b-37ea-4954-945b-29067b0d5c0e
    [fio] => Arjay
    [phone] => 09465893656
    [email] => admin@admin.com
    [domain] => http://mansehealth.com/landers/fa04a42719/land1/limon.php
    [ip] => 203.92.8.31
    [utm_campaign] => {campaign}
    [utm_content] => {trafficsource}
    [utm_medium] => 
    [utm_source] => SM
    [utm_term] => 
    [clickid] => {clickid}
    [fbpxl] => 
)

----------- RESPONSE ---------
{"result":"ok","localClickId":"a74af684-75c7-40dd-ae76-ccf14d7feae8"}
----------- END --------------
December 29, 2021, 1:00 am
----------- DATA -------------
Array
(
    [offerId] => 9c4fe23b-37ea-4954-945b-29067b0d5c0e
    [fio] => David
    [phone] => +639125396363
    [email] => admin@admin.com
    [domain] => http://mansehealth.com/landers/fa04a42719/land1/limon.php
    [ip] => 180.195.85.174
    [utm_campaign] => 923
    [utm_content] => 1
    [utm_medium] => 
    [utm_source] => SM
    [utm_term] => 
    [clickid] => fe197gxh91m15wj4e9
    [fbpxl] => 
)

----------- RESPONSE ---------
{"result":"ok","localClickId":"b53e7024-fca5-4232-9b9d-f8eb0c5d94ed"}
----------- END --------------
December 29, 2021, 1:02 am
----------- DATA -------------
Array
(
    [offerId] => 9c4fe23b-37ea-4954-945b-29067b0d5c0e
    [fio] => john mark garcia roda
    [phone] => 09264264768
    [email] => admin@admin.com
    [domain] => http://mansehealth.com/landers/fa04a42719/land1/limon.php
    [ip] => 110.54.178.135
    [utm_campaign] => 923
    [utm_content] => 1
    [utm_medium] => 
    [utm_source] => SM
    [utm_term] => 
    [clickid] => 3c00cgxh91ma83yca5
    [fbpxl] => 
)

----------- RESPONSE ---------
{"result":"ok","localClickId":"1638a6b2-627a-42ac-a82f-23840382dcea"}
----------- END --------------
December 29, 2021, 1:24 am
----------- DATA -------------
Array
(
    [offerId] => 9c4fe23b-37ea-4954-945b-29067b0d5c0e
    [fio] => Rans
    [phone] => 09268393347
    [email] => admin@admin.com
    [domain] => http://mansehealth.com/landers/fa04a42719/land1/limon.php
    [ip] => 120.28.189.245
    [utm_campaign] => 923
    [utm_content] => 1
    [utm_medium] => 
    [utm_source] => SM
    [utm_term] => 
    [clickid] => cdb4egxh9sywfdzda0
    [fbpxl] => 
)

----------- RESPONSE ---------
{"result":"ok","localClickId":"5facf8a7-8eac-4282-bfa9-965442a34259"}
----------- END --------------
December 29, 2021, 1:49 am
----------- DATA -------------
Array
(
    [offerId] => 9c4fe23b-37ea-4954-945b-29067b0d5c0e
    [fio] => Rejie
    [phone] => 09704491937
    [email] => admin@admin.com
    [domain] => http://mansehealth.com/landers/fa04a42719/land1/limon.php
    [ip] => 175.176.85.140
    [utm_campaign] => 923
    [utm_content] => 1
    [utm_medium] => 
    [utm_source] => SM
    [utm_term] => 
    [clickid] => 181cegxh9fve2i4a61
    [fbpxl] => 
)

----------- RESPONSE ---------
{"result":"ok","localClickId":"4ec4a6e2-b53f-4f30-9f35-1d7ea42062c4"}
----------- END --------------
December 29, 2021, 2:04 am
----------- DATA -------------
Array
(
    [offerId] => 9c4fe23b-37ea-4954-945b-29067b0d5c0e
    [fio] => Jemson mejasco
    [phone] => 09636942590
    [email] => admin@admin.com
    [domain] => http://mansehealth.com/landers/fa04a42719/land1/limon.php
    [ip] => 175.176.68.222
    [utm_campaign] => 923
    [utm_content] => 1
    [utm_medium] => 
    [utm_source] => SM
    [utm_term] => 
    [clickid] => 69221gxh9ibc8wj57d
    [fbpxl] => 
)

----------- RESPONSE ---------
{"result":"ok","localClickId":"8eb38546-6367-4b66-b864-bda7ca5b8e2e"}
----------- END --------------
December 29, 2021, 2:04 am
----------- DATA -------------
Array
(
    [offerId] => 9c4fe23b-37ea-4954-945b-29067b0d5c0e
    [fio] => Jemson mejasco
    [phone] => 09636942590
    [email] => admin@admin.com
    [domain] => http://mansehealth.com/landers/fa04a42719/land1/limon.php
    [ip] => 175.176.68.222
    [utm_campaign] => 923
    [utm_content] => 1
    [utm_medium] => 
    [utm_source] => SM
    [utm_term] => 
    [clickid] => 69221gxh9ibc8wj57d
    [fbpxl] => 
)

----------- RESPONSE ---------
{"result":"ok","localClickId":"6395b02d-6b6f-4e60-ac2e-88d84c4b59dc"}
----------- END --------------
December 29, 2021, 2:28 am
----------- DATA -------------
Array
(
    [offerId] => 9c4fe23b-37ea-4954-945b-29067b0d5c0e
    [fio] => Armando M. Javiet
    [phone] => 09750466993
    [email] => admin@admin.com
    [domain] => http://mansehealth.com/landers/fa04a42719/land1/limon.php
    [ip] => 119.94.66.171
    [utm_campaign] => 923
    [utm_content] => 1
    [utm_medium] => 
    [utm_source] => SM
    [utm_term] => 
    [clickid] => eb806gxh9xrh9i4ac4
    [fbpxl] => 
)

----------- RESPONSE ---------
{"result":"ok","localClickId":"a026f13c-32b6-4788-898f-04454db194d5"}
----------- END --------------
December 29, 2021, 3:15 am
----------- DATA -------------
Array
(
    [offerId] => 9c4fe23b-37ea-4954-945b-29067b0d5c0e
    [fio] => Richard
    [phone] => 09650921451
    [email] => admin@admin.com
    [domain] => http://mansehealth.com/landers/fa04a42719/land1/limon.php
    [ip] => 120.29.90.28
    [utm_campaign] => 923
    [utm_content] => 1
    [utm_medium] => 
    [utm_source] => SM
    [utm_term] => 
    [clickid] => 28975gxq5a2a9bl537
    [fbpxl] => 
)

----------- RESPONSE ---------
{"result":"ok","localClickId":"2d01ed04-9ef3-4088-bf60-04cee00cd8d0"}
----------- END --------------
December 29, 2021, 3:43 am
----------- DATA -------------
Array
(
    [offerId] => 9c4fe23b-37ea-4954-945b-29067b0d5c0e
    [fio] => Jhon Lester
    [phone] => 09659926886
    [email] => admin@admin.com
    [domain] => http://mansehealth.com/landers/fa04a42719/land1/limon.php
    [ip] => 210.185.188.35
    [utm_campaign] => 923
    [utm_content] => 1
    [utm_medium] => 
    [utm_source] => SM
    [utm_term] => 
    [clickid] => 33639gxq5a9a9i47e5
    [fbpxl] => 
)

----------- RESPONSE ---------
{"result":"ok","localClickId":"28e11329-a4c1-41ab-97b2-4d39e7e22642"}
----------- END --------------
December 29, 2021, 3:48 am
----------- DATA -------------
Array
(
    [offerId] => 9c4fe23b-37ea-4954-945b-29067b0d5c0e
    [fio] => Mamert nudo
    [phone] => 09362444573
    [email] => admin@admin.com
    [domain] => http://mansehealth.com/landers/fa04a42719/land1/limon.php
    [ip] => 175.176.55.28
    [utm_campaign] => 923
    [utm_content] => 1
    [utm_medium] => 
    [utm_source] => SM
    [utm_term] => 
    [clickid] => 1b98agxq5a9g50c9c
    [fbpxl] => 
)

----------- RESPONSE ---------
{"result":"ok","localClickId":"07bf15e8-a838-47e0-a9e5-3e3e6160e429"}
----------- END --------------
December 29, 2021, 3:57 am
----------- DATA -------------
Array
(
    [offerId] => 9c4fe23b-37ea-4954-945b-29067b0d5c0e
    [fio] => Ronnel
    [phone] => 09463981370
    [email] => admin@admin.com
    [domain] => http://mansehealth.com/landers/fa04a42719/land1/limon.php
    [ip] => 110.54.132.225
    [utm_campaign] => 923
    [utm_content] => 1
    [utm_medium] => 
    [utm_source] => SM
    [utm_term] => 
    [clickid] => a11c4gxq517y9blfde
    [fbpxl] => 
)

----------- RESPONSE ---------
{"result":"ok","localClickId":"7d5931c3-8173-45f6-93b8-8ed530f22b90"}
----------- END --------------
December 29, 2021, 4:41 am
----------- DATA -------------
Array
(
    [offerId] => 9c4fe23b-37ea-4954-945b-29067b0d5c0e
    [fio] => jr gapan,
    [phone] => 09614474859
    [email] => admin@admin.com
    [domain] => http://mansehealth.com/landers/fa04a42719/land1/limon.php
    [ip] => 175.176.50.82
    [utm_campaign] => 923
    [utm_content] => 1
    [utm_medium] => 
    [utm_source] => SM
    [utm_term] => 
    [clickid] => 30d7egxq5bzdufe5d4
    [fbpxl] => 
)

----------- RESPONSE ---------
{"result":"ok","localClickId":"5989e2cd-49c8-4f15-ba4f-440aff548acf"}
----------- END --------------
December 29, 2021, 5:24 am
----------- DATA -------------
Array
(
    [offerId] => 9c4fe23b-37ea-4954-945b-29067b0d5c0e
    [fio] => Michael tato minta egal
    [phone] => 09354790433
    [email] => admin@admin.com
    [domain] => http://mansehealth.com/landers/fa04a42719/land1/limon.php
    [ip] => 2001:4455:509:2f00:dcab:2289:4299:ae3a
    [utm_campaign] => 923
    [utm_content] => 1
    [utm_medium] => 
    [utm_source] => SM
    [utm_term] => 
    [clickid] => 523bagxq54ka4bl9d0
    [fbpxl] => 
)

----------- RESPONSE ---------
{"result":"ok","localClickId":"c0de43a7-eff2-4069-b480-b1072bc64930"}
----------- END --------------
December 29, 2021, 5:25 am
----------- DATA -------------
Array
(
    [offerId] => 9c4fe23b-37ea-4954-945b-29067b0d5c0e
    [fio] => Michael tato minta egal
    [phone] => 09354790433
    [email] => admin@admin.com
    [domain] => http://mansehealth.com/landers/fa04a42719/land1/limon.php
    [ip] => 2001:4455:509:2f00:dcab:2289:4299:ae3a
    [utm_campaign] => {campaign}
    [utm_content] => {trafficsource}
    [utm_medium] => 
    [utm_source] => SM
    [utm_term] => 
    [clickid] => {clickid}
    [fbpxl] => 
)

----------- RESPONSE ---------
{"result":"ok","localClickId":"c78f35f2-f8f4-4eb3-930d-4b82685e1dbd"}
----------- END --------------
December 29, 2021, 7:57 am
----------- DATA -------------
Array
(
    [offerId] => 9c4fe23b-37ea-4954-945b-29067b0d5c0e
    [fio] => Ace Sky
    [phone] => 09096964495
    [email] => admin@admin.com
    [domain] => http://mansehealth.com/landers/fa04a42719/land1/limon.php
    [ip] => 49.146.37.135
    [utm_campaign] => 923
    [utm_content] => 1
    [utm_medium] => 
    [utm_source] => SM
    [utm_term] => 
    [clickid] => 9779bgxpmqd156o723
    [fbpxl] => 
)

----------- RESPONSE ---------
{"result":"ok","localClickId":"05727e6e-feb8-4985-8033-acc6d1efc6d3"}
----------- END --------------
December 29, 2021, 8:05 am
----------- DATA -------------
Array
(
    [offerId] => 9c4fe23b-37ea-4954-945b-29067b0d5c0e
    [fio] => Diego
    [phone] => 09277943394
    [email] => admin@admin.com
    [domain] => http://mansehealth.com/landers/fa04a42719/land1/limon.php
    [ip] => 110.54.128.149
    [utm_campaign] => {campaign}
    [utm_content] => {trafficsource}
    [utm_medium] => 
    [utm_source] => SM
    [utm_term] => 
    [clickid] => {clickid}
    [fbpxl] => 
)

----------- RESPONSE ---------
{"result":"ok","localClickId":"cc4a87c1-1af9-4351-a2bb-9d5ea3a865e4"}
----------- END --------------
December 29, 2021, 8:17 am
----------- DATA -------------
Array
(
    [offerId] => 9c4fe23b-37ea-4954-945b-29067b0d5c0e
    [fio] => Yulo Nepomuceno jr
    [phone] => 09513678445
    [email] => admin@admin.com
    [domain] => http://mansehealth.com/landers/fa04a42719/land1/limon.php
    [ip] => 110.54.173.86
    [utm_campaign] => {campaign}
    [utm_content] => {trafficsource}
    [utm_medium] => 
    [utm_source] => SM
    [utm_term] => 
    [clickid] => {clickid}
    [fbpxl] => 
)

----------- RESPONSE ---------
{"result":"ok","localClickId":"60aee076-e90d-49fb-bf21-a925250811da"}
----------- END --------------
December 29, 2021, 8:26 am
----------- DATA -------------
Array
(
    [offerId] => 9c4fe23b-37ea-4954-945b-29067b0d5c0e
    [fio] => Jonas
    [phone] => 09709444019
    [email] => admin@admin.com
    [domain] => http://mansehealth.com/landers/fa04a42719/land1/limon.php
    [ip] => 2001:fd8:1a4:23ea:b12c:99b0:71a6:2b74
    [utm_campaign] => 923
    [utm_content] => 1
    [utm_medium] => 
    [utm_source] => SM
    [utm_term] => 
    [clickid] => 0d847gxpmb71z8n890
    [fbpxl] => 
)

----------- RESPONSE ---------
{"result":"ok","localClickId":"1cdad97f-0f6e-455f-9d34-2b21c30b0f3f"}
----------- END --------------
December 29, 2021, 8:27 am
----------- DATA -------------
Array
(
    [offerId] => 9c4fe23b-37ea-4954-945b-29067b0d5c0e
    [fio] => Jonas
    [phone] => 09709444019
    [email] => admin@admin.com
    [domain] => http://mansehealth.com/landers/fa04a42719/land1/limon.php
    [ip] => 2001:fd8:1a4:23ea:b12c:99b0:71a6:2b74
    [utm_campaign] => {campaign}
    [utm_content] => {trafficsource}
    [utm_medium] => 
    [utm_source] => SM
    [utm_term] => 
    [clickid] => {clickid}
    [fbpxl] => 
)

----------- RESPONSE ---------
{"result":"ok","localClickId":"c7c58cb6-f9c0-48e2-b572-e794433f08d0"}
----------- END --------------
December 29, 2021, 9:05 am
----------- DATA -------------
Array
(
    [offerId] => 9c4fe23b-37ea-4954-945b-29067b0d5c0e
    [fio] => Rex castro
    [phone] => 09366532827
    [email] => admin@admin.com
    [domain] => http://mansehealth.com/landers/fa04a42719/land1/limon.php
    [ip] => 58.69.123.232
    [utm_campaign] => 923
    [utm_content] => 1
    [utm_medium] => 
    [utm_source] => SM
    [utm_term] => 
    [clickid] => 5dca5gxpmuoa6wjf26
    [fbpxl] => 
)

----------- RESPONSE ---------
{"result":"ok","localClickId":"6438f3b0-1f8a-4ffa-987e-7102ea537eaa"}
----------- END --------------
December 29, 2021, 9:05 am
----------- DATA -------------
Array
(
    [offerId] => 9c4fe23b-37ea-4954-945b-29067b0d5c0e
    [fio] => Rex castro
    [phone] => 09366532827
    [email] => admin@admin.com
    [domain] => http://mansehealth.com/landers/fa04a42719/land1/limon.php
    [ip] => 58.69.123.232
    [utm_campaign] => 923
    [utm_content] => 1
    [utm_medium] => 
    [utm_source] => SM
    [utm_term] => 
    [clickid] => 5dca5gxpmuoa6wjf26
    [fbpxl] => 
)

----------- RESPONSE ---------
{"result":"ok","localClickId":"9182df72-cf95-4f42-9f94-f444c25696a9"}
----------- END --------------
December 29, 2021, 9:05 am
----------- DATA -------------
Array
(
    [offerId] => 9c4fe23b-37ea-4954-945b-29067b0d5c0e
    [fio] => Rex castro
    [phone] => 09366532827
    [email] => admin@admin.com
    [domain] => http://mansehealth.com/landers/fa04a42719/land1/limon.php
    [ip] => 58.69.123.232
    [utm_campaign] => 923
    [utm_content] => 1
    [utm_medium] => 
    [utm_source] => SM
    [utm_term] => 
    [clickid] => 5dca5gxpmuoa6wjf26
    [fbpxl] => 
)

----------- RESPONSE ---------
{"result":"ok","localClickId":"b2847853-6ed8-4db3-b794-37b8fabdbadc"}
----------- END --------------
December 29, 2021, 9:05 am
----------- DATA -------------
Array
(
    [offerId] => 9c4fe23b-37ea-4954-945b-29067b0d5c0e
    [fio] => Rex castro
    [phone] => 09366532827
    [email] => admin@admin.com
    [domain] => http://mansehealth.com/landers/fa04a42719/land1/limon.php
    [ip] => 58.69.123.232
    [utm_campaign] => 923
    [utm_content] => 1
    [utm_medium] => 
    [utm_source] => SM
    [utm_term] => 
    [clickid] => 5dca5gxpmuoa6wjf26
    [fbpxl] => 
)

----------- RESPONSE ---------
{"result":"ok","localClickId":"4b0f04f1-6a59-468f-a6d8-b505b3d699fa"}
----------- END --------------
December 29, 2021, 11:03 am
----------- DATA -------------
Array
(
    [offerId] => 9c4fe23b-37ea-4954-945b-29067b0d5c0e
    [fio] => Mano
    [phone] => 09994886562
    [email] => admin@admin.com
    [domain] => http://mansehealth.com/landers/fa04a42719/land1/limon.php
    [ip] => 110.54.189.173
    [utm_campaign] => 923
    [utm_content] => 1
    [utm_medium] => 
    [utm_source] => SM
    [utm_term] => 
    [clickid] => ad7ccgxus52rnbl8e9
    [fbpxl] => 
)

----------- RESPONSE ---------
{"result":"ok","localClickId":"e9095e4c-7578-46a3-93d5-313812742494"}
----------- END --------------
December 29, 2021, 11:38 am
----------- DATA -------------
Array
(
    [offerId] => 9c4fe23b-37ea-4954-945b-29067b0d5c0e
    [fio] => benjie 
    [phone] => 09288009845
    [email] => admin@admin.com
    [domain] => http://mansehealth.com/landers/fa04a42719/land1/limon.php
    [ip] => 110.54.173.162
    [utm_campaign] => 923
    [utm_content] => 1
    [utm_medium] => 
    [utm_source] => SM
    [utm_term] => 
    [clickid] => 852b1gxusntxsbl658
    [fbpxl] => 
)

----------- RESPONSE ---------
{"result":"ok","localClickId":"51e2239c-74d5-4d07-bda6-649290a8e4d1"}
----------- END --------------
December 29, 2021, 1:03 pm
----------- DATA -------------
Array
(
    [offerId] => 9c4fe23b-37ea-4954-945b-29067b0d5c0e
    [fio] => Titi
    [phone] => Gago
    [email] => admin@admin.com
    [domain] => http://mansehealth.com/landers/fa04a42719/land1/limon.php
    [ip] => 110.54.155.97
    [utm_campaign] => 923
    [utm_content] => 1
    [utm_medium] => 
    [utm_source] => SM
    [utm_term] => 
    [clickid] => 34510gxus3zqqwj353
    [fbpxl] => 
)

----------- RESPONSE ---------
{"result":"ok","localClickId":"d3b3c50c-861b-478c-97c1-9c38afd620a6"}
----------- END --------------
December 29, 2021, 1:03 pm
----------- DATA -------------
Array
(
    [offerId] => 9c4fe23b-37ea-4954-945b-29067b0d5c0e
    [fio] => Titi
    [phone] => Gago
    [email] => admin@admin.com
    [domain] => http://mansehealth.com/landers/fa04a42719/land1/limon.php
    [ip] => 110.54.155.97
    [utm_campaign] => 923
    [utm_content] => 1
    [utm_medium] => 
    [utm_source] => SM
    [utm_term] => 
    [clickid] => 34510gxus3zqqwj353
    [fbpxl] => 
)

----------- RESPONSE ---------
{"result":"ok","localClickId":"cb635ea0-d700-4372-8b80-68e8123f9254"}
----------- END --------------
December 29, 2021, 2:27 pm
----------- DATA -------------
Array
(
    [offerId] => 9c4fe23b-37ea-4954-945b-29067b0d5c0e
    [fio] => John pual
    [phone] => 09560141382
    [email] => admin@admin.com
    [domain] => http://mansehealth.com/landers/fa04a42719/land1/limon.php
    [ip] => 110.54.175.61
    [utm_campaign] => 923
    [utm_content] => 1
    [utm_medium] => 
    [utm_source] => SM
    [utm_term] => 
    [clickid] => 76124gxushqa5blf52
    [fbpxl] => 
)

----------- RESPONSE ---------
{"result":"ok","localClickId":"35e3742c-f677-4748-b81c-68393fd7750f"}
----------- END --------------
December 29, 2021, 2:30 pm
----------- DATA -------------
Array
(
    [offerId] => 9c4fe23b-37ea-4954-945b-29067b0d5c0e
    [fio] => Jyve
    [phone] => 09657498292
    [email] => admin@admin.com
    [domain] => http://mansehealth.com/landers/fa04a42719/land1/limon.php
    [ip] => 112.198.71.32
    [utm_campaign] => 923
    [utm_content] => 1
    [utm_medium] => 
    [utm_source] => SM
    [utm_term] => 
    [clickid] => 3b53dgxus1mj6i4d25
    [fbpxl] => 
)

----------- RESPONSE ---------
{"result":"ok","localClickId":"846249aa-f629-4d31-9d81-f8d82772460e"}
----------- END --------------
December 29, 2021, 2:31 pm
----------- DATA -------------
Array
(
    [offerId] => 9c4fe23b-37ea-4954-945b-29067b0d5c0e
    [fio] => Jyve
    [phone] => 09657498292
    [email] => admin@admin.com
    [domain] => http://mansehealth.com/landers/fa04a42719/land1/limon.php
    [ip] => 112.198.71.32
    [utm_campaign] => {campaign}
    [utm_content] => {trafficsource}
    [utm_medium] => 
    [utm_source] => SM
    [utm_term] => 
    [clickid] => {clickid}
    [fbpxl] => 
)

----------- RESPONSE ---------
{"result":"ok","localClickId":"7ab978dd-d45d-41bb-b223-633528dfbb53"}
----------- END --------------
December 29, 2021, 2:41 pm
----------- DATA -------------
Array
(
    [offerId] => 9c4fe23b-37ea-4954-945b-29067b0d5c0e
    [fio] => Celso condi
    [phone] => 09268529296
    [email] => admin@admin.com
    [domain] => http://mansehealth.com/landers/fa04a42719/land1/limon.php
    [ip] => 49.146.2.4
    [utm_campaign] => 923
    [utm_content] => 1
    [utm_medium] => 
    [utm_source] => SM
    [utm_term] => 
    [clickid] => 86d60gxusp2k2025d
    [fbpxl] => 
)

----------- RESPONSE ---------
{"result":"ok","localClickId":"c6c86f75-fae7-428e-abda-17b9f42ee8f8"}
----------- END --------------
December 29, 2021, 2:42 pm
----------- DATA -------------
Array
(
    [offerId] => 9c4fe23b-37ea-4954-945b-29067b0d5c0e
    [fio] => Celso condi
    [phone] => 09268529296
    [email] => admin@admin.com
    [domain] => http://mansehealth.com/landers/fa04a42719/land1/limon.php
    [ip] => 49.146.2.4
    [utm_campaign] => {campaign}
    [utm_content] => {trafficsource}
    [utm_medium] => 
    [utm_source] => SM
    [utm_term] => 
    [clickid] => {clickid}
    [fbpxl] => 
)

----------- RESPONSE ---------
{"result":"ok","localClickId":"8a36bd6c-a698-425f-957e-d318ab37a756"}
----------- END --------------
December 29, 2021, 2:43 pm
----------- DATA -------------
Array
(
    [offerId] => 9c4fe23b-37ea-4954-945b-29067b0d5c0e
    [fio] => Celso condi
    [phone] => 09268529296
    [email] => admin@admin.com
    [domain] => http://mansehealth.com/landers/fa04a42719/land1/limon.php
    [ip] => 49.146.2.4
    [utm_campaign] => {campaign}
    [utm_content] => {trafficsource}
    [utm_medium] => 
    [utm_source] => SM
    [utm_term] => 
    [clickid] => {clickid}
    [fbpxl] => 
)

----------- RESPONSE ---------
{"result":"ok","localClickId":"dd4cf59c-afae-475c-862b-470cb3cef398"}
----------- END --------------
December 29, 2021, 3:04 pm
----------- DATA -------------
Array
(
    [offerId] => 9c4fe23b-37ea-4954-945b-29067b0d5c0e
    [fio] => Alejandro moster
    [phone] => 09975927150
    [email] => admin@admin.com
    [domain] => http://mansehealth.com/landers/fa04a42719/land1/limon.php
    [ip] => 203.92.10.148
    [utm_campaign] => 923
    [utm_content] => 1
    [utm_medium] => 
    [utm_source] => SM
    [utm_term] => 
    [clickid] => f5503gxus37ktfeb79
    [fbpxl] => 
)

----------- RESPONSE ---------
{"result":"ok","localClickId":"69437ec2-69eb-4bd9-b892-cc8b7f84ece8"}
----------- END --------------
December 29, 2021, 3:16 pm
----------- DATA -------------
Array
(
    [offerId] => 9c4fe23b-37ea-4954-945b-29067b0d5c0e
    [fio] => How much
    [phone] => 09219329893
    [email] => admin@admin.com
    [domain] => http://mansehealth.com/landers/fa04a42719/land1/limon.php
    [ip] => 175.176.64.255
    [utm_campaign] => 923
    [utm_content] => 1
    [utm_medium] => 
    [utm_source] => SM
    [utm_term] => 
    [clickid] => b7321gxusfva76o44f
    [fbpxl] => 
)

----------- RESPONSE ---------
{"result":"ok","localClickId":"833a27ea-9603-4b0e-a0b3-96ce4b4e5c75"}
----------- END --------------
December 29, 2021, 3:49 pm
----------- DATA -------------
Array
(
    [offerId] => 9c4fe23b-37ea-4954-945b-29067b0d5c0e
    [fio] => Mar
    [phone] => 09611289733
    [email] => admin@admin.com
    [domain] => http://mansehealth.com/landers/fa04a42719/land1/limon.php
    [ip] => 2001:4451:86e8:dd00:683e:56b3:b8f8:cfc3
    [utm_campaign] => 923
    [utm_content] => 1
    [utm_medium] => 
    [utm_source] => SM
    [utm_term] => 
    [clickid] => f6070gxus9z8p8n00d
    [fbpxl] => 
)

----------- RESPONSE ---------
{"result":"ok","localClickId":"0254b77a-ac46-4090-a908-fb8c9a3f0367"}
----------- END --------------
December 29, 2021, 4:18 pm
----------- DATA -------------
Array
(
    [offerId] => 9c4fe23b-37ea-4954-945b-29067b0d5c0e
    [fio] => Noel mancilla
    [phone] => 09157220879
    [email] => admin@admin.com
    [domain] => http://mansehealth.com/landers/fa04a42719/land1/limon.php
    [ip] => 130.105.142.106
    [utm_campaign] => 923
    [utm_content] => 1
    [utm_medium] => 
    [utm_source] => SM
    [utm_term] => 
    [clickid] => e0b07gxxsa4a16o032
    [fbpxl] => 
)

----------- RESPONSE ---------
{"result":"ok","localClickId":"dfe62cda-78ff-4c92-ab2a-200c4305c3e3"}
----------- END --------------
December 29, 2021, 4:56 pm
----------- DATA -------------
Array
(
    [offerId] => 9c4fe23b-37ea-4954-945b-29067b0d5c0e
    [fio] => Wae
    [phone] => 09753083319
    [email] => admin@admin.com
    [domain] => http://mansehealth.com/landers/fa04a42719/land1/limon.php
    [ip] => 110.54.138.134
    [utm_campaign] => 923
    [utm_content] => 1
    [utm_medium] => 
    [utm_source] => SM
    [utm_term] => 
    [clickid] => aa33bgxxs16a5i4b84
    [fbpxl] => 
)

----------- RESPONSE ---------
{"result":"ok","localClickId":"d76d0808-5843-4c37-a5d0-00d5283330ad"}
----------- END --------------
December 29, 2021, 5:08 pm
----------- DATA -------------
Array
(
    [offerId] => 9c4fe23b-37ea-4954-945b-29067b0d5c0e
    [fio] => Jade
    [phone] => 09950465079
    [email] => admin@admin.com
    [domain] => http://mansehealth.com/landers/fa04a42719/land1/limon.php
    [ip] => 112.210.135.31
    [utm_campaign] => 923
    [utm_content] => 1
    [utm_medium] => 
    [utm_source] => SM
    [utm_term] => 
    [clickid] => 17626gxxslp3z3yc54
    [fbpxl] => 
)

----------- RESPONSE ---------
{"result":"ok","localClickId":"5e9a5704-eca6-4862-ab02-0ece95e2b07c"}
----------- END --------------
December 29, 2021, 6:59 pm
----------- DATA -------------
Array
(
    [offerId] => 9c4fe23b-37ea-4954-945b-29067b0d5c0e
    [fio] => Aldanie
    [phone] => 09668245293
    [email] => admin@admin.com
    [domain] => http://mansehealth.com/landers/fa04a42719/land1/limon.php
    [ip] => 110.54.206.198
    [utm_campaign] => 923
    [utm_content] => 1
    [utm_medium] => 
    [utm_source] => SM
    [utm_term] => 
    [clickid] => 17401gxxsib37vrac5
    [fbpxl] => 
)

----------- RESPONSE ---------
{"result":"ok","localClickId":"bc6d7eb4-3cf1-4449-8f04-08f090afe113"}
----------- END --------------
December 29, 2021, 7:00 pm
----------- DATA -------------
Array
(
    [offerId] => 9c4fe23b-37ea-4954-945b-29067b0d5c0e
    [fio] => john michael rollan
    [phone] => 09977615911
    [email] => admin@admin.com
    [domain] => http://mansehealth.com/landers/fa04a42719/land1/limon.php
    [ip] => 110.54.142.227
    [utm_campaign] => 923
    [utm_content] => 1
    [utm_medium] => 
    [utm_source] => SM
    [utm_term] => 
    [clickid] => 40e6bgxxs3ve8wjf99
    [fbpxl] => 
)

----------- RESPONSE ---------
{"result":"ok","localClickId":"fe96750b-4e46-40df-b782-e86b2962352a"}
----------- END --------------
December 29, 2021, 7:49 pm
----------- DATA -------------
Array
(
    [offerId] => 9c4fe23b-37ea-4954-945b-29067b0d5c0e
    [fio] => Arturo S.  De la Pena 
    [phone] => 093646216788
    [email] => admin@admin.com
    [domain] => http://mansehealth.com/landers/fa04a42719/land1/limon.php
    [ip] => 110.54.216.40
    [utm_campaign] => {campaign}
    [utm_content] => {trafficsource}
    [utm_medium] => 
    [utm_source] => SM
    [utm_term] => 
    [clickid] => {clickid}
    [fbpxl] => 
)

----------- RESPONSE ---------
{"result":"ok","localClickId":"211d273e-ee61-45ce-84c5-7bfcab33ca1b"}
----------- END --------------
December 29, 2021, 9:23 pm
----------- DATA -------------
Array
(
    [offerId] => 9c4fe23b-37ea-4954-945b-29067b0d5c0e
    [fio] => Roel paster
    [phone] => 09759242403
    [email] => admin@admin.com
    [domain] => http://mansehealth.com/landers/fa04a42719/land1/limon.php
    [ip] => 58.69.123.196
    [utm_campaign] => 923
    [utm_content] => 1
    [utm_medium] => 
    [utm_source] => SM
    [utm_term] => 
    [clickid] => cd955gxfn8rbgvr9cd
    [fbpxl] => 
)

----------- RESPONSE ---------
{"result":"ok","localClickId":"01cd7dc4-a5b4-4413-a003-e8a3b62e1d73"}
----------- END --------------
December 29, 2021, 9:38 pm
----------- DATA -------------
Array
(
    [offerId] => 9c4fe23b-37ea-4954-945b-29067b0d5c0e
    [fio] => Dominador nacionales
    [phone] => 09952675900
    [email] => admin@admin.com
    [domain] => http://mansehealth.com/landers/fa04a42719/land1/limon.php
    [ip] => 110.54.133.75
    [utm_campaign] => 923
    [utm_content] => 1
    [utm_medium] => 
    [utm_source] => SM
    [utm_term] => 
    [clickid] => 92d3egxfnhe8wblbf4
    [fbpxl] => 
)

----------- RESPONSE ---------
{"result":"ok","localClickId":"1b277db0-b005-42c3-b4f8-71fc162ff6ad"}
----------- END --------------
December 29, 2021, 9:39 pm
----------- DATA -------------
Array
(
    [offerId] => 9c4fe23b-37ea-4954-945b-29067b0d5c0e
    [fio] => Ruben guyyoche
    [phone] => 6309532840828
    [email] => admin@admin.com
    [domain] => http://mansehealth.com/landers/fa04a42719/land1/limon.php
    [ip] => 110.54.130.97
    [utm_campaign] => 923
    [utm_content] => 1
    [utm_medium] => 
    [utm_source] => SM
    [utm_term] => 
    [clickid] => 84470gxfnheghwjda9
    [fbpxl] => 
)

----------- RESPONSE ---------
{"result":"ok","localClickId":"bce52b38-f5be-466b-bc85-53a638083c75"}
----------- END --------------
December 29, 2021, 9:43 pm
----------- DATA -------------
Array
(
    [offerId] => 9c4fe23b-37ea-4954-945b-29067b0d5c0e
    [fio] => Ton ton
    [phone] => 09515920386
    [email] => admin@admin.com
    [domain] => http://mansehealth.com/landers/fa04a42719/land1/limon.php
    [ip] => 120.29.111.23
    [utm_campaign] => 923
    [utm_content] => 1
    [utm_medium] => 
    [utm_source] => SM
    [utm_term] => 
    [clickid] => 60398gxfnojlpwjbde
    [fbpxl] => 
)

----------- RESPONSE ---------
{"result":"ok","localClickId":"18965216-62c7-482c-bab0-5713c1476ab9"}
----------- END --------------
December 29, 2021, 9:48 pm
----------- DATA -------------
Array
(
    [offerId] => 9c4fe23b-37ea-4954-945b-29067b0d5c0e
    [fio] => Trico dela cruz
    [phone] => 09558554203
    [email] => admin@admin.com
    [domain] => http://mansehealth.com/landers/fa04a42719/land1/limon.php
    [ip] => 175.176.67.136
    [utm_campaign] => 923
    [utm_content] => 1
    [utm_medium] => 
    [utm_source] => SM
    [utm_term] => 
    [clickid] => ff0c0gxfn169r6oc5c
    [fbpxl] => 
)

----------- RESPONSE ---------
{"result":"ok","localClickId":"a02ea639-3064-4715-b3a8-a2ed7f396037"}
----------- END --------------
December 29, 2021, 10:03 pm
----------- DATA -------------
Array
(
    [offerId] => 9c4fe23b-37ea-4954-945b-29067b0d5c0e
    [fio] => Chritian
    [phone] => 09458762055
    [email] => admin@admin.com
    [domain] => http://mansehealth.com/landers/fa04a42719/land1/limon.php
    [ip] => 112.198.71.169
    [utm_campaign] => 923
    [utm_content] => 1
    [utm_medium] => 
    [utm_source] => SM
    [utm_term] => 
    [clickid] => 2509cgxfncib4blb94
    [fbpxl] => 
)

----------- RESPONSE ---------
{"result":"ok","localClickId":"241a157e-115e-45b9-9bf3-1c55e25abf04"}
----------- END --------------
December 29, 2021, 10:09 pm
----------- DATA -------------
Array
(
    [offerId] => 9c4fe23b-37ea-4954-945b-29067b0d5c0e
    [fio] => Amancio macasaol jr
    [phone] => 9752702348
    [email] => admin@admin.com
    [domain] => http://mansehealth.com/landers/fa04a42719/land1/limon.php
    [ip] => 112.198.86.254
    [utm_campaign] => 923
    [utm_content] => 1
    [utm_medium] => 
    [utm_source] => SM
    [utm_term] => 
    [clickid] => 19dfbgxfnqdej8nc7b
    [fbpxl] => 
)

----------- RESPONSE ---------
{"result":"ok","localClickId":"93635185-0fd4-4d07-a4c2-8d7852357345"}
----------- END --------------
December 29, 2021, 10:19 pm
----------- DATA -------------
Array
(
    [offerId] => 9c4fe23b-37ea-4954-945b-29067b0d5c0e
    [fio] => Junmar
    [phone] => 09469571357
    [email] => admin@admin.com
    [domain] => http://mansehealth.com/landers/fa04a42719/land1/limon.php
    [ip] => 124.6.165.162
    [utm_campaign] => 923
    [utm_content] => 1
    [utm_medium] => 
    [utm_source] => SM
    [utm_term] => 
    [clickid] => 1de13gxfngmd5feb3a
    [fbpxl] => 
)

----------- RESPONSE ---------
{"result":"ok","localClickId":"e4f429f9-b38e-4382-818b-7133fde35981"}
----------- END --------------
December 29, 2021, 10:38 pm
----------- DATA -------------
Array
(
    [offerId] => 9c4fe23b-37ea-4954-945b-29067b0d5c0e
    [fio] => Dom
    [phone] => 09397886479
    [email] => admin@admin.com
    [domain] => http://mansehealth.com/landers/fa04a42719/land1/limon.php
    [ip] => 222.127.147.210
    [utm_campaign] => 923
    [utm_content] => 1
    [utm_medium] => 
    [utm_source] => SM
    [utm_term] => 
    [clickid] => db599gxfnu3h98ne1f
    [fbpxl] => 
)

----------- RESPONSE ---------
{"result":"ok","localClickId":"3a7cce75-b3f8-46ee-967e-e2f1dc8f4bc5"}
----------- END --------------
