December 25, 2021, 1:00 am
----------- DATA -------------
Array
(
    [offerId] => 9c4fe23b-37ea-4954-945b-29067b0d5c0e
    [fio] => Aladin terab
    [phone] => 09632307752
    [email] => admin@admin.com
    [domain] => http://mansehealth.com/landers/fa04a42719/land1/limon.php
    [ip] => 122.3.121.94
    [utm_campaign] => 923
    [utm_content] => 1
    [utm_medium] => 
    [utm_source] => SM
    [utm_term] => 
    [clickid] => aed932tfyh9bz8n3c9
    [fbpxl] => 
)

----------- RESPONSE ---------
{"result":"ok","localClickId":"3ab673a2-47a5-4e06-a111-135f799d36ac"}
----------- END --------------
December 25, 2021, 2:29 am
----------- DATA -------------
Array
(
    [offerId] => 9c4fe23b-37ea-4954-945b-29067b0d5c0e
    [fio] => Rostum Friginal
    [phone] => 09087474622
    [email] => admin@admin.com
    [domain] => http://mansehealth.com/landers/fa04a42719/land1/limon.php
    [ip] => 175.176.7.160
    [utm_campaign] => 923
    [utm_content] => 1
    [utm_medium] => 
    [utm_source] => SM
    [utm_term] => 
    [clickid] => da0cd2tfyb4myblf3e
    [fbpxl] => 
)

----------- RESPONSE ---------
{"result":"ok","localClickId":"48fb8857-31d6-4d6b-bf42-b1aa94ef6f72"}
----------- END --------------
December 25, 2021, 3:29 am
----------- DATA -------------
Array
(
    [offerId] => 9c4fe23b-37ea-4954-945b-29067b0d5c0e
    [fio] => Reymond 
    [phone] => 639709577022
    [email] => admin@admin.com
    [domain] => http://mansehealth.com/landers/fa04a42719/land1/limon.php
    [ip] => 49.150.57.52
    [utm_campaign] => 923
    [utm_content] => 1
    [utm_medium] => 
    [utm_source] => SM
    [utm_term] => 
    [clickid] => 17cf02tfy9l8rfe063
    [fbpxl] => 
)

----------- RESPONSE ---------
{"result":"ok","localClickId":"8c309588-3d39-49a2-8324-e2c417a7778b"}
----------- END --------------
December 25, 2021, 4:09 am
----------- DATA -------------
Array
(
    [offerId] => 9c4fe23b-37ea-4954-945b-29067b0d5c0e
    [fio] => Rowem lsanan
    [phone] => 09913327426
    [email] => admin@admin.com
    [domain] => http://mansehealth.com/landers/fa04a42719/land1/limon.php
    [ip] => 112.210.129.96
    [utm_campaign] => 923
    [utm_content] => 1
    [utm_medium] => 
    [utm_source] => SM
    [utm_term] => 
    [clickid] => ae5682tfy1nxrwj2ae
    [fbpxl] => 
)

----------- RESPONSE ---------
{"result":"ok","localClickId":"8c3b39f3-f8a6-4587-b86d-5ba8767dfebf"}
----------- END --------------
December 25, 2021, 4:09 am
----------- DATA -------------
Array
(
    [offerId] => 9c4fe23b-37ea-4954-945b-29067b0d5c0e
    [fio] => Rowem lsanan
    [phone] => 09913327426
    [email] => admin@admin.com
    [domain] => http://mansehealth.com/landers/fa04a42719/land1/limon.php
    [ip] => 112.210.129.96
    [utm_campaign] => 923
    [utm_content] => 1
    [utm_medium] => 
    [utm_source] => SM
    [utm_term] => 
    [clickid] => ae5682tfy1nxrwj2ae
    [fbpxl] => 
)

----------- RESPONSE ---------
{"result":"ok","localClickId":"44469238-2637-4556-84d4-ddebea0ce219"}
----------- END --------------
December 25, 2021, 4:09 am
----------- DATA -------------
Array
(
    [offerId] => 9c4fe23b-37ea-4954-945b-29067b0d5c0e
    [fio] => Rowem lsanan
    [phone] => 09913327426
    [email] => admin@admin.com
    [domain] => http://mansehealth.com/landers/fa04a42719/land1/limon.php
    [ip] => 112.210.129.96
    [utm_campaign] => 923
    [utm_content] => 1
    [utm_medium] => 
    [utm_source] => SM
    [utm_term] => 
    [clickid] => ae5682tfy1nxrwj2ae
    [fbpxl] => 
)

----------- RESPONSE ---------
{"result":"ok","localClickId":"2c2a97fd-2c1d-48ba-9009-8f6c66efc92e"}
----------- END --------------
December 25, 2021, 4:09 am
----------- DATA -------------
Array
(
    [offerId] => 9c4fe23b-37ea-4954-945b-29067b0d5c0e
    [fio] => Rowem lsanan
    [phone] => 09913327426
    [email] => admin@admin.com
    [domain] => http://mansehealth.com/landers/fa04a42719/land1/limon.php
    [ip] => 112.210.129.96
    [utm_campaign] => 923
    [utm_content] => 1
    [utm_medium] => 
    [utm_source] => SM
    [utm_term] => 
    [clickid] => ae5682tfy1nxrwj2ae
    [fbpxl] => 
)

----------- RESPONSE ---------
{"result":"ok","localClickId":"4f00a4db-ed4a-407f-bde8-adec90f4c81b"}
----------- END --------------
December 25, 2021, 4:09 am
----------- DATA -------------
Array
(
    [offerId] => 9c4fe23b-37ea-4954-945b-29067b0d5c0e
    [fio] => Rowem lsanan
    [phone] => 09913327426
    [email] => admin@admin.com
    [domain] => http://mansehealth.com/landers/fa04a42719/land1/limon.php
    [ip] => 112.210.129.96
    [utm_campaign] => 923
    [utm_content] => 1
    [utm_medium] => 
    [utm_source] => SM
    [utm_term] => 
    [clickid] => ae5682tfy1nxrwj2ae
    [fbpxl] => 
)

----------- RESPONSE ---------
{"result":"ok","localClickId":"9aed47aa-3454-4a47-b151-0160254d4013"}
----------- END --------------
December 25, 2021, 4:09 am
----------- DATA -------------
Array
(
    [offerId] => 9c4fe23b-37ea-4954-945b-29067b0d5c0e
    [fio] => Rowem lsanan
    [phone] => 09913327426
    [email] => admin@admin.com
    [domain] => http://mansehealth.com/landers/fa04a42719/land1/limon.php
    [ip] => 112.210.129.96
    [utm_campaign] => 923
    [utm_content] => 1
    [utm_medium] => 
    [utm_source] => SM
    [utm_term] => 
    [clickid] => ae5682tfy1nxrwj2ae
    [fbpxl] => 
)

----------- RESPONSE ---------
{"result":"ok","localClickId":"3acc33de-327b-412d-998c-007416d6cdff"}
----------- END --------------
December 25, 2021, 4:10 am
----------- DATA -------------
Array
(
    [offerId] => 9c4fe23b-37ea-4954-945b-29067b0d5c0e
    [fio] => Rowem lsanan
    [phone] => 09913327426
    [email] => admin@admin.com
    [domain] => http://mansehealth.com/landers/fa04a42719/land1/limon.php
    [ip] => 112.210.129.96
    [utm_campaign] => 923
    [utm_content] => 1
    [utm_medium] => 
    [utm_source] => SM
    [utm_term] => 
    [clickid] => ae5682tfy1nxrwj2ae
    [fbpxl] => 
)

----------- RESPONSE ---------
{"result":"ok","localClickId":"becaeb0b-a869-418b-be3b-99a365b3d144"}
----------- END --------------
December 25, 2021, 4:40 am
----------- DATA -------------
Array
(
    [offerId] => 9c4fe23b-37ea-4954-945b-29067b0d5c0e
    [fio] => christian literal
    [phone] => 09752150750
    [email] => admin@admin.com
    [domain] => http://mansehealth.com/landers/fa04a42719/land1/limon.php
    [ip] => 175.176.93.4
    [utm_campaign] => 923
    [utm_content] => 1
    [utm_medium] => 
    [utm_source] => SM
    [utm_term] => 
    [clickid] => dff3d2tfyxixo6oea5
    [fbpxl] => 
)

----------- RESPONSE ---------
{"result":"ok","localClickId":"1651f898-f871-491b-a7e1-033b234b6224"}
----------- END --------------
December 25, 2021, 5:32 am
----------- DATA -------------
Array
(
    [offerId] => 9c4fe23b-37ea-4954-945b-29067b0d5c0e
    [fio] => Jolly palomar
    [phone] => 09469450123
    [email] => admin@admin.com
    [domain] => http://mansehealth.com/landers/fa04a42719/land1/limon.php
    [ip] => 110.54.132.124
    [utm_campaign] => 923
    [utm_content] => 1
    [utm_medium] => 
    [utm_source] => SM
    [utm_term] => 
    [clickid] => 826392tfyc81zi4a18
    [fbpxl] => 
)

----------- RESPONSE ---------
{"result":"ok","localClickId":"f59a4ebf-8157-4ada-878f-a8ef22453159"}
----------- END --------------
December 25, 2021, 5:34 am
----------- DATA -------------
Array
(
    [offerId] => 9c4fe23b-37ea-4954-945b-29067b0d5c0e
    [fio] => Jolly palomar
    [phone] => 09469450123
    [email] => admin@admin.com
    [domain] => http://mansehealth.com/landers/fa04a42719/land1/limon.php
    [ip] => 110.54.132.124
    [utm_campaign] => 923
    [utm_content] => 1
    [utm_medium] => 
    [utm_source] => SM
    [utm_term] => 
    [clickid] => 826392tfyc81zi4a18
    [fbpxl] => 
)

----------- RESPONSE ---------
{"result":"ok","localClickId":"51269b93-cff9-4c8c-b4ec-2a1773671567"}
----------- END --------------
December 25, 2021, 5:35 am
----------- DATA -------------
Array
(
    [offerId] => 9c4fe23b-37ea-4954-945b-29067b0d5c0e
    [fio] => Jolly palomar
    [phone] => 09469450122
    [email] => admin@admin.com
    [domain] => http://mansehealth.com/landers/fa04a42719/land1/limon.php
    [ip] => 110.54.132.124
    [utm_campaign] => 923
    [utm_content] => 1
    [utm_medium] => 
    [utm_source] => SM
    [utm_term] => 
    [clickid] => 826392tfyc81zi4a18
    [fbpxl] => 
)

----------- RESPONSE ---------
{"result":"ok","localClickId":"dd32ca54-45f4-4034-a167-068bd13b5076"}
----------- END --------------
December 25, 2021, 6:20 am
----------- DATA -------------
Array
(
    [offerId] => 9c4fe23b-37ea-4954-945b-29067b0d5c0e
    [fio] => jovane tingsin
    [phone] => 09466580512
    [email] => admin@admin.com
    [domain] => http://mansehealth.com/landers/fa04a42719/land1/limon.php
    [ip] => 175.176.84.145
    [utm_campaign] => 923
    [utm_content] => 1
    [utm_medium] => 
    [utm_source] => SM
    [utm_term] => 
    [clickid] => 3d23d2tfy9zhqblbb0
    [fbpxl] => 
)

----------- RESPONSE ---------
{"result":"ok","localClickId":"50334efe-0c9a-4586-b78c-34826c026640"}
----------- END --------------
December 25, 2021, 6:38 am
----------- DATA -------------
Array
(
    [offerId] => 9c4fe23b-37ea-4954-945b-29067b0d5c0e
    [fio] => Gshsj
    [phone] => 09095645464
    [email] => admin@admin.com
    [domain] => http://mansehealth.com/landers/fa04a42719/land1/limon.php
    [ip] => 175.176.93.221
    [utm_campaign] => 923
    [utm_content] => 1
    [utm_medium] => 
    [utm_source] => SM
    [utm_term] => 
    [clickid] => 934202tkta2bz6o134
    [fbpxl] => 
)

----------- RESPONSE ---------
{"result":"ok","localClickId":"1db80b5a-02f8-4b58-8712-e1d1f9d4fbc5"}
----------- END --------------
December 25, 2021, 7:19 am
----------- DATA -------------
Array
(
    [offerId] => 9c4fe23b-37ea-4954-945b-29067b0d5c0e
    [fio] => Lloyd
    [phone] => 09692326385
    [email] => admin@admin.com
    [domain] => http://mansehealth.com/landers/fa04a42719/land1/limon.php
    [ip] => 175.176.1.217
    [utm_campaign] => 923
    [utm_content] => 1
    [utm_medium] => 
    [utm_source] => SM
    [utm_term] => 
    [clickid] => 168c82tktus9ldzfec
    [fbpxl] => 
)

----------- RESPONSE ---------
{"result":"ok","localClickId":"57343076-a10d-414d-a2a8-5431f2fb3016"}
----------- END --------------
December 25, 2021, 8:17 am
----------- DATA -------------
Array
(
    [offerId] => 9c4fe23b-37ea-4954-945b-29067b0d5c0e
    [fio] => Hardey ahil
    [phone] => 09655066937
    [email] => admin@admin.com
    [domain] => http://mansehealth.com/landers/fa04a42719/land1/limon.php
    [ip] => 175.176.44.31
    [utm_campaign] => 923
    [utm_content] => 1
    [utm_medium] => 
    [utm_source] => SM
    [utm_term] => 
    [clickid] => e0beb2tktm73z6o668
    [fbpxl] => 
)

----------- RESPONSE ---------
{"result":"ok","localClickId":"219c6803-bf45-427d-8573-bf6381817830"}
----------- END --------------
December 25, 2021, 8:57 am
----------- DATA -------------
Array
(
    [offerId] => 9c4fe23b-37ea-4954-945b-29067b0d5c0e
    [fio] => Dante
    [phone] => 09958601466
    [email] => admin@admin.com
    [domain] => http://mansehealth.com/landers/fa04a42719/land1/limon.php
    [ip] => 161.49.161.194
    [utm_campaign] => 923
    [utm_content] => 1
    [utm_medium] => 
    [utm_source] => SM
    [utm_term] => 
    [clickid] => 85e442tkte8us8n71a
    [fbpxl] => 
)

----------- RESPONSE ---------
{"result":"ok","localClickId":"c3b2d9a9-e0ea-4af7-99ae-e4023e91f685"}
----------- END --------------
December 25, 2021, 9:01 am
----------- DATA -------------
Array
(
    [offerId] => 9c4fe23b-37ea-4954-945b-29067b0d5c0e
    [fio] => Archie takol
    [phone] => 09208422339
    [email] => admin@admin.com
    [domain] => http://mansehealth.com/landers/fa04a42719/land1/limon.php
    [ip] => 175.176.91.123
    [utm_campaign] => 923
    [utm_content] => 1
    [utm_medium] => 
    [utm_source] => SM
    [utm_term] => 
    [clickid] => 773082twha2ho3yf26
    [fbpxl] => 
)

----------- RESPONSE ---------
{"result":"ok","localClickId":"1120ac5a-2bbb-4f1a-8c72-371ef5c79e11"}
----------- END --------------
December 25, 2021, 9:06 am
----------- DATA -------------
Array
(
    [offerId] => 9c4fe23b-37ea-4954-945b-29067b0d5c0e
    [fio] => Christian  alarma echano
    [phone] => 09756821458
    [email] => admin@admin.com
    [domain] => http://mansehealth.com/landers/fa04a42719/land1/limon.php
    [ip] => 110.54.140.153
    [utm_campaign] => 923
    [utm_content] => 1
    [utm_medium] => 
    [utm_source] => SM
    [utm_term] => 
    [clickid] => b1a2c2twha9pmdzeba
    [fbpxl] => 
)

----------- RESPONSE ---------
{"result":"ok","localClickId":"3ac6be8f-7877-448a-b829-b2c1fe3ccc49"}
----------- END --------------
December 25, 2021, 9:07 am
----------- DATA -------------
Array
(
    [offerId] => 9c4fe23b-37ea-4954-945b-29067b0d5c0e
    [fio] => Christian  alarma echano
    [phone] => 09756821458
    [email] => admin@admin.com
    [domain] => http://mansehealth.com/landers/fa04a42719/land1/limon.php
    [ip] => 110.54.140.153
    [utm_campaign] => {campaign}
    [utm_content] => {trafficsource}
    [utm_medium] => 
    [utm_source] => SM
    [utm_term] => 
    [clickid] => {clickid}
    [fbpxl] => 
)

----------- RESPONSE ---------
{"result":"ok","localClickId":"b4d89aea-495f-4fba-ad07-985899cc4f6c"}
----------- END --------------
December 25, 2021, 11:09 am
----------- DATA -------------
Array
(
    [offerId] => 9c4fe23b-37ea-4954-945b-29067b0d5c0e
    [fio] => joe
    [phone] => 09998274400
    [email] => admin@admin.com
    [domain] => http://mansehealth.com/landers/fa04a42719/land1/limon.php
    [ip] => 175.176.5.163
    [utm_campaign] => 923
    [utm_content] => 1
    [utm_medium] => 
    [utm_source] => SM
    [utm_term] => 
    [clickid] => a37be2twhrnmyi422d
    [fbpxl] => 
)

----------- RESPONSE ---------
{"result":"ok","localClickId":"bd98b792-8546-4565-9867-159daa75e1f3"}
----------- END --------------
December 25, 2021, 12:13 pm
----------- DATA -------------
Array
(
    [offerId] => 9c4fe23b-37ea-4954-945b-29067b0d5c0e
    [fio] => Rusty j
    [phone] => 09658251483
    [email] => admin@admin.com
    [domain] => http://mansehealth.com/landers/fa04a42719/land1/limon.php
    [ip] => 175.176.93.200
    [utm_campaign] => 923
    [utm_content] => 1
    [utm_medium] => 
    [utm_source] => SM
    [utm_term] => 
    [clickid] => 4caf92t4pa3xr3y72b
    [fbpxl] => 
)

----------- RESPONSE ---------
{"result":"ok","localClickId":"cf7c0063-3a02-48dc-9b3f-568dee72325d"}
----------- END --------------
December 25, 2021, 12:13 pm
----------- DATA -------------
Array
(
    [offerId] => 9c4fe23b-37ea-4954-945b-29067b0d5c0e
    [fio] => Rusty j
    [phone] => 09658251483
    [email] => admin@admin.com
    [domain] => http://mansehealth.com/landers/fa04a42719/land1/limon.php
    [ip] => 175.176.93.200
    [utm_campaign] => 923
    [utm_content] => 1
    [utm_medium] => 
    [utm_source] => SM
    [utm_term] => 
    [clickid] => 4caf92t4pa3xr3y72b
    [fbpxl] => 
)

----------- RESPONSE ---------
{"result":"ok","localClickId":"109f044b-f6a6-49a8-a731-120e45432a90"}
----------- END --------------
December 25, 2021, 12:52 pm
----------- DATA -------------
Array
(
    [offerId] => 9c4fe23b-37ea-4954-945b-29067b0d5c0e
    [fio] => Benjo Ceballe
    [phone] => 09951296024
    [email] => admin@admin.com
    [domain] => http://mansehealth.com/landers/fa04a42719/land1/limon.php
    [ip] => 119.94.4.145
    [utm_campaign] => 923
    [utm_content] => 1
    [utm_medium] => 
    [utm_source] => SM
    [utm_term] => 
    [clickid] => e45d92t4poje23yf3e
    [fbpxl] => 
)

----------- RESPONSE ---------
{"result":"ok","localClickId":"33d9f840-7fae-4cf3-8cc8-7bb22d24f012"}
----------- END --------------
December 25, 2021, 12:57 pm
----------- DATA -------------
Array
(
    [offerId] => 9c4fe23b-37ea-4954-945b-29067b0d5c0e
    [fio] => Rodolfo salicsic
    [phone] => 09555076218
    [email] => admin@admin.com
    [domain] => http://mansehealth.com/landers/fa04a42719/land1/limon.php
    [ip] => 110.54.207.1
    [utm_campaign] => 923
    [utm_content] => 1
    [utm_medium] => 
    [utm_source] => SM
    [utm_term] => 
    [clickid] => 4d4102t4pcij6bl713
    [fbpxl] => 
)

----------- RESPONSE ---------
{"result":"ok","localClickId":"fd915d9c-b954-4674-9ac4-81592ae2b103"}
----------- END --------------
December 25, 2021, 1:25 pm
----------- DATA -------------
Array
(
    [offerId] => 9c4fe23b-37ea-4954-945b-29067b0d5c0e
    [fio] => efren bolgado
    [phone] => 09454394669
    [email] => admin@admin.com
    [domain] => http://mansehealth.com/landers/fa04a42719/land1/limon.php
    [ip] => 124.107.43.233
    [utm_campaign] => 923
    [utm_content] => 1
    [utm_medium] => 
    [utm_source] => SM
    [utm_term] => 
    [clickid] => ba4592t4pir6jfec0e
    [fbpxl] => 
)

----------- RESPONSE ---------
{"result":"ok","localClickId":"9f4a4939-61db-429e-b95d-f1081ca8848b"}
----------- END --------------
December 25, 2021, 2:27 pm
----------- DATA -------------
Array
(
    [offerId] => 9c4fe23b-37ea-4954-945b-29067b0d5c0e
    [fio] => Juhary
    [phone] => 09058557104
    [email] => admin@admin.com
    [domain] => http://mansehealth.com/landers/fa04a42719/land1/limon.php
    [ip] => 110.54.151.128
    [utm_campaign] => 923
    [utm_content] => 1
    [utm_medium] => 
    [utm_source] => SM
    [utm_term] => 
    [clickid] => 70d4e2t4pbgmywj357
    [fbpxl] => 
)

----------- RESPONSE ---------
{"result":"ok","localClickId":"96d3df61-f157-4976-b781-5cd04f00ec64"}
----------- END --------------
December 25, 2021, 2:48 pm
----------- DATA -------------
Array
(
    [offerId] => 9c4fe23b-37ea-4954-945b-29067b0d5c0e
    [fio] => Jack sapalon
    [phone] => 09366640993
    [email] => admin@admin.com
    [domain] => http://mansehealth.com/landers/fa04a42719/land1/limon.php
    [ip] => 180.195.130.216
    [utm_campaign] => 923
    [utm_content] => 1
    [utm_medium] => 
    [utm_source] => SM
    [utm_term] => 
    [clickid] => 25c3d2t4p4p4p6o268
    [fbpxl] => 
)

----------- RESPONSE ---------
{"result":"ok","localClickId":"a5da4687-eaeb-4fc2-bd20-f0b719246b24"}
----------- END --------------
December 25, 2021, 2:50 pm
----------- DATA -------------
Array
(
    [offerId] => 9c4fe23b-37ea-4954-945b-29067b0d5c0e
    [fio] => Joseph remegio
    [phone] => 09751280333
    [email] => admin@admin.com
    [domain] => http://mansehealth.com/landers/fa04a42719/land1/limon.php
    [ip] => 124.106.183.9
    [utm_campaign] => 923
    [utm_content] => 1
    [utm_medium] => 
    [utm_source] => SM
    [utm_term] => 
    [clickid] => 7f4422t4p4pa43yd9a
    [fbpxl] => 
)

----------- RESPONSE ---------
{"result":"ok","localClickId":"9b813ac7-23ad-4e2f-b94b-fed56c3d7cf3"}
----------- END --------------
December 25, 2021, 3:16 pm
----------- DATA -------------
Array
(
    [offerId] => 9c4fe23b-37ea-4954-945b-29067b0d5c0e
    [fio] => Jay
    [phone] => 09476170927
    [email] => admin@admin.com
    [domain] => http://mansehealth.com/landers/fa04a42719/land1/limon.php
    [ip] => 175.176.17.50
    [utm_campaign] => 923
    [utm_content] => 1
    [utm_medium] => 
    [utm_source] => SM
    [utm_term] => 
    [clickid] => 543082tocpmcifeddc
    [fbpxl] => 
)

----------- RESPONSE ---------
{"result":"ok","localClickId":"1a8eba49-bd7e-40b4-8768-38e9d1f4c080"}
----------- END --------------
December 25, 2021, 3:23 pm
----------- DATA -------------
Array
(
    [offerId] => 9c4fe23b-37ea-4954-945b-29067b0d5c0e
    [fio] => Hohoho
    [phone] => 09338275271
    [email] => admin@admin.com
    [domain] => http://mansehealth.com/landers/fa04a42719/land1/limon.php
    [ip] => 180.190.155.248
    [utm_campaign] => 923
    [utm_content] => 1
    [utm_medium] => 
    [utm_source] => SM
    [utm_term] => 
    [clickid] => 7100b2toc52g5vr24b
    [fbpxl] => 
)

----------- RESPONSE ---------
{"result":"ok","localClickId":"95631b8f-69c0-4ee5-9e88-f8334881322e"}
----------- END --------------
December 25, 2021, 4:17 pm
----------- DATA -------------
Array
(
    [offerId] => 9c4fe23b-37ea-4954-945b-29067b0d5c0e
    [fio] => Jerico
    [phone] => +639368095869
    [email] => admin@admin.com
    [domain] => http://mansehealth.com/landers/fa04a42719/land1/limon.php
    [ip] => 110.54.172.1
    [utm_campaign] => 923
    [utm_content] => 1
    [utm_medium] => 
    [utm_source] => SM
    [utm_term] => 
    [clickid] => c630b2toc371m3y4a5
    [fbpxl] => 
)

----------- RESPONSE ---------
{"result":"ok","localClickId":"e514fa0a-f9d8-4837-b3ea-be4ee02cd439"}
----------- END --------------
December 25, 2021, 4:30 pm
----------- DATA -------------
Array
(
    [offerId] => 9c4fe23b-37ea-4954-945b-29067b0d5c0e
    [fio] => Tolits
    [phone] => 09474929998
    [email] => admin@admin.com
    [domain] => http://mansehealth.com/landers/fa04a42719/land1/limon.php
    [ip] => 180.191.0.178
    [utm_campaign] => 923
    [utm_content] => 1
    [utm_medium] => 
    [utm_source] => SM
    [utm_term] => 
    [clickid] => 9f3e52toc3vqn8nbd2
    [fbpxl] => 
)

----------- RESPONSE ---------
{"result":"ok","localClickId":"f1095e71-8c43-424b-b4c7-8912a0ff986e"}
----------- END --------------
December 25, 2021, 4:34 pm
----------- DATA -------------
Array
(
    [offerId] => 9c4fe23b-37ea-4954-945b-29067b0d5c0e
    [fio] => Tolits
    [phone] => 09474929998
    [email] => admin@admin.com
    [domain] => http://mansehealth.com/landers/fa04a42719/land1/limon.php
    [ip] => 180.191.0.178
    [utm_campaign] => 923
    [utm_content] => 1
    [utm_medium] => 
    [utm_source] => SM
    [utm_term] => 
    [clickid] => 9f3e52toc3vqn8nbd2
    [fbpxl] => 
)

----------- RESPONSE ---------
{"result":"ok","localClickId":"e9c5d02e-b541-44ef-87aa-63dfd3dbd52e"}
----------- END --------------
December 25, 2021, 5:54 pm
----------- DATA -------------
Array
(
    [offerId] => 9c4fe23b-37ea-4954-945b-29067b0d5c0e
    [fio] => Jhomar mcknight
    [phone] => 09684266807
    [email] => admin@admin.com
    [domain] => http://mansehealth.com/landers/fa04a42719/land1/limon.php
    [ip] => 175.176.82.106
    [utm_campaign] => 923
    [utm_content] => 1
    [utm_medium] => 
    [utm_source] => SM
    [utm_term] => 
    [clickid] => fdd6b2t15sl6jvra1f
    [fbpxl] => 
)

----------- RESPONSE ---------
{"result":"ok","localClickId":"9d8af53f-c621-4b4c-b80e-33e32c2cb8ec"}
----------- END --------------
December 25, 2021, 6:12 pm
----------- DATA -------------
Array
(
    [offerId] => 9c4fe23b-37ea-4954-945b-29067b0d5c0e
    [fio] => jay
    [phone] => 09513492538
    [email] => admin@admin.com
    [domain] => http://mansehealth.com/landers/fa04a42719/land1/limon.php
    [ip] => 115.147.25.46
    [utm_campaign] => 923
    [utm_content] => 1
    [utm_medium] => 
    [utm_source] => SM
    [utm_term] => 
    [clickid] => b34202t9zgxmydz3ab
    [fbpxl] => 
)

----------- RESPONSE ---------
{"result":"ok","localClickId":"896c9aff-fcf9-4498-b734-d2b75fc647f9"}
----------- END --------------
December 25, 2021, 6:14 pm
----------- DATA -------------
Array
(
    [offerId] => 9c4fe23b-37ea-4954-945b-29067b0d5c0e
    [fio] => jay
    [phone] => 09513492538
    [email] => admin@admin.com
    [domain] => http://mansehealth.com/landers/fa04a42719/land1/limon.php
    [ip] => 115.147.25.46
    [utm_campaign] => {campaign}
    [utm_content] => {trafficsource}
    [utm_medium] => 
    [utm_source] => SM
    [utm_term] => 
    [clickid] => {clickid}
    [fbpxl] => 
)

----------- RESPONSE ---------
{"result":"ok","localClickId":"fb2a1b7a-73fa-48c4-b152-4cf3a23bb181"}
----------- END --------------
December 25, 2021, 6:54 pm
----------- DATA -------------
Array
(
    [offerId] => 9c4fe23b-37ea-4954-945b-29067b0d5c0e
    [fio] => Jonathan cagat
    [phone] => 09163269111
    [email] => admin@admin.com
    [domain] => http://mansehealth.com/landers/fa04a42719/land1/limon.php
    [ip] => 110.54.135.241
    [utm_campaign] => {campaign}
    [utm_content] => {trafficsource}
    [utm_medium] => 
    [utm_source] => SM
    [utm_term] => 
    [clickid] => {clickid}
    [fbpxl] => 
)

----------- RESPONSE ---------
{"result":"ok","localClickId":"182e10cb-b1d0-49ca-8ed8-b031c8b3d47c"}
----------- END --------------
December 25, 2021, 6:56 pm
----------- DATA -------------
Array
(
    [offerId] => 9c4fe23b-37ea-4954-945b-29067b0d5c0e
    [fio] => Jonathan cagat
    [phone] => 09163269111
    [email] => admin@admin.com
    [domain] => http://mansehealth.com/landers/fa04a42719/land1/limon.php
    [ip] => 110.54.135.241
    [utm_campaign] => {campaign}
    [utm_content] => {trafficsource}
    [utm_medium] => 
    [utm_source] => SM
    [utm_term] => 
    [clickid] => {clickid}
    [fbpxl] => 
)

----------- RESPONSE ---------
{"result":"ok","localClickId":"6b0306ec-9516-4e75-ade1-d8cb8d0e6b3b"}
----------- END --------------
December 25, 2021, 7:48 pm
----------- DATA -------------
Array
(
    [offerId] => 9c4fe23b-37ea-4954-945b-29067b0d5c0e
    [fio] => floyd
    [phone] => 09755067347
    [email] => admin@admin.com
    [domain] => http://mansehealth.com/landers/fa04a42719/land1/limon.php
    [ip] => 49.145.251.198
    [utm_campaign] => 923
    [utm_content] => 1
    [utm_medium] => 
    [utm_source] => SM
    [utm_term] => 
    [clickid] => 1d25c2t9z1muodz717
    [fbpxl] => 
)

----------- RESPONSE ---------
{"result":"ok","localClickId":"fa042550-5dff-4470-9714-be24cc498b26"}
----------- END --------------
December 25, 2021, 9:25 pm
----------- DATA -------------
Array
(
    [offerId] => 9c4fe23b-37ea-4954-945b-29067b0d5c0e
    [fio] => Patricio
    [phone] => 09958267171
    [email] => admin@admin.com
    [domain] => http://mansehealth.com/landers/fa04a42719/land1/limon.php
    [ip] => 130.105.167.132
    [utm_campaign] => 923
    [utm_content] => 1
    [utm_medium] => 
    [utm_source] => SM
    [utm_term] => 
    [clickid] => 59b6d2t9zqnd5bl31d
    [fbpxl] => 
)

----------- RESPONSE ---------
{"result":"ok","localClickId":"5ed59eeb-a60c-4729-a32d-2dcb0162669d"}
----------- END --------------
December 25, 2021, 9:27 pm
----------- DATA -------------
Array
(
    [offerId] => 9c4fe23b-37ea-4954-945b-29067b0d5c0e
    [fio] => Patricio
    [phone] => 09958267171
    [email] => admin@admin.com
    [domain] => http://mansehealth.com/landers/fa04a42719/land1/limon.php
    [ip] => 130.105.167.132
    [utm_campaign] => {campaign}
    [utm_content] => {trafficsource}
    [utm_medium] => 
    [utm_source] => SM
    [utm_term] => 
    [clickid] => {clickid}
    [fbpxl] => 
)

----------- RESPONSE ---------
{"result":"ok","localClickId":"ad245e41-72fa-445d-90b4-18003055366d"}
----------- END --------------
December 25, 2021, 11:32 pm
----------- DATA -------------
Array
(
    [offerId] => 9c4fe23b-37ea-4954-945b-29067b0d5c0e
    [fio] => jay ar pilapil
    [phone] => 09661706656
    [email] => admin@admin.com
    [domain] => http://mansehealth.com/landers/fa04a42719/land1/limon.php
    [ip] => 49.148.154.37
    [utm_campaign] => 923
    [utm_content] => 1
    [utm_medium] => 
    [utm_source] => SM
    [utm_term] => 
    [clickid] => 0c9f22tslcij2vr2eb
    [fbpxl] => 
)

----------- RESPONSE ---------
{"result":"ok","localClickId":"0193abf6-6577-4009-bddc-ec051ad0ecad"}
----------- END --------------
