December 17, 2021, 2:56 am
----------- DATA -------------
Array
(
    [offerId] => 9c4fe23b-37ea-4954-945b-29067b0d5c0e
    [fio] => Eufemio Galllezo
    [phone] => 09358875784
    [email] => admin@admin.com
    [domain] => http://mansehealth.com/landers/fa04a42719/land1/limon.php
    [ip] => 175.176.5.69
    [utm_campaign] => 923
    [utm_content] => 1
    [utm_medium] => 
    [utm_source] => SM
    [utm_term] => 
    [clickid] => dc72d2tlprn16fe57c
    [fbpxl] => 
)

----------- RESPONSE ---------
{"result":"ok"}
----------- END --------------
December 17, 2021, 4:59 am
----------- DATA -------------
Array
(
    [offerId] => 9c4fe23b-37ea-4954-945b-29067b0d5c0e
    [fio] => alejozabala
    [phone] => 09265658298
    [email] => admin@admin.com
    [domain] => http://mansehealth.com/landers/fa04a42719/land1/limon.php
    [ip] => 110.54.176.150
    [utm_campaign] => 894
    [utm_content] => 35
    [utm_medium] => 
    [utm_source] => SM
    [utm_term] => 
    [clickid] => aea422tu3a71zfe41c
    [fbpxl] => 
)

----------- RESPONSE ---------
{"result":"ok"}
----------- END --------------
December 17, 2021, 5:53 am
----------- DATA -------------
Array
(
    [offerId] => 9c4fe23b-37ea-4954-945b-29067b0d5c0e
    [fio] => ian
    [phone] => 09360885966
    [email] => admin@admin.com
    [domain] => http://mansehealth.com/landers/fa04a42719/land1/limon.php
    [ip] => 112.198.70.214
    [utm_campaign] => 923
    [utm_content] => 1
    [utm_medium] => 
    [utm_source] => SM
    [utm_term] => 
    [clickid] => efc822tu3ojj63ybc0
    [fbpxl] => 
)

----------- RESPONSE ---------
{"result":"ok"}
----------- END --------------
December 17, 2021, 6:03 am
----------- DATA -------------
Array
(
    [offerId] => 9c4fe23b-37ea-4954-945b-29067b0d5c0e
    [fio] => johnren
    [phone] => 09128263042
    [email] => admin@admin.com
    [domain] => http://mansehealth.com/landers/fa04a42719/land1/limon.php
    [ip] => 2001:4452:4aa:e000:a070:32f9:7414:74d0
    [utm_campaign] => 923
    [utm_content] => 1
    [utm_medium] => 
    [utm_source] => SM
    [utm_term] => 
    [clickid] => 0998a2tu3ir528n24e
    [fbpxl] => 
)

----------- RESPONSE ---------
{"result":"ok"}
----------- END --------------
December 17, 2021, 7:16 am
----------- DATA -------------
Array
(
    [offerId] => 9c4fe23b-37ea-4954-945b-29067b0d5c0e
    [fio] => Jimmy ojoylan
    [phone] => 09672415305
    [email] => admin@admin.com
    [domain] => http://mansehealth.com/landers/fa04a42719/land1/limon.php
    [ip] => 2001:4451:a3f:1d00:3065:3967:323e:ebaa
    [utm_campaign] => 923
    [utm_content] => 1
    [utm_medium] => 
    [utm_source] => SM
    [utm_term] => 
    [clickid] => 8ba4a2ty9xok20371
    [fbpxl] => 
)

----------- RESPONSE ---------
{"result":"ok"}
----------- END --------------
December 17, 2021, 8:36 am
----------- DATA -------------
Array
(
    [offerId] => 9c4fe23b-37ea-4954-945b-29067b0d5c0e
    [fio] => Erishly
    [phone] => +639485862814
    [email] => admin@admin.com
    [domain] => http://mansehealth.com/landers/fa04a42719/land1/limon.php
    [ip] => 2001:4451:816e:fd00:f1ce:a9a5:e026:997b
    [utm_campaign] => 923
    [utm_content] => 1
    [utm_medium] => 
    [utm_source] => SM
    [utm_term] => 
    [clickid] => c95bc2t4kxoa48nb40
    [fbpxl] => 
)

----------- RESPONSE ---------
{"result":"ok"}
----------- END --------------
December 17, 2021, 3:09 pm
----------- DATA -------------
Array
(
    [offerId] => 9c4fe23b-37ea-4954-945b-29067b0d5c0e
    [fio] => Edgar biflan 
    [phone] => 09451570567
    [email] => admin@admin.com
    [domain] => http://mansehealth.com/landers/fa04a42719/land1/limon.php
    [ip] => 110.54.132.79
    [utm_campaign] => 923
    [utm_content] => 1
    [utm_medium] => 
    [utm_source] => SM
    [utm_term] => 
    [clickid] => 391d72twffyhofe1ce
    [fbpxl] => 
)

----------- RESPONSE ---------
{"result":"ok","localClickId":"5123857f-c617-49d1-b928-4b0d30cbccbc"}
----------- END --------------
December 17, 2021, 3:14 pm
----------- DATA -------------
Array
(
    [offerId] => 9c4fe23b-37ea-4954-945b-29067b0d5c0e
    [fio] => Salvador Morales 
    [phone] => 09305316831
    [email] => admin@admin.com
    [domain] => http://mansehealth.com/landers/fa04a42719/land1/limon.php
    [ip] => 110.54.166.228
    [utm_campaign] => 923
    [utm_content] => 1
    [utm_medium] => 
    [utm_source] => SM
    [utm_term] => 
    [clickid] => b3a622twfj2373y7bc
    [fbpxl] => 
)

----------- RESPONSE ---------
{"result":"ok","localClickId":"1a7816df-c274-4b36-8d55-b1c6298b93bc"}
----------- END --------------
December 17, 2021, 4:18 pm
----------- DATA -------------
Array
(
    [offerId] => 9c4fe23b-37ea-4954-945b-29067b0d5c0e
    [fio] => Wendel
    [phone] => 09359822965
    [email] => admin@admin.com
    [domain] => http://mansehealth.com/landers/fa04a42719/land1/limon.php
    [ip] => 110.54.206.24
    [utm_campaign] => 923
    [utm_content] => 1
    [utm_medium] => 
    [utm_source] => SM
    [utm_term] => 
    [clickid] => 0af2b2tnt16wf0fa3
    [fbpxl] => 
)

----------- RESPONSE ---------
{"result":"ok","localClickId":"32f87026-e280-49e4-a565-9b9f760a037e"}
----------- END --------------
December 17, 2021, 4:22 pm
----------- DATA -------------
Array
(
    [offerId] => 9c4fe23b-37ea-4954-945b-29067b0d5c0e
    [fio] => Wendel
    [phone] => 09359822965
    [email] => admin@admin.com
    [domain] => http://mansehealth.com/landers/fa04a42719/land1/limon.php
    [ip] => 110.54.206.24
    [utm_campaign] => {campaign}
    [utm_content] => {trafficsource}
    [utm_medium] => 
    [utm_source] => SM
    [utm_term] => 
    [clickid] => {clickid}
    [fbpxl] => 
)

----------- RESPONSE ---------
{"result":"ok","localClickId":"4ae66a7a-33d3-4a49-a1d1-cc3dfe24a9d3"}
----------- END --------------
December 17, 2021, 4:32 pm
----------- DATA -------------
Array
(
    [offerId] => 9c4fe23b-37ea-4954-945b-29067b0d5c0e
    [fio] => Jhay legaspi
    [phone] => 0955533 17 12
    [email] => admin@admin.com
    [domain] => http://mansehealth.com/landers/fa04a42719/land1/limon.php
    [ip] => 110.54.179.219
    [utm_campaign] => 923
    [utm_content] => 1
    [utm_medium] => 
    [utm_source] => SM
    [utm_term] => 
    [clickid] => 9a8f32tntb4ibbl41a
    [fbpxl] => 
)

----------- RESPONSE ---------
{"result":"ok","localClickId":"fbda4311-038b-4ccb-9b1d-ac3da8eb129f"}
----------- END --------------
December 17, 2021, 5:43 pm
----------- DATA -------------
Array
(
    [offerId] => 9c4fe23b-37ea-4954-945b-29067b0d5c0e
    [fio] => Jerwin salas
    [phone] => 09262668101
    [email] => admin@admin.com
    [domain] => http://mansehealth.com/landers/fa04a42719/land1/limon.php
    [ip] => 120.29.71.169
    [utm_campaign] => 923
    [utm_content] => 1
    [utm_medium] => 
    [utm_source] => SM
    [utm_term] => 
    [clickid] => f6fab2tb4a8j6i4cfe
    [fbpxl] => 
)

----------- RESPONSE ---------
{"result":"ok","localClickId":"02a7b73e-cf5d-4b9f-9fe1-fa1719c02350"}
----------- END --------------
December 17, 2021, 5:44 pm
----------- DATA -------------
Array
(
    [offerId] => 9c4fe23b-37ea-4954-945b-29067b0d5c0e
    [fio] => Jerwin salas
    [phone] => 09262668101
    [email] => admin@admin.com
    [domain] => http://mansehealth.com/landers/fa04a42719/land1/limon.php
    [ip] => 120.29.71.169
    [utm_campaign] => {campaign}
    [utm_content] => {trafficsource}
    [utm_medium] => 
    [utm_source] => SM
    [utm_term] => 
    [clickid] => {clickid}
    [fbpxl] => 
)

----------- RESPONSE ---------
{"result":"ok","localClickId":"cf0a39fb-2eba-41de-8dc7-4e1c73aed2b2"}
----------- END --------------
December 17, 2021, 5:45 pm
----------- DATA -------------
Array
(
    [offerId] => 9c4fe23b-37ea-4954-945b-29067b0d5c0e
    [fio] => Jerwin salas
    [phone] => 09262668101
    [email] => admin@admin.com
    [domain] => http://mansehealth.com/landers/fa04a42719/land1/limon.php
    [ip] => 120.29.71.169
    [utm_campaign] => {campaign}
    [utm_content] => {trafficsource}
    [utm_medium] => 
    [utm_source] => SM
    [utm_term] => 
    [clickid] => {clickid}
    [fbpxl] => 
)

----------- RESPONSE ---------
{"result":"ok","localClickId":"dde6541a-0785-45dc-a5e5-ede5234cc0c6"}
----------- END --------------
December 17, 2021, 5:49 pm
----------- DATA -------------
Array
(
    [offerId] => 9c4fe23b-37ea-4954-945b-29067b0d5c0e
    [fio] => Ivan Flores 
    [phone] => 09519472147
    [email] => admin@admin.com
    [domain] => http://mansehealth.com/landers/fa04a42719/land1/limon.php
    [ip] => 2001:fd8:f31d:65e7:968:c204:f9b9:6ed9
    [utm_campaign] => 923
    [utm_content] => 1
    [utm_medium] => 
    [utm_source] => SM
    [utm_term] => 
    [clickid] => 12a622tb4h9a6wjb36
    [fbpxl] => 
)

----------- RESPONSE ---------
{"result":"ok","localClickId":"3137caef-1655-46a2-90ac-5b7c8a645cc7"}
----------- END --------------
December 17, 2021, 9:30 pm
----------- DATA -------------
Array
(
    [offerId] => 9c4fe23b-37ea-4954-945b-29067b0d5c0e
    [fio] => Jessieboy
    [phone] => 09501842230
    [email] => admin@admin.com
    [domain] => http://mansehealth.com/landers/fa04a42719/land1/limon.php
    [ip] => 61.9.111.80
    [utm_campaign] => 923
    [utm_content] => 1
    [utm_medium] => 
    [utm_source] => SM
    [utm_term] => 
    [clickid] => 8fe3b2tb4fytl0530
    [fbpxl] => 
)

----------- RESPONSE ---------
{"result":"ok","localClickId":"5dcb41f3-634d-46ee-ad67-01abccddef59"}
----------- END --------------
December 17, 2021, 9:49 pm
----------- DATA -------------
Array
(
    [offerId] => 9c4fe23b-37ea-4954-945b-29067b0d5c0e
    [fio] => Ferdinandligsay
    [phone] => 09709737487
    [email] => admin@admin.com
    [domain] => http://mansehealth.com/landers/fa04a42719/land1/limon.php
    [ip] => 112.204.253.74
    [utm_campaign] => 923
    [utm_content] => 1
    [utm_medium] => 
    [utm_source] => SM
    [utm_term] => 
    [clickid] => ae2b02tb4whsl8n2b8
    [fbpxl] => 
)

----------- RESPONSE ---------
{"result":"ok","localClickId":"64660bde-a4cf-49d7-be0a-0958191132b8"}
----------- END --------------
December 17, 2021, 10:03 pm
----------- DATA -------------
Array
(
    [offerId] => 9c4fe23b-37ea-4954-945b-29067b0d5c0e
    [fio] => Fred
    [phone] => 09351233925
    [email] => admin@admin.com
    [domain] => http://mansehealth.com/landers/fa04a42719/land1/limon.php
    [ip] => 152.32.100.45
    [utm_campaign] => 923
    [utm_content] => 1
    [utm_medium] => 
    [utm_source] => SM
    [utm_term] => 
    [clickid] => a5d7a2tb4slwfi46de
    [fbpxl] => 
)

----------- RESPONSE ---------
{"result":"ok","localClickId":"fd21df17-b1d9-4408-ad35-ddb672e3ab4c"}
----------- END --------------
December 17, 2021, 10:13 pm
----------- DATA -------------
Array
(
    [offerId] => 9c4fe23b-37ea-4954-945b-29067b0d5c0e
    [fio] => Midtimbang Shajehid
    [phone] => 09058040282
    [email] => admin@admin.com
    [domain] => http://mansehealth.com/landers/fa04a42719/land1/limon.php
    [ip] => 110.54.207.136
    [utm_campaign] => 923
    [utm_content] => 1
    [utm_medium] => 
    [utm_source] => SM
    [utm_term] => 
    [clickid] => 6142b2tb4g64kvrb2e
    [fbpxl] => 
)

----------- RESPONSE ---------
{"result":"ok","localClickId":"60249e00-43b1-491c-8129-cfedd8f7d838"}
----------- END --------------
December 17, 2021, 10:27 pm
----------- DATA -------------
Array
(
    [offerId] => 9c4fe23b-37ea-4954-945b-29067b0d5c0e
    [fio] => Kenjie
    [phone] => 09500602323
    [email] => admin@admin.com
    [domain] => http://mansehealth.com/landers/fa04a42719/land1/limon.php
    [ip] => 180.191.71.192
    [utm_campaign] => 923
    [utm_content] => 1
    [utm_medium] => 
    [utm_source] => SM
    [utm_term] => 
    [clickid] => 5b4402tb4qnwh8n730
    [fbpxl] => 
)

----------- RESPONSE ---------
{"result":"ok","localClickId":"97fc0b45-8485-4172-b7dd-8bad155fa00c"}
----------- END --------------
December 17, 2021, 11:35 pm
----------- DATA -------------
Array
(
    [offerId] => 9c4fe23b-37ea-4954-945b-29067b0d5c0e
    [fio] => Alberto J Pipito
    [phone] => 09058276869
    [email] => admin@admin.com
    [domain] => http://mansehealth.com/landers/fa04a42719/land1/limon.php
    [ip] => 110.54.201.61
    [utm_campaign] => 923
    [utm_content] => 1
    [utm_medium] => 
    [utm_source] => SM
    [utm_term] => 
    [clickid] => dab562tirgxgmvrf2b
    [fbpxl] => 
)

----------- RESPONSE ---------
{"result":"ok","localClickId":"a28ad730-127d-4856-b7b8-d6f272b908da"}
----------- END --------------
December 17, 2021, 11:35 pm
----------- DATA -------------
Array
(
    [offerId] => 9c4fe23b-37ea-4954-945b-29067b0d5c0e
    [fio] => Alberto J Pipito
    [phone] => 09058276869
    [email] => admin@admin.com
    [domain] => http://mansehealth.com/landers/fa04a42719/land1/limon.php
    [ip] => 110.54.201.61
    [utm_campaign] => {campaign}
    [utm_content] => {trafficsource}
    [utm_medium] => 
    [utm_source] => SM
    [utm_term] => 
    [clickid] => {clickid}
    [fbpxl] => 
)

----------- RESPONSE ---------
{"result":"ok","localClickId":"9422a453-d85a-47b9-b303-4c3941ba2a1a"}
----------- END --------------
