January 3, 2022, 12:59 am
----------- DATA -------------
Array
(
    [offerId] => 9c4fe23b-37ea-4954-945b-29067b0d5c0e
    [fio] => Antonio navat
    [phone] => 09362896065
    [email] => admin@admin.com
    [domain] => http://mansehealth.com/landers/fa04a42719/land1/limon.php
    [ip] => 110.54.228.29
    [utm_campaign] => 923
    [utm_content] => 1
    [utm_medium] => 
    [utm_source] => SM
    [utm_term] => 
    [clickid] => 40bcegxirzwojdzb8d
    [fbpxl] => 
)

----------- RESPONSE ---------
{"result":"ok","localClickId":"96551776-9a1c-4048-acc2-199b68fafc5d"}
----------- END --------------
January 3, 2022, 1:02 am
----------- DATA -------------
Array
(
    [offerId] => 9c4fe23b-37ea-4954-945b-29067b0d5c0e
    [fio] => Antonio navat
    [phone] => 09362896065
    [email] => admin@admin.com
    [domain] => http://mansehealth.com/landers/fa04a42719/land1/limon.php
    [ip] => 110.54.228.29
    [utm_campaign] => {campaign}
    [utm_content] => {trafficsource}
    [utm_medium] => 
    [utm_source] => SM
    [utm_term] => 
    [clickid] => {clickid}
    [fbpxl] => 
)

----------- RESPONSE ---------
{"result":"ok","localClickId":"552cea9f-4806-4197-9b6f-6795b144b7f2"}
----------- END --------------
January 3, 2022, 1:30 am
----------- DATA -------------
Array
(
    [offerId] => 9c4fe23b-37ea-4954-945b-29067b0d5c0e
    [fio] => Patrick
    [phone] => +639559859818
    [email] => admin@admin.com
    [domain] => http://mansehealth.com/landers/fa04a42719/land1/limon.php
    [ip] => 110.54.170.7
    [utm_campaign] => 923
    [utm_content] => 1
    [utm_medium] => 
    [utm_source] => SM
    [utm_term] => 
    [clickid] => a9ffbgxir46hefe4cb
    [fbpxl] => 
)

----------- RESPONSE ---------
{"result":"ok","localClickId":"337496cb-5402-4abe-8d6d-4c1e5259b6ff"}
----------- END --------------
January 3, 2022, 2:18 am
----------- DATA -------------
Array
(
    [offerId] => 9c4fe23b-37ea-4954-945b-29067b0d5c0e
    [fio] => Arnold salazar
    [phone] => 09304095066
    [email] => admin@admin.com
    [domain] => http://mansehealth.com/landers/fa04a42719/land1/limon.php
    [ip] => 175.176.29.70
    [utm_campaign] => 923
    [utm_content] => 1
    [utm_medium] => 
    [utm_source] => SM
    [utm_term] => 
    [clickid] => f9047gxirejuq3y224
    [fbpxl] => 
)

----------- RESPONSE ---------
{"result":"ok","localClickId":"62c75366-fe92-405d-971f-9b3fe631056c"}
----------- END --------------
January 3, 2022, 2:39 am
----------- DATA -------------
Array
(
    [offerId] => 9c4fe23b-37ea-4954-945b-29067b0d5c0e
    [fio] => Ray
    [phone] => NiI'm
    [email] => admin@admin.com
    [domain] => http://mansehealth.com/landers/fa04a42719/land1/limon.php
    [ip] => 110.54.139.136
    [utm_campaign] => 923
    [utm_content] => 1
    [utm_medium] => 
    [utm_source] => SM
    [utm_term] => 
    [clickid] => e767agxir37hedz6a9
    [fbpxl] => 
)

----------- RESPONSE ---------
{"result":"ok","localClickId":"00252e13-5fe8-4f16-87dc-33e4d54ef60d"}
----------- END --------------
January 3, 2022, 2:48 am
----------- DATA -------------
Array
(
    [offerId] => 9c4fe23b-37ea-4954-945b-29067b0d5c0e
    [fio] => AC care
    [phone] => 09651961284
    [email] => admin@admin.com
    [domain] => http://mansehealth.com/landers/fa04a42719/land1/limon.php
    [ip] => 110.54.175.253
    [utm_campaign] => 923
    [utm_content] => 1
    [utm_medium] => 
    [utm_source] => SM
    [utm_term] => 
    [clickid] => 1dcf1gxirbgxo0005
    [fbpxl] => 
)

----------- RESPONSE ---------
{"result":"ok","localClickId":"982415e2-e7f1-4b0b-9c68-4dd5d8e1547b"}
----------- END --------------
January 3, 2022, 2:59 am
----------- DATA -------------
Array
(
    [offerId] => 9c4fe23b-37ea-4954-945b-29067b0d5c0e
    [fio] => jonathan empeynado
    [phone] => 09317199766
    [email] => admin@admin.com
    [domain] => http://mansehealth.com/landers/fa04a42719/land1/limon.php
    [ip] => 110.54.206.13
    [utm_campaign] => 923
    [utm_content] => 1
    [utm_medium] => 
    [utm_source] => SM
    [utm_term] => 
    [clickid] => c5d10gxirrnsyvraa7
    [fbpxl] => 
)

----------- RESPONSE ---------
{"result":"ok","localClickId":"5a52a93f-2cf7-4a3d-aab6-ff31d20a35d1"}
----------- END --------------
January 3, 2022, 3:59 am
----------- DATA -------------
Array
(
    [offerId] => 9c4fe23b-37ea-4954-945b-29067b0d5c0e
    [fio] => jason
    [phone] => 09387282961
    [email] => admin@admin.com
    [domain] => http://mansehealth.com/landers/fa04a42719/land1/limon.php
    [ip] => 110.54.129.242
    [utm_campaign] => 923
    [utm_content] => 1
    [utm_medium] => 
    [utm_source] => SM
    [utm_term] => 
    [clickid] => 5d85agxirfy1n057f
    [fbpxl] => 
)

----------- RESPONSE ---------
{"result":"ok","localClickId":"ff92d97a-6e33-4742-9959-24046be975db"}
----------- END --------------
January 3, 2022, 4:48 am
----------- DATA -------------
Array
(
    [offerId] => 9c4fe23b-37ea-4954-945b-29067b0d5c0e
    [fio] => Elberth 
    [phone] => 09756463138
    [email] => admin@admin.com
    [domain] => http://mansehealth.com/landers/fa04a42719/land1/limon.php
    [ip] => 112.198.74.64
    [utm_campaign] => 923
    [utm_content] => 1
    [utm_medium] => 
    [utm_source] => SM
    [utm_term] => 
    [clickid] => 3b997gxirj2fyblb4f
    [fbpxl] => 
)

----------- RESPONSE ---------
{"result":"ok","localClickId":"e2abe104-8d22-4e9b-a152-5150de27c4c9"}
----------- END --------------
January 3, 2022, 4:48 am
----------- DATA -------------
Array
(
    [offerId] => 9c4fe23b-37ea-4954-945b-29067b0d5c0e
    [fio] => melvin parre침as
    [phone] => 09o55824946
    [email] => admin@admin.com
    [domain] => http://mansehealth.com/landers/fa04a42719/land1/limon.php
    [ip] => 110.54.154.238
    [utm_campaign] => 923
    [utm_content] => 1
    [utm_medium] => 
    [utm_source] => SM
    [utm_term] => 
    [clickid] => 7bfdbgxirj2ghfeaaf
    [fbpxl] => 
)

----------- RESPONSE ---------
{"result":"ok","localClickId":"7c23a529-2f35-4d86-85d1-08abeef51993"}
----------- END --------------
January 3, 2022, 4:50 am
----------- DATA -------------
Array
(
    [offerId] => 9c4fe23b-37ea-4954-945b-29067b0d5c0e
    [fio] => Elberth 
    [phone] => 09756463138
    [email] => admin@admin.com
    [domain] => http://mansehealth.com/landers/fa04a42719/land1/limon.php
    [ip] => 112.198.74.64
    [utm_campaign] => {campaign}
    [utm_content] => {trafficsource}
    [utm_medium] => 
    [utm_source] => SM
    [utm_term] => 
    [clickid] => {clickid}
    [fbpxl] => 
)

----------- RESPONSE ---------
{"result":"ok","localClickId":"67b2c05b-9e56-4686-8feb-30644583a387"}
----------- END --------------
January 3, 2022, 5:23 am
----------- DATA -------------
Array
(
    [offerId] => 9c4fe23b-37ea-4954-945b-29067b0d5c0e
    [fio] => jaime supranes
    [phone] => 09707990391
    [email] => admin@admin.com
    [domain] => http://mansehealth.com/landers/fa04a42719/land1/limon.php
    [ip] => 210.185.171.242
    [utm_campaign] => 923
    [utm_content] => 1
    [utm_medium] => 
    [utm_source] => SM
    [utm_term] => 
    [clickid] => ebd59gxirslqqvre00
    [fbpxl] => 
)

----------- RESPONSE ---------
{"result":"ok","localClickId":"79d5b3ce-ea76-417b-9bcf-ad6af644f89b"}
----------- END --------------
January 3, 2022, 6:32 am
----------- DATA -------------
Array
(
    [offerId] => 9c4fe23b-37ea-4954-945b-29067b0d5c0e
    [fio] => Junrey
    [phone] => 09277361818
    [email] => admin@admin.com
    [domain] => http://mansehealth.com/landers/fa04a42719/land1/limon.php
    [ip] => 110.54.150.29
    [utm_campaign] => 923
    [utm_content] => 1
    [utm_medium] => 
    [utm_source] => SM
    [utm_term] => 
    [clickid] => 05ca6gxghu3gxdzebe
    [fbpxl] => 
)

----------- RESPONSE ---------
{"result":"ok","localClickId":"1998ec58-b8cd-4b4c-bad2-dcd8f3b34b5a"}
----------- END --------------
January 3, 2022, 7:20 am
----------- DATA -------------
Array
(
    [offerId] => 9c4fe23b-37ea-4954-945b-29067b0d5c0e
    [fio] => Kcb123c
    [phone] => 09086458892
    [email] => admin@admin.com
    [domain] => http://mansehealth.com/landers/fa04a42719/land1/limon.php
    [ip] => 112.211.251.87
    [utm_campaign] => 923
    [utm_content] => 1
    [utm_medium] => 
    [utm_source] => SM
    [utm_term] => 
    [clickid] => 1ba68gxghj2m76oca6
    [fbpxl] => 
)

----------- RESPONSE ---------
{"result":"ok","localClickId":"6d917674-7454-4ffd-83f3-714dda5c682f"}
----------- END --------------
January 3, 2022, 7:20 am
----------- DATA -------------
Array
(
    [offerId] => 9c4fe23b-37ea-4954-945b-29067b0d5c0e
    [fio] => Kcb123c
    [phone] => 09086458892
    [email] => admin@admin.com
    [domain] => http://mansehealth.com/landers/fa04a42719/land1/limon.php
    [ip] => 112.211.251.87
    [utm_campaign] => 923
    [utm_content] => 1
    [utm_medium] => 
    [utm_source] => SM
    [utm_term] => 
    [clickid] => 1ba68gxghj2m76oca6
    [fbpxl] => 
)

----------- RESPONSE ---------
{"result":"ok","localClickId":"3ecdd987-1439-4407-91d6-94d07d6a04d2"}
----------- END --------------
January 3, 2022, 7:21 am
----------- DATA -------------
Array
(
    [offerId] => 9c4fe23b-37ea-4954-945b-29067b0d5c0e
    [fio] => Kcb123c
    [phone] => 09086458892
    [email] => admin@admin.com
    [domain] => http://mansehealth.com/landers/fa04a42719/land1/limon.php
    [ip] => 112.211.251.87
    [utm_campaign] => {campaign}
    [utm_content] => {trafficsource}
    [utm_medium] => 
    [utm_source] => SM
    [utm_term] => 
    [clickid] => {clickid}
    [fbpxl] => 
)

----------- RESPONSE ---------
{"result":"ok","localClickId":"5787b46a-7821-4a2a-abde-5b5c978e5fa6"}
----------- END --------------
January 3, 2022, 7:35 am
----------- DATA -------------
Array
(
    [offerId] => 9c4fe23b-37ea-4954-945b-29067b0d5c0e
    [fio] => 洧놈洧눅洧눑洧눍洧눐 洧눑洧눅洧눇洧눅洧눅洧눜洧눓洧눒 
    [phone] => 09754553996
    [email] => admin@admin.com
    [domain] => http://mansehealth.com/landers/fa04a42719/land1/limon.php
    [ip] => 110.54.150.205
    [utm_campaign] => 923
    [utm_content] => 1
    [utm_medium] => 
    [utm_source] => SM
    [utm_term] => 
    [clickid] => ca8bcgx8pa41m6oc55
    [fbpxl] => 
)

----------- RESPONSE ---------
{"result":"ok","localClickId":"037e24af-236f-49ae-8637-ff0838da4695"}
----------- END --------------
January 3, 2022, 7:54 am
----------- DATA -------------
Array
(
    [offerId] => 9c4fe23b-37ea-4954-945b-29067b0d5c0e
    [fio] => Marvin Jake 
    [phone] => 09634157851
    [email] => admin@admin.com
    [domain] => http://mansehealth.com/landers/fa04a42719/land1/limon.php
    [ip] => 175.176.52.61
    [utm_campaign] => 923
    [utm_content] => 1
    [utm_medium] => 
    [utm_source] => SM
    [utm_term] => 
    [clickid] => ca7c4gx8p52d5i4311
    [fbpxl] => 
)

----------- RESPONSE ---------
{"result":"ok","localClickId":"c072f922-d15f-4f8d-bf05-83f8b54ea0d6"}
----------- END --------------
January 3, 2022, 8:46 am
----------- DATA -------------
Array
(
    [offerId] => 9c4fe23b-37ea-4954-945b-29067b0d5c0e
    [fio] => Bernardino
    [phone] => 09167795531
    [email] => admin@admin.com
    [domain] => http://mansehealth.com/landers/fa04a42719/land1/limon.php
    [ip] => 110.54.205.98
    [utm_campaign] => 923
    [utm_content] => 1
    [utm_medium] => 
    [utm_source] => SM
    [utm_term] => 
    [clickid] => ce41agx8pfva7i4916
    [fbpxl] => 
)

----------- RESPONSE ---------
{"result":"ok","localClickId":"7a01a0f9-49f8-4ba8-9f45-884cac8f3571"}
----------- END --------------
January 3, 2022, 10:59 am
----------- DATA -------------
Array
(
    [offerId] => 9c4fe23b-37ea-4954-945b-29067b0d5c0e
    [fio] => Reynaldo sern
    [phone] => O96
    [email] => admin@admin.com
    [domain] => http://mansehealth.com/landers/fa04a42719/land1/limon.php
    [ip] => 2001:4451:272:a400:451:ad8d:ee4b:d945
    [utm_campaign] => 923
    [utm_content] => 1
    [utm_medium] => 
    [utm_source] => SM
    [utm_term] => 
    [clickid] => 440f0gxxoe2qd3y883
    [fbpxl] => 
)

----------- RESPONSE ---------
{"result":"ok","localClickId":"0d6c3ff2-8fe2-4bf2-9f31-92fca3e045ab"}
----------- END --------------
January 3, 2022, 11:00 am
----------- DATA -------------
Array
(
    [offerId] => 9c4fe23b-37ea-4954-945b-29067b0d5c0e
    [fio] => Reynaldo sern
    [phone] => O9o69556979
    [email] => admin@admin.com
    [domain] => http://mansehealth.com/landers/fa04a42719/land1/limon.php
    [ip] => 2001:4451:272:a400:451:ad8d:ee4b:d945
    [utm_campaign] => {campaign}
    [utm_content] => {trafficsource}
    [utm_medium] => 
    [utm_source] => SM
    [utm_term] => 
    [clickid] => {clickid}
    [fbpxl] => 
)

----------- RESPONSE ---------
{"result":"ok","localClickId":"f5be8339-f8c6-4f70-8f03-3d5a8b4cec5b"}
----------- END --------------
January 3, 2022, 11:15 am
----------- DATA -------------
Array
(
    [offerId] => 9c4fe23b-37ea-4954-945b-29067b0d5c0e
    [fio] => Winnelito
    [phone] => 09380342842
    [email] => admin@admin.com
    [domain] => http://mansehealth.com/landers/fa04a42719/land1/limon.php
    [ip] => 110.54.226.43
    [utm_campaign] => 923
    [utm_content] => 1
    [utm_medium] => 
    [utm_source] => SM
    [utm_term] => 
    [clickid] => dd09dgxxoxiqq6oc81
    [fbpxl] => 
)

----------- RESPONSE ---------
{"result":"ok","localClickId":"c0bed9fa-1691-4379-b9b0-fc8a55664b70"}
----------- END --------------
January 3, 2022, 11:15 am
----------- DATA -------------
Array
(
    [offerId] => 9c4fe23b-37ea-4954-945b-29067b0d5c0e
    [fio] => Winnelito
    [phone] => 09380342842
    [email] => admin@admin.com
    [domain] => http://mansehealth.com/landers/fa04a42719/land1/limon.php
    [ip] => 110.54.226.43
    [utm_campaign] => 923
    [utm_content] => 1
    [utm_medium] => 
    [utm_source] => SM
    [utm_term] => 
    [clickid] => dd09dgxxoxiqq6oc81
    [fbpxl] => 
)

----------- RESPONSE ---------
{"result":"ok","localClickId":"09146297-bfd7-4ad1-947f-aa30beec25fb"}
----------- END --------------
January 3, 2022, 11:15 am
----------- DATA -------------
Array
(
    [offerId] => 9c4fe23b-37ea-4954-945b-29067b0d5c0e
    [fio] => Winnelito
    [phone] => 09380342842
    [email] => admin@admin.com
    [domain] => http://mansehealth.com/landers/fa04a42719/land1/limon.php
    [ip] => 110.54.226.43
    [utm_campaign] => 923
    [utm_content] => 1
    [utm_medium] => 
    [utm_source] => SM
    [utm_term] => 
    [clickid] => dd09dgxxoxiqq6oc81
    [fbpxl] => 
)

----------- RESPONSE ---------
{"result":"ok","localClickId":"a398bcfa-8ba0-49fd-b2e0-b8ac42a7cfce"}
----------- END --------------
January 3, 2022, 12:21 pm
----------- DATA -------------
Array
(
    [offerId] => 9c4fe23b-37ea-4954-945b-29067b0d5c0e
    [fio] => Marvin
    [phone] => 09639478565
    [email] => admin@admin.com
    [domain] => http://mansehealth.com/landers/fa04a42719/land1/limon.php
    [ip] => 58.69.103.181
    [utm_campaign] => 923
    [utm_content] => 1
    [utm_medium] => 
    [utm_source] => SM
    [utm_term] => 
    [clickid] => a4e3dgxxowhxi3ycc7
    [fbpxl] => 
)

----------- RESPONSE ---------
{"result":"ok","localClickId":"6b6f8354-7b5b-4560-bfd4-cb780a698583"}
----------- END --------------
January 3, 2022, 12:21 pm
----------- DATA -------------
Array
(
    [offerId] => 9c4fe23b-37ea-4954-945b-29067b0d5c0e
    [fio] => Marvin
    [phone] => 09639478565
    [email] => admin@admin.com
    [domain] => http://mansehealth.com/landers/fa04a42719/land1/limon.php
    [ip] => 58.69.103.181
    [utm_campaign] => 923
    [utm_content] => 1
    [utm_medium] => 
    [utm_source] => SM
    [utm_term] => 
    [clickid] => a4e3dgxxowhxi3ycc7
    [fbpxl] => 
)

----------- RESPONSE ---------
{"result":"ok","localClickId":"2b31e178-dbfb-46de-bd76-293082639945"}
----------- END --------------
January 3, 2022, 12:21 pm
----------- DATA -------------
Array
(
    [offerId] => 9c4fe23b-37ea-4954-945b-29067b0d5c0e
    [fio] => Manolito g.
    [phone] => 09690436486
    [email] => admin@admin.com
    [domain] => http://mansehealth.com/landers/fa04a42719/land1/limon.php
    [ip] => 175.176.26.115
    [utm_campaign] => 923
    [utm_content] => 1
    [utm_medium] => 
    [utm_source] => SM
    [utm_term] => 
    [clickid] => bddfagxxoocpm0ead
    [fbpxl] => 
)

----------- RESPONSE ---------
{"result":"ok","localClickId":"0b5b7b6c-842c-4c36-be01-34c54a45bd99"}
----------- END --------------
January 3, 2022, 1:11 pm
----------- DATA -------------
Array
(
    [offerId] => 9c4fe23b-37ea-4954-945b-29067b0d5c0e
    [fio] => Eddie arevalo.
    [phone] => O905o323159
    [email] => admin@admin.com
    [domain] => http://mansehealth.com/landers/fa04a42719/land1/limon.php
    [ip] => 124.106.104.201
    [utm_campaign] => 923
    [utm_content] => 1
    [utm_medium] => 
    [utm_source] => SM
    [utm_term] => 
    [clickid] => 05bc4gxk2a8bzdz679
    [fbpxl] => 
)

----------- RESPONSE ---------
{"result":"ok","localClickId":"7275c662-47cf-4da7-a24a-2e909b24d032"}
----------- END --------------
January 3, 2022, 1:43 pm
----------- DATA -------------
Array
(
    [offerId] => 9c4fe23b-37ea-4954-945b-29067b0d5c0e
    [fio] => Daniel 
    [phone] => 09103582368
    [email] => admin@admin.com
    [domain] => http://mansehealth.com/landers/fa04a42719/land1/limon.php
    [ip] => 124.105.205.55
    [utm_campaign] => 923
    [utm_content] => 1
    [utm_medium] => 
    [utm_source] => SM
    [utm_term] => 
    [clickid] => 26c95gxk2ci8p3yaba
    [fbpxl] => 
)

----------- RESPONSE ---------
{"result":"ok","localClickId":"ec952bf0-82a7-47a3-81bc-d73cbd320fd9"}
----------- END --------------
January 3, 2022, 2:20 pm
----------- DATA -------------
Array
(
    [offerId] => 9c4fe23b-37ea-4954-945b-29067b0d5c0e
    [fio] => Ace garcia
    [phone] => 09365875822
    [email] => admin@admin.com
    [domain] => http://mansehealth.com/landers/fa04a42719/land1/limon.php
    [ip] => 110.54.129.25
    [utm_campaign] => 923
    [utm_content] => 1
    [utm_medium] => 
    [utm_source] => SM
    [utm_term] => 
    [clickid] => a107cgxk2ydhqbl5a4
    [fbpxl] => 
)

----------- RESPONSE ---------
{"result":"ok","localClickId":"8993db91-9a76-43a3-83b9-dfb66b974ccf"}
----------- END --------------
January 3, 2022, 2:22 pm
----------- DATA -------------
Array
(
    [offerId] => 9c4fe23b-37ea-4954-945b-29067b0d5c0e
    [fio] => Ace garcia
    [phone] => 09365875822
    [email] => admin@admin.com
    [domain] => http://mansehealth.com/landers/fa04a42719/land1/limon.php
    [ip] => 110.54.129.25
    [utm_campaign] => {campaign}
    [utm_content] => {trafficsource}
    [utm_medium] => 
    [utm_source] => SM
    [utm_term] => 
    [clickid] => {clickid}
    [fbpxl] => 
)

----------- RESPONSE ---------
{"result":"ok","localClickId":"6eb1451f-7249-43b7-bf20-dd0b24d172ce"}
----------- END --------------
January 3, 2022, 3:01 pm
----------- DATA -------------
Array
(
    [offerId] => 9c4fe23b-37ea-4954-945b-29067b0d5c0e
    [fio] => Jhaste
    [phone] => 09557019890
    [email] => admin@admin.com
    [domain] => http://mansehealth.com/landers/fa04a42719/land1/limon.php
    [ip] => 49.148.147.49
    [utm_campaign] => 923
    [utm_content] => 1
    [utm_medium] => 
    [utm_source] => SM
    [utm_term] => 
    [clickid] => 9cdb1gxk2uoa2i4448
    [fbpxl] => 
)

----------- RESPONSE ---------
{"result":"ok","localClickId":"c51186e4-1401-4aa2-b9c2-6cb6921b7f06"}
----------- END --------------
January 3, 2022, 3:02 pm
----------- DATA -------------
Array
(
    [offerId] => 9c4fe23b-37ea-4954-945b-29067b0d5c0e
    [fio] => Edimark bongue
    [phone] => 09706344301
    [email] => admin@admin.com
    [domain] => http://mansehealth.com/landers/fa04a42719/land1/limon.php
    [ip] => 115.146.206.114
    [utm_campaign] => 923
    [utm_content] => 1
    [utm_medium] => 
    [utm_source] => SM
    [utm_term] => 
    [clickid] => 2df79gxk2ejd5fe11b
    [fbpxl] => 
)

----------- RESPONSE ---------
{"result":"ok","localClickId":"2646003c-3b41-4d77-8281-3124afad17b8"}
----------- END --------------
January 3, 2022, 3:03 pm
----------- DATA -------------
Array
(
    [offerId] => 9c4fe23b-37ea-4954-945b-29067b0d5c0e
    [fio] => Edimark bongue
    [phone] => 09706344301
    [email] => admin@admin.com
    [domain] => http://mansehealth.com/landers/fa04a42719/land1/limon.php
    [ip] => 115.146.206.114
    [utm_campaign] => {campaign}
    [utm_content] => {trafficsource}
    [utm_medium] => 
    [utm_source] => SM
    [utm_term] => 
    [clickid] => {clickid}
    [fbpxl] => 
)

----------- RESPONSE ---------
{"result":"ok","localClickId":"c3019377-0c13-4894-8530-461d482c22d1"}
----------- END --------------
January 3, 2022, 3:27 pm
----------- DATA -------------
Array
(
    [offerId] => 9c4fe23b-37ea-4954-945b-29067b0d5c0e
    [fio] => Val kent layola
    [phone] => 09056619259
    [email] => admin@admin.com
    [domain] => http://mansehealth.com/landers/fa04a42719/land1/limon.php
    [ip] => 110.54.192.180
    [utm_campaign] => 923
    [utm_content] => 1
    [utm_medium] => 
    [utm_source] => SM
    [utm_term] => 
    [clickid] => 5312dgx7sa6zw0181
    [fbpxl] => 
)

----------- RESPONSE ---------
{"result":"ok","localClickId":"fea9336c-72fe-4d94-9cbb-4ef2bbd90a2c"}
----------- END --------------
January 3, 2022, 3:32 pm
----------- DATA -------------
Array
(
    [offerId] => 9c4fe23b-37ea-4954-945b-29067b0d5c0e
    [fio] => Pings
    [phone] => 09360359797
    [email] => admin@admin.com
    [domain] => http://mansehealth.com/landers/fa04a42719/land1/limon.php
    [ip] => 111.125.122.199
    [utm_campaign] => 923
    [utm_content] => 1
    [utm_medium] => 
    [utm_source] => SM
    [utm_term] => 
    [clickid] => 40274gx7sa9yd6od2b
    [fbpxl] => 
)

----------- RESPONSE ---------
{"result":"ok","localClickId":"11c9de18-6866-44d9-b799-71ccf5626254"}
----------- END --------------
January 3, 2022, 4:36 pm
----------- DATA -------------
Array
(
    [offerId] => 9c4fe23b-37ea-4954-945b-29067b0d5c0e
    [fio] => Ivan 
    [phone] => 09051504421
    [email] => admin@admin.com
    [domain] => http://mansehealth.com/landers/fa04a42719/land1/limon.php
    [ip] => 180.195.249.226
    [utm_campaign] => 923
    [utm_content] => 1
    [utm_medium] => 
    [utm_source] => SM
    [utm_term] => 
    [clickid] => 1e185gx7s9zx9i4a81
    [fbpxl] => 
)

----------- RESPONSE ---------
{"result":"ok","localClickId":"9b47a034-3ff0-4f6a-92a6-69b92ff1ba4e"}
----------- END --------------
January 3, 2022, 4:38 pm
----------- DATA -------------
Array
(
    [offerId] => 9c4fe23b-37ea-4954-945b-29067b0d5c0e
    [fio] => Ivan 
    [phone] => 09051504421
    [email] => admin@admin.com
    [domain] => http://mansehealth.com/landers/fa04a42719/land1/limon.php
    [ip] => 180.195.249.226
    [utm_campaign] => 923
    [utm_content] => 1
    [utm_medium] => 
    [utm_source] => SM
    [utm_term] => 
    [clickid] => 1e185gx7s9zx9i4a81
    [fbpxl] => 
)

----------- RESPONSE ---------
{"result":"ok","localClickId":"224b0f3e-55e9-4a01-8f57-1111ea06c827"}
----------- END --------------
January 3, 2022, 4:38 pm
----------- DATA -------------
Array
(
    [offerId] => 9c4fe23b-37ea-4954-945b-29067b0d5c0e
    [fio] => Ivan 
    [phone] => 09051504421
    [email] => admin@admin.com
    [domain] => http://mansehealth.com/landers/fa04a42719/land1/limon.php
    [ip] => 180.195.249.226
    [utm_campaign] => 923
    [utm_content] => 1
    [utm_medium] => 
    [utm_source] => SM
    [utm_term] => 
    [clickid] => 1e185gx7s9zx9i4a81
    [fbpxl] => 
)

----------- RESPONSE ---------
{"result":"ok","localClickId":"b478490e-7764-4e25-a606-1fac35c77f46"}
----------- END --------------
January 3, 2022, 5:24 pm
----------- DATA -------------
Array
(
    [offerId] => 9c4fe23b-37ea-4954-945b-29067b0d5c0e
    [fio] => Manny deasis
    [phone] => 09675967013
    [email] => admin@admin.com
    [domain] => http://mansehealth.com/landers/fa04a42719/land1/limon.php
    [ip] => 110.54.163.158
    [utm_campaign] => 923
    [utm_content] => 1
    [utm_medium] => 
    [utm_source] => SM
    [utm_term] => 
    [clickid] => 234b0gxqe52x9dz437
    [fbpxl] => 
)

----------- RESPONSE ---------
{"result":"ok","localClickId":"99a8cf35-de7e-4622-bb4d-0dc3a48312da"}
----------- END --------------
