December 26, 2021, 12:25 am
----------- DATA -------------
Array
(
    [offerId] => 9c4fe23b-37ea-4954-945b-29067b0d5c0e
    [fio] => Felix mas
    [phone] => 09632722936
    [email] => admin@admin.com
    [domain] => http://mansehealth.com/landers/fa04a42719/land1/limon.php
    [ip] => 120.29.87.209
    [utm_campaign] => 923
    [utm_content] => 1
    [utm_medium] => 
    [utm_source] => SM
    [utm_term] => 
    [clickid] => 4c29e2tslir1nfe28e
    [fbpxl] => 
)

----------- RESPONSE ---------
{"result":"ok","localClickId":"30fdcb46-af66-47bd-aa74-644dcf3e30c4"}
----------- END --------------
December 26, 2021, 12:51 am
----------- DATA -------------
Array
(
    [offerId] => 9c4fe23b-37ea-4954-945b-29067b0d5c0e
    [fio] => Marchie Antig
    [phone] => 09336042429
    [email] => admin@admin.com
    [domain] => http://mansehealth.com/landers/fa04a42719/land1/limon.php
    [ip] => 175.176.69.224
    [utm_campaign] => 923
    [utm_content] => 1
    [utm_medium] => 
    [utm_source] => SM
    [utm_term] => 
    [clickid] => b70dc2tslydb7i4bb7
    [fbpxl] => 
)

----------- RESPONSE ---------
{"result":"ok","localClickId":"ad9c0e1a-85ff-420d-9ab1-e6d659dd124b"}
----------- END --------------
December 26, 2021, 1:07 am
----------- DATA -------------
Array
(
    [offerId] => 9c4fe23b-37ea-4954-945b-29067b0d5c0e
    [fio] => Robert colivar ditsus
    [phone] => 09557735065
    [email] => admin@admin.com
    [domain] => http://mansehealth.com/landers/fa04a42719/land1/limon.php
    [ip] => 110.54.161.188
    [utm_campaign] => 923
    [utm_content] => 1
    [utm_medium] => 
    [utm_source] => SM
    [utm_term] => 
    [clickid] => 639ce2tsl9l1zwjf43
    [fbpxl] => 
)

----------- RESPONSE ---------
{"result":"ok","localClickId":"616860f2-1a28-424b-a528-630868481684"}
----------- END --------------
December 26, 2021, 2:41 am
----------- DATA -------------
Array
(
    [offerId] => 9c4fe23b-37ea-4954-945b-29067b0d5c0e
    [fio] => Tt
    [phone] => 12.
    [email] => admin@admin.com
    [domain] => http://mansehealth.com/landers/fa04a42719/land1/limon.php
    [ip] => 112.198.86.133
    [utm_campaign] => 923
    [utm_content] => 1
    [utm_medium] => 
    [utm_source] => SM
    [utm_term] => 
    [clickid] => 616212tsluoc8i45ac
    [fbpxl] => 
)

----------- RESPONSE ---------
{"result":"ok","localClickId":"6d5f63b7-70d2-43e3-9db9-caa42a3776cc"}
----------- END --------------
December 26, 2021, 2:41 am
----------- DATA -------------
Array
(
    [offerId] => 9c4fe23b-37ea-4954-945b-29067b0d5c0e
    [fio] => Tt
    [phone] => 12.
    [email] => admin@admin.com
    [domain] => http://mansehealth.com/landers/fa04a42719/land1/limon.php
    [ip] => 112.198.86.133
    [utm_campaign] => 923
    [utm_content] => 1
    [utm_medium] => 
    [utm_source] => SM
    [utm_term] => 
    [clickid] => 616212tsluoc8i45ac
    [fbpxl] => 
)

----------- RESPONSE ---------
{"result":"ok","localClickId":"5e31291a-f185-4f40-9256-e880f97a5510"}
----------- END --------------
December 26, 2021, 2:41 am
----------- DATA -------------
Array
(
    [offerId] => 9c4fe23b-37ea-4954-945b-29067b0d5c0e
    [fio] => Tt
    [phone] => 12.
    [email] => admin@admin.com
    [domain] => http://mansehealth.com/landers/fa04a42719/land1/limon.php
    [ip] => 112.198.86.133
    [utm_campaign] => 923
    [utm_content] => 1
    [utm_medium] => 
    [utm_source] => SM
    [utm_term] => 
    [clickid] => 616212tsluoc8i45ac
    [fbpxl] => 
)

----------- RESPONSE ---------
{"result":"ok","localClickId":"41b0155e-5234-4a53-9754-b101b32a56e5"}
----------- END --------------
December 26, 2021, 2:41 am
----------- DATA -------------
Array
(
    [offerId] => 9c4fe23b-37ea-4954-945b-29067b0d5c0e
    [fio] => Tt
    [phone] => 12.
    [email] => admin@admin.com
    [domain] => http://mansehealth.com/landers/fa04a42719/land1/limon.php
    [ip] => 112.198.86.133
    [utm_campaign] => 923
    [utm_content] => 1
    [utm_medium] => 
    [utm_source] => SM
    [utm_term] => 
    [clickid] => 616212tsluoc8i45ac
    [fbpxl] => 
)

----------- RESPONSE ---------
{"result":"ok","localClickId":"52ecdce8-4c64-4fe7-9563-e8eecf6f9d3e"}
----------- END --------------
December 26, 2021, 2:41 am
----------- DATA -------------
Array
(
    [offerId] => 9c4fe23b-37ea-4954-945b-29067b0d5c0e
    [fio] => Tt
    [phone] => 12.
    [email] => admin@admin.com
    [domain] => http://mansehealth.com/landers/fa04a42719/land1/limon.php
    [ip] => 112.198.86.133
    [utm_campaign] => 923
    [utm_content] => 1
    [utm_medium] => 
    [utm_source] => SM
    [utm_term] => 
    [clickid] => 616212tsluoc8i45ac
    [fbpxl] => 
)

----------- RESPONSE ---------
{"result":"ok","localClickId":"e8e55ce9-8b2a-4c5a-8044-374f16ff7945"}
----------- END --------------
December 26, 2021, 2:41 am
----------- DATA -------------
Array
(
    [offerId] => 9c4fe23b-37ea-4954-945b-29067b0d5c0e
    [fio] => Tt
    [phone] => 12.
    [email] => admin@admin.com
    [domain] => http://mansehealth.com/landers/fa04a42719/land1/limon.php
    [ip] => 112.198.86.133
    [utm_campaign] => 923
    [utm_content] => 1
    [utm_medium] => 
    [utm_source] => SM
    [utm_term] => 
    [clickid] => 616212tsluoc8i45ac
    [fbpxl] => 
)

----------- RESPONSE ---------
{"result":"ok","localClickId":"73d778a8-e333-42ea-bdd3-23d6f6fc406e"}
----------- END --------------
December 26, 2021, 2:41 am
----------- DATA -------------
Array
(
    [offerId] => 9c4fe23b-37ea-4954-945b-29067b0d5c0e
    [fio] => Tt
    [phone] => 12.
    [email] => admin@admin.com
    [domain] => http://mansehealth.com/landers/fa04a42719/land1/limon.php
    [ip] => 112.198.86.133
    [utm_campaign] => 923
    [utm_content] => 1
    [utm_medium] => 
    [utm_source] => SM
    [utm_term] => 
    [clickid] => 616212tsluoc8i45ac
    [fbpxl] => 
)

----------- RESPONSE ---------
{"result":"ok","localClickId":"25e5a0e2-de56-430b-951a-55e3123f993f"}
----------- END --------------
December 26, 2021, 2:41 am
----------- DATA -------------
Array
(
    [offerId] => 9c4fe23b-37ea-4954-945b-29067b0d5c0e
    [fio] => Tt
    [phone] => 12.
    [email] => admin@admin.com
    [domain] => http://mansehealth.com/landers/fa04a42719/land1/limon.php
    [ip] => 112.198.86.133
    [utm_campaign] => 923
    [utm_content] => 1
    [utm_medium] => 
    [utm_source] => SM
    [utm_term] => 
    [clickid] => 616212tsluoc8i45ac
    [fbpxl] => 
)

----------- RESPONSE ---------
{"result":"ok","localClickId":"c876131f-200a-4ee0-9ee2-5f22a835402c"}
----------- END --------------
December 26, 2021, 2:41 am
----------- DATA -------------
Array
(
    [offerId] => 9c4fe23b-37ea-4954-945b-29067b0d5c0e
    [fio] => Tt
    [phone] => 12.
    [email] => admin@admin.com
    [domain] => http://mansehealth.com/landers/fa04a42719/land1/limon.php
    [ip] => 112.198.86.133
    [utm_campaign] => 923
    [utm_content] => 1
    [utm_medium] => 
    [utm_source] => SM
    [utm_term] => 
    [clickid] => 616212tsluoc8i45ac
    [fbpxl] => 
)

----------- RESPONSE ---------
{"result":"ok","localClickId":"24255f6a-16d8-4ebe-8316-ffc688afbe25"}
----------- END --------------
December 26, 2021, 2:41 am
----------- DATA -------------
Array
(
    [offerId] => 9c4fe23b-37ea-4954-945b-29067b0d5c0e
    [fio] => Tt
    [phone] => 12.
    [email] => admin@admin.com
    [domain] => http://mansehealth.com/landers/fa04a42719/land1/limon.php
    [ip] => 112.198.86.133
    [utm_campaign] => 923
    [utm_content] => 1
    [utm_medium] => 
    [utm_source] => SM
    [utm_term] => 
    [clickid] => 616212tsluoc8i45ac
    [fbpxl] => 
)

----------- RESPONSE ---------
{"result":"ok","localClickId":"8a42f2eb-88d2-449d-87ec-886fcfe4003d"}
----------- END --------------
December 26, 2021, 2:41 am
----------- DATA -------------
Array
(
    [offerId] => 9c4fe23b-37ea-4954-945b-29067b0d5c0e
    [fio] => Tt
    [phone] => 12.
    [email] => admin@admin.com
    [domain] => http://mansehealth.com/landers/fa04a42719/land1/limon.php
    [ip] => 112.198.86.133
    [utm_campaign] => 923
    [utm_content] => 1
    [utm_medium] => 
    [utm_source] => SM
    [utm_term] => 
    [clickid] => 616212tsluoc8i45ac
    [fbpxl] => 
)

----------- RESPONSE ---------
{"result":"ok","localClickId":"1ce02a51-57cd-4773-9b7e-f32bf38bea5e"}
----------- END --------------
December 26, 2021, 2:41 am
----------- DATA -------------
Array
(
    [offerId] => 9c4fe23b-37ea-4954-945b-29067b0d5c0e
    [fio] => Tt
    [phone] => 12.
    [email] => admin@admin.com
    [domain] => http://mansehealth.com/landers/fa04a42719/land1/limon.php
    [ip] => 112.198.86.133
    [utm_campaign] => 923
    [utm_content] => 1
    [utm_medium] => 
    [utm_source] => SM
    [utm_term] => 
    [clickid] => 616212tsluoc8i45ac
    [fbpxl] => 
)

----------- RESPONSE ---------
{"result":"ok","localClickId":"36d4a429-04bf-467d-92be-20272e1eeaf4"}
----------- END --------------
December 26, 2021, 2:41 am
----------- DATA -------------
Array
(
    [offerId] => 9c4fe23b-37ea-4954-945b-29067b0d5c0e
    [fio] => Tt
    [phone] => 12.
    [email] => admin@admin.com
    [domain] => http://mansehealth.com/landers/fa04a42719/land1/limon.php
    [ip] => 112.198.86.133
    [utm_campaign] => 923
    [utm_content] => 1
    [utm_medium] => 
    [utm_source] => SM
    [utm_term] => 
    [clickid] => 616212tsluoc8i45ac
    [fbpxl] => 
)

----------- RESPONSE ---------
{"result":"ok","localClickId":"0f3940b8-00d7-4f83-ae35-3bddb89701dd"}
----------- END --------------
December 26, 2021, 3:37 am
----------- DATA -------------
Array
(
    [offerId] => 9c4fe23b-37ea-4954-945b-29067b0d5c0e
    [fio] => Gemuel
    [phone] => 09109136966
    [email] => admin@admin.com
    [domain] => http://mansehealth.com/landers/fa04a42719/land1/limon.php
    [ip] => 2001:4455:36d:9e00:5807:e2bd:84e7:e3c7
    [utm_campaign] => 923
    [utm_content] => 1
    [utm_medium] => 
    [utm_source] => SM
    [utm_term] => 
    [clickid] => 6f4742tslqqd5fefc6
    [fbpxl] => 
)

----------- RESPONSE ---------
{"result":"ok","localClickId":"9e423a20-9aa0-4ccd-92ed-dc1fcc77c47b"}
----------- END --------------
December 26, 2021, 3:54 am
----------- DATA -------------
Array
(
    [offerId] => 9c4fe23b-37ea-4954-945b-29067b0d5c0e
    [fio] => Joseph
    [phone] => 09057231064
    [email] => admin@admin.com
    [domain] => http://mansehealth.com/landers/fa04a42719/land1/limon.php
    [ip] => 161.49.160.119
    [utm_campaign] => {campaign}
    [utm_content] => {trafficsource}
    [utm_medium] => 
    [utm_source] => SM
    [utm_term] => 
    [clickid] => {clickid}
    [fbpxl] => 
)

----------- RESPONSE ---------
{"result":"ok","localClickId":"75a9b527-116a-48bf-96d3-d1288321e476"}
----------- END --------------
December 26, 2021, 5:24 am
----------- DATA -------------
Array
(
    [offerId] => 9c4fe23b-37ea-4954-945b-29067b0d5c0e
    [fio] => Jerome
    [phone] => 09518039207
    [email] => admin@admin.com
    [domain] => http://mansehealth.com/landers/fa04a42719/land1/limon.php
    [ip] => 112.198.72.67
    [utm_campaign] => 923
    [utm_content] => 1
    [utm_medium] => 
    [utm_source] => SM
    [utm_term] => 
    [clickid] => 04b092tduwfa03y415
    [fbpxl] => 
)

----------- RESPONSE ---------
{"result":"ok","localClickId":"9e11fee5-78e2-469b-8063-d339851078a5"}
----------- END --------------
December 26, 2021, 5:56 am
----------- DATA -------------
Array
(
    [offerId] => 9c4fe23b-37ea-4954-945b-29067b0d5c0e
    [fio] => Vincent faminiano
    [phone] => 09669727781
    [email] => admin@admin.com
    [domain] => http://mansehealth.com/landers/fa04a42719/land1/limon.php
    [ip] => 103.89.237.212
    [utm_campaign] => 923
    [utm_content] => 1
    [utm_medium] => 
    [utm_source] => SM
    [utm_term] => 
    [clickid] => 7f2262tdug53vi4dad
    [fbpxl] => 
)

----------- RESPONSE ---------
{"result":"ok","localClickId":"d28f1f4a-0f66-49b1-8d40-5503e830837d"}
----------- END --------------
December 26, 2021, 5:57 am
----------- DATA -------------
Array
(
    [offerId] => 9c4fe23b-37ea-4954-945b-29067b0d5c0e
    [fio] => B
    [phone] => B
    [email] => admin@admin.com
    [domain] => http://mansehealth.com/landers/fa04a42719/land1/limon.php
    [ip] => 110.54.188.156
    [utm_campaign] => 923
    [utm_content] => 1
    [utm_medium] => 
    [utm_source] => SM
    [utm_term] => 
    [clickid] => 3fee72tduximy3yb2c
    [fbpxl] => 
)

----------- RESPONSE ---------
{"result":"ok","localClickId":"dd1d5fb9-f317-4e78-a82f-06b635c21f43"}
----------- END --------------
December 26, 2021, 5:59 am
----------- DATA -------------
Array
(
    [offerId] => 9c4fe23b-37ea-4954-945b-29067b0d5c0e
    [fio] => Niño
    [phone] => 09168566604
    [email] => admin@admin.com
    [domain] => http://mansehealth.com/landers/fa04a42719/land1/limon.php
    [ip] => 175.176.20.127
    [utm_campaign] => 923
    [utm_content] => 1
    [utm_medium] => 
    [utm_source] => SM
    [utm_term] => 
    [clickid] => adc502tdug5pmvr75e
    [fbpxl] => 
)

----------- RESPONSE ---------
{"result":"ok","localClickId":"baed8b43-f74d-42de-8749-bcd1e65f2917"}
----------- END --------------
December 26, 2021, 6:47 am
----------- DATA -------------
Array
(
    [offerId] => 9c4fe23b-37ea-4954-945b-29067b0d5c0e
    [fio] => Gerald
    [phone] => 09684357882
    [email] => admin@admin.com
    [domain] => http://mansehealth.com/landers/fa04a42719/land1/limon.php
    [ip] => 2001:4451:115f:1900:e857:960b:604:7d77
    [utm_campaign] => 923
    [utm_content] => 1
    [utm_medium] => 
    [utm_source] => SM
    [utm_term] => 
    [clickid] => 1fcb32tg6xs8wbl33b
    [fbpxl] => 
)

----------- RESPONSE ---------
{"result":"ok","localClickId":"dba70661-779f-4016-b88d-ea18d4a898d9"}
----------- END --------------
December 26, 2021, 7:04 am
----------- DATA -------------
Array
(
    [offerId] => 9c4fe23b-37ea-4954-945b-29067b0d5c0e
    [fio] => Tantan
    [phone] => 9282738291
    [email] => admin@admin.com
    [domain] => http://mansehealth.com/landers/fa04a42719/land1/limon.php
    [ip] => 110.54.145.62
    [utm_campaign] => 923
    [utm_content] => 1
    [utm_medium] => 
    [utm_source] => SM
    [utm_term] => 
    [clickid] => 831792tg68pvc6o23c
    [fbpxl] => 
)

----------- RESPONSE ---------
{"result":"ok","localClickId":"23ed3c3d-8d90-4cf9-86f5-81fa790422c1"}
----------- END --------------
December 26, 2021, 7:05 am
----------- DATA -------------
Array
(
    [offerId] => 9c4fe23b-37ea-4954-945b-29067b0d5c0e
    [fio] => Tantan
    [phone] => 9282873829
    [email] => admin@admin.com
    [domain] => http://mansehealth.com/landers/fa04a42719/land1/limon.php
    [ip] => 110.54.145.62
    [utm_campaign] => 923
    [utm_content] => 1
    [utm_medium] => 
    [utm_source] => SM
    [utm_term] => 
    [clickid] => 4198c2tg6k2whdz9de
    [fbpxl] => 
)

----------- RESPONSE ---------
{"result":"ok","localClickId":"bc9ada92-a1e7-45b4-a5be-75bed4b78bfe"}
----------- END --------------
December 26, 2021, 7:06 am
----------- DATA -------------
Array
(
    [offerId] => 9c4fe23b-37ea-4954-945b-29067b0d5c0e
    [fio] => Tantan
    [phone] => 819272092
    [email] => admin@admin.com
    [domain] => http://mansehealth.com/landers/fa04a42719/land1/limon.php
    [ip] => 110.54.145.62
    [utm_campaign] => 923
    [utm_content] => 1
    [utm_medium] => 
    [utm_source] => SM
    [utm_term] => 
    [clickid] => 4198c2tg6k2whdz9de
    [fbpxl] => 
)

----------- RESPONSE ---------
{"result":"ok","localClickId":"cb96b8cf-704e-4d61-937c-bfcce9f0552a"}
----------- END --------------
December 26, 2021, 8:50 am
----------- DATA -------------
Array
(
    [offerId] => 9c4fe23b-37ea-4954-945b-29067b0d5c0e
    [fio] => Justine
    [phone] => 09702290087
    [email] => admin@admin.com
    [domain] => http://mansehealth.com/landers/fa04a42719/land1/limon.php
    [ip] => 110.54.224.223
    [utm_campaign] => 923
    [utm_content] => 1
    [utm_medium] => 
    [utm_source] => SM
    [utm_term] => 
    [clickid] => cbccb2te8wfb48n66b
    [fbpxl] => 
)

----------- RESPONSE ---------
{"result":"ok","localClickId":"3bee5d33-420b-4f28-ad81-a176e605f76c"}
----------- END --------------
December 26, 2021, 10:29 am
----------- DATA -------------
Array
(
    [offerId] => 9c4fe23b-37ea-4954-945b-29067b0d5c0e
    [fio] => Daniel
    [phone] => 09659751416
    [email] => admin@admin.com
    [domain] => http://mansehealth.com/landers/fa04a42719/land1/limon.php
    [ip] => 180.191.224.137
    [utm_campaign] => 923
    [utm_content] => 1
    [utm_medium] => 
    [utm_source] => SM
    [utm_term] => 
    [clickid] => 4482c2te8whnt0876
    [fbpxl] => 
)

----------- RESPONSE ---------
{"result":"ok","localClickId":"66668637-035c-4803-a427-26c84467a899"}
----------- END --------------
December 26, 2021, 12:53 pm
----------- DATA -------------
Array
(
    [offerId] => 9c4fe23b-37ea-4954-945b-29067b0d5c0e
    [fio] => Joel  fernandez
    [phone] => 90974926666
    [email] => admin@admin.com
    [domain] => http://mansehealth.com/landers/fa04a42719/land1/limon.php
    [ip] => 122.3.107.251
    [utm_campaign] => 923
    [utm_content] => 1
    [utm_medium] => 
    [utm_source] => SM
    [utm_term] => 
    [clickid] => 9ab7d2tqnu3uq8n598
    [fbpxl] => 
)

----------- RESPONSE ---------
{"result":"ok","localClickId":"66b9ba3a-10e8-4cda-a188-b427630f452e"}
----------- END --------------
December 26, 2021, 1:28 pm
----------- DATA -------------
Array
(
    [offerId] => 9c4fe23b-37ea-4954-945b-29067b0d5c0e
    [fio] => Cristian
    [phone] => 09678265695
    [email] => admin@admin.com
    [domain] => http://mansehealth.com/landers/fa04a42719/land1/limon.php
    [ip] => 110.54.230.161
    [utm_campaign] => 923
    [utm_content] => 1
    [utm_medium] => 
    [utm_source] => SM
    [utm_term] => 
    [clickid] => bb9ac2tqnxoydvr36f
    [fbpxl] => 
)

----------- RESPONSE ---------
{"result":"ok","localClickId":"1face19d-10d7-4d9f-9c40-aabf472c413b"}
----------- END --------------
December 26, 2021, 1:37 pm
----------- DATA -------------
Array
(
    [offerId] => 9c4fe23b-37ea-4954-945b-29067b0d5c0e
    [fio] => Binjie delacruz
    [phone] => 09972448527
    [email] => admin@admin.com
    [domain] => http://mansehealth.com/landers/fa04a42719/land1/limon.php
    [ip] => 112.198.71.158
    [utm_campaign] => 923
    [utm_content] => 1
    [utm_medium] => 
    [utm_source] => SM
    [utm_term] => 
    [clickid] => d65572tqn7sxrwj287
    [fbpxl] => 
)

----------- RESPONSE ---------
{"result":"ok","localClickId":"1516552c-6362-4a41-827c-521a5c6003a9"}
----------- END --------------
December 26, 2021, 1:40 pm
----------- DATA -------------
Array
(
    [offerId] => 9c4fe23b-37ea-4954-945b-29067b0d5c0e
    [fio] => michael desipeda
    [phone] => 09952425093
    [email] => admin@admin.com
    [domain] => http://mansehealth.com/landers/fa04a42719/land1/limon.php
    [ip] => 110.54.192.58
    [utm_campaign] => 923
    [utm_content] => 1
    [utm_medium] => 
    [utm_source] => SM
    [utm_term] => 
    [clickid] => 56d912tqnqeci0875
    [fbpxl] => 
)

----------- RESPONSE ---------
{"result":"ok","localClickId":"a2cc487c-7b79-4f38-95f9-8224acb4c425"}
----------- END --------------
December 26, 2021, 1:43 pm
----------- DATA -------------
Array
(
    [offerId] => 9c4fe23b-37ea-4954-945b-29067b0d5c0e
    [fio] => Benny
    [phone] => 09187006552
    [email] => admin@admin.com
    [domain] => http://mansehealth.com/landers/fa04a42719/land1/limon.php
    [ip] => 2001:4451:44ec:2200:7971:9a9b:8abc:4919
    [utm_campaign] => 923
    [utm_content] => 1
    [utm_medium] => 
    [utm_source] => SM
    [utm_term] => 
    [clickid] => c3e772tqn1ztw0490
    [fbpxl] => 
)

----------- RESPONSE ---------
{"result":"ok","localClickId":"c9bbef75-60a5-468d-843e-c75b5e2266c2"}
----------- END --------------
December 26, 2021, 1:46 pm
----------- DATA -------------
Array
(
    [offerId] => 9c4fe23b-37ea-4954-945b-29067b0d5c0e
    [fio] => Merhlo
    [phone] => 09771351838
    [email] => admin@admin.com
    [domain] => http://mansehealth.com/landers/fa04a42719/land1/limon.php
    [ip] => 110.54.222.218
    [utm_campaign] => 923
    [utm_content] => 1
    [utm_medium] => 
    [utm_source] => SM
    [utm_term] => 
    [clickid] => 690002tqnyduo02af
    [fbpxl] => 
)

----------- RESPONSE ---------
{"result":"ok","localClickId":"3d7356dc-ab51-4894-a994-517aa56a0a84"}
----------- END --------------
December 26, 2021, 2:43 pm
----------- DATA -------------
Array
(
    [offerId] => 9c4fe23b-37ea-4954-945b-29067b0d5c0e
    [fio] => Cesar
    [phone] => 639759024928
    [email] => admin@admin.com
    [domain] => http://mansehealth.com/landers/fa04a42719/land1/limon.php
    [ip] => 2001:fd8:3292:bbf5:d13a:b43a:9c47:1544
    [utm_campaign] => 923
    [utm_content] => 1
    [utm_medium] => 
    [utm_source] => SM
    [utm_term] => 
    [clickid] => 2037c2tqnxie88nc76
    [fbpxl] => 
)

----------- RESPONSE ---------
{"result":"ok","localClickId":"9bd49f1f-8451-41e4-919c-2b2e4b1da491"}
----------- END --------------
December 26, 2021, 2:49 pm
----------- DATA -------------
Array
(
    [offerId] => 9c4fe23b-37ea-4954-945b-29067b0d5c0e
    [fio] => Cesar Guihapon
    [phone] => 639759024928
    [email] => admin@admin.com
    [domain] => http://mansehealth.com/landers/fa04a42719/land1/limon.php
    [ip] => 2001:fd8:3292:bbf5:d13a:b43a:9c47:1544
    [utm_campaign] => {campaign}
    [utm_content] => {trafficsource}
    [utm_medium] => 
    [utm_source] => SM
    [utm_term] => 
    [clickid] => {clickid}
    [fbpxl] => 
)

----------- RESPONSE ---------
{"result":"ok","localClickId":"7ef0c486-41c3-4a27-9ab5-126c68859623"}
----------- END --------------
December 26, 2021, 3:14 pm
----------- DATA -------------
Array
(
    [offerId] => 9c4fe23b-37ea-4954-945b-29067b0d5c0e
    [fio] => Jonel
    [phone] => 09669654949
    [email] => admin@admin.com
    [domain] => http://mansehealth.com/landers/fa04a42719/land1/limon.php
    [ip] => 110.54.225.26
    [utm_campaign] => 923
    [utm_content] => 1
    [utm_medium] => 
    [utm_source] => SM
    [utm_term] => 
    [clickid] => bea302tqn37pm3y115
    [fbpxl] => 
)

----------- RESPONSE ---------
{"result":"ok","localClickId":"1d2a701f-3dbd-4b07-9365-4815df442d47"}
----------- END --------------
December 26, 2021, 3:18 pm
----------- DATA -------------
Array
(
    [offerId] => 9c4fe23b-37ea-4954-945b-29067b0d5c0e
    [fio] => Jigs
    [phone] => 09167849122
    [email] => admin@admin.com
    [domain] => http://mansehealth.com/landers/fa04a42719/land1/limon.php
    [ip] => 120.29.79.104
    [utm_campaign] => 923
    [utm_content] => 1
    [utm_medium] => 
    [utm_source] => SM
    [utm_term] => 
    [clickid] => e08172tqnbg150627
    [fbpxl] => 
)

----------- RESPONSE ---------
{"result":"ok","localClickId":"c80664b6-4573-4f79-b9cb-f8697203315a"}
----------- END --------------
December 26, 2021, 3:25 pm
----------- DATA -------------
Array
(
    [offerId] => 9c4fe23b-37ea-4954-945b-29067b0d5c0e
    [fio] => Romeo
    [phone] => 09207896031
    [email] => admin@admin.com
    [domain] => http://mansehealth.com/landers/fa04a42719/land1/limon.php
    [ip] => 175.176.21.155
    [utm_campaign] => 894
    [utm_content] => 35
    [utm_medium] => 
    [utm_source] => SM
    [utm_term] => 
    [clickid] => 11b402tho2tu36o455
    [fbpxl] => 
)

----------- RESPONSE ---------
{"result":"ok","localClickId":"d8576cf9-7508-45a0-991b-20c143731e2d"}
----------- END --------------
December 26, 2021, 3:58 pm
----------- DATA -------------
Array
(
    [offerId] => 9c4fe23b-37ea-4954-945b-29067b0d5c0e
    [fio] => jeter
    [phone] => 09385405927
    [email] => admin@admin.com
    [domain] => http://mansehealth.com/landers/fa04a42719/land1/limon.php
    [ip] => 115.147.16.223
    [utm_campaign] => 923
    [utm_content] => 1
    [utm_medium] => 
    [utm_source] => SM
    [utm_term] => 
    [clickid] => 0aedb2tqnsl7swj2a3
    [fbpxl] => 
)

----------- RESPONSE ---------
{"result":"ok","localClickId":"1cb2c927-a717-4e67-91e0-e3cb25a9b66c"}
----------- END --------------
December 26, 2021, 4:01 pm
----------- DATA -------------
Array
(
    [offerId] => 9c4fe23b-37ea-4954-945b-29067b0d5c0e
    [fio] => jeter
    [phone] => 09385402957
    [email] => admin@admin.com
    [domain] => http://mansehealth.com/landers/fa04a42719/land1/limon.php
    [ip] => 115.147.16.223
    [utm_campaign] => {campaign}
    [utm_content] => {trafficsource}
    [utm_medium] => 
    [utm_source] => SM
    [utm_term] => 
    [clickid] => {clickid}
    [fbpxl] => 
)

----------- RESPONSE ---------
{"result":"ok","localClickId":"cfc11d5e-6bf6-4638-9e0a-db2eedfff6b9"}
----------- END --------------
December 26, 2021, 4:08 pm
----------- DATA -------------
Array
(
    [offerId] => 9c4fe23b-37ea-4954-945b-29067b0d5c0e
    [fio] => fuentes cris
    [phone] => 09387849101
    [email] => admin@admin.com
    [domain] => http://mansehealth.com/landers/fa04a42719/land1/limon.php
    [ip] => 175.176.77.205
    [utm_campaign] => 923
    [utm_content] => 1
    [utm_medium] => 
    [utm_source] => SM
    [utm_term] => 
    [clickid] => c75c42tqqa5wf0158
    [fbpxl] => 
)

----------- RESPONSE ---------
{"result":"ok","localClickId":"03958a21-5c80-4e0d-8116-cdb5b3a2c418"}
----------- END --------------
December 26, 2021, 5:23 pm
----------- DATA -------------
Array
(
    [offerId] => 9c4fe23b-37ea-4954-945b-29067b0d5c0e
    [fio] => Charles niño
    [phone] => 09127881218
    [email] => admin@admin.com
    [domain] => http://mansehealth.com/landers/fa04a42719/land1/limon.php
    [ip] => 2001:fd8:b192:e6ce:f01b:6f4b:37db:6884
    [utm_campaign] => 923
    [utm_content] => 1
    [utm_medium] => 
    [utm_source] => SM
    [utm_term] => 
    [clickid] => 5690f2tqqb7bgbl134
    [fbpxl] => 
)

----------- RESPONSE ---------
{"result":"ok","localClickId":"8b767544-79b6-4b62-a0df-cbec03d68dbf"}
----------- END --------------
December 26, 2021, 5:32 pm
----------- DATA -------------
Array
(
    [offerId] => 9c4fe23b-37ea-4954-945b-29067b0d5c0e
    [fio] => Jamer
    [phone] => 0967
    [email] => admin@admin.com
    [domain] => http://mansehealth.com/landers/fa04a42719/land1/limon.php
    [ip] => 110.54.218.172
    [utm_campaign] => 923
    [utm_content] => 1
    [utm_medium] => 
    [utm_source] => SM
    [utm_term] => 
    [clickid] => 40a4b2tqqzwa6dze76
    [fbpxl] => 
)

----------- RESPONSE ---------
{"result":"ok","localClickId":"4fb531d5-7e4a-43f5-ab33-a51d965b788a"}
----------- END --------------
December 26, 2021, 5:32 pm
----------- DATA -------------
Array
(
    [offerId] => 9c4fe23b-37ea-4954-945b-29067b0d5c0e
    [fio] => Jamer
    [phone] => 09658927703
    [email] => admin@admin.com
    [domain] => http://mansehealth.com/landers/fa04a42719/land1/limon.php
    [ip] => 110.54.218.172
    [utm_campaign] => 923
    [utm_content] => 1
    [utm_medium] => 
    [utm_source] => SM
    [utm_term] => 
    [clickid] => 40a4b2tqqzwa6dze76
    [fbpxl] => 
)

----------- RESPONSE ---------
{"result":"ok","localClickId":"3c53e904-37e1-4817-ae39-9353914cd3a0"}
----------- END --------------
December 26, 2021, 5:32 pm
----------- DATA -------------
Array
(
    [offerId] => 9c4fe23b-37ea-4954-945b-29067b0d5c0e
    [fio] => Jamer
    [phone] => 09658927703
    [email] => admin@admin.com
    [domain] => http://mansehealth.com/landers/fa04a42719/land1/limon.php
    [ip] => 110.54.218.172
    [utm_campaign] => 923
    [utm_content] => 1
    [utm_medium] => 
    [utm_source] => SM
    [utm_term] => 
    [clickid] => 40a4b2tqqzwa6dze76
    [fbpxl] => 
)

----------- RESPONSE ---------
{"result":"ok","localClickId":"f4388809-c5bf-4143-8f3f-9df85951401a"}
----------- END --------------
December 26, 2021, 7:42 pm
----------- DATA -------------
Array
(
    [offerId] => 9c4fe23b-37ea-4954-945b-29067b0d5c0e
    [fio] => Accect
    [phone] => 09061821267
    [email] => admin@admin.com
    [domain] => http://mansehealth.com/landers/fa04a42719/land1/limon.php
    [ip] => 110.54.160.88
    [utm_campaign] => 923
    [utm_content] => 1
    [utm_medium] => 
    [utm_source] => SM
    [utm_term] => 
    [clickid] => 518b5gxa04kg6dz33d
    [fbpxl] => 
)

----------- RESPONSE ---------
{"result":"ok","localClickId":"99b8d099-488d-46c7-ba6b-6ed53d50428f"}
----------- END --------------
December 26, 2021, 7:44 pm
----------- DATA -------------
Array
(
    [offerId] => 9c4fe23b-37ea-4954-945b-29067b0d5c0e
    [fio] => Ace Abs 
    [phone] => 09061821267
    [email] => admin@admin.com
    [domain] => http://mansehealth.com/landers/fa04a42719/land1/limon.php
    [ip] => 110.54.160.88
    [utm_campaign] => 923
    [utm_content] => 1
    [utm_medium] => 
    [utm_source] => SM
    [utm_term] => 
    [clickid] => 518b5gxa04kg6dz33d
    [fbpxl] => 
)

----------- RESPONSE ---------
{"result":"ok","localClickId":"adaee368-1f2a-4b07-8979-9f36d68841c4"}
----------- END --------------
December 26, 2021, 8:44 pm
----------- DATA -------------
Array
(
    [offerId] => 9c4fe23b-37ea-4954-945b-29067b0d5c0e
    [fio] => Fatima arajani
    [phone] => 09952563079
    [email] => admin@admin.com
    [domain] => http://mansehealth.com/landers/fa04a42719/land1/limon.php
    [ip] => 152.32.100.24
    [utm_campaign] => 923
    [utm_content] => 1
    [utm_medium] => 
    [utm_source] => SM
    [utm_term] => 
    [clickid] => 42bf0gxa0b7xrfe249
    [fbpxl] => 
)

----------- RESPONSE ---------
{"result":"ok","localClickId":"119326b7-99da-4546-9b13-6beb3edfba53"}
----------- END --------------
December 26, 2021, 8:46 pm
----------- DATA -------------
Array
(
    [offerId] => 9c4fe23b-37ea-4954-945b-29067b0d5c0e
    [fio] => Fatima arajani
    [phone] => 09952563079
    [email] => admin@admin.com
    [domain] => http://mansehealth.com/landers/fa04a42719/land1/limon.php
    [ip] => 152.32.100.24
    [utm_campaign] => {campaign}
    [utm_content] => {trafficsource}
    [utm_medium] => 
    [utm_source] => SM
    [utm_term] => 
    [clickid] => {clickid}
    [fbpxl] => 
)

----------- RESPONSE ---------
{"result":"ok","localClickId":"0a9ed86f-7ff2-4737-a253-7c060b52800e"}
----------- END --------------
December 26, 2021, 9:17 pm
----------- DATA -------------
Array
(
    [offerId] => 9c4fe23b-37ea-4954-945b-29067b0d5c0e
    [fio] => pacxy
    [phone] => +639639619303
    [email] => admin@admin.com
    [domain] => http://mansehealth.com/landers/fa04a42719/land1/limon.php
    [ip] => 49.145.253.27
    [utm_campaign] => 923
    [utm_content] => 1
    [utm_medium] => 
    [utm_source] => SM
    [utm_term] => 
    [clickid] => 17f64gxa0sca6bl6e7
    [fbpxl] => 
)

----------- RESPONSE ---------
{"result":"ok","localClickId":"ab48297a-39fd-4c61-948d-0f0498c68b71"}
----------- END --------------
December 26, 2021, 9:19 pm
----------- DATA -------------
Array
(
    [offerId] => 9c4fe23b-37ea-4954-945b-29067b0d5c0e
    [fio] => pacxy
    [phone] => +639639619303
    [email] => admin@admin.com
    [domain] => http://mansehealth.com/landers/fa04a42719/land1/limon.php
    [ip] => 49.145.253.27
    [utm_campaign] => {campaign}
    [utm_content] => {trafficsource}
    [utm_medium] => 
    [utm_source] => SM
    [utm_term] => 
    [clickid] => {clickid}
    [fbpxl] => 
)

----------- RESPONSE ---------
{"result":"ok","localClickId":"05bd33ff-d3c2-47b7-be7d-93f657567f7d"}
----------- END --------------
December 26, 2021, 9:40 pm
----------- DATA -------------
Array
(
    [offerId] => 9c4fe23b-37ea-4954-945b-29067b0d5c0e
    [fio] => Mike Bôöç ejorango
    [phone] => +639759417394
    [email] => admin@admin.com
    [domain] => http://mansehealth.com/landers/fa04a42719/land1/limon.php
    [ip] => 210.185.171.56
    [utm_campaign] => 923
    [utm_content] => 1
    [utm_medium] => 
    [utm_source] => SM
    [utm_term] => 
    [clickid] => 5d91agxa0j6e2vr44c
    [fbpxl] => 
)

----------- RESPONSE ---------
{"result":"ok","localClickId":"6810982c-d0e8-48a2-904b-2f9184cdd085"}
----------- END --------------
December 26, 2021, 10:10 pm
----------- DATA -------------
Array
(
    [offerId] => 9c4fe23b-37ea-4954-945b-29067b0d5c0e
    [fio] => Yifogyelf oso
    [phone] => 095434572264
    [email] => admin@admin.com
    [domain] => http://mansehealth.com/landers/fa04a42719/land1/limon.php
    [ip] => 110.54.131.138
    [utm_campaign] => 923
    [utm_content] => 1
    [utm_medium] => 
    [utm_source] => SM
    [utm_term] => 
    [clickid] => cb5b2gxa01mzwvr625
    [fbpxl] => 
)

----------- RESPONSE ---------
{"result":"ok","localClickId":"89fcf206-a46b-4f48-adc2-eb3591e1ccd5"}
----------- END --------------
December 26, 2021, 10:10 pm
----------- DATA -------------
Array
(
    [offerId] => 9c4fe23b-37ea-4954-945b-29067b0d5c0e
    [fio] => Yifogyelf oso
    [phone] => 095434572264
    [email] => admin@admin.com
    [domain] => http://mansehealth.com/landers/fa04a42719/land1/limon.php
    [ip] => 110.54.131.138
    [utm_campaign] => 923
    [utm_content] => 1
    [utm_medium] => 
    [utm_source] => SM
    [utm_term] => 
    [clickid] => cb5b2gxa01mzwvr625
    [fbpxl] => 
)

----------- RESPONSE ---------
{"result":"ok","localClickId":"a70294e6-d356-4e4c-b7f8-a9bfdaf4e94c"}
----------- END --------------
December 26, 2021, 10:10 pm
----------- DATA -------------
Array
(
    [offerId] => 9c4fe23b-37ea-4954-945b-29067b0d5c0e
    [fio] => Yifogyelf oso
    [phone] => 095434572264
    [email] => admin@admin.com
    [domain] => http://mansehealth.com/landers/fa04a42719/land1/limon.php
    [ip] => 110.54.131.138
    [utm_campaign] => 923
    [utm_content] => 1
    [utm_medium] => 
    [utm_source] => SM
    [utm_term] => 
    [clickid] => cb5b2gxa01mzwvr625
    [fbpxl] => 
)

----------- RESPONSE ---------
{"result":"ok","localClickId":"dbfd9c45-d3be-4c6c-b103-1795658db039"}
----------- END --------------
December 26, 2021, 10:10 pm
----------- DATA -------------
Array
(
    [offerId] => 9c4fe23b-37ea-4954-945b-29067b0d5c0e
    [fio] => Yifogyelf oso
    [phone] => 095434572264
    [email] => admin@admin.com
    [domain] => http://mansehealth.com/landers/fa04a42719/land1/limon.php
    [ip] => 110.54.131.138
    [utm_campaign] => 923
    [utm_content] => 1
    [utm_medium] => 
    [utm_source] => SM
    [utm_term] => 
    [clickid] => cb5b2gxa01mzwvr625
    [fbpxl] => 
)

----------- RESPONSE ---------
{"result":"ok","localClickId":"dfe12d9b-877b-4216-8bb8-1a59eaf2ca12"}
----------- END --------------
December 26, 2021, 11:06 pm
----------- DATA -------------
Array
(
    [offerId] => 9c4fe23b-37ea-4954-945b-29067b0d5c0e
    [fio] => davidbravo
    [phone] => 09488477700
    [email] => admin@admin.com
    [domain] => http://mansehealth.com/landers/fa04a42719/land1/limon.php
    [ip] => 103.3.83.243
    [utm_campaign] => 923
    [utm_content] => 1
    [utm_medium] => 
    [utm_source] => SM
    [utm_term] => 
    [clickid] => 20fa2gxa0rn9z6o013
    [fbpxl] => 
)

----------- RESPONSE ---------
{"result":"ok","localClickId":"6cbbf7f5-4bf3-4e0b-99b9-9c755865cc31"}
----------- END --------------
December 26, 2021, 11:59 pm
----------- DATA -------------
Array
(
    [offerId] => 9c4fe23b-37ea-4954-945b-29067b0d5c0e
    [fio] => Regino Golloso
    [phone] => 09634445617
    [email] => admin@admin.com
    [domain] => http://mansehealth.com/landers/fa04a42719/land1/limon.php
    [ip] => 49.145.5.63
    [utm_campaign] => 923
    [utm_content] => 1
    [utm_medium] => 
    [utm_source] => SM
    [utm_term] => 
    [clickid] => e9980gxa04pa40448
    [fbpxl] => 
)

----------- RESPONSE ---------
{"result":"ok","localClickId":"c3dc1da9-2101-4471-8451-bb59afd66e93"}
----------- END --------------
