January 6, 2022, 12:52 am
----------- DATA -------------
Array
(
    [offerId] => 9c4fe23b-37ea-4954-945b-29067b0d5c0e
    [fio] => Rixcel ronatay
    [phone] => 09097646303
    [email] => admin@admin.com
    [domain] => http://mansehealth.com/landers/fa04a42719/land1/limon.php
    [ip] => 110.54.142.93
    [utm_campaign] => 923
    [utm_content] => 1
    [utm_medium] => 
    [utm_source] => SM
    [utm_term] => 
    [clickid] => a063cgx9rq5gx0565
    [fbpxl] => 
)

----------- RESPONSE ---------
{"result":"ok","localClickId":"c46727cd-ffaa-4fea-a3f9-f53c246db743"}
----------- END --------------
January 6, 2022, 4:07 am
----------- DATA -------------
Array
(
    [offerId] => 9c4fe23b-37ea-4954-945b-29067b0d5c0e
    [fio] => ariel
    [phone] => 09700469447
    [email] => admin@admin.com
    [domain] => http://mansehealth.com/landers/fa04a42719/land1/limon.php
    [ip] => 119.93.43.42
    [utm_campaign] => 923
    [utm_content] => 1
    [utm_medium] => 
    [utm_source] => SM
    [utm_term] => 
    [clickid] => 5a04fgx9rp24k8n43e
    [fbpxl] => 
)

----------- RESPONSE ---------
{"result":"ok","localClickId":"c6c8c3fc-c20d-4e26-b594-2f0d14bc6ab9"}
----------- END --------------
January 6, 2022, 4:55 am
----------- DATA -------------
Array
(
    [offerId] => 9c4fe23b-37ea-4954-945b-29067b0d5c0e
    [fio] => Dexter
    [phone] => 09317528359
    [email] => admin@admin.com
    [domain] => http://mansehealth.com/landers/fa04a42719/land1/limon.php
    [ip] => 175.176.85.178
    [utm_campaign] => 923
    [utm_content] => 1
    [utm_medium] => 
    [utm_source] => SM
    [utm_term] => 
    [clickid] => a8308gx9rxr3vble81
    [fbpxl] => 
)

----------- RESPONSE ---------
{"result":"ok","localClickId":"93c71346-5f3b-43f6-94ae-393ba1be2b87"}
----------- END --------------
January 6, 2022, 5:14 am
----------- DATA -------------
Array
(
    [offerId] => 9c4fe23b-37ea-4954-945b-29067b0d5c0e
    [fio] => Cyrus verg ban b.lumanda
    [phone] => 09678940672
    [email] => admin@admin.com
    [domain] => http://mansehealth.com/landers/fa04a42719/land1/limon.php
    [ip] => 120.72.20.10
    [utm_campaign] => 923
    [utm_content] => 1
    [utm_medium] => 
    [utm_source] => SM
    [utm_term] => 
    [clickid] => f9dfagx9r9zh9vrbfb
    [fbpxl] => 
)

----------- RESPONSE ---------
{"result":"ok","localClickId":"ac952642-b6b3-4256-8412-6d5d370514d8"}
----------- END --------------
January 6, 2022, 5:16 am
----------- DATA -------------
Array
(
    [offerId] => 9c4fe23b-37ea-4954-945b-29067b0d5c0e
    [fio] => Dozex
    [phone] => 555tuna
    [email] => admin@admin.com
    [domain] => http://mansehealth.com/landers/fa04a42719/land1/limon.php
    [ip] => 2001:4451:87d0:db00:a128:44fd:c67:6091
    [utm_campaign] => 923
    [utm_content] => 1
    [utm_medium] => 
    [utm_source] => SM
    [utm_term] => 
    [clickid] => d7dbcgx9r9zrn3y7ab
    [fbpxl] => 
)

----------- RESPONSE ---------
{"result":"ok","localClickId":"0e7cc8d3-b2b6-458b-88d3-0e52bd1be0cc"}
----------- END --------------
January 6, 2022, 7:30 am
----------- DATA -------------
Array
(
    [offerId] => 9c4fe23b-37ea-4954-945b-29067b0d5c0e
    [fio] => Jomar
    [phone] => Arroyo
    [email] => admin@admin.com
    [domain] => http://mansehealth.com/landers/fa04a42719/land1/limon.php
    [ip] => 110.54.135.82
    [utm_campaign] => 923
    [utm_content] => 1
    [utm_medium] => 
    [utm_source] => SM
    [utm_term] => 
    [clickid] => 6adcdgxg51zpm8n6f9
    [fbpxl] => 
)

----------- RESPONSE ---------
{"result":"ok","localClickId":"aca06962-9bef-4b7d-9a01-329eaee1fdf4"}
----------- END --------------
January 6, 2022, 7:32 am
----------- DATA -------------
Array
(
    [offerId] => 9c4fe23b-37ea-4954-945b-29067b0d5c0e
    [fio] => Aldrin 
    [phone] => 9955075803
    [email] => admin@admin.com
    [domain] => http://mansehealth.com/landers/fa04a42719/land1/limon.php
    [ip] => 122.53.242.187
    [utm_campaign] => 923
    [utm_content] => 1
    [utm_medium] => 
    [utm_source] => SM
    [utm_term] => 
    [clickid] => 1e3b4gxg5ydirbl17d
    [fbpxl] => 
)

----------- RESPONSE ---------
{"result":"ok","localClickId":"b7231f2a-7fdd-4f43-b162-c6dd3ab7c448"}
----------- END --------------
January 6, 2022, 7:56 am
----------- DATA -------------
Array
(
    [offerId] => 9c4fe23b-37ea-4954-945b-29067b0d5c0e
    [fio] => jeson
    [phone] => 09615161883
    [email] => admin@admin.com
    [domain] => http://mansehealth.com/landers/fa04a42719/land1/limon.php
    [ip] => 175.158.225.196
    [utm_campaign] => 923
    [utm_content] => 1
    [utm_medium] => 
    [utm_source] => SM
    [utm_term] => 
    [clickid] => 783cfgxg5hoh9bl550
    [fbpxl] => 
)

----------- RESPONSE ---------
{"result":"ok","localClickId":"bf6a9621-665e-4263-aa11-fe5396b18a24"}
----------- END --------------
January 6, 2022, 8:19 am
----------- DATA -------------
Array
(
    [offerId] => 9c4fe23b-37ea-4954-945b-29067b0d5c0e
    [fio] => Eduardo
    [phone] => 09208312274
    [email] => admin@admin.com
    [domain] => http://mansehealth.com/landers/fa04a42719/land1/limon.php
    [ip] => 175.176.42.139
    [utm_campaign] => 923
    [utm_content] => 1
    [utm_medium] => 
    [utm_source] => SM
    [utm_term] => 
    [clickid] => 81a8cgxg5uqzwdz716
    [fbpxl] => 
)

----------- RESPONSE ---------
{"result":"ok","localClickId":"b69c9f8a-d7e6-4963-a70b-ef21dcbe8442"}
----------- END --------------
January 6, 2022, 9:41 am
----------- DATA -------------
Array
(
    [offerId] => 9c4fe23b-37ea-4954-945b-29067b0d5c0e
    [fio] => jobert campaan
    [phone] => 09056287982
    [email] => admin@admin.com
    [domain] => http://mansehealth.com/landers/fa04a42719/land1/limon.php
    [ip] => 110.54.186.171
    [utm_campaign] => 923
    [utm_content] => 1
    [utm_medium] => 
    [utm_source] => SM
    [utm_term] => 
    [clickid] => 62801gxg5xrvc04d7
    [fbpxl] => 
)

----------- RESPONSE ---------
{"result":"ok","localClickId":"f7829e68-39e5-4eb4-af7a-52ec3fdb1e75"}
----------- END --------------
