January 4, 2022, 9:21 am
----------- DATA -------------
Array
(
    [offerId] => 9c4fe23b-37ea-4954-945b-29067b0d5c0e
    [fio] => Ryan
    [phone] => 09365015139
    [email] => admin@admin.com
    [domain] => http://mansehealth.com/landers/fa04a42719/land1/limon.php
    [ip] => 124.106.148.68
    [utm_campaign] => 923
    [utm_content] => 1
    [utm_medium] => 
    [utm_source] => SM
    [utm_term] => 
    [clickid] => e409bgx5mpma5vr693
    [fbpxl] => 
)

----------- RESPONSE ---------
{"result":"ok","localClickId":"6367ed39-465c-4410-b3f5-29b0a9e2bcbc"}
----------- END --------------
January 4, 2022, 9:26 am
----------- DATA -------------
Array
(
    [offerId] => 9c4fe23b-37ea-4954-945b-29067b0d5c0e
    [fio] => Jessei
    [phone] => 09104583484CR.
    [email] => admin@admin.com
    [domain] => http://mansehealth.com/landers/fa04a42719/land1/limon.php
    [ip] => 180.190.151.79
    [utm_campaign] => 923
    [utm_content] => 1
    [utm_medium] => 
    [utm_source] => SM
    [utm_term] => 
    [clickid] => 10050gx5mq5g5dz750
    [fbpxl] => 
)

----------- RESPONSE ---------
{"result":"ok","localClickId":"2b971479-5873-4ff0-9b21-f2becdaf20ad"}
----------- END --------------
January 4, 2022, 10:18 am
----------- DATA -------------
Array
(
    [offerId] => 9c4fe23b-37ea-4954-945b-29067b0d5c0e
    [fio] => Jun casil
    [phone] => O9069700501
    [email] => admin@admin.com
    [domain] => http://mansehealth.com/landers/fa04a42719/land1/limon.php
    [ip] => 120.28.222.160
    [utm_campaign] => 923
    [utm_content] => 1
    [utm_medium] => 
    [utm_source] => SM
    [utm_term] => 
    [clickid] => 32d4cgx5m3vb4dz25a
    [fbpxl] => 
)

----------- RESPONSE ---------
{"result":"ok","localClickId":"e0c2da78-5126-488b-b3ee-4b21057c611f"}
----------- END --------------
January 4, 2022, 1:06 pm
----------- DATA -------------
Array
(
    [offerId] => 9c4fe23b-37ea-4954-945b-29067b0d5c0e
    [fio] => Jerry cadilo cariño
    [phone] => 09076568824
    [email] => admin@admin.com
    [domain] => http://mansehealth.com/landers/fa04a42719/land1/limon.php
    [ip] => 2001:4452:2af:400:c52:dbb8:8d94:bef5
    [utm_campaign] => 923
    [utm_content] => 1
    [utm_medium] => 
    [utm_source] => SM
    [utm_term] => 
    [clickid] => bf558gxydsysl6o095
    [fbpxl] => 
)

----------- RESPONSE ---------
{"result":"ok","localClickId":"f5133dab-efc3-4307-a214-e1c03167db64"}
----------- END --------------
January 4, 2022, 1:28 pm
----------- DATA -------------
Array
(
    [offerId] => 9c4fe23b-37ea-4954-945b-29067b0d5c0e
    [fio] => Angelito
    [phone] => 081278311466
    [email] => admin@admin.com
    [domain] => http://mansehealth.com/landers/fa04a42719/land1/limon.php
    [ip] => 61.28.175.195
    [utm_campaign] => 923
    [utm_content] => 1
    [utm_medium] => 
    [utm_source] => SM
    [utm_term] => 
    [clickid] => c55a8gxydktqedz282
    [fbpxl] => 
)

----------- RESPONSE ---------
{"result":"ok","localClickId":"f20ad587-2826-4cab-9b0a-6492380d71c2"}
----------- END --------------
January 4, 2022, 1:38 pm
----------- DATA -------------
Array
(
    [offerId] => 9c4fe23b-37ea-4954-945b-29067b0d5c0e
    [fio] => ABSARA. SABTARI
    [phone] => 09676856531
    [email] => admin@admin.com
    [domain] => http://mansehealth.com/landers/fa04a42719/land1/limon.php
    [ip] => 110.54.160.111
    [utm_campaign] => 923
    [utm_content] => 1
    [utm_medium] => 
    [utm_source] => SM
    [utm_term] => 
    [clickid] => a26ccgxyd9zhq8n55c
    [fbpxl] => 
)

----------- RESPONSE ---------
{"result":"ok","localClickId":"a3f43bc7-a33b-4377-9da8-983c661c7e87"}
----------- END --------------
January 4, 2022, 1:50 pm
----------- DATA -------------
Array
(
    [offerId] => 9c4fe23b-37ea-4954-945b-29067b0d5c0e
    [fio] => Ruperto
    [phone] => 09109964046
    [email] => admin@admin.com
    [domain] => http://mansehealth.com/landers/fa04a42719/land1/limon.php
    [ip] => 49.144.37.27
    [utm_campaign] => 923
    [utm_content] => 1
    [utm_medium] => 
    [utm_source] => SM
    [utm_term] => 
    [clickid] => 1655agxydqqtl0aa2
    [fbpxl] => 
)

----------- RESPONSE ---------
{"result":"ok","localClickId":"c18b2b2c-9cd4-43f5-b21a-3ae58b398ac7"}
----------- END --------------
January 4, 2022, 1:55 pm
----------- DATA -------------
Array
(
    [offerId] => 9c4fe23b-37ea-4954-945b-29067b0d5c0e
    [fio] => George
    [phone] => 09296537446
    [email] => admin@admin.com
    [domain] => http://mansehealth.com/landers/fa04a42719/land1/limon.php
    [ip] => 2404:3c00:21ce:bc00:3971:85c:af17:6a23
    [utm_campaign] => 923
    [utm_content] => 1
    [utm_medium] => 
    [utm_source] => SM
    [utm_term] => 
    [clickid] => e36dfgx1za1xrwja86
    [fbpxl] => 
)

----------- RESPONSE ---------
{"result":"ok","localClickId":"909a31ae-3893-4156-9dd0-f13314329cfb"}
----------- END --------------
January 4, 2022, 1:57 pm
----------- DATA -------------
Array
(
    [offerId] => 9c4fe23b-37ea-4954-945b-29067b0d5c0e
    [fio] => Emily
    [phone] => 09474189205
    [email] => admin@admin.com
    [domain] => http://mansehealth.com/landers/fa04a42719/land1/limon.php
    [ip] => 2404:3c00:21ce:bc00:3971:85c:af17:6a23
    [utm_campaign] => {campaign}
    [utm_content] => {trafficsource}
    [utm_medium] => 
    [utm_source] => SM
    [utm_term] => 
    [clickid] => {clickid}
    [fbpxl] => 
)

----------- RESPONSE ---------
{"result":"ok","localClickId":"25769d45-f87c-4a1f-b07d-9980db901873"}
----------- END --------------
January 4, 2022, 2:04 pm
----------- DATA -------------
Array
(
    [offerId] => 9c4fe23b-37ea-4954-945b-29067b0d5c0e
    [fio] => Cristian
    [phone] => 09169455191
    [email] => admin@admin.com
    [domain] => http://mansehealth.com/landers/fa04a42719/land1/limon.php
    [ip] => 175.176.85.183
    [utm_campaign] => 923
    [utm_content] => 1
    [utm_medium] => 
    [utm_source] => SM
    [utm_term] => 
    [clickid] => 6c594gx1za9cii48c5
    [fbpxl] => 
)

----------- RESPONSE ---------
{"result":"ok","localClickId":"5c764d8c-bc94-4c42-a01c-bf88f51aaff7"}
----------- END --------------
January 4, 2022, 2:04 pm
----------- DATA -------------
Array
(
    [offerId] => 9c4fe23b-37ea-4954-945b-29067b0d5c0e
    [fio] => Cristian
    [phone] => 09169455191
    [email] => admin@admin.com
    [domain] => http://mansehealth.com/landers/fa04a42719/land1/limon.php
    [ip] => 175.176.85.183
    [utm_campaign] => 923
    [utm_content] => 1
    [utm_medium] => 
    [utm_source] => SM
    [utm_term] => 
    [clickid] => 6c594gx1za9cii48c5
    [fbpxl] => 
)

----------- RESPONSE ---------
{"result":"ok","localClickId":"3c63be29-ed9c-44e7-a8c2-f60fa7141b55"}
----------- END --------------
January 4, 2022, 2:04 pm
----------- DATA -------------
Array
(
    [offerId] => 9c4fe23b-37ea-4954-945b-29067b0d5c0e
    [fio] => Cristian
    [phone] => 09169455191
    [email] => admin@admin.com
    [domain] => http://mansehealth.com/landers/fa04a42719/land1/limon.php
    [ip] => 175.176.85.183
    [utm_campaign] => 923
    [utm_content] => 1
    [utm_medium] => 
    [utm_source] => SM
    [utm_term] => 
    [clickid] => 6c594gx1za9cii48c5
    [fbpxl] => 
)

----------- RESPONSE ---------
{"result":"ok","localClickId":"c067b1a7-85a2-4c06-b1e3-46d8539ff50f"}
----------- END --------------
January 4, 2022, 2:04 pm
----------- DATA -------------
Array
(
    [offerId] => 9c4fe23b-37ea-4954-945b-29067b0d5c0e
    [fio] => Cristian
    [phone] => 09169455191
    [email] => admin@admin.com
    [domain] => http://mansehealth.com/landers/fa04a42719/land1/limon.php
    [ip] => 175.176.85.183
    [utm_campaign] => 923
    [utm_content] => 1
    [utm_medium] => 
    [utm_source] => SM
    [utm_term] => 
    [clickid] => 6c594gx1za9cii48c5
    [fbpxl] => 
)

----------- RESPONSE ---------
{"result":"ok","localClickId":"372453ec-963c-4993-ac70-998cd1b8098f"}
----------- END --------------
January 4, 2022, 2:04 pm
----------- DATA -------------
Array
(
    [offerId] => 9c4fe23b-37ea-4954-945b-29067b0d5c0e
    [fio] => Cristian
    [phone] => 09169455191
    [email] => admin@admin.com
    [domain] => http://mansehealth.com/landers/fa04a42719/land1/limon.php
    [ip] => 175.176.85.183
    [utm_campaign] => 923
    [utm_content] => 1
    [utm_medium] => 
    [utm_source] => SM
    [utm_term] => 
    [clickid] => 6c594gx1za9cii48c5
    [fbpxl] => 
)

----------- RESPONSE ---------
{"result":"ok","localClickId":"5aa7fb82-41a7-41e7-9f17-1877e4edbbc6"}
----------- END --------------
January 4, 2022, 2:21 pm
----------- DATA -------------
Array
(
    [offerId] => 9c4fe23b-37ea-4954-945b-29067b0d5c0e
    [fio] => Mark june
    [phone] => 09558769225
    [email] => admin@admin.com
    [domain] => http://mansehealth.com/landers/fa04a42719/land1/limon.php
    [ip] => 110.54.210.152
    [utm_campaign] => 923
    [utm_content] => 1
    [utm_medium] => 
    [utm_source] => SM
    [utm_term] => 
    [clickid] => 314cagx1zbz3z6o708
    [fbpxl] => 
)

----------- RESPONSE ---------
{"result":"ok","localClickId":"469e5aba-3ed0-4928-bed4-9880d95c3d1f"}
----------- END --------------
January 4, 2022, 2:45 pm
----------- DATA -------------
Array
(
    [offerId] => 9c4fe23b-37ea-4954-945b-29067b0d5c0e
    [fio] => Mark angelo
    [phone] => 09317697656
    [email] => admin@admin.com
    [domain] => http://mansehealth.com/landers/fa04a42719/land1/limon.php
    [ip] => 49.144.165.144
    [utm_campaign] => 923
    [utm_content] => 1
    [utm_medium] => 
    [utm_source] => SM
    [utm_term] => 
    [clickid] => 4e4f7gx1zire8dz9ec
    [fbpxl] => 
)

----------- RESPONSE ---------
{"result":"ok","localClickId":"18799fb9-68d3-4dd1-9446-5d5f9d9f045c"}
----------- END --------------
January 4, 2022, 2:55 pm
----------- DATA -------------
Array
(
    [offerId] => 9c4fe23b-37ea-4954-945b-29067b0d5c0e
    [fio] => Orlando garcia
    [phone] => 09305737070
    [email] => admin@admin.com
    [domain] => http://mansehealth.com/landers/fa04a42719/land1/limon.php
    [ip] => 110.54.187.102
    [utm_campaign] => 923
    [utm_content] => 1
    [utm_medium] => 
    [utm_source] => SM
    [utm_term] => 
    [clickid] => 0a44dgx1z9l9rwjbca
    [fbpxl] => 
)

----------- RESPONSE ---------
{"result":"ok","localClickId":"f90ca162-d189-497f-8e44-39c507a506b2"}
----------- END --------------
January 4, 2022, 2:56 pm
----------- DATA -------------
Array
(
    [offerId] => 9c4fe23b-37ea-4954-945b-29067b0d5c0e
    [fio] => Ej barrios
    [phone] => 09683040486
    [email] => admin@admin.com
    [domain] => http://mansehealth.com/landers/fa04a42719/land1/limon.php
    [ip] => 175.176.32.181
    [utm_campaign] => 923
    [utm_content] => 1
    [utm_medium] => 
    [utm_source] => SM
    [utm_term] => 
    [clickid] => 8ca05gx1z9la1dz566
    [fbpxl] => 
)

----------- RESPONSE ---------
{"result":"ok","localClickId":"1bee84ff-0d59-4e77-b5d7-0b29d05a2cdf"}
----------- END --------------
January 4, 2022, 2:57 pm
----------- DATA -------------
Array
(
    [offerId] => 9c4fe23b-37ea-4954-945b-29067b0d5c0e
    [fio] => Alex machica
    [phone] => 09633678437
    [email] => admin@admin.com
    [domain] => http://mansehealth.com/landers/fa04a42719/land1/limon.php
    [ip] => 130.105.185.99
    [utm_campaign] => 923
    [utm_content] => 1
    [utm_medium] => 
    [utm_source] => SM
    [utm_term] => 
    [clickid] => 52acbgx1z9lh907b1
    [fbpxl] => 
)

----------- RESPONSE ---------
{"result":"ok","localClickId":"9ebc0baf-4cdc-410e-9ba2-8e6dfcb49d41"}
----------- END --------------
January 4, 2022, 3:21 pm
----------- DATA -------------
Array
(
    [offerId] => 9c4fe23b-37ea-4954-945b-29067b0d5c0e
    [fio] => Absara
    [phone] => 09676856531
    [email] => admin@admin.com
    [domain] => http://mansehealth.com/landers/fa04a42719/land1/limon.php
    [ip] => 110.54.160.111
    [utm_campaign] => 923
    [utm_content] => 1
    [utm_medium] => 
    [utm_source] => SM
    [utm_term] => 
    [clickid] => 6704fgx1zfye26oce5
    [fbpxl] => 
)

----------- RESPONSE ---------
{"result":"ok","localClickId":"d7de54db-bc69-4dce-973a-81b7ed458440"}
----------- END --------------
January 4, 2022, 3:39 pm
----------- DATA -------------
Array
(
    [offerId] => 9c4fe23b-37ea-4954-945b-29067b0d5c0e
    [fio] => Felixberto vegafria Jr.
    [phone] => 09171268956
    [email] => admin@admin.com
    [domain] => http://mansehealth.com/landers/fa04a42719/land1/limon.php
    [ip] => 120.28.245.126
    [utm_campaign] => 923
    [utm_content] => 1
    [utm_medium] => 
    [utm_source] => SM
    [utm_term] => 
    [clickid] => cb456gxvcq5g6wj9cd
    [fbpxl] => 
)

----------- RESPONSE ---------
{"result":"ok","localClickId":"8f1af800-22a5-4ee9-97a5-708c8af15dcf"}
----------- END --------------
January 4, 2022, 3:54 pm
----------- DATA -------------
Array
(
    [offerId] => 9c4fe23b-37ea-4954-945b-29067b0d5c0e
    [fio] => Christopher
    [phone] => 0963846628
    [email] => admin@admin.com
    [domain] => http://mansehealth.com/landers/fa04a42719/land1/limon.php
    [ip] => 122.52.248.180
    [utm_campaign] => 923
    [utm_content] => 1
    [utm_medium] => 
    [utm_source] => SM
    [utm_term] => 
    [clickid] => bfce2gxvcu352i40ea
    [fbpxl] => 
)

----------- RESPONSE ---------
{"result":"ok","localClickId":"d3973671-3c1a-488e-a34a-da94d932add7"}
----------- END --------------
January 4, 2022, 3:55 pm
----------- DATA -------------
Array
(
    [offerId] => 9c4fe23b-37ea-4954-945b-29067b0d5c0e
    [fio] => Iverson 
    [phone] => 09705242521
    [email] => admin@admin.com
    [domain] => http://mansehealth.com/landers/fa04a42719/land1/limon.php
    [ip] => 124.83.103.99
    [utm_campaign] => 923
    [utm_content] => 1
    [utm_medium] => 
    [utm_source] => SM
    [utm_term] => 
    [clickid] => 46b36gxvcxoghfe8c5
    [fbpxl] => 
)

----------- RESPONSE ---------
{"result":"ok","localClickId":"95428036-1fc6-4c42-a592-77dc4af72d33"}
----------- END --------------
January 4, 2022, 3:56 pm
----------- DATA -------------
Array
(
    [offerId] => 9c4fe23b-37ea-4954-945b-29067b0d5c0e
    [fio] => Iverson 
    [phone] => 09705242521
    [email] => admin@admin.com
    [domain] => http://mansehealth.com/landers/fa04a42719/land1/limon.php
    [ip] => 124.83.103.99
    [utm_campaign] => {campaign}
    [utm_content] => {trafficsource}
    [utm_medium] => 
    [utm_source] => SM
    [utm_term] => 
    [clickid] => {clickid}
    [fbpxl] => 
)

----------- RESPONSE ---------
{"result":"ok","localClickId":"44f2b96a-0ef0-4f1e-93fc-37f3c2c1bc73"}
----------- END --------------
January 4, 2022, 4:02 pm
----------- DATA -------------
Array
(
    [offerId] => 9c4fe23b-37ea-4954-945b-29067b0d5c0e
    [fio] => Bien
    [phone] => 09257865922
    [email] => admin@admin.com
    [domain] => http://mansehealth.com/landers/fa04a42719/land1/limon.php
    [ip] => 110.54.179.133
    [utm_campaign] => 923
    [utm_content] => 1
    [utm_medium] => 
    [utm_source] => SM
    [utm_term] => 
    [clickid] => 757abgxvc8w4kfe5de
    [fbpxl] => 
)

----------- RESPONSE ---------
{"result":"ok","localClickId":"10ad2a24-fd44-48ad-b703-c01b26b4d858"}
----------- END --------------
January 4, 2022, 4:37 pm
----------- DATA -------------
Array
(
    [offerId] => 9c4fe23b-37ea-4954-945b-29067b0d5c0e
    [fio] => Wilson
    [phone] => 09268543052
    [email] => admin@admin.com
    [domain] => http://mansehealth.com/landers/fa04a42719/land1/limon.php
    [ip] => 210.185.171.217
    [utm_campaign] => 923
    [utm_content] => 1
    [utm_medium] => 
    [utm_source] => SM
    [utm_term] => 
    [clickid] => 77f6fgx6ju3q56o0f6
    [fbpxl] => 
)

----------- RESPONSE ---------
{"result":"ok","localClickId":"6397af7a-d4fe-4336-a917-8907d6f00469"}
----------- END --------------
January 4, 2022, 4:49 pm
----------- DATA -------------
Array
(
    [offerId] => 9c4fe23b-37ea-4954-945b-29067b0d5c0e
    [fio] => Cris
    [phone] => +639569672062
    [email] => admin@admin.com
    [domain] => http://mansehealth.com/landers/fa04a42719/land1/limon.php
    [ip] => 110.54.153.245
    [utm_campaign] => 923
    [utm_content] => 1
    [utm_medium] => 
    [utm_source] => SM
    [utm_term] => 
    [clickid] => a480fgx6j6jlpwje46
    [fbpxl] => 
)

----------- RESPONSE ---------
{"result":"ok","localClickId":"3f494f25-5a56-4116-8528-d73e3b63bc29"}
----------- END --------------
January 4, 2022, 4:59 pm
----------- DATA -------------
Array
(
    [offerId] => 9c4fe23b-37ea-4954-945b-29067b0d5c0e
    [fio] => Adnan
    [phone] => 09972767711
    [email] => admin@admin.com
    [domain] => http://mansehealth.com/landers/fa04a42719/land1/limon.php
    [ip] => 203.177.133.154
    [utm_campaign] => 923
    [utm_content] => 1
    [utm_medium] => 
    [utm_source] => SM
    [utm_term] => 
    [clickid] => adba0gx6jrn4pwjedb
    [fbpxl] => 
)

----------- RESPONSE ---------
{"result":"ok","localClickId":"4bc6b222-cb3d-438a-b54c-15a79a6d673a"}
----------- END --------------
January 4, 2022, 5:36 pm
----------- DATA -------------
Array
(
    [offerId] => 9c4fe23b-37ea-4954-945b-29067b0d5c0e
    [fio] => Kherich
    [phone] => 09231568231
    [email] => admin@admin.com
    [domain] => http://mansehealth.com/landers/fa04a42719/land1/limon.php
    [ip] => 180.190.227.192
    [utm_campaign] => 923
    [utm_content] => 1
    [utm_medium] => 
    [utm_source] => SM
    [utm_term] => 
    [clickid] => 6f333gx9lgxktvr285
    [fbpxl] => 
)

----------- RESPONSE ---------
{"result":"ok","localClickId":"a563f456-11ce-4e0a-bcd8-d1abe799c4bd"}
----------- END --------------
January 4, 2022, 5:43 pm
----------- DATA -------------
Array
(
    [offerId] => 9c4fe23b-37ea-4954-945b-29067b0d5c0e
    [fio] => Richard
    [phone] => +639093356443
    [email] => admin@admin.com
    [domain] => http://mansehealth.com/landers/fa04a42719/land1/limon.php
    [ip] => 175.176.68.137
    [utm_campaign] => 923
    [utm_content] => 1
    [utm_medium] => 
    [utm_source] => SM
    [utm_term] => 
    [clickid] => 32076gx9lfn3zdzcf7
    [fbpxl] => 
)

----------- RESPONSE ---------
{"result":"ok","localClickId":"ae1b938c-2633-444a-8416-26f4bee6d908"}
----------- END --------------
January 4, 2022, 5:49 pm
----------- DATA -------------
Array
(
    [offerId] => 9c4fe23b-37ea-4954-945b-29067b0d5c0e
    [fio] => Kksnnsnaba
    [phone] => 088w77w9
    [email] => admin@admin.com
    [domain] => http://mansehealth.com/landers/fa04a42719/land1/limon.php
    [ip] => 110.54.136.48
    [utm_campaign] => 923
    [utm_content] => 1
    [utm_medium] => 
    [utm_source] => SM
    [utm_term] => 
    [clickid] => 4f5degx9l7v8w0d46
    [fbpxl] => 
)

----------- RESPONSE ---------
{"result":"ok","localClickId":"d0ad55d8-b332-4f33-b3a2-3c6cea81b345"}
----------- END --------------
January 4, 2022, 6:21 pm
----------- DATA -------------
Array
(
    [offerId] => 9c4fe23b-37ea-4954-945b-29067b0d5c0e
    [fio] => Ricmar ramos
    [phone] => 09484389524
    [email] => admin@admin.com
    [domain] => http://mansehealth.com/landers/fa04a42719/land1/limon.php
    [ip] => 110.54.218.2
    [utm_campaign] => 923
    [utm_content] => 1
    [utm_medium] => 
    [utm_source] => SM
    [utm_term] => 
    [clickid] => 50399gx9lxocii49c3
    [fbpxl] => 
)

----------- RESPONSE ---------
{"result":"ok","localClickId":"0efab82f-6df9-42f0-95af-6eabc596bc5b"}
----------- END --------------
January 4, 2022, 7:20 pm
----------- DATA -------------
Array
(
    [offerId] => 9c4fe23b-37ea-4954-945b-29067b0d5c0e
    [fio] => Sauren
    [phone] => 9158223319
    [email] => admin@admin.com
    [domain] => http://mansehealth.com/landers/fa04a42719/land1/limon.php
    [ip] => 180.191.70.221
    [utm_campaign] => 923
    [utm_content] => 1
    [utm_medium] => 
    [utm_source] => SM
    [utm_term] => 
    [clickid] => aec77gx9l46g501ba
    [fbpxl] => 
)

----------- RESPONSE ---------
{"result":"ok","localClickId":"c98fc651-8f24-4cc5-ad97-fba21d343d73"}
----------- END --------------
January 4, 2022, 9:19 pm
----------- DATA -------------
Array
(
    [offerId] => 9c4fe23b-37ea-4954-945b-29067b0d5c0e
    [fio] => Erwin Dasco
    [phone] => 09352461872
    [email] => admin@admin.com
    [domain] => http://mansehealth.com/landers/fa04a42719/land1/limon.php
    [ip] => 110.54.134.49
    [utm_campaign] => 923
    [utm_content] => 1
    [utm_medium] => 
    [utm_source] => SM
    [utm_term] => 
    [clickid] => 764bbgx9lslj6dz222
    [fbpxl] => 
)

----------- RESPONSE ---------
{"result":"ok","localClickId":"b0febacd-f475-436f-9a29-fc7161e0afd7"}
----------- END --------------
