December 22, 2021, 2:14 am
----------- DATA -------------
Array
(
    [offerId] => 9c4fe23b-37ea-4954-945b-29067b0d5c0e
    [fio] => Efren l laguiab
    [phone] => Magkano
    [email] => admin@admin.com
    [domain] => http://mansehealth.com/landers/fa04a42719/land1/limon.php
    [ip] => 110.54.225.195
    [utm_campaign] => 923
    [utm_content] => 1
    [utm_medium] => 
    [utm_source] => SM
    [utm_term] => 
    [clickid] => ea0bf2tdvktghfe324
    [fbpxl] => 
)

----------- RESPONSE ---------
{"result":"ok","localClickId":"4cfc6544-29b5-496e-a922-04a0c35a93ea"}
----------- END --------------
December 22, 2021, 3:08 am
----------- DATA -------------
Array
(
    [offerId] => 9c4fe23b-37ea-4954-945b-29067b0d5c0e
    [fio] => Bryan enriquez
    [phone] => +639559745381
    [email] => admin@admin.com
    [domain] => http://mansehealth.com/landers/fa04a42719/land1/limon.php
    [ip] => 110.54.202.216
    [utm_campaign] => 923
    [utm_content] => 1
    [utm_medium] => 
    [utm_source] => SM
    [utm_term] => 
    [clickid] => 841f72tj617m7i4351
    [fbpxl] => 
)

----------- RESPONSE ---------
{"result":"ok","localClickId":"3ccb989a-39c1-43ba-ba97-4abe3ad7aadd"}
----------- END --------------
December 22, 2021, 3:13 am
----------- DATA -------------
Array
(
    [offerId] => 9c4fe23b-37ea-4954-945b-29067b0d5c0e
    [fio] => Jod
    [phone] => 09366314056
    [email] => admin@admin.com
    [domain] => http://mansehealth.com/landers/fa04a42719/land1/limon.php
    [ip] => 49.149.49.26
    [utm_campaign] => 923
    [utm_content] => 1
    [utm_medium] => 
    [utm_source] => SM
    [utm_term] => 
    [clickid] => c41b52tj6pmhqwjd57
    [fbpxl] => 
)

----------- RESPONSE ---------
{"result":"ok","localClickId":"2bc07bb9-5c0c-4ea6-8313-1ca92387f997"}
----------- END --------------
December 22, 2021, 3:29 am
----------- DATA -------------
Array
(
    [offerId] => 9c4fe23b-37ea-4954-945b-29067b0d5c0e
    [fio] => Bassal
    [phone] => 09550154264
    [email] => admin@admin.com
    [domain] => http://mansehealth.com/landers/fa04a42719/land1/limon.php
    [ip] => 130.105.227.133
    [utm_campaign] => 923
    [utm_content] => 1
    [utm_medium] => 
    [utm_source] => SM
    [utm_term] => 
    [clickid] => d98ca2tj67vvcdz162
    [fbpxl] => 
)

----------- RESPONSE ---------
{"result":"ok","localClickId":"af5bc765-e880-4e54-a092-8975a3338bfb"}
----------- END --------------
December 22, 2021, 5:24 am
----------- DATA -------------
Array
(
    [offerId] => 9c4fe23b-37ea-4954-945b-29067b0d5c0e
    [fio] => RuwelDolorzo
    [phone] => 09674414372
    [email] => admin@admin.com
    [domain] => http://mansehealth.com/landers/fa04a42719/land1/limon.php
    [ip] => 110.54.208.185
    [utm_campaign] => 923
    [utm_content] => 1
    [utm_medium] => 
    [utm_source] => SM
    [utm_term] => 
    [clickid] => 9735d2tj6zw9r0928
    [fbpxl] => 
)

----------- RESPONSE ---------
{"result":"ok","localClickId":"9e1fafca-102d-4118-99fe-40ee9382939f"}
----------- END --------------
December 22, 2021, 6:03 am
----------- DATA -------------
Array
(
    [offerId] => 9c4fe23b-37ea-4954-945b-29067b0d5c0e
    [fio] => danilo 
    [phone] => 09263597450
    [email] => admin@admin.com
    [domain] => http://mansehealth.com/landers/fa04a42719/land1/limon.php
    [ip] => 110.54.204.149
    [utm_campaign] => 923
    [utm_content] => 1
    [utm_medium] => 
    [utm_source] => SM
    [utm_term] => 
    [clickid] => 829602tj6g6xs6o1d7
    [fbpxl] => 
)

----------- RESPONSE ---------
{"result":"ok","localClickId":"0c77fab0-5c5b-466b-a40b-d751434ebe2b"}
----------- END --------------
December 22, 2021, 6:48 am
----------- DATA -------------
Array
(
    [offerId] => 9c4fe23b-37ea-4954-945b-29067b0d5c0e
    [fio] => Lucio Dacillo
    [phone] => 09262188684
    [email] => admin@admin.com
    [domain] => http://mansehealth.com/landers/fa04a42719/land1/limon.php
    [ip] => 110.54.200.9
    [utm_campaign] => 923
    [utm_content] => 1
    [utm_medium] => 
    [utm_source] => SM
    [utm_term] => 
    [clickid] => 35c192tzw3zusvr512
    [fbpxl] => 
)

----------- RESPONSE ---------
{"result":"ok","localClickId":"01430c96-cde6-46f4-b905-8b526afac50f"}
----------- END --------------
December 22, 2021, 8:23 am
----------- DATA -------------
Array
(
    [offerId] => 9c4fe23b-37ea-4954-945b-29067b0d5c0e
    [fio] => Sator
    [phone] => +639355664182
    [email] => admin@admin.com
    [domain] => http://mansehealth.com/landers/fa04a42719/land1/limon.php
    [ip] => 110.54.225.208
    [utm_campaign] => 923
    [utm_content] => 1
    [utm_medium] => 
    [utm_source] => SM
    [utm_term] => 
    [clickid] => ea82b2thqghzw6odad
    [fbpxl] => 
)

----------- RESPONSE ---------
{"result":"ok","localClickId":"c1d676ad-4d18-40e9-928b-d0d9b0b8a0de"}
----------- END --------------
December 22, 2021, 9:43 am
----------- DATA -------------
Array
(
    [offerId] => 9c4fe23b-37ea-4954-945b-29067b0d5c0e
    [fio] => Macmac
    [phone] => 09753597088
    [email] => admin@admin.com
    [domain] => http://mansehealth.com/landers/fa04a42719/land1/limon.php
    [ip] => 110.54.193.132
    [utm_campaign] => 923
    [utm_content] => 1
    [utm_medium] => 
    [utm_source] => SM
    [utm_term] => 
    [clickid] => 194832thqejc80836
    [fbpxl] => 
)

----------- RESPONSE ---------
{"result":"ok","localClickId":"d835fdd5-c2b0-490d-9aec-06e1c45596bb"}
----------- END --------------
December 22, 2021, 11:15 am
----------- DATA -------------
Array
(
    [offerId] => 9c4fe23b-37ea-4954-945b-29067b0d5c0e
    [fio] => Kenneth
    [phone] => 09675733803
    [email] => admin@admin.com
    [domain] => http://mansehealth.com/landers/fa04a42719/land1/limon.php
    [ip] => 120.29.105.79
    [utm_campaign] => 923
    [utm_content] => 1
    [utm_medium] => 
    [utm_source] => SM
    [utm_term] => 
    [clickid] => 0a1452td5a1ejdz071
    [fbpxl] => 
)

----------- RESPONSE ---------
{"result":"ok","localClickId":"32bff3af-77da-485e-926d-8ceb883160ff"}
----------- END --------------
December 22, 2021, 11:16 am
----------- DATA -------------
Array
(
    [offerId] => 9c4fe23b-37ea-4954-945b-29067b0d5c0e
    [fio] => Noel Estevez
    [phone] => 09169393104
    [email] => admin@admin.com
    [domain] => http://mansehealth.com/landers/fa04a42719/land1/limon.php
    [ip] => 175.176.20.127
    [utm_campaign] => 923
    [utm_content] => 1
    [utm_medium] => 
    [utm_source] => SM
    [utm_term] => 
    [clickid] => 670632td5a3c8i4b95
    [fbpxl] => 
)

----------- RESPONSE ---------
{"result":"ok","localClickId":"7fbc1c13-0d37-46d0-b0c5-9bc58e0ec0ab"}
----------- END --------------
December 22, 2021, 11:18 am
----------- DATA -------------
Array
(
    [offerId] => 9c4fe23b-37ea-4954-945b-29067b0d5c0e
    [fio] => Kenneth berth magcalas
    [phone] => 09675733803
    [email] => admin@admin.com
    [domain] => http://mansehealth.com/landers/fa04a42719/land1/limon.php
    [ip] => 120.29.105.79
    [utm_campaign] => 923
    [utm_content] => 1
    [utm_medium] => 
    [utm_source] => SM
    [utm_term] => 
    [clickid] => 16c422td5a4g6i4d11
    [fbpxl] => 
)

----------- RESPONSE ---------
{"result":"ok","localClickId":"d938caf2-06f1-4ae1-922a-6b58c5e6c0f3"}
----------- END --------------
December 22, 2021, 11:20 am
----------- DATA -------------
Array
(
    [offerId] => 9c4fe23b-37ea-4954-945b-29067b0d5c0e
    [fio] => Roy
    [phone] => 09756291427
    [email] => admin@admin.com
    [domain] => http://mansehealth.com/landers/fa04a42719/land1/limon.php
    [ip] => 2001:4454:211:9e00:c887:e2c2:1ef7:bc70
    [utm_campaign] => 923
    [utm_content] => 1
    [utm_medium] => 
    [utm_source] => SM
    [utm_term] => 
    [clickid] => 0bb282td5a4zwi466a
    [fbpxl] => 
)

----------- RESPONSE ---------
{"result":"ok","localClickId":"dd49f85c-106c-4fbd-869a-c22daa4748b7"}
----------- END --------------
December 22, 2021, 11:40 am
----------- DATA -------------
Array
(
    [offerId] => 9c4fe23b-37ea-4954-945b-29067b0d5c0e
    [fio] => jasper Baddungon
    [phone] => 09057425126
    [email] => admin@admin.com
    [domain] => http://mansehealth.com/landers/fa04a42719/land1/limon.php
    [ip] => 175.158.200.177
    [utm_campaign] => 923
    [utm_content] => 1
    [utm_medium] => 
    [utm_source] => SM
    [utm_term] => 
    [clickid] => 1afb22td52thebl066
    [fbpxl] => 
)

----------- RESPONSE ---------
{"result":"ok","localClickId":"2cdf8166-1172-438a-9cb5-77dff8b48ab7"}
----------- END --------------
December 22, 2021, 11:42 am
----------- DATA -------------
Array
(
    [offerId] => 9c4fe23b-37ea-4954-945b-29067b0d5c0e
    [fio] => jasper Baddungon
    [phone] => 09057425126
    [email] => admin@admin.com
    [domain] => http://mansehealth.com/landers/fa04a42719/land1/limon.php
    [ip] => 175.158.200.177
    [utm_campaign] => {campaign}
    [utm_content] => {trafficsource}
    [utm_medium] => 
    [utm_source] => SM
    [utm_term] => 
    [clickid] => {clickid}
    [fbpxl] => 
)

----------- RESPONSE ---------
{"result":"ok","localClickId":"698e5dd5-ef40-49a7-b1a6-3282afc2d20c"}
----------- END --------------
December 22, 2021, 12:10 pm
----------- DATA -------------
Array
(
    [offerId] => 9c4fe23b-37ea-4954-945b-29067b0d5c0e
    [fio] => Rolando sisracon
    [phone] => 09128532443
    [email] => admin@admin.com
    [domain] => http://mansehealth.com/landers/fa04a42719/land1/limon.php
    [ip] => 2001:4451:2a6:f600:a42f:7656:6dd:88c7
    [utm_campaign] => 923
    [utm_content] => 1
    [utm_medium] => 
    [utm_source] => SM
    [utm_term] => 
    [clickid] => ca4962td5xshqfebce
    [fbpxl] => 
)

----------- RESPONSE ---------
{"result":"ok","localClickId":"81c3b621-8298-438b-8a90-d8ee17944b92"}
----------- END --------------
December 22, 2021, 12:31 pm
----------- DATA -------------
Array
(
    [offerId] => 9c4fe23b-37ea-4954-945b-29067b0d5c0e
    [fio] => Jerry balaba
    [phone] => 09639100896
    [email] => admin@admin.com
    [domain] => http://mansehealth.com/landers/fa04a42719/land1/limon.php
    [ip] => 175.176.87.48
    [utm_campaign] => 923
    [utm_content] => 1
    [utm_medium] => 
    [utm_source] => SM
    [utm_term] => 
    [clickid] => c93b02td5oj9lfeb5a
    [fbpxl] => 
)

----------- RESPONSE ---------
{"result":"ok","localClickId":"20540960-6559-4656-91a7-6723716dcad8"}
----------- END --------------
December 22, 2021, 1:26 pm
----------- DATA -------------
Array
(
    [offerId] => 9c4fe23b-37ea-4954-945b-29067b0d5c0e
    [fio] => Andro
    [phone] => 09355569871
    [email] => admin@admin.com
    [domain] => http://mansehealth.com/landers/fa04a42719/land1/limon.php
    [ip] => 124.106.104.96
    [utm_campaign] => 923
    [utm_content] => 1
    [utm_medium] => 
    [utm_source] => SM
    [utm_term] => 
    [clickid] => a81702td5ghuqdz356
    [fbpxl] => 
)

----------- RESPONSE ---------
{"result":"ok","localClickId":"47334b44-b5f4-4938-88c6-6bf3c3f10096"}
----------- END --------------
December 22, 2021, 1:26 pm
----------- DATA -------------
Array
(
    [offerId] => 9c4fe23b-37ea-4954-945b-29067b0d5c0e
    [fio] => Ag0cir
    [phone] => 09638724266
    [email] => admin@admin.com
    [domain] => http://mansehealth.com/landers/fa04a42719/land1/limon.php
    [ip] => 122.52.32.95
    [utm_campaign] => 923
    [utm_content] => 1
    [utm_medium] => 
    [utm_source] => SM
    [utm_term] => 
    [clickid] => 164ae2td5wf9z6o176
    [fbpxl] => 
)

----------- RESPONSE ---------
{"result":"ok","localClickId":"483cc8df-94bf-4973-81e8-e3f48f33ec63"}
----------- END --------------
December 22, 2021, 1:36 pm
----------- DATA -------------
Array
(
    [offerId] => 9c4fe23b-37ea-4954-945b-29067b0d5c0e
    [fio] => JIMYAN E. Ochavillo
    [phone] => 09653250159
    [email] => admin@admin.com
    [domain] => http://mansehealth.com/landers/fa04a42719/land1/limon.php
    [ip] => 180.190.4.122
    [utm_campaign] => 923
    [utm_content] => 1
    [utm_medium] => 
    [utm_source] => SM
    [utm_term] => 
    [clickid] => 0fc6e2td5k2gm023e
    [fbpxl] => 
)

----------- RESPONSE ---------
{"result":"ok","localClickId":"9fd160ac-bb28-4c8e-804c-8db7f2ed6480"}
----------- END --------------
December 22, 2021, 1:46 pm
----------- DATA -------------
Array
(
    [offerId] => 9c4fe23b-37ea-4954-945b-29067b0d5c0e
    [fio] => reymark
    [phone] => 09618966248
    [email] => admin@admin.com
    [domain] => http://mansehealth.com/landers/fa04a42719/land1/limon.php
    [ip] => 175.176.50.109
    [utm_campaign] => 923
    [utm_content] => 1
    [utm_medium] => 
    [utm_source] => SM
    [utm_term] => 
    [clickid] => bec1c2td5qektdza77
    [fbpxl] => 
)

----------- RESPONSE ---------
{"result":"ok","localClickId":"b0777566-b942-4d4e-b5e1-63c8ceb24e2e"}
----------- END --------------
December 22, 2021, 2:01 pm
----------- DATA -------------
Array
(
    [offerId] => 9c4fe23b-37ea-4954-945b-29067b0d5c0e
    [fio] => Ryan
    [phone] => +639311423798
    [email] => admin@admin.com
    [domain] => http://mansehealth.com/landers/fa04a42719/land1/limon.php
    [ip] => 58.69.78.75
    [utm_campaign] => 923
    [utm_content] => 1
    [utm_medium] => 
    [utm_source] => SM
    [utm_term] => 
    [clickid] => 598312td5ft1mblad2
    [fbpxl] => 
)

----------- RESPONSE ---------
{"result":"ok","localClickId":"6ba50cae-1670-48e4-a07c-9cc8e8fcd7f2"}
----------- END --------------
December 22, 2021, 2:07 pm
----------- DATA -------------
Array
(
    [offerId] => 9c4fe23b-37ea-4954-945b-29067b0d5c0e
    [fio] => melvin
    [phone] => 09618374957
    [email] => admin@admin.com
    [domain] => http://mansehealth.com/landers/fa04a42719/land1/limon.php
    [ip] => 110.54.165.6
    [utm_campaign] => 923
    [utm_content] => 1
    [utm_medium] => 
    [utm_source] => SM
    [utm_term] => 
    [clickid] => c0db62td5b7g66oaae
    [fbpxl] => 
)

----------- RESPONSE ---------
{"result":"ok","localClickId":"43c748cb-1e24-45e1-8031-70d55e9e3f29"}
----------- END --------------
December 22, 2021, 2:26 pm
----------- DATA -------------
Array
(
    [offerId] => 9c4fe23b-37ea-4954-945b-29067b0d5c0e
    [fio] => Leonardo San diego
    [phone] => 09050797610
    [email] => admin@admin.com
    [domain] => http://mansehealth.com/landers/fa04a42719/land1/limon.php
    [ip] => 119.95.220.202
    [utm_campaign] => 923
    [utm_content] => 1
    [utm_medium] => 
    [utm_source] => SM
    [utm_term] => 
    [clickid] => 6df9c2td5sciki43c9
    [fbpxl] => 
)

----------- RESPONSE ---------
{"result":"ok","localClickId":"911ef891-f88b-4b6e-b10d-275ddf47dac3"}
----------- END --------------
December 22, 2021, 3:33 pm
----------- DATA -------------
Array
(
    [offerId] => 9c4fe23b-37ea-4954-945b-29067b0d5c0e
    [fio] => Ralph
    [phone] => 09519331926
    [email] => admin@admin.com
    [domain] => http://mansehealth.com/landers/fa04a42719/land1/limon.php
    [ip] => 175.176.68.174
    [utm_campaign] => 923
    [utm_content] => 1
    [utm_medium] => 
    [utm_source] => SM
    [utm_term] => 
    [clickid] => fd30e2td5fy8wfe546
    [fbpxl] => 
)

----------- RESPONSE ---------
{"result":"ok","localClickId":"087ba693-0073-44e2-8d96-ae170a002997"}
----------- END --------------
December 22, 2021, 4:22 pm
----------- DATA -------------
Array
(
    [offerId] => 9c4fe23b-37ea-4954-945b-29067b0d5c0e
    [fio] => Ron.x
    [phone] => 09675412852
    [email] => admin@admin.com
    [domain] => http://mansehealth.com/landers/fa04a42719/land1/limon.php
    [ip] => 110.54.200.188
    [utm_campaign] => 923
    [utm_content] => 1
    [utm_medium] => 
    [utm_source] => SM
    [utm_term] => 
    [clickid] => e67252t1my9ibvrfba
    [fbpxl] => 
)

----------- RESPONSE ---------
{"result":"ok","localClickId":"f6d154c4-6d50-42d3-8368-6a179975a0d1"}
----------- END --------------
December 22, 2021, 4:28 pm
----------- DATA -------------
Array
(
    [offerId] => 9c4fe23b-37ea-4954-945b-29067b0d5c0e
    [fio] => Julius
    [phone] => 09451870087
    [email] => admin@admin.com
    [domain] => http://mansehealth.com/landers/fa04a42719/land1/limon.php
    [ip] => 110.54.194.47
    [utm_campaign] => 923
    [utm_content] => 1
    [utm_medium] => 
    [utm_source] => SM
    [utm_term] => 
    [clickid] => 20a0d2t1mu3j2i4dca
    [fbpxl] => 
)

----------- RESPONSE ---------
{"result":"ok","localClickId":"7c6b462d-f099-4f25-a1d8-f5b3d22077f9"}
----------- END --------------
December 22, 2021, 5:58 pm
----------- DATA -------------
Array
(
    [offerId] => 9c4fe23b-37ea-4954-945b-29067b0d5c0e
    [fio] => Jerome
    [phone] => 09552654647
    [email] => admin@admin.com
    [domain] => http://mansehealth.com/landers/fa04a42719/land1/limon.php
    [ip] => 175.176.44.96
    [utm_campaign] => 923
    [utm_content] => 1
    [utm_medium] => 
    [utm_source] => SM
    [utm_term] => 
    [clickid] => 478c52t1mocxo6o14f
    [fbpxl] => 
)

----------- RESPONSE ---------
{"result":"ok","localClickId":"14649636-dbe5-4ff4-ad5e-1384a48017bd"}
----------- END --------------
December 22, 2021, 5:58 pm
----------- DATA -------------
Array
(
    [offerId] => 9c4fe23b-37ea-4954-945b-29067b0d5c0e
    [fio] => Jerome
    [phone] => 09552654647
    [email] => admin@admin.com
    [domain] => http://mansehealth.com/landers/fa04a42719/land1/limon.php
    [ip] => 175.176.44.96
    [utm_campaign] => 923
    [utm_content] => 1
    [utm_medium] => 
    [utm_source] => SM
    [utm_term] => 
    [clickid] => 478c52t1mocxo6o14f
    [fbpxl] => 
)

----------- RESPONSE ---------
{"result":"ok","localClickId":"1322094f-ec0d-46aa-b98b-cd52593fc487"}
----------- END --------------
December 22, 2021, 9:17 pm
----------- DATA -------------
Array
(
    [offerId] => 9c4fe23b-37ea-4954-945b-29067b0d5c0e
    [fio] => Binoy Aringo
    [phone] => 09771952464
    [email] => admin@admin.com
    [domain] => http://mansehealth.com/landers/fa04a42719/land1/limon.php
    [ip] => 112.198.209.223
    [utm_campaign] => 923
    [utm_content] => 1
    [utm_medium] => 
    [utm_source] => SM
    [utm_term] => 
    [clickid] => 0acd12t46b77s8n389
    [fbpxl] => 
)

----------- RESPONSE ---------
{"result":"ok","localClickId":"1e4961b0-cd7a-4e45-8afb-2fa8afba3e7c"}
----------- END --------------
December 22, 2021, 9:31 pm
----------- DATA -------------
Array
(
    [offerId] => 9c4fe23b-37ea-4954-945b-29067b0d5c0e
    [fio] => Jha Em Noñes
    [phone] => 50
    [email] => admin@admin.com
    [domain] => http://mansehealth.com/landers/fa04a42719/land1/limon.php
    [ip] => 175.176.52.23
    [utm_campaign] => 923
    [utm_content] => 1
    [utm_medium] => 
    [utm_source] => SM
    [utm_term] => 
    [clickid] => 6016a2t46hoxsvr2e5
    [fbpxl] => 
)

----------- RESPONSE ---------
{"result":"ok","localClickId":"81a33b44-23c2-4f5d-ad45-42b62c5b7407"}
----------- END --------------
December 22, 2021, 10:01 pm
----------- DATA -------------
Array
(
    [offerId] => 9c4fe23b-37ea-4954-945b-29067b0d5c0e
    [fio] => Jonie
    [phone] => 09637582039
    [email] => admin@admin.com
    [domain] => http://mansehealth.com/landers/fa04a42719/land1/limon.php
    [ip] => 175.176.69.208
    [utm_campaign] => 923
    [utm_content] => 1
    [utm_medium] => 
    [utm_source] => SM
    [utm_term] => 
    [clickid] => 90d012t46sc9zvr310
    [fbpxl] => 
)

----------- RESPONSE ---------
{"result":"ok","localClickId":"40ef55e8-eaa5-40f8-9fae-9cbe113ef1d7"}
----------- END --------------
