December 28, 2021, 12:27 am
----------- DATA -------------
Array
(
    [offerId] => 9c4fe23b-37ea-4954-945b-29067b0d5c0e
    [fio] => Angelo
    [phone] => 09977951639
    [email] => admin@admin.com
    [domain] => http://mansehealth.com/landers/fa04a42719/land1/limon.php
    [ip] => 110.54.147.235
    [utm_campaign] => 923
    [utm_content] => 1
    [utm_medium] => 
    [utm_source] => SM
    [utm_term] => 
    [clickid] => ae23agxa7dvx90ff2
    [fbpxl] => 
)

----------- RESPONSE ---------
{"result":"ok","localClickId":"f1112297-c420-4e8c-ad4a-00fbb0297e87"}
----------- END --------------
December 28, 2021, 1:12 am
----------- DATA -------------
Array
(
    [offerId] => 9c4fe23b-37ea-4954-945b-29067b0d5c0e
    [fio] => jun gunda
    [phone] => 09465677185
    [email] => admin@admin.com
    [domain] => http://mansehealth.com/landers/fa04a42719/land1/limon.php
    [ip] => 110.54.188.118
    [utm_campaign] => 923
    [utm_content] => 1
    [utm_medium] => 
    [utm_source] => SM
    [utm_term] => 
    [clickid] => 3684egxa7syj6fe901
    [fbpxl] => 
)

----------- RESPONSE ---------
{"result":"ok","localClickId":"6b319735-5f1e-46f0-8096-e70c2080d15f"}
----------- END --------------
December 28, 2021, 2:12 am
----------- DATA -------------
Array
(
    [offerId] => 9c4fe23b-37ea-4954-945b-29067b0d5c0e
    [fio] => Rey Caromayan 
    [phone] => 09395251578
    [email] => admin@admin.com
    [domain] => http://mansehealth.com/landers/fa04a42719/land1/limon.php
    [ip] => 175.176.56.252
    [utm_campaign] => 923
    [utm_content] => 1
    [utm_medium] => 
    [utm_source] => SM
    [utm_term] => 
    [clickid] => e4d39gxa715b708cc
    [fbpxl] => 
)

----------- RESPONSE ---------
{"result":"ok","localClickId":"c9c87873-3c52-4258-a88b-679e7ddf3f48"}
----------- END --------------
December 28, 2021, 3:29 am
----------- DATA -------------
Array
(
    [offerId] => 9c4fe23b-37ea-4954-945b-29067b0d5c0e
    [fio] => Lance
    [phone] => 09519781885
    [email] => admin@admin.com
    [domain] => http://mansehealth.com/landers/fa04a42719/land1/limon.php
    [ip] => 175.176.77.15
    [utm_campaign] => 923
    [utm_content] => 1
    [utm_medium] => 
    [utm_source] => SM
    [utm_term] => 
    [clickid] => 052f3gxa817qd8n1e5
    [fbpxl] => 
)

----------- RESPONSE ---------
{"result":"ok","localClickId":"47a4802c-cbda-4dbf-b2ac-aa6b6fb267c5"}
----------- END --------------
December 28, 2021, 3:29 am
----------- DATA -------------
Array
(
    [offerId] => 9c4fe23b-37ea-4954-945b-29067b0d5c0e
    [fio] => Lance
    [phone] => 09519781885
    [email] => admin@admin.com
    [domain] => http://mansehealth.com/landers/fa04a42719/land1/limon.php
    [ip] => 175.176.77.15
    [utm_campaign] => 923
    [utm_content] => 1
    [utm_medium] => 
    [utm_source] => SM
    [utm_term] => 
    [clickid] => 052f3gxa817qd8n1e5
    [fbpxl] => 
)

----------- RESPONSE ---------
{"result":"ok","localClickId":"6fbc339e-39d6-40d1-a218-17eaa829a5e3"}
----------- END --------------
December 28, 2021, 3:35 am
----------- DATA -------------
Array
(
    [offerId] => 9c4fe23b-37ea-4954-945b-29067b0d5c0e
    [fio] => Adrian
    [phone] => 09360326580
    [email] => admin@admin.com
    [domain] => http://mansehealth.com/landers/fa04a42719/land1/limon.php
    [ip] => 110.54.203.90
    [utm_campaign] => 923
    [utm_content] => 1
    [utm_medium] => 
    [utm_source] => SM
    [utm_term] => 
    [clickid] => b34adgxa8h9c86od90
    [fbpxl] => 
)

----------- RESPONSE ---------
{"result":"ok","localClickId":"90ca8dba-2cdf-4bd0-806c-3c3c80c72027"}
----------- END --------------
December 28, 2021, 3:35 am
----------- DATA -------------
Array
(
    [offerId] => 9c4fe23b-37ea-4954-945b-29067b0d5c0e
    [fio] => Melchor junio
    [phone] => 09708893376
    [email] => admin@admin.com
    [domain] => http://mansehealth.com/landers/fa04a42719/land1/limon.php
    [ip] => 175.176.93.213
    [utm_campaign] => 923
    [utm_content] => 1
    [utm_medium] => 
    [utm_source] => SM
    [utm_term] => 
    [clickid] => f2307gxa8h9fy6o38f
    [fbpxl] => 
)

----------- RESPONSE ---------
{"result":"ok","localClickId":"8d2099fb-1cd5-4e53-a34c-d5ad42d80d17"}
----------- END --------------
December 28, 2021, 4:11 am
----------- DATA -------------
Array
(
    [offerId] => 9c4fe23b-37ea-4954-945b-29067b0d5c0e
    [fio] => Tayal jobert
    [phone] => 09557663368
    [email] => admin@admin.com
    [domain] => http://mansehealth.com/landers/fa04a42719/land1/limon.php
    [ip] => 124.83.73.143
    [utm_campaign] => 923
    [utm_content] => 1
    [utm_medium] => 
    [utm_source] => SM
    [utm_term] => 
    [clickid] => f8897gxa87v9li459e
    [fbpxl] => 
)

----------- RESPONSE ---------
{"result":"ok","localClickId":"de1b3685-ebce-4427-aec5-48962201768e"}
----------- END --------------
December 28, 2021, 5:24 am
----------- DATA -------------
Array
(
    [offerId] => 9c4fe23b-37ea-4954-945b-29067b0d5c0e
    [fio] => Junlie basong
    [phone] => 09269549822
    [email] => admin@admin.com
    [domain] => http://mansehealth.com/landers/fa04a42719/land1/limon.php
    [ip] => 110.54.200.242
    [utm_campaign] => 923
    [utm_content] => 1
    [utm_medium] => 
    [utm_source] => SM
    [utm_term] => 
    [clickid] => e8dcegxa88px9dz8b3
    [fbpxl] => 
)

----------- RESPONSE ---------
{"result":"ok","localClickId":"58599ef3-d618-469c-8938-d9ad93a04a7f"}
----------- END --------------
December 28, 2021, 5:53 am
----------- DATA -------------
Array
(
    [offerId] => 9c4fe23b-37ea-4954-945b-29067b0d5c0e
    [fio] => jerick
    [phone] => 09071936110
    [email] => admin@admin.com
    [domain] => http://mansehealth.com/landers/fa04a42719/land1/limon.php
    [ip] => 180.190.24.110
    [utm_campaign] => 923
    [utm_content] => 1
    [utm_medium] => 
    [utm_source] => SM
    [utm_term] => 
    [clickid] => 5fe03gxa8e2y9i457e
    [fbpxl] => 
)

----------- RESPONSE ---------
{"result":"ok","localClickId":"6edc5c43-4f7d-4038-80ad-b8d5113e1077"}
----------- END --------------
December 28, 2021, 6:16 am
----------- DATA -------------
Array
(
    [offerId] => 9c4fe23b-37ea-4954-945b-29067b0d5c0e
    [fio] => Marilyn
    [phone] => 09752252629
    [email] => admin@admin.com
    [domain] => http://mansehealth.com/landers/fa04a42719/land1/limon.php
    [ip] => 175.176.93.2
    [utm_campaign] => 923
    [utm_content] => 1
    [utm_medium] => 
    [utm_source] => SM
    [utm_term] => 
    [clickid] => cfe2agxa8hqqdblca3
    [fbpxl] => 
)

----------- RESPONSE ---------
{"result":"ok","localClickId":"72191c54-570d-4e14-aa02-56f0aeb3c1ce"}
----------- END --------------
December 28, 2021, 6:35 am
----------- DATA -------------
Array
(
    [offerId] => 9c4fe23b-37ea-4954-945b-29067b0d5c0e
    [fio] => Marcelino cruz
    [phone] => 09513005589
    [email] => admin@admin.com
    [domain] => http://mansehealth.com/landers/fa04a42719/land1/limon.php
    [ip] => 175.176.44.239
    [utm_campaign] => 923
    [utm_content] => 1
    [utm_medium] => 
    [utm_source] => SM
    [utm_term] => 
    [clickid] => f0f6fgxa8uom7wj4d2
    [fbpxl] => 
)

----------- RESPONSE ---------
{"result":"ok","localClickId":"f666c9e7-8ea6-477d-b8a7-4746c56aab2a"}
----------- END --------------
December 28, 2021, 8:32 am
----------- DATA -------------
Array
(
    [offerId] => 9c4fe23b-37ea-4954-945b-29067b0d5c0e
    [fio] => Salvador bendanillo
    [phone] => 09266744634
    [email] => admin@admin.com
    [domain] => http://mansehealth.com/landers/fa04a42719/land1/limon.php
    [ip] => 110.54.230.252
    [utm_campaign] => 923
    [utm_content] => 1
    [utm_medium] => 
    [utm_source] => SM
    [utm_term] => 
    [clickid] => 24ff5gxa9my46wj3ff
    [fbpxl] => 
)

----------- RESPONSE ---------
{"result":"ok","localClickId":"3b360ea6-f65a-4a29-a601-6dda604c61c5"}
----------- END --------------
December 28, 2021, 11:15 am
----------- DATA -------------
Array
(
    [offerId] => 9c4fe23b-37ea-4954-945b-29067b0d5c0e
    [fio] => Jujun
    [phone] => 09301500518
    [email] => admin@admin.com
    [domain] => http://mansehealth.com/landers/fa04a42719/land1/limon.php
    [ip] => 110.54.190.16
    [utm_campaign] => 923
    [utm_content] => 1
    [utm_medium] => 
    [utm_source] => SM
    [utm_term] => 
    [clickid] => e47e5gx2t1mpmvrf7f
    [fbpxl] => 
)

----------- RESPONSE ---------
{"result":"ok","localClickId":"eca1bec7-52ae-43a0-a2e5-080add69ee2b"}
----------- END --------------
December 28, 2021, 11:45 am
----------- DATA -------------
Array
(
    [offerId] => 9c4fe23b-37ea-4954-945b-29067b0d5c0e
    [fio] => Abrasada
    [phone] => 09352509165
    [email] => admin@admin.com
    [domain] => http://mansehealth.com/landers/fa04a42719/land1/limon.php
    [ip] => 203.92.11.178
    [utm_campaign] => 923
    [utm_content] => 1
    [utm_medium] => 
    [utm_source] => SM
    [utm_term] => 
    [clickid] => 539c7gx2tfyq56o561
    [fbpxl] => 
)

----------- RESPONSE ---------
{"result":"ok","localClickId":"5df47b07-39a8-4b48-94bf-0906177aa903"}
----------- END --------------
December 28, 2021, 11:46 am
----------- DATA -------------
Array
(
    [offerId] => 9c4fe23b-37ea-4954-945b-29067b0d5c0e
    [fio] => Joel Catapang Suarez
    [phone] => 09692477796
    [email] => admin@admin.com
    [domain] => http://mansehealth.com/landers/fa04a42719/land1/limon.php
    [ip] => 124.106.232.229
    [utm_campaign] => 923
    [utm_content] => 1
    [utm_medium] => 
    [utm_source] => SM
    [utm_term] => 
    [clickid] => a8961gx2txra53y8cd
    [fbpxl] => 
)

----------- RESPONSE ---------
{"result":"ok","localClickId":"2916c8e6-5f53-4ffc-86c4-c218ccd3ffa2"}
----------- END --------------
December 28, 2021, 11:47 am
----------- DATA -------------
Array
(
    [offerId] => 9c4fe23b-37ea-4954-945b-29067b0d5c0e
    [fio] => Abrasada
    [phone] => 09352509165
    [email] => admin@admin.com
    [domain] => http://mansehealth.com/landers/fa04a42719/land1/limon.php
    [ip] => 203.92.11.178
    [utm_campaign] => 923
    [utm_content] => 1
    [utm_medium] => 
    [utm_source] => SM
    [utm_term] => 
    [clickid] => 539c7gx2tfyq56o561
    [fbpxl] => 
)

----------- RESPONSE ---------
{"result":"ok","localClickId":"bbfdacd3-ec58-4429-97f8-e4dccdc508a4"}
----------- END --------------
December 28, 2021, 11:49 am
----------- DATA -------------
Array
(
    [offerId] => 9c4fe23b-37ea-4954-945b-29067b0d5c0e
    [fio] => Rodel Ajitan Bartolay 
    [phone] => 09706720466
    [email] => admin@admin.com
    [domain] => http://mansehealth.com/landers/fa04a42719/land1/limon.php
    [ip] => 175.176.28.92
    [utm_campaign] => 923
    [utm_content] => 1
    [utm_medium] => 
    [utm_source] => SM
    [utm_term] => 
    [clickid] => 76a45gx2tfytl0f80
    [fbpxl] => 
)

----------- RESPONSE ---------
{"result":"ok","localClickId":"ab6c04fd-a71e-4557-98f8-f03696b54258"}
----------- END --------------
December 28, 2021, 12:19 pm
----------- DATA -------------
Array
(
    [offerId] => 9c4fe23b-37ea-4954-945b-29067b0d5c0e
    [fio] => Teodoro macadugnan
    [phone] => 09555940113
    [email] => admin@admin.com
    [domain] => http://mansehealth.com/landers/fa04a42719/land1/limon.php
    [ip] => 110.54.207.77
    [utm_campaign] => 923
    [utm_content] => 1
    [utm_medium] => 
    [utm_source] => SM
    [utm_term] => 
    [clickid] => a2bb4gx2tslvcvraf8
    [fbpxl] => 
)

----------- RESPONSE ---------
{"result":"ok","localClickId":"6721dcd7-5e0a-41d0-a473-fca3b5cd3318"}
----------- END --------------
December 28, 2021, 1:26 pm
----------- DATA -------------
Array
(
    [offerId] => 9c4fe23b-37ea-4954-945b-29067b0d5c0e
    [fio] => Jayson rangpas
    [phone] => 09707250849
    [email] => admin@admin.com
    [domain] => http://mansehealth.com/landers/fa04a42719/land1/limon.php
    [ip] => 182.255.43.147
    [utm_campaign] => 923
    [utm_content] => 1
    [utm_medium] => 
    [utm_source] => SM
    [utm_term] => 
    [clickid] => 041a1gxgx2tbzbl436
    [fbpxl] => 
)

----------- RESPONSE ---------
{"result":"ok","localClickId":"89d7d994-3823-4166-9163-a7f09317ca2a"}
----------- END --------------
December 28, 2021, 2:04 pm
----------- DATA -------------
Array
(
    [offerId] => 9c4fe23b-37ea-4954-945b-29067b0d5c0e
    [fio] => Bugnay
    [phone] => 09068392522
    [email] => admin@admin.com
    [domain] => http://mansehealth.com/landers/fa04a42719/land1/limon.php
    [ip] => 110.54.149.73
    [utm_campaign] => 923
    [utm_content] => 1
    [utm_medium] => 
    [utm_source] => SM
    [utm_term] => 
    [clickid] => 5555cgxgx8ra0i4324
    [fbpxl] => 
)

----------- RESPONSE ---------
{"result":"ok","localClickId":"7575dcd8-7f90-4dc8-870b-e6f2368081a4"}
----------- END --------------
December 28, 2021, 2:27 pm
----------- DATA -------------
Array
(
    [offerId] => 9c4fe23b-37ea-4954-945b-29067b0d5c0e
    [fio] => lito l. casicas
    [phone] => 09485782436
    [email] => admin@admin.com
    [domain] => http://mansehealth.com/landers/fa04a42719/land1/limon.php
    [ip] => 49.149.69.21
    [utm_campaign] => {campaign}
    [utm_content] => {trafficsource}
    [utm_medium] => 
    [utm_source] => SM
    [utm_term] => 
    [clickid] => {clickid}
    [fbpxl] => 
)

----------- RESPONSE ---------
{"result":"ok","localClickId":"089b0e84-43cc-45f7-88eb-6a6547b41918"}
----------- END --------------
December 28, 2021, 2:28 pm
----------- DATA -------------
Array
(
    [offerId] => 9c4fe23b-37ea-4954-945b-29067b0d5c0e
    [fio] => lito l. casicas
    [phone] => 09485782436
    [email] => admin@admin.com
    [domain] => http://mansehealth.com/landers/fa04a42719/land1/limon.php
    [ip] => 49.149.69.21
    [utm_campaign] => {campaign}
    [utm_content] => {trafficsource}
    [utm_medium] => 
    [utm_source] => SM
    [utm_term] => 
    [clickid] => {clickid}
    [fbpxl] => 
)

----------- RESPONSE ---------
{"result":"ok","localClickId":"9366fb45-6d3c-46ee-a582-a2286d70c9c9"}
----------- END --------------
December 28, 2021, 2:32 pm
----------- DATA -------------
Array
(
    [offerId] => 9c4fe23b-37ea-4954-945b-29067b0d5c0e
    [fio] => gong
    [phone] => 09050876080
    [email] => admin@admin.com
    [domain] => http://mansehealth.com/landers/fa04a42719/land1/limon.php
    [ip] => 112.198.74.61
    [utm_campaign] => 923
    [utm_content] => 1
    [utm_medium] => 
    [utm_source] => SM
    [utm_term] => 
    [clickid] => 6cd90gxgxu3h93ydf7
    [fbpxl] => 
)

----------- RESPONSE ---------
{"result":"ok","localClickId":"2cc97971-5198-4f3e-befe-2fc41f4b1861"}
----------- END --------------
December 28, 2021, 2:45 pm
----------- DATA -------------
Array
(
    [offerId] => 9c4fe23b-37ea-4954-945b-29067b0d5c0e
    [fio] => Jhun Mangonon
    [phone] => +63482331553
    [email] => admin@admin.com
    [domain] => http://mansehealth.com/landers/fa04a42719/land1/limon.php
    [ip] => 180.191.209.105
    [utm_campaign] => 923
    [utm_content] => 1
    [utm_medium] => 
    [utm_source] => SM
    [utm_term] => 
    [clickid] => 911f7gxgxnta6bl90f
    [fbpxl] => 
)

----------- RESPONSE ---------
{"result":"ok","localClickId":"811fd49b-6623-4172-98dc-3a620304d53b"}
----------- END --------------
December 28, 2021, 3:24 pm
----------- DATA -------------
Array
(
    [offerId] => 9c4fe23b-37ea-4954-945b-29067b0d5c0e
    [fio] => harvy
    [phone] => 09633305496
    [email] => admin@admin.com
    [domain] => http://mansehealth.com/landers/fa04a42719/land1/limon.php
    [ip] => 115.147.27.209
    [utm_campaign] => 923
    [utm_content] => 1
    [utm_medium] => 
    [utm_source] => SM
    [utm_term] => 
    [clickid] => 5be74gxgxb75mvr58f
    [fbpxl] => 
)

----------- RESPONSE ---------
{"result":"ok","localClickId":"bfcf33d2-3152-4d2d-a7cf-b153c65a2e86"}
----------- END --------------
December 28, 2021, 3:43 pm
----------- DATA -------------
Array
(
    [offerId] => 9c4fe23b-37ea-4954-945b-29067b0d5c0e
    [fio] => Rommel
    [phone] => +639198212448
    [email] => admin@admin.com
    [domain] => http://mansehealth.com/landers/fa04a42719/land1/limon.php
    [ip] => 175.176.58.139
    [utm_campaign] => 923
    [utm_content] => 1
    [utm_medium] => 
    [utm_source] => SM
    [utm_term] => 
    [clickid] => 53691gxgxd53zwj6e9
    [fbpxl] => 
)

----------- RESPONSE ---------
{"result":"ok","localClickId":"cc591ae5-b0b6-4e6b-a0b8-36fd63f1be16"}
----------- END --------------
December 28, 2021, 3:48 pm
----------- DATA -------------
Array
(
    [offerId] => 9c4fe23b-37ea-4954-945b-29067b0d5c0e
    [fio] => Niko
    [phone] => 09979314331
    [email] => admin@admin.com
    [domain] => http://mansehealth.com/landers/fa04a42719/land1/limon.php
    [ip] => 180.194.41.213
    [utm_campaign] => 923
    [utm_content] => 1
    [utm_medium] => 
    [utm_source] => SM
    [utm_term] => 
    [clickid] => 43b65gxgxd5ocvr2fc
    [fbpxl] => 
)

----------- RESPONSE ---------
{"result":"ok","localClickId":"c8fb9858-841f-4c7b-8b6c-b915d800649a"}
----------- END --------------
December 28, 2021, 4:35 pm
----------- DATA -------------
Array
(
    [offerId] => 9c4fe23b-37ea-4954-945b-29067b0d5c0e
    [fio] => Romulo resma
    [phone] => 09394490171
    [email] => admin@admin.com
    [domain] => http://mansehealth.com/landers/fa04a42719/land1/limon.php
    [ip] => 175.176.26.128
    [utm_campaign] => 923
    [utm_content] => 1
    [utm_medium] => 
    [utm_source] => SM
    [utm_term] => 
    [clickid] => e1a5fgxgxdu46blc16
    [fbpxl] => 
)

----------- RESPONSE ---------
{"result":"ok","localClickId":"5ad4bb88-6894-4a12-b264-c8adff38b5fb"}
----------- END --------------
December 28, 2021, 4:47 pm
----------- DATA -------------
Array
(
    [offerId] => 9c4fe23b-37ea-4954-945b-29067b0d5c0e
    [fio] => Allan andate
    [phone] => 09261756898
    [email] => admin@admin.com
    [domain] => http://mansehealth.com/landers/fa04a42719/land1/limon.php
    [ip] => 110.54.205.101
    [utm_campaign] => 923
    [utm_content] => 1
    [utm_medium] => 
    [utm_source] => SM
    [utm_term] => 
    [clickid] => 31b01gx17a3wf6o78e
    [fbpxl] => 
)

----------- RESPONSE ---------
{"result":"ok","localClickId":"aca5545c-98ab-4bc1-9946-4621c339a1e4"}
----------- END --------------
December 28, 2021, 5:04 pm
----------- DATA -------------
Array
(
    [offerId] => 9c4fe23b-37ea-4954-945b-29067b0d5c0e
    [fio] => Jonel
    [phone] => 092626280
    [email] => admin@admin.com
    [domain] => http://mansehealth.com/landers/fa04a42719/land1/limon.php
    [ip] => 110.54.193.23
    [utm_campaign] => 923
    [utm_content] => 1
    [utm_medium] => 
    [utm_source] => SM
    [utm_term] => 
    [clickid] => cac3egx17a7m76o475
    [fbpxl] => 
)

----------- RESPONSE ---------
{"result":"ok","localClickId":"d6189af8-5d05-4f8c-be41-f975a5734862"}
----------- END --------------
December 28, 2021, 5:46 pm
----------- DATA -------------
Array
(
    [offerId] => 9c4fe23b-37ea-4954-945b-29067b0d5c0e
    [fio] => Christian orbos
    [phone] => 09269573700
    [email] => admin@admin.com
    [domain] => http://mansehealth.com/landers/fa04a42719/land1/limon.php
    [ip] => 180.190.21.158
    [utm_campaign] => 923
    [utm_content] => 1
    [utm_medium] => 
    [utm_source] => SM
    [utm_term] => 
    [clickid] => 31dc5gx17yd3z8n29d
    [fbpxl] => 
)

----------- RESPONSE ---------
{"result":"ok","localClickId":"fa523325-0506-4fb1-8a65-8e72873cfc3d"}
----------- END --------------
December 28, 2021, 5:54 pm
----------- DATA -------------
Array
(
    [offerId] => 9c4fe23b-37ea-4954-945b-29067b0d5c0e
    [fio] => Sealtiel
    [phone] => 09353851636
    [email] => admin@admin.com
    [domain] => http://mansehealth.com/landers/fa04a42719/land1/limon.php
    [ip] => 110.54.131.66
    [utm_campaign] => 923
    [utm_content] => 1
    [utm_medium] => 
    [utm_source] => SM
    [utm_term] => 
    [clickid] => 0dd1egx179lci3y217
    [fbpxl] => 
)

----------- RESPONSE ---------
{"result":"ok","localClickId":"f374c870-ad29-47c0-9591-c28c7da1d784"}
----------- END --------------
December 28, 2021, 7:19 pm
----------- DATA -------------
Array
(
    [offerId] => 9c4fe23b-37ea-4954-945b-29067b0d5c0e
    [fio] => Vince
    [phone] => Villarin
    [email] => admin@admin.com
    [domain] => http://mansehealth.com/landers/fa04a42719/land1/limon.php
    [ip] => 2001:4455:65d:3000:b11c:d5d5:3cb2:c83c
    [utm_campaign] => 923
    [utm_content] => 1
    [utm_medium] => 
    [utm_source] => SM
    [utm_term] => 
    [clickid] => 24ad9gx1715gmvr210
    [fbpxl] => 
)

----------- RESPONSE ---------
{"result":"ok","localClickId":"d3afe5f3-c85f-46e3-8058-f16222ecc364"}
----------- END --------------
December 28, 2021, 7:20 pm
----------- DATA -------------
Array
(
    [offerId] => 9c4fe23b-37ea-4954-945b-29067b0d5c0e
    [fio] => Lito
    [phone] => 09121652372
    [email] => admin@admin.com
    [domain] => http://mansehealth.com/landers/fa04a42719/land1/limon.php
    [ip] => 110.54.207.29
    [utm_campaign] => 923
    [utm_content] => 1
    [utm_medium] => 
    [utm_source] => SM
    [utm_term] => 
    [clickid] => e9a4cgx17j2ib3y84b
    [fbpxl] => 
)

----------- RESPONSE ---------
{"result":"ok","localClickId":"8678d8fd-be8d-49c6-be11-e55b76ff1e6a"}
----------- END --------------
December 28, 2021, 7:25 pm
----------- DATA -------------
Array
(
    [offerId] => 9c4fe23b-37ea-4954-945b-29067b0d5c0e
    [fio] => Odi
    [phone] => 09950678955
    [email] => admin@admin.com
    [domain] => http://mansehealth.com/landers/fa04a42719/land1/limon.php
    [ip] => 110.54.142.181
    [utm_campaign] => {campaign}
    [utm_content] => {trafficsource}
    [utm_medium] => 
    [utm_source] => SM
    [utm_term] => 
    [clickid] => {clickid}
    [fbpxl] => 
)

----------- RESPONSE ---------
{"result":"ok","localClickId":"c4b34ef4-3a40-4850-aaf5-8f952167ffc4"}
----------- END --------------
December 28, 2021, 7:34 pm
----------- DATA -------------
Array
(
    [offerId] => 9c4fe23b-37ea-4954-945b-29067b0d5c0e
    [fio] => Gestoni sardillo
    [phone] => 09064749560
    [email] => admin@admin.com
    [domain] => http://mansehealth.com/landers/fa04a42719/land1/limon.php
    [ip] => 110.54.145.61
    [utm_campaign] => 923
    [utm_content] => 1
    [utm_medium] => 
    [utm_source] => SM
    [utm_term] => 
    [clickid] => 7244fgx179zxoblbe3
    [fbpxl] => 
)

----------- RESPONSE ---------
{"result":"ok","localClickId":"65941238-f44d-4fad-9200-a2f6494acda9"}
----------- END --------------
December 28, 2021, 7:40 pm
----------- DATA -------------
Array
(
    [offerId] => 9c4fe23b-37ea-4954-945b-29067b0d5c0e
    [fio] => Gestoni sardillo
    [phone] => 09064749560
    [email] => admin@admin.com
    [domain] => http://mansehealth.com/landers/fa04a42719/land1/limon.php
    [ip] => 110.54.145.61
    [utm_campaign] => 923
    [utm_content] => 1
    [utm_medium] => 
    [utm_source] => SM
    [utm_term] => 
    [clickid] => 7244fgx179zxoblbe3
    [fbpxl] => 
)

----------- RESPONSE ---------
{"result":"ok","localClickId":"2b81b070-cbd3-45f5-8e84-30328d23222f"}
----------- END --------------
December 28, 2021, 8:12 pm
----------- DATA -------------
Array
(
    [offerId] => 9c4fe23b-37ea-4954-945b-29067b0d5c0e
    [fio] => Diethird
    [phone] => 09271907218
    [email] => admin@admin.com
    [domain] => http://mansehealth.com/landers/fa04a42719/land1/limon.php
    [ip] => 203.92.11.168
    [utm_campaign] => 923
    [utm_content] => 1
    [utm_medium] => 
    [utm_source] => SM
    [utm_term] => 
    [clickid] => f4d5fgxgx46a46o654
    [fbpxl] => 
)

----------- RESPONSE ---------
{"result":"ok","localClickId":"c1f20ef5-5442-434d-b78f-d755dd05ed1f"}
----------- END --------------
December 28, 2021, 8:29 pm
----------- DATA -------------
Array
(
    [offerId] => 9c4fe23b-37ea-4954-945b-29067b0d5c0e
    [fio] => Kenneth
    [phone] => 09690491330
    [email] => admin@admin.com
    [domain] => http://mansehealth.com/landers/fa04a42719/land1/limon.php
    [ip] => 110.54.205.251
    [utm_campaign] => 923
    [utm_content] => 1
    [utm_medium] => 
    [utm_source] => SM
    [utm_term] => 
    [clickid] => cf6bagxh9pmirbl944
    [fbpxl] => 
)

----------- RESPONSE ---------
{"result":"ok","localClickId":"31364e6e-28d8-47cf-ae4b-99cfa8eef83c"}
----------- END --------------
December 28, 2021, 8:57 pm
----------- DATA -------------
Array
(
    [offerId] => 9c4fe23b-37ea-4954-945b-29067b0d5c0e
    [fio] => Larry
    [phone] => 09972908746
    [email] => admin@admin.com
    [domain] => http://mansehealth.com/landers/fa04a42719/land1/limon.php
    [ip] => 110.54.226.185
    [utm_campaign] => 923
    [utm_content] => 1
    [utm_medium] => 
    [utm_source] => SM
    [utm_term] => 
    [clickid] => 50b72gxh97vwhbl458
    [fbpxl] => 
)

----------- RESPONSE ---------
{"result":"ok","localClickId":"c3d4a365-70c9-4290-b9ea-4b45a4c98e19"}
----------- END --------------
December 28, 2021, 9:58 pm
----------- DATA -------------
Array
(
    [offerId] => 9c4fe23b-37ea-4954-945b-29067b0d5c0e
    [fio] => Julius baste
    [phone] => 09366421900
    [email] => admin@admin.com
    [domain] => http://mansehealth.com/landers/fa04a42719/land1/limon.php
    [ip] => 112.205.197.75
    [utm_campaign] => 923
    [utm_content] => 1
    [utm_medium] => 
    [utm_source] => SM
    [utm_term] => 
    [clickid] => 30bd9gxh9twscfe16a
    [fbpxl] => 
)

----------- RESPONSE ---------
{"result":"ok","localClickId":"4718f1f7-eedd-42b4-8783-112f1c19c1b6"}
----------- END --------------
December 28, 2021, 10:34 pm
----------- DATA -------------
Array
(
    [offerId] => 9c4fe23b-37ea-4954-945b-29067b0d5c0e
    [fio] => Jet aliponga 
    [phone] => O9077321668
    [email] => admin@admin.com
    [domain] => http://mansehealth.com/landers/fa04a42719/land1/limon.php
    [ip] => 2001:4454:1c6:1800:fe:39b6:bee0:a477
    [utm_campaign] => 923
    [utm_content] => 1
    [utm_medium] => 
    [utm_source] => SM
    [utm_term] => 
    [clickid] => c9022gxh9ghp2fe1cc
    [fbpxl] => 
)

----------- RESPONSE ---------
{"result":"ok","localClickId":"6594a981-f497-4124-8ffb-47a7890e333e"}
----------- END --------------
