December 21, 2021, 12:57 am
----------- DATA -------------
Array
(
    [offerId] => 9c4fe23b-37ea-4954-945b-29067b0d5c0e
    [fio] => jaime busante09955093501
    [phone] => 09955093501
    [email] => admin@admin.com
    [domain] => http://mansehealth.com/landers/fa04a42719/land1/limon.php
    [ip] => 182.255.43.7
    [utm_campaign] => {campaign}
    [utm_content] => {trafficsource}
    [utm_medium] => 
    [utm_source] => SM
    [utm_term] => 
    [clickid] => {clickid}
    [fbpxl] => 
)

----------- RESPONSE ---------
{"result":"ok","localClickId":"086121a4-6dc0-415a-909d-dc818c7a43af"}
----------- END --------------
December 21, 2021, 3:39 am
----------- DATA -------------
Array
(
    [offerId] => 9c4fe23b-37ea-4954-945b-29067b0d5c0e
    [fio] => Reymark
    [phone] => 09555414177
    [email] => admin@admin.com
    [domain] => http://mansehealth.com/landers/fa04a42719/land1/limon.php
    [ip] => 110.54.131.123
    [utm_campaign] => 894
    [utm_content] => 35
    [utm_medium] => 
    [utm_source] => SM
    [utm_term] => 
    [clickid] => aa1dc2t9rk2tw05e9
    [fbpxl] => 
)

----------- RESPONSE ---------
{"result":"ok","localClickId":"faff09c8-bf02-4109-8033-400376f59ffe"}
----------- END --------------
December 21, 2021, 4:16 am
----------- DATA -------------
Array
(
    [offerId] => 9c4fe23b-37ea-4954-945b-29067b0d5c0e
    [fio] => 09387463902
    [phone] => Arvenpanuelos
    [email] => admin@admin.com
    [domain] => http://mansehealth.com/landers/fa04a42719/land1/limon.php
    [ip] => 209.146.19.137
    [utm_campaign] => 923
    [utm_content] => 1
    [utm_medium] => 
    [utm_source] => SM
    [utm_term] => 
    [clickid] => ef9622t9r3z3vfe673
    [fbpxl] => 
)

----------- RESPONSE ---------
{"result":"ok","localClickId":"33c53540-661e-4683-904d-0ad66d244a61"}
----------- END --------------
December 21, 2021, 4:21 am
----------- DATA -------------
Array
(
    [offerId] => 9c4fe23b-37ea-4954-945b-29067b0d5c0e
    [fio] => Neil bryan 
    [phone] => 09979071389
    [email] => admin@admin.com
    [domain] => http://mansehealth.com/landers/fa04a42719/land1/limon.php
    [ip] => 110.54.203.36
    [utm_campaign] => 923
    [utm_content] => 1
    [utm_medium] => 
    [utm_source] => SM
    [utm_term] => 
    [clickid] => fee4e2t9rft9lfe036
    [fbpxl] => 
)

----------- RESPONSE ---------
{"result":"ok","localClickId":"3c30aa2d-cc7d-467a-96c7-6e7865368eb8"}
----------- END --------------
December 21, 2021, 4:39 am
----------- DATA -------------
Array
(
    [offerId] => 9c4fe23b-37ea-4954-945b-29067b0d5c0e
    [fio] =>  Macalintal jun2
    [phone] => 09380682666
    [email] => admin@admin.com
    [domain] => http://mansehealth.com/landers/fa04a42719/land1/limon.php
    [ip] => 175.176.53.178
    [utm_campaign] => 923
    [utm_content] => 1
    [utm_medium] => 
    [utm_source] => SM
    [utm_term] => 
    [clickid] => 249492t9re2fvfe4a2
    [fbpxl] => 
)

----------- RESPONSE ---------
{"result":"ok","localClickId":"33ddb72d-645b-4e09-bafb-a9464bdb05a9"}
----------- END --------------
December 21, 2021, 5:05 am
----------- DATA -------------
Array
(
    [offerId] => 9c4fe23b-37ea-4954-945b-29067b0d5c0e
    [fio] => Arnel
    [phone] => 09663221558
    [email] => admin@admin.com
    [domain] => http://mansehealth.com/landers/fa04a42719/land1/limon.php
    [ip] => 110.54.200.47
    [utm_campaign] => 894
    [utm_content] => 35
    [utm_medium] => 
    [utm_source] => SM
    [utm_term] => 
    [clickid] => 0ced42t9rdvu3bl37d
    [fbpxl] => 
)

----------- RESPONSE ---------
{"result":"ok","localClickId":"2fb960fa-95b7-4221-b527-2e526948a774"}
----------- END --------------
December 21, 2021, 5:11 am
----------- DATA -------------
Array
(
    [offerId] => 9c4fe23b-37ea-4954-945b-29067b0d5c0e
    [fio] => jerwinn Dionela
    [phone] => 09059304398
    [email] => admin@admin.com
    [domain] => http://mansehealth.com/landers/fa04a42719/land1/limon.php
    [ip] => 112.198.69.149
    [utm_campaign] => 923
    [utm_content] => 1
    [utm_medium] => 
    [utm_source] => SM
    [utm_term] => 
    [clickid] => 33b2b2t9rzwg6fed7c
    [fbpxl] => 
)

----------- RESPONSE ---------
{"result":"ok","localClickId":"cfc121ce-fbdd-4858-863c-936f2aa691e3"}
----------- END --------------
December 21, 2021, 5:50 am
----------- DATA -------------
Array
(
    [offerId] => 9c4fe23b-37ea-4954-945b-29067b0d5c0e
    [fio] => kley
    [phone] => 09977153189
    [email] => admin@admin.com
    [domain] => http://mansehealth.com/landers/fa04a42719/land1/limon.php
    [ip] => 110.54.173.249
    [utm_campaign] => 923
    [utm_content] => 1
    [utm_medium] => 
    [utm_source] => SM
    [utm_term] => 
    [clickid] => f7fe12t9r37ho3y15f
    [fbpxl] => 
)

----------- RESPONSE ---------
{"result":"ok","localClickId":"76d8a900-d039-46b3-b01f-13a965ec5a57"}
----------- END --------------
December 21, 2021, 7:32 am
----------- DATA -------------
Array
(
    [offerId] => 9c4fe23b-37ea-4954-945b-29067b0d5c0e
    [fio] => Jomar bocaya
    [phone] => 09480649975
    [email] => admin@admin.com
    [domain] => http://mansehealth.com/landers/fa04a42719/land1/limon.php
    [ip] => 175.176.20.23
    [utm_campaign] => 923
    [utm_content] => 1
    [utm_medium] => 
    [utm_source] => SM
    [utm_term] => 
    [clickid] => 40f7d2tg53zhobl761
    [fbpxl] => 
)

----------- RESPONSE ---------
{"result":"ok","localClickId":"85503b49-8ac9-4e00-88f1-81f4f8fed9f9"}
----------- END --------------
December 21, 2021, 11:24 am
----------- DATA -------------
Array
(
    [offerId] => 9c4fe23b-37ea-4954-945b-29067b0d5c0e
    [fio] => Marck
    [phone] => 09050263143
    [email] => admin@admin.com
    [domain] => http://mansehealth.com/landers/fa04a42719/land1/limon.php
    [ip] => 110.54.170.72
    [utm_campaign] => 923
    [utm_content] => 1
    [utm_medium] => 
    [utm_source] => SM
    [utm_term] => 
    [clickid] => 8b84e2t8wciuoi46f8
    [fbpxl] => 
)

----------- RESPONSE ---------
{"result":"ok","localClickId":"b878ae1e-55d2-4fec-9c80-639ae4675a3b"}
----------- END --------------
December 21, 2021, 11:43 am
----------- DATA -------------
Array
(
    [offerId] => 9c4fe23b-37ea-4954-945b-29067b0d5c0e
    [fio] => Alladen
    [phone] => 09513497018
    [email] => admin@admin.com
    [domain] => http://mansehealth.com/landers/fa04a42719/land1/limon.php
    [ip] => 103.53.59.53
    [utm_campaign] => 923
    [utm_content] => 1
    [utm_medium] => 
    [utm_source] => SM
    [utm_term] => 
    [clickid] => bb2542t8wxodv3y843
    [fbpxl] => 
)

----------- RESPONSE ---------
{"result":"ok","localClickId":"d2076ab9-a56a-4585-96d1-853ca2f60442"}
----------- END --------------
December 21, 2021, 11:59 am
----------- DATA -------------
Array
(
    [offerId] => 9c4fe23b-37ea-4954-945b-29067b0d5c0e
    [fio] => Amador  tomimbang
    [phone] => 09198299008
    [email] => admin@admin.com
    [domain] => http://mansehealth.com/landers/fa04a42719/land1/limon.php
    [ip] => 110.54.248.64
    [utm_campaign] => 923
    [utm_content] => 1
    [utm_medium] => 
    [utm_source] => SM
    [utm_term] => 
    [clickid] => 6abac2t8wvc168ncf5
    [fbpxl] => 
)

----------- RESPONSE ---------
{"result":"ok","localClickId":"1e160515-36e6-439f-944a-cb712a3ca1c7"}
----------- END --------------
December 21, 2021, 12:07 pm
----------- DATA -------------
Array
(
    [offerId] => 9c4fe23b-37ea-4954-945b-29067b0d5c0e
    [fio] => Jr ornos
    [phone] => 09533087054
    [email] => admin@admin.com
    [domain] => http://mansehealth.com/landers/fa04a42719/land1/limon.php
    [ip] => 203.92.11.86
    [utm_campaign] => 923
    [utm_content] => 1
    [utm_medium] => 
    [utm_source] => SM
    [utm_term] => 
    [clickid] => c5ea72t8w1n7si4e96
    [fbpxl] => 
)

----------- RESPONSE ---------
{"result":"ok","localClickId":"86d57e80-b656-46f6-8b34-837575ad6843"}
----------- END --------------
December 21, 2021, 1:06 pm
----------- DATA -------------
Array
(
    [offerId] => 9c4fe23b-37ea-4954-945b-29067b0d5c0e
    [fio] => Sandy
    [phone] => 09318981314
    [email] => admin@admin.com
    [domain] => http://mansehealth.com/landers/fa04a42719/land1/limon.php
    [ip] => 110.54.151.163
    [utm_campaign] => 923
    [utm_content] => 1
    [utm_medium] => 
    [utm_source] => SM
    [utm_term] => 
    [clickid] => 5c7182tsca5ibdz8e4
    [fbpxl] => 
)

----------- RESPONSE ---------
{"result":"ok","localClickId":"98b93747-9035-4087-ad65-4775d14ef8b5"}
----------- END --------------
December 21, 2021, 2:15 pm
----------- DATA -------------
Array
(
    [offerId] => 9c4fe23b-37ea-4954-945b-29067b0d5c0e
    [fio] => Jhenmar
    [phone] => 09668112711
    [email] => admin@admin.com
    [domain] => http://mansehealth.com/landers/fa04a42719/land1/limon.php
    [ip] => 2001:fd8:484:3578:6af7:11f9:630c:1934
    [utm_campaign] => {campaign}
    [utm_content] => {trafficsource}
    [utm_medium] => 
    [utm_source] => SM
    [utm_term] => 
    [clickid] => {clickid}
    [fbpxl] => 
)

----------- RESPONSE ---------
{"result":"ok","localClickId":"0fcc3f19-bd26-431c-b8ff-bab7433f0e4e"}
----------- END --------------
December 21, 2021, 2:16 pm
----------- DATA -------------
Array
(
    [offerId] => 9c4fe23b-37ea-4954-945b-29067b0d5c0e
    [fio] => Jetro
    [phone] => 09150616367
    [email] => admin@admin.com
    [domain] => http://mansehealth.com/landers/fa04a42719/land1/limon.php
    [ip] => 103.66.223.45
    [utm_campaign] => 923
    [utm_content] => 1
    [utm_medium] => 
    [utm_source] => SM
    [utm_term] => 
    [clickid] => 1f0e62tsc8wdv3y3aa
    [fbpxl] => 
)

----------- RESPONSE ---------
{"result":"ok","localClickId":"9e01c06e-73d3-4cfa-a233-1fda946eb2c5"}
----------- END --------------
December 21, 2021, 3:17 pm
----------- DATA -------------
Array
(
    [offerId] => 9c4fe23b-37ea-4954-945b-29067b0d5c0e
    [fio] => Jr opiana
    [phone] => 09953789079
    [email] => admin@admin.com
    [domain] => http://mansehealth.com/landers/fa04a42719/land1/limon.php
    [ip] => 110.54.162.115
    [utm_campaign] => 923
    [utm_content] => 1
    [utm_medium] => 
    [utm_source] => SM
    [utm_term] => 
    [clickid] => 7d2de2tmylpqei4ab0
    [fbpxl] => 
)

----------- RESPONSE ---------
{"result":"ok","localClickId":"70b76eea-1daa-4831-8db5-634387644093"}
----------- END --------------
December 21, 2021, 3:23 pm
----------- DATA -------------
Array
(
    [offerId] => 9c4fe23b-37ea-4954-945b-29067b0d5c0e
    [fio] => Rey
    [phone] => 09659856037
    [email] => admin@admin.com
    [domain] => http://mansehealth.com/landers/fa04a42719/land1/limon.php
    [ip] => 110.54.168.179
    [utm_campaign] => 923
    [utm_content] => 1
    [utm_medium] => 
    [utm_source] => SM
    [utm_term] => 
    [clickid] => 032f72tmyy97s0161
    [fbpxl] => 
)

----------- RESPONSE ---------
{"result":"ok","localClickId":"3228e5af-0065-4159-a179-285d0c24a85e"}
----------- END --------------
December 21, 2021, 4:52 pm
----------- DATA -------------
Array
(
    [offerId] => 9c4fe23b-37ea-4954-945b-29067b0d5c0e
    [fio] => john Marc
    [phone] => 09516244980
    [email] => admin@admin.com
    [domain] => http://mansehealth.com/landers/fa04a42719/land1/limon.php
    [ip] => 130.105.185.171
    [utm_campaign] => 923
    [utm_content] => 1
    [utm_medium] => 
    [utm_source] => SM
    [utm_term] => 
    [clickid] => 8e1cb2tuqc8k2dz580
    [fbpxl] => 
)

----------- RESPONSE ---------
{"result":"ok","localClickId":"f8cc2e38-d0b1-4e07-9e41-46a83d712a80"}
----------- END --------------
December 21, 2021, 4:53 pm
----------- DATA -------------
Array
(
    [offerId] => 9c4fe23b-37ea-4954-945b-29067b0d5c0e
    [fio] => Edzel Gascon
    [phone] => 09514515350
    [email] => admin@admin.com
    [domain] => http://mansehealth.com/landers/fa04a42719/land1/limon.php
    [ip] => 110.54.225.111
    [utm_campaign] => 923
    [utm_content] => 1
    [utm_medium] => 
    [utm_source] => SM
    [utm_term] => 
    [clickid] => cb3432tuqrnfni4d80
    [fbpxl] => 
)

----------- RESPONSE ---------
{"result":"ok","localClickId":"06ca49f6-89f4-43c3-a671-b454befcb1d2"}
----------- END --------------
December 21, 2021, 4:53 pm
----------- DATA -------------
Array
(
    [offerId] => 9c4fe23b-37ea-4954-945b-29067b0d5c0e
    [fio] => Edzel Gascon
    [phone] => 09514515350
    [email] => admin@admin.com
    [domain] => http://mansehealth.com/landers/fa04a42719/land1/limon.php
    [ip] => 110.54.225.111
    [utm_campaign] => 923
    [utm_content] => 1
    [utm_medium] => 
    [utm_source] => SM
    [utm_term] => 
    [clickid] => cb3432tuqrnfni4d80
    [fbpxl] => 
)

----------- RESPONSE ---------
{"result":"ok","localClickId":"52db1b75-6206-4b31-afd1-a7616c5a077d"}
----------- END --------------
December 21, 2021, 5:00 pm
----------- DATA -------------
Array
(
    [offerId] => 9c4fe23b-37ea-4954-945b-29067b0d5c0e
    [fio] => Yy5th
    [phone] => 6364yy5
    [email] => admin@admin.com
    [domain] => http://mansehealth.com/landers/fa04a42719/land1/limon.php
    [ip] => 124.106.144.232
    [utm_campaign] => 923
    [utm_content] => 1
    [utm_medium] => 
    [utm_source] => SM
    [utm_term] => 
    [clickid] => 3c0ce2tuqm7qe0458
    [fbpxl] => 
)

----------- RESPONSE ---------
{"result":"ok","localClickId":"8e415997-37a1-44a6-a049-38c7c392d441"}
----------- END --------------
December 21, 2021, 5:33 pm
----------- DATA -------------
Array
(
    [offerId] => 9c4fe23b-37ea-4954-945b-29067b0d5c0e
    [fio] => Marvin
    [phone] => 09353959398
    [email] => admin@admin.com
    [domain] => http://mansehealth.com/landers/fa04a42719/land1/limon.php
    [ip] => 110.54.205.6
    [utm_campaign] => 923
    [utm_content] => 1
    [utm_medium] => 
    [utm_source] => SM
    [utm_term] => 
    [clickid] => dde8c2tuqe89r3y898
    [fbpxl] => 
)

----------- RESPONSE ---------
{"result":"ok","localClickId":"ed4df80d-e711-4890-812d-bd950509562d"}
----------- END --------------
December 21, 2021, 6:13 pm
----------- DATA -------------
Array
(
    [offerId] => 9c4fe23b-37ea-4954-945b-29067b0d5c0e
    [fio] => Zulpikar
    [phone] => +639659339550
    [email] => admin@admin.com
    [domain] => http://mansehealth.com/landers/fa04a42719/land1/limon.php
    [ip] => 112.198.99.65
    [utm_campaign] => 923
    [utm_content] => 1
    [utm_medium] => 
    [utm_source] => SM
    [utm_term] => 
    [clickid] => c55072txi16ft8nb58
    [fbpxl] => 
)

----------- RESPONSE ---------
{"result":"ok","localClickId":"bda20b60-c292-412a-a697-b59476bbfad9"}
----------- END --------------
December 21, 2021, 8:00 pm
----------- DATA -------------
Array
(
    [offerId] => 9c4fe23b-37ea-4954-945b-29067b0d5c0e
    [fio] => Eulogio mainit
    [phone] => 09516644131
    [email] => admin@admin.com
    [domain] => http://mansehealth.com/landers/fa04a42719/land1/limon.php
    [ip] => 2404:3c00:483f:9ec0:71ed:c76c:f312:450b
    [utm_campaign] => 923
    [utm_content] => 1
    [utm_medium] => 
    [utm_source] => SM
    [utm_term] => 
    [clickid] => d691f2txidve8blaf2
    [fbpxl] => 
)

----------- RESPONSE ---------
{"result":"ok","localClickId":"cc3717fc-0831-4eb9-8122-fd8daecd86d8"}
----------- END --------------
December 21, 2021, 8:28 pm
----------- DATA -------------
Array
(
    [offerId] => 9c4fe23b-37ea-4954-945b-29067b0d5c0e
    [fio] => J.1
    [phone] => Lasfuirkikmb
    [email] => admin@admin.com
    [domain] => http://mansehealth.com/landers/fa04a42719/land1/limon.php
    [ip] => 110.54.132.110
    [utm_campaign] => 923
    [utm_content] => 1
    [utm_medium] => 
    [utm_source] => SM
    [utm_term] => 
    [clickid] => 3ba122txitl4kblc42
    [fbpxl] => 
)

----------- RESPONSE ---------
{"result":"ok","localClickId":"61d6775f-d1aa-45f3-85d6-3d7a6279ec9c"}
----------- END --------------
December 21, 2021, 9:02 pm
----------- DATA -------------
Array
(
    [offerId] => 9c4fe23b-37ea-4954-945b-29067b0d5c0e
    [fio] => Armando Saludares
    [phone] => 09158259159
    [email] => admin@admin.com
    [domain] => http://mansehealth.com/landers/fa04a42719/land1/limon.php
    [ip] => 180.191.165.17
    [utm_campaign] => 923
    [utm_content] => 1
    [utm_medium] => 
    [utm_source] => SM
    [utm_term] => 
    [clickid] => 10f542txirnzwwjd45
    [fbpxl] => 
)

----------- RESPONSE ---------
{"result":"ok","localClickId":"55e078b7-33e0-4147-b3a8-82a6529bca70"}
----------- END --------------
December 21, 2021, 10:15 pm
----------- DATA -------------
Array
(
    [offerId] => 9c4fe23b-37ea-4954-945b-29067b0d5c0e
    [fio] => Leover
    [phone] => 50
    [email] => admin@admin.com
    [domain] => http://mansehealth.com/landers/fa04a42719/land1/limon.php
    [ip] => 110.54.155.162
    [utm_campaign] => 923
    [utm_content] => 1
    [utm_medium] => 
    [utm_source] => SM
    [utm_term] => 
    [clickid] => 920512txig63zwj968
    [fbpxl] => 
)

----------- RESPONSE ---------
{"result":"ok","localClickId":"dc1a1b85-5ed7-4890-bcc5-34dd4fe529e3"}
----------- END --------------
