June 23, 2021, 8:46 am
----------- DATA -------------
Array
(
    [offerId] => 444e972d-e501-4625-8cb3-6aead5d7cc8c
    [fio] => Paradat
    [phone] => +919601181974
    [email] => admin@admin.com
    [domain] => http://adltnews.com/landers/c3031fd1fc/limon.php
    [ip] => 2401:4900:1d37:6552:2e21:9090:517:9fe8
    [utm_campaign] => 
    [utm_content] => 
    [utm_medium] => 
    [utm_source] => CHS
    [utm_term] => 
    [clickid] => 067356j9z7s17d9d
    [fbpxl] => 
)

----------- RESPONSE ---------
{"result":"ok"}
----------- END --------------
June 23, 2021, 9:15 am
----------- DATA -------------
Array
(
    [offerId] => 444e972d-e501-4625-8cb3-6aead5d7cc8c
    [fio] => Xxxx
    [phone] => +919821325144
    [email] => admin@admin.com
    [domain] => http://adltnews.com/landers/c3031fd1fc/limon.php
    [ip] => 2409:4051:c:fb72:5ca7:6465:3e9a:2d07
    [utm_campaign] => 
    [utm_content] => 
    [utm_medium] => 
    [utm_source] => CHS
    [utm_term] => 
    [clickid] => 9ee296j9zwhus14c
    [fbpxl] => 
)

----------- RESPONSE ---------
{"result":"ok"}
----------- END --------------
June 23, 2021, 9:16 am
----------- DATA -------------
Array
(
    [offerId] => 444e972d-e501-4625-8cb3-6aead5d7cc8c
    [fio] => Mitthukumar
    [phone] => +917294819127
    [email] => admin@admin.com
    [domain] => http://adltnews.com/landers/c3031fd1fc/limon.php
    [ip] => 2401:4900:3c77:15c6:cc97:aded:223f:f18a
    [utm_campaign] => 
    [utm_content] => 
    [utm_medium] => 
    [utm_source] => CHS
    [utm_term] => 
    [clickid] => 891f56j9zj2bz9cd
    [fbpxl] => 
)

----------- RESPONSE ---------
{"result":"ok"}
----------- END --------------
June 23, 2021, 9:56 am
----------- DATA -------------
Array
(
    [offerId] => 444e972d-e501-4625-8cb3-6aead5d7cc8c
    [fio] => Mona
    [phone] => +918766595056
    [email] => admin@admin.com
    [domain] => http://adltnews.com/landers/c3031fd1fc/limon.php
    [ip] => 2409:4042:2e14:92a7:b246:2743:f905:8812
    [utm_campaign] => 
    [utm_content] => 
    [utm_medium] => 
    [utm_source] => CHS
    [utm_term] => 
    [clickid] => 243a06jslvc373aa
    [fbpxl] => 
)

----------- RESPONSE ---------
{"result":"ok"}
----------- END --------------
June 23, 2021, 10:02 am
----------- DATA -------------
Array
(
    [offerId] => 444e972d-e501-4625-8cb3-6aead5d7cc8c
    [fio] => Kapil kumar
    [phone] => +918077882261
    [email] => admin@admin.com
    [domain] => http://adltnews.com/landers/c3031fd1fc/limon.php
    [ip] => 2409:4053:2c91:312a::a708:6a13
    [utm_campaign] => 
    [utm_content] => 
    [utm_medium] => 
    [utm_source] => CHS
    [utm_term] => 
    [clickid] => e05366jslwfqq4c2
    [fbpxl] => 
)

----------- RESPONSE ---------
{"result":"ok"}
----------- END --------------
June 23, 2021, 10:08 am
----------- DATA -------------
Array
(
    [offerId] => 444e972d-e501-4625-8cb3-6aead5d7cc8c
    [fio] => Sonu Kumaraoni
    [phone] => +918299361376
    [email] => admin@admin.com
    [domain] => http://adltnews.com/landers/c3031fd1fc/limon.php
    [ip] => 2409:4042:2494:996e:d177:f33:471a:638e
    [utm_campaign] => 
    [utm_content] => 
    [utm_medium] => 
    [utm_source] => CHS
    [utm_term] => 
    [clickid] => 8ed8e6jsl1moc22b
    [fbpxl] => 
)

----------- RESPONSE ---------
{"result":"ok"}
----------- END --------------
June 23, 2021, 10:15 am
----------- DATA -------------
Array
(
    [offerId] => 444e972d-e501-4625-8cb3-6aead5d7cc8c
    [fio] => Manubhai chandulalpatel
    [phone] => +918141723444
    [email] => admin@admin.com
    [domain] => http://adltnews.com/landers/c3031fd1fc/limon.php
    [ip] => 2409:4041:2d03:dcaa::5549:ce09
    [utm_campaign] => 
    [utm_content] => 
    [utm_medium] => 
    [utm_source] => CHS
    [utm_term] => 
    [clickid] => 6e8006jslejg5565
    [fbpxl] => 
)

----------- RESPONSE ---------
{"result":"ok"}
----------- END --------------
June 23, 2021, 10:23 am
----------- DATA -------------
Array
(
    [offerId] => 444e972d-e501-4625-8cb3-6aead5d7cc8c
    [fio] => Yogesh solanki
    [phone] => +917096777663
    [email] => admin@admin.com
    [domain] => http://adltnews.com/landers/c3031fd1fc/limon.php
    [ip] => 2409:4041:2d86:2467::f58a:7703
    [utm_campaign] => 
    [utm_content] => 
    [utm_medium] => 
    [utm_source] => CHS
    [utm_term] => 
    [clickid] => 6e2ab6jsld5qefe1
    [fbpxl] => 
)

----------- RESPONSE ---------
{"result":"ok"}
----------- END --------------
June 23, 2021, 11:11 am
----------- DATA -------------
Array
(
    [offerId] => 444e972d-e501-4625-8cb3-6aead5d7cc8c
    [fio] => Mukesh
    [phone] => +919536210913
    [email] => admin@admin.com
    [domain] => http://adltnews.com/landers/c3031fd1fc/limon.php
    [ip] => 2401:4900:30c7:d5d9:f219:21c7:5762:5fdd
    [utm_campaign] => 
    [utm_content] => 
    [utm_medium] => 
    [utm_source] => CHS
    [utm_term] => 
    [clickid] => b718b6jg6ciqd6ce
    [fbpxl] => 
)

----------- RESPONSE ---------
{"result":"ok"}
----------- END --------------
June 23, 2021, 11:12 am
----------- DATA -------------
Array
(
    [offerId] => 444e972d-e501-4625-8cb3-6aead5d7cc8c
    [fio] => Anees
    [phone] => +919795156694
    [email] => admin@admin.com
    [domain] => http://adltnews.com/landers/c3031fd1fc/limon.php
    [ip] => 2405:204:130e:1119::476:d8a4
    [utm_campaign] => 
    [utm_content] => 
    [utm_medium] => 
    [utm_source] => CHS
    [utm_term] => 
    [clickid] => 08c356jg6u3sl422
    [fbpxl] => 
)

----------- RESPONSE ---------
{"result":"ok"}
----------- END --------------
June 23, 2021, 11:58 am
----------- DATA -------------
Array
(
    [offerId] => 444e972d-e501-4625-8cb3-6aead5d7cc8c
    [fio] => Jon
    [phone] => +917814819124
    [email] => admin@admin.com
    [domain] => http://adltnews.com/landers/c3031fd1fc/limon.php
    [ip] => 2409:4055:410:abd1:c1d2:b281:8076:2f5e
    [utm_campaign] => 
    [utm_content] => 
    [utm_medium] => 
    [utm_source] => CHS
    [utm_term] => 
    [clickid] => ae50e6je8g5j68af
    [fbpxl] => 
)

----------- RESPONSE ---------
{"result":"ok"}
----------- END --------------
June 23, 2021, 12:10 pm
----------- DATA -------------
Array
(
    [offerId] => 444e972d-e501-4625-8cb3-6aead5d7cc8c
    [fio] => Jagjitsingh
    [phone] => +916005881220
    [email] => admin@admin.com
    [domain] => http://adltnews.com/landers/c3031fd1fc/limon.php
    [ip] => 223.181.131.35
    [utm_campaign] => 
    [utm_content] => 
    [utm_medium] => 
    [utm_source] => CHS
    [utm_term] => 
    [clickid] => c0b966je8ocslca6
    [fbpxl] => 
)

----------- RESPONSE ---------
{"result":"ok"}
----------- END --------------
June 23, 2021, 12:11 pm
----------- DATA -------------
Array
(
    [offerId] => 444e972d-e501-4625-8cb3-6aead5d7cc8c
    [fio] => Raju
    [phone] => +919714624789
    [email] => admin@admin.com
    [domain] => http://adltnews.com/landers/c3031fd1fc/limon.php
    [ip] => 2401:4900:53eb:4d72::c21:fa04
    [utm_campaign] => 
    [utm_content] => 
    [utm_medium] => 
    [utm_source] => CHS
    [utm_term] => 
    [clickid] => 56af96je8j27sbda
    [fbpxl] => 
)

----------- RESPONSE ---------
{"result":"ok"}
----------- END --------------
June 23, 2021, 12:30 pm
----------- DATA -------------
Array
(
    [offerId] => 444e972d-e501-4625-8cb3-6aead5d7cc8c
    [fio] => Chaghar singh
    [phone] => +919592113361
    [email] => admin@admin.com
    [domain] => http://adltnews.com/landers/c3031fd1fc/limon.php
    [ip] => 2402:8100:397e:24f0:40f4:52fe:7062:7fed
    [utm_campaign] => 
    [utm_content] => 
    [utm_medium] => 
    [utm_source] => CHS
    [utm_term] => 
    [clickid] => 681946jqn5mxs4aa
    [fbpxl] => 
)

----------- RESPONSE ---------
{"result":"ok"}
----------- END --------------
June 23, 2021, 12:44 pm
----------- DATA -------------
Array
(
    [offerId] => 444e972d-e501-4625-8cb3-6aead5d7cc8c
    [fio] => Sahib Singh 
    [phone] => +919779151751
    [email] => admin@admin.com
    [domain] => http://adltnews.com/landers/c3031fd1fc/limon.php
    [ip] => 2409:4055:512:5dde::18eb:a8a0
    [utm_campaign] => 
    [utm_content] => 
    [utm_medium] => 
    [utm_source] => CHS
    [utm_term] => 
    [clickid] => a342e6jqnxia3a73
    [fbpxl] => 
)

----------- RESPONSE ---------
{"result":"ok"}
----------- END --------------
June 23, 2021, 2:14 pm
----------- DATA -------------
Array
(
    [offerId] => 444e972d-e501-4625-8cb3-6aead5d7cc8c
    [fio] => Balu
    [phone] => +916383333591
    [email] => admin@admin.com
    [domain] => http://adltnews.com/landers/c3031fd1fc/limon.php
    [ip] => 2409:4043:4e85:21ae::b249:f20c
    [utm_campaign] => 
    [utm_content] => 
    [utm_medium] => 
    [utm_source] => CHS
    [utm_term] => 
    [clickid] => 5786e9la03vd5f7a
    [fbpxl] => 
)

----------- RESPONSE ---------
{"result":"ok"}
----------- END --------------
June 23, 2021, 2:19 pm
----------- DATA -------------
Array
(
    [offerId] => 444e972d-e501-4625-8cb3-6aead5d7cc8c
    [fio] => Ashok.  Besan
    [phone] => +917846857162
    [email] => admin@admin.com
    [domain] => http://adltnews.com/landers/c3031fd1fc/limon.php
    [ip] => 2409:4062:4e98:8af9::1c48:2c10
    [utm_campaign] => 
    [utm_content] => 
    [utm_medium] => 
    [utm_source] => CHS
    [utm_term] => 
    [clickid] => ecd719la015qee9f
    [fbpxl] => 
)

----------- RESPONSE ---------
{"result":"ok"}
----------- END --------------
June 23, 2021, 2:39 pm
----------- DATA -------------
Array
(
    [offerId] => 444e972d-e501-4625-8cb3-6aead5d7cc8c
    [fio] => Yallappa nagnsure
    [phone] => +918624085225
    [email] => admin@admin.com
    [domain] => http://adltnews.com/landers/c3031fd1fc/limon.php
    [ip] => 2402:3a80:ca3:28d7:4d91:a1c1:e099:5cc3
    [utm_campaign] => 
    [utm_content] => 
    [utm_medium] => 
    [utm_source] => CHS
    [utm_term] => 
    [clickid] => 94f9a9la1qdtlc1f
    [fbpxl] => 
)

----------- RESPONSE ---------
{"result":"ok"}
----------- END --------------
June 23, 2021, 3:09 pm
----------- DATA -------------
Array
(
    [offerId] => 444e972d-e501-4625-8cb3-6aead5d7cc8c
    [fio] => Vipin
    [phone] => +91546484648
    [email] => admin@admin.com
    [domain] => http://adltnews.com/landers/c3031fd1fc/limon.php
    [ip] => 2405:204:1101:ad6e::cb1:88a5
    [utm_campaign] => 
    [utm_content] => 
    [utm_medium] => 
    [utm_source] => CHS
    [utm_term] => 
    [clickid] => ea0349la1sl1m3ae
    [fbpxl] => 
)

----------- RESPONSE ---------
{"result":"ok"}
----------- END --------------
June 23, 2021, 3:18 pm
----------- DATA -------------
Array
(
    [offerId] => 444e972d-e501-4625-8cb3-6aead5d7cc8c
    [fio] => Sbgm
    [phone] => +917683999152
    [email] => admin@admin.com
    [domain] => http://adltnews.com/landers/c3031fd1fc/limon.php
    [ip] => 2409:4062:2e97:5bf::d40a:6e00
    [utm_campaign] => 
    [utm_content] => 
    [utm_medium] => 
    [utm_source] => CHS
    [utm_term] => 
    [clickid] => 4f2809la2q5du038
    [fbpxl] => 
)

----------- RESPONSE ---------
{"result":"ok"}
----------- END --------------
June 23, 2021, 4:06 pm
----------- DATA -------------
Array
(
    [offerId] => 444e972d-e501-4625-8cb3-6aead5d7cc8c
    [fio] => Rahul
    [phone] => +9179002662
    [email] => admin@admin.com
    [domain] => http://adltnews.com/landers/c3031fd1fc/limon.php
    [ip] => 2409:4053:119:ded7:2940:bb7c:6fd6:72df
    [utm_campaign] => 
    [utm_content] => 
    [utm_medium] => 
    [utm_source] => CHS
    [utm_term] => 
    [clickid] => 663be9la39ruq9a0
    [fbpxl] => 
)

----------- RESPONSE ---------
{"result":"ok"}
----------- END --------------
June 23, 2021, 4:10 pm
----------- DATA -------------
Array
(
    [offerId] => 444e972d-e501-4625-8cb3-6aead5d7cc8c
    [fio] => Rafik
    [phone] => +918927708092
    [email] => admin@admin.com
    [domain] => http://adltnews.com/landers/c3031fd1fc/limon.php
    [ip] => 106.196.10.80
    [utm_campaign] => 
    [utm_content] => 
    [utm_medium] => 
    [utm_source] => CHS
    [utm_term] => 
    [clickid] => ba3e49la3ibfve27
    [fbpxl] => 
)

----------- RESPONSE ---------
{"result":"ok"}
----------- END --------------
June 23, 2021, 4:11 pm
----------- DATA -------------
Array
(
    [offerId] => 444e972d-e501-4625-8cb3-6aead5d7cc8c
    [fio] => Rafik
    [phone] => +918927708092
    [email] => admin@admin.com
    [domain] => http://adltnews.com/landers/c3031fd1fc/limon.php
    [ip] => 106.196.10.80
    [utm_campaign] => 
    [utm_content] => 
    [utm_medium] => 
    [utm_source] => CHS
    [utm_term] => 
    [clickid] => ba3e49la3ibfve27
    [fbpxl] => 
)

----------- RESPONSE ---------
{"result":"ok"}
----------- END --------------
June 23, 2021, 4:28 pm
----------- DATA -------------
Array
(
    [offerId] => 444e972d-e501-4625-8cb3-6aead5d7cc8c
    [fio] => Sonu kumar
    [phone] => +919113749584
    [email] => admin@admin.com
    [domain] => http://adltnews.com/landers/c3031fd1fc/limon.php
    [ip] => 2409:4064:2491:d58f::2e:f8ac
    [utm_campaign] => 
    [utm_content] => 
    [utm_medium] => 
    [utm_source] => CHS
    [utm_term] => 
    [clickid] => bb3629la4dv7se87
    [fbpxl] => 
)

----------- RESPONSE ---------
{"result":"ok"}
----------- END --------------
June 23, 2021, 4:29 pm
----------- DATA -------------
Array
(
    [offerId] => 444e972d-e501-4625-8cb3-6aead5d7cc8c
    [fio] => Mdsarif.saifi
    [phone] => +919304059790
    [email] => admin@admin.com
    [domain] => http://adltnews.com/landers/c3031fd1fc/limon.php
    [ip] => 2409:4064:4d18:75d7::d38b:590b
    [utm_campaign] => 
    [utm_content] => 
    [utm_medium] => 
    [utm_source] => CHS
    [utm_term] => 
    [clickid] => 5709a9la4ej525d6
    [fbpxl] => 
)

----------- RESPONSE ---------
{"result":"ok"}
----------- END --------------
June 23, 2021, 4:30 pm
----------- DATA -------------
Array
(
    [offerId] => 444e972d-e501-4625-8cb3-6aead5d7cc8c
    [fio] => Gyasuddin bhai
    [phone] => +918810367893
    [email] => admin@admin.com
    [domain] => http://adltnews.com/landers/c3031fd1fc/limon.php
    [ip] => 103.68.31.219
    [utm_campaign] => 
    [utm_content] => 
    [utm_medium] => 
    [utm_source] => CHS
    [utm_term] => 
    [clickid] => 52e329la4rnhod8e
    [fbpxl] => 
)

----------- RESPONSE ---------
{"result":"ok"}
----------- END --------------
June 23, 2021, 4:33 pm
----------- DATA -------------
Array
(
    [offerId] => 444e972d-e501-4625-8cb3-6aead5d7cc8c
    [fio] => Rakesh kumar
    [phone] => +916387373573
    [email] => admin@admin.com
    [domain] => http://adltnews.com/landers/c3031fd1fc/limon.php
    [ip] => 2401:4900:5aa5:9e37:7b9f:9a8f:2592:f7dd
    [utm_campaign] => 
    [utm_content] => 
    [utm_medium] => 
    [utm_source] => CHS
    [utm_term] => 
    [clickid] => 3a0b69la4j2ho7b7
    [fbpxl] => 
)

----------- RESPONSE ---------
{"result":"ok"}
----------- END --------------
June 23, 2021, 4:42 pm
----------- DATA -------------
Array
(
    [offerId] => 444e972d-e501-4625-8cb3-6aead5d7cc8c
    [fio] => Rakesh
    [phone] => +919082063808
    [email] => admin@admin.com
    [domain] => http://adltnews.com/landers/c3031fd1fc/limon.php
    [ip] => 2405:204:222e:b2aa::56:30ac
    [utm_campaign] => 
    [utm_content] => 
    [utm_medium] => 
    [utm_source] => CHS
    [utm_term] => 
    [clickid] => 00b059la5162tf5f
    [fbpxl] => 
)

----------- RESPONSE ---------
{"result":"ok"}
----------- END --------------
June 23, 2021, 4:46 pm
----------- DATA -------------
Array
(
    [offerId] => 444e972d-e501-4625-8cb3-6aead5d7cc8c
    [fio] => Lowrence
    [phone] => +917718260779
    [email] => admin@admin.com
    [domain] => http://adltnews.com/landers/c3031fd1fc/limon.php
    [ip] => 2402:3a80:113a:c21d::16fc:4c32
    [utm_campaign] => 
    [utm_content] => 
    [utm_medium] => 
    [utm_source] => CHS
    [utm_term] => 
    [clickid] => 853779la5cikt840
    [fbpxl] => 
)

----------- RESPONSE ---------
{"result":"ok"}
----------- END --------------
June 23, 2021, 4:46 pm
----------- DATA -------------
Array
(
    [offerId] => 444e972d-e501-4625-8cb3-6aead5d7cc8c
    [fio] => Rajkumar 
    [phone] => +918210366211
    [email] => admin@admin.com
    [domain] => http://adltnews.com/landers/c3031fd1fc/limon.php
    [ip] => 2409:4064:2205:520c::1b35:70a4
    [utm_campaign] => 
    [utm_content] => 
    [utm_medium] => 
    [utm_source] => CHS
    [utm_term] => 
    [clickid] => 7f3ed9la56j4k595
    [fbpxl] => 
)

----------- RESPONSE ---------
{"result":"ok"}
----------- END --------------
June 23, 2021, 4:47 pm
----------- DATA -------------
Array
(
    [offerId] => 444e972d-e501-4625-8cb3-6aead5d7cc8c
    [fio] => Laxman
    [phone] => +918456855499
    [email] => admin@admin.com
    [domain] => http://adltnews.com/landers/c3031fd1fc/limon.php
    [ip] => 2401:4900:3139:94d7:0:11:ebc5:7501
    [utm_campaign] => 
    [utm_content] => 
    [utm_medium] => 
    [utm_source] => CHS
    [utm_term] => 
    [clickid] => 247d89la5hoej2a7
    [fbpxl] => 
)

----------- RESPONSE ---------
{"result":"ok"}
----------- END --------------
June 23, 2021, 4:48 pm
----------- DATA -------------
Array
(
    [offerId] => 444e972d-e501-4625-8cb3-6aead5d7cc8c
    [fio] => Anilkumar
    [phone] => +918102033093
    [email] => admin@admin.com
    [domain] => http://adltnews.com/landers/c3031fd1fc/limon.php
    [ip] => 2409:4055:402:a293::29a:68a5
    [utm_campaign] => 
    [utm_content] => 
    [utm_medium] => 
    [utm_source] => CHS
    [utm_term] => 
    [clickid] => b916a9la5a84k86e
    [fbpxl] => 
)

----------- RESPONSE ---------
{"result":"ok"}
----------- END --------------
June 23, 2021, 4:48 pm
----------- DATA -------------
Array
(
    [offerId] => 444e972d-e501-4625-8cb3-6aead5d7cc8c
    [fio] => Sanjay
    [phone] => +919313693814
    [email] => admin@admin.com
    [domain] => http://adltnews.com/landers/c3031fd1fc/limon.php
    [ip] => 106.77.156.30
    [utm_campaign] => 
    [utm_content] => 
    [utm_medium] => 
    [utm_source] => CHS
    [utm_term] => 
    [clickid] => 4761a9la51n7vaf5
    [fbpxl] => 
)

----------- RESPONSE ---------
{"result":"ok"}
----------- END --------------
June 23, 2021, 4:48 pm
----------- DATA -------------
Array
(
    [offerId] => 444e972d-e501-4625-8cb3-6aead5d7cc8c
    [fio] => Anilkumar
    [phone] => +918102033093
    [email] => admin@admin.com
    [domain] => http://adltnews.com/landers/c3031fd1fc/limon.php
    [ip] => 2409:4055:402:a293::29a:68a5
    [utm_campaign] => 
    [utm_content] => 
    [utm_medium] => 
    [utm_source] => CHS
    [utm_term] => 
    [clickid] => b916a9la5a84k86e
    [fbpxl] => 
)

----------- RESPONSE ---------
{"result":"ok"}
----------- END --------------
June 23, 2021, 4:50 pm
----------- DATA -------------
Array
(
    [offerId] => 444e972d-e501-4625-8cb3-6aead5d7cc8c
    [fio] => देवा.राठोड
    [phone] => +919420773368
    [email] => admin@admin.com
    [domain] => http://adltnews.com/landers/c3031fd1fc/limon.php
    [ip] => 2409:4042:507:9d1d::df2:a0a1
    [utm_campaign] => 
    [utm_content] => 
    [utm_medium] => 
    [utm_source] => CHS
    [utm_term] => 
    [clickid] => 3b2439la5uqgmd3e
    [fbpxl] => 
)

----------- RESPONSE ---------
{"result":"ok"}
----------- END --------------
June 23, 2021, 4:51 pm
----------- DATA -------------
Array
(
    [offerId] => 444e972d-e501-4625-8cb3-6aead5d7cc8c
    [fio] => Jagjit 
    [phone] => +918954504753
    [email] => admin@admin.com
    [domain] => http://adltnews.com/landers/c3031fd1fc/limon.php
    [ip] => 223.130.29.189
    [utm_campaign] => 
    [utm_content] => 
    [utm_medium] => 
    [utm_source] => CHS
    [utm_term] => 
    [clickid] => 1f85a9la5xixi02b
    [fbpxl] => 
)

----------- RESPONSE ---------
{"result":"ok"}
----------- END --------------
June 23, 2021, 4:53 pm
----------- DATA -------------
Array
(
    [offerId] => 444e972d-e501-4625-8cb3-6aead5d7cc8c
    [fio] => Dayani sanjay
    [phone] => +919313693814
    [email] => admin@admin.com
    [domain] => http://adltnews.com/landers/c3031fd1fc/limon.php
    [ip] => 106.77.156.30
    [utm_campaign] => 
    [utm_content] => 
    [utm_medium] => 
    [utm_source] => CHS
    [utm_term] => 
    [clickid] => 9e1739la5fyft61d
    [fbpxl] => 
)

----------- RESPONSE ---------
{"result":"ok"}
----------- END --------------
June 23, 2021, 4:54 pm
----------- DATA -------------
Array
(
    [offerId] => 444e972d-e501-4625-8cb3-6aead5d7cc8c
    [fio] => Nagaraju
    [phone] => +919550749673
    [email] => admin@admin.com
    [domain] => http://adltnews.com/landers/c3031fd1fc/limon.php
    [ip] => 2401:4900:4cce:d4e6:5fa:8f19:6afd:d96e
    [utm_campaign] => 
    [utm_content] => 
    [utm_medium] => 
    [utm_source] => CHS
    [utm_term] => 
    [clickid] => e56999la5wh1z0e0
    [fbpxl] => 
)

----------- RESPONSE ---------
{"result":"ok"}
----------- END --------------
June 23, 2021, 5:00 pm
----------- DATA -------------
Array
(
    [offerId] => 444e972d-e501-4625-8cb3-6aead5d7cc8c
    [fio] => Siddik khan
    [phone] => +917999242597
    [email] => admin@admin.com
    [domain] => http://adltnews.com/landers/c3031fd1fc/limon.php
    [ip] => 2409:4043:239a:241::16ed:b0ac
    [utm_campaign] => 
    [utm_content] => 
    [utm_medium] => 
    [utm_source] => CHS
    [utm_term] => 
    [clickid] => 3a0a79la5sl7v4d8
    [fbpxl] => 
)

----------- RESPONSE ---------
{"result":"ok"}
----------- END --------------
June 23, 2021, 5:03 pm
----------- DATA -------------
Array
(
    [offerId] => 444e972d-e501-4625-8cb3-6aead5d7cc8c
    [fio] => Amjad
    [phone] => +918302573190
    [email] => admin@admin.com
    [domain] => http://adltnews.com/landers/c3031fd1fc/limon.php
    [ip] => 2409:4052:e11:8091::c749:300
    [utm_campaign] => 
    [utm_content] => 
    [utm_medium] => 
    [utm_source] => CHS
    [utm_term] => 
    [clickid] => 1591e9la64ksld43
    [fbpxl] => 
)

----------- RESPONSE ---------
{"result":"ok"}
----------- END --------------
June 23, 2021, 5:04 pm
----------- DATA -------------
Array
(
    [offerId] => 444e972d-e501-4625-8cb3-6aead5d7cc8c
    [fio] => Bhojendra basnet
    [phone] => +917008840960
    [email] => admin@admin.com
    [domain] => http://adltnews.com/landers/c3031fd1fc/limon.php
    [ip] => 2409:4062:2d92:a632:402d:c8ce:c56b:f17a
    [utm_campaign] => 
    [utm_content] => 
    [utm_medium] => 
    [utm_source] => CHS
    [utm_term] => 
    [clickid] => 9db7b9la6u3a5661
    [fbpxl] => 
)

----------- RESPONSE ---------
{"result":"ok"}
----------- END --------------
June 23, 2021, 5:04 pm
----------- DATA -------------
Array
(
    [offerId] => 444e972d-e501-4625-8cb3-6aead5d7cc8c
    [fio] => रूपेश,,,,सरह
    [phone] => +916263861559
    [email] => admin@admin.com
    [domain] => http://adltnews.com/landers/c3031fd1fc/limon.php
    [ip] => 2409:4043:2e95:8014::a08a:d10d
    [utm_campaign] => 
    [utm_content] => 
    [utm_medium] => 
    [utm_source] => CHS
    [utm_term] => 
    [clickid] => a04919la6ntird12
    [fbpxl] => 
)

----------- RESPONSE ---------
{"result":"ok"}
----------- END --------------
June 23, 2021, 5:04 pm
----------- DATA -------------
Array
(
    [offerId] => 444e972d-e501-4625-8cb3-6aead5d7cc8c
    [fio] => रूपेश,,,,सरह
    [phone] => +916263861559
    [email] => admin@admin.com
    [domain] => http://adltnews.com/landers/c3031fd1fc/limon.php
    [ip] => 2409:4043:2e95:8014::a08a:d10d
    [utm_campaign] => 
    [utm_content] => 
    [utm_medium] => 
    [utm_source] => CHS
    [utm_term] => 
    [clickid] => a04919la6ntird12
    [fbpxl] => 
)

----------- RESPONSE ---------
{"result":"ok"}
----------- END --------------
June 23, 2021, 5:05 pm
----------- DATA -------------
Array
(
    [offerId] => 444e972d-e501-4625-8cb3-6aead5d7cc8c
    [fio] => Suraj
    [phone] => +917004060136
    [email] => admin@admin.com
    [domain] => http://adltnews.com/landers/c3031fd1fc/limon.php
    [ip] => 2401:4900:168e:3d83:d6dd:e5cd:b56d:2df9
    [utm_campaign] => 
    [utm_content] => 
    [utm_medium] => 
    [utm_source] => CHS
    [utm_term] => 
    [clickid] => da6a59la6xosl8f4
    [fbpxl] => 
)

----------- RESPONSE ---------
{"result":"ok"}
----------- END --------------
June 23, 2021, 5:06 pm
----------- DATA -------------
Array
(
    [offerId] => 444e972d-e501-4625-8cb3-6aead5d7cc8c
    [fio] => Suraj
    [phone] => +917004060136
    [email] => admin@admin.com
    [domain] => http://adltnews.com/landers/c3031fd1fc/limon.php
    [ip] => 2401:4900:168e:3d83:d6dd:e5cd:b56d:2df9
    [utm_campaign] => 
    [utm_content] => 
    [utm_medium] => 
    [utm_source] => CHS
    [utm_term] => 
    [clickid] => da6a59la6xosl8f4
    [fbpxl] => 
)

----------- RESPONSE ---------
{"result":"ok"}
----------- END --------------
June 23, 2021, 5:07 pm
----------- DATA -------------
Array
(
    [offerId] => 444e972d-e501-4625-8cb3-6aead5d7cc8c
    [fio] => रूपेश,,,,सरह
    [phone] => +916263861559
    [email] => admin@admin.com
    [domain] => http://adltnews.com/landers/c3031fd1fc/limon.php
    [ip] => 2409:4043:2e95:8014::a08a:d10d
    [utm_campaign] => 
    [utm_content] => 
    [utm_medium] => 
    [utm_source] => CHS
    [utm_term] => 
    [clickid] => a04919la6ntird12
    [fbpxl] => 
)

----------- RESPONSE ---------
{"result":"ok"}
----------- END --------------
June 23, 2021, 5:11 pm
----------- DATA -------------
Array
(
    [offerId] => 444e972d-e501-4625-8cb3-6aead5d7cc8c
    [fio] => तबडयरढरयडलढल
    [phone] => +917804864543
    [email] => admin@admin.com
    [domain] => http://adltnews.com/landers/c3031fd1fc/limon.php
    [ip] => 2409:4043:2e95:8014::a08a:d10d
    [utm_campaign] => 
    [utm_content] => 
    [utm_medium] => 
    [utm_source] => CHS
    [utm_term] => 
    [clickid] => a04919la6ntird12
    [fbpxl] => 
)

----------- RESPONSE ---------
{"result":"ok"}
----------- END --------------
June 23, 2021, 5:11 pm
----------- DATA -------------
Array
(
    [offerId] => 444e972d-e501-4625-8cb3-6aead5d7cc8c
    [fio] => तबडयरढरयडलढल
    [phone] => +917804864543
    [email] => admin@admin.com
    [domain] => http://adltnews.com/landers/c3031fd1fc/limon.php
    [ip] => 2409:4043:2e95:8014::a08a:d10d
    [utm_campaign] => 
    [utm_content] => 
    [utm_medium] => 
    [utm_source] => CHS
    [utm_term] => 
    [clickid] => a04919la6ntird12
    [fbpxl] => 
)

----------- RESPONSE ---------
{"result":"ok"}
----------- END --------------
June 23, 2021, 5:12 pm
----------- DATA -------------
Array
(
    [offerId] => 444e972d-e501-4625-8cb3-6aead5d7cc8c
    [fio] => तबडयरढरयडलढल
    [phone] => +917804864543
    [email] => admin@admin.com
    [domain] => http://adltnews.com/landers/c3031fd1fc/limon.php
    [ip] => 2409:4043:2e95:8014::a08a:d10d
    [utm_campaign] => 
    [utm_content] => 
    [utm_medium] => 
    [utm_source] => CHS
    [utm_term] => 
    [clickid] => a04919la6ntird12
    [fbpxl] => 
)

----------- RESPONSE ---------
{"result":"ok"}
----------- END --------------
June 23, 2021, 5:12 pm
----------- DATA -------------
Array
(
    [offerId] => 444e972d-e501-4625-8cb3-6aead5d7cc8c
    [fio] => ashifreza470@gmail.com
    [phone] => +91720622538
    [email] => admin@admin.com
    [domain] => http://adltnews.com/landers/c3031fd1fc/limon.php
    [ip] => 2401:4900:16c7:f880:1:2:a6d0:96c2
    [utm_campaign] => 
    [utm_content] => 
    [utm_medium] => 
    [utm_source] => CHS
    [utm_term] => 
    [clickid] => 94d529la6rne2be6
    [fbpxl] => 
)

----------- RESPONSE ---------
{"result":"ok"}
----------- END --------------
June 23, 2021, 5:13 pm
----------- DATA -------------
Array
(
    [offerId] => 444e972d-e501-4625-8cb3-6aead5d7cc8c
    [fio] => तबरडरद
    [phone] => +9176766649
    [email] => admin@admin.com
    [domain] => http://adltnews.com/landers/c3031fd1fc/limon.php
    [ip] => 2409:4043:2e95:8014::a08a:d10d
    [utm_campaign] => 
    [utm_content] => 
    [utm_medium] => 
    [utm_source] => CHS
    [utm_term] => 
    [clickid] => a04919la6ntird12
    [fbpxl] => 
)

----------- RESPONSE ---------
{"result":"ok"}
----------- END --------------
June 23, 2021, 5:15 pm
----------- DATA -------------
Array
(
    [offerId] => 444e972d-e501-4625-8cb3-6aead5d7cc8c
    [fio] => Rahul
    [phone] => +918954109110
    [email] => admin@admin.com
    [domain] => http://adltnews.com/landers/c3031fd1fc/limon.php
    [ip] => 2405:204:3016:7423:7cbe:91db:123b:dbe5
    [utm_campaign] => 
    [utm_content] => 
    [utm_medium] => 
    [utm_source] => CHS
    [utm_term] => 
    [clickid] => 128ab9la6xiib1f2
    [fbpxl] => 
)

----------- RESPONSE ---------
{"result":"ok"}
----------- END --------------
June 23, 2021, 5:21 pm
----------- DATA -------------
Array
(
    [offerId] => 444e972d-e501-4625-8cb3-6aead5d7cc8c
    [fio] => Rupesh Kumar
    [phone] => +917631559568
    [email] => admin@admin.com
    [domain] => http://adltnews.com/landers/c3031fd1fc/limon.php
    [ip] => 2409:4064:983:2a28:6bf1:dc69:750d:96a7
    [utm_campaign] => 
    [utm_content] => 
    [utm_medium] => 
    [utm_source] => CHS
    [utm_term] => 
    [clickid] => e78c49la717ftadb
    [fbpxl] => 
)

----------- RESPONSE ---------
{"result":"ok"}
----------- END --------------
June 23, 2021, 5:23 pm
----------- DATA -------------
Array
(
    [offerId] => 444e972d-e501-4625-8cb3-6aead5d7cc8c
    [fio] => Mohd karimuddin
    [phone] => +918840529932
    [email] => admin@admin.com
    [domain] => http://adltnews.com/landers/c3031fd1fc/limon.php
    [ip] => 106.208.156.32
    [utm_campaign] => 
    [utm_content] => 
    [utm_medium] => 
    [utm_source] => CHS
    [utm_term] => 
    [clickid] => 8eb259la7168p2e4
    [fbpxl] => 
)

----------- RESPONSE ---------
{"result":"ok"}
----------- END --------------
June 23, 2021, 5:24 pm
----------- DATA -------------
Array
(
    [offerId] => 444e972d-e501-4625-8cb3-6aead5d7cc8c
    [fio] => Mohd karimuddin
    [phone] => +918840529932
    [email] => admin@admin.com
    [domain] => http://adltnews.com/landers/c3031fd1fc/limon.php
    [ip] => 106.208.156.32
    [utm_campaign] => 
    [utm_content] => 
    [utm_medium] => 
    [utm_source] => CHS
    [utm_term] => 
    [clickid] => 8eb259la7168p2e4
    [fbpxl] => 
)

----------- RESPONSE ---------
{"result":"ok"}
----------- END --------------
June 23, 2021, 5:25 pm
----------- DATA -------------
Array
(
    [offerId] => 444e972d-e501-4625-8cb3-6aead5d7cc8c
    [fio] => Sunil
    [phone] => +919348055723
    [email] => admin@admin.com
    [domain] => http://adltnews.com/landers/c3031fd1fc/limon.php
    [ip] => 2409:4062:2e97:84a7:c02c:4845:1af3:a3b7
    [utm_campaign] => 
    [utm_content] => 
    [utm_medium] => 
    [utm_source] => CHS
    [utm_term] => 
    [clickid] => d12019la7ft9zb0b
    [fbpxl] => 
)

----------- RESPONSE ---------
{"result":"ok"}
----------- END --------------
June 23, 2021, 5:32 pm
----------- DATA -------------
Array
(
    [offerId] => 444e972d-e501-4625-8cb3-6aead5d7cc8c
    [fio] => zameer 
    [phone] => +919541054715
    [email] => admin@admin.com
    [domain] => http://adltnews.com/landers/c3031fd1fc/limon.php
    [ip] => 110.224.242.208
    [utm_campaign] => 
    [utm_content] => 
    [utm_medium] => 
    [utm_source] => CHS
    [utm_term] => 
    [clickid] => cd3769la73vsl09b
    [fbpxl] => 
)

----------- RESPONSE ---------
{"result":"ok"}
----------- END --------------
June 23, 2021, 5:33 pm
----------- DATA -------------
Array
(
    [offerId] => 444e972d-e501-4625-8cb3-6aead5d7cc8c
    [fio] => zameer 
    [phone] => +919541054715
    [email] => admin@admin.com
    [domain] => http://adltnews.com/landers/c3031fd1fc/limon.php
    [ip] => 110.224.242.208
    [utm_campaign] => 
    [utm_content] => 
    [utm_medium] => 
    [utm_source] => CHS
    [utm_term] => 
    [clickid] => cd3769la73vsl09b
    [fbpxl] => 
)

----------- RESPONSE ---------
{"result":"ok"}
----------- END --------------
June 23, 2021, 5:34 pm
----------- DATA -------------
Array
(
    [offerId] => 444e972d-e501-4625-8cb3-6aead5d7cc8c
    [fio] => Sandeep Kumar 
    [phone] => +918186865635
    [email] => admin@admin.com
    [domain] => http://adltnews.com/landers/c3031fd1fc/limon.php
    [ip] => 2409:4055:71a:5598:2254:f594:9d3e:56f3
    [utm_campaign] => 
    [utm_content] => 
    [utm_medium] => 
    [utm_source] => CHS
    [utm_term] => 
    [clickid] => 8f0479la8a4ejf57
    [fbpxl] => 
)

----------- RESPONSE ---------
{"result":"ok"}
----------- END --------------
June 23, 2021, 5:40 pm
----------- DATA -------------
Array
(
    [offerId] => 444e972d-e501-4625-8cb3-6aead5d7cc8c
    [fio] => Santosh Kumar
    [phone] => +918667693011
    [email] => admin@admin.com
    [domain] => http://adltnews.com/landers/c3031fd1fc/limon.php
    [ip] => 2409:4064:2eaa:efa3:86cf:a442:1c20:4f74
    [utm_campaign] => 
    [utm_content] => 
    [utm_medium] => 
    [utm_source] => CHS
    [utm_term] => 
    [clickid] => 8cf849la8gmkt784
    [fbpxl] => 
)

----------- RESPONSE ---------
{"result":"ok"}
----------- END --------------
June 23, 2021, 5:42 pm
----------- DATA -------------
Array
(
    [offerId] => 444e972d-e501-4625-8cb3-6aead5d7cc8c
    [fio] => Santosh Kumar
    [phone] => +918667693011
    [email] => admin@admin.com
    [domain] => http://adltnews.com/landers/c3031fd1fc/limon.php
    [ip] => 2409:4064:2eaa:efa3:86cf:a442:1c20:4f74
    [utm_campaign] => 
    [utm_content] => 
    [utm_medium] => 
    [utm_source] => CHS
    [utm_term] => 
    [clickid] => 8cf849la8gmkt784
    [fbpxl] => 
)

----------- RESPONSE ---------
{"result":"ok"}
----------- END --------------
June 23, 2021, 5:44 pm
----------- DATA -------------
Array
(
    [offerId] => 444e972d-e501-4625-8cb3-6aead5d7cc8c
    [fio] => Readly 
    [phone] => +917859871403
    [email] => admin@admin.com
    [domain] => http://adltnews.com/landers/c3031fd1fc/limon.php
    [ip] => 2401:4900:1d6c:3512:0:6c:e682:7c01
    [utm_campaign] => 
    [utm_content] => 
    [utm_medium] => 
    [utm_source] => CHS
    [utm_term] => 
    [clickid] => 355ed9la7xig59d8
    [fbpxl] => 
)

----------- RESPONSE ---------
{"result":"ok"}
----------- END --------------
June 23, 2021, 5:54 pm
----------- DATA -------------
Array
(
    [offerId] => 444e972d-e501-4625-8cb3-6aead5d7cc8c
    [fio] => Sai
    [phone] => +917386963851
    [email] => admin@admin.com
    [domain] => http://adltnews.com/landers/c3031fd1fc/limon.php
    [ip] => 2401:4900:4ff2:3a43::c2f:ee00
    [utm_campaign] => 
    [utm_content] => 
    [utm_medium] => 
    [utm_source] => CHS
    [utm_term] => 
    [clickid] => 652eb9la9a8p2577
    [fbpxl] => 
)

----------- RESPONSE ---------
{"result":"ok"}
----------- END --------------
June 23, 2021, 5:54 pm
----------- DATA -------------
Array
(
    [offerId] => 444e972d-e501-4625-8cb3-6aead5d7cc8c
    [fio] => Sahil
    [phone] => +919021358788
    [email] => admin@admin.com
    [domain] => http://adltnews.com/landers/c3031fd1fc/limon.php
    [ip] => 2409:4042:2d00:f7d9::38c8:2b03
    [utm_campaign] => 
    [utm_content] => 
    [utm_medium] => 
    [utm_source] => CHS
    [utm_term] => 
    [clickid] => ff7719la9h9u36c2
    [fbpxl] => 
)

----------- RESPONSE ---------
{"result":"ok"}
----------- END --------------
June 23, 2021, 6:02 pm
----------- DATA -------------
Array
(
    [offerId] => 444e972d-e501-4625-8cb3-6aead5d7cc8c
    [fio] => sonu yadav
    [phone] => +916299166231
    [email] => admin@admin.com
    [domain] => http://adltnews.com/landers/c3031fd1fc/limon.php
    [ip] => 2409:4064:50a:9b35::269a:e8ad
    [utm_campaign] => 
    [utm_content] => 
    [utm_medium] => 
    [utm_source] => CHS
    [utm_term] => 
    [clickid] => e4f169la9myc8015
    [fbpxl] => 
)

----------- RESPONSE ---------
{"result":"ok"}
----------- END --------------
June 23, 2021, 6:02 pm
----------- DATA -------------
Array
(
    [offerId] => 444e972d-e501-4625-8cb3-6aead5d7cc8c
    [fio] => Raj 
    [phone] => +918054242014
    [email] => admin@admin.com
    [domain] => http://adltnews.com/landers/c3031fd1fc/limon.php
    [ip] => 2409:4055:200:415c::29f0:60b0
    [utm_campaign] => 
    [utm_content] => 
    [utm_medium] => 
    [utm_source] => CHS
    [utm_term] => 
    [clickid] => 3c9d39la9xiwh8cd
    [fbpxl] => 
)

----------- RESPONSE ---------
{"result":"ok"}
----------- END --------------
June 23, 2021, 6:04 pm
----------- DATA -------------
Array
(
    [offerId] => 444e972d-e501-4625-8cb3-6aead5d7cc8c
    [fio] => Monu thakur
    [phone] => +917248295250
    [email] => admin@admin.com
    [domain] => http://adltnews.com/landers/c3031fd1fc/limon.php
    [ip] => 2409:4053:2d8b:c10e:a5fe:5fd8:7b26:9587
    [utm_campaign] => 
    [utm_content] => 
    [utm_medium] => 
    [utm_source] => CHS
    [utm_term] => 
    [clickid] => 5d39f9la9tloc182
    [fbpxl] => 
)

----------- RESPONSE ---------
{"result":"ok"}
----------- END --------------
June 23, 2021, 6:06 pm
----------- DATA -------------
Array
(
    [offerId] => 444e972d-e501-4625-8cb3-6aead5d7cc8c
    [fio] => Rahul
    [phone] => +917986695282
    [email] => admin@admin.com
    [domain] => http://adltnews.com/landers/c3031fd1fc/limon.php
    [ip] => 2409:4055:497:27c2:4e7b:22c6:62fb:2b0f
    [utm_campaign] => 
    [utm_content] => 
    [utm_medium] => 
    [utm_source] => CHS
    [utm_term] => 
    [clickid] => 6f8bd9la9ikkt17e
    [fbpxl] => 
)

----------- RESPONSE ---------
{"result":"ok"}
----------- END --------------
June 23, 2021, 6:06 pm
----------- DATA -------------
Array
(
    [offerId] => 444e972d-e501-4625-8cb3-6aead5d7cc8c
    [fio] => Md liyakat
    [phone] => +918252101256
    [email] => admin@admin.com
    [domain] => http://adltnews.com/landers/c3031fd1fc/limon.php
    [ip] => 2409:4064:2e81:28ad::c94b:de0b
    [utm_campaign] => 
    [utm_content] => 
    [utm_medium] => 
    [utm_source] => CHS
    [utm_term] => 
    [clickid] => 4b2769la98wa716e
    [fbpxl] => 
)

----------- RESPONSE ---------
{"result":"ok"}
----------- END --------------
June 23, 2021, 6:06 pm
----------- DATA -------------
Array
(
    [offerId] => 444e972d-e501-4625-8cb3-6aead5d7cc8c
    [fio] => Rahul
    [phone] => +919004362703
    [email] => admin@admin.com
    [domain] => http://adltnews.com/landers/c3031fd1fc/limon.php
    [ip] => 2401:4900:5094:d056:1:1:d176:43a4
    [utm_campaign] => 
    [utm_content] => 
    [utm_medium] => 
    [utm_source] => CHS
    [utm_term] => 
    [clickid] => 6cbde9la9b4b45ae
    [fbpxl] => 
)

----------- RESPONSE ---------
{"result":"ok"}
----------- END --------------
June 23, 2021, 6:07 pm
----------- DATA -------------
Array
(
    [offerId] => 444e972d-e501-4625-8cb3-6aead5d7cc8c
    [fio] => Deen dyal
    [phone] => +916396404955
    [email] => admin@admin.com
    [domain] => http://adltnews.com/landers/c3031fd1fc/limon.php
    [ip] => 2409:4053:2d02:13e6::b0b:8110
    [utm_campaign] => 
    [utm_content] => 
    [utm_medium] => 
    [utm_source] => CHS
    [utm_term] => 
    [clickid] => 5c3839la937xi10b
    [fbpxl] => 
)

----------- RESPONSE ---------
{"result":"ok"}
----------- END --------------
June 23, 2021, 6:07 pm
----------- DATA -------------
Array
(
    [offerId] => 444e972d-e501-4625-8cb3-6aead5d7cc8c
    [fio] => Md liyakat
    [phone] => +918252101256
    [email] => admin@admin.com
    [domain] => http://adltnews.com/landers/c3031fd1fc/limon.php
    [ip] => 2409:4064:2e81:28ad::c94b:de0b
    [utm_campaign] => 
    [utm_content] => 
    [utm_medium] => 
    [utm_source] => CHS
    [utm_term] => 
    [clickid] => 4b2769la98wa716e
    [fbpxl] => 
)

----------- RESPONSE ---------
{"result":"ok"}
----------- END --------------
June 23, 2021, 6:07 pm
----------- DATA -------------
Array
(
    [offerId] => 444e972d-e501-4625-8cb3-6aead5d7cc8c
    [fio] => ٧
    [phone] => +91179606872
    [email] => admin@admin.com
    [domain] => http://adltnews.com/landers/c3031fd1fc/limon.php
    [ip] => 13.233.64.189
    [utm_campaign] => 
    [utm_content] => 
    [utm_medium] => 
    [utm_source] => CHS
    [utm_term] => 
    [clickid] => 610789la9ikj6320
    [fbpxl] => 
)

----------- RESPONSE ---------
{"result":"ok"}
----------- END --------------
June 23, 2021, 6:07 pm
----------- DATA -------------
Array
(
    [offerId] => 444e972d-e501-4625-8cb3-6aead5d7cc8c
    [fio] => Ajai
    [phone] => +917999996437
    [email] => admin@admin.com
    [domain] => http://adltnews.com/landers/c3031fd1fc/limon.php
    [ip] => 180.188.237.2
    [utm_campaign] => 
    [utm_content] => 
    [utm_medium] => 
    [utm_source] => CHS
    [utm_term] => 
    [clickid] => d29959la9fvwffe6
    [fbpxl] => 
)

----------- RESPONSE ---------
{"result":"ok"}
----------- END --------------
June 23, 2021, 6:09 pm
----------- DATA -------------
Array
(
    [offerId] => 444e972d-e501-4625-8cb3-6aead5d7cc8c
    [fio] => Deen dyal
    [phone] => +916396404955
    [email] => admin@admin.com
    [domain] => http://adltnews.com/landers/c3031fd1fc/limon.php
    [ip] => 2409:4053:2d02:13e6::b0b:8110
    [utm_campaign] => 
    [utm_content] => 
    [utm_medium] => 
    [utm_source] => CHS
    [utm_term] => 
    [clickid] => 5c3839la937xi10b
    [fbpxl] => 
)

----------- RESPONSE ---------
{"result":"ok"}
----------- END --------------
June 23, 2021, 6:13 pm
----------- DATA -------------
Array
(
    [offerId] => 444e972d-e501-4625-8cb3-6aead5d7cc8c
    [fio] => Raju 
    [phone] => +919096215132
    [email] => admin@admin.com
    [domain] => http://adltnews.com/landers/c3031fd1fc/limon.php
    [ip] => 2409:4042:4d8f:1737:aa26:5da6:ee2d:3671
    [utm_campaign] => 
    [utm_content] => 
    [utm_medium] => 
    [utm_source] => CHS
    [utm_term] => 
    [clickid] => d4b199l2tfnir9d4
    [fbpxl] => 
)

----------- RESPONSE ---------
{"result":"ok"}
----------- END --------------
June 23, 2021, 6:16 pm
----------- DATA -------------
Array
(
    [offerId] => 444e972d-e501-4625-8cb3-6aead5d7cc8c
    [fio] => Rsmu
    [phone] => +919454101789
    [email] => admin@admin.com
    [domain] => http://adltnews.com/landers/c3031fd1fc/limon.php
    [ip] => 223.239.28.131
    [utm_campaign] => 
    [utm_content] => 
    [utm_medium] => 
    [utm_source] => CHS
    [utm_term] => 
    [clickid] => ddf799l2tu3whf8e
    [fbpxl] => 
)

----------- RESPONSE ---------
{"result":"ok"}
----------- END --------------
June 23, 2021, 6:17 pm
----------- DATA -------------
Array
(
    [offerId] => 444e972d-e501-4625-8cb3-6aead5d7cc8c
    [fio] => Manoj Kumar kayat
    [phone] => +919643046535
    [email] => admin@admin.com
    [domain] => http://adltnews.com/landers/c3031fd1fc/limon.php
    [ip] => 2401:4900:b89:10a4:0:54:637c:d01
    [utm_campaign] => 
    [utm_content] => 
    [utm_medium] => 
    [utm_source] => CHS
    [utm_term] => 
    [clickid] => 9ac079l2ttwqn1a9
    [fbpxl] => 
)

----------- RESPONSE ---------
{"result":"ok"}
----------- END --------------
June 23, 2021, 6:17 pm
----------- DATA -------------
Array
(
    [offerId] => 444e972d-e501-4625-8cb3-6aead5d7cc8c
    [fio] => Parvej 
    [phone] => +918010589273
    [email] => admin@admin.com
    [domain] => http://adltnews.com/landers/c3031fd1fc/limon.php
    [ip] => 2409:4042:580:1c55:390d:917c:5b86:6a66
    [utm_campaign] => 
    [utm_content] => 
    [utm_medium] => 
    [utm_source] => CHS
    [utm_term] => 
    [clickid] => 2b3299l2tb4d5d9f
    [fbpxl] => 
)

----------- RESPONSE ---------
{"result":"ok"}
----------- END --------------
June 23, 2021, 6:19 pm
----------- DATA -------------
Array
(
    [offerId] => 444e972d-e501-4625-8cb3-6aead5d7cc8c
    [fio] => Balaji dawale
    [phone] => +91750772176
    [email] => admin@admin.com
    [domain] => http://adltnews.com/landers/c3031fd1fc/limon.php
    [ip] => 2409:4042:2d00:96fa::ed89:cf06
    [utm_campaign] => 
    [utm_content] => 
    [utm_medium] => 
    [utm_source] => CHS
    [utm_term] => 
    [clickid] => aa8459l2tvcyd261
    [fbpxl] => 
)

----------- RESPONSE ---------
{"result":"ok"}
----------- END --------------
June 23, 2021, 6:25 pm
----------- DATA -------------
Array
(
    [offerId] => 444e972d-e501-4625-8cb3-6aead5d7cc8c
    [fio] => A chennareddy
    [phone] => +919676250826
    [email] => admin@admin.com
    [domain] => http://adltnews.com/landers/c3031fd1fc/limon.php
    [ip] => 2401:4900:4fee:645d::420:347b
    [utm_campaign] => 
    [utm_content] => 
    [utm_medium] => 
    [utm_source] => CHS
    [utm_term] => 
    [clickid] => bc1039l2tx9xo2f3
    [fbpxl] => 
)

----------- RESPONSE ---------
{"result":"ok"}
----------- END --------------
June 23, 2021, 6:33 pm
----------- DATA -------------
Array
(
    [offerId] => 444e972d-e501-4625-8cb3-6aead5d7cc8c
    [fio] => Hari
    [phone] => +917995890883
    [email] => admin@admin.com
    [domain] => http://adltnews.com/landers/c3031fd1fc/limon.php
    [ip] => 2401:4900:4fdc:eb2f::a2e:e814
    [utm_campaign] => 
    [utm_content] => 
    [utm_medium] => 
    [utm_source] => CHS
    [utm_term] => 
    [clickid] => 858a89lgx2tvce91
    [fbpxl] => 
)

----------- RESPONSE ---------
{"result":"ok"}
----------- END --------------
June 23, 2021, 6:34 pm
----------- DATA -------------
Array
(
    [offerId] => 444e972d-e501-4625-8cb3-6aead5d7cc8c
    [fio] => Vinod
    [phone] => +917906928738
    [email] => admin@admin.com
    [domain] => http://adltnews.com/landers/c3031fd1fc/limon.php
    [ip] => 2409:4050:e13:3acc:4fe5:e229:55b1:3758
    [utm_campaign] => 
    [utm_content] => 
    [utm_medium] => 
    [utm_source] => CHS
    [utm_term] => 
    [clickid] => a98649lgx2txoc8e
    [fbpxl] => 
)

----------- RESPONSE ---------
{"result":"ok"}
----------- END --------------
June 23, 2021, 6:37 pm
----------- DATA -------------
Array
(
    [offerId] => 444e972d-e501-4625-8cb3-6aead5d7cc8c
    [fio] => Deep
    [phone] => +919781497834
    [email] => admin@admin.com
    [domain] => http://adltnews.com/landers/c3031fd1fc/limon.php
    [ip] => 2402:3a80:100c:beec:3383:ec13:48ca:e4c9
    [utm_campaign] => 
    [utm_content] => 
    [utm_medium] => 
    [utm_source] => CHS
    [utm_term] => 
    [clickid] => 85ae19lgxlpj6887
    [fbpxl] => 
)

----------- RESPONSE ---------
{"result":"ok"}
----------- END --------------
June 23, 2021, 6:44 pm
----------- DATA -------------
Array
(
    [offerId] => 444e972d-e501-4625-8cb3-6aead5d7cc8c
    [fio] => Pankaj
    [phone] => +916378956657
    [email] => admin@admin.com
    [domain] => http://adltnews.com/landers/c3031fd1fc/limon.php
    [ip] => 2409:4052:816:688c::2d1:50b1
    [utm_campaign] => 
    [utm_content] => 
    [utm_medium] => 
    [utm_source] => CHS
    [utm_term] => 
    [clickid] => 0a9459lgxdve21b7
    [fbpxl] => 
)

----------- RESPONSE ---------
{"result":"ok"}
----------- END --------------
June 23, 2021, 6:46 pm
----------- DATA -------------
Array
(
    [offerId] => 444e972d-e501-4625-8cb3-6aead5d7cc8c
    [fio] => Kuldeep singh
    [phone] => +917051480477
    [email] => admin@admin.com
    [domain] => http://adltnews.com/landers/c3031fd1fc/limon.php
    [ip] => 2401:4900:4483:2f5d:0:4a:67d1:3b01
    [utm_campaign] => 
    [utm_content] => 
    [utm_medium] => 
    [utm_source] => CHS
    [utm_term] => 
    [clickid] => ea7a39lgxejmy2ba
    [fbpxl] => 
)

----------- RESPONSE ---------
{"result":"ok"}
----------- END --------------
June 23, 2021, 6:47 pm
----------- DATA -------------
Array
(
    [offerId] => 444e972d-e501-4625-8cb3-6aead5d7cc8c
    [fio] => ইমরান
    [phone] => +918001891641
    [email] => admin@admin.com
    [domain] => http://adltnews.com/landers/c3031fd1fc/limon.php
    [ip] => 42.105.103.242
    [utm_campaign] => 
    [utm_content] => 
    [utm_medium] => 
    [utm_source] => CHS
    [utm_term] => 
    [clickid] => f6fb69lgx1muoaad
    [fbpxl] => 
)

----------- RESPONSE ---------
{"result":"ok"}
----------- END --------------
June 23, 2021, 6:50 pm
----------- DATA -------------
Array
(
    [offerId] => 444e972d-e501-4625-8cb3-6aead5d7cc8c
    [fio] => Sarfaraz
    [phone] => +919172557893
    [email] => admin@admin.com
    [domain] => http://adltnews.com/landers/c3031fd1fc/limon.php
    [ip] => 202.179.92.130
    [utm_campaign] => 
    [utm_content] => 
    [utm_medium] => 
    [utm_source] => CHS
    [utm_term] => 
    [clickid] => 80c109lgxfyy9c4b
    [fbpxl] => 
)

----------- RESPONSE ---------
{"result":"ok"}
----------- END --------------
June 23, 2021, 7:04 pm
----------- DATA -------------
Array
(
    [offerId] => 444e972d-e501-4625-8cb3-6aead5d7cc8c
    [fio] => Ashique
    [phone] => +916200557192
    [email] => admin@admin.com
    [domain] => http://adltnews.com/landers/c3031fd1fc/limon.php
    [ip] => 2409:4064:231d:6b69::12b4:c8a4
    [utm_campaign] => 
    [utm_content] => 
    [utm_medium] => 
    [utm_source] => CHS
    [utm_term] => 
    [clickid] => 84fe89l17qeh9a39
    [fbpxl] => 
)

----------- RESPONSE ---------
{"result":"ok"}
----------- END --------------
June 23, 2021, 7:04 pm
----------- DATA -------------
Array
(
    [offerId] => 444e972d-e501-4625-8cb3-6aead5d7cc8c
    [fio] => Amrapal
    [phone] => +917887889457
    [email] => admin@admin.com
    [domain] => http://adltnews.com/landers/c3031fd1fc/limon.php
    [ip] => 2402:8100:3028:827b:1:2:652f:34c
    [utm_campaign] => 
    [utm_content] => 
    [utm_medium] => 
    [utm_source] => CHS
    [utm_term] => 
    [clickid] => 400a89l17ydus0e5
    [fbpxl] => 
)

----------- RESPONSE ---------
{"result":"ok"}
----------- END --------------
June 23, 2021, 7:04 pm
----------- DATA -------------
Array
(
    [offerId] => 444e972d-e501-4625-8cb3-6aead5d7cc8c
    [fio] => Sharukh
    [phone] => +919582041995
    [email] => admin@admin.com
    [domain] => http://adltnews.com/landers/c3031fd1fc/limon.php
    [ip] => 202.179.76.30
    [utm_campaign] => 
    [utm_content] => 
    [utm_medium] => 
    [utm_source] => CHS
    [utm_term] => 
    [clickid] => 045389l17ftbg6d9
    [fbpxl] => 
)

----------- RESPONSE ---------
{"result":"ok"}
----------- END --------------
June 23, 2021, 7:06 pm
----------- DATA -------------
Array
(
    [offerId] => 444e972d-e501-4625-8cb3-6aead5d7cc8c
    [fio] => Koshinder
    [phone] => +919756100392
    [email] => admin@admin.com
    [domain] => http://adltnews.com/landers/c3031fd1fc/limon.php
    [ip] => 2409:4053:80e:5cd8:9b4d:d070:9d:c82e
    [utm_campaign] => 
    [utm_content] => 
    [utm_medium] => 
    [utm_source] => CHS
    [utm_term] => 
    [clickid] => c64e89l17e2xr4ef
    [fbpxl] => 
)

----------- RESPONSE ---------
{"result":"ok"}
----------- END --------------
June 23, 2021, 7:09 pm
----------- DATA -------------
Array
(
    [offerId] => 444e972d-e501-4625-8cb3-6aead5d7cc8c
    [fio] => Haru singh
    [phone] => +917385498557
    [email] => admin@admin.com
    [domain] => http://adltnews.com/landers/c3031fd1fc/limon.php
    [ip] => 2401:4900:1b98:f871:741e:b582:8ca2:f0b5
    [utm_campaign] => 
    [utm_content] => 
    [utm_medium] => 
    [utm_source] => CHS
    [utm_term] => 
    [clickid] => 0e23b9l17my8w634
    [fbpxl] => 
)

----------- RESPONSE ---------
{"result":"ok"}
----------- END --------------
June 23, 2021, 7:14 pm
----------- DATA -------------
Array
(
    [offerId] => 444e972d-e501-4625-8cb3-6aead5d7cc8c
    [fio] => Mani sarangi
    [phone] => +918249992856
    [email] => admin@admin.com
    [domain] => http://adltnews.com/landers/c3031fd1fc/limon.php
    [ip] => 2409:4062:2e0f:a805::5609:a613
    [utm_campaign] => 
    [utm_content] => 
    [utm_medium] => 
    [utm_source] => CHS
    [utm_term] => 
    [clickid] => 10ea49l17ibd5038
    [fbpxl] => 
)

----------- RESPONSE ---------
{"result":"ok"}
----------- END --------------
June 23, 2021, 7:26 pm
----------- DATA -------------
Array
(
    [offerId] => 444e972d-e501-4625-8cb3-6aead5d7cc8c
    [fio] => Anil shiram lambhde
    [phone] => +9130438073
    [email] => admin@admin.com
    [domain] => http://adltnews.com/landers/c3031fd1fc/limon.php
    [ip] => 2402:8100:302b:723:a37c:5321:dee2:f3d9
    [utm_campaign] => 
    [utm_content] => 
    [utm_medium] => 
    [utm_source] => CHS
    [utm_term] => 
    [clickid] => 224239lh9169zd04
    [fbpxl] => 
)

----------- RESPONSE ---------
{"result":"ok"}
----------- END --------------
June 23, 2021, 7:30 pm
----------- DATA -------------
Array
(
    [offerId] => 444e972d-e501-4625-8cb3-6aead5d7cc8c
    [fio] => Bambam kumar
    [phone] => +918092132789
    [email] => admin@admin.com
    [domain] => http://adltnews.com/landers/c3031fd1fc/limon.php
    [ip] => 27.61.127.144
    [utm_campaign] => 
    [utm_content] => 
    [utm_medium] => 
    [utm_source] => CHS
    [utm_term] => 
    [clickid] => 43b679lh9ntoc53f
    [fbpxl] => 
)

----------- RESPONSE ---------
{"result":"ok"}
----------- END --------------
June 23, 2021, 7:34 pm
----------- DATA -------------
Array
(
    [offerId] => 444e972d-e501-4625-8cb3-6aead5d7cc8c
    [fio] => Surendra
    [phone] => +919548120959
    [email] => admin@admin.com
    [domain] => http://adltnews.com/landers/c3031fd1fc/limon.php
    [ip] => 2409:4053:403:cc9e::1d74:68b0
    [utm_campaign] => 
    [utm_content] => 
    [utm_medium] => 
    [utm_source] => CHS
    [utm_term] => 
    [clickid] => db67e9lh95m7v957
    [fbpxl] => 
)

----------- RESPONSE ---------
{"result":"ok"}
----------- END --------------
June 23, 2021, 7:36 pm
----------- DATA -------------
Array
(
    [offerId] => 444e972d-e501-4625-8cb3-6aead5d7cc8c
    [fio] => As
    [phone] => +919834265249
    [email] => admin@admin.com
    [domain] => http://adltnews.com/landers/c3031fd1fc/limon.php
    [ip] => 2409:4042:201a:7c7f:f066:e31b:53d1:46f5
    [utm_campaign] => 
    [utm_content] => 
    [utm_medium] => 
    [utm_source] => CHS
    [utm_term] => 
    [clickid] => 0636b9lh9scfn505
    [fbpxl] => 
)

----------- RESPONSE ---------
{"result":"ok"}
----------- END --------------
June 23, 2021, 7:58 pm
----------- DATA -------------
Array
(
    [offerId] => 444e972d-e501-4625-8cb3-6aead5d7cc8c
    [fio] => ASEF KHAN
    [phone] => +919623080284
    [email] => admin@admin.com
    [domain] => http://adltnews.com/landers/c3031fd1fc/limon.php
    [ip] => 2401:4900:1b16:ea21:634c:6611:ac34:7365
    [utm_campaign] => 
    [utm_content] => 
    [utm_medium] => 
    [utm_source] => CHS
    [utm_term] => 
    [clickid] => d62c99lq516a9828
    [fbpxl] => 
)

----------- RESPONSE ---------
{"result":"ok"}
----------- END --------------
June 23, 2021, 8:04 pm
----------- DATA -------------
Array
(
    [offerId] => 444e972d-e501-4625-8cb3-6aead5d7cc8c
    [fio] => 98219 77253 
    [phone] => +919821977253
    [email] => admin@admin.com
    [domain] => http://adltnews.com/landers/c3031fd1fc/limon.php
    [ip] => 2401:4900:2ee0:6c46:0:54:727b:4b01
    [utm_campaign] => 
    [utm_content] => 
    [utm_medium] => 
    [utm_source] => CHS
    [utm_term] => 
    [clickid] => 558b39lq51zvc6ee
    [fbpxl] => 
)

----------- RESPONSE ---------
{"result":"ok"}
----------- END --------------
June 23, 2021, 8:15 pm
----------- DATA -------------
Array
(
    [offerId] => 444e972d-e501-4625-8cb3-6aead5d7cc8c
    [fio] => सोनू
    [phone] => +919027233469
    [email] => admin@admin.com
    [domain] => http://adltnews.com/landers/c3031fd1fc/limon.php
    [ip] => 2409:4053:41a:2c04:eea8:f361:3b6c:ec02
    [utm_campaign] => 
    [utm_content] => 
    [utm_medium] => 
    [utm_source] => CHS
    [utm_term] => 
    [clickid] => 0b8d99lq5372t69c
    [fbpxl] => 
)

----------- RESPONSE ---------
{"result":"ok"}
----------- END --------------
June 23, 2021, 8:16 pm
----------- DATA -------------
Array
(
    [offerId] => 444e972d-e501-4625-8cb3-6aead5d7cc8c
    [fio] => Ravi Kumar 
    [phone] => +919306989446
    [email] => admin@admin.com
    [domain] => http://adltnews.com/landers/c3031fd1fc/limon.php
    [ip] => 117.224.186.96
    [utm_campaign] => 
    [utm_content] => 
    [utm_medium] => 
    [utm_source] => CHS
    [utm_term] => 
    [clickid] => 2af129lq5ejqn97b
    [fbpxl] => 
)

----------- RESPONSE ---------
{"result":"ok"}
----------- END --------------
June 23, 2021, 8:16 pm
----------- DATA -------------
Array
(
    [offerId] => 444e972d-e501-4625-8cb3-6aead5d7cc8c
    [fio] => Sunil
    [phone] => +917051635074
    [email] => admin@admin.com
    [domain] => http://adltnews.com/landers/c3031fd1fc/limon.php
    [ip] => 2405:205:b083:7a0c::22f6:98b1
    [utm_campaign] => 
    [utm_content] => 
    [utm_medium] => 
    [utm_source] => CHS
    [utm_term] => 
    [clickid] => f647a9lq5rnkt2c7
    [fbpxl] => 
)

----------- RESPONSE ---------
{"result":"ok"}
----------- END --------------
June 23, 2021, 8:17 pm
----------- DATA -------------
Array
(
    [offerId] => 444e972d-e501-4625-8cb3-6aead5d7cc8c
    [fio] => Sajid
    [phone] => +91889020578
    [email] => admin@admin.com
    [domain] => http://adltnews.com/landers/c3031fd1fc/limon.php
    [ip] => 223.188.147.58
    [utm_campaign] => 
    [utm_content] => 
    [utm_medium] => 
    [utm_source] => CHS
    [utm_term] => 
    [clickid] => 90d759lq5ika51dc
    [fbpxl] => 
)

----------- RESPONSE ---------
{"result":"ok"}
----------- END --------------
June 23, 2021, 8:26 pm
----------- DATA -------------
Array
(
    [offerId] => 444e972d-e501-4625-8cb3-6aead5d7cc8c
    [fio] => Deepak kumar
    [phone] => +916206093364
    [email] => admin@admin.com
    [domain] => http://adltnews.com/landers/c3031fd1fc/limon.php
    [ip] => 2409:4064:259d:82f::fb:b8b0
    [utm_campaign] => 
    [utm_content] => 
    [utm_medium] => 
    [utm_source] => CHS
    [utm_term] => 
    [clickid] => 0c6dc9lpma3a0eff
    [fbpxl] => 
)

----------- RESPONSE ---------
{"result":"ok"}
----------- END --------------
June 23, 2021, 8:27 pm
----------- DATA -------------
Array
(
    [offerId] => 444e972d-e501-4625-8cb3-6aead5d7cc8c
    [fio] => Deepak kumar
    [phone] => +916206093364
    [email] => admin@admin.com
    [domain] => http://adltnews.com/landers/c3031fd1fc/limon.php
    [ip] => 2409:4064:259d:82f::fb:b8b0
    [utm_campaign] => 
    [utm_content] => 
    [utm_medium] => 
    [utm_source] => CHS
    [utm_term] => 
    [clickid] => 0c6dc9lpma3a0eff
    [fbpxl] => 
)

----------- RESPONSE ---------
{"result":"ok"}
----------- END --------------
June 23, 2021, 8:43 pm
----------- DATA -------------
Array
(
    [offerId] => 444e972d-e501-4625-8cb3-6aead5d7cc8c
    [fio] => Salman
    [phone] => +917827093946
    [email] => admin@admin.com
    [domain] => http://adltnews.com/landers/c3031fd1fc/limon.php
    [ip] => 2401:4900:445b:1f86:b207:72a5:c96a:10b2
    [utm_campaign] => 
    [utm_content] => 
    [utm_medium] => 
    [utm_source] => CHS
    [utm_term] => 
    [clickid] => f43099lpmb42tac6
    [fbpxl] => 
)

----------- RESPONSE ---------
{"result":"ok"}
----------- END --------------
June 23, 2021, 8:43 pm
----------- DATA -------------
Array
(
    [offerId] => 444e972d-e501-4625-8cb3-6aead5d7cc8c
    [fio] => Sanju minj
    [phone] => +919511241709
    [email] => admin@admin.com
    [domain] => http://adltnews.com/landers/c3031fd1fc/limon.php
    [ip] => 2401:4900:52f1:fabe:9507:1c01:ad01:835c
    [utm_campaign] => 
    [utm_content] => 
    [utm_medium] => 
    [utm_source] => CHS
    [utm_term] => 
    [clickid] => 6c3a29lpma48w8d9
    [fbpxl] => 
)

----------- RESPONSE ---------
{"result":"ok"}
----------- END --------------
June 23, 2021, 8:51 pm
----------- DATA -------------
Array
(
    [offerId] => 444e972d-e501-4625-8cb3-6aead5d7cc8c
    [fio] => Hjk
    [phone] => +9113336
    [email] => admin@admin.com
    [domain] => http://adltnews.com/landers/c3031fd1fc/limon.php
    [ip] => 106.210.101.94
    [utm_campaign] => 
    [utm_content] => 
    [utm_medium] => 
    [utm_source] => CHS
    [utm_term] => 
    [clickid] => 0c4629lpmho4p9f8
    [fbpxl] => 
)

----------- RESPONSE ---------
{"result":"ok"}
----------- END --------------
June 23, 2021, 8:58 pm
----------- DATA -------------
Array
(
    [offerId] => 444e972d-e501-4625-8cb3-6aead5d7cc8c
    [fio] => Sunny
    [phone] => +918837708713
    [email] => admin@admin.com
    [domain] => http://adltnews.com/landers/c3031fd1fc/limon.php
    [ip] => 2409:4055:20c:da77:71a0:d0d4:da6f:c925
    [utm_campaign] => 
    [utm_content] => 
    [utm_medium] => 
    [utm_source] => CHS
    [utm_term] => 
    [clickid] => ab06a9lpmtlk26bf
    [fbpxl] => 
)

----------- RESPONSE ---------
{"result":"ok"}
----------- END --------------
June 23, 2021, 9:02 pm
----------- DATA -------------
Array
(
    [offerId] => 444e972d-e501-4625-8cb3-6aead5d7cc8c
    [fio] => Paresh
    [phone] => +917841075926
    [email] => admin@admin.com
    [domain] => http://adltnews.com/landers/c3031fd1fc/limon.php
    [ip] => 2405:204:2288:d637:75c0:fc2e:857e:c4c2
    [utm_campaign] => 
    [utm_content] => 
    [utm_medium] => 
    [utm_source] => CHS
    [utm_term] => 
    [clickid] => cfe7c9lpmbg1z87d
    [fbpxl] => 
)

----------- RESPONSE ---------
{"result":"ok"}
----------- END --------------
June 23, 2021, 9:36 pm
----------- DATA -------------
Array
(
    [offerId] => 444e972d-e501-4625-8cb3-6aead5d7cc8c
    [fio] => Ravindra 
    [phone] => +919766708906
    [email] => admin@admin.com
    [domain] => http://adltnews.com/landers/c3031fd1fc/limon.php
    [ip] => 2401:4900:5199:27bb:1:0:4e81:b39f
    [utm_campaign] => 
    [utm_content] => 
    [utm_medium] => 
    [utm_source] => CHS
    [utm_term] => 
    [clickid] => 28fa49lus9lsc902
    [fbpxl] => 
)

----------- RESPONSE ---------
{"result":"ok"}
----------- END --------------
June 23, 2021, 9:54 pm
----------- DATA -------------
Array
(
    [offerId] => 444e972d-e501-4625-8cb3-6aead5d7cc8c
    [fio] => Sonu Sarari
    [phone] => +919725529735
    [email] => admin@admin.com
    [domain] => http://adltnews.com/landers/c3031fd1fc/limon.php
    [ip] => 2409:4055:83:2069:caa0:b398:21d1:c6bb
    [utm_campaign] => 
    [utm_content] => 
    [utm_medium] => 
    [utm_source] => CHS
    [utm_term] => 
    [clickid] => 652af9lusm7a4ea2
    [fbpxl] => 
)

----------- RESPONSE ---------
{"result":"ok"}
----------- END --------------
June 23, 2021, 10:25 pm
----------- DATA -------------
Array
(
    [offerId] => 444e972d-e501-4625-8cb3-6aead5d7cc8c
    [fio] => Ramakant Behera 
    [phone] => +919958441574
    [email] => admin@admin.com
    [domain] => http://adltnews.com/landers/c3031fd1fc/limon.php
    [ip] => 2401:4900:b82:3fe7:0:54:8cfa:c01
    [utm_campaign] => 
    [utm_content] => 
    [utm_medium] => 
    [utm_source] => CHS
    [utm_term] => 
    [clickid] => b3bac9lxsyd3zeb7
    [fbpxl] => 
)

----------- RESPONSE ---------
{"result":"ok"}
----------- END --------------
June 23, 2021, 10:32 pm
----------- DATA -------------
Array
(
    [offerId] => 444e972d-e501-4625-8cb3-6aead5d7cc8c
    [fio] => Deepak
    [phone] => +918171076638
    [email] => admin@admin.com
    [domain] => http://adltnews.com/landers/c3031fd1fc/limon.php
    [ip] => 2409:4053:2e89:d99f:c2e5:2532:793c:6ca6
    [utm_campaign] => 
    [utm_content] => 
    [utm_medium] => 
    [utm_source] => CHS
    [utm_term] => 
    [clickid] => a46339lxsuqpmffc
    [fbpxl] => 
)

----------- RESPONSE ---------
{"result":"ok"}
----------- END --------------
June 23, 2021, 10:44 pm
----------- DATA -------------
Array
(
    [offerId] => 444e972d-e501-4625-8cb3-6aead5d7cc8c
    [fio] => Ranjeet Singh 
    [phone] => +917051886738
    [email] => admin@admin.com
    [domain] => http://adltnews.com/landers/c3031fd1fc/limon.php
    [ip] => 2401:4900:311c:89d7:0:63:3ccb:d301
    [utm_campaign] => 
    [utm_content] => 
    [utm_medium] => 
    [utm_source] => CHS
    [utm_term] => 
    [clickid] => 44ce69lxsktmy210
    [fbpxl] => 
)

----------- RESPONSE ---------
{"result":"ok"}
----------- END --------------
June 23, 2021, 10:46 pm
----------- DATA -------------
Array
(
    [offerId] => 444e972d-e501-4625-8cb3-6aead5d7cc8c
    [fio] => Balvinder Singh
    [phone] => +919896897167
    [email] => admin@admin.com
    [domain] => http://adltnews.com/landers/c3031fd1fc/limon.php
    [ip] => 2409:4051:2e9a:1a6d:828f:6a77:bcb7:bab5
    [utm_campaign] => 
    [utm_content] => 
    [utm_medium] => 
    [utm_source] => CHS
    [utm_term] => 
    [clickid] => ee34e9lxsocxr3d6
    [fbpxl] => 
)

----------- RESPONSE ---------
{"result":"ok"}
----------- END --------------
June 23, 2021, 10:47 pm
----------- DATA -------------
Array
(
    [offerId] => 444e972d-e501-4625-8cb3-6aead5d7cc8c
    [fio] => Balvinder Singh
    [phone] => +919896897167
    [email] => admin@admin.com
    [domain] => http://adltnews.com/landers/c3031fd1fc/limon.php
    [ip] => 2409:4051:2e9a:1a6d:828f:6a77:bcb7:bab5
    [utm_campaign] => 
    [utm_content] => 
    [utm_medium] => 
    [utm_source] => CHS
    [utm_term] => 
    [clickid] => ee34e9lxsocxr3d6
    [fbpxl] => 
)

----------- RESPONSE ---------
{"result":"ok"}
----------- END --------------
June 23, 2021, 10:50 pm
----------- DATA -------------
Array
(
    [offerId] => 444e972d-e501-4625-8cb3-6aead5d7cc8c
    [fio] => Babubhai patel
    [phone] => +919913394151
    [email] => admin@admin.com
    [domain] => http://adltnews.com/landers/c3031fd1fc/limon.php
    [ip] => 2405:205:c92c:6f66:d48b:be38:5e8b:aca7
    [utm_campaign] => 
    [utm_content] => 
    [utm_medium] => 
    [utm_source] => CHS
    [utm_term] => 
    [clickid] => 4cddb9lxsg6xof47
    [fbpxl] => 
)

----------- RESPONSE ---------
{"result":"ok"}
----------- END --------------
June 23, 2021, 11:17 pm
----------- DATA -------------
Array
(
    [offerId] => 444e972d-e501-4625-8cb3-6aead5d7cc8c
    [fio] => Nisha Kumari
    [phone] => +917876797445
    [email] => admin@admin.com
    [domain] => http://adltnews.com/landers/c3031fd1fc/limon.php
    [ip] => 2409:4056:e04:2070:692a:f07e:1d0c:7332
    [utm_campaign] => 
    [utm_content] => 
    [utm_medium] => 
    [utm_source] => CHS
    [utm_term] => 
    [clickid] => 3d3379lfnuq46163
    [fbpxl] => 
)

----------- RESPONSE ---------
{"result":"ok"}
----------- END --------------
June 23, 2021, 11:20 pm
----------- DATA -------------
Array
(
    [offerId] => 444e972d-e501-4625-8cb3-6aead5d7cc8c
    [fio] => Brajesh
    [phone] => +919340125091
    [email] => admin@admin.com
    [domain] => http://adltnews.com/landers/c3031fd1fc/limon.php
    [ip] => 2409:4043:211c:cd2d:c8da:47b6:6a75:67e3
    [utm_campaign] => 
    [utm_content] => 
    [utm_medium] => 
    [utm_source] => CHS
    [utm_term] => 
    [clickid] => bff079lfn1mqec4b
    [fbpxl] => 
)

----------- RESPONSE ---------
{"result":"ok"}
----------- END --------------
