June 24, 2021, 12:03 am
----------- DATA -------------
Array
(
    [offerId] => 444e972d-e501-4625-8cb3-6aead5d7cc8c
    [fio] => Aditya singh 
    [phone] => +918091724773
    [email] => admin@admin.com
    [domain] => http://adltnews.com/landers/c3031fd1fc/limon.php
    [ip] => 2409:4056:e0a:7f4a::e50b:1b01
    [utm_campaign] => 
    [utm_content] => 
    [utm_medium] => 
    [utm_source] => CHS
    [utm_term] => 
    [clickid] => f8c049lbzej8r894
    [fbpxl] => 
)

----------- RESPONSE ---------
{"result":"ok"}
----------- END --------------
June 24, 2021, 12:10 am
----------- DATA -------------
Array
(
    [offerId] => 444e972d-e501-4625-8cb3-6aead5d7cc8c
    [fio] => Taiyab 
    [phone] => +91975152697
    [email] => admin@admin.com
    [domain] => http://adltnews.com/landers/c3031fd1fc/limon.php
    [ip] => 2409:4064:59a:5be2:b946:2524:d186:c6c7
    [utm_campaign] => 
    [utm_content] => 
    [utm_medium] => 
    [utm_source] => CHS
    [utm_term] => 
    [clickid] => bcd449lbz9za105f
    [fbpxl] => 
)

----------- RESPONSE ---------
{"result":"ok"}
----------- END --------------
June 24, 2021, 12:31 am
----------- DATA -------------
Array
(
    [offerId] => 444e972d-e501-4625-8cb3-6aead5d7cc8c
    [fio] => Debsinggond
    [phone] => +917205472527
    [email] => admin@admin.com
    [domain] => http://adltnews.com/landers/c3031fd1fc/limon.php
    [ip] => 2409:4062:2e89:4c32::ce8b:db12
    [utm_campaign] => 
    [utm_content] => 
    [utm_medium] => 
    [utm_source] => CHS
    [utm_term] => 
    [clickid] => bee6a9l8r5ma8cf1
    [fbpxl] => 
)

----------- RESPONSE ---------
{"result":"ok"}
----------- END --------------
June 24, 2021, 12:34 am
----------- DATA -------------
Array
(
    [offerId] => 444e972d-e501-4625-8cb3-6aead5d7cc8c
    [fio] => Debsing gond
    [phone] => +917205472527
    [email] => admin@admin.com
    [domain] => http://adltnews.com/landers/c3031fd1fc/limon.php
    [ip] => 2409:4062:2e89:4c32::ce8b:db12
    [utm_campaign] => 
    [utm_content] => 
    [utm_medium] => 
    [utm_source] => CHS
    [utm_term] => 
    [clickid] => 22d219l8rg5hq8b9
    [fbpxl] => 
)

----------- RESPONSE ---------
{"result":"ok"}
----------- END --------------
June 24, 2021, 12:37 am
----------- DATA -------------
Array
(
    [offerId] => 444e972d-e501-4625-8cb3-6aead5d7cc8c
    [fio] => Rajesh lahange
    [phone] => +917263831179
    [email] => admin@admin.com
    [domain] => http://adltnews.com/landers/c3031fd1fc/limon.php
    [ip] => 2409:4042:d9c:c6c2::6e4a:4809
    [utm_campaign] => 
    [utm_content] => 
    [utm_medium] => 
    [utm_source] => CHS
    [utm_term] => 
    [clickid] => cb5a99l8r8pdu0d9
    [fbpxl] => 
)

----------- RESPONSE ---------
{"result":"ok"}
----------- END --------------
June 24, 2021, 1:15 am
----------- DATA -------------
Array
(
    [offerId] => 444e972d-e501-4625-8cb3-6aead5d7cc8c
    [fio] => Kumar
    [phone] => +919172131255
    [email] => admin@admin.com
    [domain] => http://adltnews.com/landers/c3031fd1fc/limon.php
    [ip] => 106.210.138.123
    [utm_campaign] => 
    [utm_content] => 
    [utm_medium] => 
    [utm_source] => CHS
    [utm_term] => 
    [clickid] => 7ea659l7v8w8rfec
    [fbpxl] => 
)

----------- RESPONSE ---------
{"result":"ok"}
----------- END --------------
June 24, 2021, 1:16 am
----------- DATA -------------
Array
(
    [offerId] => 444e972d-e501-4625-8cb3-6aead5d7cc8c
    [fio] => Raju bhai
    [phone] => +919106091411
    [email] => admin@admin.com
    [domain] => http://adltnews.com/landers/c3031fd1fc/limon.php
    [ip] => 2409:4041:2d9e:98f7:60fb:d49b:5f6c:f911
    [utm_campaign] => 
    [utm_content] => 
    [utm_medium] => 
    [utm_source] => CHS
    [utm_term] => 
    [clickid] => cba679l7vg5du5c7
    [fbpxl] => 
)

----------- RESPONSE ---------
{"result":"ok"}
----------- END --------------
June 24, 2021, 1:17 am
----------- DATA -------------
Array
(
    [offerId] => 444e972d-e501-4625-8cb3-6aead5d7cc8c
    [fio] => Ravi
    [phone] => +91814671367
    [email] => admin@admin.com
    [domain] => http://adltnews.com/landers/c3031fd1fc/limon.php
    [ip] => 106.204.197.7
    [utm_campaign] => 
    [utm_content] => 
    [utm_medium] => 
    [utm_source] => CHS
    [utm_term] => 
    [clickid] => 9db419l7vhqvc4a0
    [fbpxl] => 
)

----------- RESPONSE ---------
{"result":"ok"}
----------- END --------------
June 24, 2021, 1:45 am
----------- DATA -------------
Array
(
    [offerId] => 444e972d-e501-4625-8cb3-6aead5d7cc8c
    [fio] => Moin Ali
    [phone] => +919668799850
    [email] => admin@admin.com
    [domain] => http://adltnews.com/landers/c3031fd1fc/limon.php
    [ip] => 2401:4900:38ea:be00:fb16:6d8c:7296:31cb
    [utm_campaign] => 
    [utm_content] => 
    [utm_medium] => 
    [utm_source] => CHS
    [utm_term] => 
    [clickid] => bcd129lheoj9z016
    [fbpxl] => 
)

----------- RESPONSE ---------
{"result":"ok"}
----------- END --------------
June 24, 2021, 2:13 am
----------- DATA -------------
Array
(
    [offerId] => 444e972d-e501-4625-8cb3-6aead5d7cc8c
    [fio] => Barun
    [phone] => +918879943695
    [email] => admin@admin.com
    [domain] => http://adltnews.com/landers/c3031fd1fc/limon.php
    [ip] => 2402:3a80:1870:9b1b:e81d:e088:16d1:d05c
    [utm_campaign] => 
    [utm_content] => 
    [utm_medium] => 
    [utm_source] => CHS
    [utm_term] => 
    [clickid] => 6b61a9lhesyhe41e
    [fbpxl] => 
)

----------- RESPONSE ---------
{"result":"ok"}
----------- END --------------
June 24, 2021, 2:16 am
----------- DATA -------------
Array
(
    [offerId] => 444e972d-e501-4625-8cb3-6aead5d7cc8c
    [fio] => Khandwa
    [phone] => +919749744222
    [email] => admin@admin.com
    [domain] => http://adltnews.com/landers/c3031fd1fc/limon.php
    [ip] => 2409:4064:2e2a:6884::6cb:f112
    [utm_campaign] => 
    [utm_content] => 
    [utm_medium] => 
    [utm_source] => CHS
    [utm_term] => 
    [clickid] => 5b55c9lheik4pd2f
    [fbpxl] => 
)

----------- RESPONSE ---------
{"result":"ok"}
----------- END --------------
June 24, 2021, 2:24 am
----------- DATA -------------
Array
(
    [offerId] => 444e972d-e501-4625-8cb3-6aead5d7cc8c
    [fio] => Raja
    [phone] => +917657817728
    [email] => admin@admin.com
    [domain] => http://adltnews.com/landers/c3031fd1fc/limon.php
    [ip] => 2401:4900:30b6:3d3b:1495:def0:7f3e:1180
    [utm_campaign] => 
    [utm_content] => 
    [utm_medium] => 
    [utm_source] => CHS
    [utm_term] => 
    [clickid] => a36fb9lhe9z8w64e
    [fbpxl] => 
)

----------- RESPONSE ---------
{"result":"ok"}
----------- END --------------
June 24, 2021, 2:25 am
----------- DATA -------------
Array
(
    [offerId] => 444e972d-e501-4625-8cb3-6aead5d7cc8c
    [fio] => Raja
    [phone] => +917657817728
    [email] => admin@admin.com
    [domain] => http://adltnews.com/landers/c3031fd1fc/limon.php
    [ip] => 2401:4900:4475:3716:5048:b07f:bf56:20c2
    [utm_campaign] => 
    [utm_content] => 
    [utm_medium] => 
    [utm_source] => CHS
    [utm_term] => 
    [clickid] => a36fb9lhe9z8w64e
    [fbpxl] => 
)

----------- RESPONSE ---------
{"result":"ok"}
----------- END --------------
June 24, 2021, 5:05 am
----------- DATA -------------
Array
(
    [offerId] => 444e972d-e501-4625-8cb3-6aead5d7cc8c
    [fio] => Sanju
    [phone] => +919813074620
    [email] => admin@admin.com
    [domain] => http://adltnews.com/landers/c3031fd1fc/limon.php
    [ip] => 2409:4051:102:f3d0::153a:d0ad
    [utm_campaign] => 
    [utm_content] => 
    [utm_medium] => 
    [utm_source] => CHS
    [utm_term] => 
    [clickid] => 095e49lci8pk2258
    [fbpxl] => 
)

----------- RESPONSE ---------
{"result":"ok"}
----------- END --------------
June 24, 2021, 5:34 am
----------- DATA -------------
Array
(
    [offerId] => 444e972d-e501-4625-8cb3-6aead5d7cc8c
    [fio] => Nameharinandankumaf
    [phone] => +916206437095
    [email] => admin@admin.com
    [domain] => http://adltnews.com/landers/c3031fd1fc/limon.php
    [ip] => 2409:4055:2e06:7ce0::870b:9503
    [utm_campaign] => 
    [utm_content] => 
    [utm_medium] => 
    [utm_source] => CHS
    [utm_term] => 
    [clickid] => db4169lcig637639
    [fbpxl] => 
)

----------- RESPONSE ---------
{"result":"ok"}
----------- END --------------
June 24, 2021, 6:01 am
----------- DATA -------------
Array
(
    [offerId] => 444e972d-e501-4625-8cb3-6aead5d7cc8c
    [fio] => Alam
    [phone] => +919625872606
    [email] => admin@admin.com
    [domain] => http://adltnews.com/landers/c3031fd1fc/limon.php
    [ip] => 2401:4900:412a:97da:0:30:4dc0:4401
    [utm_campaign] => 
    [utm_content] => 
    [utm_medium] => 
    [utm_source] => CHS
    [utm_term] => 
    [clickid] => 47d659l527s8pf60
    [fbpxl] => 
)

----------- RESPONSE ---------
{"result":"ok"}
----------- END --------------
June 24, 2021, 6:05 am
----------- DATA -------------
Array
(
    [offerId] => 444e972d-e501-4625-8cb3-6aead5d7cc8c
    [fio] => Vijay
    [phone] => +917014563960
    [email] => admin@admin.com
    [domain] => http://adltnews.com/landers/c3031fd1fc/limon.php
    [ip] => 2409:4052:812:1b36::1eb2:b0b1
    [utm_campaign] => 
    [utm_content] => 
    [utm_medium] => 
    [utm_source] => CHS
    [utm_term] => 
    [clickid] => d22559l52b7ike91
    [fbpxl] => 
)

----------- RESPONSE ---------
{"result":"ok"}
----------- END --------------
June 24, 2021, 7:21 am
----------- DATA -------------
Array
(
    [offerId] => 444e972d-e501-4625-8cb3-6aead5d7cc8c
    [fio] => Aashu
    [phone] => +919057300223
    [email] => admin@admin.com
    [domain] => http://adltnews.com/landers/c3031fd1fc/limon.php
    [ip] => 2401:4900:545a:fe7a::631:4b37
    [utm_campaign] => 
    [utm_content] => 
    [utm_medium] => 
    [utm_source] => CHS
    [utm_term] => 
    [clickid] => af5699lgma9c8869
    [fbpxl] => 
)

----------- RESPONSE ---------
{"result":"ok"}
----------- END --------------
