September 13, 2021, 7:53 am
----------- DATA -------------
Array
(
    [offerId] => 7a096d9f-27cf-4f96-a0e6-9ce2a7448ed6
    [fio] => Test
    [phone] => 18837474
    [email] => admin@admin.com
    [domain] => http://adltracker.site/landers/8c7c1b2360/limon.php
    [ip] => 5.138.158.165
    [utm_campaign] => 
    [utm_content] => 
    [utm_medium] => 
    [utm_source] => SM
    [utm_term] => 
    [clickid] => 
    [fbpxl] => 
)

----------- RESPONSE ---------
{"result":"ok"}
----------- END --------------
