November 30, 2021, 4:49 am
----------- DATA -------------
Array
(
    [offerId] => 9c4fe23b-37ea-4954-945b-29067b0d5c0e
    [fio] => Jme,sontco,
    [phone] => 09079042097
    [email] => admin@admin.com
    [domain] => http://mansehealth.com/landers/542e03094f/land3/limon.php
    [ip] => 180.191.216.61
    [utm_campaign] => 897
    [utm_content] => 35
    [utm_medium] => 
    [utm_source] => SM
    [utm_term] => 
    [clickid] => fdd66ocsyusmy612
    [fbpxl] => 
)

----------- RESPONSE ---------
{"result":"ok"}
----------- END --------------
November 30, 2021, 12:37 pm
----------- DATA -------------
Array
(
    [offerId] => 9c4fe23b-37ea-4954-945b-29067b0d5c0e
    [fio] => Robert pasion
    [phone] => Non
    [email] => admin@admin.com
    [domain] => http://enlargene.com/landers/542e03094f/61a5f996637e6/limon.php
    [ip] => 182.54.144.149
    [utm_campaign] => 920
    [utm_content] => 42
    [utm_medium] => 
    [utm_source] => SM
    [utm_term] => 
    [clickid] => 32d4focwha7sca92
    [fbpxl] => 
)

----------- RESPONSE ---------
{"result":"ok"}
----------- END --------------
