December 4, 2021, 4:35 am
----------- DATA -------------
Array
(
    [offerId] => 9c4fe23b-37ea-4954-945b-29067b0d5c0e
    [fio] => Romelito Diaz
    [phone] => 09996513606
    [email] => admin@admin.com
    [domain] => http://enlargene.com/landers/542e03094f/61a5f996637e6/limon.php
    [ip] => 136.158.100.79
    [utm_campaign] => 920
    [utm_content] => 42
    [utm_medium] => 
    [utm_source] => SM
    [utm_term] => 
    [clickid] => 0e6a79zqdx9a7d21
    [fbpxl] => 
)

----------- RESPONSE ---------
{"result":"ok"}
----------- END --------------
December 4, 2021, 8:17 am
----------- DATA -------------
Array
(
    [offerId] => 9c4fe23b-37ea-4954-945b-29067b0d5c0e
    [fio] => Reymond 
    [phone] => 09534379387
    [email] => admin@admin.com
    [domain] => http://enlargene.com/landers/542e03094f/61a5f996637e6/limon.php
    [ip] => 141.0.9.19
    [utm_campaign] => 920
    [utm_content] => 42
    [utm_medium] => 
    [utm_source] => SM
    [utm_term] => 
    [clickid] => 6f3989zgh37e8c81
    [fbpxl] => 
)

----------- RESPONSE ---------
{"result":"ok"}
----------- END --------------
