December 8, 2021, 3:11 pm
----------- DATA -------------
Array
(
    [offerId] => 9c4fe23b-37ea-4954-945b-29067b0d5c0e
    [fio] => teody
    [phone] => 09269244758
    [email] => admin@admin.com
    [domain] => http://enlargene.com/landers/542e03094f/61a5f15e2c895/limon.php
    [ip] => 110.54.163.94
    [utm_campaign] => 919
    [utm_content] => 42
    [utm_medium] => 
    [utm_source] => SM
    [utm_term] => 
    [clickid] => fe903g6gmxsa2578
    [fbpxl] => 
)

----------- RESPONSE ---------
{"result":"ok"}
----------- END --------------
December 8, 2021, 7:25 pm
----------- DATA -------------
Array
(
    [offerId] => 9c4fe23b-37ea-4954-945b-29067b0d5c0e
    [fio] => Bernardo
    [phone] => Principe
    [email] => admin@admin.com
    [domain] => http://enlargene.com/landers/542e03094f/61a5f15e2c895/limon.php
    [ip] => 160.20.43.69
    [utm_campaign] => 919
    [utm_content] => 42
    [utm_medium] => 
    [utm_source] => SM
    [utm_term] => 
    [clickid] => d4b99g6qe4pa0e17
    [fbpxl] => 
)

----------- RESPONSE ---------
{"result":"ok"}
----------- END --------------
