August 18, 2021, 5:28 pm
----------- DATA -------------
Array
(
    [offerId] => 444e972d-e501-4625-8cb3-6aead5d7cc8c
    [fio] => Ii xxxxxxxxxxxx
    [phone] => +916003318132
    [email] => admin@admin.com
    [domain] => http://adltnews.com/landers/6118bf5916b8b/limon.php
    [ip] => 2401:4900:38c4:6f86:aee8:a425:6d9b:ea7d
    [utm_campaign] => 211
    [utm_content] => 4
    [utm_medium] => 
    [utm_source] => CHS
    [utm_term] => 
    [clickid] => 2fe8ddvx9wfg5ccf
    [fbpxl] => 
)

----------- RESPONSE ---------
{"result":"ok"}
----------- END --------------
August 18, 2021, 5:28 pm
----------- DATA -------------
Array
(
    [offerId] => 444e972d-e501-4625-8cb3-6aead5d7cc8c
    [fio] => Ii xxxxxxxxxxxx
    [phone] => +916003318132
    [email] => admin@admin.com
    [domain] => http://adltnews.com/landers/6118bf5916b8b/limon.php
    [ip] => 2401:4900:38c4:6f86:aee8:a425:6d9b:ea7d
    [utm_campaign] => 211
    [utm_content] => 4
    [utm_medium] => 
    [utm_source] => CHS
    [utm_term] => 
    [clickid] => 2fe8ddvx9wfg5ccf
    [fbpxl] => 
)

----------- RESPONSE ---------
{"result":"ok"}
----------- END --------------
August 18, 2021, 5:28 pm
----------- DATA -------------
Array
(
    [offerId] => 444e972d-e501-4625-8cb3-6aead5d7cc8c
    [fio] => Ii xxxxxxxxxxxx
    [phone] => +916003318132
    [email] => admin@admin.com
    [domain] => http://adltnews.com/landers/6118bf5916b8b/limon.php
    [ip] => 2401:4900:38c4:6f86:aee8:a425:6d9b:ea7d
    [utm_campaign] => 211
    [utm_content] => 4
    [utm_medium] => 
    [utm_source] => CHS
    [utm_term] => 
    [clickid] => 2fe8ddvx9wfg5ccf
    [fbpxl] => 
)

----------- RESPONSE ---------
{"result":"ok"}
----------- END --------------
