July 31, 2021, 12:12 am
----------- DATA -------------
Array
(
    [offerId] => 444e972d-e501-4625-8cb3-6aead5d7cc8c
    [fio] => Lanlla
    [phone] => +9198683646
    [email] => admin@admin.com
    [domain] => http://adltnews.com/landers/60feb0c5e48be/limon.php
    [ip] => 2401:4900:4bb2:2ede:1:0:ef4:bd84
    [utm_campaign] => 
    [utm_content] => 
    [utm_medium] => 
    [utm_source] => SM
    [utm_term] => 
    [clickid] => b5ed8mybgg5qd140
    [fbpxl] => 
)

----------- RESPONSE ---------
{"result":"ok"}
----------- END --------------
July 31, 2021, 12:13 am
----------- DATA -------------
Array
(
    [offerId] => 444e972d-e501-4625-8cb3-6aead5d7cc8c
    [fio] => Lanlla
    [phone] => +9198683646
    [email] => admin@admin.com
    [domain] => http://adltnews.com/landers/60feb0c5e48be/limon.php
    [ip] => 2401:4900:4bb2:2ede:1:0:ef4:bd84
    [utm_campaign] => 
    [utm_content] => 
    [utm_medium] => 
    [utm_source] => SM
    [utm_term] => 
    [clickid] => b5ed8mybgg5qd140
    [fbpxl] => 
)

----------- RESPONSE ---------
{"result":"ok"}
----------- END --------------
July 31, 2021, 12:13 am
----------- DATA -------------
Array
(
    [offerId] => 444e972d-e501-4625-8cb3-6aead5d7cc8c
    [fio] => Lanlla
    [phone] => +9198683646
    [email] => admin@admin.com
    [domain] => http://adltnews.com/landers/60feb0c5e48be/limon.php
    [ip] => 2401:4900:4bb2:2ede:1:0:ef4:bd84
    [utm_campaign] => 
    [utm_content] => 
    [utm_medium] => 
    [utm_source] => SM
    [utm_term] => 
    [clickid] => b5ed8mybgg5qd140
    [fbpxl] => 
)

----------- RESPONSE ---------
{"result":"ok"}
----------- END --------------
July 31, 2021, 1:00 am
----------- DATA -------------
Array
(
    [offerId] => 444e972d-e501-4625-8cb3-6aead5d7cc8c
    [fio] => Wasim
    [phone] => +917350764785
    [email] => admin@admin.com
    [domain] => http://adltnews.com/landers/60feb0c5e48be/limon.php
    [ip] => 2401:4900:5034:582b:1:0:b4b7:c606
    [utm_campaign] => 
    [utm_content] => 
    [utm_medium] => 
    [utm_source] => SM
    [utm_term] => 
    [clickid] => 0d27cmyrnqdibf70
    [fbpxl] => 
)

----------- RESPONSE ---------
{"result":"ok"}
----------- END --------------
July 31, 2021, 1:03 am
----------- DATA -------------
Array
(
    [offerId] => 444e972d-e501-4625-8cb3-6aead5d7cc8c
    [fio] => Majnu
    [phone] => +917010252296
    [email] => admin@admin.com
    [domain] => http://adltnews.com/landers/60feb0c5e48be/limon.php
    [ip] => 49.34.87.10
    [utm_campaign] => 
    [utm_content] => 
    [utm_medium] => 
    [utm_source] => SM
    [utm_term] => 
    [clickid] => c9109myrnu3d5491
    [fbpxl] => 
)

----------- RESPONSE ---------
{"result":"ok"}
----------- END --------------
July 31, 2021, 1:46 am
----------- DATA -------------
Array
(
    [offerId] => 444e972d-e501-4625-8cb3-6aead5d7cc8c
    [fio] => suvjit herome
    [phone] => +917318711233
    [email] => admin@admin.com
    [domain] => http://adltnews.com/landers/60feb0c5e48be/limon.php
    [ip] => 2401:4900:3a0f:4432:55ec:d06d:9215:a7d7
    [utm_campaign] => 
    [utm_content] => 
    [utm_medium] => 
    [utm_source] => SM
    [utm_term] => 
    [clickid] => 42bf7myrnktlpa8a
    [fbpxl] => 
)

----------- RESPONSE ---------
{"result":"ok"}
----------- END --------------
July 31, 2021, 1:47 am
----------- DATA -------------
Array
(
    [offerId] => 444e972d-e501-4625-8cb3-6aead5d7cc8c
    [fio] => suvjit herome
    [phone] => +917318711233
    [email] => admin@admin.com
    [domain] => http://adltnews.com/landers/60feb0c5e48be/limon.php
    [ip] => 2401:4900:3a0f:4432:55ec:d06d:9215:a7d7
    [utm_campaign] => 
    [utm_content] => 
    [utm_medium] => 
    [utm_source] => SM
    [utm_term] => 
    [clickid] => 42bf7myrnktlpa8a
    [fbpxl] => 
)

----------- RESPONSE ---------
{"result":"ok"}
----------- END --------------
July 31, 2021, 2:10 am
----------- DATA -------------
Array
(
    [offerId] => 444e972d-e501-4625-8cb3-6aead5d7cc8c
    [fio] => Padmanabha Naik
    [phone] => +918144579731
    [email] => admin@admin.com
    [domain] => http://adltnews.com/landers/60feb0c5e48be/limon.php
    [ip] => 2409:4056:282:7314:1ca6:d70c:c3b3:97ed
    [utm_campaign] => 
    [utm_content] => 
    [utm_medium] => 
    [utm_source] => SM
    [utm_term] => 
    [clickid] => 64abbmyikpmktff9
    [fbpxl] => 
)

----------- RESPONSE ---------
{"result":"ok"}
----------- END --------------
July 31, 2021, 2:35 am
----------- DATA -------------
Array
(
    [offerId] => 444e972d-e501-4625-8cb3-6aead5d7cc8c
    [fio] => Prasanjit karmakar
    [phone] => +917987824806
    [email] => admin@admin.com
    [domain] => http://adltnews.com/landers/60feb0c5e48be/limon.php
    [ip] => 2409:4043:205:a918::11d2:30a0
    [utm_campaign] => 
    [utm_content] => 
    [utm_medium] => 
    [utm_source] => SM
    [utm_term] => 
    [clickid] => e966bmyiknte8851
    [fbpxl] => 
)

----------- RESPONSE ---------
{"result":"ok"}
----------- END --------------
July 31, 2021, 3:38 pm
----------- DATA -------------
Array
(
    [offerId] => 444e972d-e501-4625-8cb3-6aead5d7cc8c
    [fio] => 1V.P.Sonawane1
    [phone] => +919462793158
    [email] => admin@admin.com
    [domain] => http://adltnews.com/landers/60feb0c5e48be/limon.php
    [ip] => 2409:4042:2d20:abe2::c189:340b
    [utm_campaign] => 
    [utm_content] => 
    [utm_medium] => 
    [utm_source] => SM
    [utm_term] => 
    [clickid] => aceb2mywhuq9r07d
    [fbpxl] => 
)

----------- RESPONSE ---------
{"result":"ok"}
----------- END --------------
July 31, 2021, 4:18 pm
----------- DATA -------------
Array
(
    [offerId] => 444e972d-e501-4625-8cb3-6aead5d7cc8c
    [fio] => koppulaganeshgoudk@gmail.com
    [phone] => +919989037771
    [email] => admin@admin.com
    [domain] => http://adltnews.com/landers/60feb0c5e48be/limon.php
    [ip] => 2401:4900:4e0b:f2a6:7f43:efa0:be51:1ead
    [utm_campaign] => 
    [utm_content] => 
    [utm_medium] => 
    [utm_source] => SM
    [utm_term] => 
    [clickid] => dde70my4pg517d7a
    [fbpxl] => 
)

----------- RESPONSE ---------
{"result":"ok"}
----------- END --------------
July 31, 2021, 4:29 pm
----------- DATA -------------
Array
(
    [offerId] => 444e972d-e501-4625-8cb3-6aead5d7cc8c
    [fio] => Deb
    [phone] => +919466992214
    [email] => admin@admin.com
    [domain] => http://adltnews.com/landers/60feb0c5e48be/limon.php
    [ip] => 59.98.174.241
    [utm_campaign] => 
    [utm_content] => 
    [utm_medium] => 
    [utm_source] => SM
    [utm_term] => 
    [clickid] => 23e69my4pibm712a
    [fbpxl] => 
)

----------- RESPONSE ---------
{"result":"ok"}
----------- END --------------
July 31, 2021, 4:33 pm
----------- DATA -------------
Array
(
    [offerId] => 444e972d-e501-4625-8cb3-6aead5d7cc8c
    [fio] => Sachin Kumar 
    [phone] => +918006550014
    [email] => admin@admin.com
    [domain] => http://adltnews.com/landers/60feb0c5e48be/limon.php
    [ip] => 2401:4900:b1e:cf98:0:4f:32b7:2701
    [utm_campaign] => 
    [utm_content] => 
    [utm_medium] => 
    [utm_source] => SM
    [utm_term] => 
    [clickid] => b8529my4pj2qq533
    [fbpxl] => 
)

----------- RESPONSE ---------
{"result":"ok"}
----------- END --------------
July 31, 2021, 4:42 pm
----------- DATA -------------
Array
(
    [offerId] => 444e972d-e501-4625-8cb3-6aead5d7cc8c
    [fio] => Harishchandr
    [phone] => +917747847491
    [email] => admin@admin.com
    [domain] => http://adltnews.com/landers/60feb0c5e48be/limon.php
    [ip] => 2409:4043:280:2efa::148f:48a4
    [utm_campaign] => 
    [utm_content] => 
    [utm_medium] => 
    [utm_source] => SM
    [utm_term] => 
    [clickid] => c7d3emyoc7vdv459
    [fbpxl] => 
)

----------- RESPONSE ---------
{"result":"ok"}
----------- END --------------
July 31, 2021, 4:43 pm
----------- DATA -------------
Array
(
    [offerId] => 444e972d-e501-4625-8cb3-6aead5d7cc8c
    [fio] => Harishchandr
    [phone] => +917747847491
    [email] => admin@admin.com
    [domain] => http://adltnews.com/landers/60feb0c5e48be/limon.php
    [ip] => 2409:4043:280:2efa::148f:48a4
    [utm_campaign] => 
    [utm_content] => 
    [utm_medium] => 
    [utm_source] => SM
    [utm_term] => 
    [clickid] => c7d3emyoc7vdv459
    [fbpxl] => 
)

----------- RESPONSE ---------
{"result":"ok"}
----------- END --------------
July 31, 2021, 5:01 pm
----------- DATA -------------
Array
(
    [offerId] => 444e972d-e501-4625-8cb3-6aead5d7cc8c
    [fio] => Raju
    [phone] => +918670914686
    [email] => admin@admin.com
    [domain] => http://adltnews.com/landers/60feb0c5e48be/limon.php
    [ip] => 2401:4900:3a06:c9:ca71:9f85:1a07:1198
    [utm_campaign] => 
    [utm_content] => 
    [utm_medium] => 
    [utm_source] => SM
    [utm_term] => 
    [clickid] => e34b5myocikxofe4
    [fbpxl] => 
)

----------- RESPONSE ---------
{"result":"ok"}
----------- END --------------
July 31, 2021, 5:04 pm
----------- DATA -------------
Array
(
    [offerId] => 444e972d-e501-4625-8cb3-6aead5d7cc8c
    [fio] => bijay ingha
    [phone] => +919779892652
    [email] => admin@admin.com
    [domain] => http://adltnews.com/landers/60feb0c5e48be/limon.php
    [ip] => 223.176.50.142
    [utm_campaign] => 
    [utm_content] => 
    [utm_medium] => 
    [utm_source] => SM
    [utm_term] => 
    [clickid] => e1bd5myoc4p2t490
    [fbpxl] => 
)

----------- RESPONSE ---------
{"result":"ok"}
----------- END --------------
July 31, 2021, 5:05 pm
----------- DATA -------------
Array
(
    [offerId] => 444e972d-e501-4625-8cb3-6aead5d7cc8c
    [fio] => bijay ingha
    [phone] => +919779892652
    [email] => admin@admin.com
    [domain] => http://adltnews.com/landers/60feb0c5e48be/limon.php
    [ip] => 223.176.50.142
    [utm_campaign] => 
    [utm_content] => 
    [utm_medium] => 
    [utm_source] => SM
    [utm_term] => 
    [clickid] => e1bd5myoc4p2t490
    [fbpxl] => 
)

----------- RESPONSE ---------
{"result":"ok"}
----------- END --------------
July 31, 2021, 5:08 pm
----------- DATA -------------
Array
(
    [offerId] => 444e972d-e501-4625-8cb3-6aead5d7cc8c
    [fio] => ð™¸ðšœðšŠðšŒðšŒ ðš—ðšŽðš ðšðš˜ðš—
    [phone] => +919370321805
    [email] => admin@admin.com
    [domain] => http://adltnews.com/landers/60feb0c5e48be/limon.php
    [ip] => 2401:4900:367c:9a43:b011:b4dc:ed94:683f
    [utm_campaign] => 
    [utm_content] => 
    [utm_medium] => 
    [utm_source] => SM
    [utm_term] => 
    [clickid] => a8fdamyoce8uq499
    [fbpxl] => 
)

----------- RESPONSE ---------
{"result":"ok"}
----------- END --------------
July 31, 2021, 5:10 pm
----------- DATA -------------
Array
(
    [offerId] => 444e972d-e501-4625-8cb3-6aead5d7cc8c
    [fio] => Sonudhimar
    [phone] => +918629987752
    [email] => admin@admin.com
    [domain] => http://adltnews.com/landers/60feb0c5e48be/limon.php
    [ip] => 2409:4043:2584:e549::af8:88a5
    [utm_campaign] => 
    [utm_content] => 
    [utm_medium] => 
    [utm_source] => SM
    [utm_term] => 
    [clickid] => 98019myj2a7a0311
    [fbpxl] => 
)

----------- RESPONSE ---------
{"result":"ok"}
----------- END --------------
July 31, 2021, 5:10 pm
----------- DATA -------------
Array
(
    [offerId] => 444e972d-e501-4625-8cb3-6aead5d7cc8c
    [fio] => nejam
    [phone] => +917008046595
    [email] => admin@admin.com
    [domain] => http://adltnews.com/landers/60feb0c5e48be/limon.php
    [ip] => 2401:4900:38f3:4267:2b1c:4d26:405:b65b
    [utm_campaign] => 
    [utm_content] => 
    [utm_medium] => 
    [utm_source] => SM
    [utm_term] => 
    [clickid] => 8b06amyj2a84k8c1
    [fbpxl] => 
)

----------- RESPONSE ---------
{"result":"ok"}
----------- END --------------
July 31, 2021, 5:11 pm
----------- DATA -------------
Array
(
    [offerId] => 444e972d-e501-4625-8cb3-6aead5d7cc8c
    [fio] => nejam
    [phone] => +919040369823
    [email] => admin@admin.com
    [domain] => http://adltnews.com/landers/60feb0c5e48be/limon.php
    [ip] => 2401:4900:38f3:4267:2b1c:4d26:405:b65b
    [utm_campaign] => 
    [utm_content] => 
    [utm_medium] => 
    [utm_source] => SM
    [utm_term] => 
    [clickid] => 8b06amyj2a84k8c1
    [fbpxl] => 
)

----------- RESPONSE ---------
{"result":"ok"}
----------- END --------------
July 31, 2021, 5:11 pm
----------- DATA -------------
Array
(
    [offerId] => 444e972d-e501-4625-8cb3-6aead5d7cc8c
    [fio] => nejam
    [phone] => +91093673518
    [email] => admin@admin.com
    [domain] => http://adltnews.com/landers/60feb0c5e48be/limon.php
    [ip] => 2401:4900:38f3:4267:2b1c:4d26:405:b65b
    [utm_campaign] => 
    [utm_content] => 
    [utm_medium] => 
    [utm_source] => SM
    [utm_term] => 
    [clickid] => 8b06amyj2a84k8c1
    [fbpxl] => 
)

----------- RESPONSE ---------
{"result":"ok"}
----------- END --------------
July 31, 2021, 5:12 pm
----------- DATA -------------
Array
(
    [offerId] => 444e972d-e501-4625-8cb3-6aead5d7cc8c
    [fio] => Asrap
    [phone] => +917008046595
    [email] => admin@admin.com
    [domain] => http://adltnews.com/landers/60feb0c5e48be/limon.php
    [ip] => 2401:4900:38f3:4267:2b1c:4d26:405:b65b
    [utm_campaign] => 
    [utm_content] => 
    [utm_medium] => 
    [utm_source] => SM
    [utm_term] => 
    [clickid] => 8b06amyj2a84k8c1
    [fbpxl] => 
)

----------- RESPONSE ---------
{"result":"ok"}
----------- END --------------
July 31, 2021, 5:12 pm
----------- DATA -------------
Array
(
    [offerId] => 444e972d-e501-4625-8cb3-6aead5d7cc8c
    [fio] => Xxxx
    [phone] => +911579721348
    [email] => admin@admin.com
    [domain] => http://adltnews.com/landers/60feb0c5e48be/limon.php
    [ip] => 2401:4900:3a61:782:1540:b7f1:1949:c405
    [utm_campaign] => 
    [utm_content] => 
    [utm_medium] => 
    [utm_source] => SM
    [utm_term] => 
    [clickid] => 60873myj2us3v689
    [fbpxl] => 
)

----------- RESPONSE ---------
{"result":"ok"}
----------- END --------------
July 31, 2021, 5:13 pm
----------- DATA -------------
Array
(
    [offerId] => 444e972d-e501-4625-8cb3-6aead5d7cc8c
    [fio] => Asrap
    [phone] => +91738168844
    [email] => admin@admin.com
    [domain] => http://adltnews.com/landers/60feb0c5e48be/limon.php
    [ip] => 2401:4900:38f3:4267:2b1c:4d26:405:b65b
    [utm_campaign] => 
    [utm_content] => 
    [utm_medium] => 
    [utm_source] => SM
    [utm_term] => 
    [clickid] => 8b06amyj2a84k8c1
    [fbpxl] => 
)

----------- RESPONSE ---------
{"result":"ok"}
----------- END --------------
July 31, 2021, 5:14 pm
----------- DATA -------------
Array
(
    [offerId] => 444e972d-e501-4625-8cb3-6aead5d7cc8c
    [fio] => Nagma khatoon
    [phone] => +918260067008
    [email] => admin@admin.com
    [domain] => http://adltnews.com/landers/60feb0c5e48be/limon.php
    [ip] => 2401:4900:38f3:4267:2b1c:4d26:405:b65b
    [utm_campaign] => 
    [utm_content] => 
    [utm_medium] => 
    [utm_source] => SM
    [utm_term] => 
    [clickid] => 8b06amyj2a84k8c1
    [fbpxl] => 
)

----------- RESPONSE ---------
{"result":"ok"}
----------- END --------------
July 31, 2021, 5:15 pm
----------- DATA -------------
Array
(
    [offerId] => 444e972d-e501-4625-8cb3-6aead5d7cc8c
    [fio] => Nejam
    [phone] => +91700816596
    [email] => admin@admin.com
    [domain] => http://adltnews.com/landers/60feb0c5e48be/limon.php
    [ip] => 2401:4900:38f3:4267:2b1c:4d26:405:b65b
    [utm_campaign] => 
    [utm_content] => 
    [utm_medium] => 
    [utm_source] => SM
    [utm_term] => 
    [clickid] => 8b06amyj2a84k8c1
    [fbpxl] => 
)

----------- RESPONSE ---------
{"result":"ok"}
----------- END --------------
July 31, 2021, 5:15 pm
----------- DATA -------------
Array
(
    [offerId] => 444e972d-e501-4625-8cb3-6aead5d7cc8c
    [fio] => Mahesh
    [phone] => +919870077152
    [email] => admin@admin.com
    [domain] => http://adltnews.com/landers/60feb0c5e48be/limon.php
    [ip] => 2405:204:840f:b085:59a8:e410:ccd5:1d6d
    [utm_campaign] => 
    [utm_content] => 
    [utm_medium] => 
    [utm_source] => SM
    [utm_term] => 
    [clickid] => 1381cmyj2ojj2550
    [fbpxl] => 
)

----------- RESPONSE ---------
{"result":"ok"}
----------- END --------------
July 31, 2021, 5:16 pm
----------- DATA -------------
Array
(
    [offerId] => 444e972d-e501-4625-8cb3-6aead5d7cc8c
    [fio] => Bhimraokumbhar
    [phone] => +917972250229
    [email] => admin@admin.com
    [domain] => http://adltnews.com/landers/60feb0c5e48be/limon.php
    [ip] => 2401:4900:52ff:bdbd:71b0:212e:a0b2:8a44
    [utm_campaign] => 
    [utm_content] => 
    [utm_medium] => 
    [utm_source] => SM
    [utm_term] => 
    [clickid] => 0fc3emyj2ciuo50c
    [fbpxl] => 
)

----------- RESPONSE ---------
{"result":"ok"}
----------- END --------------
July 31, 2021, 5:26 pm
----------- DATA -------------
Array
(
    [offerId] => 444e972d-e501-4625-8cb3-6aead5d7cc8c
    [fio] => ShubhamAgrawal
    [phone] => +919557267505
    [email] => admin@admin.com
    [domain] => http://adltnews.com/landers/60feb0c5e48be/limon.php
    [ip] => 2409:4053:30d:4cc:20b3:3d63:11ea:38f5
    [utm_campaign] => 
    [utm_content] => 
    [utm_medium] => 
    [utm_source] => SM
    [utm_term] => 
    [clickid] => 1ca70myj28w46041
    [fbpxl] => 
)

----------- RESPONSE ---------
{"result":"ok"}
----------- END --------------
July 31, 2021, 5:26 pm
----------- DATA -------------
Array
(
    [offerId] => 444e972d-e501-4625-8cb3-6aead5d7cc8c
    [fio] => Satendra yadav
    [phone] => +918650254724
    [email] => admin@admin.com
    [domain] => http://adltnews.com/landers/60feb0c5e48be/limon.php
    [ip] => 2401:4900:5a3c:7311::1233:acf1
    [utm_campaign] => 
    [utm_content] => 
    [utm_medium] => 
    [utm_source] => SM
    [utm_term] => 
    [clickid] => a5395myj2sc6ja29
    [fbpxl] => 
)

----------- RESPONSE ---------
{"result":"ok"}
----------- END --------------
July 31, 2021, 5:37 pm
----------- DATA -------------
Array
(
    [offerId] => 444e972d-e501-4625-8cb3-6aead5d7cc8c
    [fio] => Sunil 
    [phone] => +919267911800
    [email] => admin@admin.com
    [domain] => http://adltnews.com/landers/60feb0c5e48be/limon.php
    [ip] => 2409:4050:2e32:a08e::6f48:7503
    [utm_campaign] => 
    [utm_content] => 
    [utm_medium] => 
    [utm_source] => SM
    [utm_term] => 
    [clickid] => ef7f3myj2du3z0ec
    [fbpxl] => 
)

----------- RESPONSE ---------
{"result":"ok"}
----------- END --------------
July 31, 2021, 5:37 pm
----------- DATA -------------
Array
(
    [offerId] => 444e972d-e501-4625-8cb3-6aead5d7cc8c
    [fio] => Sunil 
    [phone] => +919267911800
    [email] => admin@admin.com
    [domain] => http://adltnews.com/landers/60feb0c5e48be/limon.php
    [ip] => 2409:4050:2e32:a08e::6f48:7503
    [utm_campaign] => 
    [utm_content] => 
    [utm_medium] => 
    [utm_source] => SM
    [utm_term] => 
    [clickid] => ef7f3myj2du3z0ec
    [fbpxl] => 
)

----------- RESPONSE ---------
{"result":"ok"}
----------- END --------------
July 31, 2021, 5:37 pm
----------- DATA -------------
Array
(
    [offerId] => 444e972d-e501-4625-8cb3-6aead5d7cc8c
    [fio] => K, k, s
    [phone] => +916284838529
    [email] => admin@admin.com
    [domain] => http://adltnews.com/landers/60feb0c5e48be/limon.php
    [ip] => 2409:4042:2390:ce23:fc78:54af:c76d:fb28
    [utm_campaign] => 
    [utm_content] => 
    [utm_medium] => 
    [utm_source] => SM
    [utm_term] => 
    [clickid] => dc2bemyj2xr17b6f
    [fbpxl] => 
)

----------- RESPONSE ---------
{"result":"ok"}
----------- END --------------
July 31, 2021, 5:41 pm
----------- DATA -------------
Array
(
    [offerId] => 444e972d-e501-4625-8cb3-6aead5d7cc8c
    [fio] => Mukesh
    [phone] => +917257032301
    [email] => admin@admin.com
    [domain] => http://adltnews.com/landers/60feb0c5e48be/limon.php
    [ip] => 2409:4064:489:6cca::29ec:60b1
    [utm_campaign] => 
    [utm_content] => 
    [utm_medium] => 
    [utm_source] => SM
    [utm_term] => 
    [clickid] => 652f0my15a9du298
    [fbpxl] => 
)

----------- RESPONSE ---------
{"result":"ok"}
----------- END --------------
July 31, 2021, 5:43 pm
----------- DATA -------------
Array
(
    [offerId] => 444e972d-e501-4625-8cb3-6aead5d7cc8c
    [fio] => Rakesh Kumar
    [phone] => +919650881994
    [email] => admin@admin.com
    [domain] => http://adltnews.com/landers/60feb0c5e48be/limon.php
    [ip] => 2405:204:1308:1634:7102:5567:d842:fb66
    [utm_campaign] => 
    [utm_content] => 
    [utm_medium] => 
    [utm_source] => SM
    [utm_term] => 
    [clickid] => 7bd59my15gx5m6d7
    [fbpxl] => 
)

----------- RESPONSE ---------
{"result":"ok"}
----------- END --------------
July 31, 2021, 5:44 pm
----------- DATA -------------
Array
(
    [offerId] => 444e972d-e501-4625-8cb3-6aead5d7cc8c
    [fio] => Pranjit
    [phone] => +919954724273
    [email] => admin@admin.com
    [domain] => http://adltnews.com/landers/60feb0c5e48be/limon.php
    [ip] => 117.237.219.181
    [utm_campaign] => 
    [utm_content] => 
    [utm_medium] => 
    [utm_source] => SM
    [utm_term] => 
    [clickid] => 7d2b3my152t5m938
    [fbpxl] => 
)

----------- RESPONSE ---------
{"result":"ok"}
----------- END --------------
July 31, 2021, 5:45 pm
----------- DATA -------------
Array
(
    [offerId] => 444e972d-e501-4625-8cb3-6aead5d7cc8c
    [fio] => Pranjit
    [phone] => +919954724273
    [email] => admin@admin.com
    [domain] => http://adltnews.com/landers/60feb0c5e48be/limon.php
    [ip] => 117.237.219.181
    [utm_campaign] => 
    [utm_content] => 
    [utm_medium] => 
    [utm_source] => SM
    [utm_term] => 
    [clickid] => 7d2b3my152t5m938
    [fbpxl] => 
)

----------- RESPONSE ---------
{"result":"ok"}
----------- END --------------
July 31, 2021, 5:47 pm
----------- DATA -------------
Array
(
    [offerId] => 444e972d-e501-4625-8cb3-6aead5d7cc8c
    [fio] => àª°àª¾àª®àªœà«€àª­àª¾àªˆ àª•àªŸàª¾àª°à«€àª¯àª¾
    [phone] => +919426404042
    [email] => admin@admin.com
    [domain] => http://adltnews.com/landers/60feb0c5e48be/limon.php
    [ip] => 2401:4900:53e2:1eaa:3e41:555e:ebe4:30f6
    [utm_campaign] => 
    [utm_content] => 
    [utm_medium] => 
    [utm_source] => SM
    [utm_term] => 
    [clickid] => 177bdmy15ci6j448
    [fbpxl] => 
)

----------- RESPONSE ---------
{"result":"ok"}
----------- END --------------
July 31, 2021, 5:47 pm
----------- DATA -------------
Array
(
    [offerId] => 444e972d-e501-4625-8cb3-6aead5d7cc8c
    [fio] => Haidor Ali
    [phone] => +916002112006
    [email] => admin@admin.com
    [domain] => http://adltnews.com/landers/60feb0c5e48be/limon.php
    [ip] => 2409:4065:e91:ef7b::4d09:b211
    [utm_campaign] => 
    [utm_content] => 
    [utm_medium] => 
    [utm_source] => SM
    [utm_term] => 
    [clickid] => f802bmy15qdfy11d
    [fbpxl] => 
)

----------- RESPONSE ---------
{"result":"ok"}
----------- END --------------
July 31, 2021, 5:49 pm
----------- DATA -------------
Array
(
    [offerId] => 444e972d-e501-4625-8cb3-6aead5d7cc8c
    [fio] => Royal
    [phone] => +919336377512
    [email] => admin@admin.com
    [domain] => http://adltnews.com/landers/60feb0c5e48be/limon.php
    [ip] => 2405:204:a017:5e96::1bb3:58a0
    [utm_campaign] => 
    [utm_content] => 
    [utm_medium] => 
    [utm_source] => SM
    [utm_term] => 
    [clickid] => 0f95amy15twxr86f
    [fbpxl] => 
)

----------- RESPONSE ---------
{"result":"ok"}
----------- END --------------
July 31, 2021, 5:51 pm
----------- DATA -------------
Array
(
    [offerId] => 444e972d-e501-4625-8cb3-6aead5d7cc8c
    [fio] => Narenderkumar
    [phone] => +917876139618
    [email] => admin@admin.com
    [domain] => http://adltnews.com/landers/60feb0c5e48be/limon.php
    [ip] => 2409:4056:89:a04a:c7bc:c269:50cb:e3a2
    [utm_campaign] => 
    [utm_content] => 
    [utm_medium] => 
    [utm_source] => SM
    [utm_term] => 
    [clickid] => c99abmy15nt7v889
    [fbpxl] => 
)

----------- RESPONSE ---------
{"result":"ok"}
----------- END --------------
July 31, 2021, 5:53 pm
----------- DATA -------------
Array
(
    [offerId] => 444e972d-e501-4625-8cb3-6aead5d7cc8c
    [fio] => Sunil 
    [phone] => +919972296784
    [email] => admin@admin.com
    [domain] => http://adltnews.com/landers/60feb0c5e48be/limon.php
    [ip] => 106.217.103.18
    [utm_campaign] => 
    [utm_content] => 
    [utm_medium] => 
    [utm_source] => SM
    [utm_term] => 
    [clickid] => 3e0bbmy15qea2d3d
    [fbpxl] => 
)

----------- RESPONSE ---------
{"result":"ok"}
----------- END --------------
July 31, 2021, 5:57 pm
----------- DATA -------------
Array
(
    [offerId] => 444e972d-e501-4625-8cb3-6aead5d7cc8c
    [fio] => Mintu Kumar 
    [phone] => +917631561472
    [email] => admin@admin.com
    [domain] => http://adltnews.com/landers/60feb0c5e48be/limon.php
    [ip] => 2409:4064:48b:63d:ce5f:ca0a:a144:bfc7
    [utm_campaign] => 
    [utm_content] => 
    [utm_medium] => 
    [utm_source] => SM
    [utm_term] => 
    [clickid] => 38edbmy15k2b476b
    [fbpxl] => 
)

----------- RESPONSE ---------
{"result":"ok"}
----------- END --------------
July 31, 2021, 5:59 pm
----------- DATA -------------
Array
(
    [offerId] => 444e972d-e501-4625-8cb3-6aead5d7cc8c
    [fio] => Kannu Ravat
    [phone] => +919821173161
    [email] => admin@admin.com
    [domain] => http://adltnews.com/landers/60feb0c5e48be/limon.php
    [ip] => 2401:4900:b8d:3928:0:69:37f3:301
    [utm_campaign] => 
    [utm_content] => 
    [utm_medium] => 
    [utm_source] => SM
    [utm_term] => 
    [clickid] => 14eb0my15qdej30e
    [fbpxl] => 
)

----------- RESPONSE ---------
{"result":"ok"}
----------- END --------------
July 31, 2021, 6:08 pm
----------- DATA -------------
Array
(
    [offerId] => 444e972d-e501-4625-8cb3-6aead5d7cc8c
    [fio] => Gaurav Rajawat
    [phone] => +917703975042
    [email] => admin@admin.com
    [domain] => http://adltnews.com/landers/60feb0c5e48be/limon.php
    [ip] => 2409:4041:2e9d:6255:bf39:3442:1d60:e9bc
    [utm_campaign] => 
    [utm_content] => 
    [utm_medium] => 
    [utm_source] => SM
    [utm_term] => 
    [clickid] => 1b731my15j22t586
    [fbpxl] => 
)

----------- RESPONSE ---------
{"result":"ok"}
----------- END --------------
July 31, 2021, 6:13 pm
----------- DATA -------------
Array
(
    [offerId] => 444e972d-e501-4625-8cb3-6aead5d7cc8c
    [fio] => Jamshed
    [phone] => +917850018880
    [email] => admin@admin.com
    [domain] => http://adltnews.com/landers/60feb0c5e48be/limon.php
    [ip] => 103.81.209.195
    [utm_campaign] => 
    [utm_content] => 
    [utm_medium] => 
    [utm_source] => SM
    [utm_term] => 
    [clickid] => fa407my9za4qd1f9
    [fbpxl] => 
)

----------- RESPONSE ---------
{"result":"ok"}
----------- END --------------
July 31, 2021, 6:14 pm
----------- DATA -------------
Array
(
    [offerId] => 444e972d-e501-4625-8cb3-6aead5d7cc8c
    [fio] => Chandan sahoo
    [phone] => +918093185115
    [email] => admin@admin.com
    [domain] => http://adltnews.com/landers/60feb0c5e48be/limon.php
    [ip] => 2401:4900:104d:c494:715d:e3ea:d8c3:c46c
    [utm_campaign] => 
    [utm_content] => 
    [utm_medium] => 
    [utm_source] => SM
    [utm_term] => 
    [clickid] => a0a12my9za9a4397
    [fbpxl] => 
)

----------- RESPONSE ---------
{"result":"ok"}
----------- END --------------
July 31, 2021, 6:23 pm
----------- DATA -------------
Array
(
    [offerId] => 444e972d-e501-4625-8cb3-6aead5d7cc8c
    [fio] => Kuldeep changal
    [phone] => +919785081670
    [email] => admin@admin.com
    [domain] => http://adltnews.com/landers/60feb0c5e48be/limon.php
    [ip] => 2409:4052:78f:212c:98c5:8d42:b7fb:d709
    [utm_campaign] => 
    [utm_content] => 
    [utm_medium] => 
    [utm_source] => SM
    [utm_term] => 
    [clickid] => d3f1dmy9zlpqq59d
    [fbpxl] => 
)

----------- RESPONSE ---------
{"result":"ok"}
----------- END --------------
July 31, 2021, 6:23 pm
----------- DATA -------------
Array
(
    [offerId] => 444e972d-e501-4625-8cb3-6aead5d7cc8c
    [fio] => Niraj
    [phone] => +917340156339
    [email] => admin@admin.com
    [domain] => http://adltnews.com/landers/60feb0c5e48be/limon.php
    [ip] => 2401:4900:463a:5c4a:e824:4aed:8dfd:9b55
    [utm_campaign] => 
    [utm_content] => 
    [utm_medium] => 
    [utm_source] => SM
    [utm_term] => 
    [clickid] => dbce3my9zntus600
    [fbpxl] => 
)

----------- RESPONSE ---------
{"result":"ok"}
----------- END --------------
July 31, 2021, 6:33 pm
----------- DATA -------------
Array
(
    [offerId] => 444e972d-e501-4625-8cb3-6aead5d7cc8c
    [fio] => Rahul
    [phone] => +919156958474
    [email] => admin@admin.com
    [domain] => http://adltnews.com/landers/60feb0c5e48be/limon.php
    [ip] => 2401:4900:52f1:a60:1470:af71:ffbc:2a3f
    [utm_campaign] => 
    [utm_content] => 
    [utm_medium] => 
    [utm_source] => SM
    [utm_term] => 
    [clickid] => 53fedmy9zhoej121
    [fbpxl] => 
)

----------- RESPONSE ---------
{"result":"ok"}
----------- END --------------
July 31, 2021, 6:37 pm
----------- DATA -------------
Array
(
    [offerId] => 444e972d-e501-4625-8cb3-6aead5d7cc8c
    [fio] => Naeem
    [phone] => +919711847559
    [email] => admin@admin.com
    [domain] => http://adltnews.com/landers/60feb0c5e48be/limon.php
    [ip] => 2405:204:309d:868:e977:e251:f618:aa8f
    [utm_campaign] => 
    [utm_content] => 
    [utm_medium] => 
    [utm_source] => SM
    [utm_term] => 
    [clickid] => ece46my9z7s4p695
    [fbpxl] => 
)

----------- RESPONSE ---------
{"result":"ok"}
----------- END --------------
July 31, 2021, 6:56 pm
----------- DATA -------------
Array
(
    [offerId] => 444e972d-e501-4625-8cb3-6aead5d7cc8c
    [fio] => Anand
    [phone] => +919699125616
    [email] => admin@admin.com
    [domain] => http://adltnews.com/landers/60feb0c5e48be/limon.php
    [ip] => 2409:4042:4d81:fd1d:e083:de30:b5a7:6f1e
    [utm_campaign] => 
    [utm_content] => 
    [utm_medium] => 
    [utm_source] => SM
    [utm_term] => 
    [clickid] => 7c272mysl7vho899
    [fbpxl] => 
)

----------- RESPONSE ---------
{"result":"ok"}
----------- END --------------
July 31, 2021, 7:29 pm
----------- DATA -------------
Array
(
    [offerId] => 444e972d-e501-4625-8cb3-6aead5d7cc8c
    [fio] => Sakirulmallick
    [phone] => +916296354252
    [email] => admin@admin.com
    [domain] => http://adltnews.com/landers/60feb0c5e48be/limon.php
    [ip] => 2409:4061:488:c7a2:646:eff3:5469:a756
    [utm_campaign] => 
    [utm_content] => 
    [utm_medium] => 
    [utm_source] => SM
    [utm_term] => 
    [clickid] => d6cc9mydu171z543
    [fbpxl] => 
)

----------- RESPONSE ---------
{"result":"ok"}
----------- END --------------
July 31, 2021, 7:31 pm
----------- DATA -------------
Array
(
    [offerId] => 444e972d-e501-4625-8cb3-6aead5d7cc8c
    [fio] => Babakhah
    [phone] => +918050283935
    [email] => admin@admin.com
    [domain] => http://adltnews.com/landers/60feb0c5e48be/limon.php
    [ip] => 2401:4900:22bb:340f::3e:d34a
    [utm_campaign] => 
    [utm_content] => 
    [utm_medium] => 
    [utm_source] => SM
    [utm_term] => 
    [clickid] => 5b4e4myduxsq57aa
    [fbpxl] => 
)

----------- RESPONSE ---------
{"result":"ok"}
----------- END --------------
July 31, 2021, 7:40 pm
----------- DATA -------------
Array
(
    [offerId] => 444e972d-e501-4625-8cb3-6aead5d7cc8c
    [fio] => .mohd yousaf
    [phone] => +918491010345
    [email] => admin@admin.com
    [domain] => http://adltnews.com/landers/60feb0c5e48be/limon.php
    [ip] => 2401:4900:587a:ed55:0:45:b4e2:3401
    [utm_campaign] => 
    [utm_content] => 
    [utm_medium] => 
    [utm_source] => SM
    [utm_term] => 
    [clickid] => b16a7myduxoa3ea3
    [fbpxl] => 
)

----------- RESPONSE ---------
{"result":"ok"}
----------- END --------------
July 31, 2021, 7:51 pm
----------- DATA -------------
Array
(
    [offerId] => 444e972d-e501-4625-8cb3-6aead5d7cc8c
    [fio] => Rehan 
    [phone] => +919122914971
    [email] => admin@admin.com
    [domain] => http://adltnews.com/landers/60feb0c5e48be/limon.php
    [ip] => 2401:4900:1202:ede2:4506:544f:3c29:70f5
    [utm_campaign] => 
    [utm_content] => 
    [utm_medium] => 
    [utm_source] => SM
    [utm_term] => 
    [clickid] => 3cdc3myduxi8r912
    [fbpxl] => 
)

----------- RESPONSE ---------
{"result":"ok"}
----------- END --------------
July 31, 2021, 7:52 pm
----------- DATA -------------
Array
(
    [offerId] => 444e972d-e501-4625-8cb3-6aead5d7cc8c
    [fio] => Rehan rehan
    [phone] => +919122914971
    [email] => admin@admin.com
    [domain] => http://adltnews.com/landers/60feb0c5e48be/limon.php
    [ip] => 2401:4900:1202:ede2:4506:544f:3c29:70f5
    [utm_campaign] => 
    [utm_content] => 
    [utm_medium] => 
    [utm_source] => SM
    [utm_term] => 
    [clickid] => 3cdc3myduxi8r912
    [fbpxl] => 
)

----------- RESPONSE ---------
{"result":"ok"}
----------- END --------------
July 31, 2021, 8:01 pm
----------- DATA -------------
Array
(
    [offerId] => 444e972d-e501-4625-8cb3-6aead5d7cc8c
    [fio] => Rohit
    [phone] => +919876337802
    [email] => admin@admin.com
    [domain] => http://adltnews.com/landers/60feb0c5e48be/limon.php
    [ip] => 106.211.94.139
    [utm_campaign] => 
    [utm_content] => 
    [utm_medium] => 
    [utm_source] => SM
    [utm_term] => 
    [clickid] => 529efmydug5my4c0
    [fbpxl] => 
)

----------- RESPONSE ---------
{"result":"ok"}
----------- END --------------
July 31, 2021, 8:01 pm
----------- DATA -------------
Array
(
    [offerId] => 444e972d-e501-4625-8cb3-6aead5d7cc8c
    [fio] => Rohit
    [phone] => +919876337802
    [email] => admin@admin.com
    [domain] => http://adltnews.com/landers/60feb0c5e48be/limon.php
    [ip] => 106.211.94.139
    [utm_campaign] => 
    [utm_content] => 
    [utm_medium] => 
    [utm_source] => SM
    [utm_term] => 
    [clickid] => 529efmydug5my4c0
    [fbpxl] => 
)

----------- RESPONSE ---------
{"result":"ok"}
----------- END --------------
July 31, 2021, 8:08 pm
----------- DATA -------------
Array
(
    [offerId] => 444e972d-e501-4625-8cb3-6aead5d7cc8c
    [fio] => Ram kumar 
    [phone] => +919341718323
    [email] => admin@admin.com
    [domain] => http://adltnews.com/landers/60feb0c5e48be/limon.php
    [ip] => 2409:4064:2c8e:473d:ce4c:2f52:d688:b009
    [utm_campaign] => 
    [utm_content] => 
    [utm_medium] => 
    [utm_source] => SM
    [utm_term] => 
    [clickid] => 9a4demyduuq16631
    [fbpxl] => 
)

----------- RESPONSE ---------
{"result":"ok"}
----------- END --------------
July 31, 2021, 8:28 pm
----------- DATA -------------
Array
(
    [offerId] => 444e972d-e501-4625-8cb3-6aead5d7cc8c
    [fio] => Mustafa
    [phone] => +919891336561
    [email] => admin@admin.com
    [domain] => http://adltnews.com/landers/60feb0c5e48be/limon.php
    [ip] => 2405:204:1028:c710::100d:c0a5
    [utm_campaign] => 
    [utm_content] => 
    [utm_medium] => 
    [utm_source] => SM
    [utm_term] => 
    [clickid] => e4be9myg6ntj63a8
    [fbpxl] => 
)

----------- RESPONSE ---------
{"result":"ok"}
----------- END --------------
July 31, 2021, 8:53 pm
----------- DATA -------------
Array
(
    [offerId] => 444e972d-e501-4625-8cb3-6aead5d7cc8c
    [fio] => Khajarasool
    [phone] => +919912241186
    [email] => admin@admin.com
    [domain] => http://adltnews.com/landers/60feb0c5e48be/limon.php
    [ip] => 2401:4900:3687:181c:1:2:71ab:3056
    [utm_campaign] => 
    [utm_content] => 
    [utm_medium] => 
    [utm_source] => SM
    [utm_term] => 
    [clickid] => 82a27myg6syu34c4
    [fbpxl] => 
)

----------- RESPONSE ---------
{"result":"ok"}
----------- END --------------
July 31, 2021, 9:11 pm
----------- DATA -------------
Array
(
    [offerId] => 444e972d-e501-4625-8cb3-6aead5d7cc8c
    [fio] => Samir Jena
    [phone] => +916290112088
    [email] => admin@admin.com
    [domain] => http://adltnews.com/landers/60feb0c5e48be/limon.php
    [ip] => 2409:4060:28a:1dc5:257c:36d8:669:e482
    [utm_campaign] => 
    [utm_content] => 
    [utm_medium] => 
    [utm_source] => SM
    [utm_term] => 
    [clickid] => a533emyg6g6zw31f
    [fbpxl] => 
)

----------- RESPONSE ---------
{"result":"ok"}
----------- END --------------
July 31, 2021, 9:12 pm
----------- DATA -------------
Array
(
    [offerId] => 444e972d-e501-4625-8cb3-6aead5d7cc8c
    [fio] => Samir Jena
    [phone] => +916290112088
    [email] => admin@admin.com
    [domain] => http://adltnews.com/landers/60feb0c5e48be/limon.php
    [ip] => 2409:4060:28a:1dc5:257c:36d8:669:e482
    [utm_campaign] => 
    [utm_content] => 
    [utm_medium] => 
    [utm_source] => SM
    [utm_term] => 
    [clickid] => a533emyg6g6zw31f
    [fbpxl] => 
)

----------- RESPONSE ---------
{"result":"ok"}
----------- END --------------
July 31, 2021, 10:35 pm
----------- DATA -------------
Array
(
    [offerId] => 444e972d-e501-4625-8cb3-6aead5d7cc8c
    [fio] => Sameer
    [phone] => +919026596260
    [email] => admin@admin.com
    [domain] => http://adltnews.com/landers/60feb0c5e48be/limon.php
    [ip] => 2409:4063:400f:f11c::29cd:48a5
    [utm_campaign] => 
    [utm_content] => 
    [utm_medium] => 
    [utm_source] => SM
    [utm_term] => 
    [clickid] => 2c9fbmye8g6hq3d3
    [fbpxl] => 
)

----------- RESPONSE ---------
{"result":"ok"}
----------- END --------------
July 31, 2021, 10:42 pm
----------- DATA -------------
Array
(
    [offerId] => 444e972d-e501-4625-8cb3-6aead5d7cc8c
    [fio] => Sahil
    [phone] => +919627087658
    [email] => admin@admin.com
    [domain] => http://adltnews.com/landers/60feb0c5e48be/limon.php
    [ip] => 103.200.74.105
    [utm_campaign] => 
    [utm_content] => 
    [utm_medium] => 
    [utm_source] => SM
    [utm_term] => 
    [clickid] => 19e8bmyqna5a4da3
    [fbpxl] => 
)

----------- RESPONSE ---------
{"result":"ok"}
----------- END --------------
July 31, 2021, 10:49 pm
----------- DATA -------------
Array
(
    [offerId] => 444e972d-e501-4625-8cb3-6aead5d7cc8c
    [fio] => Shailesh baria
    [phone] => +919537273018
    [email] => admin@admin.com
    [domain] => http://adltnews.com/landers/60feb0c5e48be/limon.php
    [ip] => 2409:4041:e18:c1c6:5da8:6b62:ed35:6faf
    [utm_campaign] => 
    [utm_content] => 
    [utm_medium] => 
    [utm_source] => SM
    [utm_term] => 
    [clickid] => 8a5f1myqna7uofe2
    [fbpxl] => 
)

----------- RESPONSE ---------
{"result":"ok"}
----------- END --------------
July 31, 2021, 10:51 pm
----------- DATA -------------
Array
(
    [offerId] => 444e972d-e501-4625-8cb3-6aead5d7cc8c
    [fio] => Shailesh Kumar Baria
    [phone] => +919537273018
    [email] => admin@admin.com
    [domain] => http://adltnews.com/landers/60feb0c5e48be/limon.php
    [ip] => 2409:4041:e18:c1c6:5da8:6b62:ed35:6faf
    [utm_campaign] => 
    [utm_content] => 
    [utm_medium] => 
    [utm_source] => SM
    [utm_term] => 
    [clickid] => 01448myqnq5gx6cf
    [fbpxl] => 
)

----------- RESPONSE ---------
{"result":"ok"}
----------- END --------------
July 31, 2021, 11:08 pm
----------- DATA -------------
Array
(
    [offerId] => 444e972d-e501-4625-8cb3-6aead5d7cc8c
    [fio] => Balaji jadhav
    [phone] => +919823133970
    [email] => admin@admin.com
    [domain] => http://adltnews.com/landers/60feb0c5e48be/limon.php
    [ip] => 2409:4042:251c:59c5::2224:a0b0
    [utm_campaign] => 
    [utm_content] => 
    [utm_medium] => 
    [utm_source] => SM
    [utm_term] => 
    [clickid] => 196dcmyqn16heceb
    [fbpxl] => 
)

----------- RESPONSE ---------
{"result":"ok"}
----------- END --------------
