June 26, 2021, 12:02 am
----------- DATA -------------
Array
(
    [offerId] => 08cf3ce6-a966-4d95-b077-550a05b8d0e4
    [fio] => Jaber badaoud
    [phone] => 0771338153
    [email] => admin@admin.com
    [domain] => http://adltracker.site/landers/84d893a750/limon.php
    [ip] => 196.112.36.35
    [utm_campaign] => 
    [utm_content] => 
    [utm_medium] => 
    [utm_source] => CHS
    [utm_term] => 
    [clickid] => db03efta5xsdu5f7
    [fbpxl] => 
)

----------- RESPONSE ---------
{"result":"ok"}
----------- END --------------
June 26, 2021, 12:05 am
----------- DATA -------------
Array
(
    [offerId] => 08cf3ce6-a966-4d95-b077-550a05b8d0e4
    [fio] => هشام
    [phone] => 0646539958
    [email] => admin@admin.com
    [domain] => http://adltracker.site/landers/84d893a750/limon.php
    [ip] => 105.71.16.214
    [utm_campaign] => 
    [utm_content] => 
    [utm_medium] => 
    [utm_source] => CHS
    [utm_term] => 
    [clickid] => a0051fta5cigma41
    [fbpxl] => 
)

----------- RESPONSE ---------
{"result":"ok"}
----------- END --------------
June 26, 2021, 12:10 am
----------- DATA -------------
Array
(
    [offerId] => 08cf3ce6-a966-4d95-b077-550a05b8d0e4
    [fio] => Sma3il
    [phone] => 0628723073
    [email] => admin@admin.com
    [domain] => http://adltracker.site/landers/84d893a750/limon.php
    [ip] => 160.166.199.15
    [utm_campaign] => 
    [utm_content] => 
    [utm_medium] => 
    [utm_source] => CHS
    [utm_term] => 
    [clickid] => 32ca7fta5b4vc16e
    [fbpxl] => 
)

----------- RESPONSE ---------
{"result":"ok"}
----------- END --------------
June 26, 2021, 12:15 am
----------- DATA -------------
Array
(
    [offerId] => 08cf3ce6-a966-4d95-b077-550a05b8d0e4
    [fio] => Daram
    [phone] => 0628723073
    [email] => admin@admin.com
    [domain] => http://adltracker.site/landers/84d893a750/limon.php
    [ip] => 160.166.199.15
    [utm_campaign] => 
    [utm_content] => 
    [utm_medium] => 
    [utm_source] => CHS
    [utm_term] => 
    [clickid] => 32ca7fta5b4vc16e
    [fbpxl] => 
)

----------- RESPONSE ---------
{"result":"ok"}
----------- END --------------
June 26, 2021, 12:15 am
----------- DATA -------------
Array
(
    [offerId] => 08cf3ce6-a966-4d95-b077-550a05b8d0e4
    [fio] => Morad
    [phone] => 0642894421
    [email] => admin@admin.com
    [domain] => http://adltracker.site/landers/84d893a750/limon.php
    [ip] => 160.166.199.15
    [utm_campaign] => 
    [utm_content] => 
    [utm_medium] => 
    [utm_source] => CHS
    [utm_term] => 
    [clickid] => 32ca7fta5b4vc16e
    [fbpxl] => 
)

----------- RESPONSE ---------
{"result":"ok"}
----------- END --------------
June 26, 2021, 12:22 am
----------- DATA -------------
Array
(
    [offerId] => 08cf3ce6-a966-4d95-b077-550a05b8d0e4
    [fio] => El atmani jamal
    [phone] => 0633707167
    [email] => admin@admin.com
    [domain] => http://adltracker.site/landers/84d893a750/limon.php
    [ip] => 105.71.22.121
    [utm_campaign] => 
    [utm_content] => 
    [utm_medium] => 
    [utm_source] => CHS
    [utm_term] => 
    [clickid] => ee86afta59r4p9be
    [fbpxl] => 
)

----------- RESPONSE ---------
{"result":"ok"}
----------- END --------------
June 26, 2021, 12:22 am
----------- DATA -------------
Array
(
    [offerId] => 08cf3ce6-a966-4d95-b077-550a05b8d0e4
    [fio] => Aziz
    [phone] => 0766213862
    [email] => admin@admin.com
    [domain] => http://adltracker.site/landers/84d893a750/limon.php
    [ip] => 102.101.170.203
    [utm_campaign] => 
    [utm_content] => 
    [utm_medium] => 
    [utm_source] => CHS
    [utm_term] => 
    [clickid] => 62d1ffta5scpm9d3
    [fbpxl] => 
)

----------- RESPONSE ---------
{"result":"ok"}
----------- END --------------
June 26, 2021, 12:23 am
----------- DATA -------------
Array
(
    [offerId] => 08cf3ce6-a966-4d95-b077-550a05b8d0e4
    [fio] => El atmani jamal
    [phone] => 0633707167
    [email] => admin@admin.com
    [domain] => http://adltracker.site/landers/84d893a750/limon.php
    [ip] => 105.71.22.121
    [utm_campaign] => 
    [utm_content] => 
    [utm_medium] => 
    [utm_source] => CHS
    [utm_term] => 
    [clickid] => ee86afta59r4p9be
    [fbpxl] => 
)

----------- RESPONSE ---------
{"result":"ok"}
----------- END --------------
June 26, 2021, 12:23 am
----------- DATA -------------
Array
(
    [offerId] => 08cf3ce6-a966-4d95-b077-550a05b8d0e4
    [fio] => El atmani jamal
    [phone] => 0633707167
    [email] => admin@admin.com
    [domain] => http://adltracker.site/landers/84d893a750/limon.php
    [ip] => 105.71.22.121
    [utm_campaign] => 
    [utm_content] => 
    [utm_medium] => 
    [utm_source] => CHS
    [utm_term] => 
    [clickid] => ee86afta59r4p9be
    [fbpxl] => 
)

----------- RESPONSE ---------
{"result":"ok"}
----------- END --------------
June 26, 2021, 12:24 am
----------- DATA -------------
Array
(
    [offerId] => 08cf3ce6-a966-4d95-b077-550a05b8d0e4
    [fio] => عماد 
    [phone] => 0675201545
    [email] => admin@admin.com
    [domain] => http://adltracker.site/landers/84d893a750/limon.php
    [ip] => 197.253.233.22
    [utm_campaign] => 
    [utm_content] => 
    [utm_medium] => 
    [utm_source] => CHS
    [utm_term] => 
    [clickid] => a3607fta5j6rnc65
    [fbpxl] => 
)

----------- RESPONSE ---------
{"result":"ok"}
----------- END --------------
June 26, 2021, 12:25 am
----------- DATA -------------
Array
(
    [offerId] => 08cf3ce6-a966-4d95-b077-550a05b8d0e4
    [fio] => عماد 
    [phone] => 0675201545
    [email] => admin@admin.com
    [domain] => http://adltracker.site/landers/84d893a750/limon.php
    [ip] => 197.253.233.22
    [utm_campaign] => 
    [utm_content] => 
    [utm_medium] => 
    [utm_source] => CHS
    [utm_term] => 
    [clickid] => a3607fta5j6rnc65
    [fbpxl] => 
)

----------- RESPONSE ---------
{"result":"ok"}
----------- END --------------
June 26, 2021, 12:25 am
----------- DATA -------------
Array
(
    [offerId] => 08cf3ce6-a966-4d95-b077-550a05b8d0e4
    [fio] => عماد 
    [phone] => 0675201545
    [email] => admin@admin.com
    [domain] => http://adltracker.site/landers/84d893a750/limon.php
    [ip] => 197.253.233.22
    [utm_campaign] => 
    [utm_content] => 
    [utm_medium] => 
    [utm_source] => CHS
    [utm_term] => 
    [clickid] => a3607fta5j6rnc65
    [fbpxl] => 
)

----------- RESPONSE ---------
{"result":"ok"}
----------- END --------------
June 26, 2021, 12:25 am
----------- DATA -------------
Array
(
    [offerId] => 08cf3ce6-a966-4d95-b077-550a05b8d0e4
    [fio] => القرشي عبدالاله
    [phone] => 0637262407
    [email] => admin@admin.com
    [domain] => http://adltracker.site/landers/84d893a750/limon.php
    [ip] => 102.52.177.74
    [utm_campaign] => 
    [utm_content] => 
    [utm_medium] => 
    [utm_source] => CHS
    [utm_term] => 
    [clickid] => 91a15fta5dvirfb3
    [fbpxl] => 
)

----------- RESPONSE ---------
{"result":"ok"}
----------- END --------------
June 26, 2021, 12:33 am
----------- DATA -------------
Array
(
    [offerId] => 08cf3ce6-a966-4d95-b077-550a05b8d0e4
    [fio] => Morad
    [phone] => 0681452566
    [email] => admin@admin.com
    [domain] => http://adltracker.site/landers/84d893a750/limon.php
    [ip] => 160.179.141.234
    [utm_campaign] => 
    [utm_content] => 
    [utm_medium] => 
    [utm_source] => CHS
    [utm_term] => 
    [clickid] => b7e00fta5m7dv28d
    [fbpxl] => 
)

----------- RESPONSE ---------
{"result":"ok"}
----------- END --------------
June 26, 2021, 12:55 am
----------- DATA -------------
Array
(
    [offerId] => 08cf3ce6-a966-4d95-b077-550a05b8d0e4
    [fio] => Amin
    [phone] => 0694-603653
    [email] => admin@admin.com
    [domain] => http://adltracker.site/landers/84d893a750/limon.php
    [ip] => 105.72.249.134
    [utm_campaign] => 
    [utm_content] => 
    [utm_medium] => 
    [utm_source] => CHS
    [utm_term] => 
    [clickid] => e4d5afta6nt150b8
    [fbpxl] => 
)

----------- RESPONSE ---------
{"result":"ok"}
----------- END --------------
June 26, 2021, 1:14 am
----------- DATA -------------
Array
(
    [offerId] => 08cf3ce6-a966-4d95-b077-550a05b8d0e4
    [fio] => Simo
    [phone] => 070703672020
    [email] => admin@admin.com
    [domain] => http://adltracker.site/landers/84d893a750/limon.php
    [ip] => 196.206.253.80
    [utm_campaign] => 
    [utm_content] => 
    [utm_medium] => 
    [utm_source] => CHS
    [utm_term] => 
    [clickid] => 0f8e5fta6p2fvfd3
    [fbpxl] => 
)

----------- RESPONSE ---------
{"result":"ok"}
----------- END --------------
June 26, 2021, 1:17 am
----------- DATA -------------
Array
(
    [offerId] => 08cf3ce6-a966-4d95-b077-550a05b8d0e4
    [fio] => Test
    [phone] => +213770707070
    [email] => admin@admin.com
    [domain] => http://adltracker.site/landers/84d893a750/limon.php
    [ip] => 154.17.82.242
    [utm_campaign] => 
    [utm_content] => 
    [utm_medium] => 
    [utm_source] => CHS
    [utm_term] => 
    [clickid] => fb37afta63vd5ef6
    [fbpxl] => 
)

----------- RESPONSE ---------
{"result":"ok"}
----------- END --------------
June 26, 2021, 1:17 am
----------- DATA -------------
Array
(
    [offerId] => 08cf3ce6-a966-4d95-b077-550a05b8d0e4
    [fio] => Test
    [phone] => +213770707070
    [email] => admin@admin.com
    [domain] => http://adltracker.site/landers/84d893a750/limon.php
    [ip] => 154.17.82.242
    [utm_campaign] => 
    [utm_content] => 
    [utm_medium] => 
    [utm_source] => CHS
    [utm_term] => 
    [clickid] => fb37afta63vd5ef6
    [fbpxl] => 
)

----------- RESPONSE ---------
{"result":"ok"}
----------- END --------------
June 26, 2021, 1:52 am
----------- DATA -------------
Array
(
    [offerId] => 08cf3ce6-a966-4d95-b077-550a05b8d0e4
    [fio] => Mhamad
    [phone] => 0701101302
    [email] => admin@admin.com
    [domain] => http://adltracker.site/landers/84d893a750/limon.php
    [ip] => 105.67.130.69
    [utm_campaign] => 
    [utm_content] => 
    [utm_medium] => 
    [utm_source] => CHS
    [utm_term] => 
    [clickid] => 2da62fta71na964d
    [fbpxl] => 
)

----------- RESPONSE ---------
{"result":"ok"}
----------- END --------------
June 26, 2021, 2:09 am
----------- DATA -------------
Array
(
    [offerId] => 08cf3ce6-a966-4d95-b077-550a05b8d0e4
    [fio] => Adil
    [phone] => 0675224954
    [email] => admin@admin.com
    [domain] => http://adltracker.site/landers/84d893a750/limon.php
    [ip] => 197.253.241.76
    [utm_campaign] => 
    [utm_content] => 
    [utm_medium] => 
    [utm_source] => CHS
    [utm_term] => 
    [clickid] => 2e8d6fta7xrrn4a2
    [fbpxl] => 
)

----------- RESPONSE ---------
{"result":"ok"}
----------- END --------------
June 26, 2021, 4:35 am
----------- DATA -------------
Array
(
    [offerId] => 08cf3ce6-a966-4d95-b077-550a05b8d0e4
    [fio] => sami
    [phone] => 0609084682
    [email] => admin@admin.com
    [domain] => http://adltracker.site/landers/84d893a750/limon.php
    [ip] => 160.177.0.110
    [utm_campaign] => 
    [utm_content] => 
    [utm_medium] => 
    [utm_source] => CHS
    [utm_term] => 
    [clickid] => 7fe1cft2tir175e1
    [fbpxl] => 
)

----------- RESPONSE ---------
{"result":"ok"}
----------- END --------------
June 26, 2021, 4:37 am
----------- DATA -------------
Array
(
    [offerId] => 08cf3ce6-a966-4d95-b077-550a05b8d0e4
    [fio] => driss grayda
    [phone] => 0697692256
    [email] => admin@admin.com
    [domain] => http://adltracker.site/landers/84d893a750/limon.php
    [ip] => 160.177.0.110
    [utm_campaign] => 
    [utm_content] => 
    [utm_medium] => 
    [utm_source] => CHS
    [utm_term] => 
    [clickid] => 7fe1cft2tir175e1
    [fbpxl] => 
)

----------- RESPONSE ---------
{"result":"ok"}
----------- END --------------
June 26, 2021, 7:42 am
----------- DATA -------------
Array
(
    [offerId] => 08cf3ce6-a966-4d95-b077-550a05b8d0e4
    [fio] => سكس
    [phone] => 0645370669
    [email] => admin@admin.com
    [domain] => http://adltracker.site/landers/84d893a750/limon.php
    [ip] => 41.92.70.8
    [utm_campaign] => 
    [utm_content] => 
    [utm_medium] => 
    [utm_source] => CHS
    [utm_term] => 
    [clickid] => f26f1fth9zw2tb37
    [fbpxl] => 
)

----------- RESPONSE ---------
{"result":"ok"}
----------- END --------------
June 26, 2021, 8:04 am
----------- DATA -------------
Array
(
    [offerId] => 08cf3ce6-a966-4d95-b077-550a05b8d0e4
    [fio] => لحسن بن علي
    [phone] => 0610167066
    [email] => admin@admin.com
    [domain] => http://adltracker.site/landers/84d893a750/limon.php
    [ip] => 196.81.16.45
    [utm_campaign] => 
    [utm_content] => 
    [utm_medium] => 
    [utm_source] => CHS
    [utm_term] => 
    [clickid] => 4f497ftq5a4e8955
    [fbpxl] => 
)

----------- RESPONSE ---------
{"result":"ok"}
----------- END --------------
June 26, 2021, 9:05 am
----------- DATA -------------
Array
(
    [offerId] => 08cf3ce6-a966-4d95-b077-550a05b8d0e4
    [fio] => hassan
    [phone] => 0670964536https://www.moteur.ma/fr/voiture/achat-voiture-occasion/recherche/?marque=dacia&modele=logan&ville=meknes
    [email] => admin@admin.com
    [domain] => http://adltracker.site/landers/84d893a750/limon.php
    [ip] => 41.92.67.110
    [utm_campaign] => 
    [utm_content] => 
    [utm_medium] => 
    [utm_source] => CHS
    [utm_term] => 
    [clickid] => b8490ftq5qqus2df
    [fbpxl] => 
)

----------- RESPONSE ---------
{"result":"ok"}
----------- END --------------
June 26, 2021, 11:43 am
----------- DATA -------------
Array
(
    [offerId] => 08cf3ce6-a966-4d95-b077-550a05b8d0e4
    [fio] => Mhmad hssou 
    [phone] => 0691281614
    [email] => admin@admin.com
    [domain] => http://adltracker.site/landers/84d893a750/limon.php
    [ip] => 41.92.29.44
    [utm_campaign] => 
    [utm_content] => 
    [utm_medium] => 
    [utm_source] => CHS
    [utm_term] => 
    [clickid] => 5e352ftfne8he75c
    [fbpxl] => 
)

----------- RESPONSE ---------
{"result":"ok"}
----------- END --------------
June 26, 2021, 11:58 am
----------- DATA -------------
Array
(
    [offerId] => 08cf3ce6-a966-4d95-b077-550a05b8d0e4
    [fio] => Ouassim
    [phone] => 0612120143
    [email] => admin@admin.com
    [domain] => http://adltracker.site/landers/84d893a750/limon.php
    [ip] => 196.65.235.75
    [utm_campaign] => 
    [utm_content] => 
    [utm_medium] => 
    [utm_source] => CHS
    [utm_term] => 
    [clickid] => 5b004ftbzy9a8072
    [fbpxl] => 
)

----------- RESPONSE ---------
{"result":"ok"}
----------- END --------------
June 26, 2021, 12:40 pm
----------- DATA -------------
Array
(
    [offerId] => 08cf3ce6-a966-4d95-b077-550a05b8d0e4
    [fio] => Hamid
    [phone] => 0682567518
    [email] => admin@admin.com
    [domain] => http://adltracker.site/landers/84d893a750/limon.php
    [ip] => 196.84.103.17
    [utm_campaign] => 
    [utm_content] => 
    [utm_medium] => 
    [utm_source] => CHS
    [utm_term] => 
    [clickid] => ad9a7ft8r8rqq29b
    [fbpxl] => 
)

----------- RESPONSE ---------
{"result":"ok"}
----------- END --------------
June 26, 2021, 12:41 pm
----------- DATA -------------
Array
(
    [offerId] => 08cf3ce6-a966-4d95-b077-550a05b8d0e4
    [fio] => erratikiamed
    [phone] => 0767816779
    [email] => admin@admin.com
    [domain] => http://adltracker.site/landers/84d893a750/limon.php
    [ip] => 105.189.16.180
    [utm_campaign] => 
    [utm_content] => 
    [utm_medium] => 
    [utm_source] => CHS
    [utm_term] => 
    [clickid] => 
    [fbpxl] => 
)

----------- RESPONSE ---------
{"result":"ok"}
----------- END --------------
June 26, 2021, 12:41 pm
----------- DATA -------------
Array
(
    [offerId] => 08cf3ce6-a966-4d95-b077-550a05b8d0e4
    [fio] => erratikiamed
    [phone] => 0767816779
    [email] => admin@admin.com
    [domain] => http://adltracker.site/landers/84d893a750/limon.php
    [ip] => 105.189.16.180
    [utm_campaign] => 
    [utm_content] => 
    [utm_medium] => 
    [utm_source] => CHS
    [utm_term] => 
    [clickid] => 
    [fbpxl] => 
)

----------- RESPONSE ---------
{"result":"ok"}
----------- END --------------
June 26, 2021, 12:41 pm
----------- DATA -------------
Array
(
    [offerId] => 08cf3ce6-a966-4d95-b077-550a05b8d0e4
    [fio] => erratikiamed
    [phone] => 0767816779
    [email] => admin@admin.com
    [domain] => http://adltracker.site/landers/84d893a750/limon.php
    [ip] => 105.189.16.180
    [utm_campaign] => 
    [utm_content] => 
    [utm_medium] => 
    [utm_source] => CHS
    [utm_term] => 
    [clickid] => 
    [fbpxl] => 
)

----------- RESPONSE ---------
{"result":"ok"}
----------- END --------------
June 26, 2021, 12:45 pm
----------- DATA -------------
Array
(
    [offerId] => 08cf3ce6-a966-4d95-b077-550a05b8d0e4
    [fio] => محمد 
    [phone] => 0606301037
    [email] => admin@admin.com
    [domain] => http://adltracker.site/landers/84d893a750/limon.php
    [ip] => 197.253.235.55
    [utm_campaign] => 
    [utm_content] => 
    [utm_medium] => 
    [utm_source] => CHS
    [utm_term] => 
    [clickid] => 0506fft8rlp16560
    [fbpxl] => 
)

----------- RESPONSE ---------
{"result":"ok"}
----------- END --------------
June 26, 2021, 12:59 pm
----------- DATA -------------
Array
(
    [offerId] => 08cf3ce6-a966-4d95-b077-550a05b8d0e4
    [fio] => Hamid
    [phone] => 0682567518
    [email] => admin@admin.com
    [domain] => http://adltracker.site/landers/84d893a750/limon.php
    [ip] => 196.84.103.17
    [utm_campaign] => 
    [utm_content] => 
    [utm_medium] => 
    [utm_source] => CHS
    [utm_term] => 
    [clickid] => ad9a7ft8r8rqq29b
    [fbpxl] => 
)

----------- RESPONSE ---------
{"result":"ok"}
----------- END --------------
June 26, 2021, 1:04 pm
----------- DATA -------------
Array
(
    [offerId] => 08cf3ce6-a966-4d95-b077-550a05b8d0e4
    [fio] => Hamid
    [phone] => 0682567518
    [email] => admin@admin.com
    [domain] => http://adltracker.site/landers/84d893a750/limon.php
    [ip] => 102.51.1.205
    [utm_campaign] => 
    [utm_content] => 
    [utm_medium] => 
    [utm_source] => CHS
    [utm_term] => 
    [clickid] => ad9a7ft8r8rqq29b
    [fbpxl] => 
)

----------- RESPONSE ---------
{"result":"ok"}
----------- END --------------
June 26, 2021, 1:05 pm
----------- DATA -------------
Array
(
    [offerId] => 08cf3ce6-a966-4d95-b077-550a05b8d0e4
    [fio] => Hamid
    [phone] => 0682567518
    [email] => admin@admin.com
    [domain] => http://adltracker.site/landers/84d893a750/limon.php
    [ip] => 102.51.1.205
    [utm_campaign] => 
    [utm_content] => 
    [utm_medium] => 
    [utm_source] => CHS
    [utm_term] => 
    [clickid] => ad9a7ft8r8rqq29b
    [fbpxl] => 
)

----------- RESPONSE ---------
{"result":"ok"}
----------- END --------------
June 26, 2021, 2:02 pm
----------- DATA -------------
Array
(
    [offerId] => 08cf3ce6-a966-4d95-b077-550a05b8d0e4
    [fio] => Abd lkhal9
    [phone] => 0684262298
    [email] => admin@admin.com
    [domain] => http://adltracker.site/landers/84d893a750/limon.php
    [ip] => 41.92.98.211
    [utm_campaign] => 
    [utm_content] => 
    [utm_medium] => 
    [utm_source] => CHS
    [utm_term] => 
    [clickid] => 3caaafthea0sl77e
    [fbpxl] => 
)

----------- RESPONSE ---------
{"result":"ok"}
----------- END --------------
June 26, 2021, 2:02 pm
----------- DATA -------------
Array
(
    [offerId] => 08cf3ce6-a966-4d95-b077-550a05b8d0e4
    [fio] => Abd lkhal9
    [phone] => 0684262298
    [email] => admin@admin.com
    [domain] => http://adltracker.site/landers/84d893a750/limon.php
    [ip] => 41.92.98.211
    [utm_campaign] => 
    [utm_content] => 
    [utm_medium] => 
    [utm_source] => CHS
    [utm_term] => 
    [clickid] => 3caaafthea0sl77e
    [fbpxl] => 
)

----------- RESPONSE ---------
{"result":"ok"}
----------- END --------------
June 26, 2021, 2:42 pm
----------- DATA -------------
Array
(
    [offerId] => 08cf3ce6-a966-4d95-b077-550a05b8d0e4
    [fio] => Hsina
    [phone] => 0663841881
    [email] => admin@admin.com
    [domain] => http://adltracker.site/landers/84d893a750/limon.php
    [ip] => 197.253.202.243
    [utm_campaign] => 
    [utm_content] => 
    [utm_medium] => 
    [utm_source] => CHS
    [utm_term] => 
    [clickid] => 2b109fthefyoj0cc
    [fbpxl] => 
)

----------- RESPONSE ---------
{"result":"ok"}
----------- END --------------
June 26, 2021, 2:42 pm
----------- DATA -------------
Array
(
    [offerId] => 08cf3ce6-a966-4d95-b077-550a05b8d0e4
    [fio] => Hsina
    [phone] => 0663841881
    [email] => admin@admin.com
    [domain] => http://adltracker.site/landers/84d893a750/limon.php
    [ip] => 197.253.202.243
    [utm_campaign] => 
    [utm_content] => 
    [utm_medium] => 
    [utm_source] => CHS
    [utm_term] => 
    [clickid] => 2b109fthefyoj0cc
    [fbpxl] => 
)

----------- RESPONSE ---------
{"result":"ok"}
----------- END --------------
June 26, 2021, 2:42 pm
----------- DATA -------------
Array
(
    [offerId] => 08cf3ce6-a966-4d95-b077-550a05b8d0e4
    [fio] => Hsina
    [phone] => 0663841881
    [email] => admin@admin.com
    [domain] => http://adltracker.site/landers/84d893a750/limon.php
    [ip] => 197.253.202.243
    [utm_campaign] => 
    [utm_content] => 
    [utm_medium] => 
    [utm_source] => CHS
    [utm_term] => 
    [clickid] => 2b109fthefyoj0cc
    [fbpxl] => 
)

----------- RESPONSE ---------
{"result":"ok"}
----------- END --------------
June 26, 2021, 3:51 pm
----------- DATA -------------
Array
(
    [offerId] => 08cf3ce6-a966-4d95-b077-550a05b8d0e4
    [fio] => Slm cv
    [phone] => 0702189685
    [email] => admin@admin.com
    [domain] => http://adltracker.site/landers/84d893a750/limon.php
    [ip] => 105.71.17.31
    [utm_campaign] => 
    [utm_content] => 
    [utm_medium] => 
    [utm_source] => CHS
    [utm_term] => 
    [clickid] => a6bf9ft16uq37e12
    [fbpxl] => 
)

----------- RESPONSE ---------
{"result":"ok"}
----------- END --------------
June 26, 2021, 3:59 pm
----------- DATA -------------
Array
(
    [offerId] => 08cf3ce6-a966-4d95-b077-550a05b8d0e4
    [fio] => aÇ 
    [phone] => 066837761
    [email] => admin@admin.com
    [domain] => http://adltracker.site/landers/84d893a750/limon.php
    [ip] => 196.206.116.49
    [utm_campaign] => 
    [utm_content] => 
    [utm_medium] => 
    [utm_source] => CHS
    [utm_term] => 
    [clickid] => 52fd9ft16whj2fa3
    [fbpxl] => 
)

----------- RESPONSE ---------
{"result":"ok"}
----------- END --------------
June 26, 2021, 4:01 pm
----------- DATA -------------
Array
(
    [offerId] => 08cf3ce6-a966-4d95-b077-550a05b8d0e4
    [fio] => aÇ 
    [phone] => 066837761
    [email] => admin@admin.com
    [domain] => http://adltracker.site/landers/84d893a750/limon.php
    [ip] => 196.206.116.49
    [utm_campaign] => 
    [utm_content] => 
    [utm_medium] => 
    [utm_source] => CHS
    [utm_term] => 
    [clickid] => 52fd9ft16whj2fa3
    [fbpxl] => 
)

----------- RESPONSE ---------
{"result":"ok"}
----------- END --------------
June 26, 2021, 4:06 pm
----------- DATA -------------
Array
(
    [offerId] => 08cf3ce6-a966-4d95-b077-550a05b8d0e4
    [fio] => Mstafa
    [phone] => 0637022586
    [email] => admin@admin.com
    [domain] => http://adltracker.site/landers/84d893a750/limon.php
    [ip] => 105.147.189.193
    [utm_campaign] => 
    [utm_content] => 
    [utm_medium] => 
    [utm_source] => CHS
    [utm_term] => 
    [clickid] => 60a50ftcihe7vfd0
    [fbpxl] => 
)

----------- RESPONSE ---------
{"result":"ok"}
----------- END --------------
June 26, 2021, 5:01 pm
----------- DATA -------------
Array
(
    [offerId] => 08cf3ce6-a966-4d95-b077-550a05b8d0e4
    [fio] => يوسريوسر 
    [phone] => 0704226659
    [email] => admin@admin.com
    [domain] => http://adltracker.site/landers/84d893a750/limon.php
    [ip] => 105.71.151.48
    [utm_campaign] => 
    [utm_content] => 
    [utm_medium] => 
    [utm_source] => CHS
    [utm_term] => 
    [clickid] => d7433ftqdrn4p402
    [fbpxl] => 
)

----------- RESPONSE ---------
{"result":"ok"}
----------- END --------------
June 26, 2021, 6:33 pm
----------- DATA -------------
Array
(
    [offerId] => 08cf3ce6-a966-4d95-b077-550a05b8d0e4
    [fio] => Liy7wik
    [phone] => 066652874
    [email] => admin@admin.com
    [domain] => http://adltracker.site/landers/84d893a750/limon.php
    [ip] => 102.52.35.138
    [utm_campaign] => 
    [utm_content] => 
    [utm_medium] => 
    [utm_source] => CHS
    [utm_term] => 
    [clickid] => 3719eft4ka7fn0c0
    [fbpxl] => 
)

----------- RESPONSE ---------
{"result":"ok"}
----------- END --------------
June 26, 2021, 8:03 pm
----------- DATA -------------
Array
(
    [offerId] => 08cf3ce6-a966-4d95-b077-550a05b8d0e4
    [fio] => 9354016843
    [phone] => +1919354016843
    [email] => admin@admin.com
    [domain] => http://adltracker.site/landers/84d893a750/limon.php
    [ip] => 142.202.48.93
    [utm_campaign] => 
    [utm_content] => 
    [utm_medium] => 
    [utm_source] => CHS
    [utm_term] => 
    [clickid] => 12ea1ftwfm7h9737
    [fbpxl] => 
)

----------- RESPONSE ---------
{"result":"ok"}
----------- END --------------
June 26, 2021, 8:03 pm
----------- DATA -------------
Array
(
    [offerId] => 08cf3ce6-a966-4d95-b077-550a05b8d0e4
    [fio] => 9354016843
    [phone] => +1919354016843
    [email] => admin@admin.com
    [domain] => http://adltracker.site/landers/84d893a750/limon.php
    [ip] => 142.202.48.93
    [utm_campaign] => 
    [utm_content] => 
    [utm_medium] => 
    [utm_source] => CHS
    [utm_term] => 
    [clickid] => 12ea1ftwfm7h9737
    [fbpxl] => 
)

----------- RESPONSE ---------
{"result":"ok"}
----------- END --------------
June 26, 2021, 8:05 pm
----------- DATA -------------
Array
(
    [offerId] => 08cf3ce6-a966-4d95-b077-550a05b8d0e4
    [fio] => 9354016843
    [phone] => +1919354016843
    [email] => admin@admin.com
    [domain] => http://adltracker.site/landers/84d893a750/limon.php
    [ip] => 167.88.62.34
    [utm_campaign] => 
    [utm_content] => 
    [utm_medium] => 
    [utm_source] => CHS
    [utm_term] => 
    [clickid] => 12ea1ftwfm7h9737
    [fbpxl] => 
)

----------- RESPONSE ---------
{"result":"ok"}
----------- END --------------
June 26, 2021, 8:06 pm
----------- DATA -------------
Array
(
    [offerId] => 08cf3ce6-a966-4d95-b077-550a05b8d0e4
    [fio] => 9354016843
    [phone] => 9354016843
    [email] => admin@admin.com
    [domain] => http://adltracker.site/landers/84d893a750/limon.php
    [ip] => 167.88.62.34
    [utm_campaign] => 
    [utm_content] => 
    [utm_medium] => 
    [utm_source] => CHS
    [utm_term] => 
    [clickid] => 12ea1ftwfm7h9737
    [fbpxl] => 
)

----------- RESPONSE ---------
{"result":"ok"}
----------- END --------------
June 26, 2021, 8:29 pm
----------- DATA -------------
Array
(
    [offerId] => 08cf3ce6-a966-4d95-b077-550a05b8d0e4
    [fio] => K www
    [phone] => 49
    [email] => admin@admin.com
    [domain] => http://adltracker.site/landers/84d893a750/limon.php
    [ip] => 105.158.89.179
    [utm_campaign] => 
    [utm_content] => 
    [utm_medium] => 
    [utm_source] => CHS
    [utm_term] => 
    [clickid] => e5817ftnt9lm745d
    [fbpxl] => 
)

----------- RESPONSE ---------
{"result":"ok"}
----------- END --------------
June 26, 2021, 8:46 pm
----------- DATA -------------
Array
(
    [offerId] => 08cf3ce6-a966-4d95-b077-550a05b8d0e4
    [fio] => رضوان
    [phone] => 0621296403
    [email] => admin@admin.com
    [domain] => http://adltracker.site/landers/84d893a750/limon.php
    [ip] => 160.177.17.70
    [utm_campaign] => 
    [utm_content] => 
    [utm_medium] => 
    [utm_source] => CHS
    [utm_term] => 
    [clickid] => d5591ftntfyvc53e
    [fbpxl] => 
)

----------- RESPONSE ---------
{"result":"ok"}
----------- END --------------
June 26, 2021, 10:31 pm
----------- DATA -------------
Array
(
    [offerId] => 08cf3ce6-a966-4d95-b077-550a05b8d0e4
    [fio] => Jaafar 
    [phone] => 0690161333
    [email] => admin@admin.com
    [domain] => http://adltracker.site/landers/84d893a750/limon.php
    [ip] => 105.71.16.111
    [utm_campaign] => 
    [utm_content] => 
    [utm_medium] => 
    [utm_source] => CHS
    [utm_term] => 
    [clickid] => 9b76bftir3voc9f0
    [fbpxl] => 
)

----------- RESPONSE ---------
{"result":"ok"}
----------- END --------------
June 26, 2021, 10:32 pm
----------- DATA -------------
Array
(
    [offerId] => 08cf3ce6-a966-4d95-b077-550a05b8d0e4
    [fio] => Jaafar 
    [phone] => 0690161333
    [email] => admin@admin.com
    [domain] => http://adltracker.site/landers/84d893a750/limon.php
    [ip] => 105.71.16.111
    [utm_campaign] => 
    [utm_content] => 
    [utm_medium] => 
    [utm_source] => CHS
    [utm_term] => 
    [clickid] => 9b76bftir3voc9f0
    [fbpxl] => 
)

----------- RESPONSE ---------
{"result":"ok"}
----------- END --------------
