June 27, 2021, 12:06 am
----------- DATA -------------
Array
(
    [offerId] => 08cf3ce6-a966-4d95-b077-550a05b8d0e4
    [fio] =>  lhousniImad
    [phone] => 0771730792
    [email] => admin@admin.com
    [domain] => http://adltracker.site/landers/84d893a750/limon.php
    [ip] => 41.92.120.129
    [utm_campaign] => 
    [utm_content] => 
    [utm_medium] => 
    [utm_source] => CHS
    [utm_term] => 
    [clickid] => 6cdaeft8pktydb4c
    [fbpxl] => 
)

----------- RESPONSE ---------
{"result":"ok"}
----------- END --------------
June 27, 2021, 12:30 am
----------- DATA -------------
Array
(
    [offerId] => 08cf3ce6-a966-4d95-b077-550a05b8d0e4
    [fio] => Abdelkarim
    [phone] => 0652634383
    [email] => admin@admin.com
    [domain] => http://adltracker.site/landers/84d893a750/limon.php
    [ip] => 41.249.213.163
    [utm_campaign] => 
    [utm_content] => 
    [utm_medium] => 
    [utm_source] => CHS
    [utm_term] => 
    [clickid] => 773c4ftxoqeqea1b
    [fbpxl] => 
)

----------- RESPONSE ---------
{"result":"ok"}
----------- END --------------
June 27, 2021, 12:34 am
----------- DATA -------------
Array
(
    [offerId] => 08cf3ce6-a966-4d95-b077-550a05b8d0e4
    [fio] => سفيان
    [phone] => 0601339093
    [email] => admin@admin.com
    [domain] => http://adltracker.site/landers/84d893a750/limon.php
    [ip] => 105.71.23.35
    [utm_campaign] => 
    [utm_content] => 
    [utm_medium] => 
    [utm_source] => CHS
    [utm_term] => 
    [clickid] => 113e7ftxo1nx9a71
    [fbpxl] => 
)

----------- RESPONSE ---------
{"result":"ok"}
----------- END --------------
June 27, 2021, 12:34 am
----------- DATA -------------
Array
(
    [offerId] => 08cf3ce6-a966-4d95-b077-550a05b8d0e4
    [fio] => سفيان
    [phone] => 0601339093
    [email] => admin@admin.com
    [domain] => http://adltracker.site/landers/84d893a750/limon.php
    [ip] => 105.71.23.35
    [utm_campaign] => 
    [utm_content] => 
    [utm_medium] => 
    [utm_source] => CHS
    [utm_term] => 
    [clickid] => 113e7ftxo1nx9a71
    [fbpxl] => 
)

----------- RESPONSE ---------
{"result":"ok"}
----------- END --------------
June 27, 2021, 1:11 am
----------- DATA -------------
Array
(
    [offerId] => 08cf3ce6-a966-4d95-b077-550a05b8d0e4
    [fio] => Lhbib
    [phone] => 0762935682
    [email] => admin@admin.com
    [domain] => http://adltracker.site/landers/84d893a750/limon.php
    [ip] => 105.67.1.187
    [utm_campaign] => 
    [utm_content] => 
    [utm_medium] => 
    [utm_source] => CHS
    [utm_term] => 
    [clickid] => ec10fftk2gmg6d8e
    [fbpxl] => 
)

----------- RESPONSE ---------
{"result":"ok"}
----------- END --------------
June 27, 2021, 1:11 am
----------- DATA -------------
Array
(
    [offerId] => 08cf3ce6-a966-4d95-b077-550a05b8d0e4
    [fio] => Lhbib
    [phone] => 0762935682
    [email] => admin@admin.com
    [domain] => http://adltracker.site/landers/84d893a750/limon.php
    [ip] => 105.67.1.187
    [utm_campaign] => 
    [utm_content] => 
    [utm_medium] => 
    [utm_source] => CHS
    [utm_term] => 
    [clickid] => ec10fftk2gmg6d8e
    [fbpxl] => 
)

----------- RESPONSE ---------
{"result":"ok"}
----------- END --------------
June 27, 2021, 1:13 am
----------- DATA -------------
Array
(
    [offerId] => 08cf3ce6-a966-4d95-b077-550a05b8d0e4
    [fio] => Lhbib
    [phone] => 0762935682
    [email] => admin@admin.com
    [domain] => http://adltracker.site/landers/84d893a750/limon.php
    [ip] => 105.67.1.187
    [utm_campaign] => 
    [utm_content] => 
    [utm_medium] => 
    [utm_source] => CHS
    [utm_term] => 
    [clickid] => ec10fftk2gmg6d8e
    [fbpxl] => 
)

----------- RESPONSE ---------
{"result":"ok"}
----------- END --------------
June 27, 2021, 4:32 am
----------- DATA -------------
Array
(
    [offerId] => 08cf3ce6-a966-4d95-b077-550a05b8d0e4
    [fio] => KCSJ
    [phone] => 0612507783
    [email] => admin@admin.com
    [domain] => http://adltracker.site/landers/84d893a750/limon.php
    [ip] => 196.206.156.206
    [utm_campaign] => 
    [utm_content] => 
    [utm_medium] => 
    [utm_source] => CHS
    [utm_term] => 
    [clickid] => 6d72bft5mej1m23a
    [fbpxl] => 
)

----------- RESPONSE ---------
{"result":"ok"}
----------- END --------------
June 27, 2021, 4:33 am
----------- DATA -------------
Array
(
    [offerId] => 08cf3ce6-a966-4d95-b077-550a05b8d0e4
    [fio] => KCSJ
    [phone] => 0612507783
    [email] => admin@admin.com
    [domain] => http://adltracker.site/landers/84d893a750/limon.php
    [ip] => 196.206.156.206
    [utm_campaign] => 
    [utm_content] => 
    [utm_medium] => 
    [utm_source] => CHS
    [utm_term] => 
    [clickid] => 6d72bft5mej1m23a
    [fbpxl] => 
)

----------- RESPONSE ---------
{"result":"ok"}
----------- END --------------
June 27, 2021, 4:33 am
----------- DATA -------------
Array
(
    [offerId] => 08cf3ce6-a966-4d95-b077-550a05b8d0e4
    [fio] => NXLD
    [phone] => 399
    [email] => admin@admin.com
    [domain] => http://adltracker.site/landers/84d893a750/limon.php
    [ip] => 196.206.156.206
    [utm_campaign] => 
    [utm_content] => 
    [utm_medium] => 
    [utm_source] => CHS
    [utm_term] => 
    [clickid] => 6d72bft5mej1m23a
    [fbpxl] => 
)

----------- RESPONSE ---------
{"result":"ok"}
----------- END --------------
June 27, 2021, 1:15 pm
----------- DATA -------------
Array
(
    [offerId] => 08cf3ce6-a966-4d95-b077-550a05b8d0e4
    [fio] => عزيز
    [phone] => 0674228359
    [email] => admin@admin.com
    [domain] => http://adltracker.site/landers/84d893a750/limon.php
    [ip] => 197.253.229.177
    [utm_campaign] => 
    [utm_content] => 
    [utm_medium] => 
    [utm_source] => CHS
    [utm_term] => 
    [clickid] => 581efftholp8rc2e
    [fbpxl] => 
)

----------- RESPONSE ---------
{"result":"ok"}
----------- END --------------
June 27, 2021, 1:17 pm
----------- DATA -------------
Array
(
    [offerId] => 08cf3ce6-a966-4d95-b077-550a05b8d0e4
    [fio] => أسماء
    [phone] => 0677589204
    [email] => admin@admin.com
    [domain] => http://adltracker.site/landers/84d893a750/limon.php
    [ip] => 105.67.135.142
    [utm_campaign] => 
    [utm_content] => 
    [utm_medium] => 
    [utm_source] => CHS
    [utm_term] => 
    [clickid] => a7960fthowfh9d22
    [fbpxl] => 
)

----------- RESPONSE ---------
{"result":"ok"}
----------- END --------------
June 27, 2021, 3:01 pm
----------- DATA -------------
Array
(
    [offerId] => 08cf3ce6-a966-4d95-b077-550a05b8d0e4
    [fio] => عصام
    [phone] => 0602033709
    [email] => admin@admin.com
    [domain] => http://adltracker.site/landers/84d893a750/limon.php
    [ip] => 105.66.134.85
    [utm_campaign] => 
    [utm_content] => 
    [utm_medium] => 
    [utm_source] => CHS
    [utm_term] => 
    [clickid] => 2396eftg5ydus366
    [fbpxl] => 
)

----------- RESPONSE ---------
{"result":"ok"}
----------- END --------------
June 27, 2021, 3:03 pm
----------- DATA -------------
Array
(
    [offerId] => 08cf3ce6-a966-4d95-b077-550a05b8d0e4
    [fio] => الصروخ المفضل
    [phone] => 0644927190
    [email] => admin@admin.com
    [domain] => http://adltracker.site/landers/84d893a750/limon.php
    [ip] => 41.92.8.253
    [utm_campaign] => 
    [utm_content] => 
    [utm_medium] => 
    [utm_source] => CHS
    [utm_term] => 
    [clickid] => 3783aftg59ra0b7a
    [fbpxl] => 
)

----------- RESPONSE ---------
{"result":"ok"}
----------- END --------------
June 27, 2021, 3:04 pm
----------- DATA -------------
Array
(
    [offerId] => 08cf3ce6-a966-4d95-b077-550a05b8d0e4
    [fio] => الصروخ المفضل
    [phone] => 0644927190
    [email] => admin@admin.com
    [domain] => http://adltracker.site/landers/84d893a750/limon.php
    [ip] => 41.92.8.253
    [utm_campaign] => 
    [utm_content] => 
    [utm_medium] => 
    [utm_source] => CHS
    [utm_term] => 
    [clickid] => 3783aftg59ra0b7a
    [fbpxl] => 
)

----------- RESPONSE ---------
{"result":"ok"}
----------- END --------------
June 27, 2021, 4:03 pm
----------- DATA -------------
Array
(
    [offerId] => 08cf3ce6-a966-4d95-b077-550a05b8d0e4
    [fio] => Mohamed 
    [phone] => 0616412833
    [email] => admin@admin.com
    [domain] => http://adltracker.site/landers/84d893a750/limon.php
    [ip] => 105.71.22.168
    [utm_campaign] => 
    [utm_content] => 
    [utm_medium] => 
    [utm_source] => CHS
    [utm_term] => 
    [clickid] => 1611cft8wj2g6244
    [fbpxl] => 
)

----------- RESPONSE ---------
{"result":"ok"}
----------- END --------------
June 27, 2021, 5:26 pm
----------- DATA -------------
Array
(
    [offerId] => 08cf3ce6-a966-4d95-b077-550a05b8d0e4
    [fio] => يوسف
    [phone] => 00212643722793
    [email] => admin@admin.com
    [domain] => http://adltracker.site/landers/84d893a750/limon.php
    [ip] => 105.154.240.204
    [utm_campaign] => 
    [utm_content] => 
    [utm_medium] => 
    [utm_source] => CHS
    [utm_term] => 
    [clickid] => 8a888ftxia4e22ca
    [fbpxl] => 
)

----------- RESPONSE ---------
{"result":"ok"}
----------- END --------------
June 27, 2021, 6:45 pm
----------- DATA -------------
Array
(
    [offerId] => 08cf3ce6-a966-4d95-b077-550a05b8d0e4
    [fio] => Younes
    [phone] => 0694813019
    [email] => admin@admin.com
    [domain] => http://adltracker.site/landers/84d893a750/limon.php
    [ip] => 105.71.144.120
    [utm_campaign] => 
    [utm_content] => 
    [utm_medium] => 
    [utm_source] => CHS
    [utm_term] => 
    [clickid] => 5b5fdftzwrnuqf19
    [fbpxl] => 
)

----------- RESPONSE ---------
{"result":"ok"}
----------- END --------------
June 27, 2021, 6:46 pm
----------- DATA -------------
Array
(
    [offerId] => 08cf3ce6-a966-4d95-b077-550a05b8d0e4
    [fio] => Younes
    [phone] => 0694813019
    [email] => admin@admin.com
    [domain] => http://adltracker.site/landers/84d893a750/limon.php
    [ip] => 105.71.144.120
    [utm_campaign] => 
    [utm_content] => 
    [utm_medium] => 
    [utm_source] => CHS
    [utm_term] => 
    [clickid] => 5b5fdftzwrnuqf19
    [fbpxl] => 
)

----------- RESPONSE ---------
{"result":"ok"}
----------- END --------------
June 27, 2021, 6:48 pm
----------- DATA -------------
Array
(
    [offerId] => 08cf3ce6-a966-4d95-b077-550a05b8d0e4
    [fio] => محمد
    [phone] => 0642455452
    [email] => admin@admin.com
    [domain] => http://adltracker.site/landers/84d893a750/limon.php
    [ip] => 102.78.92.239
    [utm_campaign] => 
    [utm_content] => 
    [utm_medium] => 
    [utm_source] => CHS
    [utm_term] => 
    [clickid] => 8eb0fftzwxrg6be0
    [fbpxl] => 
)

----------- RESPONSE ---------
{"result":"ok"}
----------- END --------------
June 27, 2021, 7:38 pm
----------- DATA -------------
Array
(
    [offerId] => 08cf3ce6-a966-4d95-b077-550a05b8d0e4
    [fio] => mohamad haski
    [phone] => 0603009252
    [email] => admin@admin.com
    [domain] => http://adltracker.site/landers/84d893a750/limon.php
    [ip] => 41.92.104.217
    [utm_campaign] => 
    [utm_content] => 
    [utm_medium] => 
    [utm_source] => CHS
    [utm_term] => 
    [clickid] => ab385ftd5e2a2861
    [fbpxl] => 
)

----------- RESPONSE ---------
{"result":"ok"}
----------- END --------------
June 27, 2021, 7:39 pm
----------- DATA -------------
Array
(
    [offerId] => 08cf3ce6-a966-4d95-b077-550a05b8d0e4
    [fio] => mohamad haski
    [phone] => 0603009252
    [email] => admin@admin.com
    [domain] => http://adltracker.site/landers/84d893a750/limon.php
    [ip] => 41.92.104.217
    [utm_campaign] => 
    [utm_content] => 
    [utm_medium] => 
    [utm_source] => CHS
    [utm_term] => 
    [clickid] => ab385ftd5e2a2861
    [fbpxl] => 
)

----------- RESPONSE ---------
{"result":"ok"}
----------- END --------------
June 27, 2021, 7:39 pm
----------- DATA -------------
Array
(
    [offerId] => 08cf3ce6-a966-4d95-b077-550a05b8d0e4
    [fio] => mohamad haski
    [phone] => 0688808592
    [email] => admin@admin.com
    [domain] => http://adltracker.site/landers/84d893a750/limon.php
    [ip] => 41.92.104.217
    [utm_campaign] => 
    [utm_content] => 
    [utm_medium] => 
    [utm_source] => CHS
    [utm_term] => 
    [clickid] => ab385ftd5e2a2861
    [fbpxl] => 
)

----------- RESPONSE ---------
{"result":"ok"}
----------- END --------------
June 27, 2021, 7:39 pm
----------- DATA -------------
Array
(
    [offerId] => 08cf3ce6-a966-4d95-b077-550a05b8d0e4
    [fio] => mohamad haski
    [phone] => +212 772-259716
    [email] => admin@admin.com
    [domain] => http://adltracker.site/landers/84d893a750/limon.php
    [ip] => 41.92.104.217
    [utm_campaign] => 
    [utm_content] => 
    [utm_medium] => 
    [utm_source] => CHS
    [utm_term] => 
    [clickid] => ab385ftd5e2a2861
    [fbpxl] => 
)

----------- RESPONSE ---------
{"result":"ok"}
----------- END --------------
June 27, 2021, 9:17 pm
----------- DATA -------------
Array
(
    [offerId] => 08cf3ce6-a966-4d95-b077-550a05b8d0e4
    [fio] => عصام
    [phone] => 0633566225
    [email] => admin@admin.com
    [domain] => http://adltracker.site/landers/84d893a750/limon.php
    [ip] => 105.71.19.212
    [utm_campaign] => 
    [utm_content] => 
    [utm_medium] => 
    [utm_source] => CHS
    [utm_term] => 
    [clickid] => 1caf4ft467sqe1d1
    [fbpxl] => 
)

----------- RESPONSE ---------
{"result":"ok"}
----------- END --------------
June 27, 2021, 9:17 pm
----------- DATA -------------
Array
(
    [offerId] => 08cf3ce6-a966-4d95-b077-550a05b8d0e4
    [fio] => عصام
    [phone] => 0633566225
    [email] => admin@admin.com
    [domain] => http://adltracker.site/landers/84d893a750/limon.php
    [ip] => 105.71.19.212
    [utm_campaign] => 
    [utm_content] => 
    [utm_medium] => 
    [utm_source] => CHS
    [utm_term] => 
    [clickid] => 1caf4ft467sqe1d1
    [fbpxl] => 
)

----------- RESPONSE ---------
{"result":"ok"}
----------- END --------------
June 27, 2021, 10:36 pm
----------- DATA -------------
Array
(
    [offerId] => 08cf3ce6-a966-4d95-b077-550a05b8d0e4
    [fio] => مؤدن محمد
    [phone] => 0679835627
    [email] => admin@admin.com
    [domain] => http://adltracker.site/landers/84d893a750/limon.php
    [ip] => 197.253.230.162
    [utm_campaign] => 
    [utm_content] => 
    [utm_medium] => 
    [utm_source] => CHS
    [utm_term] => 
    [clickid] => 05595ftp2zwp237c
    [fbpxl] => 
)

----------- RESPONSE ---------
{"result":"ok"}
----------- END --------------
June 27, 2021, 10:36 pm
----------- DATA -------------
Array
(
    [offerId] => 08cf3ce6-a966-4d95-b077-550a05b8d0e4
    [fio] => مؤدن محمد
    [phone] => 0679835627
    [email] => admin@admin.com
    [domain] => http://adltracker.site/landers/84d893a750/limon.php
    [ip] => 197.253.230.162
    [utm_campaign] => 
    [utm_content] => 
    [utm_medium] => 
    [utm_source] => CHS
    [utm_term] => 
    [clickid] => 05595ftp2zwp237c
    [fbpxl] => 
)

----------- RESPONSE ---------
{"result":"ok"}
----------- END --------------
June 27, 2021, 10:37 pm
----------- DATA -------------
Array
(
    [offerId] => 08cf3ce6-a966-4d95-b077-550a05b8d0e4
    [fio] => مؤدن محمد
    [phone] => 0679835627
    [email] => admin@admin.com
    [domain] => http://adltracker.site/landers/84d893a750/limon.php
    [ip] => 197.253.230.162
    [utm_campaign] => 
    [utm_content] => 
    [utm_medium] => 
    [utm_source] => CHS
    [utm_term] => 
    [clickid] => 05595ftp2zwp237c
    [fbpxl] => 
)

----------- RESPONSE ---------
{"result":"ok"}
----------- END --------------
June 27, 2021, 10:50 pm
----------- DATA -------------
Array
(
    [offerId] => 08cf3ce6-a966-4d95-b077-550a05b8d0e4
    [fio] => محمد الوردي
    [phone] => 0664598310
    [email] => admin@admin.com
    [domain] => http://adltracker.site/landers/84d893a750/limon.php
    [ip] => 197.253.255.188
    [utm_campaign] => 
    [utm_content] => 
    [utm_medium] => 
    [utm_source] => CHS
    [utm_term] => 
    [clickid] => a2e08fttlgx1mc8f
    [fbpxl] => 
)

----------- RESPONSE ---------
{"result":"ok"}
----------- END --------------
June 27, 2021, 10:50 pm
----------- DATA -------------
Array
(
    [offerId] => 08cf3ce6-a966-4d95-b077-550a05b8d0e4
    [fio] => محمد الوردي
    [phone] => 0664598310
    [email] => admin@admin.com
    [domain] => http://adltracker.site/landers/84d893a750/limon.php
    [ip] => 197.253.255.188
    [utm_campaign] => 
    [utm_content] => 
    [utm_medium] => 
    [utm_source] => CHS
    [utm_term] => 
    [clickid] => a2e08fttlgx1mc8f
    [fbpxl] => 
)

----------- RESPONSE ---------
{"result":"ok"}
----------- END --------------
June 27, 2021, 11:22 pm
----------- DATA -------------
Array
(
    [offerId] => 08cf3ce6-a966-4d95-b077-550a05b8d0e4
    [fio] => عبداعااي
    [phone] => 0632937489-
    [email] => admin@admin.com
    [domain] => http://adltracker.site/landers/84d893a750/limon.php
    [ip] => 197.253.195.75
    [utm_campaign] => 
    [utm_content] => 
    [utm_medium] => 
    [utm_source] => CHS
    [utm_term] => 
    [clickid] => 8942efttlfvbgeb4
    [fbpxl] => 
)

----------- RESPONSE ---------
{"result":"ok"}
----------- END --------------
June 27, 2021, 11:51 pm
----------- DATA -------------
Array
(
    [offerId] => 08cf3ce6-a966-4d95-b077-550a05b8d0e4
    [fio] =>  البشير
    [phone] => 0688671970
    [email] => admin@admin.com
    [domain] => http://adltracker.site/landers/84d893a750/limon.php
    [ip] => 41.92.63.119
    [utm_campaign] => 
    [utm_content] => 
    [utm_medium] => 
    [utm_source] => CHS
    [utm_term] => 
    [clickid] => e1f68ftc85m464b9
    [fbpxl] => 
)

----------- RESPONSE ---------
{"result":"ok"}
----------- END --------------
June 27, 2021, 11:52 pm
----------- DATA -------------
Array
(
    [offerId] => 08cf3ce6-a966-4d95-b077-550a05b8d0e4
    [fio] =>  البشير
    [phone] => 0688671970
    [email] => admin@admin.com
    [domain] => http://adltracker.site/landers/84d893a750/limon.php
    [ip] => 41.92.63.119
    [utm_campaign] => 
    [utm_content] => 
    [utm_medium] => 
    [utm_source] => CHS
    [utm_term] => 
    [clickid] => e1f68ftc85m464b9
    [fbpxl] => 
)

----------- RESPONSE ---------
{"result":"ok"}
----------- END --------------
June 27, 2021, 11:52 pm
----------- DATA -------------
Array
(
    [offerId] => 08cf3ce6-a966-4d95-b077-550a05b8d0e4
    [fio] =>  البشير
    [phone] => 0688671970
    [email] => admin@admin.com
    [domain] => http://adltracker.site/landers/84d893a750/limon.php
    [ip] => 41.92.63.119
    [utm_campaign] => 
    [utm_content] => 
    [utm_medium] => 
    [utm_source] => CHS
    [utm_term] => 
    [clickid] => e1f68ftc85m464b9
    [fbpxl] => 
)

----------- RESPONSE ---------
{"result":"ok"}
----------- END --------------
June 27, 2021, 11:53 pm
----------- DATA -------------
Array
(
    [offerId] => 08cf3ce6-a966-4d95-b077-550a05b8d0e4
    [fio] => البشير
    [phone] => 0688671970
    [email] => admin@admin.com
    [domain] => http://adltracker.site/landers/84d893a750/limon.php
    [ip] => 41.92.63.119
    [utm_campaign] => 
    [utm_content] => 
    [utm_medium] => 
    [utm_source] => CHS
    [utm_term] => 
    [clickid] => e1f68ftc85m464b9
    [fbpxl] => 
)

----------- RESPONSE ---------
{"result":"ok"}
----------- END --------------
