July 16, 2021, 12:46 pm
----------- DATA -------------
Array
(
    [offerId] => 9c4fe23b-37ea-4954-945b-29067b0d5c0e
    [fio] => Testing3
    [phone] => +919999999999
    [email] => admin@admin.com
    [domain] => http://adltracker.site/landers/0b25f971cf/limon.php
    [ip] => 80.246.94.179
    [utm_campaign] => 
    [utm_content] => 
    [utm_medium] => 
    [utm_source] => SM
    [utm_term] => 
    [clickid] => {clickid}
    [fbpxl] => 
)

----------- RESPONSE ---------
{"result":"ok"}
----------- END --------------
