August 2, 2021, 10:15 am
----------- DATA -------------
Array
(
    [offerId] => 5876bfb5-5f26-4de9-8784-ec27e3449920
    [fio] => agnes soro
    [phone] => 09551876205
    [email] => admin@admin.com
    [domain] => http://adltnews.com/landers/ph_lim_maxup_cream_sm_12_mens_secrets/limon.php
    [ip] => 120.29.77.135
    [utm_campaign] => 25
    [utm_content] => 3
    [utm_medium] => 
    [utm_source] => SM
    [utm_term] => 
    [clickid] => 9b833uqheb7c8b14
    [fbpxl] => 
)

----------- RESPONSE ---------
{"result":"ok"}
----------- END --------------
August 2, 2021, 11:11 am
----------- DATA -------------
Array
(
    [offerId] => 5876bfb5-5f26-4de9-8784-ec27e3449920
    [fio] => Ruben pidor
    [phone] => 09308526015
    [email] => admin@admin.com
    [domain] => http://adltnews.com/landers/ph_lim_maxup_cream_sm_12_mens_secrets/limon.php
    [ip] => 175.176.84.34
    [utm_campaign] => 22
    [utm_content] => 5
    [utm_medium] => 
    [utm_source] => SM
    [utm_term] => 
    [clickid] => ae848uqojfnm7ade
    [fbpxl] => 
)

----------- RESPONSE ---------
{"result":"ok"}
----------- END --------------
August 2, 2021, 12:09 pm
----------- DATA -------------
Array
(
    [offerId] => 5876bfb5-5f26-4de9-8784-ec27e3449920
    [fio] => Mel rosana
    [phone] => O9560295588
    [email] => admin@admin.com
    [domain] => http://adltnews.com/landers/ph_lim_maxup_cream_sm_12_mens_secrets/limon.php
    [ip] => 36.255.60.98
    [utm_campaign] => 25
    [utm_content] => 3
    [utm_medium] => 
    [utm_source] => SM
    [utm_term] => 
    [clickid] => 9ab4cuqoj3va49b3
    [fbpxl] => 
)

----------- RESPONSE ---------
{"result":"ok"}
----------- END --------------
August 2, 2021, 12:44 pm
----------- DATA -------------
Array
(
    [offerId] => 5876bfb5-5f26-4de9-8784-ec27e3449920
    [fio] => Zaldy
    [phone] => 09661709401
    [email] => admin@admin.com
    [domain] => http://adltnews.com/landers/ph_lim_maxup_cream_sm_12_mens_secrets/limon.php
    [ip] => 110.54.134.196
    [utm_campaign] => 25
    [utm_content] => 3
    [utm_medium] => 
    [utm_source] => SM
    [utm_term] => 
    [clickid] => b8c65uq168roc64e
    [fbpxl] => 
)

----------- RESPONSE ---------
{"result":"ok"}
----------- END --------------
August 2, 2021, 1:26 pm
----------- DATA -------------
Array
(
    [offerId] => 5876bfb5-5f26-4de9-8784-ec27e3449920
    [fio] => Ronnie pama
    [phone] => 09655093499
    [email] => admin@admin.com
    [domain] => http://adltnews.com/landers/ph_lim_maxup_cream_sm_12_mens_secrets/limon.php
    [ip] => 49.146.48.35
    [utm_campaign] => 25
    [utm_content] => 3
    [utm_medium] => 
    [utm_source] => SM
    [utm_term] => 
    [clickid] => 3c47duq16bgirc2e
    [fbpxl] => 
)

----------- RESPONSE ---------
{"result":"ok"}
----------- END --------------
August 2, 2021, 1:31 pm
----------- DATA -------------
Array
(
    [offerId] => 5876bfb5-5f26-4de9-8784-ec27e3449920
    [fio] => Jonrik medio
    [phone] => 09662848827
    [email] => admin@admin.com
    [domain] => http://adltnews.com/landers/ph_lim_maxup_cream_sm_12_mens_secrets/limon.php
    [ip] => 49.148.119.239
    [utm_campaign] => 25
    [utm_content] => 3
    [utm_medium] => 
    [utm_source] => SM
    [utm_term] => 
    [clickid] => 09ce3uq16fv8weed
    [fbpxl] => 
)

----------- RESPONSE ---------
{"result":"ok"}
----------- END --------------
August 2, 2021, 1:31 pm
----------- DATA -------------
Array
(
    [offerId] => 5876bfb5-5f26-4de9-8784-ec27e3449920
    [fio] => Danilo brillo
    [phone] => 09636654353
    [email] => admin@admin.com
    [domain] => http://adltnews.com/landers/ph_lim_maxup_cream_sm_12_mens_secrets/limon.php
    [ip] => 175.176.77.156
    [utm_campaign] => 22
    [utm_content] => 5
    [utm_medium] => 
    [utm_source] => SM
    [utm_term] => 
    [clickid] => 25d3buq16myk202c
    [fbpxl] => 
)

----------- RESPONSE ---------
{"result":"ok"}
----------- END --------------
August 2, 2021, 1:59 pm
----------- DATA -------------
Array
(
    [offerId] => 5876bfb5-5f26-4de9-8784-ec27e3449920
    [fio] => Jasteni
    [phone] => Vintura
    [email] => admin@admin.com
    [domain] => http://adltnews.com/landers/ph_lim_maxup_cream_sm_12_mens_secrets/limon.php
    [ip] => 175.176.50.9
    [utm_campaign] => 25
    [utm_content] => 3
    [utm_medium] => 
    [utm_source] => SM
    [utm_term] => 
    [clickid] => dd512uqcia2a917d
    [fbpxl] => 
)

----------- RESPONSE ---------
{"result":"ok"}
----------- END --------------
August 2, 2021, 2:08 pm
----------- DATA -------------
Array
(
    [offerId] => 5876bfb5-5f26-4de9-8784-ec27e3449920
    [fio] => Al sabran
    [phone] => Al123456
    [email] => admin@admin.com
    [domain] => http://adltnews.com/landers/ph_lim_maxup_cream_sm_12_mens_secrets/limon.php
    [ip] => 175.176.50.9
    [utm_campaign] => 25
    [utm_content] => 3
    [utm_medium] => 
    [utm_source] => SM
    [utm_term] => 
    [clickid] => dd512uqcia2a917d
    [fbpxl] => 
)

----------- RESPONSE ---------
{"result":"ok"}
----------- END --------------
August 2, 2021, 2:12 pm
----------- DATA -------------
Array
(
    [offerId] => 5876bfb5-5f26-4de9-8784-ec27e3449920
    [fio] => Al sabran
    [phone] => Al123456
    [email] => admin@admin.com
    [domain] => http://adltnews.com/landers/ph_lim_maxup_cream_sm_12_mens_secrets/limon.php
    [ip] => 175.176.50.9
    [utm_campaign] => 25
    [utm_content] => 3
    [utm_medium] => 
    [utm_source] => SM
    [utm_term] => 
    [clickid] => dd512uqcia2a917d
    [fbpxl] => 
)

----------- RESPONSE ---------
{"result":"ok"}
----------- END --------------
August 2, 2021, 2:17 pm
----------- DATA -------------
Array
(
    [offerId] => 5876bfb5-5f26-4de9-8784-ec27e3449920
    [fio] => Al
    [phone] => 09125034728
    [email] => admin@admin.com
    [domain] => http://adltnews.com/landers/ph_lim_maxup_cream_sm_12_mens_secrets/limon.php
    [ip] => 175.176.50.9
    [utm_campaign] => 25
    [utm_content] => 3
    [utm_medium] => 
    [utm_source] => SM
    [utm_term] => 
    [clickid] => 0f7feuqci6j4k0b0
    [fbpxl] => 
)

----------- RESPONSE ---------
{"result":"ok"}
----------- END --------------
August 2, 2021, 2:51 pm
----------- DATA -------------
Array
(
    [offerId] => 5876bfb5-5f26-4de9-8784-ec27e3449920
    [fio] => Jojo agusin
    [phone] => 09064973716
    [email] => admin@admin.com
    [domain] => http://adltnews.com/landers/ph_lim_maxup_cream_sm_12_mens_secrets/limon.php
    [ip] => 180.191.101.71
    [utm_campaign] => 25
    [utm_content] => 3
    [utm_medium] => 
    [utm_source] => SM
    [utm_term] => 
    [clickid] => 3ef98uqciwh4pdb5
    [fbpxl] => 
)

----------- RESPONSE ---------
{"result":"ok"}
----------- END --------------
August 2, 2021, 2:53 pm
----------- DATA -------------
Array
(
    [offerId] => 5876bfb5-5f26-4de9-8784-ec27e3449920
    [fio] => Jeff anthony
    [phone] => 09754518830
    [email] => admin@admin.com
    [domain] => http://adltnews.com/landers/ph_lim_maxup_cream_sm_12_mens_secrets/limon.php
    [ip] => 110.54.226.146
    [utm_campaign] => 22
    [utm_content] => 5
    [utm_medium] => 
    [utm_source] => SM
    [utm_term] => 
    [clickid] => c64deuqciqqrn636
    [fbpxl] => 
)

----------- RESPONSE ---------
{"result":"ok"}
----------- END --------------
August 2, 2021, 2:53 pm
----------- DATA -------------
Array
(
    [offerId] => 5876bfb5-5f26-4de9-8784-ec27e3449920
    [fio] => Yo
    [phone] => .bad
    [email] => admin@admin.com
    [domain] => http://adltnews.com/landers/ph_lim_maxup_cream_sm_12_mens_secrets/limon.php
    [ip] => 112.202.194.197
    [utm_campaign] => 22
    [utm_content] => 5
    [utm_medium] => 
    [utm_source] => SM
    [utm_term] => 
    [clickid] => 804a1uq52a75m1e8
    [fbpxl] => 
)

----------- RESPONSE ---------
{"result":"ok"}
----------- END --------------
August 2, 2021, 2:59 pm
----------- DATA -------------
Array
(
    [offerId] => 5876bfb5-5f26-4de9-8784-ec27e3449920
    [fio] => Gv
    [phone] => 09452397977
    [email] => admin@admin.com
    [domain] => http://adltnews.com/landers/ph_lim_maxup_cream_sm_12_mens_secrets/limon.php
    [ip] => 110.54.227.247
    [utm_campaign] => 25
    [utm_content] => 3
    [utm_medium] => 
    [utm_source] => SM
    [utm_term] => 
    [clickid] => 9ada6uqcixra51ea
    [fbpxl] => 
)

----------- RESPONSE ---------
{"result":"ok"}
----------- END --------------
August 2, 2021, 2:59 pm
----------- DATA -------------
Array
(
    [offerId] => 5876bfb5-5f26-4de9-8784-ec27e3449920
    [fio] => Boy peneda
    [phone] => 09112258384
    [email] => admin@admin.com
    [domain] => http://adltnews.com/landers/ph_lim_maxup_cream_sm_12_mens_secrets/limon.php
    [ip] => 202.164.180.131
    [utm_campaign] => 25
    [utm_content] => 3
    [utm_medium] => 
    [utm_source] => SM
    [utm_term] => 
    [clickid] => 53545uq52a5uqe56
    [fbpxl] => 
)

----------- RESPONSE ---------
{"result":"ok"}
----------- END --------------
August 2, 2021, 3:05 pm
----------- DATA -------------
Array
(
    [offerId] => 5876bfb5-5f26-4de9-8784-ec27e3449920
    [fio] => Arnel
    [phone] => 09756216886
    [email] => admin@admin.com
    [domain] => http://adltnews.com/landers/ph_lim_maxup_cream_sm_12_mens_secrets/limon.php
    [ip] => 110.54.174.7
    [utm_campaign] => 25
    [utm_content] => 3
    [utm_medium] => 
    [utm_source] => SM
    [utm_term] => 
    [clickid] => 87d7duq52pmktc32
    [fbpxl] => 
)

----------- RESPONSE ---------
{"result":"ok"}
----------- END --------------
August 2, 2021, 3:06 pm
----------- DATA -------------
Array
(
    [offerId] => 5876bfb5-5f26-4de9-8784-ec27e3449920
    [fio] => Arnel
    [phone] => 09756216886
    [email] => admin@admin.com
    [domain] => http://adltnews.com/landers/ph_lim_maxup_cream_sm_12_mens_secrets/limon.php
    [ip] => 110.54.174.7
    [utm_campaign] => 25
    [utm_content] => 3
    [utm_medium] => 
    [utm_source] => SM
    [utm_term] => 
    [clickid] => 87d7duq52pmktc32
    [fbpxl] => 
)

----------- RESPONSE ---------
{"result":"ok"}
----------- END --------------
August 2, 2021, 3:10 pm
----------- DATA -------------
Array
(
    [offerId] => 5876bfb5-5f26-4de9-8784-ec27e3449920
    [fio] => Arnel
    [phone] => 09756216886
    [email] => admin@admin.com
    [domain] => http://adltnews.com/landers/ph_lim_maxup_cream_sm_12_mens_secrets/limon.php
    [ip] => 110.54.174.7
    [utm_campaign] => 25
    [utm_content] => 3
    [utm_medium] => 
    [utm_source] => SM
    [utm_term] => 
    [clickid] => 87d7duq52pmktc32
    [fbpxl] => 
)

----------- RESPONSE ---------
{"result":"ok"}
----------- END --------------
August 2, 2021, 3:11 pm
----------- DATA -------------
Array
(
    [offerId] => 5876bfb5-5f26-4de9-8784-ec27e3449920
    [fio] => Arnel
    [phone] => 09756216886
    [email] => admin@admin.com
    [domain] => http://adltnews.com/landers/ph_lim_maxup_cream_sm_12_mens_secrets/limon.php
    [ip] => 110.54.174.7
    [utm_campaign] => 25
    [utm_content] => 3
    [utm_medium] => 
    [utm_source] => SM
    [utm_term] => 
    [clickid] => 87d7duq52pmktc32
    [fbpxl] => 
)

----------- RESPONSE ---------
{"result":"ok"}
----------- END --------------
August 2, 2021, 3:34 pm
----------- DATA -------------
Array
(
    [offerId] => 5876bfb5-5f26-4de9-8784-ec27e3449920
    [fio] => Kenneth
    [phone] => 09632296296
    [email] => admin@admin.com
    [domain] => http://adltnews.com/landers/ph_lim_maxup_cream_sm_12_mens_secrets/limon.php
    [ip] => 136.158.83.68
    [utm_campaign] => 22
    [utm_content] => 5
    [utm_medium] => 
    [utm_source] => SM
    [utm_term] => 
    [clickid] => 57588uq52d5qd7b8
    [fbpxl] => 
)

----------- RESPONSE ---------
{"result":"ok"}
----------- END --------------
August 2, 2021, 3:39 pm
----------- DATA -------------
Array
(
    [offerId] => 5876bfb5-5f26-4de9-8784-ec27e3449920
    [fio] => Joshua
    [phone] => 09663202845
    [email] => admin@admin.com
    [domain] => http://adltnews.com/landers/ph_lim_maxup_cream_sm_12_mens_secrets/limon.php
    [ip] => 110.54.189.57
    [utm_campaign] => 22
    [utm_content] => 5
    [utm_medium] => 
    [utm_source] => SM
    [utm_term] => 
    [clickid] => 5ee50uq52x9fnfd8
    [fbpxl] => 
)

----------- RESPONSE ---------
{"result":"ok"}
----------- END --------------
August 2, 2021, 4:06 pm
----------- DATA -------------
Array
(
    [offerId] => 5876bfb5-5f26-4de9-8784-ec27e3449920
    [fio] => n
    [phone] => J
    [email] => admin@admin.com
    [domain] => http://adltnews.com/landers/ph_lim_maxup_cream_sm_12_mens_secrets/limon.php
    [ip] => 110.54.152.20
    [utm_campaign] => 25
    [utm_content] => 3
    [utm_medium] => 
    [utm_source] => SM
    [utm_term] => 
    [clickid] => e84bfuqqdusa1562
    [fbpxl] => 
)

----------- RESPONSE ---------
{"result":"ok"}
----------- END --------------
August 2, 2021, 4:28 pm
----------- DATA -------------
Array
(
    [offerId] => 5876bfb5-5f26-4de9-8784-ec27e3449920
    [fio] => Capitan
    [phone] => 09974716059
    [email] => admin@admin.com
    [domain] => http://adltnews.com/landers/ph_lim_maxup_cream_sm_12_mens_secrets/limon.php
    [ip] => 110.54.206.152
    [utm_campaign] => 22
    [utm_content] => 5
    [utm_medium] => 
    [utm_source] => SM
    [utm_term] => 
    [clickid] => 7857auqqdusoj485
    [fbpxl] => 
)

----------- RESPONSE ---------
{"result":"ok"}
----------- END --------------
August 2, 2021, 4:50 pm
----------- DATA -------------
Array
(
    [offerId] => 5876bfb5-5f26-4de9-8784-ec27e3449920
    [fio] => Ghlenmatias Ghlen
    [phone] => 09300861131
    [email] => admin@admin.com
    [domain] => http://adltnews.com/landers/ph_lim_maxup_cream_sm_12_mens_secrets/limon.php
    [ip] => 2405:8d40:ca0:1189:2039:1e9d:2240:ed61
    [utm_campaign] => 22
    [utm_content] => 5
    [utm_medium] => 
    [utm_source] => SM
    [utm_term] => 
    [clickid] => 0650auqgmh9my006
    [fbpxl] => 
)

----------- RESPONSE ---------
{"result":"ok"}
----------- END --------------
August 2, 2021, 6:36 pm
----------- DATA -------------
Array
(
    [offerId] => 5876bfb5-5f26-4de9-8784-ec27e3449920
    [fio] => Leo
    [phone] => 09510821783
    [email] => admin@admin.com
    [domain] => http://adltnews.com/landers/ph_lim_maxup_cream_sm_12_mens_secrets/limon.php
    [ip] => 112.198.74.225
    [utm_campaign] => 22
    [utm_content] => 5
    [utm_medium] => 
    [utm_source] => SM
    [utm_term] => 
    [clickid] => ca429uqu3hqb43ce
    [fbpxl] => 
)

----------- RESPONSE ---------
{"result":"ok"}
----------- END --------------
August 2, 2021, 8:27 pm
----------- DATA -------------
Array
(
    [offerId] => 5876bfb5-5f26-4de9-8784-ec27e3449920
    [fio] => jv
    [phone] => 09634952617
    [email] => admin@admin.com
    [domain] => http://adltnews.com/landers/ph_lim_maxup_cream_sm_12_mens_secrets/limon.php
    [ip] => 175.176.7.170
    [utm_campaign] => 22
    [utm_content] => 5
    [utm_medium] => 
    [utm_source] => SM
    [utm_term] => 
    [clickid] => f8e4duq4kuqb4dfa
    [fbpxl] => 
)

----------- RESPONSE ---------
{"result":"ok"}
----------- END --------------
August 2, 2021, 9:16 pm
----------- DATA -------------
Array
(
    [offerId] => 5876bfb5-5f26-4de9-8784-ec27e3449920
    [fio] => Haroldson
    [phone] => 09970658445
    [email] => admin@admin.com
    [domain] => http://adltnews.com/landers/ph_lim_maxup_cream_sm_12_mens_secrets/limon.php
    [ip] => 180.190.18.209
    [utm_campaign] => 25
    [utm_content] => 3
    [utm_medium] => 
    [utm_source] => SM
    [utm_term] => 
    [clickid] => ef76auqtwq5b45dd
    [fbpxl] => 
)

----------- RESPONSE ---------
{"result":"ok"}
----------- END --------------
August 2, 2021, 9:50 pm
----------- DATA -------------
Array
(
    [offerId] => 5876bfb5-5f26-4de9-8784-ec27e3449920
    [fio] => Louie jay Parchamento 
    [phone] => 09657301245
    [email] => admin@admin.com
    [domain] => http://adltnews.com/landers/ph_lim_maxup_cream_sm_12_mens_secrets/limon.php
    [ip] => 110.54.181.181
    [utm_campaign] => 22
    [utm_content] => 5
    [utm_medium] => 
    [utm_source] => SM
    [utm_term] => 
    [clickid] => 63467uqtwydg68a8
    [fbpxl] => 
)

----------- RESPONSE ---------
{"result":"ok"}
----------- END --------------
