August 13, 2021, 12:32 am
----------- DATA -------------
Array
(
    [offerId] => 5876bfb5-5f26-4de9-8784-ec27e3449920
    [fio] => Glenn
    [phone] => 09636080740
    [email] => admin@admin.com
    [domain] => http://adltnews.com/landers/ph_lim_maxup_cream_sm_12_mens_secrets/limon.php
    [ip] => 124.105.230.145
    [utm_campaign] => 25
    [utm_content] => 3
    [utm_medium] => 
    [utm_source] => SM
    [utm_term] => 
    [clickid] => 30488dvwfd5bgdd7
    [fbpxl] => 
)

----------- RESPONSE ---------
{"result":"ok"}
----------- END --------------
August 13, 2021, 12:46 am
----------- DATA -------------
Array
(
    [offerId] => 5876bfb5-5f26-4de9-8784-ec27e3449920
    [fio] => ceejay 
    [phone] => 09509257
    [email] => admin@admin.com
    [domain] => http://adltnews.com/landers/ph_lim_maxup_cream_sm_12_mens_secrets/limon.php
    [ip] => 131.226.66.224
    [utm_campaign] => 25
    [utm_content] => 3
    [utm_medium] => 
    [utm_source] => SM
    [utm_term] => 
    [clickid] => 22df6dvwfwhxibdf
    [fbpxl] => 
)

----------- RESPONSE ---------
{"result":"ok"}
----------- END --------------
August 13, 2021, 12:46 am
----------- DATA -------------
Array
(
    [offerId] => 5876bfb5-5f26-4de9-8784-ec27e3449920
    [fio] => ceejay 
    [phone] => 09509257
    [email] => admin@admin.com
    [domain] => http://adltnews.com/landers/ph_lim_maxup_cream_sm_12_mens_secrets/limon.php
    [ip] => 131.226.66.224
    [utm_campaign] => 25
    [utm_content] => 3
    [utm_medium] => 
    [utm_source] => SM
    [utm_term] => 
    [clickid] => 22df6dvwfwhxibdf
    [fbpxl] => 
)

----------- RESPONSE ---------
{"result":"ok"}
----------- END --------------
August 13, 2021, 12:46 am
----------- DATA -------------
Array
(
    [offerId] => 5876bfb5-5f26-4de9-8784-ec27e3449920
    [fio] => ceejay 
    [phone] => 09509257
    [email] => admin@admin.com
    [domain] => http://adltnews.com/landers/ph_lim_maxup_cream_sm_12_mens_secrets/limon.php
    [ip] => 131.226.66.224
    [utm_campaign] => 25
    [utm_content] => 3
    [utm_medium] => 
    [utm_source] => SM
    [utm_term] => 
    [clickid] => 22df6dvwfwhxibdf
    [fbpxl] => 
)

----------- RESPONSE ---------
{"result":"ok"}
----------- END --------------
August 13, 2021, 12:46 am
----------- DATA -------------
Array
(
    [offerId] => 5876bfb5-5f26-4de9-8784-ec27e3449920
    [fio] => ceejay 
    [phone] => 09509257
    [email] => admin@admin.com
    [domain] => http://adltnews.com/landers/ph_lim_maxup_cream_sm_12_mens_secrets/limon.php
    [ip] => 131.226.66.224
    [utm_campaign] => 25
    [utm_content] => 3
    [utm_medium] => 
    [utm_source] => SM
    [utm_term] => 
    [clickid] => 22df6dvwfwhxibdf
    [fbpxl] => 
)

----------- RESPONSE ---------
{"result":"ok"}
----------- END --------------
August 13, 2021, 12:46 am
----------- DATA -------------
Array
(
    [offerId] => 5876bfb5-5f26-4de9-8784-ec27e3449920
    [fio] => ceejay 
    [phone] => 09509257
    [email] => admin@admin.com
    [domain] => http://adltnews.com/landers/ph_lim_maxup_cream_sm_12_mens_secrets/limon.php
    [ip] => 131.226.66.224
    [utm_campaign] => 25
    [utm_content] => 3
    [utm_medium] => 
    [utm_source] => SM
    [utm_term] => 
    [clickid] => 22df6dvwfwhxibdf
    [fbpxl] => 
)

----------- RESPONSE ---------
{"result":"ok"}
----------- END --------------
August 13, 2021, 12:46 am
----------- DATA -------------
Array
(
    [offerId] => 5876bfb5-5f26-4de9-8784-ec27e3449920
    [fio] => ceejay 
    [phone] => 09509257
    [email] => admin@admin.com
    [domain] => http://adltnews.com/landers/ph_lim_maxup_cream_sm_12_mens_secrets/limon.php
    [ip] => 131.226.66.224
    [utm_campaign] => 25
    [utm_content] => 3
    [utm_medium] => 
    [utm_source] => SM
    [utm_term] => 
    [clickid] => 22df6dvwfwhxibdf
    [fbpxl] => 
)

----------- RESPONSE ---------
{"result":"ok"}
----------- END --------------
August 13, 2021, 1:50 am
----------- DATA -------------
Array
(
    [offerId] => 5876bfb5-5f26-4de9-8784-ec27e3449920
    [fio] => Lloyd
    [phone] => 09435934934
    [email] => admin@admin.com
    [domain] => http://adltnews.com/landers/ph_lim_maxup_cream_sm_12_mens_secrets/limon.php
    [ip] => 180.190.164.39
    [utm_campaign] => 25
    [utm_content] => 3
    [utm_medium] => 
    [utm_source] => SM
    [utm_term] => 
    [clickid] => df5ebdvnt9l8p5eb
    [fbpxl] => 
)

----------- RESPONSE ---------
{"result":"ok"}
----------- END --------------
August 13, 2021, 2:28 am
----------- DATA -------------
Array
(
    [offerId] => 5876bfb5-5f26-4de9-8784-ec27e3449920
    [fio] => Dandy Añana Cañete
    [phone] => 09300320456
    [email] => admin@admin.com
    [domain] => http://adltnews.com/landers/ph_lim_maxup_cream_sm_12_mens_secrets/limon.php
    [ip] => 110.54.175.54
    [utm_campaign] => 25
    [utm_content] => 3
    [utm_medium] => 
    [utm_source] => SM
    [utm_term] => 
    [clickid] => 5295fdvntbgqne96
    [fbpxl] => 
)

----------- RESPONSE ---------
{"result":"ok"}
----------- END --------------
August 13, 2021, 2:56 am
----------- DATA -------------
Array
(
    [offerId] => 5876bfb5-5f26-4de9-8784-ec27e3449920
    [fio] => noel marcelino
    [phone] => 09065171732
    [email] => admin@admin.com
    [domain] => http://adltnews.com/landers/ph_lim_maxup_cream_sm_12_mens_secrets/limon.php
    [ip] => 110.54.225.84
    [utm_campaign] => 25
    [utm_content] => 3
    [utm_medium] => 
    [utm_source] => SM
    [utm_term] => 
    [clickid] => f40dedvb4a49lce6
    [fbpxl] => 
)

----------- RESPONSE ---------
{"result":"ok"}
----------- END --------------
August 13, 2021, 3:12 am
----------- DATA -------------
Array
(
    [offerId] => 5876bfb5-5f26-4de9-8784-ec27e3449920
    [fio] => Carlo garcia wong
    [phone] => 09701192573
    [email] => admin@admin.com
    [domain] => http://adltnews.com/landers/ph_lim_maxup_cream_sm_12_mens_secrets/limon.php
    [ip] => 175.176.43.77
    [utm_campaign] => 25
    [utm_content] => 3
    [utm_medium] => 
    [utm_source] => SM
    [utm_term] => 
    [clickid] => c3c66dvb4a8lp9f2
    [fbpxl] => 
)

----------- RESPONSE ---------
{"result":"ok"}
----------- END --------------
August 13, 2021, 3:14 am
----------- DATA -------------
Array
(
    [offerId] => 5876bfb5-5f26-4de9-8784-ec27e3449920
    [fio] => Jeremie abapo
    [phone] => 09486467538
    [email] => admin@admin.com
    [domain] => http://adltnews.com/landers/ph_lim_maxup_cream_sm_12_mens_secrets/limon.php
    [ip] => 58.69.118.43
    [utm_campaign] => 25
    [utm_content] => 3
    [utm_medium] => 
    [utm_source] => SM
    [utm_term] => 
    [clickid] => 04aebdvb4xsho86b
    [fbpxl] => 
)

----------- RESPONSE ---------
{"result":"ok"}
----------- END --------------
August 13, 2021, 4:25 am
----------- DATA -------------
Array
(
    [offerId] => 5876bfb5-5f26-4de9-8784-ec27e3449920
    [fio] => Jeffrey
    [phone] => 09557807711
    [email] => admin@admin.com
    [domain] => http://adltnews.com/landers/ph_lim_maxup_cream_sm_12_mens_secrets/limon.php
    [ip] => 110.54.177.191
    [utm_campaign] => 22
    [utm_content] => 5
    [utm_medium] => 
    [utm_source] => SM
    [utm_term] => 
    [clickid] => 0a701dvb4ejqe5ae
    [fbpxl] => 
)

----------- RESPONSE ---------
{"result":"ok"}
----------- END --------------
August 13, 2021, 4:32 am
----------- DATA -------------
Array
(
    [offerId] => 5876bfb5-5f26-4de9-8784-ec27e3449920
    [fio] => Jason 
    [phone] => 09550196763
    [email] => admin@admin.com
    [domain] => http://adltnews.com/landers/ph_lim_maxup_cream_sm_12_mens_secrets/limon.php
    [ip] => 110.54.207.176
    [utm_campaign] => 25
    [utm_content] => 3
    [utm_medium] => 
    [utm_source] => SM
    [utm_term] => 
    [clickid] => 94c1fdvb437xodda
    [fbpxl] => 
)

----------- RESPONSE ---------
{"result":"ok"}
----------- END --------------
August 13, 2021, 5:41 am
----------- DATA -------------
Array
(
    [offerId] => 5876bfb5-5f26-4de9-8784-ec27e3449920
    [fio] => Jobel anzano
    [phone] => 09631425220
    [email] => admin@admin.com
    [domain] => http://adltnews.com/landers/ph_lim_maxup_cream_sm_12_mens_secrets/limon.php
    [ip] => 119.93.201.104
    [utm_campaign] => 25
    [utm_content] => 3
    [utm_medium] => 
    [utm_source] => SM
    [utm_term] => 
    [clickid] => 89ddedvirgmfvdd2
    [fbpxl] => 
)

----------- RESPONSE ---------
{"result":"ok"}
----------- END --------------
August 13, 2021, 6:47 am
----------- DATA -------------
Array
(
    [offerId] => 5876bfb5-5f26-4de9-8784-ec27e3449920
    [fio] => Niño laqui
    [phone] => 09355862437
    [email] => admin@admin.com
    [domain] => http://adltnews.com/landers/ph_lim_maxup_cream_sm_12_mens_secrets/limon.php
    [ip] => 136.158.16.195
    [utm_campaign] => 25
    [utm_content] => 3
    [utm_medium] => 
    [utm_source] => SM
    [utm_term] => 
    [clickid] => 3a8f8dvire8k2346
    [fbpxl] => 
)

----------- RESPONSE ---------
{"result":"ok"}
----------- END --------------
August 13, 2021, 7:02 am
----------- DATA -------------
Array
(
    [offerId] => 5876bfb5-5f26-4de9-8784-ec27e3449920
    [fio] => Jared
    [phone] => 09096300414
    [email] => admin@admin.com
    [domain] => http://adltnews.com/landers/ph_lim_maxup_cream_sm_12_mens_secrets/limon.php
    [ip] => 49.146.58.94
    [utm_campaign] => 510
    [utm_content] => 26
    [utm_medium] => 
    [utm_source] => SM
    [utm_term] => 
    [clickid] => e015ddvghxsuq112
    [fbpxl] => 
)

----------- RESPONSE ---------
{"result":"ok"}
----------- END --------------
August 13, 2021, 7:03 am
----------- DATA -------------
Array
(
    [offerId] => 5876bfb5-5f26-4de9-8784-ec27e3449920
    [fio] => Eugenecampo
    [phone] => 09658551444
    [email] => admin@admin.com
    [domain] => http://adltnews.com/landers/ph_lim_maxup_cream_sm_12_mens_secrets/limon.php
    [ip] => 110.54.170.46
    [utm_campaign] => 25
    [utm_content] => 3
    [utm_medium] => 
    [utm_source] => SM
    [utm_term] => 
    [clickid] => 0cb7fdvghpma92e3
    [fbpxl] => 
)

----------- RESPONSE ---------
{"result":"ok"}
----------- END --------------
August 13, 2021, 7:18 am
----------- DATA -------------
Array
(
    [offerId] => 5876bfb5-5f26-4de9-8784-ec27e3449920
    [fio] => gino mohillo
    [phone] => 09380382407
    [email] => admin@admin.com
    [domain] => http://adltnews.com/landers/ph_lim_maxup_cream_sm_12_mens_secrets/limon.php
    [ip] => 2001:4454:684:f600:f189:d6c8:50f1:ce34
    [utm_campaign] => 22
    [utm_content] => 5
    [utm_medium] => 
    [utm_source] => SM
    [utm_term] => 
    [clickid] => 48500dvghu31mfc1
    [fbpxl] => 
)

----------- RESPONSE ---------
{"result":"ok"}
----------- END --------------
August 13, 2021, 8:09 am
----------- DATA -------------
Array
(
    [offerId] => 5876bfb5-5f26-4de9-8784-ec27e3449920
    [fio] => Michelle magsino
    [phone] => 09301027232
    [email] => admin@admin.com
    [domain] => http://adltnews.com/landers/ph_lim_maxup_cream_sm_12_mens_secrets/limon.php
    [ip] => 110.54.165.150
    [utm_campaign] => 25
    [utm_content] => 3
    [utm_medium] => 
    [utm_source] => SM
    [utm_term] => 
    [clickid] => 8cb4advghib5mb1b
    [fbpxl] => 
)

----------- RESPONSE ---------
{"result":"ok"}
----------- END --------------
August 13, 2021, 8:38 am
----------- DATA -------------
Array
(
    [offerId] => 5876bfb5-5f26-4de9-8784-ec27e3449920
    [fio] => Herman
    [phone] => 09067284320
    [email] => admin@admin.com
    [domain] => http://adltnews.com/landers/ph_lim_maxup_cream_sm_12_mens_secrets/limon.php
    [ip] => 110.54.137.10
    [utm_campaign] => 25
    [utm_content] => 3
    [utm_medium] => 
    [utm_source] => SM
    [utm_term] => 
    [clickid] => 0df1fdv8pa2fta3f
    [fbpxl] => 
)

----------- RESPONSE ---------
{"result":"ok"}
----------- END --------------
August 13, 2021, 8:38 am
----------- DATA -------------
Array
(
    [offerId] => 5876bfb5-5f26-4de9-8784-ec27e3449920
    [fio] => Herman
    [phone] => 09067284320
    [email] => admin@admin.com
    [domain] => http://adltnews.com/landers/ph_lim_maxup_cream_sm_12_mens_secrets/limon.php
    [ip] => 110.54.137.10
    [utm_campaign] => 25
    [utm_content] => 3
    [utm_medium] => 
    [utm_source] => SM
    [utm_term] => 
    [clickid] => 0df1fdv8pa2fta3f
    [fbpxl] => 
)

----------- RESPONSE ---------
{"result":"ok"}
----------- END --------------
August 13, 2021, 8:46 am
----------- DATA -------------
Array
(
    [offerId] => 5876bfb5-5f26-4de9-8784-ec27e3449920
    [fio] => Nar maliwat
    [phone] => 09318075550
    [email] => admin@admin.com
    [domain] => http://adltnews.com/landers/ph_lim_maxup_cream_sm_12_mens_secrets/limon.php
    [ip] => 119.94.69.222
    [utm_campaign] => 22
    [utm_content] => 5
    [utm_medium] => 
    [utm_source] => SM
    [utm_term] => 
    [clickid] => fc161dv8pusuoaa2
    [fbpxl] => 
)

----------- RESPONSE ---------
{"result":"ok"}
----------- END --------------
August 13, 2021, 9:07 am
----------- DATA -------------
Array
(
    [offerId] => 5876bfb5-5f26-4de9-8784-ec27e3449920
    [fio] => Vino politico
    [phone] => 09455764380
    [email] => admin@admin.com
    [domain] => http://adltnews.com/landers/ph_lim_maxup_cream_sm_12_mens_secrets/limon.php
    [ip] => 112.198.68.174
    [utm_campaign] => 25
    [utm_content] => 3
    [utm_medium] => 
    [utm_source] => SM
    [utm_term] => 
    [clickid] => e612ddv8p5ma1f54
    [fbpxl] => 
)

----------- RESPONSE ---------
{"result":"ok"}
----------- END --------------
August 13, 2021, 9:30 am
----------- DATA -------------
Array
(
    [offerId] => 5876bfb5-5f26-4de9-8784-ec27e3449920
    [fio] => Gerald
    [phone] => 09501218630
    [email] => admin@admin.com
    [domain] => http://adltnews.com/landers/ph_lim_maxup_cream_sm_12_mens_secrets/limon.php
    [ip] => 180.190.36.102
    [utm_campaign] => 25
    [utm_content] => 3
    [utm_medium] => 
    [utm_source] => SM
    [utm_term] => 
    [clickid] => dad1cdv8pxie25d8
    [fbpxl] => 
)

----------- RESPONSE ---------
{"result":"ok"}
----------- END --------------
August 13, 2021, 10:00 am
----------- DATA -------------
Array
(
    [offerId] => 5876bfb5-5f26-4de9-8784-ec27e3449920
    [fio] => Gil
    [phone] => O9656016469
    [email] => admin@admin.com
    [domain] => http://adltnews.com/landers/ph_lim_maxup_cream_sm_12_mens_secrets/limon.php
    [ip] => 110.54.150.217
    [utm_campaign] => 25
    [utm_content] => 3
    [utm_medium] => 
    [utm_source] => SM
    [utm_term] => 
    [clickid] => 0c893dv8pj2xo02a
    [fbpxl] => 
)

----------- RESPONSE ---------
{"result":"ok"}
----------- END --------------
August 13, 2021, 10:42 am
----------- DATA -------------
Array
(
    [offerId] => 5876bfb5-5f26-4de9-8784-ec27e3449920
    [fio] => David
    [phone] => Uro
    [email] => admin@admin.com
    [domain] => http://adltnews.com/landers/ph_lim_maxup_cream_sm_12_mens_secrets/limon.php
    [ip] => 110.54.174.133
    [utm_campaign] => 25
    [utm_content] => 3
    [utm_medium] => 
    [utm_source] => SM
    [utm_term] => 
    [clickid] => 86aa5dvxoy9yd757
    [fbpxl] => 
)

----------- RESPONSE ---------
{"result":"ok"}
----------- END --------------
August 13, 2021, 10:42 am
----------- DATA -------------
Array
(
    [offerId] => 5876bfb5-5f26-4de9-8784-ec27e3449920
    [fio] => David
    [phone] => Uro
    [email] => admin@admin.com
    [domain] => http://adltnews.com/landers/ph_lim_maxup_cream_sm_12_mens_secrets/limon.php
    [ip] => 110.54.174.133
    [utm_campaign] => 25
    [utm_content] => 3
    [utm_medium] => 
    [utm_source] => SM
    [utm_term] => 
    [clickid] => 86aa5dvxoy9yd757
    [fbpxl] => 
)

----------- RESPONSE ---------
{"result":"ok"}
----------- END --------------
August 13, 2021, 10:42 am
----------- DATA -------------
Array
(
    [offerId] => 5876bfb5-5f26-4de9-8784-ec27e3449920
    [fio] => David
    [phone] => Uro
    [email] => admin@admin.com
    [domain] => http://adltnews.com/landers/ph_lim_maxup_cream_sm_12_mens_secrets/limon.php
    [ip] => 110.54.174.133
    [utm_campaign] => 25
    [utm_content] => 3
    [utm_medium] => 
    [utm_source] => SM
    [utm_term] => 
    [clickid] => 86aa5dvxoy9yd757
    [fbpxl] => 
)

----------- RESPONSE ---------
{"result":"ok"}
----------- END --------------
August 13, 2021, 10:44 am
----------- DATA -------------
Array
(
    [offerId] => 5876bfb5-5f26-4de9-8784-ec27e3449920
    [fio] => David uru
    [phone] => 09360326409
    [email] => admin@admin.com
    [domain] => http://adltnews.com/landers/ph_lim_maxup_cream_sm_12_mens_secrets/limon.php
    [ip] => 110.54.174.133
    [utm_campaign] => 25
    [utm_content] => 3
    [utm_medium] => 
    [utm_source] => SM
    [utm_term] => 
    [clickid] => 86aa5dvxoy9yd757
    [fbpxl] => 
)

----------- RESPONSE ---------
{"result":"ok"}
----------- END --------------
August 13, 2021, 10:56 am
----------- DATA -------------
Array
(
    [offerId] => 5876bfb5-5f26-4de9-8784-ec27e3449920
    [fio] => Jastin.danaw
    [phone] => +639554858223
    [email] => admin@admin.com
    [domain] => http://adltnews.com/landers/ph_lim_maxup_cream_sm_12_mens_secrets/limon.php
    [ip] => 103.148.60.248
    [utm_campaign] => 25
    [utm_content] => 3
    [utm_medium] => 
    [utm_source] => SM
    [utm_term] => 
    [clickid] => 2edcadvxoyda709e
    [fbpxl] => 
)

----------- RESPONSE ---------
{"result":"ok"}
----------- END --------------
August 13, 2021, 11:37 am
----------- DATA -------------
Array
(
    [offerId] => 5876bfb5-5f26-4de9-8784-ec27e3449920
    [fio] => Delson 
    [phone] => 09970976524
    [email] => admin@admin.com
    [domain] => http://adltnews.com/landers/ph_lim_maxup_cream_sm_12_mens_secrets/limon.php
    [ip] => 2001:4455:529:8d00:4484:b36c:ab2c:2702
    [utm_campaign] => 25
    [utm_content] => 3
    [utm_medium] => 
    [utm_source] => SM
    [utm_term] => 
    [clickid] => 1248bdvxoxrft77e
    [fbpxl] => 
)

----------- RESPONSE ---------
{"result":"ok"}
----------- END --------------
August 13, 2021, 11:39 am
----------- DATA -------------
Array
(
    [offerId] => 5876bfb5-5f26-4de9-8784-ec27e3449920
    [fio] => Delson 
    [phone] => 09970976524
    [email] => admin@admin.com
    [domain] => http://adltnews.com/landers/ph_lim_maxup_cream_sm_12_mens_secrets/limon.php
    [ip] => 2001:4455:529:8d00:4484:b36c:ab2c:2702
    [utm_campaign] => 25
    [utm_content] => 3
    [utm_medium] => 
    [utm_source] => SM
    [utm_term] => 
    [clickid] => 1248bdvxoxrft77e
    [fbpxl] => 
)

----------- RESPONSE ---------
{"result":"ok"}
----------- END --------------
August 13, 2021, 11:44 am
----------- DATA -------------
Array
(
    [offerId] => 5876bfb5-5f26-4de9-8784-ec27e3449920
    [fio] => Ricky
    [phone] => 09155284984
    [email] => admin@admin.com
    [domain] => http://adltnews.com/landers/ph_lim_maxup_cream_sm_12_mens_secrets/limon.php
    [ip] => 110.54.135.227
    [utm_campaign] => 25
    [utm_content] => 3
    [utm_medium] => 
    [utm_source] => SM
    [utm_term] => 
    [clickid] => 6a5f8dvxoxr46c7e
    [fbpxl] => 
)

----------- RESPONSE ---------
{"result":"ok"}
----------- END --------------
August 13, 2021, 11:51 am
----------- DATA -------------
Array
(
    [offerId] => 5876bfb5-5f26-4de9-8784-ec27e3449920
    [fio] => Sonn boy silvosa
    [phone] => 09271506617
    [email] => admin@admin.com
    [domain] => http://adltnews.com/landers/ph_lim_maxup_cream_sm_12_mens_secrets/limon.php
    [ip] => 110.54.187.86
    [utm_campaign] => 25
    [utm_content] => 3
    [utm_medium] => 
    [utm_source] => SM
    [utm_term] => 
    [clickid] => 98954dvxoe8p210a
    [fbpxl] => 
)

----------- RESPONSE ---------
{"result":"ok"}
----------- END --------------
August 13, 2021, 12:34 pm
----------- DATA -------------
Array
(
    [offerId] => 5876bfb5-5f26-4de9-8784-ec27e3449920
    [fio] => Talan
    [phone] => 09557963318
    [email] => admin@admin.com
    [domain] => http://adltnews.com/landers/ph_lim_maxup_cream_sm_12_mens_secrets/limon.php
    [ip] => 2001:4452:219:500:e167:944f:9ef8:646d
    [utm_campaign] => 22
    [utm_content] => 5
    [utm_medium] => 
    [utm_source] => SM
    [utm_term] => 
    [clickid] => 30c58dvk2lpa5d34
    [fbpxl] => 
)

----------- RESPONSE ---------
{"result":"ok"}
----------- END --------------
August 13, 2021, 12:34 pm
----------- DATA -------------
Array
(
    [offerId] => 5876bfb5-5f26-4de9-8784-ec27e3449920
    [fio] => Talan
    [phone] => 09557963318
    [email] => admin@admin.com
    [domain] => http://adltnews.com/landers/ph_lim_maxup_cream_sm_12_mens_secrets/limon.php
    [ip] => 2001:4452:219:500:e167:944f:9ef8:646d
    [utm_campaign] => 22
    [utm_content] => 5
    [utm_medium] => 
    [utm_source] => SM
    [utm_term] => 
    [clickid] => 30c58dvk2lpa5d34
    [fbpxl] => 
)

----------- RESPONSE ---------
{"result":"ok"}
----------- END --------------
August 13, 2021, 12:34 pm
----------- DATA -------------
Array
(
    [offerId] => 5876bfb5-5f26-4de9-8784-ec27e3449920
    [fio] => Talan
    [phone] => 09557963318
    [email] => admin@admin.com
    [domain] => http://adltnews.com/landers/ph_lim_maxup_cream_sm_12_mens_secrets/limon.php
    [ip] => 2001:4452:219:500:e167:944f:9ef8:646d
    [utm_campaign] => 22
    [utm_content] => 5
    [utm_medium] => 
    [utm_source] => SM
    [utm_term] => 
    [clickid] => 30c58dvk2lpa5d34
    [fbpxl] => 
)

----------- RESPONSE ---------
{"result":"ok"}
----------- END --------------
August 13, 2021, 12:34 pm
----------- DATA -------------
Array
(
    [offerId] => 5876bfb5-5f26-4de9-8784-ec27e3449920
    [fio] => Talan
    [phone] => 09557963318
    [email] => admin@admin.com
    [domain] => http://adltnews.com/landers/ph_lim_maxup_cream_sm_12_mens_secrets/limon.php
    [ip] => 2001:4452:219:500:e167:944f:9ef8:646d
    [utm_campaign] => 22
    [utm_content] => 5
    [utm_medium] => 
    [utm_source] => SM
    [utm_term] => 
    [clickid] => 30c58dvk2lpa5d34
    [fbpxl] => 
)

----------- RESPONSE ---------
{"result":"ok"}
----------- END --------------
August 13, 2021, 12:56 pm
----------- DATA -------------
Array
(
    [offerId] => 5876bfb5-5f26-4de9-8784-ec27e3449920
    [fio] => RONALD
    [phone] => 09634879809
    [email] => admin@admin.com
    [domain] => http://adltnews.com/landers/ph_lim_maxup_cream_sm_12_mens_secrets/limon.php
    [ip] => 175.176.69.140
    [utm_campaign] => 25
    [utm_content] => 3
    [utm_medium] => 
    [utm_source] => SM
    [utm_term] => 
    [clickid] => 54133dvk25mb4399
    [fbpxl] => 
)

----------- RESPONSE ---------
{"result":"ok"}
----------- END --------------
August 13, 2021, 12:56 pm
----------- DATA -------------
Array
(
    [offerId] => 5876bfb5-5f26-4de9-8784-ec27e3449920
    [fio] => RONALD
    [phone] => 09634879809
    [email] => admin@admin.com
    [domain] => http://adltnews.com/landers/ph_lim_maxup_cream_sm_12_mens_secrets/limon.php
    [ip] => 175.176.69.140
    [utm_campaign] => 25
    [utm_content] => 3
    [utm_medium] => 
    [utm_source] => SM
    [utm_term] => 
    [clickid] => 54133dvk25mb4399
    [fbpxl] => 
)

----------- RESPONSE ---------
{"result":"ok"}
----------- END --------------
August 13, 2021, 1:06 pm
----------- DATA -------------
Array
(
    [offerId] => 5876bfb5-5f26-4de9-8784-ec27e3449920
    [fio] => milvin
    [phone] => 09128694904
    [email] => admin@admin.com
    [domain] => http://adltnews.com/landers/ph_lim_maxup_cream_sm_12_mens_secrets/limon.php
    [ip] => 175.176.76.166
    [utm_campaign] => 25
    [utm_content] => 3
    [utm_medium] => 
    [utm_source] => SM
    [utm_term] => 
    [clickid] => 56b6cdvk2vcm7113
    [fbpxl] => 
)

----------- RESPONSE ---------
{"result":"ok"}
----------- END --------------
August 13, 2021, 1:12 pm
----------- DATA -------------
Array
(
    [offerId] => 5876bfb5-5f26-4de9-8784-ec27e3449920
    [fio] => John Bert Anes 
    [phone] => 09363372797
    [email] => admin@admin.com
    [domain] => http://adltnews.com/landers/ph_lim_maxup_cream_sm_12_mens_secrets/limon.php
    [ip] => 110.54.168.191
    [utm_campaign] => 25
    [utm_content] => 3
    [utm_medium] => 
    [utm_source] => SM
    [utm_term] => 
    [clickid] => 9446ddvk2myd5bf6
    [fbpxl] => 
)

----------- RESPONSE ---------
{"result":"ok"}
----------- END --------------
August 13, 2021, 1:31 pm
----------- DATA -------------
Array
(
    [offerId] => 5876bfb5-5f26-4de9-8784-ec27e3449920
    [fio] =>  Sofie,igloso
    [phone] => O9199329308
    [email] => admin@admin.com
    [domain] => http://adltnews.com/landers/ph_lim_maxup_cream_sm_12_mens_secrets/limon.php
    [ip] => 112.198.72.14
    [utm_campaign] => 22
    [utm_content] => 5
    [utm_medium] => 
    [utm_source] => SM
    [utm_term] => 
    [clickid] => 2f05bdvk2c81ze6e
    [fbpxl] => 
)

----------- RESPONSE ---------
{"result":"ok"}
----------- END --------------
August 13, 2021, 1:32 pm
----------- DATA -------------
Array
(
    [offerId] => 5876bfb5-5f26-4de9-8784-ec27e3449920
    [fio] => June mark bacsan
    [phone] => 09296302347
    [email] => admin@admin.com
    [domain] => http://adltnews.com/landers/ph_lim_maxup_cream_sm_12_mens_secrets/limon.php
    [ip] => 175.176.41.195
    [utm_campaign] => 25
    [utm_content] => 3
    [utm_medium] => 
    [utm_source] => SM
    [utm_term] => 
    [clickid] => 0abbcdvk2bglp2d6
    [fbpxl] => 
)

----------- RESPONSE ---------
{"result":"ok"}
----------- END --------------
August 13, 2021, 1:50 pm
----------- DATA -------------
Array
(
    [offerId] => 5876bfb5-5f26-4de9-8784-ec27e3449920
    [fio] => Raynel Domingo
    [phone] => 09129746118
    [email] => admin@admin.com
    [domain] => http://adltnews.com/landers/ph_lim_maxup_cream_sm_12_mens_secrets/limon.php
    [ip] => 110.54.185.121
    [utm_campaign] => 25
    [utm_content] => 3
    [utm_medium] => 
    [utm_source] => SM
    [utm_term] => 
    [clickid] => 02c4ddvk29za4ab0
    [fbpxl] => 
)

----------- RESPONSE ---------
{"result":"ok"}
----------- END --------------
August 13, 2021, 1:57 pm
----------- DATA -------------
Array
(
    [offerId] => 5876bfb5-5f26-4de9-8784-ec27e3449920
    [fio] => Raymund
    [phone] => +639270322451
    [email] => admin@admin.com
    [domain] => http://adltnews.com/landers/ph_lim_maxup_cream_sm_12_mens_secrets/limon.php
    [ip] => 110.54.132.97
    [utm_campaign] => 25
    [utm_content] => 3
    [utm_medium] => 
    [utm_source] => SM
    [utm_term] => 
    [clickid] => 75a65dv7sa0gm0ce
    [fbpxl] => 
)

----------- RESPONSE ---------
{"result":"ok"}
----------- END --------------
August 13, 2021, 2:00 pm
----------- DATA -------------
Array
(
    [offerId] => 5876bfb5-5f26-4de9-8784-ec27e3449920
    [fio] => Edgar hablero
    [phone] => 09469214898
    [email] => admin@admin.com
    [domain] => http://adltnews.com/landers/ph_lim_maxup_cream_sm_12_mens_secrets/limon.php
    [ip] => 2001:4455:328:0:10e3:734f:51e9:837a
    [utm_campaign] => 25
    [utm_content] => 3
    [utm_medium] => 
    [utm_source] => SM
    [utm_term] => 
    [clickid] => 3b350dv7sa18r263
    [fbpxl] => 
)

----------- RESPONSE ---------
{"result":"ok"}
----------- END --------------
August 13, 2021, 2:01 pm
----------- DATA -------------
Array
(
    [offerId] => 5876bfb5-5f26-4de9-8784-ec27e3449920
    [fio] => Edgar hablero
    [phone] => 09469214898
    [email] => admin@admin.com
    [domain] => http://adltnews.com/landers/ph_lim_maxup_cream_sm_12_mens_secrets/limon.php
    [ip] => 2001:4455:328:0:10e3:734f:51e9:837a
    [utm_campaign] => 25
    [utm_content] => 3
    [utm_medium] => 
    [utm_source] => SM
    [utm_term] => 
    [clickid] => 3b350dv7sa18r263
    [fbpxl] => 
)

----------- RESPONSE ---------
{"result":"ok"}
----------- END --------------
August 13, 2021, 2:02 pm
----------- DATA -------------
Array
(
    [offerId] => 5876bfb5-5f26-4de9-8784-ec27e3449920
    [fio] => Edgar hablero
    [phone] => 09469214898
    [email] => admin@admin.com
    [domain] => http://adltnews.com/landers/ph_lim_maxup_cream_sm_12_mens_secrets/limon.php
    [ip] => 2001:4455:328:0:10e3:734f:51e9:837a
    [utm_campaign] => 25
    [utm_content] => 3
    [utm_medium] => 
    [utm_source] => SM
    [utm_term] => 
    [clickid] => 3b350dv7sa18r263
    [fbpxl] => 
)

----------- RESPONSE ---------
{"result":"ok"}
----------- END --------------
August 13, 2021, 2:07 pm
----------- DATA -------------
Array
(
    [offerId] => 5876bfb5-5f26-4de9-8784-ec27e3449920
    [fio] => Ronnel planas
    [phone] => 09463323968
    [email] => admin@admin.com
    [domain] => http://adltnews.com/landers/ph_lim_maxup_cream_sm_12_mens_secrets/limon.php
    [ip] => 175.176.84.167
    [utm_campaign] => 22
    [utm_content] => 5
    [utm_medium] => 
    [utm_source] => SM
    [utm_term] => 
    [clickid] => a4cd6dv7sa8m75b4
    [fbpxl] => 
)

----------- RESPONSE ---------
{"result":"ok"}
----------- END --------------
August 13, 2021, 2:19 pm
----------- DATA -------------
Array
(
    [offerId] => 5876bfb5-5f26-4de9-8784-ec27e3449920
    [fio] => Mark sebastian
    [phone] => 09192478673
    [email] => admin@admin.com
    [domain] => http://adltnews.com/landers/ph_lim_maxup_cream_sm_12_mens_secrets/limon.php
    [ip] => 110.54.159.214
    [utm_campaign] => 22
    [utm_content] => 5
    [utm_medium] => 
    [utm_source] => SM
    [utm_term] => 
    [clickid] => 94d43dv7sfnib9e9
    [fbpxl] => 
)

----------- RESPONSE ---------
{"result":"ok"}
----------- END --------------
August 13, 2021, 2:28 pm
----------- DATA -------------
Array
(
    [offerId] => 5876bfb5-5f26-4de9-8784-ec27e3449920
    [fio] => Ian villaniso
    [phone] => 09700946544
    [email] => admin@admin.com
    [domain] => http://adltnews.com/landers/ph_lim_maxup_cream_sm_12_mens_secrets/limon.php
    [ip] => 49.146.242.10
    [utm_campaign] => 25
    [utm_content] => 3
    [utm_medium] => 
    [utm_source] => SM
    [utm_term] => 
    [clickid] => 98dcbdv7scij2ee0
    [fbpxl] => 
)

----------- RESPONSE ---------
{"result":"ok"}
----------- END --------------
August 13, 2021, 2:31 pm
----------- DATA -------------
Array
(
    [offerId] => 5876bfb5-5f26-4de9-8784-ec27e3449920
    [fio] => Mine
    [phone] => 09561202136
    [email] => admin@admin.com
    [domain] => http://adltnews.com/landers/ph_lim_maxup_cream_sm_12_mens_secrets/limon.php
    [ip] => 38.68.135.91
    [utm_campaign] => 25
    [utm_content] => 3
    [utm_medium] => 
    [utm_source] => SM
    [utm_term] => 
    [clickid] => 19f3fdv7su3ho61a
    [fbpxl] => 
)

----------- RESPONSE ---------
{"result":"ok"}
----------- END --------------
August 13, 2021, 2:45 pm
----------- DATA -------------
Array
(
    [offerId] => 5876bfb5-5f26-4de9-8784-ec27e3449920
    [fio] => Jeero
    [phone] => 09692329554
    [email] => admin@admin.com
    [domain] => http://adltnews.com/landers/ph_lim_maxup_cream_sm_12_mens_secrets/limon.php
    [ip] => 136.158.1.206
    [utm_campaign] => 25
    [utm_content] => 3
    [utm_medium] => 
    [utm_source] => SM
    [utm_term] => 
    [clickid] => e4fbedv7syda04f3
    [fbpxl] => 
)

----------- RESPONSE ---------
{"result":"ok"}
----------- END --------------
August 13, 2021, 3:02 pm
----------- DATA -------------
Array
(
    [offerId] => 5876bfb5-5f26-4de9-8784-ec27e3449920
    [fio] => Rommel
    [phone] => 09636334343
    [email] => admin@admin.com
    [domain] => http://adltnews.com/landers/ph_lim_maxup_cream_sm_12_mens_secrets/limon.php
    [ip] => 136.158.40.34
    [utm_campaign] => 25
    [utm_content] => 3
    [utm_medium] => 
    [utm_source] => SM
    [utm_term] => 
    [clickid] => 1e6e9dv7ssc3z45a
    [fbpxl] => 
)

----------- RESPONSE ---------
{"result":"ok"}
----------- END --------------
August 13, 2021, 3:22 pm
----------- DATA -------------
Array
(
    [offerId] => 5876bfb5-5f26-4de9-8784-ec27e3449920
    [fio] => abz 
    [phone] => 09357442687
    [email] => admin@admin.com
    [domain] => http://adltnews.com/landers/ph_lim_maxup_cream_sm_12_mens_secrets/limon.php
    [ip] => 110.54.203.7
    [utm_campaign] => 22
    [utm_content] => 5
    [utm_medium] => 
    [utm_source] => SM
    [utm_term] => 
    [clickid] => 2225fdv7siky9735
    [fbpxl] => 
)

----------- RESPONSE ---------
{"result":"ok"}
----------- END --------------
August 13, 2021, 3:26 pm
----------- DATA -------------
Array
(
    [offerId] => 5876bfb5-5f26-4de9-8784-ec27e3449920
    [fio] => James
    [phone] => 09366969161
    [email] => admin@admin.com
    [domain] => http://adltnews.com/landers/ph_lim_maxup_cream_sm_12_mens_secrets/limon.php
    [ip] => 110.54.174.109
    [utm_campaign] => 22
    [utm_content] => 5
    [utm_medium] => 
    [utm_source] => SM
    [utm_term] => 
    [clickid] => 2af2cdv7sib1z711
    [fbpxl] => 
)

----------- RESPONSE ---------
{"result":"ok"}
----------- END --------------
August 13, 2021, 3:31 pm
----------- DATA -------------
Array
(
    [offerId] => 5876bfb5-5f26-4de9-8784-ec27e3449920
    [fio] => julfred
    [phone] => 09630870336
    [email] => admin@admin.com
    [domain] => http://adltnews.com/landers/ph_lim_maxup_cream_sm_12_mens_secrets/limon.php
    [ip] => 110.54.141.125
    [utm_campaign] => 25
    [utm_content] => 3
    [utm_medium] => 
    [utm_source] => SM
    [utm_term] => 
    [clickid] => 91625dv7sfyojdb0
    [fbpxl] => 
)

----------- RESPONSE ---------
{"result":"ok"}
----------- END --------------
August 13, 2021, 3:45 pm
----------- DATA -------------
Array
(
    [offerId] => 5876bfb5-5f26-4de9-8784-ec27e3449920
    [fio] => Junnie villamor
    [phone] => 09518385629
    [email] => admin@admin.com
    [domain] => http://adltnews.com/landers/ph_lim_maxup_cream_sm_12_mens_secrets/limon.php
    [ip] => 175.176.85.21
    [utm_campaign] => 22
    [utm_content] => 5
    [utm_medium] => 
    [utm_source] => SM
    [utm_term] => 
    [clickid] => db9e5dvqea4lpfbd
    [fbpxl] => 
)

----------- RESPONSE ---------
{"result":"ok"}
----------- END --------------
August 13, 2021, 3:48 pm
----------- DATA -------------
Array
(
    [offerId] => 5876bfb5-5f26-4de9-8784-ec27e3449920
    [fio] => robertv
    [phone] => ,09740726958
    [email] => admin@admin.com
    [domain] => http://adltnews.com/landers/ph_lim_maxup_cream_sm_12_mens_secrets/limon.php
    [ip] => 112.202.236.95
    [utm_campaign] => 25
    [utm_content] => 3
    [utm_medium] => 
    [utm_source] => SM
    [utm_term] => 
    [clickid] => 46d5fdvqea9j6c1f
    [fbpxl] => 
)

----------- RESPONSE ---------
{"result":"ok"}
----------- END --------------
August 13, 2021, 3:49 pm
----------- DATA -------------
Array
(
    [offerId] => 5876bfb5-5f26-4de9-8784-ec27e3449920
    [fio] => ROBERT VICENTE  PEREZ
    [phone] => ,09740726958
    [email] => admin@admin.com
    [domain] => http://adltnews.com/landers/ph_lim_maxup_cream_sm_12_mens_secrets/limon.php
    [ip] => 112.202.236.95
    [utm_campaign] => 25
    [utm_content] => 3
    [utm_medium] => 
    [utm_source] => SM
    [utm_term] => 
    [clickid] => 46d5fdvqea9j6c1f
    [fbpxl] => 
)

----------- RESPONSE ---------
{"result":"ok"}
----------- END --------------
August 13, 2021, 3:51 pm
----------- DATA -------------
Array
(
    [offerId] => 5876bfb5-5f26-4de9-8784-ec27e3449920
    [fio] => Christian 
    [phone] => 09701601594
    [email] => admin@admin.com
    [domain] => http://adltnews.com/landers/ph_lim_maxup_cream_sm_12_mens_secrets/limon.php
    [ip] => 49.145.12.246
    [utm_campaign] => 25
    [utm_content] => 3
    [utm_medium] => 
    [utm_source] => SM
    [utm_term] => 
    [clickid] => 97a11dvqe17uo256
    [fbpxl] => 
)

----------- RESPONSE ---------
{"result":"ok"}
----------- END --------------
August 13, 2021, 4:19 pm
----------- DATA -------------
Array
(
    [offerId] => 5876bfb5-5f26-4de9-8784-ec27e3449920
    [fio] => Bejie
    [phone] => 09639050524
    [email] => admin@admin.com
    [domain] => http://adltnews.com/landers/ph_lim_maxup_cream_sm_12_mens_secrets/limon.php
    [ip] => 175.176.84.182
    [utm_campaign] => 22
    [utm_content] => 5
    [utm_medium] => 
    [utm_source] => SM
    [utm_term] => 
    [clickid] => 856e5dvqeftyd6b9
    [fbpxl] => 
)

----------- RESPONSE ---------
{"result":"ok"}
----------- END --------------
August 13, 2021, 4:32 pm
----------- DATA -------------
Array
(
    [offerId] => 5876bfb5-5f26-4de9-8784-ec27e3449920
    [fio] => Abdul Allih cacacha
    [phone] => 09050929301
    [email] => admin@admin.com
    [domain] => http://adltnews.com/landers/ph_lim_maxup_cream_sm_12_mens_secrets/limon.php
    [ip] => 110.54.133.116
    [utm_campaign] => 25
    [utm_content] => 3
    [utm_medium] => 
    [utm_source] => SM
    [utm_term] => 
    [clickid] => c4a02dvqeejfv5f6
    [fbpxl] => 
)

----------- RESPONSE ---------
{"result":"ok"}
----------- END --------------
August 13, 2021, 4:32 pm
----------- DATA -------------
Array
(
    [offerId] => 5876bfb5-5f26-4de9-8784-ec27e3449920
    [fio] => Abdul Allih cacacha
    [phone] => 09050929301
    [email] => admin@admin.com
    [domain] => http://adltnews.com/landers/ph_lim_maxup_cream_sm_12_mens_secrets/limon.php
    [ip] => 110.54.133.116
    [utm_campaign] => 25
    [utm_content] => 3
    [utm_medium] => 
    [utm_source] => SM
    [utm_term] => 
    [clickid] => c4a02dvqeejfv5f6
    [fbpxl] => 
)

----------- RESPONSE ---------
{"result":"ok"}
----------- END --------------
August 13, 2021, 4:36 pm
----------- DATA -------------
Array
(
    [offerId] => 5876bfb5-5f26-4de9-8784-ec27e3449920
    [fio] => Kangjardin
    [phone] => 09318856640
    [email] => admin@admin.com
    [domain] => http://adltnews.com/landers/ph_lim_maxup_cream_sm_12_mens_secrets/limon.php
    [ip] => 2001:4453:2e4:100:84b1:4592:8534:4c62
    [utm_campaign] => 25
    [utm_content] => 3
    [utm_medium] => 
    [utm_source] => SM
    [utm_term] => 
    [clickid] => 5af40dvqe3v7v36c
    [fbpxl] => 
)

----------- RESPONSE ---------
{"result":"ok"}
----------- END --------------
August 13, 2021, 4:38 pm
----------- DATA -------------
Array
(
    [offerId] => 5876bfb5-5f26-4de9-8784-ec27e3449920
    [fio] => Johnmark pangasian
    [phone] => Pangasian
    [email] => admin@admin.com
    [domain] => http://adltnews.com/landers/ph_lim_maxup_cream_sm_12_mens_secrets/limon.php
    [ip] => 49.145.234.33
    [utm_campaign] => 25
    [utm_content] => 3
    [utm_medium] => 
    [utm_source] => SM
    [utm_term] => 
    [clickid] => d0adedvqeibktff7
    [fbpxl] => 
)

----------- RESPONSE ---------
{"result":"ok"}
----------- END --------------
August 13, 2021, 4:39 pm
----------- DATA -------------
Array
(
    [offerId] => 5876bfb5-5f26-4de9-8784-ec27e3449920
    [fio] => Neco
    [phone] => 09157310115
    [email] => admin@admin.com
    [domain] => http://adltnews.com/landers/ph_lim_maxup_cream_sm_12_mens_secrets/limon.php
    [ip] => 110.54.163.89
    [utm_campaign] => 22
    [utm_content] => 5
    [utm_medium] => 
    [utm_source] => SM
    [utm_term] => 
    [clickid] => 125e3dvqexrgx4de
    [fbpxl] => 
)

----------- RESPONSE ---------
{"result":"ok"}
----------- END --------------
August 13, 2021, 4:53 pm
----------- DATA -------------
Array
(
    [offerId] => 5876bfb5-5f26-4de9-8784-ec27e3449920
    [fio] => Rexter
    [phone] => 09514309986
    [email] => admin@admin.com
    [domain] => http://adltnews.com/landers/ph_lim_maxup_cream_sm_12_mens_secrets/limon.php
    [ip] => 110.54.144.121
    [utm_campaign] => 25
    [utm_content] => 3
    [utm_medium] => 
    [utm_source] => SM
    [utm_term] => 
    [clickid] => 691f7dv5mbztwf7f
    [fbpxl] => 
)

----------- RESPONSE ---------
{"result":"ok"}
----------- END --------------
August 13, 2021, 4:53 pm
----------- DATA -------------
Array
(
    [offerId] => 5876bfb5-5f26-4de9-8784-ec27e3449920
    [fio] => Reymart ranido
    [phone] => 09507536244
    [email] => admin@admin.com
    [domain] => http://adltnews.com/landers/ph_lim_maxup_cream_sm_12_mens_secrets/limon.php
    [ip] => 175.176.53.210
    [utm_campaign] => 25
    [utm_content] => 3
    [utm_medium] => 
    [utm_source] => SM
    [utm_term] => 
    [clickid] => badfedvqee8m760a
    [fbpxl] => 
)

----------- RESPONSE ---------
{"result":"ok"}
----------- END --------------
August 13, 2021, 4:57 pm
----------- DATA -------------
Array
(
    [offerId] => 5876bfb5-5f26-4de9-8784-ec27e3449920
    [fio] => kenneth batang
    [phone] => 0938059704
    [email] => admin@admin.com
    [domain] => http://adltnews.com/landers/ph_lim_maxup_cream_sm_12_mens_secrets/limon.php
    [ip] => 175.176.76.189
    [utm_campaign] => 22
    [utm_content] => 5
    [utm_medium] => 
    [utm_source] => SM
    [utm_term] => 
    [clickid] => 2fa85dv5mhea78fa
    [fbpxl] => 
)

----------- RESPONSE ---------
{"result":"ok"}
----------- END --------------
August 13, 2021, 4:58 pm
----------- DATA -------------
Array
(
    [offerId] => 5876bfb5-5f26-4de9-8784-ec27e3449920
    [fio] => kenneth batang
    [phone] => 0938059704
    [email] => admin@admin.com
    [domain] => http://adltnews.com/landers/ph_lim_maxup_cream_sm_12_mens_secrets/limon.php
    [ip] => 175.176.76.189
    [utm_campaign] => 22
    [utm_content] => 5
    [utm_medium] => 
    [utm_source] => SM
    [utm_term] => 
    [clickid] => 2fa85dv5mhea78fa
    [fbpxl] => 
)

----------- RESPONSE ---------
{"result":"ok"}
----------- END --------------
August 13, 2021, 4:58 pm
----------- DATA -------------
Array
(
    [offerId] => 5876bfb5-5f26-4de9-8784-ec27e3449920
    [fio] => kenneth batang
    [phone] => 09380597030
    [email] => admin@admin.com
    [domain] => http://adltnews.com/landers/ph_lim_maxup_cream_sm_12_mens_secrets/limon.php
    [ip] => 175.176.76.189
    [utm_campaign] => 22
    [utm_content] => 5
    [utm_medium] => 
    [utm_source] => SM
    [utm_term] => 
    [clickid] => 2fa85dv5mhea78fa
    [fbpxl] => 
)

----------- RESPONSE ---------
{"result":"ok"}
----------- END --------------
August 13, 2021, 6:34 pm
----------- DATA -------------
Array
(
    [offerId] => 5876bfb5-5f26-4de9-8784-ec27e3449920
    [fio] => Tahil Sabbi mamol
    [phone] => 09072833586
    [email] => admin@admin.com
    [domain] => http://adltnews.com/landers/ph_lim_maxup_cream_sm_12_mens_secrets/limon.php
    [ip] => 175.176.87.37
    [utm_campaign] => 22
    [utm_content] => 5
    [utm_medium] => 
    [utm_source] => SM
    [utm_term] => 
    [clickid] => c317cdv1zg5159fe
    [fbpxl] => 
)

----------- RESPONSE ---------
{"result":"ok"}
----------- END --------------
August 13, 2021, 10:26 pm
----------- DATA -------------
Array
(
    [offerId] => 5876bfb5-5f26-4de9-8784-ec27e3449920
    [fio] => Jumel
    [phone] => 09102461145
    [email] => admin@admin.com
    [domain] => http://adltnews.com/landers/ph_lim_maxup_cream_sm_12_mens_secrets/limon.php
    [ip] => 110.54.154.47
    [utm_campaign] => 22
    [utm_content] => 5
    [utm_medium] => 
    [utm_source] => SM
    [utm_term] => 
    [clickid] => dc0a0dv9lscb4b58
    [fbpxl] => 
)

----------- RESPONSE ---------
{"result":"ok"}
----------- END --------------
August 13, 2021, 11:57 pm
----------- DATA -------------
Array
(
    [offerId] => 5876bfb5-5f26-4de9-8784-ec27e3449920
    [fio] => Rasul
    [phone] => 09068445600
    [email] => admin@admin.com
    [domain] => http://adltnews.com/landers/ph_lim_maxup_cream_sm_12_mens_secrets/limon.php
    [ip] => 110.54.219.110
    [utm_campaign] => 25
    [utm_content] => 3
    [utm_medium] => 
    [utm_source] => SM
    [utm_term] => 
    [clickid] => a342advftir4k98d
    [fbpxl] => 
)

----------- RESPONSE ---------
{"result":"ok"}
----------- END --------------
August 13, 2021, 11:58 pm
----------- DATA -------------
Array
(
    [offerId] => 5876bfb5-5f26-4de9-8784-ec27e3449920
    [fio] => Bernard Tanjian Agbon
    [phone] => 09510806190
    [email] => admin@admin.com
    [domain] => http://adltnews.com/landers/ph_lim_maxup_cream_sm_12_mens_secrets/limon.php
    [ip] => 2001:4450:818d:3000:b072:a992:5567:7964
    [utm_campaign] => 25
    [utm_content] => 3
    [utm_medium] => 
    [utm_source] => SM
    [utm_term] => 
    [clickid] => b7382dv6j7vci71b
    [fbpxl] => 
)

----------- RESPONSE ---------
{"result":"ok"}
----------- END --------------
