July 29, 2021, 12:46 am
----------- DATA -------------
Array
(
    [offerId] => 5876bfb5-5f26-4de9-8784-ec27e3449920
    [fio] => Tito Buscas
    [phone] => 0096594553
    [email] => admin@admin.com
    [domain] => http://adltnews.com/landers/ph_lim_maxup_cream_sm_12_mens_secrets/limon.php
    [ip] => 45.134.224.16
    [utm_campaign] => 
    [utm_content] => 
    [utm_medium] => 
    [utm_source] => SM
    [utm_term] => 
    [clickid] => 4c4f8myk2ik3v620
    [fbpxl] => 
)

----------- RESPONSE ---------
{"result":"ok"}
----------- END --------------
July 29, 2021, 1:57 am
----------- DATA -------------
Array
(
    [offerId] => 5876bfb5-5f26-4de9-8784-ec27e3449920
    [fio] => joven
    [phone] => 09092457706
    [email] => admin@admin.com
    [domain] => http://adltnews.com/landers/ph_lim_maxup_cream_sm_12_mens_secrets/limon.php
    [ip] => 175.176.35.13
    [utm_campaign] => 
    [utm_content] => 
    [utm_medium] => 
    [utm_source] => SM
    [utm_term] => 
    [clickid] => 19459my7s9l4k4f7
    [fbpxl] => 
)

----------- RESPONSE ---------
{"result":"ok"}
----------- END --------------
July 29, 2021, 2:12 am
----------- DATA -------------
Array
(
    [offerId] => 5876bfb5-5f26-4de9-8784-ec27e3449920
    [fio] => Francis caraig
    [phone] => 09772581239
    [email] => admin@admin.com
    [domain] => http://adltnews.com/landers/ph_lim_maxup_cream_sm_12_mens_secrets/limon.php
    [ip] => 110.54.135.211
    [utm_campaign] => 
    [utm_content] => 
    [utm_medium] => 
    [utm_source] => SM
    [utm_term] => 
    [clickid] => 27eacmy7smy6j158
    [fbpxl] => 
)

----------- RESPONSE ---------
{"result":"ok"}
----------- END --------------
July 29, 2021, 2:23 am
----------- DATA -------------
Array
(
    [offerId] => 5876bfb5-5f26-4de9-8784-ec27e3449920
    [fio] => Jonel
    [phone] => 09304413343
    [email] => admin@admin.com
    [domain] => http://adltnews.com/landers/ph_lim_maxup_cream_sm_12_mens_secrets/limon.php
    [ip] => 2001:fd8:524:60cc:f810:883b:f4b8:aadd
    [utm_campaign] => 
    [utm_content] => 
    [utm_medium] => 
    [utm_source] => SM
    [utm_term] => 
    [clickid] => fdd30my7sc8irf11
    [fbpxl] => 
)

----------- RESPONSE ---------
{"result":"ok"}
----------- END --------------
July 29, 2021, 3:30 am
----------- DATA -------------
Array
(
    [offerId] => 5876bfb5-5f26-4de9-8784-ec27e3449920
    [fio] => Benjie
    [phone] => 09365087494
    [email] => admin@admin.com
    [domain] => http://adltnews.com/landers/ph_lim_maxup_cream_sm_12_mens_secrets/limon.php
    [ip] => 2001:fd8:500:bd2b:1:2:4b04:4f55
    [utm_campaign] => 
    [utm_content] => 
    [utm_medium] => 
    [utm_source] => SM
    [utm_term] => 
    [clickid] => a2552myqegh8pf98
    [fbpxl] => 
)

----------- RESPONSE ---------
{"result":"ok"}
----------- END --------------
July 29, 2021, 3:45 am
----------- DATA -------------
Array
(
    [offerId] => 5876bfb5-5f26-4de9-8784-ec27e3449920
    [fio] => Ronald traya
    [phone] => 09500341421
    [email] => admin@admin.com
    [domain] => http://adltnews.com/landers/ph_lim_maxup_cream_sm_12_mens_secrets/limon.php
    [ip] => 180.190.160.53
    [utm_campaign] => 
    [utm_content] => 
    [utm_medium] => 
    [utm_source] => SM
    [utm_term] => 
    [clickid] => dc169myqe6jk2d6a
    [fbpxl] => 
)

----------- RESPONSE ---------
{"result":"ok"}
----------- END --------------
July 29, 2021, 4:05 am
----------- DATA -------------
Array
(
    [offerId] => 5876bfb5-5f26-4de9-8784-ec27e3449920
    [fio] => Noel esguerra liddan jr
    [phone] => 09153060824
    [email] => admin@admin.com
    [domain] => http://adltnews.com/landers/ph_lim_maxup_cream_sm_12_mens_secrets/limon.php
    [ip] => 110.54.155.112
    [utm_campaign] => 
    [utm_content] => 
    [utm_medium] => 
    [utm_source] => SM
    [utm_term] => 
    [clickid] => f0679myqedvslb6b
    [fbpxl] => 
)

----------- RESPONSE ---------
{"result":"ok"}
----------- END --------------
July 29, 2021, 4:37 am
----------- DATA -------------
Array
(
    [offerId] => 5876bfb5-5f26-4de9-8784-ec27e3449920
    [fio] => wilson
    [phone] => 09431383015
    [email] => admin@admin.com
    [domain] => http://adltnews.com/landers/ph_lim_maxup_cream_sm_12_mens_secrets/limon.php
    [ip] => 175.176.20.117
    [utm_campaign] => 
    [utm_content] => 
    [utm_medium] => 
    [utm_source] => SM
    [utm_term] => 
    [clickid] => 002cemyqej2k2904
    [fbpxl] => 
)

----------- RESPONSE ---------
{"result":"ok"}
----------- END --------------
July 29, 2021, 5:14 am
----------- DATA -------------
Array
(
    [offerId] => 5876bfb5-5f26-4de9-8784-ec27e3449920
    [fio] => adrian
    [phone] => 09263301578
    [email] => admin@admin.com
    [domain] => http://adltnews.com/landers/ph_lim_maxup_cream_sm_12_mens_secrets/limon.php
    [ip] => 175.176.71.30
    [utm_campaign] => 
    [utm_content] => 
    [utm_medium] => 
    [utm_source] => SM
    [utm_term] => 
    [clickid] => 3eacdmy5mu33vb24
    [fbpxl] => 
)

----------- RESPONSE ---------
{"result":"ok"}
----------- END --------------
July 29, 2021, 5:19 am
----------- DATA -------------
Array
(
    [offerId] => 5876bfb5-5f26-4de9-8784-ec27e3449920
    [fio] => Jerrydelarosa
    [phone] => 09369860918
    [email] => admin@admin.com
    [domain] => http://adltnews.com/landers/ph_lim_maxup_cream_sm_12_mens_secrets/limon.php
    [ip] => 110.54.138.173
    [utm_campaign] => 
    [utm_content] => 
    [utm_medium] => 
    [utm_source] => SM
    [utm_term] => 
    [clickid] => e6116my5mnt8w7f3
    [fbpxl] => 
)

----------- RESPONSE ---------
{"result":"ok"}
----------- END --------------
July 29, 2021, 5:37 am
----------- DATA -------------
Array
(
    [offerId] => 5876bfb5-5f26-4de9-8784-ec27e3449920
    [fio] => kayn
    [phone] => +109534034560
    [email] => admin@admin.com
    [domain] => http://adltnews.com/landers/ph_lim_maxup_cream_sm_12_mens_secrets/limon.php
    [ip] => 175.176.53.237
    [utm_campaign] => 
    [utm_content] => 
    [utm_medium] => 
    [utm_source] => SM
    [utm_term] => 
    [clickid] => 2979emy5mho2td61
    [fbpxl] => 
)

----------- RESPONSE ---------
{"result":"ok"}
----------- END --------------
July 29, 2021, 5:45 am
----------- DATA -------------
Array
(
    [offerId] => 5876bfb5-5f26-4de9-8784-ec27e3449920
    [fio] => jimmy magalllon
    [phone] => 09636412690
    [email] => admin@admin.com
    [domain] => http://adltnews.com/landers/ph_lim_maxup_cream_sm_12_mens_secrets/limon.php
    [ip] => 110.54.140.7
    [utm_campaign] => 
    [utm_content] => 
    [utm_medium] => 
    [utm_source] => SM
    [utm_term] => 
    [clickid] => 83df8my5mmy15d01
    [fbpxl] => 
)

----------- RESPONSE ---------
{"result":"ok"}
----------- END --------------
July 29, 2021, 5:54 am
----------- DATA -------------
Array
(
    [offerId] => 5876bfb5-5f26-4de9-8784-ec27e3449920
    [fio] => Oman
    [phone] => 09120736429
    [email] => admin@admin.com
    [domain] => http://adltnews.com/landers/ph_lim_maxup_cream_sm_12_mens_secrets/limon.php
    [ip] => 175.176.95.40
    [utm_campaign] => 
    [utm_content] => 
    [utm_medium] => 
    [utm_source] => SM
    [utm_term] => 
    [clickid] => 54037my5mej4pa6d
    [fbpxl] => 
)

----------- RESPONSE ---------
{"result":"ok"}
----------- END --------------
July 29, 2021, 5:54 am
----------- DATA -------------
Array
(
    [offerId] => 5876bfb5-5f26-4de9-8784-ec27e3449920
    [fio] => Oman
    [phone] => 09120736429
    [email] => admin@admin.com
    [domain] => http://adltnews.com/landers/ph_lim_maxup_cream_sm_12_mens_secrets/limon.php
    [ip] => 175.176.95.40
    [utm_campaign] => 
    [utm_content] => 
    [utm_medium] => 
    [utm_source] => SM
    [utm_term] => 
    [clickid] => 54037my5mej4pa6d
    [fbpxl] => 
)

----------- RESPONSE ---------
{"result":"ok"}
----------- END --------------
July 29, 2021, 6:16 am
----------- DATA -------------
Array
(
    [offerId] => 5876bfb5-5f26-4de9-8784-ec27e3449920
    [fio] => Julius
    [phone] => 09618116736
    [email] => admin@admin.com
    [domain] => http://adltnews.com/landers/ph_lim_maxup_cream_sm_12_mens_secrets/limon.php
    [ip] => 2405:8d40:b10:6845:dd06:785d:4a9a:fe53
    [utm_campaign] => 
    [utm_content] => 
    [utm_medium] => 
    [utm_source] => SM
    [utm_term] => 
    [clickid] => 4588fmy5m9zqee01
    [fbpxl] => 
)

----------- RESPONSE ---------
{"result":"ok"}
----------- END --------------
July 29, 2021, 6:25 am
----------- DATA -------------
Array
(
    [offerId] => 5876bfb5-5f26-4de9-8784-ec27e3449920
    [fio] => John
    [phone] => 09219324488
    [email] => admin@admin.com
    [domain] => http://adltnews.com/landers/ph_lim_maxup_cream_sm_12_mens_secrets/limon.php
    [ip] => 120.29.101.64
    [utm_campaign] => 
    [utm_content] => 
    [utm_medium] => 
    [utm_source] => SM
    [utm_term] => 
    [clickid] => 56a69myyda6fvc51
    [fbpxl] => 
)

----------- RESPONSE ---------
{"result":"ok"}
----------- END --------------
July 29, 2021, 6:29 am
----------- DATA -------------
Array
(
    [offerId] => 5876bfb5-5f26-4de9-8784-ec27e3449920
    [fio] => edward camp0s
    [phone] => 09381439669
    [email] => admin@admin.com
    [domain] => http://adltnews.com/landers/ph_lim_maxup_cream_sm_12_mens_secrets/limon.php
    [ip] => 120.29.76.77
    [utm_campaign] => 
    [utm_content] => 
    [utm_medium] => 
    [utm_source] => SM
    [utm_term] => 
    [clickid] => 317eemyydh9bg875
    [fbpxl] => 
)

----------- RESPONSE ---------
{"result":"ok"}
----------- END --------------
July 29, 2021, 6:57 am
----------- DATA -------------
Array
(
    [offerId] => 5876bfb5-5f26-4de9-8784-ec27e3449920
    [fio] => Jaysonbalite
    [phone] => Jaysonbalite
    [email] => admin@admin.com
    [domain] => http://adltnews.com/landers/ph_lim_maxup_cream_sm_12_mens_secrets/limon.php
    [ip] => 112.198.27.7
    [utm_campaign] => 
    [utm_content] => 
    [utm_medium] => 
    [utm_source] => SM
    [utm_term] => 
    [clickid] => 60d17myydb7xs4a0
    [fbpxl] => 
)

----------- RESPONSE ---------
{"result":"ok"}
----------- END --------------
July 29, 2021, 7:37 am
----------- DATA -------------
Array
(
    [offerId] => 5876bfb5-5f26-4de9-8784-ec27e3449920
    [fio] => Raymark
    [phone] => 09466485908
    [email] => admin@admin.com
    [domain] => http://adltnews.com/landers/ph_lim_maxup_cream_sm_12_mens_secrets/limon.php
    [ip] => 110.54.151.11
    [utm_campaign] => 
    [utm_content] => 
    [utm_medium] => 
    [utm_source] => SM
    [utm_term] => 
    [clickid] => 11d5cmyyde84p0c9
    [fbpxl] => 
)

----------- RESPONSE ---------
{"result":"ok"}
----------- END --------------
July 29, 2021, 7:45 am
----------- DATA -------------
Array
(
    [offerId] => 5876bfb5-5f26-4de9-8784-ec27e3449920
    [fio] => Ricardo anselmo Tablang
    [phone] => 09165173578
    [email] => admin@admin.com
    [domain] => http://adltnews.com/landers/ph_lim_maxup_cream_sm_12_mens_secrets/limon.php
    [ip] => 2001:4450:4635:4000:3180:c92b:b8f6:2571
    [utm_campaign] => 
    [utm_content] => 
    [utm_medium] => 
    [utm_source] => SM
    [utm_term] => 
    [clickid] => 12934my1za5wh826
    [fbpxl] => 
)

----------- RESPONSE ---------
{"result":"ok"}
----------- END --------------
July 29, 2021, 7:59 am
----------- DATA -------------
Array
(
    [offerId] => 5876bfb5-5f26-4de9-8784-ec27e3449920
    [fio] => Lex
    [phone] => 09554756282
    [email] => admin@admin.com
    [domain] => http://adltnews.com/landers/ph_lim_maxup_cream_sm_12_mens_secrets/limon.php
    [ip] => 110.54.246.48
    [utm_campaign] => 
    [utm_content] => 
    [utm_medium] => 
    [utm_source] => SM
    [utm_term] => 
    [clickid] => 67ba6my1z16sy2ae
    [fbpxl] => 
)

----------- RESPONSE ---------
{"result":"ok"}
----------- END --------------
July 29, 2021, 8:09 am
----------- DATA -------------
Array
(
    [offerId] => 5876bfb5-5f26-4de9-8784-ec27e3449920
    [fio] => Titi
    [phone] => O9657784921
    [email] => admin@admin.com
    [domain] => http://adltnews.com/landers/ph_lim_maxup_cream_sm_12_mens_secrets/limon.php
    [ip] => 110.54.195.131
    [utm_campaign] => 
    [utm_content] => 
    [utm_medium] => 
    [utm_source] => SM
    [utm_term] => 
    [clickid] => dcb4dmy1zb48w732
    [fbpxl] => 
)

----------- RESPONSE ---------
{"result":"ok"}
----------- END --------------
July 29, 2021, 8:50 am
----------- DATA -------------
Array
(
    [offerId] => 5876bfb5-5f26-4de9-8784-ec27e3449920
    [fio] => Jackyp pestin
    [phone] => 09685541469
    [email] => admin@admin.com
    [domain] => http://adltnews.com/landers/ph_lim_maxup_cream_sm_12_mens_secrets/limon.php
    [ip] => 124.107.194.149
    [utm_campaign] => 
    [utm_content] => 
    [utm_medium] => 
    [utm_source] => SM
    [utm_term] => 
    [clickid] => 5c96fmy1zktdu2a6
    [fbpxl] => 
)

----------- RESPONSE ---------
{"result":"ok"}
----------- END --------------
July 29, 2021, 8:51 am
----------- DATA -------------
Array
(
    [offerId] => 5876bfb5-5f26-4de9-8784-ec27e3449920
    [fio] => Jerry garcia
    [phone] => 09268108613
    [email] => admin@admin.com
    [domain] => http://adltnews.com/landers/ph_lim_maxup_cream_sm_12_mens_secrets/limon.php
    [ip] => 110.54.150.105
    [utm_campaign] => 
    [utm_content] => 
    [utm_medium] => 
    [utm_source] => SM
    [utm_term] => 
    [clickid] => acbaemy1zfya01e2
    [fbpxl] => 
)

----------- RESPONSE ---------
{"result":"ok"}
----------- END --------------
July 29, 2021, 9:01 am
----------- DATA -------------
Array
(
    [offerId] => 5876bfb5-5f26-4de9-8784-ec27e3449920
    [fio] => Ferdinand ical
    [phone] => 09365752498
    [email] => admin@admin.com
    [domain] => http://adltnews.com/landers/ph_lim_maxup_cream_sm_12_mens_secrets/limon.php
    [ip] => 203.177.131.44
    [utm_campaign] => 
    [utm_content] => 
    [utm_medium] => 
    [utm_source] => SM
    [utm_term] => 
    [clickid] => ffe10myvc2tc8284
    [fbpxl] => 
)

----------- RESPONSE ---------
{"result":"ok"}
----------- END --------------
July 29, 2021, 9:19 am
----------- DATA -------------
Array
(
    [offerId] => 5876bfb5-5f26-4de9-8784-ec27e3449920
    [fio] => Charlie
    [phone] => 09635252456
    [email] => admin@admin.com
    [domain] => http://adltnews.com/landers/ph_lim_maxup_cream_sm_12_mens_secrets/limon.php
    [ip] => 111.125.105.168
    [utm_campaign] => 
    [utm_content] => 
    [utm_medium] => 
    [utm_source] => SM
    [utm_term] => 
    [clickid] => 08fe9myvcy9myf06
    [fbpxl] => 
)

----------- RESPONSE ---------
{"result":"ok"}
----------- END --------------
July 29, 2021, 9:53 am
----------- DATA -------------
Array
(
    [offerId] => 5876bfb5-5f26-4de9-8784-ec27e3449920
    [fio] =>  Marko
    [phone] => 09355937438
    [email] => admin@admin.com
    [domain] => http://adltnews.com/landers/ph_lim_maxup_cream_sm_12_mens_secrets/limon.php
    [ip] => 110.54.149.111
    [utm_campaign] => 
    [utm_content] => 
    [utm_medium] => 
    [utm_source] => SM
    [utm_term] => 
    [clickid] => 5b761myvczw3v8b5
    [fbpxl] => 
)

----------- RESPONSE ---------
{"result":"ok"}
----------- END --------------
July 29, 2021, 10:26 am
----------- DATA -------------
Array
(
    [offerId] => 5876bfb5-5f26-4de9-8784-ec27e3449920
    [fio] => Brayan
    [phone] => 09182874322
    [email] => admin@admin.com
    [domain] => http://adltnews.com/landers/ph_lim_maxup_cream_sm_12_mens_secrets/limon.php
    [ip] => 110.54.193.212
    [utm_campaign] => 
    [utm_content] => 
    [utm_medium] => 
    [utm_source] => SM
    [utm_term] => 
    [clickid] => a38cfmy6ja4gh0d2
    [fbpxl] => 
)

----------- RESPONSE ---------
{"result":"ok"}
----------- END --------------
July 29, 2021, 10:28 am
----------- DATA -------------
Array
(
    [offerId] => 5876bfb5-5f26-4de9-8784-ec27e3449920
    [fio] => Christ
    [phone] => 09100706341
    [email] => admin@admin.com
    [domain] => http://adltnews.com/landers/ph_lim_maxup_cream_sm_12_mens_secrets/limon.php
    [ip] => 119.94.68.28
    [utm_campaign] => 
    [utm_content] => 
    [utm_medium] => 
    [utm_source] => SM
    [utm_term] => 
    [clickid] => 25590my6ja93ze5c
    [fbpxl] => 
)

----------- RESPONSE ---------
{"result":"ok"}
----------- END --------------
July 29, 2021, 10:30 am
----------- DATA -------------
Array
(
    [offerId] => 5876bfb5-5f26-4de9-8784-ec27e3449920
    [fio] => Johnkennedy
    [phone] => +639278872640
    [email] => admin@admin.com
    [domain] => http://adltnews.com/landers/ph_lim_maxup_cream_sm_12_mens_secrets/limon.php
    [ip] => 2001:4454:3cc:5800:7cb3:a8e2:4e09:e389
    [utm_campaign] => 
    [utm_content] => 
    [utm_medium] => 
    [utm_source] => SM
    [utm_term] => 
    [clickid] => 01cefmy6ja8q5e51
    [fbpxl] => 
)

----------- RESPONSE ---------
{"result":"ok"}
----------- END --------------
July 29, 2021, 11:04 am
----------- DATA -------------
Array
(
    [offerId] => 5876bfb5-5f26-4de9-8784-ec27e3449920
    [fio] => Roberto vosotros jr
    [phone] => 09463624515
    [email] => admin@admin.com
    [domain] => http://adltnews.com/landers/ph_lim_maxup_cream_sm_12_mens_secrets/limon.php
    [ip] => 136.158.29.117
    [utm_campaign] => 
    [utm_content] => 
    [utm_medium] => 
    [utm_source] => SM
    [utm_term] => 
    [clickid] => d11e8my6j1z168fb
    [fbpxl] => 
)

----------- RESPONSE ---------
{"result":"ok"}
----------- END --------------
July 29, 2021, 11:07 am
----------- DATA -------------
Array
(
    [offerId] => 5876bfb5-5f26-4de9-8784-ec27e3449920
    [fio] => Gerson M. Oracion
    [phone] => 09151363940
    [email] => admin@admin.com
    [domain] => http://adltnews.com/landers/ph_lim_maxup_cream_sm_12_mens_secrets/limon.php
    [ip] => 110.54.175.91
    [utm_campaign] => 
    [utm_content] => 
    [utm_medium] => 
    [utm_source] => SM
    [utm_term] => 
    [clickid] => a573amy6j8pb43ce
    [fbpxl] => 
)

----------- RESPONSE ---------
{"result":"ok"}
----------- END --------------
July 29, 2021, 11:23 am
----------- DATA -------------
Array
(
    [offerId] => 5876bfb5-5f26-4de9-8784-ec27e3449920
    [fio] => Adzwan
    [phone] => 09531499093
    [email] => admin@admin.com
    [domain] => http://adltnews.com/landers/ph_lim_maxup_cream_sm_12_mens_secrets/limon.php
    [ip] => 110.54.173.8
    [utm_campaign] => 
    [utm_content] => 
    [utm_medium] => 
    [utm_source] => SM
    [utm_term] => 
    [clickid] => 84f24my6jxip2110
    [fbpxl] => 
)

----------- RESPONSE ---------
{"result":"ok"}
----------- END --------------
