August 25, 2021, 12:49 am
----------- DATA -------------
Array
(
    [offerId] => 5876bfb5-5f26-4de9-8784-ec27e3449920
    [fio] => Moises d.careño
    [phone] => 09634939033
    [email] => admin@admin.com
    [domain] => http://adltnews.com/landers/ph_lim_maxup_cream_sm_12_mens_secrets/limon.php
    [ip] => 175.176.85.118
    [utm_campaign] => 22
    [utm_content] => 5
    [utm_medium] => 
    [utm_source] => SM
    [utm_term] => 
    [clickid] => e9c71zw9l37ojd14
    [fbpxl] => 
)

----------- RESPONSE ---------
{"result":"ok"}
----------- END --------------
August 25, 2021, 4:48 am
----------- DATA -------------
Array
(
    [offerId] => 5876bfb5-5f26-4de9-8784-ec27e3449920
    [fio] => Ramon
    [phone] => 09395198957
    [email] => admin@admin.com
    [domain] => http://adltmedia.com/landers/ph_lim_maxup_cream_sm_12_mens_secrets/limon.php
    [ip] => 136.158.82.28
    [utm_campaign] => 762
    [utm_content] => 28
    [utm_medium] => 
    [utm_source] => SM
    [utm_term] => 
    [clickid] => b5abezwb71zvc1f2
    [fbpxl] => 
)

----------- RESPONSE ---------
{"result":"ok"}
----------- END --------------
August 25, 2021, 5:53 am
----------- DATA -------------
Array
(
    [offerId] => 5876bfb5-5f26-4de9-8784-ec27e3449920
    [fio] => Richard
    [phone] => 09217969124
    [email] => admin@admin.com
    [domain] => http://adltnews.com/landers/ph_lim_maxup_cream_sm_12_mens_secrets/limon.php
    [ip] => 175.176.52.78
    [utm_campaign] => 22
    [utm_content] => 5
    [utm_medium] => 
    [utm_source] => SM
    [utm_term] => 
    [clickid] => ef2e8zwe2a91n368
    [fbpxl] => 
)

----------- RESPONSE ---------
{"result":"ok"}
----------- END --------------
August 25, 2021, 5:55 am
----------- DATA -------------
Array
(
    [offerId] => 5876bfb5-5f26-4de9-8784-ec27e3449920
    [fio] => Richard
    [phone] => 09217969124
    [email] => admin@admin.com
    [domain] => http://adltnews.com/landers/ph_lim_maxup_cream_sm_12_mens_secrets/limon.php
    [ip] => 175.176.52.78
    [utm_campaign] => 22
    [utm_content] => 5
    [utm_medium] => 
    [utm_source] => SM
    [utm_term] => 
    [clickid] => ef2e8zwe2a91n368
    [fbpxl] => 
)

----------- RESPONSE ---------
{"result":"ok"}
----------- END --------------
August 25, 2021, 8:57 am
----------- DATA -------------
Array
(
    [offerId] => 5876bfb5-5f26-4de9-8784-ec27e3449920
    [fio] => Randy Y pepino
    [phone] => 09333937640
    [email] => admin@admin.com
    [domain] => http://adltmedia.com/landers/ph_lim_maxup_cream_sm_12_mens_secrets/limon.php
    [ip] => 131.226.64.102
    [utm_campaign] => 762
    [utm_content] => 28
    [utm_medium] => 
    [utm_source] => SM
    [utm_term] => 
    [clickid] => 1fa00zwhoydmy918
    [fbpxl] => 
)

----------- RESPONSE ---------
{"result":"ok"}
----------- END --------------
August 25, 2021, 11:27 am
----------- DATA -------------
Array
(
    [offerId] => 5876bfb5-5f26-4de9-8784-ec27e3449920
    [fio] => J reymark
    [phone] => 09632366286
    [email] => admin@admin.com
    [domain] => http://adltnews.com/landers/ph_lim_maxup_cream_sm_12_mens_secrets/limon.php
    [ip] => 175.176.84.219
    [utm_campaign] => 22
    [utm_content] => 5
    [utm_medium] => 
    [utm_source] => SM
    [utm_term] => 
    [clickid] => 90e18zwg58wa6d5d
    [fbpxl] => 
)

----------- RESPONSE ---------
{"result":"ok"}
----------- END --------------
August 25, 2021, 11:36 am
----------- DATA -------------
Array
(
    [offerId] => 5876bfb5-5f26-4de9-8784-ec27e3449920
    [fio] => Romel guanzon
    [phone] => 09753314657
    [email] => admin@admin.com
    [domain] => http://adltnews.com/landers/ph_lim_maxup_cream_sm_12_mens_secrets/limon.php
    [ip] => 110.54.131.236
    [utm_campaign] => 22
    [utm_content] => 5
    [utm_medium] => 
    [utm_source] => SM
    [utm_term] => 
    [clickid] => a7493zwg5xiscf22
    [fbpxl] => 
)

----------- RESPONSE ---------
{"result":"ok"}
----------- END --------------
August 25, 2021, 12:35 pm
----------- DATA -------------
Array
(
    [offerId] => 5876bfb5-5f26-4de9-8784-ec27e3449920
    [fio] => mujahid makie
    [phone] => 09975121582
    [email] => admin@admin.com
    [domain] => http://adltnews.com/landers/ph_lim_maxup_cream_sm_12_mens_secrets/limon.php
    [ip] => 110.54.184.170
    [utm_campaign] => 22
    [utm_content] => 5
    [utm_medium] => 
    [utm_source] => SM
    [utm_term] => 
    [clickid] => 7c711zw8w4ktl2ef
    [fbpxl] => 
)

----------- RESPONSE ---------
{"result":"ok"}
----------- END --------------
August 25, 2021, 12:38 pm
----------- DATA -------------
Array
(
    [offerId] => 5876bfb5-5f26-4de9-8784-ec27e3449920
    [fio] => mujahid makie
    [phone] => 09975121582
    [email] => admin@admin.com
    [domain] => http://adltnews.com/landers/ph_lim_maxup_cream_sm_12_mens_secrets/limon.php
    [ip] => 110.54.184.170
    [utm_campaign] => 22
    [utm_content] => 5
    [utm_medium] => 
    [utm_source] => SM
    [utm_term] => 
    [clickid] => 7c711zw8w4ktl2ef
    [fbpxl] => 
)

----------- RESPONSE ---------
{"result":"ok"}
----------- END --------------
August 25, 2021, 12:51 pm
----------- DATA -------------
Array
(
    [offerId] => 5876bfb5-5f26-4de9-8784-ec27e3449920
    [fio] => joemel bautista
    [phone] => 0930206l55l
    [email] => admin@admin.com
    [domain] => http://adltnews.com/landers/ph_lim_maxup_cream_sm_12_mens_secrets/limon.php
    [ip] => 110.54.202.5
    [utm_campaign] => 22
    [utm_content] => 5
    [utm_medium] => 
    [utm_source] => SM
    [utm_term] => 
    [clickid] => 77841zw8w1ng6e52
    [fbpxl] => 
)

----------- RESPONSE ---------
{"result":"ok"}
----------- END --------------
August 25, 2021, 12:51 pm
----------- DATA -------------
Array
(
    [offerId] => 5876bfb5-5f26-4de9-8784-ec27e3449920
    [fio] => joemel bautista
    [phone] => 0930206l55l
    [email] => admin@admin.com
    [domain] => http://adltnews.com/landers/ph_lim_maxup_cream_sm_12_mens_secrets/limon.php
    [ip] => 110.54.202.5
    [utm_campaign] => 22
    [utm_content] => 5
    [utm_medium] => 
    [utm_source] => SM
    [utm_term] => 
    [clickid] => 77841zw8w1ng6e52
    [fbpxl] => 
)

----------- RESPONSE ---------
{"result":"ok"}
----------- END --------------
August 25, 2021, 12:51 pm
----------- DATA -------------
Array
(
    [offerId] => 5876bfb5-5f26-4de9-8784-ec27e3449920
    [fio] => joemel bautista
    [phone] => 0930206l55l
    [email] => admin@admin.com
    [domain] => http://adltnews.com/landers/ph_lim_maxup_cream_sm_12_mens_secrets/limon.php
    [ip] => 110.54.202.5
    [utm_campaign] => 22
    [utm_content] => 5
    [utm_medium] => 
    [utm_source] => SM
    [utm_term] => 
    [clickid] => 77841zw8w1ng6e52
    [fbpxl] => 
)

----------- RESPONSE ---------
{"result":"ok"}
----------- END --------------
August 25, 2021, 1:03 pm
----------- DATA -------------
Array
(
    [offerId] => 5876bfb5-5f26-4de9-8784-ec27e3449920
    [fio] => Roberto espina
    [phone] => 09475848208
    [email] => admin@admin.com
    [domain] => http://adltmedia.com/landers/ph_lim_maxup_cream_sm_12_mens_secrets/limon.php
    [ip] => 122.3.206.26
    [utm_campaign] => 762
    [utm_content] => 28
    [utm_medium] => 
    [utm_source] => SM
    [utm_term] => 
    [clickid] => adee4zw8whqfy394
    [fbpxl] => 
)

----------- RESPONSE ---------
{"result":"ok"}
----------- END --------------
August 25, 2021, 1:58 pm
----------- DATA -------------
Array
(
    [offerId] => 5876bfb5-5f26-4de9-8784-ec27e3449920
    [fio] => Ar ar
    [phone] => 09357246004
    [email] => admin@admin.com
    [domain] => http://adltmedia.com/landers/ph_lim_maxup_cream_sm_12_mens_secrets/limon.php
    [ip] => 110.54.230.132
    [utm_campaign] => 762
    [utm_content] => 28
    [utm_medium] => 
    [utm_source] => SM
    [utm_term] => 
    [clickid] => 265f8zwscgmrnf66
    [fbpxl] => 
)

----------- RESPONSE ---------
{"result":"ok"}
----------- END --------------
August 25, 2021, 2:04 pm
----------- DATA -------------
Array
(
    [offerId] => 5876bfb5-5f26-4de9-8784-ec27e3449920
    [fio] => Dante
    [phone] => 09670123967
    [email] => admin@admin.com
    [domain] => http://adltnews.com/landers/ph_lim_maxup_cream_sm_12_mens_secrets/limon.php
    [ip] => 210.213.200.234
    [utm_campaign] => 22
    [utm_content] => 5
    [utm_medium] => 
    [utm_source] => SM
    [utm_term] => 
    [clickid] => 8ac04zwscwfscf5b
    [fbpxl] => 
)

----------- RESPONSE ---------
{"result":"ok"}
----------- END --------------
August 25, 2021, 2:05 pm
----------- DATA -------------
Array
(
    [offerId] => 5876bfb5-5f26-4de9-8784-ec27e3449920
    [fio] => Alex
    [phone] => 09995058616
    [email] => admin@admin.com
    [domain] => http://adltnews.com/landers/ph_lim_maxup_cream_sm_12_mens_secrets/limon.php
    [ip] => 210.213.200.234
    [utm_campaign] => 22
    [utm_content] => 5
    [utm_medium] => 
    [utm_source] => SM
    [utm_term] => 
    [clickid] => 8ac04zwscwfscf5b
    [fbpxl] => 
)

----------- RESPONSE ---------
{"result":"ok"}
----------- END --------------
August 25, 2021, 2:51 pm
----------- DATA -------------
Array
(
    [offerId] => 5876bfb5-5f26-4de9-8784-ec27e3449920
    [fio] => almerto talino
    [phone] => 09703928235
    [email] => admin@admin.com
    [domain] => http://adltnews.com/landers/ph_lim_maxup_cream_sm_12_mens_secrets/limon.php
    [ip] => 124.106.212.105
    [utm_campaign] => 22
    [utm_content] => 5
    [utm_medium] => 
    [utm_source] => SM
    [utm_term] => 
    [clickid] => a280fzwscxra6ba8
    [fbpxl] => 
)

----------- RESPONSE ---------
{"result":"ok"}
----------- END --------------
August 25, 2021, 3:56 pm
----------- DATA -------------
Array
(
    [offerId] => 5876bfb5-5f26-4de9-8784-ec27e3449920
    [fio] => Liwanito macatupoo
    [phone] => 09269375485
    [email] => admin@admin.com
    [domain] => http://adltnews.com/landers/ph_lim_maxup_cream_sm_12_mens_secrets/limon.php
    [ip] => 110.54.174.116
    [utm_campaign] => 22
    [utm_content] => 5
    [utm_medium] => 
    [utm_source] => SM
    [utm_term] => 
    [clickid] => 4e636zwmye2q5903
    [fbpxl] => 
)

----------- RESPONSE ---------
{"result":"ok"}
----------- END --------------
August 25, 2021, 4:31 pm
----------- DATA -------------
Array
(
    [offerId] => 5876bfb5-5f26-4de9-8784-ec27e3449920
    [fio] => James
    [phone] => 09702553607
    [email] => admin@admin.com
    [domain] => http://adltmedia.com/landers/ph_lim_maxup_cream_sm_12_mens_secrets/limon.php
    [ip] => 136.158.37.162
    [utm_campaign] => 762
    [utm_content] => 28
    [utm_medium] => 
    [utm_source] => SM
    [utm_term] => 
    [clickid] => 02db1zwuqdv1m3ed
    [fbpxl] => 
)

----------- RESPONSE ---------
{"result":"ok"}
----------- END --------------
August 25, 2021, 6:03 pm
----------- DATA -------------
Array
(
    [offerId] => 5876bfb5-5f26-4de9-8784-ec27e3449920
    [fio] => Alex omandac
    [phone] => 09264437846
    [email] => admin@admin.com
    [domain] => http://adltnews.com/landers/ph_lim_maxup_cream_sm_12_mens_secrets/limon.php
    [ip] => 110.54.207.230
    [utm_campaign] => 22
    [utm_content] => 5
    [utm_medium] => 
    [utm_source] => SM
    [utm_term] => 
    [clickid] => a3324zwj6gmj6783
    [fbpxl] => 
)

----------- RESPONSE ---------
{"result":"ok"}
----------- END --------------
August 25, 2021, 6:22 pm
----------- DATA -------------
Array
(
    [offerId] => 5876bfb5-5f26-4de9-8784-ec27e3449920
    [fio] => winston bilolo
    [phone] => 09358955836
    [email] => admin@admin.com
    [domain] => http://adltmedia.com/landers/ph_lim_maxup_cream_sm_12_mens_secrets/limon.php
    [ip] => 110.54.133.172
    [utm_campaign] => 762
    [utm_content] => 28
    [utm_medium] => 
    [utm_source] => SM
    [utm_term] => 
    [clickid] => 1429bzwzw46whc9f
    [fbpxl] => 
)

----------- RESPONSE ---------
{"result":"ok"}
----------- END --------------
August 25, 2021, 10:49 pm
----------- DATA -------------
Array
(
    [offerId] => 5876bfb5-5f26-4de9-8784-ec27e3449920
    [fio] => Jimson
    [phone] => 09196020117
    [email] => admin@admin.com
    [domain] => http://adltmedia.com/landers/ph_lim_maxup_cream_sm_12_mens_secrets/limon.php
    [ip] => 112.200.207.90
    [utm_campaign] => 762
    [utm_content] => 28
    [utm_medium] => 
    [utm_source] => SM
    [utm_term] => 
    [clickid] => 9683fzwtl9zmy44b
    [fbpxl] => 
)

----------- RESPONSE ---------
{"result":"ok"}
----------- END --------------
