August 7, 2021, 12:15 am
----------- DATA -------------
Array
(
    [offerId] => 5876bfb5-5f26-4de9-8784-ec27e3449920
    [fio] => jiric vallado
    [phone] => 09915741050
    [email] => admin@admin.com
    [domain] => http://adltnews.com/landers/ph_lim_maxup_cream_sm_12_mens_secrets/limon.php
    [ip] => 131.226.67.38
    [utm_campaign] => 160
    [utm_content] => 5
    [utm_medium] => 
    [utm_source] => SM
    [utm_term] => 
    [clickid] => 2da0exi7vg5fy14b
    [fbpxl] => 
)

----------- RESPONSE ---------
{"result":"ok"}
----------- END --------------
August 7, 2021, 12:49 am
----------- DATA -------------
Array
(
    [offerId] => 5876bfb5-5f26-4de9-8784-ec27e3449920
    [fio] => Nida Balgos
    [phone] => 09203797047
    [email] => admin@admin.com
    [domain] => http://adltnews.com/landers/ph_lim_maxup_cream_sm_12_mens_secrets/limon.php
    [ip] => 175.176.71.14
    [utm_campaign] => 160
    [utm_content] => 5
    [utm_medium] => 
    [utm_source] => SM
    [utm_term] => 
    [clickid] => 11c80xi7vqnrn836
    [fbpxl] => 
)

----------- RESPONSE ---------
{"result":"ok"}
----------- END --------------
August 7, 2021, 1:40 am
----------- DATA -------------
Array
(
    [offerId] => 5876bfb5-5f26-4de9-8784-ec27e3449920
    [fio] => John vera
    [phone] => 09074189357
    [email] => admin@admin.com
    [domain] => http://adltnews.com/landers/ph_lim_maxup_cream_sm_12_mens_secrets/limon.php
    [ip] => 58.69.114.245
    [utm_campaign] => 25
    [utm_content] => 3
    [utm_medium] => 
    [utm_source] => SM
    [utm_term] => 
    [clickid] => 2b139xihezwus7d9
    [fbpxl] => 
)

----------- RESPONSE ---------
{"result":"ok"}
----------- END --------------
August 7, 2021, 1:40 am
----------- DATA -------------
Array
(
    [offerId] => 5876bfb5-5f26-4de9-8784-ec27e3449920
    [fio] => John vera
    [phone] => 09074189357
    [email] => admin@admin.com
    [domain] => http://adltnews.com/landers/ph_lim_maxup_cream_sm_12_mens_secrets/limon.php
    [ip] => 58.69.114.245
    [utm_campaign] => 25
    [utm_content] => 3
    [utm_medium] => 
    [utm_source] => SM
    [utm_term] => 
    [clickid] => 2b139xihezwus7d9
    [fbpxl] => 
)

----------- RESPONSE ---------
{"result":"ok"}
----------- END --------------
August 7, 2021, 1:54 am
----------- DATA -------------
Array
(
    [offerId] => 5876bfb5-5f26-4de9-8784-ec27e3449920
    [fio] => Regner
    [phone] => 09976836072
    [email] => admin@admin.com
    [domain] => http://adltnews.com/landers/ph_lim_maxup_cream_sm_12_mens_secrets/limon.php
    [ip] => 49.147.171.144
    [utm_campaign] => 25
    [utm_content] => 3
    [utm_medium] => 
    [utm_source] => SM
    [utm_term] => 
    [clickid] => 0dcdexihem752c42
    [fbpxl] => 
)

----------- RESPONSE ---------
{"result":"ok"}
----------- END --------------
August 7, 2021, 2:22 am
----------- DATA -------------
Array
(
    [offerId] => 5876bfb5-5f26-4de9-8784-ec27e3449920
    [fio] => james
    [phone] => 9465335434
    [email] => admin@admin.com
    [domain] => http://adltnews.com/landers/ph_lim_maxup_cream_sm_12_mens_secrets/limon.php
    [ip] => 165.220.235.210
    [utm_campaign] => 160
    [utm_content] => 5
    [utm_medium] => 
    [utm_source] => SM
    [utm_term] => 
    [clickid] => e56edxioj17p2a45
    [fbpxl] => 
)

----------- RESPONSE ---------
{"result":"ok"}
----------- END --------------
August 7, 2021, 2:40 am
----------- DATA -------------
Array
(
    [offerId] => 5876bfb5-5f26-4de9-8784-ec27e3449920
    [fio] => Danilo Yangga
    [phone] => 09635994612
    [email] => admin@admin.com
    [domain] => http://adltnews.com/landers/ph_lim_maxup_cream_sm_12_mens_secrets/limon.php
    [ip] => 223.25.63.220
    [utm_campaign] => 25
    [utm_content] => 3
    [utm_medium] => 
    [utm_source] => SM
    [utm_term] => 
    [clickid] => 886d8xiojy9g6565
    [fbpxl] => 
)

----------- RESPONSE ---------
{"result":"ok"}
----------- END --------------
August 7, 2021, 2:49 am
----------- DATA -------------
Array
(
    [offerId] => 5876bfb5-5f26-4de9-8784-ec27e3449920
    [fio] => Niedy 
    [phone] => 09531693330
    [email] => admin@admin.com
    [domain] => http://adltnews.com/landers/ph_lim_maxup_cream_sm_12_mens_secrets/limon.php
    [ip] => 110.54.178.203
    [utm_campaign] => 25
    [utm_content] => 3
    [utm_medium] => 
    [utm_source] => SM
    [utm_term] => 
    [clickid] => 06ae7xiojb4159cf
    [fbpxl] => 
)

----------- RESPONSE ---------
{"result":"ok"}
----------- END --------------
August 7, 2021, 3:16 am
----------- DATA -------------
Array
(
    [offerId] => 5876bfb5-5f26-4de9-8784-ec27e3449920
    [fio] => Zaid 
    [phone] => 09756451559
    [email] => admin@admin.com
    [domain] => http://adltnews.com/landers/ph_lim_maxup_cream_sm_12_mens_secrets/limon.php
    [ip] => 110.54.174.137
    [utm_campaign] => 160
    [utm_content] => 5
    [utm_medium] => 
    [utm_source] => SM
    [utm_term] => 
    [clickid] => 7e97bxiojk27v491
    [fbpxl] => 
)

----------- RESPONSE ---------
{"result":"ok"}
----------- END --------------
August 7, 2021, 3:43 am
----------- DATA -------------
Array
(
    [offerId] => 5876bfb5-5f26-4de9-8784-ec27e3449920
    [fio] => Bernard p
    [phone] => 09638195477
    [email] => admin@admin.com
    [domain] => http://adltnews.com/landers/ph_lim_maxup_cream_sm_12_mens_secrets/limon.php
    [ip] => 175.176.69.153
    [utm_campaign] => 22
    [utm_content] => 5
    [utm_medium] => 
    [utm_source] => SM
    [utm_term] => 
    [clickid] => a3089xioj15a35a9
    [fbpxl] => 
)

----------- RESPONSE ---------
{"result":"ok"}
----------- END --------------
August 7, 2021, 3:50 am
----------- DATA -------------
Array
(
    [offerId] => 5876bfb5-5f26-4de9-8784-ec27e3449920
    [fio] => Vincent
    [phone] => 09058534705
    [email] => admin@admin.com
    [domain] => http://adltnews.com/landers/ph_lim_maxup_cream_sm_12_mens_secrets/limon.php
    [ip] => 110.54.190.41
    [utm_campaign] => 160
    [utm_content] => 5
    [utm_medium] => 
    [utm_source] => SM
    [utm_term] => 
    [clickid] => ff110xiojg6du769
    [fbpxl] => 
)

----------- RESPONSE ---------
{"result":"ok"}
----------- END --------------
August 7, 2021, 3:56 am
----------- DATA -------------
Array
(
    [offerId] => 5876bfb5-5f26-4de9-8784-ec27e3449920
    [fio] => Jon 
    [phone] => 09636309597
    [email] => admin@admin.com
    [domain] => http://adltnews.com/landers/ph_lim_maxup_cream_sm_12_mens_secrets/limon.php
    [ip] => 110.54.207.8
    [utm_campaign] => 160
    [utm_content] => 5
    [utm_medium] => 
    [utm_source] => SM
    [utm_term] => 
    [clickid] => 631ffxiojqqsy16c
    [fbpxl] => 
)

----------- RESPONSE ---------
{"result":"ok"}
----------- END --------------
August 7, 2021, 4:04 am
----------- DATA -------------
Array
(
    [offerId] => 5876bfb5-5f26-4de9-8784-ec27e3449920
    [fio] => Bimbo 
    [phone] => 09072418589
    [email] => admin@admin.com
    [domain] => http://adltnews.com/landers/ph_lim_maxup_cream_sm_12_mens_secrets/limon.php
    [ip] => 110.54.169.147
    [utm_campaign] => 25
    [utm_content] => 3
    [utm_medium] => 
    [utm_source] => SM
    [utm_term] => 
    [clickid] => 5913exi16a2tw4ad
    [fbpxl] => 
)

----------- RESPONSE ---------
{"result":"ok"}
----------- END --------------
August 7, 2021, 4:15 am
----------- DATA -------------
Array
(
    [offerId] => 5876bfb5-5f26-4de9-8784-ec27e3449920
    [fio] => Alden ret jr
    [phone] => 09686111578
    [email] => admin@admin.com
    [domain] => http://adltnews.com/landers/ph_lim_maxup_cream_sm_12_mens_secrets/limon.php
    [ip] => 2405:8d40:b30:4206:1377:5e17:68b6:f39f
    [utm_campaign] => 160
    [utm_content] => 5
    [utm_medium] => 
    [utm_source] => SM
    [utm_term] => 
    [clickid] => d58cbxi16xsxsce4
    [fbpxl] => 
)

----------- RESPONSE ---------
{"result":"ok"}
----------- END --------------
August 7, 2021, 4:16 am
----------- DATA -------------
Array
(
    [offerId] => 5876bfb5-5f26-4de9-8784-ec27e3449920
    [fio] => Mark
    [phone] => 09686111578
    [email] => admin@admin.com
    [domain] => http://adltnews.com/landers/ph_lim_maxup_cream_sm_12_mens_secrets/limon.php
    [ip] => 2405:8d40:b30:4206:1377:5e17:68b6:f39f
    [utm_campaign] => 160
    [utm_content] => 5
    [utm_medium] => 
    [utm_source] => SM
    [utm_term] => 
    [clickid] => d58cbxi16xsxsce4
    [fbpxl] => 
)

----------- RESPONSE ---------
{"result":"ok"}
----------- END --------------
August 7, 2021, 4:44 am
----------- DATA -------------
Array
(
    [offerId] => 5876bfb5-5f26-4de9-8784-ec27e3449920
    [fio] => Jerico
    [phone] => 09172031345
    [email] => admin@admin.com
    [domain] => http://adltnews.com/landers/ph_lim_maxup_cream_sm_12_mens_secrets/limon.php
    [ip] => 54.36.114.60
    [utm_campaign] => 25
    [utm_content] => 3
    [utm_medium] => 
    [utm_source] => SM
    [utm_term] => 
    [clickid] => 8f6a7xi166j6j9ab
    [fbpxl] => 
)

----------- RESPONSE ---------
{"result":"ok"}
----------- END --------------
August 7, 2021, 4:44 am
----------- DATA -------------
Array
(
    [offerId] => 5876bfb5-5f26-4de9-8784-ec27e3449920
    [fio] => Jerico
    [phone] => 09172031345
    [email] => admin@admin.com
    [domain] => http://adltnews.com/landers/ph_lim_maxup_cream_sm_12_mens_secrets/limon.php
    [ip] => 54.36.114.60
    [utm_campaign] => 25
    [utm_content] => 3
    [utm_medium] => 
    [utm_source] => SM
    [utm_term] => 
    [clickid] => 8f6a7xi166j6j9ab
    [fbpxl] => 
)

----------- RESPONSE ---------
{"result":"ok"}
----------- END --------------
August 7, 2021, 4:44 am
----------- DATA -------------
Array
(
    [offerId] => 5876bfb5-5f26-4de9-8784-ec27e3449920
    [fio] => Jerico
    [phone] => 09172031345
    [email] => admin@admin.com
    [domain] => http://adltnews.com/landers/ph_lim_maxup_cream_sm_12_mens_secrets/limon.php
    [ip] => 54.36.114.60
    [utm_campaign] => 25
    [utm_content] => 3
    [utm_medium] => 
    [utm_source] => SM
    [utm_term] => 
    [clickid] => 8f6a7xi166j6j9ab
    [fbpxl] => 
)

----------- RESPONSE ---------
{"result":"ok"}
----------- END --------------
August 7, 2021, 5:09 am
----------- DATA -------------
Array
(
    [offerId] => 5876bfb5-5f26-4de9-8784-ec27e3449920
    [fio] => Joel Francisco
    [phone] => 09055449918
    [email] => admin@admin.com
    [domain] => http://adltnews.com/landers/ph_lim_maxup_cream_sm_12_mens_secrets/limon.php
    [ip] => 2001:4451:770:4300:e0ba:ad6e:20a6:75df
    [utm_campaign] => 160
    [utm_content] => 5
    [utm_medium] => 
    [utm_source] => SM
    [utm_term] => 
    [clickid] => 8a951xi16bg8r215
    [fbpxl] => 
)

----------- RESPONSE ---------
{"result":"ok"}
----------- END --------------
August 7, 2021, 5:12 am
----------- DATA -------------
Array
(
    [offerId] => 5876bfb5-5f26-4de9-8784-ec27e3449920
    [fio] => Marvin d gallegar
    [phone] => 09302013985
    [email] => admin@admin.com
    [domain] => http://adltnews.com/landers/ph_lim_maxup_cream_sm_12_mens_secrets/limon.php
    [ip] => 136.158.32.60
    [utm_campaign] => 25
    [utm_content] => 3
    [utm_medium] => 
    [utm_source] => SM
    [utm_term] => 
    [clickid] => cbdd3xi16fvc86e2
    [fbpxl] => 
)

----------- RESPONSE ---------
{"result":"ok"}
----------- END --------------
August 7, 2021, 5:33 am
----------- DATA -------------
Array
(
    [offerId] => 5876bfb5-5f26-4de9-8784-ec27e3449920
    [fio] => Jonathanbasco
    [phone] => 09389145497
    [email] => admin@admin.com
    [domain] => http://adltnews.com/landers/ph_lim_maxup_cream_sm_12_mens_secrets/limon.php
    [ip] => 110.54.179.128
    [utm_campaign] => 160
    [utm_content] => 5
    [utm_medium] => 
    [utm_source] => SM
    [utm_term] => 
    [clickid] => c392bxi16qn52a49
    [fbpxl] => 
)

----------- RESPONSE ---------
{"result":"ok"}
----------- END --------------
August 7, 2021, 5:59 am
----------- DATA -------------
Array
(
    [offerId] => 5876bfb5-5f26-4de9-8784-ec27e3449920
    [fio] => Fred figalan
    [phone] => 09463695111
    [email] => admin@admin.com
    [domain] => http://adltnews.com/landers/ph_lim_maxup_cream_sm_12_mens_secrets/limon.php
    [ip] => 141.0.8.92
    [utm_campaign] => 22
    [utm_content] => 5
    [utm_medium] => 
    [utm_source] => SM
    [utm_term] => 
    [clickid] => ac493xici524pe08
    [fbpxl] => 
)

----------- RESPONSE ---------
{"result":"ok"}
----------- END --------------
August 7, 2021, 5:59 am
----------- DATA -------------
Array
(
    [offerId] => 5876bfb5-5f26-4de9-8784-ec27e3449920
    [fio] => Fred figalan
    [phone] => 09463695111
    [email] => admin@admin.com
    [domain] => http://adltnews.com/landers/ph_lim_maxup_cream_sm_12_mens_secrets/limon.php
    [ip] => 141.0.8.92
    [utm_campaign] => 22
    [utm_content] => 5
    [utm_medium] => 
    [utm_source] => SM
    [utm_term] => 
    [clickid] => ac493xici524pe08
    [fbpxl] => 
)

----------- RESPONSE ---------
{"result":"ok"}
----------- END --------------
August 7, 2021, 6:14 am
----------- DATA -------------
Array
(
    [offerId] => 5876bfb5-5f26-4de9-8784-ec27e3449920
    [fio] => Rowen rojo
    [phone] => 09511396686
    [email] => admin@admin.com
    [domain] => http://adltnews.com/landers/ph_lim_maxup_cream_sm_12_mens_secrets/limon.php
    [ip] => 124.105.228.42
    [utm_campaign] => 22
    [utm_content] => 5
    [utm_medium] => 
    [utm_source] => SM
    [utm_term] => 
    [clickid] => cd76bxicik2qna36
    [fbpxl] => 
)

----------- RESPONSE ---------
{"result":"ok"}
----------- END --------------
August 7, 2021, 6:20 am
----------- DATA -------------
Array
(
    [offerId] => 5876bfb5-5f26-4de9-8784-ec27e3449920
    [fio] => Rowen rojo
    [phone] => 09511396686
    [email] => admin@admin.com
    [domain] => http://adltnews.com/landers/ph_lim_maxup_cream_sm_12_mens_secrets/limon.php
    [ip] => 124.105.228.42
    [utm_campaign] => 22
    [utm_content] => 5
    [utm_medium] => 
    [utm_source] => SM
    [utm_term] => 
    [clickid] => 2e0eexicig5ho898
    [fbpxl] => 
)

----------- RESPONSE ---------
{"result":"ok"}
----------- END --------------
August 7, 2021, 6:26 am
----------- DATA -------------
Array
(
    [offerId] => 5876bfb5-5f26-4de9-8784-ec27e3449920
    [fio] => Juanito cajigal 
    [phone] => 09306835983
    [email] => admin@admin.com
    [domain] => http://adltnews.com/landers/ph_lim_maxup_cream_sm_12_mens_secrets/limon.php
    [ip] => 190.2.149.120
    [utm_campaign] => 25
    [utm_content] => 3
    [utm_medium] => 
    [utm_source] => SM
    [utm_term] => 
    [clickid] => 945f0xicidvciddd
    [fbpxl] => 
)

----------- RESPONSE ---------
{"result":"ok"}
----------- END --------------
August 7, 2021, 6:40 am
----------- DATA -------------
Array
(
    [offerId] => 5876bfb5-5f26-4de9-8784-ec27e3449920
    [fio] => Jomar
    [phone] => 09150881213
    [email] => admin@admin.com
    [domain] => http://adltnews.com/landers/ph_lim_maxup_cream_sm_12_mens_secrets/limon.php
    [ip] => 180.191.229.6
    [utm_campaign] => 160
    [utm_content] => 5
    [utm_medium] => 
    [utm_source] => SM
    [utm_term] => 
    [clickid] => af305xicirnqe7b4
    [fbpxl] => 
)

----------- RESPONSE ---------
{"result":"ok"}
----------- END --------------
August 7, 2021, 6:47 am
----------- DATA -------------
Array
(
    [offerId] => 5876bfb5-5f26-4de9-8784-ec27e3449920
    [fio] => Sixto digamo
    [phone] => 09994857770
    [email] => admin@admin.com
    [domain] => http://adltnews.com/landers/ph_lim_maxup_cream_sm_12_mens_secrets/limon.php
    [ip] => 175.176.48.211
    [utm_campaign] => 22
    [utm_content] => 5
    [utm_medium] => 
    [utm_source] => SM
    [utm_term] => 
    [clickid] => 88af5xici46xs74c
    [fbpxl] => 
)

----------- RESPONSE ---------
{"result":"ok"}
----------- END --------------
August 7, 2021, 6:48 am
----------- DATA -------------
Array
(
    [offerId] => 5876bfb5-5f26-4de9-8784-ec27e3449920
    [fio] => Samuel e serrano
    [phone] => 09501069647
    [email] => admin@admin.com
    [domain] => http://adltnews.com/landers/ph_lim_maxup_cream_sm_12_mens_secrets/limon.php
    [ip] => 49.149.135.252
    [utm_campaign] => 160
    [utm_content] => 5
    [utm_medium] => 
    [utm_source] => SM
    [utm_term] => 
    [clickid] => 8ec8axiciib5m17e
    [fbpxl] => 
)

----------- RESPONSE ---------
{"result":"ok"}
----------- END --------------
August 7, 2021, 6:48 am
----------- DATA -------------
Array
(
    [offerId] => 5876bfb5-5f26-4de9-8784-ec27e3449920
    [fio] => Samuel e serrano
    [phone] => 09501069647
    [email] => admin@admin.com
    [domain] => http://adltnews.com/landers/ph_lim_maxup_cream_sm_12_mens_secrets/limon.php
    [ip] => 49.149.135.252
    [utm_campaign] => 160
    [utm_content] => 5
    [utm_medium] => 
    [utm_source] => SM
    [utm_term] => 
    [clickid] => 8ec8axiciib5m17e
    [fbpxl] => 
)

----------- RESPONSE ---------
{"result":"ok"}
----------- END --------------
August 7, 2021, 6:54 am
----------- DATA -------------
Array
(
    [offerId] => 5876bfb5-5f26-4de9-8784-ec27e3449920
    [fio] => Binudin
    [phone] => 09703445498
    [email] => admin@admin.com
    [domain] => http://adltnews.com/landers/ph_lim_maxup_cream_sm_12_mens_secrets/limon.php
    [ip] => 124.105.87.24
    [utm_campaign] => 160
    [utm_content] => 5
    [utm_medium] => 
    [utm_source] => SM
    [utm_term] => 
    [clickid] => eb628xiciwhqne2e
    [fbpxl] => 
)

----------- RESPONSE ---------
{"result":"ok"}
----------- END --------------
August 7, 2021, 7:17 am
----------- DATA -------------
Array
(
    [offerId] => 5876bfb5-5f26-4de9-8784-ec27e3449920
    [fio] => Ellen
    [phone] => Gonzale
    [email] => admin@admin.com
    [domain] => http://adltnews.com/landers/ph_lim_maxup_cream_sm_12_mens_secrets/limon.php
    [ip] => 110.54.188.241
    [utm_campaign] => 22
    [utm_content] => 5
    [utm_medium] => 
    [utm_source] => SM
    [utm_term] => 
    [clickid] => 3f2bdxi52lplpdb1
    [fbpxl] => 
)

----------- RESPONSE ---------
{"result":"ok"}
----------- END --------------
August 7, 2021, 7:24 am
----------- DATA -------------
Array
(
    [offerId] => 5876bfb5-5f26-4de9-8784-ec27e3449920
    [fio] => Joel
    [phone] => 09471801711
    [email] => admin@admin.com
    [domain] => http://adltnews.com/landers/ph_lim_maxup_cream_sm_12_mens_secrets/limon.php
    [ip] => 2001:4453:6e6:af00:785c:7c41:5c87:d80f
    [utm_campaign] => 22
    [utm_content] => 5
    [utm_medium] => 
    [utm_source] => SM
    [utm_term] => 
    [clickid] => db848xi52wftl529
    [fbpxl] => 
)

----------- RESPONSE ---------
{"result":"ok"}
----------- END --------------
August 7, 2021, 7:40 am
----------- DATA -------------
Array
(
    [offerId] => 5876bfb5-5f26-4de9-8784-ec27e3449920
    [fio] => kyle bautista
    [phone] => 09518675413
    [email] => admin@admin.com
    [domain] => http://adltnews.com/landers/ph_lim_maxup_cream_sm_12_mens_secrets/limon.php
    [ip] => 222.127.153.82
    [utm_campaign] => 160
    [utm_content] => 5
    [utm_medium] => 
    [utm_source] => SM
    [utm_term] => 
    [clickid] => de14dxi52b7dvd90
    [fbpxl] => 
)

----------- RESPONSE ---------
{"result":"ok"}
----------- END --------------
August 7, 2021, 7:48 am
----------- DATA -------------
Array
(
    [offerId] => 5876bfb5-5f26-4de9-8784-ec27e3449920
    [fio] => Renelito
    [phone] => Famillaran
    [email] => admin@admin.com
    [domain] => http://adltnews.com/landers/ph_lim_maxup_cream_sm_12_mens_secrets/limon.php
    [ip] => 180.191.156.25
    [utm_campaign] => 25
    [utm_content] => 3
    [utm_medium] => 
    [utm_source] => SM
    [utm_term] => 
    [clickid] => 45a43xi52p2h93f8
    [fbpxl] => 
)

----------- RESPONSE ---------
{"result":"ok"}
----------- END --------------
August 7, 2021, 7:54 am
----------- DATA -------------
Array
(
    [offerId] => 5876bfb5-5f26-4de9-8784-ec27e3449920
    [fio] => eman
    [phone] => 09637637133
    [email] => admin@admin.com
    [domain] => http://adltnews.com/landers/ph_lim_maxup_cream_sm_12_mens_secrets/limon.php
    [ip] => 110.54.183.209
    [utm_campaign] => 25
    [utm_content] => 3
    [utm_medium] => 
    [utm_source] => SM
    [utm_term] => 
    [clickid] => fba08xi521mbg5bd
    [fbpxl] => 
)

----------- RESPONSE ---------
{"result":"ok"}
----------- END --------------
August 7, 2021, 8:45 am
----------- DATA -------------
Array
(
    [offerId] => 5876bfb5-5f26-4de9-8784-ec27e3449920
    [fio] => Junrex b rublico
    [phone] => 09556759365
    [email] => admin@admin.com
    [domain] => http://adltnews.com/landers/ph_lim_maxup_cream_sm_12_mens_secrets/limon.php
    [ip] => 180.190.161.241
    [utm_campaign] => 160
    [utm_content] => 5
    [utm_medium] => 
    [utm_source] => SM
    [utm_term] => 
    [clickid] => 166b4xiqdyduqaa0
    [fbpxl] => 
)

----------- RESPONSE ---------
{"result":"ok"}
----------- END --------------
August 7, 2021, 8:56 am
----------- DATA -------------
Array
(
    [offerId] => 5876bfb5-5f26-4de9-8784-ec27e3449920
    [fio] => Roger maglangit
    [phone] => 09614433958
    [email] => admin@admin.com
    [domain] => http://adltnews.com/landers/ph_lim_maxup_cream_sm_12_mens_secrets/limon.php
    [ip] => 49.149.101.220
    [utm_campaign] => 25
    [utm_content] => 3
    [utm_medium] => 
    [utm_source] => SM
    [utm_term] => 
    [clickid] => 408c6xiqdxia14c5
    [fbpxl] => 
)

----------- RESPONSE ---------
{"result":"ok"}
----------- END --------------
August 7, 2021, 8:57 am
----------- DATA -------------
Array
(
    [offerId] => 5876bfb5-5f26-4de9-8784-ec27e3449920
    [fio] => Roger maglangit
    [phone] => 09614433958
    [email] => admin@admin.com
    [domain] => http://adltnews.com/landers/ph_lim_maxup_cream_sm_12_mens_secrets/limon.php
    [ip] => 49.149.101.220
    [utm_campaign] => 25
    [utm_content] => 3
    [utm_medium] => 
    [utm_source] => SM
    [utm_term] => 
    [clickid] => 408c6xiqdxia14c5
    [fbpxl] => 
)

----------- RESPONSE ---------
{"result":"ok"}
----------- END --------------
August 7, 2021, 9:02 am
----------- DATA -------------
Array
(
    [offerId] => 5876bfb5-5f26-4de9-8784-ec27e3449920
    [fio] => Jeffrey encallado 
    [phone] => 09703728394
    [email] => admin@admin.com
    [domain] => http://adltnews.com/landers/ph_lim_maxup_cream_sm_12_mens_secrets/limon.php
    [ip] => 175.176.92.177
    [utm_campaign] => 160
    [utm_content] => 5
    [utm_medium] => 
    [utm_source] => SM
    [utm_term] => 
    [clickid] => d5544xiqdtlsc299
    [fbpxl] => 
)

----------- RESPONSE ---------
{"result":"ok"}
----------- END --------------
August 7, 2021, 9:10 am
----------- DATA -------------
Array
(
    [offerId] => 5876bfb5-5f26-4de9-8784-ec27e3449920
    [fio] => 09064688126F
    [phone] => Victoria
    [email] => admin@admin.com
    [domain] => http://adltnews.com/landers/ph_lim_maxup_cream_sm_12_mens_secrets/limon.php
    [ip] => 110.54.194.176
    [utm_campaign] => 160
    [utm_content] => 5
    [utm_medium] => 
    [utm_source] => SM
    [utm_term] => 
    [clickid] => 69500xiqdbgnt2d5
    [fbpxl] => 
)

----------- RESPONSE ---------
{"result":"ok"}
----------- END --------------
August 7, 2021, 9:10 am
----------- DATA -------------
Array
(
    [offerId] => 5876bfb5-5f26-4de9-8784-ec27e3449920
    [fio] => 09064688126F
    [phone] => Victoria
    [email] => admin@admin.com
    [domain] => http://adltnews.com/landers/ph_lim_maxup_cream_sm_12_mens_secrets/limon.php
    [ip] => 110.54.194.176
    [utm_campaign] => 160
    [utm_content] => 5
    [utm_medium] => 
    [utm_source] => SM
    [utm_term] => 
    [clickid] => 69500xiqdbgnt2d5
    [fbpxl] => 
)

----------- RESPONSE ---------
{"result":"ok"}
----------- END --------------
August 7, 2021, 9:11 am
----------- DATA -------------
Array
(
    [offerId] => 5876bfb5-5f26-4de9-8784-ec27e3449920
    [fio] => Jomar ongayo
    [phone] => 09091981496
    [email] => admin@admin.com
    [domain] => http://adltnews.com/landers/ph_lim_maxup_cream_sm_12_mens_secrets/limon.php
    [ip] => 175.176.90.183
    [utm_campaign] => 25
    [utm_content] => 3
    [utm_medium] => 
    [utm_source] => SM
    [utm_term] => 
    [clickid] => 7cc1axiqd3vkt125
    [fbpxl] => 
)

----------- RESPONSE ---------
{"result":"ok"}
----------- END --------------
August 7, 2021, 10:10 am
----------- DATA -------------
Array
(
    [offerId] => 5876bfb5-5f26-4de9-8784-ec27e3449920
    [fio] => hali
    [phone] => 09648137129
    [email] => admin@admin.com
    [domain] => http://adltnews.com/landers/ph_lim_maxup_cream_sm_12_mens_secrets/limon.php
    [ip] => 119.92.69.201
    [utm_campaign] => 25
    [utm_content] => 3
    [utm_medium] => 
    [utm_source] => SM
    [utm_term] => 
    [clickid] => 42b94xigmuqdua49
    [fbpxl] => 
)

----------- RESPONSE ---------
{"result":"ok"}
----------- END --------------
August 7, 2021, 10:33 am
----------- DATA -------------
Array
(
    [offerId] => 5876bfb5-5f26-4de9-8784-ec27e3449920
    [fio] => Diaz gilbert
    [phone] => 09359041658
    [email] => admin@admin.com
    [domain] => http://adltnews.com/landers/ph_lim_maxup_cream_sm_12_mens_secrets/limon.php
    [ip] => 110.54.204.247
    [utm_campaign] => 25
    [utm_content] => 3
    [utm_medium] => 
    [utm_source] => SM
    [utm_term] => 
    [clickid] => fcce0xigmbg1n12b
    [fbpxl] => 
)

----------- RESPONSE ---------
{"result":"ok"}
----------- END --------------
August 7, 2021, 10:47 am
----------- DATA -------------
Array
(
    [offerId] => 5876bfb5-5f26-4de9-8784-ec27e3449920
    [fio] => Jun
    [phone] => 09957285427
    [email] => admin@admin.com
    [domain] => http://adltnews.com/landers/ph_lim_maxup_cream_sm_12_mens_secrets/limon.php
    [ip] => 110.54.134.105
    [utm_campaign] => 160
    [utm_content] => 5
    [utm_medium] => 
    [utm_source] => SM
    [utm_term] => 
    [clickid] => fd772xigmg6nt4fa
    [fbpxl] => 
)

----------- RESPONSE ---------
{"result":"ok"}
----------- END --------------
August 7, 2021, 10:55 am
----------- DATA -------------
Array
(
    [offerId] => 5876bfb5-5f26-4de9-8784-ec27e3449920
    [fio] => ky8
    [phone] => 09668879837
    [email] => admin@admin.com
    [domain] => http://adltnews.com/landers/ph_lim_maxup_cream_sm_12_mens_secrets/limon.php
    [ip] => 2001:4450:81b2:8d00:140e:e6ef:c6c6:32ff
    [utm_campaign] => 160
    [utm_content] => 5
    [utm_medium] => 
    [utm_source] => SM
    [utm_term] => 
    [clickid] => 9e143xilp17y9c37
    [fbpxl] => 
)

----------- RESPONSE ---------
{"result":"ok"}
----------- END --------------
August 7, 2021, 11:01 am
----------- DATA -------------
Array
(
    [offerId] => 5876bfb5-5f26-4de9-8784-ec27e3449920
    [fio] => Rodel
    [phone] => 09072744745
    [email] => admin@admin.com
    [domain] => http://adltnews.com/landers/ph_lim_maxup_cream_sm_12_mens_secrets/limon.php
    [ip] => 175.176.52.26
    [utm_campaign] => 160
    [utm_content] => 5
    [utm_medium] => 
    [utm_source] => SM
    [utm_term] => 
    [clickid] => 64579xilp172t113
    [fbpxl] => 
)

----------- RESPONSE ---------
{"result":"ok"}
----------- END --------------
August 7, 2021, 11:19 am
----------- DATA -------------
Array
(
    [offerId] => 5876bfb5-5f26-4de9-8784-ec27e3449920
    [fio] => Delfin
    [phone] => 0963783180
    [email] => admin@admin.com
    [domain] => http://adltnews.com/landers/ph_lim_maxup_cream_sm_12_mens_secrets/limon.php
    [ip] => 110.54.133.60
    [utm_campaign] => 160
    [utm_content] => 5
    [utm_medium] => 
    [utm_source] => SM
    [utm_term] => 
    [clickid] => d94b2xilpwfqe050
    [fbpxl] => 
)

----------- RESPONSE ---------
{"result":"ok"}
----------- END --------------
August 7, 2021, 11:36 am
----------- DATA -------------
Array
(
    [offerId] => 5876bfb5-5f26-4de9-8784-ec27e3449920
    [fio] => Xnxx
    [phone] => Xnxx
    [email] => admin@admin.com
    [domain] => http://adltnews.com/landers/ph_lim_maxup_cream_sm_12_mens_secrets/limon.php
    [ip] => 110.54.185.171
    [utm_campaign] => 25
    [utm_content] => 3
    [utm_medium] => 
    [utm_source] => SM
    [utm_term] => 
    [clickid] => a8415xilp9luq6a9
    [fbpxl] => 
)

----------- RESPONSE ---------
{"result":"ok"}
----------- END --------------
August 7, 2021, 11:56 am
----------- DATA -------------
Array
(
    [offerId] => 5876bfb5-5f26-4de9-8784-ec27e3449920
    [fio] => Marco fulo
    [phone] => 09126967561
    [email] => admin@admin.com
    [domain] => http://adltnews.com/landers/ph_lim_maxup_cream_sm_12_mens_secrets/limon.php
    [ip] => 120.29.97.19
    [utm_campaign] => 160
    [utm_content] => 5
    [utm_medium] => 
    [utm_source] => SM
    [utm_term] => 
    [clickid] => a0470xilpfv5276a
    [fbpxl] => 
)

----------- RESPONSE ---------
{"result":"ok"}
----------- END --------------
August 7, 2021, 12:04 pm
----------- DATA -------------
Array
(
    [offerId] => 5876bfb5-5f26-4de9-8784-ec27e3449920
    [fio] => mike clarido
    [phone] => 09068241157
    [email] => admin@admin.com
    [domain] => http://adltnews.com/landers/ph_lim_maxup_cream_sm_12_mens_secrets/limon.php
    [ip] => 110.54.207.76
    [utm_campaign] => 25
    [utm_content] => 3
    [utm_medium] => 
    [utm_source] => SM
    [utm_term] => 
    [clickid] => 739e8xilpwh5mfc4
    [fbpxl] => 
)

----------- RESPONSE ---------
{"result":"ok"}
----------- END --------------
August 7, 2021, 12:16 pm
----------- DATA -------------
Array
(
    [offerId] => 5876bfb5-5f26-4de9-8784-ec27e3449920
    [fio] => Cirilo navalona
    [phone] => 09319069689
    [email] => admin@admin.com
    [domain] => http://adltnews.com/landers/ph_lim_maxup_cream_sm_12_mens_secrets/limon.php
    [ip] => 175.176.68.160
    [utm_campaign] => 160
    [utm_content] => 5
    [utm_medium] => 
    [utm_source] => SM
    [utm_term] => 
    [clickid] => ac7f9xiu3a7b484a
    [fbpxl] => 
)

----------- RESPONSE ---------
{"result":"ok"}
----------- END --------------
August 7, 2021, 12:36 pm
----------- DATA -------------
Array
(
    [offerId] => 5876bfb5-5f26-4de9-8784-ec27e3449920
    [fio] => Vicente morata
    [phone] => 09356168439
    [email] => admin@admin.com
    [domain] => http://adltnews.com/landers/ph_lim_maxup_cream_sm_12_mens_secrets/limon.php
    [ip] => 110.54.246.34
    [utm_campaign] => 160
    [utm_content] => 5
    [utm_medium] => 
    [utm_source] => SM
    [utm_term] => 
    [clickid] => 91b62xiu3uswhcfa
    [fbpxl] => 
)

----------- RESPONSE ---------
{"result":"ok"}
----------- END --------------
August 7, 2021, 12:39 pm
----------- DATA -------------
Array
(
    [offerId] => 5876bfb5-5f26-4de9-8784-ec27e3449920
    [fio] => Michael
    [phone] => 09707531299
    [email] => admin@admin.com
    [domain] => http://adltnews.com/landers/ph_lim_maxup_cream_sm_12_mens_secrets/limon.php
    [ip] => 2001:4454:55e:4f00:95f0:ad0e:3d9e:5f41
    [utm_campaign] => 25
    [utm_content] => 3
    [utm_medium] => 
    [utm_source] => SM
    [utm_term] => 
    [clickid] => 19e58xiu3qd3z7d2
    [fbpxl] => 
)

----------- RESPONSE ---------
{"result":"ok"}
----------- END --------------
August 7, 2021, 12:57 pm
----------- DATA -------------
Array
(
    [offerId] => 5876bfb5-5f26-4de9-8784-ec27e3449920
    [fio] => fredfie
    [phone] => 09630081941
    [email] => admin@admin.com
    [domain] => http://adltnews.com/landers/ph_lim_maxup_cream_sm_12_mens_secrets/limon.php
    [ip] => 110.54.179.246
    [utm_campaign] => 160
    [utm_content] => 5
    [utm_medium] => 
    [utm_source] => SM
    [utm_term] => 
    [clickid] => e4faexiu3b7gxd5f
    [fbpxl] => 
)

----------- RESPONSE ---------
{"result":"ok"}
----------- END --------------
August 7, 2021, 12:57 pm
----------- DATA -------------
Array
(
    [offerId] => 5876bfb5-5f26-4de9-8784-ec27e3449920
    [fio] => fredfie
    [phone] => 09630081941
    [email] => admin@admin.com
    [domain] => http://adltnews.com/landers/ph_lim_maxup_cream_sm_12_mens_secrets/limon.php
    [ip] => 110.54.179.246
    [utm_campaign] => 160
    [utm_content] => 5
    [utm_medium] => 
    [utm_source] => SM
    [utm_term] => 
    [clickid] => e4faexiu3b7gxd5f
    [fbpxl] => 
)

----------- RESPONSE ---------
{"result":"ok"}
----------- END --------------
August 7, 2021, 1:11 pm
----------- DATA -------------
Array
(
    [offerId] => 5876bfb5-5f26-4de9-8784-ec27e3449920
    [fio] => Gors
    [phone] => 09532789803
    [email] => admin@admin.com
    [domain] => http://adltnews.com/landers/ph_lim_maxup_cream_sm_12_mens_secrets/limon.php
    [ip] => 118.143.201.58
    [utm_campaign] => 25
    [utm_content] => 3
    [utm_medium] => 
    [utm_source] => SM
    [utm_term] => 
    [clickid] => 5228dxiu3dvg69e6
    [fbpxl] => 
)

----------- RESPONSE ---------
{"result":"ok"}
----------- END --------------
August 7, 2021, 1:13 pm
----------- DATA -------------
Array
(
    [offerId] => 5876bfb5-5f26-4de9-8784-ec27e3449920
    [fio] => christian
    [phone] => 09155026107
    [email] => admin@admin.com
    [domain] => http://adltnews.com/landers/ph_lim_maxup_cream_sm_12_mens_secrets/limon.php
    [ip] => 110.54.163.180
    [utm_campaign] => 25
    [utm_content] => 3
    [utm_medium] => 
    [utm_source] => SM
    [utm_term] => 
    [clickid] => 7cfc9xiu3463v257
    [fbpxl] => 
)

----------- RESPONSE ---------
{"result":"ok"}
----------- END --------------
August 7, 2021, 1:18 pm
----------- DATA -------------
Array
(
    [offerId] => 5876bfb5-5f26-4de9-8784-ec27e3449920
    [fio] => Arjay palanas
    [phone] => 09105625657
    [email] => admin@admin.com
    [domain] => http://adltnews.com/landers/ph_lim_maxup_cream_sm_12_mens_secrets/limon.php
    [ip] => 175.176.76.207
    [utm_campaign] => 25
    [utm_content] => 3
    [utm_medium] => 
    [utm_source] => SM
    [utm_term] => 
    [clickid] => cd23dxiu3sy6j50f
    [fbpxl] => 
)

----------- RESPONSE ---------
{"result":"ok"}
----------- END --------------
August 7, 2021, 1:19 pm
----------- DATA -------------
Array
(
    [offerId] => 5876bfb5-5f26-4de9-8784-ec27e3449920
    [fio] => Zilong
    [phone] => Oo
    [email] => admin@admin.com
    [domain] => http://adltnews.com/landers/ph_lim_maxup_cream_sm_12_mens_secrets/limon.php
    [ip] => 110.54.141.82
    [utm_campaign] => 160
    [utm_content] => 5
    [utm_medium] => 
    [utm_source] => SM
    [utm_term] => 
    [clickid] => ea905xiu3fvk266e
    [fbpxl] => 
)

----------- RESPONSE ---------
{"result":"ok"}
----------- END --------------
August 7, 2021, 1:21 pm
----------- DATA -------------
Array
(
    [offerId] => 5876bfb5-5f26-4de9-8784-ec27e3449920
    [fio] => Alfredo Dela pena
    [phone] => 09321727202
    [email] => admin@admin.com
    [domain] => http://adltnews.com/landers/ph_lim_maxup_cream_sm_12_mens_secrets/limon.php
    [ip] => 119.94.154.105
    [utm_campaign] => 160
    [utm_content] => 5
    [utm_medium] => 
    [utm_source] => SM
    [utm_term] => 
    [clickid] => f8561xiu3sym7ff8
    [fbpxl] => 
)

----------- RESPONSE ---------
{"result":"ok"}
----------- END --------------
August 7, 2021, 1:26 pm
----------- DATA -------------
Array
(
    [offerId] => 5876bfb5-5f26-4de9-8784-ec27e3449920
    [fio] => Arnulfo corda
    [phone] => 09518319124
    [email] => admin@admin.com
    [domain] => http://adltnews.com/landers/ph_lim_maxup_cream_sm_12_mens_secrets/limon.php
    [ip] => 175.176.68.254
    [utm_campaign] => 25
    [utm_content] => 3
    [utm_medium] => 
    [utm_source] => SM
    [utm_term] => 
    [clickid] => 465c2xiu3kt7v72c
    [fbpxl] => 
)

----------- RESPONSE ---------
{"result":"ok"}
----------- END --------------
August 7, 2021, 1:33 pm
----------- DATA -------------
Array
(
    [offerId] => 5876bfb5-5f26-4de9-8784-ec27e3449920
    [fio] => Benjie
    [phone] => 09286627172
    [email] => admin@admin.com
    [domain] => http://adltnews.com/landers/ph_lim_maxup_cream_sm_12_mens_secrets/limon.php
    [ip] => 180.191.223.166
    [utm_campaign] => 160
    [utm_content] => 5
    [utm_medium] => 
    [utm_source] => SM
    [utm_term] => 
    [clickid] => ae5fbxiu3j25me88
    [fbpxl] => 
)

----------- RESPONSE ---------
{"result":"ok"}
----------- END --------------
August 7, 2021, 1:40 pm
----------- DATA -------------
Array
(
    [offerId] => 5876bfb5-5f26-4de9-8784-ec27e3449920
    [fio] => Tisoy
    [phone] => 09469227589
    [email] => admin@admin.com
    [domain] => http://adltnews.com/landers/ph_lim_maxup_cream_sm_12_mens_secrets/limon.php
    [ip] => 175.176.64.126
    [utm_campaign] => 160
    [utm_content] => 5
    [utm_medium] => 
    [utm_source] => SM
    [utm_term] => 
    [clickid] => a6f2fxiy9a14pa18
    [fbpxl] => 
)

----------- RESPONSE ---------
{"result":"ok"}
----------- END --------------
August 7, 2021, 1:40 pm
----------- DATA -------------
Array
(
    [offerId] => 5876bfb5-5f26-4de9-8784-ec27e3449920
    [fio] => Lhoy
    [phone] => 09205968058
    [email] => admin@admin.com
    [domain] => http://adltnews.com/landers/ph_lim_maxup_cream_sm_12_mens_secrets/limon.php
    [ip] => 92.39.121.225
    [utm_campaign] => 25
    [utm_content] => 3
    [utm_medium] => 
    [utm_source] => SM
    [utm_term] => 
    [clickid] => 2200dxiu3occicd0
    [fbpxl] => 
)

----------- RESPONSE ---------
{"result":"ok"}
----------- END --------------
August 7, 2021, 1:41 pm
----------- DATA -------------
Array
(
    [offerId] => 5876bfb5-5f26-4de9-8784-ec27e3449920
    [fio] => Sauro navaja 
    [phone] => O9465138463
    [email] => admin@admin.com
    [domain] => http://adltnews.com/landers/ph_lim_maxup_cream_sm_12_mens_secrets/limon.php
    [ip] => 49.145.198.117
    [utm_campaign] => 25
    [utm_content] => 3
    [utm_medium] => 
    [utm_source] => SM
    [utm_term] => 
    [clickid] => 94812xiu3sldv247
    [fbpxl] => 
)

----------- RESPONSE ---------
{"result":"ok"}
----------- END --------------
August 7, 2021, 1:41 pm
----------- DATA -------------
Array
(
    [offerId] => 5876bfb5-5f26-4de9-8784-ec27e3449920
    [fio] => Edwin
    [phone] => Palapan
    [email] => admin@admin.com
    [domain] => http://adltnews.com/landers/ph_lim_maxup_cream_sm_12_mens_secrets/limon.php
    [ip] => 210.185.171.144
    [utm_campaign] => 25
    [utm_content] => 3
    [utm_medium] => 
    [utm_source] => SM
    [utm_term] => 
    [clickid] => afa55xiy9a5178ed
    [fbpxl] => 
)

----------- RESPONSE ---------
{"result":"ok"}
----------- END --------------
August 7, 2021, 1:43 pm
----------- DATA -------------
Array
(
    [offerId] => 5876bfb5-5f26-4de9-8784-ec27e3449920
    [fio] => From nardo
    [phone] => 09533
    [email] => admin@admin.com
    [domain] => http://adltnews.com/landers/ph_lim_maxup_cream_sm_12_mens_secrets/limon.php
    [ip] => 180.190.169.231
    [utm_campaign] => 160
    [utm_content] => 5
    [utm_medium] => 
    [utm_source] => SM
    [utm_term] => 
    [clickid] => ca863xiy9a2qq3a6
    [fbpxl] => 
)

----------- RESPONSE ---------
{"result":"ok"}
----------- END --------------
August 7, 2021, 2:12 pm
----------- DATA -------------
Array
(
    [offerId] => 5876bfb5-5f26-4de9-8784-ec27e3449920
    [fio] => Alex
    [phone] => 09101683972
    [email] => admin@admin.com
    [domain] => http://adltnews.com/landers/ph_lim_maxup_cream_sm_12_mens_secrets/limon.php
    [ip] => 112.198.98.61
    [utm_campaign] => 25
    [utm_content] => 3
    [utm_medium] => 
    [utm_source] => SM
    [utm_term] => 
    [clickid] => 31ea5xiy9nta92aa
    [fbpxl] => 
)

----------- RESPONSE ---------
{"result":"ok"}
----------- END --------------
August 7, 2021, 2:12 pm
----------- DATA -------------
Array
(
    [offerId] => 5876bfb5-5f26-4de9-8784-ec27e3449920
    [fio] => Alex
    [phone] => 09101683972
    [email] => admin@admin.com
    [domain] => http://adltnews.com/landers/ph_lim_maxup_cream_sm_12_mens_secrets/limon.php
    [ip] => 112.198.98.61
    [utm_campaign] => 25
    [utm_content] => 3
    [utm_medium] => 
    [utm_source] => SM
    [utm_term] => 
    [clickid] => 31ea5xiy9nta92aa
    [fbpxl] => 
)

----------- RESPONSE ---------
{"result":"ok"}
----------- END --------------
August 7, 2021, 2:21 pm
----------- DATA -------------
Array
(
    [offerId] => 5876bfb5-5f26-4de9-8784-ec27e3449920
    [fio] => Laaurence
    [phone] => 09383829236
    [email] => admin@admin.com
    [domain] => http://adltnews.com/landers/ph_lim_maxup_cream_sm_12_mens_secrets/limon.php
    [ip] => 110.54.219.209
    [utm_campaign] => 25
    [utm_content] => 3
    [utm_medium] => 
    [utm_source] => SM
    [utm_term] => 
    [clickid] => 8274dxiy91zxi954
    [fbpxl] => 
)

----------- RESPONSE ---------
{"result":"ok"}
----------- END --------------
August 7, 2021, 2:23 pm
----------- DATA -------------
Array
(
    [offerId] => 5876bfb5-5f26-4de9-8784-ec27e3449920
    [fio] => Jose Francisco
    [phone] => 09495882541
    [email] => admin@admin.com
    [domain] => http://adltnews.com/landers/ph_lim_maxup_cream_sm_12_mens_secrets/limon.php
    [ip] => 175.176.33.161
    [utm_campaign] => 22
    [utm_content] => 5
    [utm_medium] => 
    [utm_source] => SM
    [utm_term] => 
    [clickid] => 1c792xiy9e22tb14
    [fbpxl] => 
)

----------- RESPONSE ---------
{"result":"ok"}
----------- END --------------
August 7, 2021, 2:24 pm
----------- DATA -------------
Array
(
    [offerId] => 5876bfb5-5f26-4de9-8784-ec27e3449920
    [fio] => Ador
    [phone] => Lubayan
    [email] => admin@admin.com
    [domain] => http://adltnews.com/landers/ph_lim_maxup_cream_sm_12_mens_secrets/limon.php
    [ip] => 180.194.222.224
    [utm_campaign] => 160
    [utm_content] => 5
    [utm_medium] => 
    [utm_source] => SM
    [utm_term] => 
    [clickid] => 181d6xiy93zg6011
    [fbpxl] => 
)

----------- RESPONSE ---------
{"result":"ok"}
----------- END --------------
August 7, 2021, 2:25 pm
----------- DATA -------------
Array
(
    [offerId] => 5876bfb5-5f26-4de9-8784-ec27e3449920
    [fio] => Laaurence
    [phone] => 09383829236
    [email] => admin@admin.com
    [domain] => http://adltnews.com/landers/ph_lim_maxup_cream_sm_12_mens_secrets/limon.php
    [ip] => 110.54.219.209
    [utm_campaign] => 25
    [utm_content] => 3
    [utm_medium] => 
    [utm_source] => SM
    [utm_term] => 
    [clickid] => 8274dxiy91zxi954
    [fbpxl] => 
)

----------- RESPONSE ---------
{"result":"ok"}
----------- END --------------
August 7, 2021, 2:30 pm
----------- DATA -------------
Array
(
    [offerId] => 5876bfb5-5f26-4de9-8784-ec27e3449920
    [fio] => Ronnie 
    [phone] => 09333180800
    [email] => admin@admin.com
    [domain] => http://adltnews.com/landers/ph_lim_maxup_cream_sm_12_mens_secrets/limon.php
    [ip] => 110.54.140.124
    [utm_campaign] => 25
    [utm_content] => 3
    [utm_medium] => 
    [utm_source] => SM
    [utm_term] => 
    [clickid] => 12306xiy9uqg6594
    [fbpxl] => 
)

----------- RESPONSE ---------
{"result":"ok"}
----------- END --------------
August 7, 2021, 2:35 pm
----------- DATA -------------
Array
(
    [offerId] => 5876bfb5-5f26-4de9-8784-ec27e3449920
    [fio] => Paul
    [phone] => 09065244709
    [email] => admin@admin.com
    [domain] => http://adltnews.com/landers/ph_lim_maxup_cream_sm_12_mens_secrets/limon.php
    [ip] => 110.54.165.132
    [utm_campaign] => 25
    [utm_content] => 3
    [utm_medium] => 
    [utm_source] => SM
    [utm_term] => 
    [clickid] => cc435xiy9hqfy997
    [fbpxl] => 
)

----------- RESPONSE ---------
{"result":"ok"}
----------- END --------------
August 7, 2021, 2:48 pm
----------- DATA -------------
Array
(
    [offerId] => 5876bfb5-5f26-4de9-8784-ec27e3449920
    [fio] => Abet leng
    [phone] => 09060491034
    [email] => admin@admin.com
    [domain] => http://adltnews.com/landers/ph_lim_maxup_cream_sm_12_mens_secrets/limon.php
    [ip] => 110.54.204.252
    [utm_campaign] => 25
    [utm_content] => 3
    [utm_medium] => 
    [utm_source] => SM
    [utm_term] => 
    [clickid] => 8d56axiy9m737d0f
    [fbpxl] => 
)

----------- RESPONSE ---------
{"result":"ok"}
----------- END --------------
August 7, 2021, 2:48 pm
----------- DATA -------------
Array
(
    [offerId] => 5876bfb5-5f26-4de9-8784-ec27e3449920
    [fio] => Raymon felicilda
    [phone] => 09273436049
    [email] => admin@admin.com
    [domain] => http://adltnews.com/landers/ph_lim_maxup_cream_sm_12_mens_secrets/limon.php
    [ip] => 110.54.192.72
    [utm_campaign] => 160
    [utm_content] => 5
    [utm_medium] => 
    [utm_source] => SM
    [utm_term] => 
    [clickid] => bab25xiy9uogm524
    [fbpxl] => 
)

----------- RESPONSE ---------
{"result":"ok"}
----------- END --------------
August 7, 2021, 2:59 pm
----------- DATA -------------
Array
(
    [offerId] => 5876bfb5-5f26-4de9-8784-ec27e3449920
    [fio] => Bryan tenorio
    [phone] => O9319284715
    [email] => admin@admin.com
    [domain] => http://adltnews.com/landers/ph_lim_maxup_cream_sm_12_mens_secrets/limon.php
    [ip] => 110.54.134.140
    [utm_campaign] => 160
    [utm_content] => 5
    [utm_medium] => 
    [utm_source] => SM
    [utm_term] => 
    [clickid] => 46837xiy9sl1m818
    [fbpxl] => 
)

----------- RESPONSE ---------
{"result":"ok"}
----------- END --------------
August 7, 2021, 2:59 pm
----------- DATA -------------
Array
(
    [offerId] => 5876bfb5-5f26-4de9-8784-ec27e3449920
    [fio] => Bryan tenorio
    [phone] => O9319284715
    [email] => admin@admin.com
    [domain] => http://adltnews.com/landers/ph_lim_maxup_cream_sm_12_mens_secrets/limon.php
    [ip] => 110.54.134.140
    [utm_campaign] => 160
    [utm_content] => 5
    [utm_medium] => 
    [utm_source] => SM
    [utm_term] => 
    [clickid] => 46837xiy9sl1m818
    [fbpxl] => 
)

----------- RESPONSE ---------
{"result":"ok"}
----------- END --------------
August 7, 2021, 3:19 pm
----------- DATA -------------
Array
(
    [offerId] => 5876bfb5-5f26-4de9-8784-ec27e3449920
    [fio] => Salvador eddamag
    [phone] => 09517020132
    [email] => admin@admin.com
    [domain] => http://adltnews.com/landers/ph_lim_maxup_cream_sm_12_mens_secrets/limon.php
    [ip] => 131.226.67.103
    [utm_campaign] => 25
    [utm_content] => 3
    [utm_medium] => 
    [utm_source] => SM
    [utm_term] => 
    [clickid] => f43bbxi4k1652a70
    [fbpxl] => 
)

----------- RESPONSE ---------
{"result":"ok"}
----------- END --------------
August 7, 2021, 3:27 pm
----------- DATA -------------
Array
(
    [offerId] => 5876bfb5-5f26-4de9-8784-ec27e3449920
    [fio] => Glenn
    [phone] => 09093698732
    [email] => admin@admin.com
    [domain] => http://adltnews.com/landers/ph_lim_maxup_cream_sm_12_mens_secrets/limon.php
    [ip] => 110.54.224.225
    [utm_campaign] => 160
    [utm_content] => 5
    [utm_medium] => 
    [utm_source] => SM
    [utm_term] => 
    [clickid] => 85943xi4ky9sl3c3
    [fbpxl] => 
)

----------- RESPONSE ---------
{"result":"ok"}
----------- END --------------
August 7, 2021, 3:36 pm
----------- DATA -------------
Array
(
    [offerId] => 5876bfb5-5f26-4de9-8784-ec27e3449920
    [fio] => Mark ercillo
    [phone] => 09385400454
    [email] => admin@admin.com
    [domain] => http://adltnews.com/landers/ph_lim_maxup_cream_sm_12_mens_secrets/limon.php
    [ip] => 110.54.171.45
    [utm_campaign] => 25
    [utm_content] => 3
    [utm_medium] => 
    [utm_source] => SM
    [utm_term] => 
    [clickid] => f9589xi4k8pa0aa9
    [fbpxl] => 
)

----------- RESPONSE ---------
{"result":"ok"}
----------- END --------------
August 7, 2021, 3:41 pm
----------- DATA -------------
Array
(
    [offerId] => 5876bfb5-5f26-4de9-8784-ec27e3449920
    [fio] => christian
    [phone] => 09127573267
    [email] => admin@admin.com
    [domain] => http://adltnews.com/landers/ph_lim_maxup_cream_sm_12_mens_secrets/limon.php
    [ip] => 110.54.178.28
    [utm_campaign] => 160
    [utm_content] => 5
    [utm_medium] => 
    [utm_source] => SM
    [utm_term] => 
    [clickid] => 47fadxi4ke2c849a
    [fbpxl] => 
)

----------- RESPONSE ---------
{"result":"ok"}
----------- END --------------
August 7, 2021, 3:43 pm
----------- DATA -------------
Array
(
    [offerId] => 5876bfb5-5f26-4de9-8784-ec27e3449920
    [fio] => levy podiotan
    [phone] => 09266095354
    [email] => admin@admin.com
    [domain] => http://adltnews.com/landers/ph_lim_maxup_cream_sm_12_mens_secrets/limon.php
    [ip] => 110.54.192.16
    [utm_campaign] => 25
    [utm_content] => 3
    [utm_medium] => 
    [utm_source] => SM
    [utm_term] => 
    [clickid] => 0d85exi4k7slpf08
    [fbpxl] => 
)

----------- RESPONSE ---------
{"result":"ok"}
----------- END --------------
August 7, 2021, 3:48 pm
----------- DATA -------------
Array
(
    [offerId] => 5876bfb5-5f26-4de9-8784-ec27e3449920
    [fio] => Jeffrey yuba
    [phone] => 0926
    [email] => admin@admin.com
    [domain] => http://adltnews.com/landers/ph_lim_maxup_cream_sm_12_mens_secrets/limon.php
    [ip] => 110.54.204.202
    [utm_campaign] => 25
    [utm_content] => 3
    [utm_medium] => 
    [utm_source] => SM
    [utm_term] => 
    [clickid] => 96f91xi4kscgxab1
    [fbpxl] => 
)

----------- RESPONSE ---------
{"result":"ok"}
----------- END --------------
August 7, 2021, 3:48 pm
----------- DATA -------------
Array
(
    [offerId] => 5876bfb5-5f26-4de9-8784-ec27e3449920
    [fio] => Jeffrey yuba
    [phone] => 0926
    [email] => admin@admin.com
    [domain] => http://adltnews.com/landers/ph_lim_maxup_cream_sm_12_mens_secrets/limon.php
    [ip] => 110.54.204.202
    [utm_campaign] => 25
    [utm_content] => 3
    [utm_medium] => 
    [utm_source] => SM
    [utm_term] => 
    [clickid] => 96f91xi4kscgxab1
    [fbpxl] => 
)

----------- RESPONSE ---------
{"result":"ok"}
----------- END --------------
August 7, 2021, 3:48 pm
----------- DATA -------------
Array
(
    [offerId] => 5876bfb5-5f26-4de9-8784-ec27e3449920
    [fio] => Jeffrey yuba
    [phone] => 0926
    [email] => admin@admin.com
    [domain] => http://adltnews.com/landers/ph_lim_maxup_cream_sm_12_mens_secrets/limon.php
    [ip] => 110.54.204.202
    [utm_campaign] => 25
    [utm_content] => 3
    [utm_medium] => 
    [utm_source] => SM
    [utm_term] => 
    [clickid] => 96f91xi4kscgxab1
    [fbpxl] => 
)

----------- RESPONSE ---------
{"result":"ok"}
----------- END --------------
August 7, 2021, 3:48 pm
----------- DATA -------------
Array
(
    [offerId] => 5876bfb5-5f26-4de9-8784-ec27e3449920
    [fio] => Jhonlee max
    [phone] => 09757197085
    [email] => admin@admin.com
    [domain] => http://adltnews.com/landers/ph_lim_maxup_cream_sm_12_mens_secrets/limon.php
    [ip] => 119.93.207.176
    [utm_campaign] => 160
    [utm_content] => 5
    [utm_medium] => 
    [utm_source] => SM
    [utm_term] => 
    [clickid] => 04d8cxi4k1mhqd5a
    [fbpxl] => 
)

----------- RESPONSE ---------
{"result":"ok"}
----------- END --------------
August 7, 2021, 3:49 pm
----------- DATA -------------
Array
(
    [offerId] => 5876bfb5-5f26-4de9-8784-ec27e3449920
    [fio] => ernest lowie penA
    [phone] => 9053489920
    [email] => admin@admin.com
    [domain] => http://adltnews.com/landers/ph_lim_maxup_cream_sm_12_mens_secrets/limon.php
    [ip] => 182.18.228.221
    [utm_campaign] => 160
    [utm_content] => 5
    [utm_medium] => 
    [utm_source] => SM
    [utm_term] => 
    [clickid] => 15ba8xi4kp2k2460
    [fbpxl] => 
)

----------- RESPONSE ---------
{"result":"ok"}
----------- END --------------
August 7, 2021, 3:53 pm
----------- DATA -------------
Array
(
    [offerId] => 5876bfb5-5f26-4de9-8784-ec27e3449920
    [fio] => Jose jumbo roque jr
    [phone] => 09318572873
    [email] => admin@admin.com
    [domain] => http://adltnews.com/landers/ph_lim_maxup_cream_sm_12_mens_secrets/limon.php
    [ip] => 131.226.67.39
    [utm_campaign] => 160
    [utm_content] => 5
    [utm_medium] => 
    [utm_source] => SM
    [utm_term] => 
    [clickid] => 1eed1xi4ktlbz5d1
    [fbpxl] => 
)

----------- RESPONSE ---------
{"result":"ok"}
----------- END --------------
August 7, 2021, 3:56 pm
----------- DATA -------------
Array
(
    [offerId] => 5876bfb5-5f26-4de9-8784-ec27e3449920
    [fio] => Reynaldo Talisic
    [phone] => 09128814637
    [email] => admin@admin.com
    [domain] => http://adltnews.com/landers/ph_lim_maxup_cream_sm_12_mens_secrets/limon.php
    [ip] => 110.54.185.242
    [utm_campaign] => 25
    [utm_content] => 3
    [utm_medium] => 
    [utm_source] => SM
    [utm_term] => 
    [clickid] => 0ce0dxi4kxi8p72a
    [fbpxl] => 
)

----------- RESPONSE ---------
{"result":"ok"}
----------- END --------------
August 7, 2021, 3:59 pm
----------- DATA -------------
Array
(
    [offerId] => 5876bfb5-5f26-4de9-8784-ec27e3449920
    [fio] => Edward lee
    [phone] => 09387215504
    [email] => admin@admin.com
    [domain] => http://adltnews.com/landers/ph_lim_maxup_cream_sm_12_mens_secrets/limon.php
    [ip] => 203.189.119.50
    [utm_campaign] => 160
    [utm_content] => 5
    [utm_medium] => 
    [utm_source] => SM
    [utm_term] => 
    [clickid] => 2b8ccxi4kfyrn1d3
    [fbpxl] => 
)

----------- RESPONSE ---------
{"result":"ok"}
----------- END --------------
August 7, 2021, 4:02 pm
----------- DATA -------------
Array
(
    [offerId] => 5876bfb5-5f26-4de9-8784-ec27e3449920
    [fio] => Joelito Fullante
    [phone] => 09669770739
    [email] => admin@admin.com
    [domain] => http://adltnews.com/landers/ph_lim_maxup_cream_sm_12_mens_secrets/limon.php
    [ip] => 110.54.176.63
    [utm_campaign] => 160
    [utm_content] => 5
    [utm_medium] => 
    [utm_source] => SM
    [utm_term] => 
    [clickid] => 86c83xi4k4p8peb9
    [fbpxl] => 
)

----------- RESPONSE ---------
{"result":"ok"}
----------- END --------------
August 7, 2021, 4:09 pm
----------- DATA -------------
Array
(
    [offerId] => 5876bfb5-5f26-4de9-8784-ec27e3449920
    [fio] => Kirbey
    [phone] => 09061369825
    [email] => admin@admin.com
    [domain] => http://adltnews.com/landers/ph_lim_maxup_cream_sm_12_mens_secrets/limon.php
    [ip] => 2001:4455:121:f900:527:aa75:37e8:3a39
    [utm_campaign] => 22
    [utm_content] => 5
    [utm_medium] => 
    [utm_source] => SM
    [utm_term] => 
    [clickid] => 27cdaxitw2tfyd42
    [fbpxl] => 
)

----------- RESPONSE ---------
{"result":"ok"}
----------- END --------------
August 7, 2021, 4:13 pm
----------- DATA -------------
Array
(
    [offerId] => 5876bfb5-5f26-4de9-8784-ec27e3449920
    [fio] => Elvin
    [phone] => 09455084855
    [email] => admin@admin.com
    [domain] => http://adltnews.com/landers/ph_lim_maxup_cream_sm_12_mens_secrets/limon.php
    [ip] => 122.3.109.209
    [utm_campaign] => 22
    [utm_content] => 5
    [utm_medium] => 
    [utm_source] => SM
    [utm_term] => 
    [clickid] => b02f1xitw17a4367
    [fbpxl] => 
)

----------- RESPONSE ---------
{"result":"ok"}
----------- END --------------
August 7, 2021, 4:14 pm
----------- DATA -------------
Array
(
    [offerId] => 5876bfb5-5f26-4de9-8784-ec27e3449920
    [fio] => edriy
    [phone] => 09475401590
    [email] => admin@admin.com
    [domain] => http://adltnews.com/landers/ph_lim_maxup_cream_sm_12_mens_secrets/limon.php
    [ip] => 175.176.19.30
    [utm_campaign] => 25
    [utm_content] => 3
    [utm_medium] => 
    [utm_source] => SM
    [utm_term] => 
    [clickid] => 41542xitw523zedf
    [fbpxl] => 
)

----------- RESPONSE ---------
{"result":"ok"}
----------- END --------------
August 7, 2021, 4:18 pm
----------- DATA -------------
Array
(
    [offerId] => 5876bfb5-5f26-4de9-8784-ec27e3449920
    [fio] => Bernie
    [phone] => 09128230977
    [email] => admin@admin.com
    [domain] => http://adltnews.com/landers/ph_lim_maxup_cream_sm_12_mens_secrets/limon.php
    [ip] => 112.198.70.24
    [utm_campaign] => 25
    [utm_content] => 3
    [utm_medium] => 
    [utm_source] => SM
    [utm_term] => 
    [clickid] => 880a6xitwwfvcc2c
    [fbpxl] => 
)

----------- RESPONSE ---------
{"result":"ok"}
----------- END --------------
August 7, 2021, 4:18 pm
----------- DATA -------------
Array
(
    [offerId] => 5876bfb5-5f26-4de9-8784-ec27e3449920
    [fio] => Adzizgumandel
    [phone] => 09364189647
    [email] => admin@admin.com
    [domain] => http://adltnews.com/landers/ph_lim_maxup_cream_sm_12_mens_secrets/limon.php
    [ip] => 2001:4455:29a:c900:e09b:b44d:844f:26c5
    [utm_campaign] => 25
    [utm_content] => 3
    [utm_medium] => 
    [utm_source] => SM
    [utm_term] => 
    [clickid] => 496f5xitwh91ze22
    [fbpxl] => 
)

----------- RESPONSE ---------
{"result":"ok"}
----------- END --------------
August 7, 2021, 4:21 pm
----------- DATA -------------
Array
(
    [offerId] => 5876bfb5-5f26-4de9-8784-ec27e3449920
    [fio] => Jhun villarin
    [phone] => 09065392625
    [email] => admin@admin.com
    [domain] => http://adltnews.com/landers/ph_lim_maxup_cream_sm_12_mens_secrets/limon.php
    [ip] => 49.145.38.194
    [utm_campaign] => 25
    [utm_content] => 3
    [utm_medium] => 
    [utm_source] => SM
    [utm_term] => 
    [clickid] => 5336cxitwa63z21f
    [fbpxl] => 
)

----------- RESPONSE ---------
{"result":"ok"}
----------- END --------------
August 7, 2021, 4:33 pm
----------- DATA -------------
Array
(
    [offerId] => 5876bfb5-5f26-4de9-8784-ec27e3449920
    [fio] => Christian
    [phone] => 09279769099
    [email] => admin@admin.com
    [domain] => http://adltnews.com/landers/ph_lim_maxup_cream_sm_12_mens_secrets/limon.php
    [ip] => 180.190.155.242
    [utm_campaign] => 160
    [utm_content] => 5
    [utm_medium] => 
    [utm_source] => SM
    [utm_term] => 
    [clickid] => feceexitwuohq202
    [fbpxl] => 
)

----------- RESPONSE ---------
{"result":"ok"}
----------- END --------------
August 7, 2021, 4:34 pm
----------- DATA -------------
Array
(
    [offerId] => 5876bfb5-5f26-4de9-8784-ec27e3449920
    [fio] => Christian
    [phone] => 09279769099
    [email] => admin@admin.com
    [domain] => http://adltnews.com/landers/ph_lim_maxup_cream_sm_12_mens_secrets/limon.php
    [ip] => 180.190.155.242
    [utm_campaign] => 160
    [utm_content] => 5
    [utm_medium] => 
    [utm_source] => SM
    [utm_term] => 
    [clickid] => feceexitwuohq202
    [fbpxl] => 
)

----------- RESPONSE ---------
{"result":"ok"}
----------- END --------------
August 7, 2021, 4:42 pm
----------- DATA -------------
Array
(
    [offerId] => 5876bfb5-5f26-4de9-8784-ec27e3449920
    [fio] => rico pesanon
    [phone] => +639923840538
    [email] => admin@admin.com
    [domain] => http://adltnews.com/landers/ph_lim_maxup_cream_sm_12_mens_secrets/limon.php
    [ip] => 180.190.170.99
    [utm_campaign] => 22
    [utm_content] => 5
    [utm_medium] => 
    [utm_source] => SM
    [utm_term] => 
    [clickid] => ca441xiwfa5sl217
    [fbpxl] => 
)

----------- RESPONSE ---------
{"result":"ok"}
----------- END --------------
August 7, 2021, 4:46 pm
----------- DATA -------------
Array
(
    [offerId] => 5876bfb5-5f26-4de9-8784-ec27e3449920
    [fio] => rico pesanon
    [phone] => +639923840538
    [email] => admin@admin.com
    [domain] => http://adltnews.com/landers/ph_lim_maxup_cream_sm_12_mens_secrets/limon.php
    [ip] => 180.190.170.99
    [utm_campaign] => 22
    [utm_content] => 5
    [utm_medium] => 
    [utm_source] => SM
    [utm_term] => 
    [clickid] => ca441xiwfa5sl217
    [fbpxl] => 
)

----------- RESPONSE ---------
{"result":"ok"}
----------- END --------------
August 7, 2021, 4:47 pm
----------- DATA -------------
Array
(
    [offerId] => 5876bfb5-5f26-4de9-8784-ec27e3449920
    [fio] => rico pesanon
    [phone] => +639923840538
    [email] => admin@admin.com
    [domain] => http://adltnews.com/landers/ph_lim_maxup_cream_sm_12_mens_secrets/limon.php
    [ip] => 180.190.170.99
    [utm_campaign] => 22
    [utm_content] => 5
    [utm_medium] => 
    [utm_source] => SM
    [utm_term] => 
    [clickid] => ca441xiwfa5sl217
    [fbpxl] => 
)

----------- RESPONSE ---------
{"result":"ok"}
----------- END --------------
August 7, 2021, 4:49 pm
----------- DATA -------------
Array
(
    [offerId] => 5876bfb5-5f26-4de9-8784-ec27e3449920
    [fio] => Janny
    [phone] => 0975718068
    [email] => admin@admin.com
    [domain] => http://adltnews.com/landers/ph_lim_maxup_cream_sm_12_mens_secrets/limon.php
    [ip] => 110.54.211.129
    [utm_campaign] => 160
    [utm_content] => 5
    [utm_medium] => 
    [utm_source] => SM
    [utm_term] => 
    [clickid] => c5a93xiwfqdbg480
    [fbpxl] => 
)

----------- RESPONSE ---------
{"result":"ok"}
----------- END --------------
August 7, 2021, 5:02 pm
----------- DATA -------------
Array
(
    [offerId] => 5876bfb5-5f26-4de9-8784-ec27e3449920
    [fio] => Jerryboy
    [phone] => 09553604521
    [email] => admin@admin.com
    [domain] => http://adltnews.com/landers/ph_lim_maxup_cream_sm_12_mens_secrets/limon.php
    [ip] => 110.54.170.208
    [utm_campaign] => 25
    [utm_content] => 3
    [utm_medium] => 
    [utm_source] => SM
    [utm_term] => 
    [clickid] => fb30dxiwf1mir191
    [fbpxl] => 
)

----------- RESPONSE ---------
{"result":"ok"}
----------- END --------------
August 7, 2021, 5:03 pm
----------- DATA -------------
Array
(
    [offerId] => 5876bfb5-5f26-4de9-8784-ec27e3449920
    [fio] => Rollen catandijan 
    [phone] => 09056624070
    [email] => admin@admin.com
    [domain] => http://adltnews.com/landers/ph_lim_maxup_cream_sm_12_mens_secrets/limon.php
    [ip] => 112.198.71.139
    [utm_campaign] => 160
    [utm_content] => 5
    [utm_medium] => 
    [utm_source] => SM
    [utm_term] => 
    [clickid] => 8b6eaxiwfc8xs334
    [fbpxl] => 
)

----------- RESPONSE ---------
{"result":"ok"}
----------- END --------------
August 7, 2021, 5:23 pm
----------- DATA -------------
Array
(
    [offerId] => 5876bfb5-5f26-4de9-8784-ec27e3449920
    [fio] => magno yaan
    [phone] => 09061084823
    [email] => admin@admin.com
    [domain] => http://adltnews.com/landers/ph_lim_maxup_cream_sm_12_mens_secrets/limon.php
    [ip] => 110.54.134.215
    [utm_campaign] => 25
    [utm_content] => 3
    [utm_medium] => 
    [utm_source] => SM
    [utm_term] => 
    [clickid] => 9b952xiwf157se53
    [fbpxl] => 
)

----------- RESPONSE ---------
{"result":"ok"}
----------- END --------------
August 7, 2021, 5:52 pm
----------- DATA -------------
Array
(
    [offerId] => 5876bfb5-5f26-4de9-8784-ec27e3449920
    [fio] => Butch
    [phone] => 09614724255
    [email] => admin@admin.com
    [domain] => http://adltnews.com/landers/ph_lim_maxup_cream_sm_12_mens_secrets/limon.php
    [ip] => 2001:4452:4ce:7a00:441c:22c8:ce3d:a481
    [utm_campaign] => 22
    [utm_content] => 5
    [utm_medium] => 
    [utm_source] => SM
    [utm_term] => 
    [clickid] => 41b86xib47vbg5ac
    [fbpxl] => 
)

----------- RESPONSE ---------
{"result":"ok"}
----------- END --------------
August 7, 2021, 6:10 pm
----------- DATA -------------
Array
(
    [offerId] => 5876bfb5-5f26-4de9-8784-ec27e3449920
    [fio] => Romeo
    [phone] => O9633809564
    [email] => admin@admin.com
    [domain] => http://adltnews.com/landers/ph_lim_maxup_cream_sm_12_mens_secrets/limon.php
    [ip] => 175.176.60.100
    [utm_campaign] => 160
    [utm_content] => 5
    [utm_medium] => 
    [utm_source] => SM
    [utm_term] => 
    [clickid] => 55575xib4j23v736
    [fbpxl] => 
)

----------- RESPONSE ---------
{"result":"ok"}
----------- END --------------
August 7, 2021, 6:55 pm
----------- DATA -------------
Array
(
    [offerId] => 5876bfb5-5f26-4de9-8784-ec27e3449920
    [fio] => Jeric
    [phone] => 09161144223
    [email] => admin@admin.com
    [domain] => http://adltnews.com/landers/ph_lim_maxup_cream_sm_12_mens_secrets/limon.php
    [ip] => 110.54.191.68
    [utm_campaign] => 160
    [utm_content] => 5
    [utm_medium] => 
    [utm_source] => SM
    [utm_term] => 
    [clickid] => 472e4xighhoa993f
    [fbpxl] => 
)

----------- RESPONSE ---------
{"result":"ok"}
----------- END --------------
August 7, 2021, 7:58 pm
----------- DATA -------------
Array
(
    [offerId] => 5876bfb5-5f26-4de9-8784-ec27e3449920
    [fio] => Ace vergel
    [phone] => 09518703854
    [email] => admin@admin.com
    [domain] => http://adltnews.com/landers/ph_lim_maxup_cream_sm_12_mens_secrets/limon.php
    [ip] => 2001:4453:6c5:5000:64db:b85c:c21d:845b
    [utm_campaign] => 160
    [utm_content] => 5
    [utm_medium] => 
    [utm_source] => SM
    [utm_term] => 
    [clickid] => c66b1xixontfv4eb
    [fbpxl] => 
)

----------- RESPONSE ---------
{"result":"ok"}
----------- END --------------
August 7, 2021, 8:12 pm
----------- DATA -------------
Array
(
    [offerId] => 5876bfb5-5f26-4de9-8784-ec27e3449920
    [fio] => Alfred
    [phone] => 09678296626
    [email] => admin@admin.com
    [domain] => http://adltnews.com/landers/ph_lim_maxup_cream_sm_12_mens_secrets/limon.php
    [ip] => 110.54.170.127
    [utm_campaign] => 160
    [utm_content] => 5
    [utm_medium] => 
    [utm_source] => SM
    [utm_term] => 
    [clickid] => cc8c8xixoghbg8df
    [fbpxl] => 
)

----------- RESPONSE ---------
{"result":"ok"}
----------- END --------------
August 7, 2021, 9:05 pm
----------- DATA -------------
Array
(
    [offerId] => 5876bfb5-5f26-4de9-8784-ec27e3449920
    [fio] => Froy napoles
    [phone] => 09555086403
    [email] => admin@admin.com
    [domain] => http://adltnews.com/landers/ph_lim_maxup_cream_sm_12_mens_secrets/limon.php
    [ip] => 136.158.59.129
    [utm_campaign] => 160
    [utm_content] => 5
    [utm_medium] => 
    [utm_source] => SM
    [utm_term] => 
    [clickid] => a8dd2xik2irwh62b
    [fbpxl] => 
)

----------- RESPONSE ---------
{"result":"ok"}
----------- END --------------
August 7, 2021, 9:38 pm
----------- DATA -------------
Array
(
    [offerId] => 5876bfb5-5f26-4de9-8784-ec27e3449920
    [fio] => Ronnie
    [phone] => 09657436692
    [email] => admin@admin.com
    [domain] => http://adltnews.com/landers/ph_lim_maxup_cream_sm_12_mens_secrets/limon.php
    [ip] => 110.54.142.248
    [utm_campaign] => 160
    [utm_content] => 5
    [utm_medium] => 
    [utm_source] => SM
    [utm_term] => 
    [clickid] => 4c719xik2bga72ef
    [fbpxl] => 
)

----------- RESPONSE ---------
{"result":"ok"}
----------- END --------------
August 7, 2021, 9:56 pm
----------- DATA -------------
Array
(
    [offerId] => 5876bfb5-5f26-4de9-8784-ec27e3449920
    [fio] => Ronie
    [phone] => 09281578649
    [email] => admin@admin.com
    [domain] => http://adltnews.com/landers/ph_lim_maxup_cream_sm_12_mens_secrets/limon.php
    [ip] => 49.145.1.31
    [utm_campaign] => 160
    [utm_content] => 5
    [utm_medium] => 
    [utm_source] => SM
    [utm_term] => 
    [clickid] => 39af2xik2qqft346
    [fbpxl] => 
)

----------- RESPONSE ---------
{"result":"ok"}
----------- END --------------
August 7, 2021, 10:10 pm
----------- DATA -------------
Array
(
    [offerId] => 5876bfb5-5f26-4de9-8784-ec27e3449920
    [fio] => Ace Vincent geagoni
    [phone] => 09514266710
    [email] => admin@admin.com
    [domain] => http://adltnews.com/landers/ph_lim_maxup_cream_sm_12_mens_secrets/limon.php
    [ip] => 120.28.229.120
    [utm_campaign] => 22
    [utm_content] => 5
    [utm_medium] => 
    [utm_source] => SM
    [utm_term] => 
    [clickid] => 24a20xi7sq51m965
    [fbpxl] => 
)

----------- RESPONSE ---------
{"result":"ok"}
----------- END --------------
August 7, 2021, 10:20 pm
----------- DATA -------------
Array
(
    [offerId] => 5876bfb5-5f26-4de9-8784-ec27e3449920
    [fio] => Ace Vincent geagoni
    [phone] => 09514266710
    [email] => admin@admin.com
    [domain] => http://adltnews.com/landers/ph_lim_maxup_cream_sm_12_mens_secrets/limon.php
    [ip] => 120.28.229.120
    [utm_campaign] => 22
    [utm_content] => 5
    [utm_medium] => 
    [utm_source] => SM
    [utm_term] => 
    [clickid] => f7088xi7snt9l08f
    [fbpxl] => 
)

----------- RESPONSE ---------
{"result":"ok"}
----------- END --------------
August 7, 2021, 10:47 pm
----------- DATA -------------
Array
(
    [offerId] => 5876bfb5-5f26-4de9-8784-ec27e3449920
    [fio] => Cesar agripo
    [phone] => 09385780222
    [email] => admin@admin.com
    [domain] => http://adltnews.com/landers/ph_lim_maxup_cream_sm_12_mens_secrets/limon.php
    [ip] => 112.198.99.12
    [utm_campaign] => 25
    [utm_content] => 3
    [utm_medium] => 
    [utm_source] => SM
    [utm_term] => 
    [clickid] => 81e9fxi7szwa8fa1
    [fbpxl] => 
)

----------- RESPONSE ---------
{"result":"ok"}
----------- END --------------
August 7, 2021, 10:48 pm
----------- DATA -------------
Array
(
    [offerId] => 5876bfb5-5f26-4de9-8784-ec27e3449920
    [fio] => Kenneth
    [phone] => 09302851667
    [email] => admin@admin.com
    [domain] => http://adltnews.com/landers/ph_lim_maxup_cream_sm_12_mens_secrets/limon.php
    [ip] => 124.83.53.212
    [utm_campaign] => 160
    [utm_content] => 5
    [utm_medium] => 
    [utm_source] => SM
    [utm_term] => 
    [clickid] => b985cxi7shoxrcac
    [fbpxl] => 
)

----------- RESPONSE ---------
{"result":"ok"}
----------- END --------------
August 7, 2021, 10:50 pm
----------- DATA -------------
Array
(
    [offerId] => 5876bfb5-5f26-4de9-8784-ec27e3449920
    [fio] =>  Renato,bautista
    [phone] => 09632256607
    [email] => admin@admin.com
    [domain] => http://adltnews.com/landers/ph_lim_maxup_cream_sm_12_mens_secrets/limon.php
    [ip] => 136.158.3.53
    [utm_campaign] => 160
    [utm_content] => 5
    [utm_medium] => 
    [utm_source] => SM
    [utm_term] => 
    [clickid] => 4ca06xi7sxig553f
    [fbpxl] => 
)

----------- RESPONSE ---------
{"result":"ok"}
----------- END --------------
August 7, 2021, 11:19 pm
----------- DATA -------------
Array
(
    [offerId] => 5876bfb5-5f26-4de9-8784-ec27e3449920
    [fio] => mike clarido
    [phone] => 09068241157
    [email] => admin@admin.com
    [domain] => http://adltnews.com/landers/ph_lim_maxup_cream_sm_12_mens_secrets/limon.php
    [ip] => 110.54.205.227
    [utm_campaign] => 25
    [utm_content] => 3
    [utm_medium] => 
    [utm_source] => SM
    [utm_term] => 
    [clickid] => 545f2xiqea0xi031
    [fbpxl] => 
)

----------- RESPONSE ---------
{"result":"ok"}
----------- END --------------
August 7, 2021, 11:30 pm
----------- DATA -------------
Array
(
    [offerId] => 5876bfb5-5f26-4de9-8784-ec27e3449920
    [fio] => Ricky
    [phone] => 09168775954
    [email] => admin@admin.com
    [domain] => http://adltnews.com/landers/ph_lim_maxup_cream_sm_12_mens_secrets/limon.php
    [ip] => 110.54.206.218
    [utm_campaign] => 25
    [utm_content] => 3
    [utm_medium] => 
    [utm_source] => SM
    [utm_term] => 
    [clickid] => a4021xi7sqq4k853
    [fbpxl] => 
)

----------- RESPONSE ---------
{"result":"ok"}
----------- END --------------
August 7, 2021, 11:33 pm
----------- DATA -------------
Array
(
    [offerId] => 5876bfb5-5f26-4de9-8784-ec27e3449920
    [fio] => Jerry A.Tubban
    [phone] => CP#:09100986390
    [email] => admin@admin.com
    [domain] => http://adltnews.com/landers/ph_lim_maxup_cream_sm_12_mens_secrets/limon.php
    [ip] => 175.176.3.192
    [utm_campaign] => 160
    [utm_content] => 5
    [utm_medium] => 
    [utm_source] => SM
    [utm_term] => 
    [clickid] => f19c2xiqegx15f66
    [fbpxl] => 
)

----------- RESPONSE ---------
{"result":"ok"}
----------- END --------------
August 7, 2021, 11:39 pm
----------- DATA -------------
Array
(
    [offerId] => 5876bfb5-5f26-4de9-8784-ec27e3449920
    [fio] => Jong gunzales
    [phone] => 09659525214
    [email] => admin@admin.com
    [domain] => http://adltnews.com/landers/ph_lim_maxup_cream_sm_12_mens_secrets/limon.php
    [ip] => 110.54.175.193
    [utm_campaign] => 25
    [utm_content] => 3
    [utm_medium] => 
    [utm_source] => SM
    [utm_term] => 
    [clickid] => b89a7xiqehepmb01
    [fbpxl] => 
)

----------- RESPONSE ---------
{"result":"ok"}
----------- END --------------
