August 27, 2021, 1:52 am
----------- DATA -------------
Array
(
    [offerId] => 5876bfb5-5f26-4de9-8784-ec27e3449920
    [fio] => Harley
    [phone] => 09293172785
    [email] => admin@admin.com
    [domain] => http://adltmedia.com/landers/ph_lim_maxup_cream_sm_12_mens_secrets/limon.php
    [ip] => 49.151.47.204
    [utm_campaign] => 762
    [utm_content] => 28
    [utm_medium] => 
    [utm_source] => SM
    [utm_term] => 
    [clickid] => 289f9zwg6scwh6e7
    [fbpxl] => 
)

----------- RESPONSE ---------
{"result":"ok"}
----------- END --------------
August 27, 2021, 2:41 am
----------- DATA -------------
Array
(
    [offerId] => 5876bfb5-5f26-4de9-8784-ec27e3449920
    [fio] => REYNALD LAVA
    [phone] => 09973028574
    [email] => admin@admin.com
    [domain] => http://adltnews.com/landers/ph_lim_maxup_cream_sm_12_mens_secrets/limon.php
    [ip] => 110.54.187.100
    [utm_campaign] => 22
    [utm_content] => 5
    [utm_medium] => 
    [utm_source] => SM
    [utm_term] => 
    [clickid] => 36585zwe8usa9912
    [fbpxl] => 
)

----------- RESPONSE ---------
{"result":"ok"}
----------- END --------------
August 27, 2021, 3:35 am
----------- DATA -------------
Array
(
    [offerId] => 5876bfb5-5f26-4de9-8784-ec27e3449920
    [fio] => Benedicto  Serrano
    [phone] => Glo
    [email] => admin@admin.com
    [domain] => http://adltmedia.com/landers/ph_lim_maxup_cream_sm_12_mens_secrets/limon.php
    [ip] => 110.54.209.196
    [utm_campaign] => 762
    [utm_content] => 28
    [utm_medium] => 
    [utm_source] => SM
    [utm_term] => 
    [clickid] => 162e5zwe8zw1z85c
    [fbpxl] => 
)

----------- RESPONSE ---------
{"result":"ok"}
----------- END --------------
August 27, 2021, 3:36 am
----------- DATA -------------
Array
(
    [offerId] => 5876bfb5-5f26-4de9-8784-ec27e3449920
    [fio] => Benedicto  Serrano
    [phone] => Glo
    [email] => admin@admin.com
    [domain] => http://adltmedia.com/landers/ph_lim_maxup_cream_sm_12_mens_secrets/limon.php
    [ip] => 110.54.209.196
    [utm_campaign] => 762
    [utm_content] => 28
    [utm_medium] => 
    [utm_source] => SM
    [utm_term] => 
    [clickid] => 2b27ezwe8x9hq319
    [fbpxl] => 
)

----------- RESPONSE ---------
{"result":"ok"}
----------- END --------------
August 27, 2021, 4:13 am
----------- DATA -------------
Array
(
    [offerId] => 5876bfb5-5f26-4de9-8784-ec27e3449920
    [fio] => Joel bumidang
    [phone] => 09077342013
    [email] => admin@admin.com
    [domain] => http://adltnews.com/landers/ph_lim_maxup_cream_sm_12_mens_secrets/limon.php
    [ip] => 175.176.5.132
    [utm_campaign] => 22
    [utm_content] => 5
    [utm_medium] => 
    [utm_source] => SM
    [utm_term] => 
    [clickid] => be112zwqna8twdca
    [fbpxl] => 
)

----------- RESPONSE ---------
{"result":"ok"}
----------- END --------------
August 27, 2021, 4:47 am
----------- DATA -------------
Array
(
    [offerId] => 5876bfb5-5f26-4de9-8784-ec27e3449920
    [fio] => Mark
    [phone] => 09517058286
    [email] => admin@admin.com
    [domain] => http://adltmedia.com/landers/ph_lim_maxup_cream_sm_12_mens_secrets/limon.php
    [ip] => 112.201.183.160
    [utm_campaign] => 762
    [utm_content] => 28
    [utm_medium] => 
    [utm_source] => SM
    [utm_term] => 
    [clickid] => 3e15ezwqn5mwf9cb
    [fbpxl] => 
)

----------- RESPONSE ---------
{"result":"ok"}
----------- END --------------
August 27, 2021, 4:48 am
----------- DATA -------------
Array
(
    [offerId] => 5876bfb5-5f26-4de9-8784-ec27e3449920
    [fio] => Mark
    [phone] => 09517058286
    [email] => admin@admin.com
    [domain] => http://adltmedia.com/landers/ph_lim_maxup_cream_sm_12_mens_secrets/limon.php
    [ip] => 112.201.183.160
    [utm_campaign] => 762
    [utm_content] => 28
    [utm_medium] => 
    [utm_source] => SM
    [utm_term] => 
    [clickid] => 3e15ezwqn5mwf9cb
    [fbpxl] => 
)

----------- RESPONSE ---------
{"result":"ok"}
----------- END --------------
August 27, 2021, 5:12 am
----------- DATA -------------
Array
(
    [offerId] => 5876bfb5-5f26-4de9-8784-ec27e3449920
    [fio] => Darylle laureano
    [phone] => 09484612294
    [email] => admin@admin.com
    [domain] => http://adltmedia.com/landers/ph_lim_maxup_cream_sm_12_mens_secrets/limon.php
    [ip] => 120.28.245.79
    [utm_campaign] => 762
    [utm_content] => 28
    [utm_medium] => 
    [utm_source] => SM
    [utm_term] => 
    [clickid] => 78a92zwqn1mgm4a5
    [fbpxl] => 
)

----------- RESPONSE ---------
{"result":"ok"}
----------- END --------------
August 27, 2021, 6:07 am
----------- DATA -------------
Array
(
    [offerId] => 5876bfb5-5f26-4de9-8784-ec27e3449920
    [fio] => Mark
    [phone] => 09676422498
    [email] => admin@admin.com
    [domain] => http://adltnews.com/landers/ph_lim_maxup_cream_sm_12_mens_secrets/limon.php
    [ip] => 124.107.121.194
    [utm_campaign] => 22
    [utm_content] => 5
    [utm_medium] => 
    [utm_source] => SM
    [utm_term] => 
    [clickid] => 7d541zwqqhe8p2ec
    [fbpxl] => 
)

----------- RESPONSE ---------
{"result":"ok"}
----------- END --------------
August 27, 2021, 6:26 am
----------- DATA -------------
Array
(
    [offerId] => 5876bfb5-5f26-4de9-8784-ec27e3449920
    [fio] => Jesus De Leon
    [phone] => 09677643958
    [email] => admin@admin.com
    [domain] => http://adltmedia.com/landers/ph_lim_maxup_cream_sm_12_mens_secrets/limon.php
    [ip] => 49.151.54.32
    [utm_campaign] => 762
    [utm_content] => 28
    [utm_medium] => 
    [utm_source] => SM
    [utm_term] => 
    [clickid] => 22d19zwqqxo1n12a
    [fbpxl] => 
)

----------- RESPONSE ---------
{"result":"ok"}
----------- END --------------
August 27, 2021, 6:28 am
----------- DATA -------------
Array
(
    [offerId] => 5876bfb5-5f26-4de9-8784-ec27e3449920
    [fio] => Jopy basay 
    [phone] => 09261518108
    [email] => admin@admin.com
    [domain] => http://adltnews.com/landers/ph_lim_maxup_cream_sm_12_mens_secrets/limon.php
    [ip] => 110.54.200.120
    [utm_campaign] => 22
    [utm_content] => 5
    [utm_medium] => 
    [utm_source] => SM
    [utm_term] => 
    [clickid] => 0f8cczwqqfta8f7e
    [fbpxl] => 
)

----------- RESPONSE ---------
{"result":"ok"}
----------- END --------------
