December 9, 2021, 1:31 am
----------- DATA -------------
Array
(
    [offerId] => 9c4fe23b-37ea-4954-945b-29067b0d5c0e
    [fio] => Richard amiga barillo
    [phone] => +639475976129
    [email] => admin@admin.com
    [domain] => http://enlargene.com/landers/fa04a42719/61a5f0eca1d6e/limon.php
    [ip] => 103.214.14.184
    [utm_campaign] => 920
    [utm_content] => 42
    [utm_medium] => 
    [utm_source] => SM
    [utm_term] => 
    [clickid] => b655eg6hoocfvdf2
    [fbpxl] => 
)

----------- RESPONSE ---------
{"result":"ok"}
----------- END --------------
December 9, 2021, 8:33 am
----------- DATA -------------
Array
(
    [offerId] => 9c4fe23b-37ea-4954-945b-29067b0d5c0e
    [fio] => regie
    [phone] => 09169833978
    [email] => admin@admin.com
    [domain] => http://enlargene.com/landers/fa04a42719/61a5f0eca1d6e/limon.php
    [ip] => 110.54.151.65
    [utm_campaign] => 919
    [utm_content] => 42
    [utm_medium] => 
    [utm_source] => SM
    [utm_term] => 
    [clickid] => cd93cg6uoyd3z82d
    [fbpxl] => 
)

----------- RESPONSE ---------
{"result":"ok"}
----------- END --------------
December 9, 2021, 10:09 am
----------- DATA -------------
Array
(
    [offerId] => 9c4fe23b-37ea-4954-945b-29067b0d5c0e
    [fio] => junner carlito
    [phone] => 09558433767
    [email] => admin@admin.com
    [domain] => http://enlargene.com/landers/fa04a42719/61a5f0eca1d6e/limon.php
    [ip] => 110.54.224.76
    [utm_campaign] => 919
    [utm_content] => 42
    [utm_medium] => 
    [utm_source] => SM
    [utm_term] => 
    [clickid] => f127dg6ib7shq107
    [fbpxl] => 
)

----------- RESPONSE ---------
{"result":"ok"}
----------- END --------------
December 9, 2021, 12:43 pm
----------- DATA -------------
Array
(
    [offerId] => 9c4fe23b-37ea-4954-945b-29067b0d5c0e
    [fio] => Jomar
    [phone] => 09065561386
    [email] => admin@admin.com
    [domain] => http://enlargene.com/landers/fa04a42719/61a5f0eca1d6e/limon.php
    [ip] => 110.54.144.151
    [utm_campaign] => 920
    [utm_content] => 42
    [utm_medium] => 
    [utm_source] => SM
    [utm_term] => 
    [clickid] => 511fbg64p8rb41f5
    [fbpxl] => 
)

----------- RESPONSE ---------
{"result":"ok"}
----------- END --------------
December 9, 2021, 12:44 pm
----------- DATA -------------
Array
(
    [offerId] => 9c4fe23b-37ea-4954-945b-29067b0d5c0e
    [fio] => Jomar
    [phone] => 09065561386
    [email] => admin@admin.com
    [domain] => http://enlargene.com/landers/fa04a42719/61a5f0eca1d6e/limon.php
    [ip] => 110.54.144.151
    [utm_campaign] => 920
    [utm_content] => 42
    [utm_medium] => 
    [utm_source] => SM
    [utm_term] => 
    [clickid] => 511fbg64p8rb41f5
    [fbpxl] => 
)

----------- RESPONSE ---------
{"result":"ok"}
----------- END --------------
