December 6, 2021, 7:30 am
----------- DATA -------------
Array
(
    [offerId] => 9c4fe23b-37ea-4954-945b-29067b0d5c0e
    [fio] => Baron Patrick villamayor teodoro
    [phone] => 09665919060
    [email] => admin@admin.com
    [domain] => http://enlargene.com/landers/fa04a42719/61a5f0eca1d6e/limon.php
    [ip] => 180.190.146.132
    [utm_campaign] => 920
    [utm_content] => 42
    [utm_medium] => 
    [utm_source] => SM
    [utm_term] => 
    [clickid] => 1a3dfsllpuqxs797
    [fbpxl] => 
)

----------- RESPONSE ---------
{"result":"ok"}
----------- END --------------
