December 8, 2021, 12:07 am
----------- DATA -------------
Array
(
    [offerId] => 9c4fe23b-37ea-4954-945b-29067b0d5c0e
    [fio] => Ronald macoycruz
    [phone] => 09269894547
    [email] => admin@admin.com
    [domain] => http://enlargene.com/landers/fa04a42719/61a5f0eca1d6e/limon.php
    [ip] => 110.54.250.46
    [utm_campaign] => 920
    [utm_content] => 42
    [utm_medium] => 
    [utm_source] => SM
    [utm_term] => 
    [clickid] => 64cd9duhoa6a6d11
    [fbpxl] => 
)

----------- RESPONSE ---------
{"result":"ok"}
----------- END --------------
December 8, 2021, 1:13 am
----------- DATA -------------
Array
(
    [offerId] => 9c4fe23b-37ea-4954-945b-29067b0d5c0e
    [fio] => John
    [phone] => 09154871857
    [email] => admin@admin.com
    [domain] => http://enlargene.com/landers/fa04a42719/61a5f0eca1d6e/limon.php
    [ip] => 110.54.195.226
    [utm_campaign] => 920
    [utm_content] => 42
    [utm_medium] => 
    [utm_source] => SM
    [utm_term] => 
    [clickid] => 36ea7dug5fncif0c
    [fbpxl] => 
)

----------- RESPONSE ---------
{"result":"ok"}
----------- END --------------
December 8, 2021, 2:59 am
----------- DATA -------------
Array
(
    [offerId] => 9c4fe23b-37ea-4954-945b-29067b0d5c0e
    [fio] => Jerico
    [phone] => 11
    [email] => admin@admin.com
    [domain] => http://enlargene.com/landers/fa04a42719/61a5f0eca1d6e/limon.php
    [ip] => 120.29.69.8
    [utm_campaign] => 920
    [utm_content] => 42
    [utm_medium] => 
    [utm_source] => SM
    [utm_term] => 
    [clickid] => ba7abdumy5m9r28c
    [fbpxl] => 
)

----------- RESPONSE ---------
{"result":"ok"}
----------- END --------------
December 8, 2021, 5:45 am
----------- DATA -------------
Array
(
    [offerId] => 9c4fe23b-37ea-4954-945b-29067b0d5c0e
    [fio] => Lemuel
    [phone] => 09206427773
    [email] => admin@admin.com
    [domain] => http://enlargene.com/landers/fa04a42719/61a5f0eca1d6e/limon.php
    [ip] => 110.54.142.137
    [utm_campaign] => 920
    [utm_content] => 42
    [utm_medium] => 
    [utm_source] => SM
    [utm_term] => 
    [clickid] => 957edduhqxrsce1f
    [fbpxl] => 
)

----------- RESPONSE ---------
{"result":"ok"}
----------- END --------------
December 8, 2021, 5:45 am
----------- DATA -------------
Array
(
    [offerId] => 9c4fe23b-37ea-4954-945b-29067b0d5c0e
    [fio] => Dany magdaung .
    [phone] => O9753055289
    [email] => admin@admin.com
    [domain] => http://enlargene.com/landers/fa04a42719/61a5f0eca1d6e/limon.php
    [ip] => 110.54.162.33
    [utm_campaign] => 920
    [utm_content] => 42
    [utm_medium] => 
    [utm_source] => SM
    [utm_term] => 
    [clickid] => 92fdfduhq8pfy0b2
    [fbpxl] => 
)

----------- RESPONSE ---------
{"result":"ok"}
----------- END --------------
December 8, 2021, 5:46 am
----------- DATA -------------
Array
(
    [offerId] => 9c4fe23b-37ea-4954-945b-29067b0d5c0e
    [fio] => Dany magdaung .
    [phone] => O9753055289
    [email] => admin@admin.com
    [domain] => http://enlargene.com/landers/fa04a42719/61a5f0eca1d6e/limon.php
    [ip] => 110.54.162.33
    [utm_campaign] => {campaign}
    [utm_content] => {trafficsource}
    [utm_medium] => 
    [utm_source] => SM
    [utm_term] => 
    [clickid] => {clickid}
    [fbpxl] => 
)

----------- RESPONSE ---------
{"result":"ok"}
----------- END --------------
December 8, 2021, 5:47 am
----------- DATA -------------
Array
(
    [offerId] => 9c4fe23b-37ea-4954-945b-29067b0d5c0e
    [fio] => Dany magdaung .
    [phone] => O9753055289
    [email] => admin@admin.com
    [domain] => http://enlargene.com/landers/fa04a42719/61a5f0eca1d6e/limon.php
    [ip] => 110.54.162.33
    [utm_campaign] => {campaign}
    [utm_content] => {trafficsource}
    [utm_medium] => 
    [utm_source] => SM
    [utm_term] => 
    [clickid] => {clickid}
    [fbpxl] => 
)

----------- RESPONSE ---------
{"result":"ok"}
----------- END --------------
December 8, 2021, 6:26 am
----------- DATA -------------
Array
(
    [offerId] => 9c4fe23b-37ea-4954-945b-29067b0d5c0e
    [fio] => jhon rhey
    [phone] => 09750472600
    [email] => admin@admin.com
    [domain] => http://enlargene.com/landers/fa04a42719/61a5f0eca1d6e/limon.php
    [ip] => 110.54.151.31
    [utm_campaign] => 920
    [utm_content] => 42
    [utm_medium] => 
    [utm_source] => SM
    [utm_term] => 
    [clickid] => d989bduc8fvdu5a4
    [fbpxl] => 
)

----------- RESPONSE ---------
{"result":"ok"}
----------- END --------------
December 8, 2021, 6:26 am
----------- DATA -------------
Array
(
    [offerId] => 9c4fe23b-37ea-4954-945b-29067b0d5c0e
    [fio] => jhon rhey
    [phone] => 09750472600
    [email] => admin@admin.com
    [domain] => http://enlargene.com/landers/fa04a42719/61a5f0eca1d6e/limon.php
    [ip] => 110.54.151.31
    [utm_campaign] => 920
    [utm_content] => 42
    [utm_medium] => 
    [utm_source] => SM
    [utm_term] => 
    [clickid] => d989bduc8fvdu5a4
    [fbpxl] => 
)

----------- RESPONSE ---------
{"result":"ok"}
----------- END --------------
December 8, 2021, 6:39 am
----------- DATA -------------
Array
(
    [offerId] => 9c4fe23b-37ea-4954-945b-29067b0d5c0e
    [fio] => Roe azul
    [phone] => 09187269550
    [email] => admin@admin.com
    [domain] => http://enlargene.com/landers/fa04a42719/61a5f0eca1d6e/limon.php
    [ip] => 175.176.54.221
    [utm_campaign] => 920
    [utm_content] => 42
    [utm_medium] => 
    [utm_source] => SM
    [utm_term] => 
    [clickid] => ff358dusyxo1ncbd
    [fbpxl] => 
)

----------- RESPONSE ---------
{"result":"ok"}
----------- END --------------
December 8, 2021, 7:19 am
----------- DATA -------------
Array
(
    [offerId] => 9c4fe23b-37ea-4954-945b-29067b0d5c0e
    [fio] => Alfred
    [phone] => 09067044743
    [email] => admin@admin.com
    [domain] => http://enlargene.com/landers/fa04a42719/61a5f0eca1d6e/limon.php
    [ip] => 110.54.163.79
    [utm_campaign] => 920
    [utm_content] => 42
    [utm_medium] => 
    [utm_source] => SM
    [utm_term] => 
    [clickid] => 86e25duiksyd582b
    [fbpxl] => 
)

----------- RESPONSE ---------
{"result":"ok"}
----------- END --------------
December 8, 2021, 8:22 am
----------- DATA -------------
Array
(
    [offerId] => 9c4fe23b-37ea-4954-945b-29067b0d5c0e
    [fio] => Rey allen
    [phone] => 09380542274
    [email] => admin@admin.com
    [domain] => http://enlargene.com/landers/fa04a42719/61a5f0eca1d6e/limon.php
    [ip] => 180.191.160.8
    [utm_campaign] => 920
    [utm_content] => 42
    [utm_medium] => 
    [utm_source] => SM
    [utm_term] => 
    [clickid] => 78a0edu4ppmscd14
    [fbpxl] => 
)

----------- RESPONSE ---------
{"result":"ok"}
----------- END --------------
December 8, 2021, 8:44 am
----------- DATA -------------
Array
(
    [offerId] => 9c4fe23b-37ea-4954-945b-29067b0d5c0e
    [fio] => James
    [phone] => Isabila
    [email] => admin@admin.com
    [domain] => http://enlargene.com/landers/fa04a42719/61a5f0eca1d6e/limon.php
    [ip] => 119.93.128.192
    [utm_campaign] => 919
    [utm_content] => 42
    [utm_medium] => 
    [utm_source] => SM
    [utm_term] => 
    [clickid] => 21ebbdu15dvqn2e7
    [fbpxl] => 
)

----------- RESPONSE ---------
{"result":"ok"}
----------- END --------------
December 8, 2021, 8:44 am
----------- DATA -------------
Array
(
    [offerId] => 9c4fe23b-37ea-4954-945b-29067b0d5c0e
    [fio] => James
    [phone] => Isabila
    [email] => admin@admin.com
    [domain] => http://enlargene.com/landers/fa04a42719/61a5f0eca1d6e/limon.php
    [ip] => 119.93.128.192
    [utm_campaign] => 919
    [utm_content] => 42
    [utm_medium] => 
    [utm_source] => SM
    [utm_term] => 
    [clickid] => 21ebbdu15dvqn2e7
    [fbpxl] => 
)

----------- RESPONSE ---------
{"result":"ok"}
----------- END --------------
December 8, 2021, 9:54 am
----------- DATA -------------
Array
(
    [offerId] => 9c4fe23b-37ea-4954-945b-29067b0d5c0e
    [fio] => Jaycee Alison
    [phone] => 9667430412
    [email] => admin@admin.com
    [domain] => http://enlargene.com/landers/fa04a42719/61a5f0eca1d6e/limon.php
    [ip] => 119.95.212.252
    [utm_campaign] => 920
    [utm_content] => 42
    [utm_medium] => 
    [utm_source] => SM
    [utm_term] => 
    [clickid] => 34d00g6a1uqa07ff
    [fbpxl] => 
)

----------- RESPONSE ---------
{"result":"ok"}
----------- END --------------
December 8, 2021, 10:18 am
----------- DATA -------------
Array
(
    [offerId] => 9c4fe23b-37ea-4954-945b-29067b0d5c0e
    [fio] => Jc mactal
    [phone] => 09269787465
    [email] => admin@admin.com
    [domain] => http://enlargene.com/landers/fa04a42719/61a5f0eca1d6e/limon.php
    [ip] => 175.176.5.139
    [utm_campaign] => 920
    [utm_content] => 42
    [utm_medium] => 
    [utm_source] => SM
    [utm_term] => 
    [clickid] => e9058g6a4h9my32f
    [fbpxl] => 
)

----------- RESPONSE ---------
{"result":"ok"}
----------- END --------------
December 8, 2021, 11:10 am
----------- DATA -------------
Array
(
    [offerId] => 9c4fe23b-37ea-4954-945b-29067b0d5c0e
    [fio] => Alvin
    [phone] => 09059259178
    [email] => admin@admin.com
    [domain] => http://enlargene.com/landers/fa04a42719/61a5f0eca1d6e/limon.php
    [ip] => 112.200.228.106
    [utm_campaign] => 920
    [utm_content] => 42
    [utm_medium] => 
    [utm_source] => SM
    [utm_term] => 
    [clickid] => d6bb9g6a9q517f33
    [fbpxl] => 
)

----------- RESPONSE ---------
{"result":"ok"}
----------- END --------------
December 8, 2021, 11:44 am
----------- DATA -------------
Array
(
    [offerId] => 9c4fe23b-37ea-4954-945b-29067b0d5c0e
    [fio] => rey jose
    [phone] => 09707002673
    [email] => admin@admin.com
    [domain] => http://enlargene.com/landers/fa04a42719/61a5f0eca1d6e/limon.php
    [ip] => 175.176.92.225
    [utm_campaign] => 920
    [utm_content] => 42
    [utm_medium] => 
    [utm_source] => SM
    [utm_term] => 
    [clickid] => 9eecbg617syho3dc
    [fbpxl] => 
)

----------- RESPONSE ---------
{"result":"ok"}
----------- END --------------
December 8, 2021, 11:44 am
----------- DATA -------------
Array
(
    [offerId] => 9c4fe23b-37ea-4954-945b-29067b0d5c0e
    [fio] => rey jose
    [phone] => 09707002673
    [email] => admin@admin.com
    [domain] => http://enlargene.com/landers/fa04a42719/61a5f0eca1d6e/limon.php
    [ip] => 175.176.92.225
    [utm_campaign] => 920
    [utm_content] => 42
    [utm_medium] => 
    [utm_source] => SM
    [utm_term] => 
    [clickid] => 9eecbg617syho3dc
    [fbpxl] => 
)

----------- RESPONSE ---------
{"result":"ok"}
----------- END --------------
December 8, 2021, 11:44 am
----------- DATA -------------
Array
(
    [offerId] => 9c4fe23b-37ea-4954-945b-29067b0d5c0e
    [fio] => rey jose
    [phone] => 09707002673
    [email] => admin@admin.com
    [domain] => http://enlargene.com/landers/fa04a42719/61a5f0eca1d6e/limon.php
    [ip] => 175.176.92.225
    [utm_campaign] => 920
    [utm_content] => 42
    [utm_medium] => 
    [utm_source] => SM
    [utm_term] => 
    [clickid] => 9eecbg617syho3dc
    [fbpxl] => 
)

----------- RESPONSE ---------
{"result":"ok"}
----------- END --------------
December 8, 2021, 12:19 pm
----------- DATA -------------
Array
(
    [offerId] => 9c4fe23b-37ea-4954-945b-29067b0d5c0e
    [fio] => Denie
    [phone] => Ballesca
    [email] => admin@admin.com
    [domain] => http://enlargene.com/landers/fa04a42719/61a5f0eca1d6e/limon.php
    [ip] => 49.146.39.149
    [utm_campaign] => 920
    [utm_content] => 42
    [utm_medium] => 
    [utm_source] => SM
    [utm_term] => 
    [clickid] => b9749g6pm9zuob32
    [fbpxl] => 
)

----------- RESPONSE ---------
{"result":"ok"}
----------- END --------------
December 8, 2021, 12:19 pm
----------- DATA -------------
Array
(
    [offerId] => 9c4fe23b-37ea-4954-945b-29067b0d5c0e
    [fio] => Denie
    [phone] => Ballesca
    [email] => admin@admin.com
    [domain] => http://enlargene.com/landers/fa04a42719/61a5f0eca1d6e/limon.php
    [ip] => 49.146.39.149
    [utm_campaign] => 920
    [utm_content] => 42
    [utm_medium] => 
    [utm_source] => SM
    [utm_term] => 
    [clickid] => b9749g6pm9zuob32
    [fbpxl] => 
)

----------- RESPONSE ---------
{"result":"ok"}
----------- END --------------
December 8, 2021, 12:19 pm
----------- DATA -------------
Array
(
    [offerId] => 9c4fe23b-37ea-4954-945b-29067b0d5c0e
    [fio] => Dennis Gacuma
    [phone] => 09988625796
    [email] => admin@admin.com
    [domain] => http://enlargene.com/landers/fa04a42719/61a5f0eca1d6e/limon.php
    [ip] => 124.106.232.8
    [utm_campaign] => 920
    [utm_content] => 42
    [utm_medium] => 
    [utm_source] => SM
    [utm_term] => 
    [clickid] => 87385g6pm37a5049
    [fbpxl] => 
)

----------- RESPONSE ---------
{"result":"ok"}
----------- END --------------
December 8, 2021, 1:14 pm
----------- DATA -------------
Array
(
    [offerId] => 9c4fe23b-37ea-4954-945b-29067b0d5c0e
    [fio] => John Kerrvy Delos Santos
    [phone] => 09197579667
    [email] => admin@admin.com
    [domain] => http://enlargene.com/landers/fa04a42719/61a5f0eca1d6e/limon.php
    [ip] => 110.54.153.74
    [utm_campaign] => 920
    [utm_content] => 42
    [utm_medium] => 
    [utm_source] => SM
    [utm_term] => 
    [clickid] => e7fa6g6bza6us963
    [fbpxl] => 
)

----------- RESPONSE ---------
{"result":"ok"}
----------- END --------------
December 8, 2021, 1:24 pm
----------- DATA -------------
Array
(
    [offerId] => 9c4fe23b-37ea-4954-945b-29067b0d5c0e
    [fio] => aljon
    [phone] => 09979141768
    [email] => admin@admin.com
    [domain] => http://enlargene.com/landers/fa04a42719/61a5f0eca1d6e/limon.php
    [ip] => 2001:fd8:17c0:d0f7:8195:db7d:9bd8:a063
    [utm_campaign] => 920
    [utm_content] => 42
    [utm_medium] => 
    [utm_source] => SM
    [utm_term] => 
    [clickid] => 58d85g68rk2yd5ec
    [fbpxl] => 
)

----------- RESPONSE ---------
{"result":"ok"}
----------- END --------------
December 8, 2021, 2:17 pm
----------- DATA -------------
Array
(
    [offerId] => 9c4fe23b-37ea-4954-945b-29067b0d5c0e
    [fio] => Larry bautista
    [phone] => 09519290664
    [email] => admin@admin.com
    [domain] => http://enlargene.com/landers/fa04a42719/61a5f0eca1d6e/limon.php
    [ip] => 115.147.29.180
    [utm_campaign] => 920
    [utm_content] => 42
    [utm_medium] => 
    [utm_source] => SM
    [utm_term] => 
    [clickid] => def4fg6cib41zf12
    [fbpxl] => 
)

----------- RESPONSE ---------
{"result":"ok"}
----------- END --------------
December 8, 2021, 2:23 pm
----------- DATA -------------
Array
(
    [offerId] => 9c4fe23b-37ea-4954-945b-29067b0d5c0e
    [fio] => Joel banalo
    [phone] => 09606075052
    [email] => admin@admin.com
    [domain] => http://enlargene.com/landers/fa04a42719/61a5f0eca1d6e/limon.php
    [ip] => 175.176.64.249
    [utm_campaign] => 920
    [utm_content] => 42
    [utm_medium] => 
    [utm_source] => SM
    [utm_term] => 
    [clickid] => 21fceg6ci3zgm71f
    [fbpxl] => 
)

----------- RESPONSE ---------
{"result":"ok"}
----------- END --------------
December 8, 2021, 2:47 pm
----------- DATA -------------
Array
(
    [offerId] => 9c4fe23b-37ea-4954-945b-29067b0d5c0e
    [fio] => Adelo bon villaftanca
    [phone] => 09679638728
    [email] => admin@admin.com
    [domain] => http://enlargene.com/landers/fa04a42719/61a5f0eca1d6e/limon.php
    [ip] => 49.145.255.236
    [utm_campaign] => 920
    [utm_content] => 42
    [utm_medium] => 
    [utm_source] => SM
    [utm_term] => 
    [clickid] => b6f3dg652qe9z8e0
    [fbpxl] => 
)

----------- RESPONSE ---------
{"result":"ok"}
----------- END --------------
December 8, 2021, 3:09 pm
----------- DATA -------------
Array
(
    [offerId] => 9c4fe23b-37ea-4954-945b-29067b0d5c0e
    [fio] => Fidel
    [phone] => 09155997965
    [email] => admin@admin.com
    [domain] => http://enlargene.com/landers/fa04a42719/61a5f0eca1d6e/limon.php
    [ip] => 110.54.173.31
    [utm_campaign] => 920
    [utm_content] => 42
    [utm_medium] => 
    [utm_source] => SM
    [utm_term] => 
    [clickid] => 0a2c6g6qdik8pd96
    [fbpxl] => 
)

----------- RESPONSE ---------
{"result":"ok"}
----------- END --------------
December 8, 2021, 3:30 pm
----------- DATA -------------
Array
(
    [offerId] => 9c4fe23b-37ea-4954-945b-29067b0d5c0e
    [fio] => Loizel Borgonia
    [phone] => 0936033115
    [email] => admin@admin.com
    [domain] => http://enlargene.com/landers/fa04a42719/61a5f0eca1d6e/limon.php
    [ip] => 110.54.227.150
    [utm_campaign] => {campaign}
    [utm_content] => {trafficsource}
    [utm_medium] => 
    [utm_source] => SM
    [utm_term] => 
    [clickid] => {clickid}
    [fbpxl] => 
)

----------- RESPONSE ---------
{"result":"ok"}
----------- END --------------
December 8, 2021, 3:39 pm
----------- DATA -------------
Array
(
    [offerId] => 9c4fe23b-37ea-4954-945b-29067b0d5c0e
    [fio] => Phil
    [phone] => 09613075504
    [email] => admin@admin.com
    [domain] => http://enlargene.com/landers/fa04a42719/61a5f0eca1d6e/limon.php
    [ip] => 114.108.218.35
    [utm_campaign] => 920
    [utm_content] => 42
    [utm_medium] => 
    [utm_source] => SM
    [utm_term] => 
    [clickid] => 4dfadg6lp1mgh4fb
    [fbpxl] => 
)

----------- RESPONSE ---------
{"result":"ok"}
----------- END --------------
December 8, 2021, 4:30 pm
----------- DATA -------------
Array
(
    [offerId] => 9c4fe23b-37ea-4954-945b-29067b0d5c0e
    [fio] => Nando donque
    [phone] => 09057033517
    [email] => admin@admin.com
    [domain] => http://enlargene.com/landers/fa04a42719/61a5f0eca1d6e/limon.php
    [ip] => 110.54.158.172
    [utm_campaign] => 920
    [utm_content] => 42
    [utm_medium] => 
    [utm_source] => SM
    [utm_term] => 
    [clickid] => 419c9g6twa37scad
    [fbpxl] => 
)

----------- RESPONSE ---------
{"result":"ok"}
----------- END --------------
December 8, 2021, 4:32 pm
----------- DATA -------------
Array
(
    [offerId] => 9c4fe23b-37ea-4954-945b-29067b0d5c0e
    [fio] => Nando donque
    [phone] => 09057033517
    [email] => admin@admin.com
    [domain] => http://enlargene.com/landers/fa04a42719/61a5f0eca1d6e/limon.php
    [ip] => 110.54.158.172
    [utm_campaign] => {campaign}
    [utm_content] => {trafficsource}
    [utm_medium] => 
    [utm_source] => SM
    [utm_term] => 
    [clickid] => {clickid}
    [fbpxl] => 
)

----------- RESPONSE ---------
{"result":"ok"}
----------- END --------------
December 8, 2021, 4:34 pm
----------- DATA -------------
Array
(
    [offerId] => 9c4fe23b-37ea-4954-945b-29067b0d5c0e
    [fio] => Nando donque
    [phone] => 09057033517
    [email] => admin@admin.com
    [domain] => http://enlargene.com/landers/fa04a42719/61a5f0eca1d6e/limon.php
    [ip] => 110.54.158.172
    [utm_campaign] => {campaign}
    [utm_content] => {trafficsource}
    [utm_medium] => 
    [utm_source] => SM
    [utm_term] => 
    [clickid] => {clickid}
    [fbpxl] => 
)

----------- RESPONSE ---------
{"result":"ok"}
----------- END --------------
December 8, 2021, 5:14 pm
----------- DATA -------------
Array
(
    [offerId] => 9c4fe23b-37ea-4954-945b-29067b0d5c0e
    [fio] => Jimmy andih
    [phone] => 09531483841
    [email] => admin@admin.com
    [domain] => http://enlargene.com/landers/fa04a42719/61a5f0eca1d6e/limon.php
    [ip] => 110.54.202.107
    [utm_campaign] => 920
    [utm_content] => 42
    [utm_medium] => 
    [utm_source] => SM
    [utm_term] => 
    [clickid] => 1503dg6nt4p2tf2b
    [fbpxl] => 
)

----------- RESPONSE ---------
{"result":"ok"}
----------- END --------------
December 8, 2021, 5:14 pm
----------- DATA -------------
Array
(
    [offerId] => 9c4fe23b-37ea-4954-945b-29067b0d5c0e
    [fio] => Jimmy andih
    [phone] => 09531483841
    [email] => admin@admin.com
    [domain] => http://enlargene.com/landers/fa04a42719/61a5f0eca1d6e/limon.php
    [ip] => 110.54.202.107
    [utm_campaign] => 920
    [utm_content] => 42
    [utm_medium] => 
    [utm_source] => SM
    [utm_term] => 
    [clickid] => 1503dg6nt4p2tf2b
    [fbpxl] => 
)

----------- RESPONSE ---------
{"result":"ok"}
----------- END --------------
December 8, 2021, 5:15 pm
----------- DATA -------------
Array
(
    [offerId] => 9c4fe23b-37ea-4954-945b-29067b0d5c0e
    [fio] => Jimmy andih
    [phone] => 09531483841
    [email] => admin@admin.com
    [domain] => http://enlargene.com/landers/fa04a42719/61a5f0eca1d6e/limon.php
    [ip] => 110.54.202.107
    [utm_campaign] => 920
    [utm_content] => 42
    [utm_medium] => 
    [utm_source] => SM
    [utm_term] => 
    [clickid] => 1503dg6nt4p2tf2b
    [fbpxl] => 
)

----------- RESPONSE ---------
{"result":"ok"}
----------- END --------------
December 8, 2021, 6:00 pm
----------- DATA -------------
Array
(
    [offerId] => 9c4fe23b-37ea-4954-945b-29067b0d5c0e
    [fio] => Jhay
    [phone] => 09274991245
    [email] => admin@admin.com
    [domain] => http://enlargene.com/landers/fa04a42719/61a5f0eca1d6e/limon.php
    [ip] => 110.54.154.216
    [utm_campaign] => 920
    [utm_content] => 42
    [utm_medium] => 
    [utm_source] => SM
    [utm_term] => 
    [clickid] => c135eg6ghqnu397d
    [fbpxl] => 
)

----------- RESPONSE ---------
{"result":"ok"}
----------- END --------------
December 8, 2021, 6:59 pm
----------- DATA -------------
Array
(
    [offerId] => 9c4fe23b-37ea-4954-945b-29067b0d5c0e
    [fio] => Alito saavedra
    [phone] => 09489176268
    [email] => admin@admin.com
    [domain] => http://enlargene.com/landers/fa04a42719/61a5f0eca1d6e/limon.php
    [ip] => 2001:4455:5c2:1900:d030:726b:3fce:4b2
    [utm_campaign] => 920
    [utm_content] => 42
    [utm_medium] => 
    [utm_source] => SM
    [utm_term] => 
    [clickid] => 9e226g67stwhq95f
    [fbpxl] => 
)

----------- RESPONSE ---------
{"result":"ok"}
----------- END --------------
December 8, 2021, 7:43 pm
----------- DATA -------------
Array
(
    [offerId] => 9c4fe23b-37ea-4954-945b-29067b0d5c0e
    [fio] => Michael
    [phone] => 09101379343
    [email] => admin@admin.com
    [domain] => http://enlargene.com/landers/fa04a42719/61a5f0eca1d6e/limon.php
    [ip] => 175.176.52.143
    [utm_campaign] => 920
    [utm_content] => 42
    [utm_medium] => 
    [utm_source] => SM
    [utm_term] => 
    [clickid] => 33616g65mp2vc8b2
    [fbpxl] => 
)

----------- RESPONSE ---------
{"result":"ok"}
----------- END --------------
December 8, 2021, 7:48 pm
----------- DATA -------------
Array
(
    [offerId] => 9c4fe23b-37ea-4954-945b-29067b0d5c0e
    [fio] => Lester Castillo
    [phone] => 09261270973
    [email] => admin@admin.com
    [domain] => http://enlargene.com/landers/fa04a42719/61a5f0eca1d6e/limon.php
    [ip] => 122.53.185.86
    [utm_campaign] => 920
    [utm_content] => 42
    [utm_medium] => 
    [utm_source] => SM
    [utm_term] => 
    [clickid] => ea3c7g6yda8m7da4
    [fbpxl] => 
)

----------- RESPONSE ---------
{"result":"ok"}
----------- END --------------
December 8, 2021, 8:28 pm
----------- DATA -------------
Array
(
    [offerId] => 9c4fe23b-37ea-4954-945b-29067b0d5c0e
    [fio] => joseph
    [phone] => 09650564030
    [email] => admin@admin.com
    [domain] => http://enlargene.com/landers/fa04a42719/61a5f0eca1d6e/limon.php
    [ip] => 49.145.230.98
    [utm_campaign] => 920
    [utm_content] => 42
    [utm_medium] => 
    [utm_source] => SM
    [utm_term] => 
    [clickid] => 2d809g61zir469d0
    [fbpxl] => 
)

----------- RESPONSE ---------
{"result":"ok"}
----------- END --------------
December 8, 2021, 10:21 pm
----------- DATA -------------
Array
(
    [offerId] => 9c4fe23b-37ea-4954-945b-29067b0d5c0e
    [fio] => Edwin abilong
    [phone] => 09158975402
    [email] => admin@admin.com
    [domain] => http://enlargene.com/landers/fa04a42719/61a5f0eca1d6e/limon.php
    [ip] => 175.176.5.24
    [utm_campaign] => 919
    [utm_content] => 42
    [utm_medium] => 
    [utm_source] => SM
    [utm_term] => 
    [clickid] => d9a45g6ftusq5904
    [fbpxl] => 
)

----------- RESPONSE ---------
{"result":"ok"}
----------- END --------------
