November 24, 2021, 3:49 pm
----------- DATA -------------
Array
(
    [offerId] => 9c4fe23b-37ea-4954-945b-29067b0d5c0e
    [fio] => gdg
    [phone] => 543563464363
    [email] => admin@admin.com
    [domain] => http://enlargene.com/landers/fa04a42719/land1/limon.php
    [ip] => 46.180.149.88
    [utm_campaign] => {campaign}
    [utm_content] => {trafficsource}
    [utm_medium] => 
    [utm_source] => SM
    [utm_term] => 
    [clickid] => {clickid}
    [fbpxl] => 
)

----------- RESPONSE ---------
{"result":"ok"}
----------- END --------------
November 24, 2021, 4:53 pm
----------- DATA -------------
Array
(
    [offerId] => 9c4fe23b-37ea-4954-945b-29067b0d5c0e
    [fio] => Erick
    [phone] => 09382485865
    [email] => admin@admin.com
    [domain] => http://mansehealth.com/landers/fa04a42719/land1/limon.php
    [ip] => 49.145.9.254
    [utm_campaign] => 893
    [utm_content] => 35
    [utm_medium] => 
    [utm_source] => SM
    [utm_term] => 
    [clickid] => 790fewha2ntu3eba
    [fbpxl] => 
)

----------- RESPONSE ---------
{"result":"ok"}
----------- END --------------
November 24, 2021, 5:16 pm
----------- DATA -------------
Array
(
    [offerId] => 9c4fe23b-37ea-4954-945b-29067b0d5c0e
    [fio] => Emely Bondoc
    [phone] => 09555868620
    [email] => admin@admin.com
    [domain] => http://mansehealth.com/landers/fa04a42719/land1/limon.php
    [ip] => 175.176.5.98
    [utm_campaign] => 894
    [utm_content] => 35
    [utm_medium] => 
    [utm_source] => SM
    [utm_term] => 
    [clickid] => 0d242wha4a53vb23
    [fbpxl] => 
)

----------- RESPONSE ---------
{"result":"ok"}
----------- END --------------
November 24, 2021, 5:28 pm
----------- DATA -------------
Array
(
    [offerId] => 9c4fe23b-37ea-4954-945b-29067b0d5c0e
    [fio] => Reymark
    [phone] => 09460177837
    [email] => admin@admin.com
    [domain] => http://mansehealth.com/landers/fa04a42719/land1/limon.php
    [ip] => 110.54.203.254
    [utm_campaign] => 894
    [utm_content] => 35
    [utm_medium] => 
    [utm_source] => SM
    [utm_term] => 
    [clickid] => 76956wha5a6tlac7
    [fbpxl] => 
)

----------- RESPONSE ---------
{"result":"ok"}
----------- END --------------
November 24, 2021, 5:33 pm
----------- DATA -------------
Array
(
    [offerId] => 9c4fe23b-37ea-4954-945b-29067b0d5c0e
    [fio] => Primo
    [phone] => 09978719714
    [email] => admin@admin.com
    [domain] => http://mansehealth.com/landers/fa04a42719/land1/limon.php
    [ip] => 49.149.106.150
    [utm_campaign] => 893
    [utm_content] => 35
    [utm_medium] => 
    [utm_source] => SM
    [utm_term] => 
    [clickid] => c0ac7wha516pm726
    [fbpxl] => 
)

----------- RESPONSE ---------
{"result":"ok"}
----------- END --------------
November 24, 2021, 5:37 pm
----------- DATA -------------
Array
(
    [offerId] => 9c4fe23b-37ea-4954-945b-29067b0d5c0e
    [fio] => John Paul querido
    [phone] => 09356272839
    [email] => admin@admin.com
    [domain] => http://mansehealth.com/landers/fa04a42719/land1/limon.php
    [ip] => 136.158.17.56
    [utm_campaign] => 895
    [utm_content] => 35
    [utm_medium] => 
    [utm_source] => SM
    [utm_term] => 
    [clickid] => cc5e5wha5fve8f57
    [fbpxl] => 
)

----------- RESPONSE ---------
{"result":"ok"}
----------- END --------------
November 24, 2021, 6:31 pm
----------- DATA -------------
Array
(
    [offerId] => 9c4fe23b-37ea-4954-945b-29067b0d5c0e
    [fio] => Fattah
    [phone] => 09306814292
    [email] => admin@admin.com
    [domain] => http://mansehealth.com/landers/fa04a42719/land1/limon.php
    [ip] => 175.176.84.153
    [utm_campaign] => 893
    [utm_content] => 35
    [utm_medium] => 
    [utm_source] => SM
    [utm_term] => 
    [clickid] => 1daa7wha815x91f5
    [fbpxl] => 
)

----------- RESPONSE ---------
{"result":"ok"}
----------- END --------------
November 24, 2021, 6:45 pm
----------- DATA -------------
Array
(
    [offerId] => 9c4fe23b-37ea-4954-945b-29067b0d5c0e
    [fio] => Fattah
    [phone] => 09306814292
    [email] => admin@admin.com
    [domain] => http://mansehealth.com/landers/fa04a42719/land1/limon.php
    [ip] => 175.176.84.153
    [utm_campaign] => 893
    [utm_content] => 35
    [utm_medium] => 
    [utm_source] => SM
    [utm_term] => 
    [clickid] => 1daa7wha815x91f5
    [fbpxl] => 
)

----------- RESPONSE ---------
{"result":"ok"}
----------- END --------------
November 24, 2021, 9:26 pm
----------- DATA -------------
Array
(
    [offerId] => 9c4fe23b-37ea-4954-945b-29067b0d5c0e
    [fio] => Jason A franco
    [phone] => 09561022950
    [email] => admin@admin.com
    [domain] => http://mansehealth.com/landers/fa04a42719/land1/limon.php
    [ip] => 2001:fd8:349b:fa98:706b:5e89:7e1b:ca85
    [utm_campaign] => 894
    [utm_content] => 35
    [utm_medium] => 
    [utm_source] => SM
    [utm_term] => 
    [clickid] => d5167whh9ejbga2f
    [fbpxl] => 
)

----------- RESPONSE ---------
{"result":"ok"}
----------- END --------------
November 24, 2021, 10:14 pm
----------- DATA -------------
Array
(
    [offerId] => 9c4fe23b-37ea-4954-945b-29067b0d5c0e
    [fio] => Mark aljon
    [phone] => 50
    [email] => admin@admin.com
    [domain] => http://mansehealth.com/landers/fa04a42719/land1/limon.php
    [ip] => 49.146.225.218
    [utm_campaign] => 894
    [utm_content] => 35
    [utm_medium] => 
    [utm_source] => SM
    [utm_term] => 
    [clickid] => 77f41whq51mg6b2f
    [fbpxl] => 
)

----------- RESPONSE ---------
{"result":"ok"}
----------- END --------------
November 24, 2021, 10:19 pm
----------- DATA -------------
Array
(
    [offerId] => 9c4fe23b-37ea-4954-945b-29067b0d5c0e
    [fio] => Mark aljon
    [phone] => 50
    [email] => admin@admin.com
    [domain] => http://mansehealth.com/landers/fa04a42719/land1/limon.php
    [ip] => 49.146.225.218
    [utm_campaign] => 894
    [utm_content] => 35
    [utm_medium] => 
    [utm_source] => SM
    [utm_term] => 
    [clickid] => 77f41whq51mg6b2f
    [fbpxl] => 
)

----------- RESPONSE ---------
{"result":"ok"}
----------- END --------------
November 24, 2021, 10:53 pm
----------- DATA -------------
Array
(
    [offerId] => 9c4fe23b-37ea-4954-945b-29067b0d5c0e
    [fio] => Jr silva
    [phone] => 09096573692
    [email] => admin@admin.com
    [domain] => http://mansehealth.com/landers/fa04a42719/land1/limon.php
    [ip] => 110.54.205.189
    [utm_campaign] => 894
    [utm_content] => 35
    [utm_medium] => 
    [utm_source] => SM
    [utm_term] => 
    [clickid] => 1ff95whpmxius881
    [fbpxl] => 
)

----------- RESPONSE ---------
{"result":"ok"}
----------- END --------------
