December 3, 2021, 11:12 am
----------- DATA -------------
Array
(
    [offerId] => 9c4fe23b-37ea-4954-945b-29067b0d5c0e
    [fio] => Qpuoss
    [phone] => Qylyiosd
    [email] => admin@admin.com
    [domain] => http://enlargene.com/landers/fa04a42719/61a5f0eca1d6e/limon.php
    [ip] => 175.176.18.41
    [utm_campaign] => 920
    [utm_content] => 42
    [utm_medium] => 
    [utm_source] => SM
    [utm_term] => 
    [clickid] => 2ae05153vhqciff8
    [fbpxl] => 
)

----------- RESPONSE ---------
{"result":"ok"}
----------- END --------------
December 3, 2021, 11:12 am
----------- DATA -------------
Array
(
    [offerId] => 9c4fe23b-37ea-4954-945b-29067b0d5c0e
    [fio] => Qpuoss
    [phone] => Qylyiosd
    [email] => admin@admin.com
    [domain] => http://enlargene.com/landers/fa04a42719/61a5f0eca1d6e/limon.php
    [ip] => 175.176.18.41
    [utm_campaign] => 920
    [utm_content] => 42
    [utm_medium] => 
    [utm_source] => SM
    [utm_term] => 
    [clickid] => 2ae05153vhqciff8
    [fbpxl] => 
)

----------- RESPONSE ---------
{"result":"ok"}
----------- END --------------
December 3, 2021, 12:14 pm
----------- DATA -------------
Array
(
    [offerId] => 9c4fe23b-37ea-4954-945b-29067b0d5c0e
    [fio] => Harold
    [phone] => 09664081866
    [email] => admin@admin.com
    [domain] => http://enlargene.com/landers/fa04a42719/61a5f0eca1d6e/limon.php
    [ip] => 112.198.70.102
    [utm_campaign] => 920
    [utm_content] => 42
    [utm_medium] => 
    [utm_source] => SM
    [utm_term] => 
    [clickid] => e125915xrpmtlebd
    [fbpxl] => 
)

----------- RESPONSE ---------
{"result":"ok"}
----------- END --------------
December 3, 2021, 12:27 pm
----------- DATA -------------
Array
(
    [offerId] => 9c4fe23b-37ea-4954-945b-29067b0d5c0e
    [fio] => Jansen
    [phone] => 09196273870
    [email] => admin@admin.com
    [domain] => http://enlargene.com/landers/fa04a42719/61a5f0eca1d6e/limon.php
    [ip] => 110.54.209.181
    [utm_campaign] => 920
    [utm_content] => 42
    [utm_medium] => 
    [utm_source] => SM
    [utm_term] => 
    [clickid] => cda6f15xrj6e8cec
    [fbpxl] => 
)

----------- RESPONSE ---------
{"result":"ok"}
----------- END --------------
December 3, 2021, 12:47 pm
----------- DATA -------------
Array
(
    [offerId] => 9c4fe23b-37ea-4954-945b-29067b0d5c0e
    [fio] => Marsotto awitan
    [phone] => 09657642853
    [email] => admin@admin.com
    [domain] => http://enlargene.com/landers/fa04a42719/61a5f0eca1d6e/limon.php
    [ip] => 58.69.123.232
    [utm_campaign] => 920
    [utm_content] => 42
    [utm_medium] => 
    [utm_source] => SM
    [utm_term] => 
    [clickid] => 6642715fyftfv2ab
    [fbpxl] => 
)

----------- RESPONSE ---------
{"result":"ok"}
----------- END --------------
December 3, 2021, 2:35 pm
----------- DATA -------------
Array
(
    [offerId] => 9c4fe23b-37ea-4954-945b-29067b0d5c0e
    [fio] => Dante
    [phone] => 09973914767
    [email] => admin@admin.com
    [domain] => http://enlargene.com/landers/fa04a42719/61a5f0eca1d6e/limon.php
    [ip] => 175.176.84.166
    [utm_campaign] => 920
    [utm_content] => 42
    [utm_medium] => 
    [utm_source] => SM
    [utm_term] => 
    [clickid] => 011e315j29zj2d08
    [fbpxl] => 
)

----------- RESPONSE ---------
{"result":"ok"}
----------- END --------------
December 3, 2021, 2:57 pm
----------- DATA -------------
Array
(
    [offerId] => 9c4fe23b-37ea-4954-945b-29067b0d5c0e
    [fio] => John venjo
    [phone] => 09302050240
    [email] => admin@admin.com
    [domain] => http://enlargene.com/landers/fa04a42719/61a5f0eca1d6e/limon.php
    [ip] => 175.176.69.45
    [utm_campaign] => 920
    [utm_content] => 42
    [utm_medium] => 
    [utm_source] => SM
    [utm_term] => 
    [clickid] => c9c28159zxoducfe
    [fbpxl] => 
)

----------- RESPONSE ---------
{"result":"ok"}
----------- END --------------
December 3, 2021, 3:00 pm
----------- DATA -------------
Array
(
    [offerId] => 9c4fe23b-37ea-4954-945b-29067b0d5c0e
    [fio] => John venjo barcenilla 
    [phone] => 09302050240
    [email] => admin@admin.com
    [domain] => http://enlargene.com/landers/fa04a42719/61a5f0eca1d6e/limon.php
    [ip] => 175.176.69.45
    [utm_campaign] => {campaign}
    [utm_content] => {trafficsource}
    [utm_medium] => 
    [utm_source] => SM
    [utm_term] => 
    [clickid] => {clickid}
    [fbpxl] => 
)

----------- RESPONSE ---------
{"result":"ok"}
----------- END --------------
December 3, 2021, 3:03 pm
----------- DATA -------------
Array
(
    [offerId] => 9c4fe23b-37ea-4954-945b-29067b0d5c0e
    [fio] => Joel javier
    [phone] => 09668470589
    [email] => admin@admin.com
    [domain] => http://enlargene.com/landers/fa04a42719/61a5f0eca1d6e/limon.php
    [ip] => 110.54.140.160
    [utm_campaign] => 920
    [utm_content] => 42
    [utm_medium] => 
    [utm_source] => SM
    [utm_term] => 
    [clickid] => c77a1159zyda9736
    [fbpxl] => 
)

----------- RESPONSE ---------
{"result":"ok"}
----------- END --------------
December 3, 2021, 3:24 pm
----------- DATA -------------
Array
(
    [offerId] => 9c4fe23b-37ea-4954-945b-29067b0d5c0e
    [fio] => Joel sollegue
    [phone] => 09651272927
    [email] => admin@admin.com
    [domain] => http://enlargene.com/landers/fa04a42719/61a5f0eca1d6e/limon.php
    [ip] => 110.54.176.40
    [utm_campaign] => 920
    [utm_content] => 42
    [utm_medium] => 
    [utm_source] => SM
    [utm_term] => 
    [clickid] => dd5a415slibzw8a1
    [fbpxl] => 
)

----------- RESPONSE ---------
{"result":"ok"}
----------- END --------------
December 3, 2021, 4:37 pm
----------- DATA -------------
Array
(
    [offerId] => 9c4fe23b-37ea-4954-945b-29067b0d5c0e
    [fio] => Jay
    [phone] => 09705403319
    [email] => admin@admin.com
    [domain] => http://enlargene.com/landers/fa04a42719/61a5f0eca1d6e/limon.php
    [ip] => 175.176.69.141
    [utm_campaign] => 920
    [utm_content] => 42
    [utm_medium] => 
    [utm_source] => SM
    [utm_term] => 
    [clickid] => e12519za0tla99f2
    [fbpxl] => 
)

----------- RESPONSE ---------
{"result":"ok"}
----------- END --------------
December 3, 2021, 4:39 pm
----------- DATA -------------
Array
(
    [offerId] => 9c4fe23b-37ea-4954-945b-29067b0d5c0e
    [fio] => romeo
    [phone] => 09679617392
    [email] => admin@admin.com
    [domain] => http://enlargene.com/landers/fa04a42719/61a5f0eca1d6e/limon.php
    [ip] => 110.54.222.221
    [utm_campaign] => 920
    [utm_content] => 42
    [utm_medium] => 
    [utm_source] => SM
    [utm_term] => 
    [clickid] => 25ebd9za0hqa70ff
    [fbpxl] => 
)

----------- RESPONSE ---------
{"result":"ok"}
----------- END --------------
December 3, 2021, 4:55 pm
----------- DATA -------------
Array
(
    [offerId] => 9c4fe23b-37ea-4954-945b-29067b0d5c0e
    [fio] => Nato
    [phone] => 09577296636
    [email] => admin@admin.com
    [domain] => http://enlargene.com/landers/fa04a42719/61a5f0eca1d6e/limon.php
    [ip] => 175.176.48.211
    [utm_campaign] => 920
    [utm_content] => 42
    [utm_medium] => 
    [utm_source] => SM
    [utm_term] => 
    [clickid] => 152379za1wha2cfc
    [fbpxl] => 
)

----------- RESPONSE ---------
{"result":"ok"}
----------- END --------------
December 3, 2021, 6:43 pm
----------- DATA -------------
Array
(
    [offerId] => 9c4fe23b-37ea-4954-945b-29067b0d5c0e
    [fio] => Joseph
    [phone] => 09364237100
    [email] => admin@admin.com
    [domain] => http://enlargene.com/landers/fa04a42719/61a5f0eca1d6e/limon.php
    [ip] => 2001:4455:137:0:ddc8:5d78:a455:d0b5
    [utm_campaign] => 920
    [utm_content] => 42
    [utm_medium] => 
    [utm_source] => SM
    [utm_term] => 
    [clickid] => 50bfb9za952tl2b9
    [fbpxl] => 
)

----------- RESPONSE ---------
{"result":"ok"}
----------- END --------------
December 3, 2021, 6:54 pm
----------- DATA -------------
Array
(
    [offerId] => 9c4fe23b-37ea-4954-945b-29067b0d5c0e
    [fio] => Jhomar
    [phone] => +63906 870 2576
    [email] => admin@admin.com
    [domain] => http://enlargene.com/landers/fa04a42719/61a5f0eca1d6e/limon.php
    [ip] => 112.202.223.12
    [utm_campaign] => 920
    [utm_content] => 42
    [utm_medium] => 
    [utm_source] => SM
    [utm_term] => 
    [clickid] => d98e39za9whzw74b
    [fbpxl] => 
)

----------- RESPONSE ---------
{"result":"ok"}
----------- END --------------
December 3, 2021, 6:55 pm
----------- DATA -------------
Array
(
    [offerId] => 9c4fe23b-37ea-4954-945b-29067b0d5c0e
    [fio] => Jhomar
    [phone] => +63906 870 2576
    [email] => admin@admin.com
    [domain] => http://enlargene.com/landers/fa04a42719/61a5f0eca1d6e/limon.php
    [ip] => 112.202.223.12
    [utm_campaign] => {campaign}
    [utm_content] => {trafficsource}
    [utm_medium] => 
    [utm_source] => SM
    [utm_term] => 
    [clickid] => {clickid}
    [fbpxl] => 
)

----------- RESPONSE ---------
{"result":"ok"}
----------- END --------------
December 3, 2021, 9:17 pm
----------- DATA -------------
Array
(
    [offerId] => 9c4fe23b-37ea-4954-945b-29067b0d5c0e
    [fio] => Ryan borromeo
    [phone] => 09090965658
    [email] => admin@admin.com
    [domain] => http://enlargene.com/landers/fa04a42719/61a5f0eca1d6e/limon.php
    [ip] => 175.176.36.202
    [utm_campaign] => 920
    [utm_content] => 42
    [utm_medium] => 
    [utm_source] => SM
    [utm_term] => 
    [clickid] => 188669zpm7shqcf1
    [fbpxl] => 
)

----------- RESPONSE ---------
{"result":"ok"}
----------- END --------------
December 3, 2021, 11:33 pm
----------- DATA -------------
Array
(
    [offerId] => 9c4fe23b-37ea-4954-945b-29067b0d5c0e
    [fio] => Fred polido
    [phone] => 09501413378
    [email] => admin@admin.com
    [domain] => http://enlargene.com/landers/fa04a42719/61a5f0eca1d6e/limon.php
    [ip] => 2001:4452:370:6700:dd28:80d7:e2e8:89ef
    [utm_campaign] => 920
    [utm_content] => 42
    [utm_medium] => 
    [utm_source] => SM
    [utm_term] => 
    [clickid] => 4e6cd9zbz2tyd874
    [fbpxl] => 
)

----------- RESPONSE ---------
{"result":"ok"}
----------- END --------------
