November 27, 2021, 2:03 am
----------- DATA -------------
Array
(
    [offerId] => 9c4fe23b-37ea-4954-945b-29067b0d5c0e
    [fio] => Eugene vallester
    [phone] => 09502995510
    [email] => admin@admin.com
    [domain] => http://mansehealth.com/landers/ph_lad_dozex_mk/land2/limon.php
    [ip] => 136.158.67.175
    [utm_campaign] => 895
    [utm_content] => 35
    [utm_medium] => 
    [utm_source] => SM
    [utm_term] => 
    [clickid] => 41f754pqd4p3v34c
    [fbpxl] => 
)

----------- RESPONSE ---------
{"result":"ok"}
----------- END --------------
November 27, 2021, 4:48 am
----------- DATA -------------
Array
(
    [offerId] => 9c4fe23b-37ea-4954-945b-29067b0d5c0e
    [fio] => lando
    [phone] => 09794528124
    [email] => admin@admin.com
    [domain] => http://mansehealth.com/landers/ph_lad_dozex_mk/land2/limon.php
    [ip] => 49.145.219.136
    [utm_campaign] => 896
    [utm_content] => 35
    [utm_medium] => 
    [utm_source] => SM
    [utm_term] => 
    [clickid] => b441e4p4kzwqqe84
    [fbpxl] => 
)

----------- RESPONSE ---------
{"result":"ok"}
----------- END --------------
November 27, 2021, 10:12 am
----------- DATA -------------
Array
(
    [offerId] => 9c4fe23b-37ea-4954-945b-29067b0d5c0e
    [fio] => Patricio capangpsngany
    [phone] => 09168736235
    [email] => admin@admin.com
    [domain] => http://mansehealth.com/landers/ph_lad_dozex_mk/land2/limon.php
    [ip] => 2405:8d40:b40:3c3f:16bb:3fb0:209b:3f19
    [utm_campaign] => 895
    [utm_content] => 35
    [utm_medium] => 
    [utm_source] => SM
    [utm_term] => 
    [clickid] => bbd584p7s7ve21c9
    [fbpxl] => 
)

----------- RESPONSE ---------
{"result":"ok"}
----------- END --------------
November 27, 2021, 10:54 am
----------- DATA -------------
Array
(
    [offerId] => 9c4fe23b-37ea-4954-945b-29067b0d5c0e
    [fio] => Ashley 
    [phone] => 1236578898
    [email] => admin@admin.com
    [domain] => http://mansehealth.com/landers/ph_lad_dozex_mk/land2/limon.php
    [ip] => 136.158.7.174
    [utm_campaign] => 896
    [utm_content] => 35
    [utm_medium] => 
    [utm_source] => SM
    [utm_term] => 
    [clickid] => 25ae34pqefypmf5c
    [fbpxl] => 
)

----------- RESPONSE ---------
{"result":"ok"}
----------- END --------------
November 27, 2021, 12:21 pm
----------- DATA -------------
Array
(
    [offerId] => 9c4fe23b-37ea-4954-945b-29067b0d5c0e
    [fio] => Jeremiah Uy
    [phone] => 09639875970
    [email] => admin@admin.com
    [domain] => http://mansehealth.com/landers/ph_lad_dozex_mk/land2/limon.php
    [ip] => 82.145.211.93
    [utm_campaign] => 895
    [utm_content] => 35
    [utm_medium] => 
    [utm_source] => SM
    [utm_term] => 
    [clickid] => 05b394p1z527s770
    [fbpxl] => 
)

----------- RESPONSE ---------
{"result":"ok"}
----------- END --------------
November 27, 2021, 12:42 pm
----------- DATA -------------
Array
(
    [offerId] => 9c4fe23b-37ea-4954-945b-29067b0d5c0e
    [fio] => Marco Antonio
    [phone] => O9532832094
    [email] => admin@admin.com
    [domain] => http://mansehealth.com/landers/ph_lad_dozex_mk/land2/limon.php
    [ip] => 110.54.149.248
    [utm_campaign] => 897
    [utm_content] => 35
    [utm_medium] => 
    [utm_source] => SM
    [utm_term] => 
    [clickid] => 882474p1z37xo139
    [fbpxl] => 
)

----------- RESPONSE ---------
{"result":"ok"}
----------- END --------------
November 27, 2021, 1:07 pm
----------- DATA -------------
Array
(
    [offerId] => 9c4fe23b-37ea-4954-945b-29067b0d5c0e
    [fio] => Toper
    [phone] => 09262195245
    [email] => admin@admin.com
    [domain] => http://mansehealth.com/landers/ph_lad_dozex_mk/land2/limon.php
    [ip] => 175.176.64.120
    [utm_campaign] => 897
    [utm_content] => 35
    [utm_medium] => 
    [utm_source] => SM
    [utm_term] => 
    [clickid] => 8022d4pvc52fvd21
    [fbpxl] => 
)

----------- RESPONSE ---------
{"result":"ok"}
----------- END --------------
November 27, 2021, 1:09 pm
----------- DATA -------------
Array
(
    [offerId] => 9c4fe23b-37ea-4954-945b-29067b0d5c0e
    [fio] => Toper
    [phone] => 09262195245
    [email] => admin@admin.com
    [domain] => http://mansehealth.com/landers/ph_lad_dozex_mk/land2/limon.php
    [ip] => 175.176.64.120
    [utm_campaign] => 897
    [utm_content] => 35
    [utm_medium] => 
    [utm_source] => SM
    [utm_term] => 
    [clickid] => 8022d4pvc52fvd21
    [fbpxl] => 
)

----------- RESPONSE ---------
{"result":"ok"}
----------- END --------------
November 27, 2021, 1:10 pm
----------- DATA -------------
Array
(
    [offerId] => 9c4fe23b-37ea-4954-945b-29067b0d5c0e
    [fio] => Toper
    [phone] => 09262195245
    [email] => admin@admin.com
    [domain] => http://mansehealth.com/landers/ph_lad_dozex_mk/land2/limon.php
    [ip] => 175.176.64.120
    [utm_campaign] => 897
    [utm_content] => 35
    [utm_medium] => 
    [utm_source] => SM
    [utm_term] => 
    [clickid] => 8022d4pvc52fvd21
    [fbpxl] => 
)

----------- RESPONSE ---------
{"result":"ok"}
----------- END --------------
November 27, 2021, 1:26 pm
----------- DATA -------------
Array
(
    [offerId] => 9c4fe23b-37ea-4954-945b-29067b0d5c0e
    [fio] => Julius
    [phone] => 09515991108
    [email] => admin@admin.com
    [domain] => http://mansehealth.com/landers/ph_lad_dozex_mk/land2/limon.php
    [ip] => 136.158.126.103
    [utm_campaign] => 895
    [utm_content] => 35
    [utm_medium] => 
    [utm_source] => SM
    [utm_term] => 
    [clickid] => 41d094p6ja91m6d4
    [fbpxl] => 
)

----------- RESPONSE ---------
{"result":"ok"}
----------- END --------------
November 27, 2021, 2:48 pm
----------- DATA -------------
Array
(
    [offerId] => 9c4fe23b-37ea-4954-945b-29067b0d5c0e
    [fio] => Eduardo Munar
    [phone] => 09618745751
    [email] => admin@admin.com
    [domain] => http://mansehealth.com/landers/ph_lad_dozex_mk/land2/limon.php
    [ip] => 120.29.79.194
    [utm_campaign] => 897
    [utm_content] => 35
    [utm_medium] => 
    [utm_source] => SM
    [utm_term] => 
    [clickid] => 9118d4pftbg16358
    [fbpxl] => 
)

----------- RESPONSE ---------
{"result":"ok"}
----------- END --------------
November 27, 2021, 3:48 pm
----------- DATA -------------
Array
(
    [offerId] => 9c4fe23b-37ea-4954-945b-29067b0d5c0e
    [fio] => Nestor tomas
    [phone] => Sempre 
    [email] => admin@admin.com
    [domain] => http://mansehealth.com/landers/ph_lad_dozex_mk/land2/limon.php
    [ip] => 175.176.5.111
    [utm_campaign] => 897
    [utm_content] => 35
    [utm_medium] => 
    [utm_source] => SM
    [utm_term] => 
    [clickid] => e83264pe21msle59
    [fbpxl] => 
)

----------- RESPONSE ---------
{"result":"ok"}
----------- END --------------
November 27, 2021, 4:37 pm
----------- DATA -------------
Array
(
    [offerId] => 9c4fe23b-37ea-4954-945b-29067b0d5c0e
    [fio] => JLOVE 
    [phone] => 09057251689
    [email] => admin@admin.com
    [domain] => http://mansehealth.com/landers/ph_lad_dozex_mk/land2/limon.php
    [ip] => 131.226.67.241
    [utm_campaign] => 894
    [utm_content] => 35
    [utm_medium] => 
    [utm_source] => SM
    [utm_term] => 
    [clickid] => 3be6b4p9re2yd3c7
    [fbpxl] => 
)

----------- RESPONSE ---------
{"result":"ok"}
----------- END --------------
November 27, 2021, 5:46 pm
----------- DATA -------------
Array
(
    [offerId] => 9c4fe23b-37ea-4954-945b-29067b0d5c0e
    [fio] => nino
    [phone] => 09364461442
    [email] => admin@admin.com
    [domain] => http://mansehealth.com/landers/ph_lad_dozex_mk/land2/limon.php
    [ip] => 49.145.214.158
    [utm_campaign] => 897
    [utm_content] => 35
    [utm_medium] => 
    [utm_source] => SM
    [utm_term] => 
    [clickid] => 9a6f24pmy8rgh61b
    [fbpxl] => 
)

----------- RESPONSE ---------
{"result":"ok"}
----------- END --------------
November 27, 2021, 5:57 pm
----------- DATA -------------
Array
(
    [offerId] => 9c4fe23b-37ea-4954-945b-29067b0d5c0e
    [fio] => MIKE ROQUE
    [phone] => +639421759348
    [email] => admin@admin.com
    [domain] => http://mansehealth.com/landers/ph_lad_dozex_mk/land2/limon.php
    [ip] => 180.191.165.28
    [utm_campaign] => 896
    [utm_content] => 35
    [utm_medium] => 
    [utm_source] => SM
    [utm_term] => 
    [clickid] => f9bd54pmy8wxsb96
    [fbpxl] => 
)

----------- RESPONSE ---------
{"result":"ok"}
----------- END --------------
November 27, 2021, 8:26 pm
----------- DATA -------------
Array
(
    [offerId] => 9c4fe23b-37ea-4954-945b-29067b0d5c0e
    [fio] => Ramil
    [phone] => 09263661918
    [email] => admin@admin.com
    [domain] => http://mansehealth.com/landers/ph_lad_dozex_mk/land2/limon.php
    [ip] => 110.54.162.188
    [utm_campaign] => 897
    [utm_content] => 35
    [utm_medium] => 
    [utm_source] => SM
    [utm_term] => 
    [clickid] => a09474pj6wfg5cea
    [fbpxl] => 
)

----------- RESPONSE ---------
{"result":"ok"}
----------- END --------------
November 27, 2021, 8:28 pm
----------- DATA -------------
Array
(
    [offerId] => 9c4fe23b-37ea-4954-945b-29067b0d5c0e
    [fio] => Ramil
    [phone] => 09263661918
    [email] => admin@admin.com
    [domain] => http://mansehealth.com/landers/ph_lad_dozex_mk/land2/limon.php
    [ip] => 110.54.162.188
    [utm_campaign] => 897
    [utm_content] => 35
    [utm_medium] => 
    [utm_source] => SM
    [utm_term] => 
    [clickid] => a09474pj6wfg5cea
    [fbpxl] => 
)

----------- RESPONSE ---------
{"result":"ok"}
----------- END --------------
November 27, 2021, 11:12 pm
----------- DATA -------------
Array
(
    [offerId] => 9c4fe23b-37ea-4954-945b-29067b0d5c0e
    [fio] => richard
    [phone] => .09475448594
    [email] => admin@admin.com
    [domain] => http://mansehealth.com/landers/ph_lad_dozex_mk/land2/limon.php
    [ip] => 136.158.1.61
    [utm_campaign] => 895
    [utm_content] => 35
    [utm_medium] => 
    [utm_source] => SM
    [utm_term] => 
    [clickid] => 488be4p1mibnt3e7
    [fbpxl] => 
)

----------- RESPONSE ---------
{"result":"ok"}
----------- END --------------
