August 4, 2021, 12:23 am
----------- DATA -------------
Array
(
    [offerId] => 444e972d-e501-4625-8cb3-6aead5d7cc8c
    [fio] => Sonatdas
    [phone] => +919563700744
    [email] => admin@admin.com
    [domain] => http://adltnews.com/landers/60feb0c5e48be/limon.php
    [ip] => 2401:4900:1221:aff0:dfdc:c6a8:80a7:530c
    [utm_campaign] => 203
    [utm_content] => 8
    [utm_medium] => 
    [utm_source] => SM
    [utm_term] => 
    [clickid] => 0235auq9rococ6b1
    [fbpxl] => 
)

----------- RESPONSE ---------
{"result":"ok"}
----------- END --------------
August 4, 2021, 1:24 am
----------- DATA -------------
Array
(
    [offerId] => 444e972d-e501-4625-8cb3-6aead5d7cc8c
    [fio] => UMeSh
    [phone] => +911929293073
    [email] => admin@admin.com
    [domain] => http://adltnews.com/landers/60feb0c5e48be/limon.php
    [ip] => 2409:4063:228e:9091::9c9:48ac
    [utm_campaign] => 203
    [utm_content] => 8
    [utm_medium] => 
    [utm_source] => SM
    [utm_term] => 
    [clickid] => f62b7uqg5ik1528a
    [fbpxl] => 
)

----------- RESPONSE ---------
{"result":"ok"}
----------- END --------------
August 4, 2021, 1:44 am
----------- DATA -------------
Array
(
    [offerId] => 444e972d-e501-4625-8cb3-6aead5d7cc8c
    [fio] => Dilip kumar
    [phone] => +917489373192
    [email] => admin@admin.com
    [domain] => http://adltnews.com/landers/60feb0c5e48be/limon.php
    [ip] => 2409:4043:2d10:4489::aec8:4500
    [utm_campaign] => 203
    [utm_content] => 8
    [utm_medium] => 
    [utm_source] => SM
    [utm_term] => 
    [clickid] => b201auq8wuswf8bd
    [fbpxl] => 
)

----------- RESPONSE ---------
{"result":"ok"}
----------- END --------------
August 4, 2021, 1:45 am
----------- DATA -------------
Array
(
    [offerId] => 444e972d-e501-4625-8cb3-6aead5d7cc8c
    [fio] => Dilip kumar
    [phone] => +917489373192
    [email] => admin@admin.com
    [domain] => http://adltnews.com/landers/60feb0c5e48be/limon.php
    [ip] => 2409:4043:2d10:4489::aec8:4500
    [utm_campaign] => 203
    [utm_content] => 8
    [utm_medium] => 
    [utm_source] => SM
    [utm_term] => 
    [clickid] => b201auq8wuswf8bd
    [fbpxl] => 
)

----------- RESPONSE ---------
{"result":"ok"}
----------- END --------------
August 4, 2021, 1:45 am
----------- DATA -------------
Array
(
    [offerId] => 444e972d-e501-4625-8cb3-6aead5d7cc8c
    [fio] => Dilip kumar
    [phone] => +917489373192
    [email] => admin@admin.com
    [domain] => http://adltnews.com/landers/60feb0c5e48be/limon.php
    [ip] => 2409:4043:2d10:4489::aec8:4500
    [utm_campaign] => 203
    [utm_content] => 8
    [utm_medium] => 
    [utm_source] => SM
    [utm_term] => 
    [clickid] => b201auq8wuswf8bd
    [fbpxl] => 
)

----------- RESPONSE ---------
{"result":"ok"}
----------- END --------------
August 4, 2021, 1:45 am
----------- DATA -------------
Array
(
    [offerId] => 444e972d-e501-4625-8cb3-6aead5d7cc8c
    [fio] => Dilip kumar
    [phone] => +917489373192
    [email] => admin@admin.com
    [domain] => http://adltnews.com/landers/60feb0c5e48be/limon.php
    [ip] => 2409:4043:2d10:4489::aec8:4500
    [utm_campaign] => 203
    [utm_content] => 8
    [utm_medium] => 
    [utm_source] => SM
    [utm_term] => 
    [clickid] => b201auq8wuswf8bd
    [fbpxl] => 
)

----------- RESPONSE ---------
{"result":"ok"}
----------- END --------------
August 4, 2021, 1:58 am
----------- DATA -------------
Array
(
    [offerId] => 444e972d-e501-4625-8cb3-6aead5d7cc8c
    [fio] => Deepak Kailash mandal
    [phone] => +917011138357
    [email] => admin@admin.com
    [domain] => http://adltnews.com/landers/60feb0c5e48be/limon.php
    [ip] => 103.216.142.223
    [utm_campaign] => 203
    [utm_content] => 8
    [utm_medium] => 
    [utm_source] => SM
    [utm_term] => 
    [clickid] => a372buq8wb4ik63c
    [fbpxl] => 
)

----------- RESPONSE ---------
{"result":"ok"}
----------- END --------------
August 4, 2021, 5:32 am
----------- DATA -------------
Array
(
    [offerId] => 444e972d-e501-4625-8cb3-6aead5d7cc8c
    [fio] => Rabi baski
    [phone] => +917679126272
    [email] => admin@admin.com
    [domain] => http://adltnews.com/landers/60feb0c5e48be/limon.php
    [ip] => 2409:4061:591:17f6::7c:70ac
    [utm_campaign] => 203
    [utm_content] => 8
    [utm_medium] => 
    [utm_source] => SM
    [utm_term] => 
    [clickid] => 17607uqmyzwhef70
    [fbpxl] => 
)

----------- RESPONSE ---------
{"result":"ok"}
----------- END --------------
August 4, 2021, 6:27 am
----------- DATA -------------
Array
(
    [offerId] => 444e972d-e501-4625-8cb3-6aead5d7cc8c
    [fio] => Dhruv
    [phone] => +916261066413
    [email] => admin@admin.com
    [domain] => http://adltnews.com/landers/60feb0c5e48be/limon.php
    [ip] => 2409:4043:505:f137::7b7:d8a0
    [utm_campaign] => 203
    [utm_content] => 8
    [utm_medium] => 
    [utm_source] => SM
    [utm_term] => 
    [clickid] => efda4uquq4kj68fb
    [fbpxl] => 
)

----------- RESPONSE ---------
{"result":"ok"}
----------- END --------------
August 4, 2021, 6:28 am
----------- DATA -------------
Array
(
    [offerId] => 444e972d-e501-4625-8cb3-6aead5d7cc8c
    [fio] => Dhruv
    [phone] => +916261066413
    [email] => admin@admin.com
    [domain] => http://adltnews.com/landers/60feb0c5e48be/limon.php
    [ip] => 2409:4043:505:f137::7b7:d8a0
    [utm_campaign] => 203
    [utm_content] => 8
    [utm_medium] => 
    [utm_source] => SM
    [utm_term] => 
    [clickid] => efda4uquq4kj68fb
    [fbpxl] => 
)

----------- RESPONSE ---------
{"result":"ok"}
----------- END --------------
August 4, 2021, 6:28 am
----------- DATA -------------
Array
(
    [offerId] => 444e972d-e501-4625-8cb3-6aead5d7cc8c
    [fio] => Dhruv
    [phone] => +916261066413
    [email] => admin@admin.com
    [domain] => http://adltnews.com/landers/60feb0c5e48be/limon.php
    [ip] => 2409:4043:505:f137::7b7:d8a0
    [utm_campaign] => 203
    [utm_content] => 8
    [utm_medium] => 
    [utm_source] => SM
    [utm_term] => 
    [clickid] => efda4uquq4kj68fb
    [fbpxl] => 
)

----------- RESPONSE ---------
{"result":"ok"}
----------- END --------------
August 4, 2021, 6:28 am
----------- DATA -------------
Array
(
    [offerId] => 444e972d-e501-4625-8cb3-6aead5d7cc8c
    [fio] => Dhruv
    [phone] => +916261066413
    [email] => admin@admin.com
    [domain] => http://adltnews.com/landers/60feb0c5e48be/limon.php
    [ip] => 2409:4043:505:f137::7b7:d8a0
    [utm_campaign] => 203
    [utm_content] => 8
    [utm_medium] => 
    [utm_source] => SM
    [utm_term] => 
    [clickid] => efda4uquq4kj68fb
    [fbpxl] => 
)

----------- RESPONSE ---------
{"result":"ok"}
----------- END --------------
August 4, 2021, 6:28 am
----------- DATA -------------
Array
(
    [offerId] => 444e972d-e501-4625-8cb3-6aead5d7cc8c
    [fio] => Dhruv
    [phone] => +916261066413
    [email] => admin@admin.com
    [domain] => http://adltnews.com/landers/60feb0c5e48be/limon.php
    [ip] => 2409:4043:505:f137::7b7:d8a0
    [utm_campaign] => 203
    [utm_content] => 8
    [utm_medium] => 
    [utm_source] => SM
    [utm_term] => 
    [clickid] => efda4uquq4kj68fb
    [fbpxl] => 
)

----------- RESPONSE ---------
{"result":"ok"}
----------- END --------------
August 4, 2021, 6:28 am
----------- DATA -------------
Array
(
    [offerId] => 444e972d-e501-4625-8cb3-6aead5d7cc8c
    [fio] => Dhruv
    [phone] => +916261066413
    [email] => admin@admin.com
    [domain] => http://adltnews.com/landers/60feb0c5e48be/limon.php
    [ip] => 2409:4043:505:f137::7b7:d8a0
    [utm_campaign] => 203
    [utm_content] => 8
    [utm_medium] => 
    [utm_source] => SM
    [utm_term] => 
    [clickid] => efda4uquq4kj68fb
    [fbpxl] => 
)

----------- RESPONSE ---------
{"result":"ok"}
----------- END --------------
August 4, 2021, 6:28 am
----------- DATA -------------
Array
(
    [offerId] => 444e972d-e501-4625-8cb3-6aead5d7cc8c
    [fio] => Dhruv
    [phone] => +916261066413
    [email] => admin@admin.com
    [domain] => http://adltnews.com/landers/60feb0c5e48be/limon.php
    [ip] => 2409:4043:505:f137::7b7:d8a0
    [utm_campaign] => 203
    [utm_content] => 8
    [utm_medium] => 
    [utm_source] => SM
    [utm_term] => 
    [clickid] => efda4uquq4kj68fb
    [fbpxl] => 
)

----------- RESPONSE ---------
{"result":"ok"}
----------- END --------------
August 4, 2021, 6:28 am
----------- DATA -------------
Array
(
    [offerId] => 444e972d-e501-4625-8cb3-6aead5d7cc8c
    [fio] => Dhruv
    [phone] => +916261066413
    [email] => admin@admin.com
    [domain] => http://adltnews.com/landers/60feb0c5e48be/limon.php
    [ip] => 2409:4043:505:f137::7b7:d8a0
    [utm_campaign] => 203
    [utm_content] => 8
    [utm_medium] => 
    [utm_source] => SM
    [utm_term] => 
    [clickid] => efda4uquq4kj68fb
    [fbpxl] => 
)

----------- RESPONSE ---------
{"result":"ok"}
----------- END --------------
August 4, 2021, 6:28 am
----------- DATA -------------
Array
(
    [offerId] => 444e972d-e501-4625-8cb3-6aead5d7cc8c
    [fio] => Dhruv
    [phone] => +916261066413
    [email] => admin@admin.com
    [domain] => http://adltnews.com/landers/60feb0c5e48be/limon.php
    [ip] => 2409:4043:505:f137::7b7:d8a0
    [utm_campaign] => 203
    [utm_content] => 8
    [utm_medium] => 
    [utm_source] => SM
    [utm_term] => 
    [clickid] => efda4uquq4kj68fb
    [fbpxl] => 
)

----------- RESPONSE ---------
{"result":"ok"}
----------- END --------------
August 4, 2021, 6:28 am
----------- DATA -------------
Array
(
    [offerId] => 444e972d-e501-4625-8cb3-6aead5d7cc8c
    [fio] => Dhruv
    [phone] => +916261066413
    [email] => admin@admin.com
    [domain] => http://adltnews.com/landers/60feb0c5e48be/limon.php
    [ip] => 2409:4043:505:f137::7b7:d8a0
    [utm_campaign] => 203
    [utm_content] => 8
    [utm_medium] => 
    [utm_source] => SM
    [utm_term] => 
    [clickid] => efda4uquq4kj68fb
    [fbpxl] => 
)

----------- RESPONSE ---------
{"result":"ok"}
----------- END --------------
August 4, 2021, 6:28 am
----------- DATA -------------
Array
(
    [offerId] => 444e972d-e501-4625-8cb3-6aead5d7cc8c
    [fio] => Dhruv
    [phone] => +916261066413
    [email] => admin@admin.com
    [domain] => http://adltnews.com/landers/60feb0c5e48be/limon.php
    [ip] => 2409:4043:505:f137::7b7:d8a0
    [utm_campaign] => 203
    [utm_content] => 8
    [utm_medium] => 
    [utm_source] => SM
    [utm_term] => 
    [clickid] => efda4uquq4kj68fb
    [fbpxl] => 
)

----------- RESPONSE ---------
{"result":"ok"}
----------- END --------------
August 4, 2021, 6:28 am
----------- DATA -------------
Array
(
    [offerId] => 444e972d-e501-4625-8cb3-6aead5d7cc8c
    [fio] => Dhruv
    [phone] => +916261066413
    [email] => admin@admin.com
    [domain] => http://adltnews.com/landers/60feb0c5e48be/limon.php
    [ip] => 2409:4043:505:f137::7b7:d8a0
    [utm_campaign] => 203
    [utm_content] => 8
    [utm_medium] => 
    [utm_source] => SM
    [utm_term] => 
    [clickid] => efda4uquq4kj68fb
    [fbpxl] => 
)

----------- RESPONSE ---------
{"result":"ok"}
----------- END --------------
August 4, 2021, 6:28 am
----------- DATA -------------
Array
(
    [offerId] => 444e972d-e501-4625-8cb3-6aead5d7cc8c
    [fio] => Dhruv
    [phone] => +916261066413
    [email] => admin@admin.com
    [domain] => http://adltnews.com/landers/60feb0c5e48be/limon.php
    [ip] => 2409:4043:505:f137::7b7:d8a0
    [utm_campaign] => 203
    [utm_content] => 8
    [utm_medium] => 
    [utm_source] => SM
    [utm_term] => 
    [clickid] => efda4uquq4kj68fb
    [fbpxl] => 
)

----------- RESPONSE ---------
{"result":"ok"}
----------- END --------------
August 4, 2021, 6:28 am
----------- DATA -------------
Array
(
    [offerId] => 444e972d-e501-4625-8cb3-6aead5d7cc8c
    [fio] => Dhruv
    [phone] => +916261066413
    [email] => admin@admin.com
    [domain] => http://adltnews.com/landers/60feb0c5e48be/limon.php
    [ip] => 2409:4043:505:f137::7b7:d8a0
    [utm_campaign] => 203
    [utm_content] => 8
    [utm_medium] => 
    [utm_source] => SM
    [utm_term] => 
    [clickid] => efda4uquq4kj68fb
    [fbpxl] => 
)

----------- RESPONSE ---------
{"result":"ok"}
----------- END --------------
August 4, 2021, 7:11 am
----------- DATA -------------
Array
(
    [offerId] => 444e972d-e501-4625-8cb3-6aead5d7cc8c
    [fio] => Shashank
    [phone] => +919141150556
    [email] => admin@admin.com
    [domain] => http://adltnews.com/landers/60feb0c5e48be/limon.php
    [ip] => 2401:4900:2707:de6f:8157:6c20:4673:d03d
    [utm_campaign] => 203
    [utm_content] => 8
    [utm_medium] => 
    [utm_source] => SM
    [utm_term] => 
    [clickid] => 5e382uquq4pvc397
    [fbpxl] => 
)

----------- RESPONSE ---------
{"result":"ok"}
----------- END --------------
August 4, 2021, 7:43 am
----------- DATA -------------
Array
(
    [offerId] => 444e972d-e501-4625-8cb3-6aead5d7cc8c
    [fio] => Ajay
    [phone] => +917879366097
    [email] => admin@admin.com
    [domain] => http://adltnews.com/landers/60feb0c5e48be/limon.php
    [ip] => 2409:4043:248c:b000:9b3c:2dac:3c77:76c8
    [utm_campaign] => 203
    [utm_content] => 8
    [utm_medium] => 
    [utm_source] => SM
    [utm_term] => 
    [clickid] => fa936uqxintmy35a
    [fbpxl] => 
)

----------- RESPONSE ---------
{"result":"ok"}
----------- END --------------
August 4, 2021, 8:50 am
----------- DATA -------------
Array
(
    [offerId] => 444e972d-e501-4625-8cb3-6aead5d7cc8c
    [fio] => Milan
    [phone] => +918601031485
    [email] => admin@admin.com
    [domain] => http://adltnews.com/landers/60feb0c5e48be/limon.php
    [ip] => 2401:4900:44ca:7479:0:59:efc4:dd01
    [utm_campaign] => 203
    [utm_content] => 8
    [utm_medium] => 
    [utm_source] => SM
    [utm_term] => 
    [clickid] => c805fuqdvk2hqe66
    [fbpxl] => 
)

----------- RESPONSE ---------
{"result":"ok"}
----------- END --------------
August 4, 2021, 9:04 am
----------- DATA -------------
Array
(
    [offerId] => 444e972d-e501-4625-8cb3-6aead5d7cc8c
    [fio] => Ashok
    [phone] => +918302390846
    [email] => admin@admin.com
    [domain] => http://adltnews.com/landers/60feb0c5e48be/limon.php
    [ip] => 2409:4052:4e1a:a2bd:7d24:9009:ff20:8e0a
    [utm_campaign] => 203
    [utm_content] => 8
    [utm_medium] => 
    [utm_source] => SM
    [utm_term] => 
    [clickid] => 2a194uqdvdvx98de
    [fbpxl] => 
)

----------- RESPONSE ---------
{"result":"ok"}
----------- END --------------
August 4, 2021, 9:09 am
----------- DATA -------------
Array
(
    [offerId] => 444e972d-e501-4625-8cb3-6aead5d7cc8c
    [fio] => Dipi
    [phone] => +919382976028
    [email] => admin@admin.com
    [domain] => http://adltnews.com/landers/60feb0c5e48be/limon.php
    [ip] => 2409:4061:4e01:ccd0:9ff4:d240:45cd:1b30
    [utm_campaign] => 203
    [utm_content] => 8
    [utm_medium] => 
    [utm_source] => SM
    [utm_term] => 
    [clickid] => 8e4bcuqdvejq5266
    [fbpxl] => 
)

----------- RESPONSE ---------
{"result":"ok"}
----------- END --------------
August 4, 2021, 10:08 am
----------- DATA -------------
Array
(
    [offerId] => 444e972d-e501-4625-8cb3-6aead5d7cc8c
    [fio] => Arun Kumar
    [phone] => +916394217843
    [email] => admin@admin.com
    [domain] => http://adltnews.com/landers/60feb0c5e48be/limon.php
    [ip] => 2409:4063:2192:52f2::6bd:c0a0
    [utm_campaign] => 203
    [utm_content] => 8
    [utm_medium] => 
    [utm_source] => SM
    [utm_term] => 
    [clickid] => b1f12uqj69rsl1fe
    [fbpxl] => 
)

----------- RESPONSE ---------
{"result":"ok"}
----------- END --------------
August 4, 2021, 10:09 am
----------- DATA -------------
Array
(
    [offerId] => 444e972d-e501-4625-8cb3-6aead5d7cc8c
    [fio] => Arun Kumar
    [phone] => +916394217843
    [email] => admin@admin.com
    [domain] => http://adltnews.com/landers/60feb0c5e48be/limon.php
    [ip] => 2409:4063:2192:52f2::6bd:c0a0
    [utm_campaign] => 203
    [utm_content] => 8
    [utm_medium] => 
    [utm_source] => SM
    [utm_term] => 
    [clickid] => b1f12uqj69rsl1fe
    [fbpxl] => 
)

----------- RESPONSE ---------
{"result":"ok"}
----------- END --------------
August 4, 2021, 10:55 am
----------- DATA -------------
Array
(
    [offerId] => 444e972d-e501-4625-8cb3-6aead5d7cc8c
    [fio] => Amit
    [phone] => +919927000404
    [email] => admin@admin.com
    [domain] => http://adltnews.com/landers/60feb0c5e48be/limon.php
    [ip] => 2409:4053:b:d93a::21a9:38a4
    [utm_campaign] => 203
    [utm_content] => 8
    [utm_medium] => 
    [utm_source] => SM
    [utm_term] => 
    [clickid] => 94341uqzwusftab6
    [fbpxl] => 
)

----------- RESPONSE ---------
{"result":"ok"}
----------- END --------------
