August 3, 2021, 1:08 am
----------- DATA -------------
Array
(
    [offerId] => 444e972d-e501-4625-8cb3-6aead5d7cc8c
    [fio] => Sunil
    [phone] => +91774594800
    [email] => admin@admin.com
    [domain] => http://adltnews.com/landers/60feb0c5e48be/limon.php
    [ip] => 2409:4043:2e9c:7419:a36:250a:f57b:6a0
    [utm_campaign] => 203
    [utm_content] => 8
    [utm_medium] => 
    [utm_source] => SM
    [utm_term] => 
    [clickid] => 29b37uqntx9gh30e
    [fbpxl] => 
)

----------- RESPONSE ---------
{"result":"ok"}
----------- END --------------
August 3, 2021, 1:14 am
----------- DATA -------------
Array
(
    [offerId] => 444e972d-e501-4625-8cb3-6aead5d7cc8c
    [fio] => Rahul
    [phone] => +919310011309
    [email] => admin@admin.com
    [domain] => http://adltnews.com/landers/60feb0c5e48be/limon.php
    [ip] => 2409:4050:2e8e:a59::7589:3000
    [utm_campaign] => 203
    [utm_content] => 8
    [utm_medium] => 
    [utm_source] => SM
    [utm_term] => 
    [clickid] => 886ecuqntfvuod9d
    [fbpxl] => 
)

----------- RESPONSE ---------
{"result":"ok"}
----------- END --------------
August 3, 2021, 1:16 am
----------- DATA -------------
Array
(
    [offerId] => 444e972d-e501-4625-8cb3-6aead5d7cc8c
    [fio] => Rahul
    [phone] => +919310011309
    [email] => admin@admin.com
    [domain] => http://adltnews.com/landers/60feb0c5e48be/limon.php
    [ip] => 2409:4050:2e8e:a59::7589:3000
    [utm_campaign] => 203
    [utm_content] => 8
    [utm_medium] => 
    [utm_source] => SM
    [utm_term] => 
    [clickid] => 886ecuqntfvuod9d
    [fbpxl] => 
)

----------- RESPONSE ---------
{"result":"ok"}
----------- END --------------
August 3, 2021, 2:53 am
----------- DATA -------------
Array
(
    [offerId] => 444e972d-e501-4625-8cb3-6aead5d7cc8c
    [fio] => Sangamesh 
    [phone] => +919404606540
    [email] => admin@admin.com
    [domain] => http://adltnews.com/landers/60feb0c5e48be/limon.php
    [ip] => 2405:204:9710:8984::8b2:d8a4
    [utm_campaign] => 203
    [utm_content] => 8
    [utm_medium] => 
    [utm_source] => SM
    [utm_term] => 
    [clickid] => 765b2uqb49z1ze5a
    [fbpxl] => 
)

----------- RESPONSE ---------
{"result":"ok"}
----------- END --------------
August 3, 2021, 2:59 am
----------- DATA -------------
Array
(
    [offerId] => 444e972d-e501-4625-8cb3-6aead5d7cc8c
    [fio] => Sunil
    [phone] => +919110835592
    [email] => admin@admin.com
    [domain] => http://adltnews.com/landers/60feb0c5e48be/limon.php
    [ip] => 2405:204:5202:8505::28d4:a8a5
    [utm_campaign] => 203
    [utm_content] => 8
    [utm_medium] => 
    [utm_source] => SM
    [utm_term] => 
    [clickid] => 9d817uqira1y9997
    [fbpxl] => 
)

----------- RESPONSE ---------
{"result":"ok"}
----------- END --------------
August 3, 2021, 3:00 am
----------- DATA -------------
Array
(
    [offerId] => 444e972d-e501-4625-8cb3-6aead5d7cc8c
    [fio] => Sunil
    [phone] => +919110835592
    [email] => admin@admin.com
    [domain] => http://adltnews.com/landers/60feb0c5e48be/limon.php
    [ip] => 2405:204:5202:8505::28d4:a8a5
    [utm_campaign] => 203
    [utm_content] => 8
    [utm_medium] => 
    [utm_source] => SM
    [utm_term] => 
    [clickid] => 9d817uqira1y9997
    [fbpxl] => 
)

----------- RESPONSE ---------
{"result":"ok"}
----------- END --------------
August 3, 2021, 4:02 am
----------- DATA -------------
Array
(
    [offerId] => 444e972d-e501-4625-8cb3-6aead5d7cc8c
    [fio] => Arun 
    [phone] => +918019483064
    [email] => admin@admin.com
    [domain] => http://adltnews.com/landers/60feb0c5e48be/limon.php
    [ip] => 2401:4900:4e10:8a9e:b51e:55cc:ef95:b190
    [utm_campaign] => 203
    [utm_content] => 8
    [utm_medium] => 
    [utm_source] => SM
    [utm_term] => 
    [clickid] => 8c124uqir8w46ca1
    [fbpxl] => 
)

----------- RESPONSE ---------
{"result":"ok"}
----------- END --------------
August 3, 2021, 4:09 am
----------- DATA -------------
Array
(
    [offerId] => 444e972d-e501-4625-8cb3-6aead5d7cc8c
    [fio] => Dinesh
    [phone] => +917828425940
    [email] => admin@admin.com
    [domain] => http://adltnews.com/landers/60feb0c5e48be/limon.php
    [ip] => 2409:4043:4e0c:917::8189:ab00
    [utm_campaign] => 203
    [utm_content] => 8
    [utm_medium] => 
    [utm_source] => SM
    [utm_term] => 
    [clickid] => 6722fuqirj67sc02
    [fbpxl] => 
)

----------- RESPONSE ---------
{"result":"ok"}
----------- END --------------
August 3, 2021, 5:35 am
----------- DATA -------------
Array
(
    [offerId] => 444e972d-e501-4625-8cb3-6aead5d7cc8c
    [fio] => शमशेर सिंह
    [phone] => +919418432994
    [email] => admin@admin.com
    [domain] => http://adltnews.com/landers/60feb0c5e48be/limon.php
    [ip] => 2409:4056:e8e:424d:505e:a936:a4b3:7ee9
    [utm_campaign] => 203
    [utm_content] => 8
    [utm_medium] => 
    [utm_source] => SM
    [utm_term] => 
    [clickid] => 02391uqgh6juoa7b
    [fbpxl] => 
)

----------- RESPONSE ---------
{"result":"ok"}
----------- END --------------
August 3, 2021, 7:11 am
----------- DATA -------------
Array
(
    [offerId] => 444e972d-e501-4625-8cb3-6aead5d7cc8c
    [fio] => Kunal 
    [phone] => +919997904935
    [email] => admin@admin.com
    [domain] => http://adltnews.com/landers/60feb0c5e48be/limon.php
    [ip] => 2401:4900:416e:d574:cee5:4395:54f9:6f1f
    [utm_campaign] => 203
    [utm_content] => 8
    [utm_medium] => 
    [utm_source] => SM
    [utm_term] => 
    [clickid] => 7c7f2uq8peju3131
    [fbpxl] => 
)

----------- RESPONSE ---------
{"result":"ok"}
----------- END --------------
August 3, 2021, 7:19 am
----------- DATA -------------
Array
(
    [offerId] => 444e972d-e501-4625-8cb3-6aead5d7cc8c
    [fio] => Pravrndra
    [phone] => +918445277680
    [email] => admin@admin.com
    [domain] => http://adltnews.com/landers/60feb0c5e48be/limon.php
    [ip] => 2401:4900:4451:9a72:0:6d:eb9f:2d01
    [utm_campaign] => 203
    [utm_content] => 8
    [utm_medium] => 
    [utm_source] => SM
    [utm_term] => 
    [clickid] => 33866uq8pm7dvfa9
    [fbpxl] => 
)

----------- RESPONSE ---------
{"result":"ok"}
----------- END --------------
August 3, 2021, 7:21 am
----------- DATA -------------
Array
(
    [offerId] => 444e972d-e501-4625-8cb3-6aead5d7cc8c
    [fio] => Suraj lohra rahe
    [phone] => +918757212021
    [email] => admin@admin.com
    [domain] => http://adltnews.com/landers/60feb0c5e48be/limon.php
    [ip] => 2401:4900:3842:60a5:1:2:1458:165a
    [utm_campaign] => 203
    [utm_content] => 8
    [utm_medium] => 
    [utm_source] => SM
    [utm_term] => 
    [clickid] => f424euq8pm7tl52e
    [fbpxl] => 
)

----------- RESPONSE ---------
{"result":"ok"}
----------- END --------------
August 3, 2021, 7:29 am
----------- DATA -------------
Array
(
    [offerId] => 444e972d-e501-4625-8cb3-6aead5d7cc8c
    [fio] => Sonpal
    [phone] => +917817852486
    [email] => admin@admin.com
    [domain] => http://adltnews.com/landers/60feb0c5e48be/limon.php
    [ip] => 2409:4053:d81:5e8c:1088:2e5:833d:705c
    [utm_campaign] => 203
    [utm_content] => 8
    [utm_medium] => 
    [utm_source] => SM
    [utm_term] => 
    [clickid] => 4dbceuq8pg6rn6f4
    [fbpxl] => 
)

----------- RESPONSE ---------
{"result":"ok"}
----------- END --------------
August 3, 2021, 7:29 am
----------- DATA -------------
Array
(
    [offerId] => 444e972d-e501-4625-8cb3-6aead5d7cc8c
    [fio] => Sonpal
    [phone] => +917817852486
    [email] => admin@admin.com
    [domain] => http://adltnews.com/landers/60feb0c5e48be/limon.php
    [ip] => 2409:4053:d81:5e8c:1088:2e5:833d:705c
    [utm_campaign] => 203
    [utm_content] => 8
    [utm_medium] => 
    [utm_source] => SM
    [utm_term] => 
    [clickid] => 4dbceuq8pg6rn6f4
    [fbpxl] => 
)

----------- RESPONSE ---------
{"result":"ok"}
----------- END --------------
August 3, 2021, 7:39 am
----------- DATA -------------
Array
(
    [offerId] => 444e972d-e501-4625-8cb3-6aead5d7cc8c
    [fio] => Monash
    [phone] => +918857943244
    [email] => admin@admin.com
    [domain] => http://adltnews.com/landers/60feb0c5e48be/limon.php
    [ip] => 2401:4900:529b:b18::a22:36f4
    [utm_campaign] => 203
    [utm_content] => 8
    [utm_medium] => 
    [utm_source] => SM
    [utm_term] => 
    [clickid] => 8bdc0uqxoa8bgd92
    [fbpxl] => 
)

----------- RESPONSE ---------
{"result":"ok"}
----------- END --------------
August 3, 2021, 7:40 am
----------- DATA -------------
Array
(
    [offerId] => 444e972d-e501-4625-8cb3-6aead5d7cc8c
    [fio] => Sunil Yadav
    [phone] => +917032410791
    [email] => admin@admin.com
    [domain] => http://adltnews.com/landers/60feb0c5e48be/limon.php
    [ip] => 2401:4900:2788:3cd2:55e7:c0dd:4fa8:acca
    [utm_campaign] => 203
    [utm_content] => 8
    [utm_medium] => 
    [utm_source] => SM
    [utm_term] => 
    [clickid] => cb391uqxogxhee1d
    [fbpxl] => 
)

----------- RESPONSE ---------
{"result":"ok"}
----------- END --------------
August 3, 2021, 7:55 am
----------- DATA -------------
Array
(
    [offerId] => 444e972d-e501-4625-8cb3-6aead5d7cc8c
    [fio] => Anil kumar
    [phone] => +919182665237
    [email] => admin@admin.com
    [domain] => http://adltnews.com/landers/60feb0c5e48be/limon.php
    [ip] => 49.204.187.200
    [utm_campaign] => 203
    [utm_content] => 8
    [utm_medium] => 
    [utm_source] => SM
    [utm_term] => 
    [clickid] => e25ffuqxolplp7a0
    [fbpxl] => 
)

----------- RESPONSE ---------
{"result":"ok"}
----------- END --------------
August 3, 2021, 8:27 am
----------- DATA -------------
Array
(
    [offerId] => 444e972d-e501-4625-8cb3-6aead5d7cc8c
    [fio] => Noushad  ahmad
    [phone] => +917307860670
    [email] => admin@admin.com
    [domain] => http://adltnews.com/landers/60feb0c5e48be/limon.php
    [ip] => 2409:4063:6c17:d8ad:4403:5e5:b0dc:5537
    [utm_campaign] => 203
    [utm_content] => 8
    [utm_medium] => 
    [utm_source] => SM
    [utm_term] => 
    [clickid] => b1acauqxorna722b
    [fbpxl] => 
)

----------- RESPONSE ---------
{"result":"ok"}
----------- END --------------
August 3, 2021, 9:30 am
----------- DATA -------------
Array
(
    [offerId] => 444e972d-e501-4625-8cb3-6aead5d7cc8c
    [fio] => Divyanshu singh
    [phone] => +917307515632
    [email] => admin@admin.com
    [domain] => http://adltnews.com/landers/60feb0c5e48be/limon.php
    [ip] => 2409:4063:229d:d5a6::19d5:30b1
    [utm_campaign] => 203
    [utm_content] => 8
    [utm_medium] => 
    [utm_source] => SM
    [utm_term] => 
    [clickid] => 6fac5uqk2bgxs9c4
    [fbpxl] => 
)

----------- RESPONSE ---------
{"result":"ok"}
----------- END --------------
August 3, 2021, 9:43 am
----------- DATA -------------
Array
(
    [offerId] => 444e972d-e501-4625-8cb3-6aead5d7cc8c
    [fio] => Danish
    [phone] => +918085137917
    [email] => admin@admin.com
    [domain] => http://adltnews.com/landers/60feb0c5e48be/limon.php
    [ip] => 2401:4900:51e3:51a5:1287:a5d6:6c0c:345e
    [utm_campaign] => 203
    [utm_content] => 8
    [utm_medium] => 
    [utm_source] => SM
    [utm_term] => 
    [clickid] => 555c8uqk29zlpd00
    [fbpxl] => 
)

----------- RESPONSE ---------
{"result":"ok"}
----------- END --------------
August 3, 2021, 9:44 am
----------- DATA -------------
Array
(
    [offerId] => 444e972d-e501-4625-8cb3-6aead5d7cc8c
    [fio] => Danish
    [phone] => +918085137917
    [email] => admin@admin.com
    [domain] => http://adltnews.com/landers/60feb0c5e48be/limon.php
    [ip] => 2401:4900:51e3:51a5:1287:a5d6:6c0c:345e
    [utm_campaign] => 203
    [utm_content] => 8
    [utm_medium] => 
    [utm_source] => SM
    [utm_term] => 
    [clickid] => 555c8uqk29zlpd00
    [fbpxl] => 
)

----------- RESPONSE ---------
{"result":"ok"}
----------- END --------------
August 3, 2021, 10:21 am
----------- DATA -------------
Array
(
    [offerId] => 444e972d-e501-4625-8cb3-6aead5d7cc8c
    [fio] => वसीम खान
    [phone] => +918305653646
    [email] => admin@admin.com
    [domain] => http://adltnews.com/landers/60feb0c5e48be/limon.php
    [ip] => 2409:4042:2699:e5f1::7ab:10b0
    [utm_campaign] => 203
    [utm_content] => 8
    [utm_medium] => 
    [utm_source] => SM
    [utm_term] => 
    [clickid] => bd87buq7sydhebda
    [fbpxl] => 
)

----------- RESPONSE ---------
{"result":"ok"}
----------- END --------------
August 3, 2021, 10:22 am
----------- DATA -------------
Array
(
    [offerId] => 444e972d-e501-4625-8cb3-6aead5d7cc8c
    [fio] => वसीम खान
    [phone] => +918305653646
    [email] => admin@admin.com
    [domain] => http://adltnews.com/landers/60feb0c5e48be/limon.php
    [ip] => 2409:4042:2699:e5f1::7ab:10b0
    [utm_campaign] => 203
    [utm_content] => 8
    [utm_medium] => 
    [utm_source] => SM
    [utm_term] => 
    [clickid] => bd87buq7sydhebda
    [fbpxl] => 
)

----------- RESPONSE ---------
{"result":"ok"}
----------- END --------------
August 3, 2021, 10:28 am
----------- DATA -------------
Array
(
    [offerId] => 444e972d-e501-4625-8cb3-6aead5d7cc8c
    [fio] => Siddhant.chauhan
    [phone] => +919675751468
    [email] => admin@admin.com
    [domain] => http://adltnews.com/landers/60feb0c5e48be/limon.php
    [ip] => 2409:4053:719:c688::19e7:10ad
    [utm_campaign] => 203
    [utm_content] => 8
    [utm_medium] => 
    [utm_source] => SM
    [utm_term] => 
    [clickid] => 23934uq7s9rghef9
    [fbpxl] => 
)

----------- RESPONSE ---------
{"result":"ok"}
----------- END --------------
August 3, 2021, 10:29 am
----------- DATA -------------
Array
(
    [offerId] => 444e972d-e501-4625-8cb3-6aead5d7cc8c
    [fio] => Deepak
    [phone] => +919993927269
    [email] => admin@admin.com
    [domain] => http://adltnews.com/landers/60feb0c5e48be/limon.php
    [ip] => 2409:4053:719:c688::19e7:10ad
    [utm_campaign] => 203
    [utm_content] => 8
    [utm_medium] => 
    [utm_source] => SM
    [utm_term] => 
    [clickid] => 23934uq7s9rghef9
    [fbpxl] => 
)

----------- RESPONSE ---------
{"result":"ok"}
----------- END --------------
August 3, 2021, 11:09 am
----------- DATA -------------
Array
(
    [offerId] => 444e972d-e501-4625-8cb3-6aead5d7cc8c
    [fio] => MAHESH SINGH
    [phone] => +918770921304
    [email] => admin@admin.com
    [domain] => http://adltnews.com/landers/60feb0c5e48be/limon.php
    [ip] => 2409:4043:4d8d:9bf5::1048:ca04
    [utm_campaign] => 203
    [utm_content] => 8
    [utm_medium] => 
    [utm_source] => SM
    [utm_term] => 
    [clickid] => d7fd4uqqea6xo133
    [fbpxl] => 
)

----------- RESPONSE ---------
{"result":"ok"}
----------- END --------------
August 3, 2021, 11:26 am
----------- DATA -------------
Array
(
    [offerId] => 444e972d-e501-4625-8cb3-6aead5d7cc8c
    [fio] => Niranjan Prasad
    [phone] => +918757028106
    [email] => admin@admin.com
    [domain] => http://adltnews.com/landers/60feb0c5e48be/limon.php
    [ip] => 106.193.189.135
    [utm_campaign] => 203
    [utm_content] => 8
    [utm_medium] => 
    [utm_source] => SM
    [utm_term] => 
    [clickid] => 0b21euqqeghe83f3
    [fbpxl] => 
)

----------- RESPONSE ---------
{"result":"ok"}
----------- END --------------
August 3, 2021, 11:42 am
----------- DATA -------------
Array
(
    [offerId] => 444e972d-e501-4625-8cb3-6aead5d7cc8c
    [fio] => MAHESH SINGH
    [phone] => +918770921304
    [email] => admin@admin.com
    [domain] => http://adltnews.com/landers/60feb0c5e48be/limon.php
    [ip] => 2409:4043:4d8d:9bf5::1048:ca04
    [utm_campaign] => 203
    [utm_content] => 8
    [utm_medium] => 
    [utm_source] => SM
    [utm_term] => 
    [clickid] => d7fd4uqqea6xo133
    [fbpxl] => 
)

----------- RESPONSE ---------
{"result":"ok"}
----------- END --------------
August 3, 2021, 2:20 pm
----------- DATA -------------
Array
(
    [offerId] => 444e972d-e501-4625-8cb3-6aead5d7cc8c
    [fio] => Kamlesh
    [phone] => +918769718731
    [email] => admin@admin.com
    [domain] => http://adltnews.com/landers/60feb0c5e48be/limon.php
    [ip] => 2401:4900:3101:2e1e:60a:97b9:29db:938
    [utm_campaign] => 203
    [utm_content] => 8
    [utm_medium] => 
    [utm_source] => SM
    [utm_term] => 
    [clickid] => bd172uqydzwyd9bd
    [fbpxl] => 
)

----------- RESPONSE ---------
{"result":"ok"}
----------- END --------------
August 3, 2021, 3:54 pm
----------- DATA -------------
Array
(
    [offerId] => 444e972d-e501-4625-8cb3-6aead5d7cc8c
    [fio] => Suresh
    [phone] => +916361033394
    [email] => admin@admin.com
    [domain] => http://adltnews.com/landers/60feb0c5e48be/limon.php
    [ip] => 2401:4900:33bb:900d:d15a:f9cc:496c:e7b0
    [utm_campaign] => 203
    [utm_content] => 8
    [utm_medium] => 
    [utm_source] => SM
    [utm_term] => 
    [clickid] => 162f7uqvc7vtl3dd
    [fbpxl] => 
)

----------- RESPONSE ---------
{"result":"ok"}
----------- END --------------
August 3, 2021, 3:59 pm
----------- DATA -------------
Array
(
    [offerId] => 444e972d-e501-4625-8cb3-6aead5d7cc8c
    [fio] => Sonu Kumar
    [phone] => +919369608122
    [email] => admin@admin.com
    [domain] => http://adltnews.com/landers/60feb0c5e48be/limon.php
    [ip] => 2401:4900:5242:7205:0:3c:379a:fc01
    [utm_campaign] => 203
    [utm_content] => 8
    [utm_medium] => 
    [utm_source] => SM
    [utm_term] => 
    [clickid] => 854eduqvc4k37801
    [fbpxl] => 
)

----------- RESPONSE ---------
{"result":"ok"}
----------- END --------------
August 3, 2021, 4:06 pm
----------- DATA -------------
Array
(
    [offerId] => 444e972d-e501-4625-8cb3-6aead5d7cc8c
    [fio] => .hp una gagret
    [phone] => +919805573707
    [email] => admin@admin.com
    [domain] => http://adltnews.com/landers/60feb0c5e48be/limon.php
    [ip] => 2409:4056:2014:d948:9e4:9d61:75c5:62c6
    [utm_campaign] => 203
    [utm_content] => 8
    [utm_medium] => 
    [utm_source] => SM
    [utm_term] => 
    [clickid] => 0a9c3uqvcydq5913
    [fbpxl] => 
)

----------- RESPONSE ---------
{"result":"ok"}
----------- END --------------
August 3, 2021, 4:06 pm
----------- DATA -------------
Array
(
    [offerId] => 444e972d-e501-4625-8cb3-6aead5d7cc8c
    [fio] => .hp una gagret
    [phone] => +919805573707
    [email] => admin@admin.com
    [domain] => http://adltnews.com/landers/60feb0c5e48be/limon.php
    [ip] => 2409:4056:2014:d948:9e4:9d61:75c5:62c6
    [utm_campaign] => 203
    [utm_content] => 8
    [utm_medium] => 
    [utm_source] => SM
    [utm_term] => 
    [clickid] => 0a9c3uqvcydq5913
    [fbpxl] => 
)

----------- RESPONSE ---------
{"result":"ok"}
----------- END --------------
August 3, 2021, 4:07 pm
----------- DATA -------------
Array
(
    [offerId] => 444e972d-e501-4625-8cb3-6aead5d7cc8c
    [fio] => .hp una gagret
    [phone] => +919805573707
    [email] => admin@admin.com
    [domain] => http://adltnews.com/landers/60feb0c5e48be/limon.php
    [ip] => 2409:4056:2014:d948:9e4:9d61:75c5:62c6
    [utm_campaign] => 203
    [utm_content] => 8
    [utm_medium] => 
    [utm_source] => SM
    [utm_term] => 
    [clickid] => 0a9c3uqvcydq5913
    [fbpxl] => 
)

----------- RESPONSE ---------
{"result":"ok"}
----------- END --------------
August 3, 2021, 4:19 pm
----------- DATA -------------
Array
(
    [offerId] => 444e972d-e501-4625-8cb3-6aead5d7cc8c
    [fio] => R b s
    [phone] => +917078313609
    [email] => admin@admin.com
    [domain] => http://adltnews.com/landers/60feb0c5e48be/limon.php
    [ip] => 117.96.61.248
    [utm_campaign] => 203
    [utm_content] => 8
    [utm_medium] => 
    [utm_source] => SM
    [utm_term] => 
    [clickid] => f05f4uqvcd5xs419
    [fbpxl] => 
)

----------- RESPONSE ---------
{"result":"ok"}
----------- END --------------
August 3, 2021, 4:29 pm
----------- DATA -------------
Array
(
    [offerId] => 444e972d-e501-4625-8cb3-6aead5d7cc8c
    [fio] => Monu 
    [phone] => +919337422300
    [email] => admin@admin.com
    [domain] => http://adltnews.com/landers/60feb0c5e48be/limon.php
    [ip] => 2409:4062:2012:cdeb::284b:20a4
    [utm_campaign] => 203
    [utm_content] => 8
    [utm_medium] => 
    [utm_source] => SM
    [utm_term] => 
    [clickid] => 3b1d4uqvc4p17986
    [fbpxl] => 
)

----------- RESPONSE ---------
{"result":"ok"}
----------- END --------------
August 3, 2021, 4:30 pm
----------- DATA -------------
Array
(
    [offerId] => 444e972d-e501-4625-8cb3-6aead5d7cc8c
    [fio] => Raesi
    [phone] => +919416475636
    [email] => admin@admin.com
    [domain] => http://adltnews.com/landers/60feb0c5e48be/limon.php
    [ip] => 2409:4051:4e88:db87::6509:a911
    [utm_campaign] => 203
    [utm_content] => 8
    [utm_medium] => 
    [utm_source] => SM
    [utm_term] => 
    [clickid] => c59f2uqvce8xs09f
    [fbpxl] => 
)

----------- RESPONSE ---------
{"result":"ok"}
----------- END --------------
August 3, 2021, 4:31 pm
----------- DATA -------------
Array
(
    [offerId] => 444e972d-e501-4625-8cb3-6aead5d7cc8c
    [fio] => Rajan kumar
    [phone] => +919416475636
    [email] => admin@admin.com
    [domain] => http://adltnews.com/landers/60feb0c5e48be/limon.php
    [ip] => 2409:4051:4e88:db87::6509:a911
    [utm_campaign] => 203
    [utm_content] => 8
    [utm_medium] => 
    [utm_source] => SM
    [utm_term] => 
    [clickid] => c59f2uqvce8xs09f
    [fbpxl] => 
)

----------- RESPONSE ---------
{"result":"ok"}
----------- END --------------
August 3, 2021, 4:33 pm
----------- DATA -------------
Array
(
    [offerId] => 444e972d-e501-4625-8cb3-6aead5d7cc8c
    [fio] => Suman.kumar.pal
    [phone] => +919693978927
    [email] => admin@admin.com
    [domain] => http://adltnews.com/landers/60feb0c5e48be/limon.php
    [ip] => 2401:4900:3cd9:efb::e23:c707
    [utm_campaign] => 203
    [utm_content] => 8
    [utm_medium] => 
    [utm_source] => SM
    [utm_term] => 
    [clickid] => 6d510uq6ja23vff5
    [fbpxl] => 
)

----------- RESPONSE ---------
{"result":"ok"}
----------- END --------------
August 3, 2021, 4:34 pm
----------- DATA -------------
Array
(
    [offerId] => 444e972d-e501-4625-8cb3-6aead5d7cc8c
    [fio] => Suman.kumar.pal
    [phone] => +919693978927
    [email] => admin@admin.com
    [domain] => http://adltnews.com/landers/60feb0c5e48be/limon.php
    [ip] => 2401:4900:3cd9:efb::e23:c707
    [utm_campaign] => 203
    [utm_content] => 8
    [utm_medium] => 
    [utm_source] => SM
    [utm_term] => 
    [clickid] => 6d510uq6ja23vff5
    [fbpxl] => 
)

----------- RESPONSE ---------
{"result":"ok"}
----------- END --------------
August 3, 2021, 4:36 pm
----------- DATA -------------
Array
(
    [offerId] => 444e972d-e501-4625-8cb3-6aead5d7cc8c
    [fio] => Mohsin
    [phone] => +917862975954
    [email] => admin@admin.com
    [domain] => http://adltnews.com/landers/60feb0c5e48be/limon.php
    [ip] => 2409:4041:2e12:1ca3::d708:e412
    [utm_campaign] => 203
    [utm_content] => 8
    [utm_medium] => 
    [utm_source] => SM
    [utm_term] => 
    [clickid] => 277e9uq6j2t8pefe
    [fbpxl] => 
)

----------- RESPONSE ---------
{"result":"ok"}
----------- END --------------
August 3, 2021, 4:40 pm
----------- DATA -------------
Array
(
    [offerId] => 444e972d-e501-4625-8cb3-6aead5d7cc8c
    [fio] => Naam Rajesh
    [phone] => +918873574604
    [email] => admin@admin.com
    [domain] => http://adltnews.com/landers/60feb0c5e48be/limon.php
    [ip] => 2401:4900:171a:1620:6c9f:de55:24d5:2afd
    [utm_campaign] => 203
    [utm_content] => 8
    [utm_medium] => 
    [utm_source] => SM
    [utm_term] => 
    [clickid] => 45abduq6jfnscc70
    [fbpxl] => 
)

----------- RESPONSE ---------
{"result":"ok"}
----------- END --------------
August 3, 2021, 4:40 pm
----------- DATA -------------
Array
(
    [offerId] => 444e972d-e501-4625-8cb3-6aead5d7cc8c
    [fio] => Krishna
    [phone] => +919060268776
    [email] => admin@admin.com
    [domain] => http://adltnews.com/landers/60feb0c5e48be/limon.php
    [ip] => 2401:4900:385a:bbdc:a4f9:c942:1eae:d5b3
    [utm_campaign] => 203
    [utm_content] => 8
    [utm_medium] => 
    [utm_source] => SM
    [utm_term] => 
    [clickid] => 57e2auq6jfn4pd55
    [fbpxl] => 
)

----------- RESPONSE ---------
{"result":"ok"}
----------- END --------------
August 3, 2021, 4:47 pm
----------- DATA -------------
Array
(
    [offerId] => 444e972d-e501-4625-8cb3-6aead5d7cc8c
    [fio] => Sohan
    [phone] => +919950425134
    [email] => admin@admin.com
    [domain] => http://adltnews.com/landers/60feb0c5e48be/limon.php
    [ip] => 2401:4900:5466:3165::1023:5363
    [utm_campaign] => 203
    [utm_content] => 8
    [utm_medium] => 
    [utm_source] => SM
    [utm_term] => 
    [clickid] => d3e52uq6jntuq7ea
    [fbpxl] => 
)

----------- RESPONSE ---------
{"result":"ok"}
----------- END --------------
August 3, 2021, 4:48 pm
----------- DATA -------------
Array
(
    [offerId] => 444e972d-e501-4625-8cb3-6aead5d7cc8c
    [fio] => Sohan
    [phone] => +919950425134
    [email] => admin@admin.com
    [domain] => http://adltnews.com/landers/60feb0c5e48be/limon.php
    [ip] => 2401:4900:5466:3165::1023:5363
    [utm_campaign] => 203
    [utm_content] => 8
    [utm_medium] => 
    [utm_source] => SM
    [utm_term] => 
    [clickid] => d3e52uq6jntuq7ea
    [fbpxl] => 
)

----------- RESPONSE ---------
{"result":"ok"}
----------- END --------------
August 3, 2021, 4:52 pm
----------- DATA -------------
Array
(
    [offerId] => 444e972d-e501-4625-8cb3-6aead5d7cc8c
    [fio] => Mahesh
    [phone] => +919663707442
    [email] => admin@admin.com
    [domain] => http://adltnews.com/landers/60feb0c5e48be/limon.php
    [ip] => 124.40.247.123
    [utm_campaign] => 203
    [utm_content] => 8
    [utm_medium] => 
    [utm_source] => SM
    [utm_term] => 
    [clickid] => e294cuq6j9likdb6
    [fbpxl] => 
)

----------- RESPONSE ---------
{"result":"ok"}
----------- END --------------
August 3, 2021, 4:59 pm
----------- DATA -------------
Array
(
    [offerId] => 444e972d-e501-4625-8cb3-6aead5d7cc8c
    [fio] => SATNAM SINGH KHALSA
    [phone] => +918427093653
    [email] => admin@admin.com
    [domain] => http://adltnews.com/landers/60feb0c5e48be/limon.php
    [ip] => 106.207.201.219
    [utm_campaign] => 203
    [utm_content] => 8
    [utm_medium] => 
    [utm_source] => SM
    [utm_term] => 
    [clickid] => b9c95uq6jmymyfa5
    [fbpxl] => 
)

----------- RESPONSE ---------
{"result":"ok"}
----------- END --------------
August 3, 2021, 5:03 pm
----------- DATA -------------
Array
(
    [offerId] => 444e972d-e501-4625-8cb3-6aead5d7cc8c
    [fio] => Kishor 
    [phone] => +918103176313
    [email] => admin@admin.com
    [domain] => http://adltnews.com/landers/60feb0c5e48be/limon.php
    [ip] => 2409:4043:94:771c::1eba:80a0
    [utm_campaign] => 203
    [utm_content] => 8
    [utm_medium] => 
    [utm_source] => SM
    [utm_term] => 
    [clickid] => 51bcbuq6jx98p3bb
    [fbpxl] => 
)

----------- RESPONSE ---------
{"result":"ok"}
----------- END --------------
August 3, 2021, 5:05 pm
----------- DATA -------------
Array
(
    [offerId] => 444e972d-e501-4625-8cb3-6aead5d7cc8c
    [fio] => Kishor 
    [phone] => +918103176313
    [email] => admin@admin.com
    [domain] => http://adltnews.com/landers/60feb0c5e48be/limon.php
    [ip] => 2409:4043:94:771c::1eba:80a0
    [utm_campaign] => 203
    [utm_content] => 8
    [utm_medium] => 
    [utm_source] => SM
    [utm_term] => 
    [clickid] => 51bcbuq6jx98p3bb
    [fbpxl] => 
)

----------- RESPONSE ---------
{"result":"ok"}
----------- END --------------
August 3, 2021, 5:06 pm
----------- DATA -------------
Array
(
    [offerId] => 444e972d-e501-4625-8cb3-6aead5d7cc8c
    [fio] => Kishor 
    [phone] => +918103176313
    [email] => admin@admin.com
    [domain] => http://adltnews.com/landers/60feb0c5e48be/limon.php
    [ip] => 2409:4043:94:771c::1eba:80a0
    [utm_campaign] => 203
    [utm_content] => 8
    [utm_medium] => 
    [utm_source] => SM
    [utm_term] => 
    [clickid] => 51bcbuq6jx98p3bb
    [fbpxl] => 
)

----------- RESPONSE ---------
{"result":"ok"}
----------- END --------------
August 3, 2021, 5:15 pm
----------- DATA -------------
Array
(
    [offerId] => 444e972d-e501-4625-8cb3-6aead5d7cc8c
    [fio] => Shiva
    [phone] => +916006360117
    [email] => admin@admin.com
    [domain] => http://adltnews.com/landers/60feb0c5e48be/limon.php
    [ip] => 2409:4054:2106:9c0f:6a76:7518:6cd:9af0
    [utm_campaign] => 203
    [utm_content] => 8
    [utm_medium] => 
    [utm_source] => SM
    [utm_term] => 
    [clickid] => 83405uq9la5oj65f
    [fbpxl] => 
)

----------- RESPONSE ---------
{"result":"ok"}
----------- END --------------
August 3, 2021, 5:15 pm
----------- DATA -------------
Array
(
    [offerId] => 444e972d-e501-4625-8cb3-6aead5d7cc8c
    [fio] => Shiva
    [phone] => +916006360117
    [email] => admin@admin.com
    [domain] => http://adltnews.com/landers/60feb0c5e48be/limon.php
    [ip] => 2409:4054:2106:9c0f:6a76:7518:6cd:9af0
    [utm_campaign] => 203
    [utm_content] => 8
    [utm_medium] => 
    [utm_source] => SM
    [utm_term] => 
    [clickid] => 83405uq9la5oj65f
    [fbpxl] => 
)

----------- RESPONSE ---------
{"result":"ok"}
----------- END --------------
August 3, 2021, 5:16 pm
----------- DATA -------------
Array
(
    [offerId] => 444e972d-e501-4625-8cb3-6aead5d7cc8c
    [fio] => Shiva
    [phone] => +916006360117
    [email] => admin@admin.com
    [domain] => http://adltnews.com/landers/60feb0c5e48be/limon.php
    [ip] => 2409:4054:2106:9c0f:6a76:7518:6cd:9af0
    [utm_campaign] => 203
    [utm_content] => 8
    [utm_medium] => 
    [utm_source] => SM
    [utm_term] => 
    [clickid] => 83405uq9la5oj65f
    [fbpxl] => 
)

----------- RESPONSE ---------
{"result":"ok"}
----------- END --------------
August 3, 2021, 5:17 pm
----------- DATA -------------
Array
(
    [offerId] => 444e972d-e501-4625-8cb3-6aead5d7cc8c
    [fio] => Vbjbughg
    [phone] => +919773478905
    [email] => admin@admin.com
    [domain] => http://adltnews.com/landers/60feb0c5e48be/limon.php
    [ip] => 2409:4041:6e07:ddf0:6c65:6011:a14b:cab5
    [utm_campaign] => 203
    [utm_content] => 8
    [utm_medium] => 
    [utm_source] => SM
    [utm_term] => 
    [clickid] => 5eb30uq9lpmj25c7
    [fbpxl] => 
)

----------- RESPONSE ---------
{"result":"ok"}
----------- END --------------
August 3, 2021, 5:17 pm
----------- DATA -------------
Array
(
    [offerId] => 444e972d-e501-4625-8cb3-6aead5d7cc8c
    [fio] => Shiva
    [phone] => +916006360117
    [email] => admin@admin.com
    [domain] => http://adltnews.com/landers/60feb0c5e48be/limon.php
    [ip] => 2409:4054:2106:9c0f:6a76:7518:6cd:9af0
    [utm_campaign] => 203
    [utm_content] => 8
    [utm_medium] => 
    [utm_source] => SM
    [utm_term] => 
    [clickid] => 83405uq9la5oj65f
    [fbpxl] => 
)

----------- RESPONSE ---------
{"result":"ok"}
----------- END --------------
August 3, 2021, 5:20 pm
----------- DATA -------------
Array
(
    [offerId] => 444e972d-e501-4625-8cb3-6aead5d7cc8c
    [fio] => Pavan 
    [phone] => +919972359727
    [email] => admin@admin.com
    [domain] => http://adltnews.com/landers/60feb0c5e48be/limon.php
    [ip] => 2401:4900:33ce:4de1:7f21:e5a2:9220:557e
    [utm_campaign] => 203
    [utm_content] => 8
    [utm_medium] => 
    [utm_source] => SM
    [utm_term] => 
    [clickid] => 70abauq9loj16615
    [fbpxl] => 
)

----------- RESPONSE ---------
{"result":"ok"}
----------- END --------------
August 3, 2021, 5:22 pm
----------- DATA -------------
Array
(
    [offerId] => 444e972d-e501-4625-8cb3-6aead5d7cc8c
    [fio] => Love
    [phone] => +918824028422
    [email] => admin@admin.com
    [domain] => http://adltnews.com/landers/60feb0c5e48be/limon.php
    [ip] => 2401:4900:41e3:3cb:636b:5c92:87b4:6740
    [utm_campaign] => 203
    [utm_content] => 8
    [utm_medium] => 
    [utm_source] => SM
    [utm_term] => 
    [clickid] => f11ccuq9lgma65dc
    [fbpxl] => 
)

----------- RESPONSE ---------
{"result":"ok"}
----------- END --------------
August 3, 2021, 5:23 pm
----------- DATA -------------
Array
(
    [offerId] => 444e972d-e501-4625-8cb3-6aead5d7cc8c
    [fio] => Palm
    [phone] => +918080760730
    [email] => admin@admin.com
    [domain] => http://adltnews.com/landers/60feb0c5e48be/limon.php
    [ip] => 2401:4900:52fb:94b8:4f4f:8284:d915:71b2
    [utm_campaign] => 203
    [utm_content] => 8
    [utm_medium] => 
    [utm_source] => SM
    [utm_term] => 
    [clickid] => 82ccauq9l161534a
    [fbpxl] => 
)

----------- RESPONSE ---------
{"result":"ok"}
----------- END --------------
August 3, 2021, 5:33 pm
----------- DATA -------------
Array
(
    [offerId] => 444e972d-e501-4625-8cb3-6aead5d7cc8c
    [fio] => Sanjay
    [phone] => +919818409582
    [email] => admin@admin.com
    [domain] => http://adltnews.com/landers/60feb0c5e48be/limon.php
    [ip] => 2401:4900:40f2:f86e:3ee2:b955:fb12:38e5
    [utm_campaign] => 203
    [utm_content] => 8
    [utm_medium] => 
    [utm_source] => SM
    [utm_term] => 
    [clickid] => 7e324uq9l9r8p5f2
    [fbpxl] => 
)

----------- RESPONSE ---------
{"result":"ok"}
----------- END --------------
August 3, 2021, 5:33 pm
----------- DATA -------------
Array
(
    [offerId] => 444e972d-e501-4625-8cb3-6aead5d7cc8c
    [fio] => Ayush bedre
    [phone] => +917223991466
    [email] => admin@admin.com
    [domain] => http://adltnews.com/landers/60feb0c5e48be/limon.php
    [ip] => 2401:4900:51c3:8c0:d056:ad24:df50:a664
    [utm_campaign] => 203
    [utm_content] => 8
    [utm_medium] => 
    [utm_source] => SM
    [utm_term] => 
    [clickid] => fb234uq9lxib7af7
    [fbpxl] => 
)

----------- RESPONSE ---------
{"result":"ok"}
----------- END --------------
August 3, 2021, 5:36 pm
----------- DATA -------------
Array
(
    [offerId] => 444e972d-e501-4625-8cb3-6aead5d7cc8c
    [fio] => Rohidas Ambadas Rathod
    [phone] => +919665148686
    [email] => admin@admin.com
    [domain] => http://adltnews.com/landers/60feb0c5e48be/limon.php
    [ip] => 2409:4042:2d95:bb74:52ff:d494:ec2e:ca6d
    [utm_campaign] => 203
    [utm_content] => 8
    [utm_medium] => 
    [utm_source] => SM
    [utm_term] => 
    [clickid] => b5337uq9l1ma96fd
    [fbpxl] => 
)

----------- RESPONSE ---------
{"result":"ok"}
----------- END --------------
August 3, 2021, 5:41 pm
----------- DATA -------------
Array
(
    [offerId] => 444e972d-e501-4625-8cb3-6aead5d7cc8c
    [fio] => So Pali 
    [phone] => +919084565357
    [email] => admin@admin.com
    [domain] => http://adltnews.com/landers/60feb0c5e48be/limon.php
    [ip] => 2401:4900:b05:93b7:3bd3:a812:8727:44cc
    [utm_campaign] => 203
    [utm_content] => 8
    [utm_medium] => 
    [utm_source] => SM
    [utm_term] => 
    [clickid] => a49ceuq9l3vrnc7e
    [fbpxl] => 
)

----------- RESPONSE ---------
{"result":"ok"}
----------- END --------------
August 3, 2021, 5:42 pm
----------- DATA -------------
Array
(
    [offerId] => 444e972d-e501-4625-8cb3-6aead5d7cc8c
    [fio] => So Pali 
    [phone] => +919084565357
    [email] => admin@admin.com
    [domain] => http://adltnews.com/landers/60feb0c5e48be/limon.php
    [ip] => 2401:4900:b05:93b7:3bd3:a812:8727:44cc
    [utm_campaign] => 203
    [utm_content] => 8
    [utm_medium] => 
    [utm_source] => SM
    [utm_term] => 
    [clickid] => a49ceuq9l3vrnc7e
    [fbpxl] => 
)

----------- RESPONSE ---------
{"result":"ok"}
----------- END --------------
August 3, 2021, 5:53 pm
----------- DATA -------------
Array
(
    [offerId] => 444e972d-e501-4625-8cb3-6aead5d7cc8c
    [fio] => Rajnakumar
    [phone] => +91706193683
    [email] => admin@admin.com
    [domain] => http://adltnews.com/landers/60feb0c5e48be/limon.php
    [ip] => 2409:4064:901:c07a:f862:f784:a9a8:cce7
    [utm_campaign] => 203
    [utm_content] => 8
    [utm_medium] => 
    [utm_source] => SM
    [utm_term] => 
    [clickid] => 03baduqftfnh950b
    [fbpxl] => 
)

----------- RESPONSE ---------
{"result":"ok"}
----------- END --------------
August 3, 2021, 5:56 pm
----------- DATA -------------
Array
(
    [offerId] => 444e972d-e501-4625-8cb3-6aead5d7cc8c
    [fio] => Jabir
    [phone] => +917409098357
    [email] => admin@admin.com
    [domain] => http://adltnews.com/landers/60feb0c5e48be/limon.php
    [ip] => 2409:4053:2e13:b1dd:359e:538f:1b11:4e65
    [utm_campaign] => 203
    [utm_content] => 8
    [utm_medium] => 
    [utm_source] => SM
    [utm_term] => 
    [clickid] => 51a40uqftqdib430
    [fbpxl] => 
)

----------- RESPONSE ---------
{"result":"ok"}
----------- END --------------
August 3, 2021, 6:00 pm
----------- DATA -------------
Array
(
    [offerId] => 444e972d-e501-4625-8cb3-6aead5d7cc8c
    [fio] => Ramnevash
    [phone] => +919104528236
    [email] => admin@admin.com
    [domain] => http://adltnews.com/landers/60feb0c5e48be/limon.php
    [ip] => 2401:4900:54c4:382d:e95a:19bd:cd5f:f87e
    [utm_campaign] => 203
    [utm_content] => 8
    [utm_medium] => 
    [utm_source] => SM
    [utm_term] => 
    [clickid] => 8f775uqft8rgx8fe
    [fbpxl] => 
)

----------- RESPONSE ---------
{"result":"ok"}
----------- END --------------
August 3, 2021, 6:06 pm
----------- DATA -------------
Array
(
    [offerId] => 444e972d-e501-4625-8cb3-6aead5d7cc8c
    [fio] => Ashu
    [phone] => +918607529428
    [email] => admin@admin.com
    [domain] => http://adltnews.com/landers/60feb0c5e48be/limon.php
    [ip] => 117.225.130.19
    [utm_campaign] => 203
    [utm_content] => 8
    [utm_medium] => 
    [utm_source] => SM
    [utm_term] => 
    [clickid] => 8ff18uqft8w7v05d
    [fbpxl] => 
)

----------- RESPONSE ---------
{"result":"ok"}
----------- END --------------
August 3, 2021, 6:12 pm
----------- DATA -------------
Array
(
    [offerId] => 444e972d-e501-4625-8cb3-6aead5d7cc8c
    [fio] => Vikky
    [phone] => +917494839228
    [email] => admin@admin.com
    [domain] => http://adltnews.com/landers/60feb0c5e48be/limon.php
    [ip] => 2401:4900:30de:998c:0:9:59a7:3501
    [utm_campaign] => 203
    [utm_content] => 8
    [utm_medium] => 
    [utm_source] => SM
    [utm_term] => 
    [clickid] => b7630uqfteja3482
    [fbpxl] => 
)

----------- RESPONSE ---------
{"result":"ok"}
----------- END --------------
August 3, 2021, 6:13 pm
----------- DATA -------------
Array
(
    [offerId] => 444e972d-e501-4625-8cb3-6aead5d7cc8c
    [fio] => Sk sattar
    [phone] => +917012476367
    [email] => admin@admin.com
    [domain] => http://adltnews.com/landers/60feb0c5e48be/limon.php
    [ip] => 223.239.59.108
    [utm_campaign] => 203
    [utm_content] => 8
    [utm_medium] => 
    [utm_source] => SM
    [utm_term] => 
    [clickid] => c8a76uqft37y9e5b
    [fbpxl] => 
)

----------- RESPONSE ---------
{"result":"ok"}
----------- END --------------
August 3, 2021, 6:13 pm
----------- DATA -------------
Array
(
    [offerId] => 444e972d-e501-4625-8cb3-6aead5d7cc8c
    [fio] => Nitin Shaiya 
    [phone] => +918200301616
    [email] => admin@admin.com
    [domain] => http://adltnews.com/landers/60feb0c5e48be/limon.php
    [ip] => 2401:4900:50a0:164:1:0:136c:b8ab
    [utm_campaign] => 203
    [utm_content] => 8
    [utm_medium] => 
    [utm_source] => SM
    [utm_term] => 
    [clickid] => e4693uqftfva9a52
    [fbpxl] => 
)

----------- RESPONSE ---------
{"result":"ok"}
----------- END --------------
August 3, 2021, 6:13 pm
----------- DATA -------------
Array
(
    [offerId] => 444e972d-e501-4625-8cb3-6aead5d7cc8c
    [fio] => Mahesh 
    [phone] => +918618672728
    [email] => admin@admin.com
    [domain] => http://adltnews.com/landers/60feb0c5e48be/limon.php
    [ip] => 2409:4070:2c31:300:e744:e37:9920:573d
    [utm_campaign] => 203
    [utm_content] => 8
    [utm_medium] => 
    [utm_source] => SM
    [utm_term] => 
    [clickid] => 58daauqftmyoj8da
    [fbpxl] => 
)

----------- RESPONSE ---------
{"result":"ok"}
----------- END --------------
August 3, 2021, 6:16 pm
----------- DATA -------------
Array
(
    [offerId] => 444e972d-e501-4625-8cb3-6aead5d7cc8c
    [fio] => Sattar
    [phone] => +918617810665
    [email] => admin@admin.com
    [domain] => http://adltnews.com/landers/60feb0c5e48be/limon.php
    [ip] => 2409:4061:182:6a83:1d78:4edb:8061:b8ad
    [utm_campaign] => 203
    [utm_content] => 8
    [utm_medium] => 
    [utm_source] => SM
    [utm_term] => 
    [clickid] => f908duqftocj2db3
    [fbpxl] => 
)

----------- RESPONSE ---------
{"result":"ok"}
----------- END --------------
August 3, 2021, 6:24 pm
----------- DATA -------------
Array
(
    [offerId] => 444e972d-e501-4625-8cb3-6aead5d7cc8c
    [fio] => Gurdyal singh
    [phone] => +918091060034
    [email] => admin@admin.com
    [domain] => http://adltnews.com/landers/60feb0c5e48be/limon.php
    [ip] => 2401:4900:3b2b:e9d5:e879:87e5:9b99:df9b
    [utm_campaign] => 203
    [utm_content] => 8
    [utm_medium] => 
    [utm_source] => SM
    [utm_term] => 
    [clickid] => a7155uqftqqe8d66
    [fbpxl] => 
)

----------- RESPONSE ---------
{"result":"ok"}
----------- END --------------
August 3, 2021, 6:25 pm
----------- DATA -------------
Array
(
    [offerId] => 444e972d-e501-4625-8cb3-6aead5d7cc8c
    [fio] => Anand Kumar Rajput
    [phone] => +918866311084
    [email] => admin@admin.com
    [domain] => http://adltnews.com/landers/60feb0c5e48be/limon.php
    [ip] => 115.96.45.71
    [utm_campaign] => 203
    [utm_content] => 8
    [utm_medium] => 
    [utm_source] => SM
    [utm_term] => 
    [clickid] => 1c4e2uq3zusa36bb
    [fbpxl] => 
)

----------- RESPONSE ---------
{"result":"ok"}
----------- END --------------
August 3, 2021, 6:26 pm
----------- DATA -------------
Array
(
    [offerId] => 444e972d-e501-4625-8cb3-6aead5d7cc8c
    [fio] => Anand Kumar Rajput
    [phone] => +91279970757
    [email] => admin@admin.com
    [domain] => http://adltnews.com/landers/60feb0c5e48be/limon.php
    [ip] => 115.96.45.71
    [utm_campaign] => 203
    [utm_content] => 8
    [utm_medium] => 
    [utm_source] => SM
    [utm_term] => 
    [clickid] => 1c4e2uq3zusa36bb
    [fbpxl] => 
)

----------- RESPONSE ---------
{"result":"ok"}
----------- END --------------
August 3, 2021, 6:27 pm
----------- DATA -------------
Array
(
    [offerId] => 444e972d-e501-4625-8cb3-6aead5d7cc8c
    [fio] => Anand Kumar Rajput
    [phone] => +91279970757
    [email] => admin@admin.com
    [domain] => http://adltnews.com/landers/60feb0c5e48be/limon.php
    [ip] => 115.96.45.71
    [utm_campaign] => 203
    [utm_content] => 8
    [utm_medium] => 
    [utm_source] => SM
    [utm_term] => 
    [clickid] => 1c4e2uq3zusa36bb
    [fbpxl] => 
)

----------- RESPONSE ---------
{"result":"ok"}
----------- END --------------
August 3, 2021, 6:27 pm
----------- DATA -------------
Array
(
    [offerId] => 444e972d-e501-4625-8cb3-6aead5d7cc8c
    [fio] => Sachin
    [phone] => +917501864426
    [email] => admin@admin.com
    [domain] => http://adltnews.com/landers/60feb0c5e48be/limon.php
    [ip] => 2401:4900:3a01:811c:4066:5a79:7302:504d
    [utm_campaign] => 203
    [utm_content] => 8
    [utm_medium] => 
    [utm_source] => SM
    [utm_term] => 
    [clickid] => 122f7uq3zhexoaee
    [fbpxl] => 
)

----------- RESPONSE ---------
{"result":"ok"}
----------- END --------------
August 3, 2021, 6:31 pm
----------- DATA -------------
Array
(
    [offerId] => 444e972d-e501-4625-8cb3-6aead5d7cc8c
    [fio] => Raju 
    [phone] => +919504002200
    [email] => admin@admin.com
    [domain] => http://adltnews.com/landers/60feb0c5e48be/limon.php
    [ip] => 2401:4900:3ccb:32d3::122b:e33e
    [utm_campaign] => 203
    [utm_content] => 8
    [utm_medium] => 
    [utm_source] => SM
    [utm_term] => 
    [clickid] => 8babauq3z8r17d1b
    [fbpxl] => 
)

----------- RESPONSE ---------
{"result":"ok"}
----------- END --------------
August 3, 2021, 6:33 pm
----------- DATA -------------
Array
(
    [offerId] => 444e972d-e501-4625-8cb3-6aead5d7cc8c
    [fio] => Arman
    [phone] => +919483773962
    [email] => admin@admin.com
    [domain] => http://adltnews.com/landers/60feb0c5e48be/limon.php
    [ip] => 2401:4900:4bce:1f60:1:0:2950:47d8
    [utm_campaign] => 203
    [utm_content] => 8
    [utm_medium] => 
    [utm_source] => SM
    [utm_term] => 
    [clickid] => d923buq3zwf17aa9
    [fbpxl] => 
)

----------- RESPONSE ---------
{"result":"ok"}
----------- END --------------
August 3, 2021, 6:34 pm
----------- DATA -------------
Array
(
    [offerId] => 444e972d-e501-4625-8cb3-6aead5d7cc8c
    [fio] => Arman
    [phone] => +919483773962
    [email] => admin@admin.com
    [domain] => http://adltnews.com/landers/60feb0c5e48be/limon.php
    [ip] => 2401:4900:4bce:1f60:1:0:2950:47d8
    [utm_campaign] => 203
    [utm_content] => 8
    [utm_medium] => 
    [utm_source] => SM
    [utm_term] => 
    [clickid] => d923buq3zwf17aa9
    [fbpxl] => 
)

----------- RESPONSE ---------
{"result":"ok"}
----------- END --------------
August 3, 2021, 6:37 pm
----------- DATA -------------
Array
(
    [offerId] => 444e972d-e501-4625-8cb3-6aead5d7cc8c
    [fio] => Rohit Kumar 
    [phone] => +916354972435
    [email] => admin@admin.com
    [domain] => http://adltnews.com/landers/60feb0c5e48be/limon.php
    [ip] => 2405:205:c867:8c0f:2fd8:e15d:e382:eba7
    [utm_campaign] => 203
    [utm_content] => 8
    [utm_medium] => 
    [utm_source] => SM
    [utm_term] => 
    [clickid] => 83f11uq3ze2lp06f
    [fbpxl] => 
)

----------- RESPONSE ---------
{"result":"ok"}
----------- END --------------
August 3, 2021, 6:51 pm
----------- DATA -------------
Array
(
    [offerId] => 444e972d-e501-4625-8cb3-6aead5d7cc8c
    [fio] => Hghggg
    [phone] => +916555586556
    [email] => admin@admin.com
    [domain] => http://adltnews.com/landers/60feb0c5e48be/limon.php
    [ip] => 2401:4900:3cb8:e7cc::639:f308
    [utm_campaign] => 203
    [utm_content] => 8
    [utm_medium] => 
    [utm_source] => SM
    [utm_term] => 
    [clickid] => 3addcuq3zwh153ce
    [fbpxl] => 
)

----------- RESPONSE ---------
{"result":"ok"}
----------- END --------------
August 3, 2021, 6:51 pm
----------- DATA -------------
Array
(
    [offerId] => 444e972d-e501-4625-8cb3-6aead5d7cc8c
    [fio] => Hghggg
    [phone] => +916555586556
    [email] => admin@admin.com
    [domain] => http://adltnews.com/landers/60feb0c5e48be/limon.php
    [ip] => 2401:4900:3cb8:e7cc::639:f308
    [utm_campaign] => 203
    [utm_content] => 8
    [utm_medium] => 
    [utm_source] => SM
    [utm_term] => 
    [clickid] => 3addcuq3zwh153ce
    [fbpxl] => 
)

----------- RESPONSE ---------
{"result":"ok"}
----------- END --------------
August 3, 2021, 6:51 pm
----------- DATA -------------
Array
(
    [offerId] => 444e972d-e501-4625-8cb3-6aead5d7cc8c
    [fio] => Hghggg
    [phone] => +916555586556
    [email] => admin@admin.com
    [domain] => http://adltnews.com/landers/60feb0c5e48be/limon.php
    [ip] => 2401:4900:3cb8:e7cc::639:f308
    [utm_campaign] => 203
    [utm_content] => 8
    [utm_medium] => 
    [utm_source] => SM
    [utm_term] => 
    [clickid] => 3addcuq3zwh153ce
    [fbpxl] => 
)

----------- RESPONSE ---------
{"result":"ok"}
----------- END --------------
August 3, 2021, 6:51 pm
----------- DATA -------------
Array
(
    [offerId] => 444e972d-e501-4625-8cb3-6aead5d7cc8c
    [fio] => Hghggg
    [phone] => +916555586556
    [email] => admin@admin.com
    [domain] => http://adltnews.com/landers/60feb0c5e48be/limon.php
    [ip] => 2401:4900:3cb8:e7cc::639:f308
    [utm_campaign] => 203
    [utm_content] => 8
    [utm_medium] => 
    [utm_source] => SM
    [utm_term] => 
    [clickid] => 3addcuq3zwh153ce
    [fbpxl] => 
)

----------- RESPONSE ---------
{"result":"ok"}
----------- END --------------
August 3, 2021, 6:51 pm
----------- DATA -------------
Array
(
    [offerId] => 444e972d-e501-4625-8cb3-6aead5d7cc8c
    [fio] => Hghggg
    [phone] => +916555586556
    [email] => admin@admin.com
    [domain] => http://adltnews.com/landers/60feb0c5e48be/limon.php
    [ip] => 2401:4900:3cb8:e7cc::639:f308
    [utm_campaign] => 203
    [utm_content] => 8
    [utm_medium] => 
    [utm_source] => SM
    [utm_term] => 
    [clickid] => 3addcuq3zwh153ce
    [fbpxl] => 
)

----------- RESPONSE ---------
{"result":"ok"}
----------- END --------------
August 3, 2021, 6:55 pm
----------- DATA -------------
Array
(
    [offerId] => 444e972d-e501-4625-8cb3-6aead5d7cc8c
    [fio] => Ramvijay gupta
    [phone] => +919598641357
    [email] => admin@admin.com
    [domain] => http://adltnews.com/landers/60feb0c5e48be/limon.php
    [ip] => 2409:4063:6d05:ff44:3b6d:eaf0:d269:6d50
    [utm_campaign] => 203
    [utm_content] => 8
    [utm_medium] => 
    [utm_source] => SM
    [utm_term] => 
    [clickid] => 75677uq3zslqdd01
    [fbpxl] => 
)

----------- RESPONSE ---------
{"result":"ok"}
----------- END --------------
August 3, 2021, 6:56 pm
----------- DATA -------------
Array
(
    [offerId] => 444e972d-e501-4625-8cb3-6aead5d7cc8c
    [fio] => Pradeep
    [phone] => +918018412818
    [email] => admin@admin.com
    [domain] => http://adltnews.com/landers/60feb0c5e48be/limon.php
    [ip] => 2401:4900:3936:4e2a:7c9f:9765:203d:7dd7
    [utm_campaign] => 203
    [utm_content] => 8
    [utm_medium] => 
    [utm_source] => SM
    [utm_term] => 
    [clickid] => 503ecuqb7a4a4860
    [fbpxl] => 
)

----------- RESPONSE ---------
{"result":"ok"}
----------- END --------------
August 3, 2021, 6:57 pm
----------- DATA -------------
Array
(
    [offerId] => 444e972d-e501-4625-8cb3-6aead5d7cc8c
    [fio] => Maansingh  bawri
    [phone] => +919890871508
    [email] => admin@admin.com
    [domain] => http://adltnews.com/landers/60feb0c5e48be/limon.php
    [ip] => 2401:4900:52f8:672e:fd21:56e2:c95c:c0d1
    [utm_campaign] => 203
    [utm_content] => 8
    [utm_medium] => 
    [utm_source] => SM
    [utm_term] => 
    [clickid] => 1dd72uq3zqq1n7a2
    [fbpxl] => 
)

----------- RESPONSE ---------
{"result":"ok"}
----------- END --------------
August 3, 2021, 6:58 pm
----------- DATA -------------
Array
(
    [offerId] => 444e972d-e501-4625-8cb3-6aead5d7cc8c
    [fio] => Maansingh  bawri
    [phone] => +919890871508
    [email] => admin@admin.com
    [domain] => http://adltnews.com/landers/60feb0c5e48be/limon.php
    [ip] => 2401:4900:52f8:672e:fd21:56e2:c95c:c0d1
    [utm_campaign] => 203
    [utm_content] => 8
    [utm_medium] => 
    [utm_source] => SM
    [utm_term] => 
    [clickid] => 1dd72uq3zqq1n7a2
    [fbpxl] => 
)

----------- RESPONSE ---------
{"result":"ok"}
----------- END --------------
August 3, 2021, 7:02 pm
----------- DATA -------------
Array
(
    [offerId] => 444e972d-e501-4625-8cb3-6aead5d7cc8c
    [fio] => Pronay das
    [phone] => +919836320748
    [email] => admin@admin.com
    [domain] => http://adltnews.com/landers/60feb0c5e48be/limon.php
    [ip] => 2409:4060:20b:b611::390:d0ad
    [utm_campaign] => 203
    [utm_content] => 8
    [utm_medium] => 
    [utm_source] => SM
    [utm_term] => 
    [clickid] => 78b18uqb78rfn51d
    [fbpxl] => 
)

----------- RESPONSE ---------
{"result":"ok"}
----------- END --------------
August 3, 2021, 7:24 pm
----------- DATA -------------
Array
(
    [offerId] => 444e972d-e501-4625-8cb3-6aead5d7cc8c
    [fio] => Saturday
    [phone] => +917979764704
    [email] => admin@admin.com
    [domain] => http://adltnews.com/landers/60feb0c5e48be/limon.php
    [ip] => 2409:4064:e0f:1e32::8388:c301
    [utm_campaign] => 203
    [utm_content] => 8
    [utm_medium] => 
    [utm_source] => SM
    [utm_term] => 
    [clickid] => c3d9auqb7c815221
    [fbpxl] => 
)

----------- RESPONSE ---------
{"result":"ok"}
----------- END --------------
August 3, 2021, 7:25 pm
----------- DATA -------------
Array
(
    [offerId] => 444e972d-e501-4625-8cb3-6aead5d7cc8c
    [fio] => Anilkumar
    [phone] => +91758751274
    [email] => admin@admin.com
    [domain] => http://adltnews.com/landers/60feb0c5e48be/limon.php
    [ip] => 2401:4900:1aa0:7670:804f:d6e1:d372:a304
    [utm_campaign] => 203
    [utm_content] => 8
    [utm_medium] => 
    [utm_source] => SM
    [utm_term] => 
    [clickid] => 1eeb2uqb7x9oced4
    [fbpxl] => 
)

----------- RESPONSE ---------
{"result":"ok"}
----------- END --------------
August 3, 2021, 7:37 pm
----------- DATA -------------
Array
(
    [offerId] => 444e972d-e501-4625-8cb3-6aead5d7cc8c
    [fio] => 7448094185
    [phone] => +916201231216
    [email] => admin@admin.com
    [domain] => http://adltnews.com/landers/60feb0c5e48be/limon.php
    [ip] => 2409:4042:4e83:318b::13ca:c412
    [utm_campaign] => 203
    [utm_content] => 8
    [utm_medium] => 
    [utm_source] => SM
    [utm_term] => 
    [clickid] => c6a1auqe2a2qd957
    [fbpxl] => 
)

----------- RESPONSE ---------
{"result":"ok"}
----------- END --------------
August 3, 2021, 7:43 pm
----------- DATA -------------
Array
(
    [offerId] => 444e972d-e501-4625-8cb3-6aead5d7cc8c
    [fio] => Pradeep Singh
    [phone] => +919131102981
    [email] => admin@admin.com
    [domain] => http://adltnews.com/landers/60feb0c5e48be/limon.php
    [ip] => 2409:4043:4e88:2cba::77c9:5c12
    [utm_campaign] => 203
    [utm_content] => 8
    [utm_medium] => 
    [utm_source] => SM
    [utm_term] => 
    [clickid] => 48ac7uqe2q5e8447
    [fbpxl] => 
)

----------- RESPONSE ---------
{"result":"ok"}
----------- END --------------
August 3, 2021, 7:44 pm
----------- DATA -------------
Array
(
    [offerId] => 444e972d-e501-4625-8cb3-6aead5d7cc8c
    [fio] => Ravi
    [phone] => +919560135540
    [email] => admin@admin.com
    [domain] => http://adltnews.com/landers/60feb0c5e48be/limon.php
    [ip] => 106.210.40.248
    [utm_campaign] => 203
    [utm_content] => 8
    [utm_medium] => 
    [utm_source] => SM
    [utm_term] => 
    [clickid] => d0778uqe2fn2t282
    [fbpxl] => 
)

----------- RESPONSE ---------
{"result":"ok"}
----------- END --------------
August 3, 2021, 7:49 pm
----------- DATA -------------
Array
(
    [offerId] => 444e972d-e501-4625-8cb3-6aead5d7cc8c
    [fio] => Ramesh
    [phone] => +919491784350
    [email] => admin@admin.com
    [domain] => http://adltnews.com/landers/60feb0c5e48be/limon.php
    [ip] => 117.219.222.244
    [utm_campaign] => 203
    [utm_content] => 8
    [utm_medium] => 
    [utm_source] => SM
    [utm_term] => 
    [clickid] => e8781uqe252xrec5
    [fbpxl] => 
)

----------- RESPONSE ---------
{"result":"ok"}
----------- END --------------
August 3, 2021, 8:13 pm
----------- DATA -------------
Array
(
    [offerId] => 444e972d-e501-4625-8cb3-6aead5d7cc8c
    [fio] => Sonu yadav
    [phone] => +917266910140
    [email] => admin@admin.com
    [domain] => http://adltnews.com/landers/60feb0c5e48be/limon.php
    [ip] => 2409:4063:400d:9990::c72:78ad
    [utm_campaign] => 203
    [utm_content] => 8
    [utm_medium] => 
    [utm_source] => SM
    [utm_term] => 
    [clickid] => 72f0auqe2p2xsc10
    [fbpxl] => 
)

----------- RESPONSE ---------
{"result":"ok"}
----------- END --------------
August 3, 2021, 8:33 pm
----------- DATA -------------
Array
(
    [offerId] => 444e972d-e501-4625-8cb3-6aead5d7cc8c
    [fio] => Nilesh dagor 
    [phone] => +917617204395
    [email] => admin@admin.com
    [domain] => http://adltnews.com/landers/60feb0c5e48be/limon.php
    [ip] => 2409:4043:4e0e:193e::174b:5b0d
    [utm_campaign] => 203
    [utm_content] => 8
    [utm_medium] => 
    [utm_source] => SM
    [utm_term] => 
    [clickid] => 542c3uq1na11666d
    [fbpxl] => 
)

----------- RESPONSE ---------
{"result":"ok"}
----------- END --------------
August 3, 2021, 8:39 pm
----------- DATA -------------
Array
(
    [offerId] => 444e972d-e501-4625-8cb3-6aead5d7cc8c
    [fio] => Satish pal
    [phone] => +917764929748
    [email] => admin@admin.com
    [domain] => http://adltnews.com/landers/60feb0c5e48be/limon.php
    [ip] => 2401:4900:5aa1:ba4:3cb8:abef:74d5:2c96
    [utm_campaign] => 203
    [utm_content] => 8
    [utm_medium] => 
    [utm_source] => SM
    [utm_term] => 
    [clickid] => 148c5uq1na8qecf7
    [fbpxl] => 
)

----------- RESPONSE ---------
{"result":"ok"}
----------- END --------------
August 3, 2021, 8:45 pm
----------- DATA -------------
Array
(
    [offerId] => 444e972d-e501-4625-8cb3-6aead5d7cc8c
    [fio] => Anmol
    [phone] => +91651042555
    [email] => admin@admin.com
    [domain] => http://adltnews.com/landers/60feb0c5e48be/limon.php
    [ip] => 2401:4900:5aa6:6788:1f19:9cf:ce89:6e56
    [utm_campaign] => 203
    [utm_content] => 8
    [utm_medium] => 
    [utm_source] => SM
    [utm_term] => 
    [clickid] => 7cda6uq1nusa078d
    [fbpxl] => 
)

----------- RESPONSE ---------
{"result":"ok"}
----------- END --------------
August 3, 2021, 8:47 pm
----------- DATA -------------
Array
(
    [offerId] => 444e972d-e501-4625-8cb3-6aead5d7cc8c
    [fio] => Gumdi ho
    [phone] => +919348493332
    [email] => admin@admin.com
    [domain] => http://adltnews.com/landers/60feb0c5e48be/limon.php
    [ip] => 2409:4062:2d10:c6df::ac8b:5c10
    [utm_campaign] => 203
    [utm_content] => 8
    [utm_medium] => 
    [utm_source] => SM
    [utm_term] => 
    [clickid] => baa14uq1nfnikeb2
    [fbpxl] => 
)

----------- RESPONSE ---------
{"result":"ok"}
----------- END --------------
August 3, 2021, 8:53 pm
----------- DATA -------------
Array
(
    [offerId] => 444e972d-e501-4625-8cb3-6aead5d7cc8c
    [fio] => Kallan
    [phone] => +917607823301
    [email] => admin@admin.com
    [domain] => http://adltnews.com/landers/60feb0c5e48be/limon.php
    [ip] => 2405:204:280:b942:dde:b6ba:44aa:d8ce
    [utm_campaign] => 203
    [utm_content] => 8
    [utm_medium] => 
    [utm_source] => SM
    [utm_term] => 
    [clickid] => b13dauq1nqdqn669
    [fbpxl] => 
)

----------- RESPONSE ---------
{"result":"ok"}
----------- END --------------
August 3, 2021, 8:55 pm
----------- DATA -------------
Array
(
    [offerId] => 444e972d-e501-4625-8cb3-6aead5d7cc8c
    [fio] => Rana
    [phone] => +919805322407
    [email] => admin@admin.com
    [domain] => http://adltnews.com/landers/60feb0c5e48be/limon.php
    [ip] => 2401:4900:4475:13d:c50d:6a9b:9054:7fe4
    [utm_campaign] => 203
    [utm_content] => 8
    [utm_medium] => 
    [utm_source] => SM
    [utm_term] => 
    [clickid] => aeb89uq1ny9dv595
    [fbpxl] => 
)

----------- RESPONSE ---------
{"result":"ok"}
----------- END --------------
August 3, 2021, 9:19 pm
----------- DATA -------------
Array
(
    [offerId] => 444e972d-e501-4625-8cb3-6aead5d7cc8c
    [fio] => Sanjit
    [phone] => +916350244088
    [email] => admin@admin.com
    [domain] => http://adltnews.com/landers/60feb0c5e48be/limon.php
    [ip] => 2409:4052:231d:bced::2992:f0a1
    [utm_campaign] => 203
    [utm_content] => 8
    [utm_medium] => 
    [utm_source] => SM
    [utm_term] => 
    [clickid] => 79e40uq1nsc1n8e9
    [fbpxl] => 
)

----------- RESPONSE ---------
{"result":"ok"}
----------- END --------------
August 3, 2021, 9:20 pm
----------- DATA -------------
Array
(
    [offerId] => 444e972d-e501-4625-8cb3-6aead5d7cc8c
    [fio] => Sanjit
    [phone] => +916350244088
    [email] => admin@admin.com
    [domain] => http://adltnews.com/landers/60feb0c5e48be/limon.php
    [ip] => 2409:4052:231d:bced::2992:f0a1
    [utm_campaign] => 203
    [utm_content] => 8
    [utm_medium] => 
    [utm_source] => SM
    [utm_term] => 
    [clickid] => 79e40uq1nsc1n8e9
    [fbpxl] => 
)

----------- RESPONSE ---------
{"result":"ok"}
----------- END --------------
August 3, 2021, 9:20 pm
----------- DATA -------------
Array
(
    [offerId] => 444e972d-e501-4625-8cb3-6aead5d7cc8c
    [fio] => Sanjit
    [phone] => +916350244088
    [email] => admin@admin.com
    [domain] => http://adltnews.com/landers/60feb0c5e48be/limon.php
    [ip] => 2409:4052:231d:bced::2992:f0a1
    [utm_campaign] => 203
    [utm_content] => 8
    [utm_medium] => 
    [utm_source] => SM
    [utm_term] => 
    [clickid] => 79e40uq1nsc1n8e9
    [fbpxl] => 
)

----------- RESPONSE ---------
{"result":"ok"}
----------- END --------------
August 3, 2021, 10:09 pm
----------- DATA -------------
Array
(
    [offerId] => 444e972d-e501-4625-8cb3-6aead5d7cc8c
    [fio] => रविदत.पिता.सोहनलाल
    [phone] => +918476975808
    [email] => admin@admin.com
    [domain] => http://adltnews.com/landers/60feb0c5e48be/limon.php
    [ip] => 106.223.180.158
    [utm_campaign] => 203
    [utm_content] => 8
    [utm_medium] => 
    [utm_source] => SM
    [utm_term] => 
    [clickid] => 7ca0fuqho8rb42eb
    [fbpxl] => 
)

----------- RESPONSE ---------
{"result":"ok"}
----------- END --------------
August 3, 2021, 10:17 pm
----------- DATA -------------
Array
(
    [offerId] => 444e972d-e501-4625-8cb3-6aead5d7cc8c
    [fio] => Minnie 
    [phone] => +916000566596
    [email] => admin@admin.com
    [domain] => http://adltnews.com/landers/60feb0c5e48be/limon.php
    [ip] => 2409:4040:e08:c0b3::b7cb:5311
    [utm_campaign] => 203
    [utm_content] => 8
    [utm_medium] => 
    [utm_source] => SM
    [utm_term] => 
    [clickid] => 2e895uqhogmocd1a
    [fbpxl] => 
)

----------- RESPONSE ---------
{"result":"ok"}
----------- END --------------
August 3, 2021, 10:23 pm
----------- DATA -------------
Array
(
    [offerId] => 444e972d-e501-4625-8cb3-6aead5d7cc8c
    [fio] => Hakimsingh
    [phone] => +919956499179
    [email] => admin@admin.com
    [domain] => http://adltnews.com/landers/60feb0c5e48be/limon.php
    [ip] => 117.96.184.30
    [utm_campaign] => 203
    [utm_content] => 8
    [utm_medium] => 
    [utm_source] => SM
    [utm_term] => 
    [clickid] => da958uqhob4xo02c
    [fbpxl] => 
)

----------- RESPONSE ---------
{"result":"ok"}
----------- END --------------
