December 7, 2021, 8:57 am
----------- DATA -------------
Array
(
    [offerId] => 9c4fe23b-37ea-4954-945b-29067b0d5c0e
    [fio] => Justenlee 
    [phone] => lacona
    [email] => admin@admin.com
    [domain] => http://enlargene.com/landers/5aa97f7ef1/limon.php
    [ip] => 110.54.201.97
    [utm_campaign] => 920
    [utm_content] => 42
    [utm_medium] => 
    [utm_source] => SM
    [utm_term] => 
    [clickid] => b4e85duusb7sybc2
    [fbpxl] => 
)

----------- RESPONSE ---------
{"result":"ok"}
----------- END --------------
December 7, 2021, 9:15 am
----------- DATA -------------
Array
(
    [offerId] => 9c4fe23b-37ea-4954-945b-29067b0d5c0e
    [fio] => Nardo
    [phone] => 09753840544
    [email] => admin@admin.com
    [domain] => http://enlargene.com/landers/5aa97f7ef1/limon.php
    [ip] => 203.92.8.116
    [utm_campaign] => 920
    [utm_content] => 42
    [utm_medium] => 
    [utm_source] => SM
    [utm_term] => 
    [clickid] => d3434dufnwhej97a
    [fbpxl] => 
)

----------- RESPONSE ---------
{"result":"ok"}
----------- END --------------
December 7, 2021, 10:50 am
----------- DATA -------------
Array
(
    [offerId] => 9c4fe23b-37ea-4954-945b-29067b0d5c0e
    [fio] => Lay john
    [phone] => 09652455066
    [email] => admin@admin.com
    [domain] => http://enlargene.com/landers/5aa97f7ef1/limon.php
    [ip] => 110.54.130.203
    [utm_campaign] => 920
    [utm_content] => 42
    [utm_medium] => 
    [utm_source] => SM
    [utm_term] => 
    [clickid] => 1ba52duojh9ikdbf
    [fbpxl] => 
)

----------- RESPONSE ---------
{"result":"ok"}
----------- END --------------
December 7, 2021, 11:39 am
----------- DATA -------------
Array
(
    [offerId] => 9c4fe23b-37ea-4954-945b-29067b0d5c0e
    [fio] => xxx
    [phone] => xxx
    [email] => admin@admin.com
    [domain] => http://enlargene.com/landers/5aa97f7ef1/limon.php
    [ip] => 175.176.5.141
    [utm_campaign] => {campaign}
    [utm_content] => {trafficsource}
    [utm_medium] => 
    [utm_source] => SM
    [utm_term] => 
    [clickid] => {clickid}
    [fbpxl] => 
)

----------- RESPONSE ---------
{"result":"ok"}
----------- END --------------
December 7, 2021, 12:17 pm
----------- DATA -------------
Array
(
    [offerId] => 9c4fe23b-37ea-4954-945b-29067b0d5c0e
    [fio] => dennismatubis
    [phone] => 09484838518
    [email] => admin@admin.com
    [domain] => http://enlargene.com/landers/5aa97f7ef1/limon.php
    [ip] => 110.54.140.145
    [utm_campaign] => 920
    [utm_content] => 42
    [utm_medium] => 
    [utm_source] => SM
    [utm_term] => 
    [clickid] => b2eb6du52h9du1d2
    [fbpxl] => 
)

----------- RESPONSE ---------
{"result":"ok"}
----------- END --------------
December 7, 2021, 12:33 pm
----------- DATA -------------
Array
(
    [offerId] => 9c4fe23b-37ea-4954-945b-29067b0d5c0e
    [fio] => Danieil Pud-ac
    [phone] => 09356520157
    [email] => admin@admin.com
    [domain] => http://enlargene.com/landers/5aa97f7ef1/limon.php
    [ip] => 110.54.136.82
    [utm_campaign] => 920
    [utm_content] => 42
    [utm_medium] => 
    [utm_source] => SM
    [utm_term] => 
    [clickid] => e248bdu52sc8w11a
    [fbpxl] => 
)

----------- RESPONSE ---------
{"result":"ok"}
----------- END --------------
December 7, 2021, 12:33 pm
----------- DATA -------------
Array
(
    [offerId] => 9c4fe23b-37ea-4954-945b-29067b0d5c0e
    [fio] => Danieil Pud-ac
    [phone] => 09356520157
    [email] => admin@admin.com
    [domain] => http://enlargene.com/landers/5aa97f7ef1/limon.php
    [ip] => 110.54.136.82
    [utm_campaign] => 920
    [utm_content] => 42
    [utm_medium] => 
    [utm_source] => SM
    [utm_term] => 
    [clickid] => e248bdu52sc8w11a
    [fbpxl] => 
)

----------- RESPONSE ---------
{"result":"ok"}
----------- END --------------
December 7, 2021, 1:45 pm
----------- DATA -------------
Array
(
    [offerId] => 9c4fe23b-37ea-4954-945b-29067b0d5c0e
    [fio] => neol Pasion
    [phone] => Neol
    [email] => admin@admin.com
    [domain] => http://enlargene.com/landers/5aa97f7ef1/limon.php
    [ip] => 120.29.79.146
    [utm_campaign] => 920
    [utm_content] => 42
    [utm_medium] => 
    [utm_source] => SM
    [utm_term] => 
    [clickid] => 4fad8dulp9r3z159
    [fbpxl] => 
)

----------- RESPONSE ---------
{"result":"ok"}
----------- END --------------
December 7, 2021, 1:46 pm
----------- DATA -------------
Array
(
    [offerId] => 9c4fe23b-37ea-4954-945b-29067b0d5c0e
    [fio] => neol Pasion
    [phone] => Neol
    [email] => admin@admin.com
    [domain] => http://enlargene.com/landers/5aa97f7ef1/limon.php
    [ip] => 120.29.79.146
    [utm_campaign] => {campaign}
    [utm_content] => {trafficsource}
    [utm_medium] => 
    [utm_source] => SM
    [utm_term] => 
    [clickid] => {clickid}
    [fbpxl] => 
)

----------- RESPONSE ---------
{"result":"ok"}
----------- END --------------
December 7, 2021, 3:06 pm
----------- DATA -------------
Array
(
    [offerId] => 9c4fe23b-37ea-4954-945b-29067b0d5c0e
    [fio] => Ricky
    [phone] => 09090210937
    [email] => admin@admin.com
    [domain] => http://enlargene.com/landers/5aa97f7ef1/limon.php
    [ip] => 110.54.132.116
    [utm_campaign] => 920
    [utm_content] => 42
    [utm_medium] => 
    [utm_source] => SM
    [utm_term] => 
    [clickid] => 8cf25dutwyd7va70
    [fbpxl] => 
)

----------- RESPONSE ---------
{"result":"ok"}
----------- END --------------
December 7, 2021, 3:44 pm
----------- DATA -------------
Array
(
    [offerId] => 9c4fe23b-37ea-4954-945b-29067b0d5c0e
    [fio] => lawrence
    [phone] => 09552171929
    [email] => admin@admin.com
    [domain] => http://enlargene.com/landers/5aa97f7ef1/limon.php
    [ip] => 180.190.132.18
    [utm_campaign] => 920
    [utm_content] => 42
    [utm_medium] => 
    [utm_source] => SM
    [utm_term] => 
    [clickid] => d0627duntejej1d6
    [fbpxl] => 
)

----------- RESPONSE ---------
{"result":"ok"}
----------- END --------------
December 7, 2021, 4:24 pm
----------- DATA -------------
Array
(
    [offerId] => 9c4fe23b-37ea-4954-945b-29067b0d5c0e
    [fio] => Efren balbastro
    [phone] => 09152141044
    [email] => admin@admin.com
    [domain] => http://enlargene.com/landers/5aa97f7ef1/limon.php
    [ip] => 112.198.67.159
    [utm_campaign] => 920
    [utm_content] => 42
    [utm_medium] => 
    [utm_source] => SM
    [utm_term] => 
    [clickid] => a680cdugh8p1n973
    [fbpxl] => 
)

----------- RESPONSE ---------
{"result":"ok"}
----------- END --------------
December 7, 2021, 4:24 pm
----------- DATA -------------
Array
(
    [offerId] => 9c4fe23b-37ea-4954-945b-29067b0d5c0e
    [fio] => Efren balbastro
    [phone] => 09152141044
    [email] => admin@admin.com
    [domain] => http://enlargene.com/landers/5aa97f7ef1/limon.php
    [ip] => 112.198.67.159
    [utm_campaign] => {campaign}
    [utm_content] => {trafficsource}
    [utm_medium] => 
    [utm_source] => SM
    [utm_term] => 
    [clickid] => {clickid}
    [fbpxl] => 
)

----------- RESPONSE ---------
{"result":"ok"}
----------- END --------------
December 7, 2021, 4:25 pm
----------- DATA -------------
Array
(
    [offerId] => 9c4fe23b-37ea-4954-945b-29067b0d5c0e
    [fio] => Efren balbastro
    [phone] => 09152141044
    [email] => admin@admin.com
    [domain] => http://enlargene.com/landers/5aa97f7ef1/limon.php
    [ip] => 112.198.67.159
    [utm_campaign] => {campaign}
    [utm_content] => {trafficsource}
    [utm_medium] => 
    [utm_source] => SM
    [utm_term] => 
    [clickid] => {clickid}
    [fbpxl] => 
)

----------- RESPONSE ---------
{"result":"ok"}
----------- END --------------
December 7, 2021, 4:25 pm
----------- DATA -------------
Array
(
    [offerId] => 9c4fe23b-37ea-4954-945b-29067b0d5c0e
    [fio] => Efren balbastro
    [phone] => 09152141044
    [email] => admin@admin.com
    [domain] => http://enlargene.com/landers/5aa97f7ef1/limon.php
    [ip] => 112.198.67.159
    [utm_campaign] => {campaign}
    [utm_content] => {trafficsource}
    [utm_medium] => 
    [utm_source] => SM
    [utm_term] => 
    [clickid] => {clickid}
    [fbpxl] => 
)

----------- RESPONSE ---------
{"result":"ok"}
----------- END --------------
December 7, 2021, 4:25 pm
----------- DATA -------------
Array
(
    [offerId] => 9c4fe23b-37ea-4954-945b-29067b0d5c0e
    [fio] => Efren balbastro
    [phone] => 09152141044
    [email] => admin@admin.com
    [domain] => http://enlargene.com/landers/5aa97f7ef1/limon.php
    [ip] => 112.198.67.159
    [utm_campaign] => {campaign}
    [utm_content] => {trafficsource}
    [utm_medium] => 
    [utm_source] => SM
    [utm_term] => 
    [clickid] => {clickid}
    [fbpxl] => 
)

----------- RESPONSE ---------
{"result":"ok"}
----------- END --------------
December 7, 2021, 5:06 pm
----------- DATA -------------
Array
(
    [offerId] => 9c4fe23b-37ea-4954-945b-29067b0d5c0e
    [fio] => jersonarnuza@yahoo.com
    [phone] => 09559957753
    [email] => admin@admin.com
    [domain] => http://enlargene.com/landers/5aa97f7ef1/limon.php
    [ip] => 110.54.224.143
    [utm_campaign] => 920
    [utm_content] => 42
    [utm_medium] => 
    [utm_source] => SM
    [utm_term] => 
    [clickid] => 86050duk2c8ho2b4
    [fbpxl] => 
)

----------- RESPONSE ---------
{"result":"ok"}
----------- END --------------
December 7, 2021, 5:35 pm
----------- DATA -------------
Array
(
    [offerId] => 9c4fe23b-37ea-4954-945b-29067b0d5c0e
    [fio] => Need your facebook
    [phone] => Ineedyourfacebook
    [email] => admin@admin.com
    [domain] => http://enlargene.com/landers/5aa97f7ef1/limon.php
    [ip] => 110.54.225.187
    [utm_campaign] => 920
    [utm_content] => 42
    [utm_medium] => 
    [utm_source] => SM
    [utm_term] => 
    [clickid] => 4a48bduqec8us94b
    [fbpxl] => 
)

----------- RESPONSE ---------
{"result":"ok"}
----------- END --------------
December 7, 2021, 7:41 pm
----------- DATA -------------
Array
(
    [offerId] => 9c4fe23b-37ea-4954-945b-29067b0d5c0e
    [fio] => per
    [phone] => 09482717080
    [email] => admin@admin.com
    [domain] => http://enlargene.com/landers/5aa97f7ef1/limon.php
    [ip] => 110.54.136.185
    [utm_campaign] => 920
    [utm_content] => 42
    [utm_medium] => 
    [utm_source] => SM
    [utm_term] => 
    [clickid] => 292c7duvcy9bg746
    [fbpxl] => 
)

----------- RESPONSE ---------
{"result":"ok"}
----------- END --------------
