December 5, 2021, 4:05 am
----------- DATA -------------
Array
(
    [offerId] => 9c4fe23b-37ea-4954-945b-29067b0d5c0e
    [fio] => Joseph
    [phone] => 09769930405
    [email] => admin@admin.com
    [domain] => http://enlargene.com/landers/5aa97f7ef1/limon.php
    [ip] => 115.147.6.64
    [utm_campaign] => 920
    [utm_content] => 42
    [utm_medium] => 
    [utm_source] => SM
    [utm_term] => 
    [clickid] => ef0a39zuo8rdud07
    [fbpxl] => 
)

----------- RESPONSE ---------
{"result":"ok"}
----------- END --------------
December 5, 2021, 5:34 am
----------- DATA -------------
Array
(
    [offerId] => 9c4fe23b-37ea-4954-945b-29067b0d5c0e
    [fio] => feniel agailon
    [phone] => 09474119895
    [email] => admin@admin.com
    [domain] => http://enlargene.com/landers/5aa97f7ef1/limon.php
    [ip] => 110.54.172.253
    [utm_campaign] => 920
    [utm_content] => 42
    [utm_medium] => 
    [utm_source] => SM
    [utm_term] => 
    [clickid] => 202529zm74pzwa33
    [fbpxl] => 
)

----------- RESPONSE ---------
{"result":"ok"}
----------- END --------------
December 5, 2021, 5:34 am
----------- DATA -------------
Array
(
    [offerId] => 9c4fe23b-37ea-4954-945b-29067b0d5c0e
    [fio] => feniel agailon
    [phone] => 09474119895
    [email] => admin@admin.com
    [domain] => http://enlargene.com/landers/5aa97f7ef1/limon.php
    [ip] => 110.54.172.253
    [utm_campaign] => 920
    [utm_content] => 42
    [utm_medium] => 
    [utm_source] => SM
    [utm_term] => 
    [clickid] => 202529zm74pzwa33
    [fbpxl] => 
)

----------- RESPONSE ---------
{"result":"ok"}
----------- END --------------
December 5, 2021, 5:40 am
----------- DATA -------------
Array
(
    [offerId] => 9c4fe23b-37ea-4954-945b-29067b0d5c0e
    [fio] => feniel agailon
    [phone] => 09474119895
    [email] => admin@admin.com
    [domain] => http://enlargene.com/landers/5aa97f7ef1/limon.php
    [ip] => 110.54.172.253
    [utm_campaign] => 920
    [utm_content] => 42
    [utm_medium] => 
    [utm_source] => SM
    [utm_term] => 
    [clickid] => 5b9fe9zibpmhqc3e
    [fbpxl] => 
)

----------- RESPONSE ---------
{"result":"ok"}
----------- END --------------
December 5, 2021, 5:42 am
----------- DATA -------------
Array
(
    [offerId] => 9c4fe23b-37ea-4954-945b-29067b0d5c0e
    [fio] => eddie valenzuela
    [phone] => 09106276977
    [email] => admin@admin.com
    [domain] => http://enlargene.com/landers/5aa97f7ef1/limon.php
    [ip] => 112.198.71.52
    [utm_campaign] => 920
    [utm_content] => 42
    [utm_medium] => 
    [utm_source] => SM
    [utm_term] => 
    [clickid] => 8b2d49zibgxy911b
    [fbpxl] => 
)

----------- RESPONSE ---------
{"result":"ok"}
----------- END --------------
December 5, 2021, 8:07 am
----------- DATA -------------
Array
(
    [offerId] => 9c4fe23b-37ea-4954-945b-29067b0d5c0e
    [fio] => Noel Randes
    [phone] => 09480365600
    [email] => admin@admin.com
    [domain] => http://enlargene.com/landers/5aa97f7ef1/limon.php
    [ip] => 110.54.224.65
    [utm_campaign] => 920
    [utm_content] => 42
    [utm_medium] => 
    [utm_source] => SM
    [utm_term] => 
    [clickid] => b099e9zwhxoa7371
    [fbpxl] => 
)

----------- RESPONSE ---------
{"result":"ok"}
----------- END --------------
December 5, 2021, 8:46 am
----------- DATA -------------
Array
(
    [offerId] => 9c4fe23b-37ea-4954-945b-29067b0d5c0e
    [fio] => Janjan
    [phone] => Sarangaya
    [email] => admin@admin.com
    [domain] => http://enlargene.com/landers/5aa97f7ef1/limon.php
    [ip] => 175.176.87.26
    [utm_campaign] => 920
    [utm_content] => 42
    [utm_medium] => 
    [utm_source] => SM
    [utm_term] => 
    [clickid] => ae8759z4p8wc8994
    [fbpxl] => 
)

----------- RESPONSE ---------
{"result":"ok"}
----------- END --------------
December 5, 2021, 10:27 am
----------- DATA -------------
Array
(
    [offerId] => 9c4fe23b-37ea-4954-945b-29067b0d5c0e
    [fio] => Rezel depedro
    [phone] => 0938967036
    [email] => admin@admin.com
    [domain] => http://enlargene.com/landers/5aa97f7ef1/limon.php
    [ip] => 112.204.228.175
    [utm_campaign] => 920
    [utm_content] => 42
    [utm_medium] => 
    [utm_source] => SM
    [utm_term] => 
    [clickid] => 1dc019z158p9za31
    [fbpxl] => 
)

----------- RESPONSE ---------
{"result":"ok"}
----------- END --------------
December 5, 2021, 10:27 am
----------- DATA -------------
Array
(
    [offerId] => 9c4fe23b-37ea-4954-945b-29067b0d5c0e
    [fio] => Rezel depedro
    [phone] => 0938967036
    [email] => admin@admin.com
    [domain] => http://enlargene.com/landers/5aa97f7ef1/limon.php
    [ip] => 112.204.228.175
    [utm_campaign] => 920
    [utm_content] => 42
    [utm_medium] => 
    [utm_source] => SM
    [utm_term] => 
    [clickid] => 1dc019z158p9za31
    [fbpxl] => 
)

----------- RESPONSE ---------
{"result":"ok"}
----------- END --------------
December 5, 2021, 10:27 am
----------- DATA -------------
Array
(
    [offerId] => 9c4fe23b-37ea-4954-945b-29067b0d5c0e
    [fio] => Rezel depedro
    [phone] => 0938967036
    [email] => admin@admin.com
    [domain] => http://enlargene.com/landers/5aa97f7ef1/limon.php
    [ip] => 112.204.228.175
    [utm_campaign] => 920
    [utm_content] => 42
    [utm_medium] => 
    [utm_source] => SM
    [utm_term] => 
    [clickid] => 1dc019z158p9za31
    [fbpxl] => 
)

----------- RESPONSE ---------
{"result":"ok"}
----------- END --------------
December 5, 2021, 10:27 am
----------- DATA -------------
Array
(
    [offerId] => 9c4fe23b-37ea-4954-945b-29067b0d5c0e
    [fio] => Rezel depedro
    [phone] => 0938967036
    [email] => admin@admin.com
    [domain] => http://enlargene.com/landers/5aa97f7ef1/limon.php
    [ip] => 112.204.228.175
    [utm_campaign] => 920
    [utm_content] => 42
    [utm_medium] => 
    [utm_source] => SM
    [utm_term] => 
    [clickid] => 1dc019z158p9za31
    [fbpxl] => 
)

----------- RESPONSE ---------
{"result":"ok"}
----------- END --------------
December 5, 2021, 12:24 pm
----------- DATA -------------
Array
(
    [offerId] => 9c4fe23b-37ea-4954-945b-29067b0d5c0e
    [fio] => Jason jhon
    [phone] => J0936358749909363587499
    [email] => admin@admin.com
    [domain] => http://enlargene.com/landers/5aa97f7ef1/limon.php
    [ip] => 110.54.170.16
    [utm_campaign] => 920
    [utm_content] => 42
    [utm_medium] => 
    [utm_source] => SM
    [utm_term] => 
    [clickid] => 748399zdulp17e7d
    [fbpxl] => 
)

----------- RESPONSE ---------
{"result":"ok"}
----------- END --------------
December 5, 2021, 2:10 pm
----------- DATA -------------
Array
(
    [offerId] => 9c4fe23b-37ea-4954-945b-29067b0d5c0e
    [fio] => Marlon laurino
    [phone] => 09427208851
    [email] => admin@admin.com
    [domain] => http://enlargene.com/landers/5aa97f7ef1/limon.php
    [ip] => 49.145.230.142
    [utm_campaign] => 920
    [utm_content] => 42
    [utm_medium] => 
    [utm_source] => SM
    [utm_term] => 
    [clickid] => d1d169ze8e8a8f3c
    [fbpxl] => 
)

----------- RESPONSE ---------
{"result":"ok"}
----------- END --------------
