December 4, 2021, 7:52 am
----------- DATA -------------
Array
(
    [offerId] => 9c4fe23b-37ea-4954-945b-29067b0d5c0e
    [fio] => Jhap jhap
    [phone] => 09129396484
    [email] => admin@admin.com
    [domain] => http://enlargene.com/landers/5aa97f7ef1/limon.php
    [ip] => 49.147.204.163
    [utm_campaign] => 920
    [utm_content] => 42
    [utm_medium] => 
    [utm_source] => SM
    [utm_term] => 
    [clickid] => ae4a39ziruoe81fa
    [fbpxl] => 
)

----------- RESPONSE ---------
{"result":"ok"}
----------- END --------------
