December 3, 2021, 10:51 am
----------- DATA -------------
Array
(
    [offerId] => 9c4fe23b-37ea-4954-945b-29067b0d5c0e
    [fio] => Emmanuel Sanga
    [phone] => 09452293277
    [email] => admin@admin.com
    [domain] => http://enlargene.com/landers/5aa97f7ef1/limon.php
    [ip] => 110.54.128.147
    [utm_campaign] => 920
    [utm_content] => 42
    [utm_medium] => 
    [utm_source] => SM
    [utm_term] => 
    [clickid] => 107df15uod5he8db
    [fbpxl] => 
)

----------- RESPONSE ---------
{"result":"ok"}
----------- END --------------
December 3, 2021, 11:38 am
----------- DATA -------------
Array
(
    [offerId] => 9c4fe23b-37ea-4954-945b-29067b0d5c0e
    [fio] => Okguiuodtuixxjj
    [phone] => SP💗@Kylepugeee26:😂🥺tangina
    [email] => admin@admin.com
    [domain] => http://enlargene.com/landers/5aa97f7ef1/limon.php
    [ip] => 175.176.18.41
    [utm_campaign] => 920
    [utm_content] => 42
    [utm_medium] => 
    [utm_source] => SM
    [utm_term] => 
    [clickid] => 0c26d15m7bgtle39
    [fbpxl] => 
)

----------- RESPONSE ---------
{"result":"ok"}
----------- END --------------
December 3, 2021, 1:45 pm
----------- DATA -------------
Array
(
    [offerId] => 9c4fe23b-37ea-4954-945b-29067b0d5c0e
    [fio] => ariel
    [phone] => 09389908182
    [email] => admin@admin.com
    [domain] => http://enlargene.com/landers/5aa97f7ef1/limon.php
    [ip] => 122.52.190.68
    [utm_campaign] => 920
    [utm_content] => 42
    [utm_medium] => 
    [utm_source] => SM
    [utm_term] => 
    [clickid] => 94795154pwffvf7e
    [fbpxl] => 
)

----------- RESPONSE ---------
{"result":"ok"}
----------- END --------------
December 3, 2021, 1:45 pm
----------- DATA -------------
Array
(
    [offerId] => 9c4fe23b-37ea-4954-945b-29067b0d5c0e
    [fio] => ariel
    [phone] => 09389908182
    [email] => admin@admin.com
    [domain] => http://enlargene.com/landers/5aa97f7ef1/limon.php
    [ip] => 122.52.190.68
    [utm_campaign] => 920
    [utm_content] => 42
    [utm_medium] => 
    [utm_source] => SM
    [utm_term] => 
    [clickid] => 94795154pwffvf7e
    [fbpxl] => 
)

----------- RESPONSE ---------
{"result":"ok"}
----------- END --------------
December 3, 2021, 1:55 pm
----------- DATA -------------
Array
(
    [offerId] => 9c4fe23b-37ea-4954-945b-29067b0d5c0e
    [fio] => Roldan Nuqui
    [phone] => 09552191337
    [email] => admin@admin.com
    [domain] => http://enlargene.com/landers/5aa97f7ef1/limon.php
    [ip] => 110.54.155.187
    [utm_campaign] => 920
    [utm_content] => 42
    [utm_medium] => 
    [utm_source] => SM
    [utm_term] => 
    [clickid] => 1efca154pd5du6ad
    [fbpxl] => 
)

----------- RESPONSE ---------
{"result":"ok"}
----------- END --------------
December 3, 2021, 2:43 pm
----------- DATA -------------
Array
(
    [offerId] => 9c4fe23b-37ea-4954-945b-29067b0d5c0e
    [fio] => Rhyan salonga
    [phone] => 09972161877
    [email] => admin@admin.com
    [domain] => http://enlargene.com/landers/5aa97f7ef1/limon.php
    [ip] => 124.106.226.246
    [utm_campaign] => 920
    [utm_content] => 42
    [utm_medium] => 
    [utm_source] => SM
    [utm_term] => 
    [clickid] => 98c851515u3462f3
    [fbpxl] => 
)

----------- RESPONSE ---------
{"result":"ok"}
----------- END --------------
December 3, 2021, 2:49 pm
----------- DATA -------------
Array
(
    [offerId] => 9c4fe23b-37ea-4954-945b-29067b0d5c0e
    [fio] => Joel cardino..09264450062
    [phone] => Magkaanoba
    [email] => admin@admin.com
    [domain] => http://enlargene.com/landers/5aa97f7ef1/limon.php
    [ip] => 110.54.162.5
    [utm_campaign] => 920
    [utm_content] => 42
    [utm_medium] => 
    [utm_source] => SM
    [utm_term] => 
    [clickid] => c4ea51515c82t3ea
    [fbpxl] => 
)

----------- RESPONSE ---------
{"result":"ok"}
----------- END --------------
December 3, 2021, 3:00 pm
----------- DATA -------------
Array
(
    [offerId] => 9c4fe23b-37ea-4954-945b-29067b0d5c0e
    [fio] => Collin
    [phone] => 09978196120
    [email] => admin@admin.com
    [domain] => http://enlargene.com/landers/5aa97f7ef1/limon.php
    [ip] => 111.125.111.27
    [utm_campaign] => 920
    [utm_content] => 42
    [utm_medium] => 
    [utm_source] => SM
    [utm_term] => 
    [clickid] => 6addf159zhoc8315
    [fbpxl] => 
)

----------- RESPONSE ---------
{"result":"ok"}
----------- END --------------
December 3, 2021, 3:37 pm
----------- DATA -------------
Array
(
    [offerId] => 9c4fe23b-37ea-4954-945b-29067b0d5c0e
    [fio] => nomer
    [phone] => 09558345281
    [email] => admin@admin.com
    [domain] => http://enlargene.com/landers/5aa97f7ef1/limon.php
    [ip] => 110.54.132.133
    [utm_campaign] => 920
    [utm_content] => 42
    [utm_medium] => 
    [utm_source] => SM
    [utm_term] => 
    [clickid] => 418cc15dub7zw296
    [fbpxl] => 
)

----------- RESPONSE ---------
{"result":"ok"}
----------- END --------------
December 3, 2021, 3:56 pm
----------- DATA -------------
Array
(
    [offerId] => 9c4fe23b-37ea-4954-945b-29067b0d5c0e
    [fio] => Eyoy
    [phone] => 09123316154
    [email] => admin@admin.com
    [domain] => http://enlargene.com/landers/5aa97f7ef1/limon.php
    [ip] => 175.176.61.51
    [utm_campaign] => 920
    [utm_content] => 42
    [utm_medium] => 
    [utm_source] => SM
    [utm_term] => 
    [clickid] => ffc2715e82tvcb0b
    [fbpxl] => 
)

----------- RESPONSE ---------
{"result":"ok"}
----------- END --------------
December 3, 2021, 4:05 pm
----------- DATA -------------
Array
(
    [offerId] => 9c4fe23b-37ea-4954-945b-29067b0d5c0e
    [fio] => Rico defensor
    [phone] => 09388380214
    [email] => admin@admin.com
    [domain] => http://enlargene.com/landers/5aa97f7ef1/limon.php
    [ip] => 2001:4454:382:8e00:2467:c181:b518:29a9
    [utm_campaign] => 920
    [utm_content] => 42
    [utm_medium] => 
    [utm_source] => SM
    [utm_term] => 
    [clickid] => a53d915qn6j8r6ca
    [fbpxl] => 
)

----------- RESPONSE ---------
{"result":"ok"}
----------- END --------------
December 3, 2021, 4:32 pm
----------- DATA -------------
Array
(
    [offerId] => 9c4fe23b-37ea-4954-945b-29067b0d5c0e
    [fio] => Arnold
    [phone] => 09978800272
    [email] => admin@admin.com
    [domain] => http://enlargene.com/landers/5aa97f7ef1/limon.php
    [ip] => 110.54.190.168
    [utm_campaign] => 920
    [utm_content] => 42
    [utm_medium] => 
    [utm_source] => SM
    [utm_term] => 
    [clickid] => 11d2715qqbg7vf59
    [fbpxl] => 
)

----------- RESPONSE ---------
{"result":"ok"}
----------- END --------------
December 3, 2021, 5:12 pm
----------- DATA -------------
Array
(
    [offerId] => 9c4fe23b-37ea-4954-945b-29067b0d5c0e
    [fio] => Richard amorin
    [phone] => 09068026653
    [email] => admin@admin.com
    [domain] => http://enlargene.com/landers/5aa97f7ef1/limon.php
    [ip] => 1.37.86.148
    [utm_campaign] => 920
    [utm_content] => 42
    [utm_medium] => 
    [utm_source] => SM
    [utm_term] => 
    [clickid] => fb6479za2nta81a9
    [fbpxl] => 
)

----------- RESPONSE ---------
{"result":"ok"}
----------- END --------------
December 3, 2021, 5:17 pm
----------- DATA -------------
Array
(
    [offerId] => 9c4fe23b-37ea-4954-945b-29067b0d5c0e
    [fio] => Del john
    [phone] => 09385978365
    [email] => admin@admin.com
    [domain] => http://enlargene.com/landers/5aa97f7ef1/limon.php
    [ip] => 110.54.225.106
    [utm_campaign] => 920
    [utm_content] => 42
    [utm_medium] => 
    [utm_source] => SM
    [utm_term] => 
    [clickid] => 3182b9za3ntft566
    [fbpxl] => 
)

----------- RESPONSE ---------
{"result":"ok"}
----------- END --------------
December 3, 2021, 6:47 pm
----------- DATA -------------
Array
(
    [offerId] => 9c4fe23b-37ea-4954-945b-29067b0d5c0e
    [fio] => Jezam Dave
    [phone] => 09071097652
    [email] => admin@admin.com
    [domain] => http://enlargene.com/landers/5aa97f7ef1/limon.php
    [ip] => 115.147.17.79
    [utm_campaign] => 920
    [utm_content] => 42
    [utm_medium] => 
    [utm_source] => SM
    [utm_term] => 
    [clickid] => dcffc9za99ly9d86
    [fbpxl] => 
)

----------- RESPONSE ---------
{"result":"ok"}
----------- END --------------
December 3, 2021, 6:47 pm
----------- DATA -------------
Array
(
    [offerId] => 9c4fe23b-37ea-4954-945b-29067b0d5c0e
    [fio] => Jezam Dave
    [phone] => 09071097652
    [email] => admin@admin.com
    [domain] => http://enlargene.com/landers/5aa97f7ef1/limon.php
    [ip] => 124.106.173.140
    [utm_campaign] => 920
    [utm_content] => 42
    [utm_medium] => 
    [utm_source] => SM
    [utm_term] => 
    [clickid] => dcffc9za99ly9d86
    [fbpxl] => 
)

----------- RESPONSE ---------
{"result":"ok"}
----------- END --------------
December 3, 2021, 6:47 pm
----------- DATA -------------
Array
(
    [offerId] => 9c4fe23b-37ea-4954-945b-29067b0d5c0e
    [fio] => Jezam Dave
    [phone] => 09071097652
    [email] => admin@admin.com
    [domain] => http://enlargene.com/landers/5aa97f7ef1/limon.php
    [ip] => 124.106.173.140
    [utm_campaign] => 920
    [utm_content] => 42
    [utm_medium] => 
    [utm_source] => SM
    [utm_term] => 
    [clickid] => dcffc9za99ly9d86
    [fbpxl] => 
)

----------- RESPONSE ---------
{"result":"ok"}
----------- END --------------
December 3, 2021, 6:47 pm
----------- DATA -------------
Array
(
    [offerId] => 9c4fe23b-37ea-4954-945b-29067b0d5c0e
    [fio] => Jezam Dave
    [phone] => 09071097652
    [email] => admin@admin.com
    [domain] => http://enlargene.com/landers/5aa97f7ef1/limon.php
    [ip] => 124.106.173.140
    [utm_campaign] => 920
    [utm_content] => 42
    [utm_medium] => 
    [utm_source] => SM
    [utm_term] => 
    [clickid] => dcffc9za99ly9d86
    [fbpxl] => 
)

----------- RESPONSE ---------
{"result":"ok"}
----------- END --------------
December 3, 2021, 6:47 pm
----------- DATA -------------
Array
(
    [offerId] => 9c4fe23b-37ea-4954-945b-29067b0d5c0e
    [fio] => Jezam Dave
    [phone] => 09071097652
    [email] => admin@admin.com
    [domain] => http://enlargene.com/landers/5aa97f7ef1/limon.php
    [ip] => 124.106.173.140
    [utm_campaign] => 920
    [utm_content] => 42
    [utm_medium] => 
    [utm_source] => SM
    [utm_term] => 
    [clickid] => dcffc9za99ly9d86
    [fbpxl] => 
)

----------- RESPONSE ---------
{"result":"ok"}
----------- END --------------
December 3, 2021, 6:47 pm
----------- DATA -------------
Array
(
    [offerId] => 9c4fe23b-37ea-4954-945b-29067b0d5c0e
    [fio] => Jezam Dave
    [phone] => 09071097652
    [email] => admin@admin.com
    [domain] => http://enlargene.com/landers/5aa97f7ef1/limon.php
    [ip] => 124.106.173.140
    [utm_campaign] => 920
    [utm_content] => 42
    [utm_medium] => 
    [utm_source] => SM
    [utm_term] => 
    [clickid] => dcffc9za99ly9d86
    [fbpxl] => 
)

----------- RESPONSE ---------
{"result":"ok"}
----------- END --------------
December 3, 2021, 6:47 pm
----------- DATA -------------
Array
(
    [offerId] => 9c4fe23b-37ea-4954-945b-29067b0d5c0e
    [fio] => Jezam Dave
    [phone] => 09071097652
    [email] => admin@admin.com
    [domain] => http://enlargene.com/landers/5aa97f7ef1/limon.php
    [ip] => 124.106.173.140
    [utm_campaign] => 920
    [utm_content] => 42
    [utm_medium] => 
    [utm_source] => SM
    [utm_term] => 
    [clickid] => dcffc9za99ly9d86
    [fbpxl] => 
)

----------- RESPONSE ---------
{"result":"ok"}
----------- END --------------
December 3, 2021, 8:56 pm
----------- DATA -------------
Array
(
    [offerId] => 9c4fe23b-37ea-4954-945b-29067b0d5c0e
    [fio] => Nel
    [phone] => 09512461998
    [email] => admin@admin.com
    [domain] => http://enlargene.com/landers/5aa97f7ef1/limon.php
    [ip] => 49.145.222.102
    [utm_campaign] => 920
    [utm_content] => 42
    [utm_medium] => 
    [utm_source] => SM
    [utm_term] => 
    [clickid] => 5af3c9zq5464p123
    [fbpxl] => 
)

----------- RESPONSE ---------
{"result":"ok"}
----------- END --------------
December 3, 2021, 9:12 pm
----------- DATA -------------
Array
(
    [offerId] => 9c4fe23b-37ea-4954-945b-29067b0d5c0e
    [fio] => rec
    [phone] => 09389629077
    [email] => admin@admin.com
    [domain] => http://enlargene.com/landers/5aa97f7ef1/limon.php
    [ip] => 49.145.246.161
    [utm_campaign] => 920
    [utm_content] => 42
    [utm_medium] => 
    [utm_source] => SM
    [utm_term] => 
    [clickid] => 388cc9zpmirtwd91
    [fbpxl] => 
)

----------- RESPONSE ---------
{"result":"ok"}
----------- END --------------
December 3, 2021, 9:13 pm
----------- DATA -------------
Array
(
    [offerId] => 9c4fe23b-37ea-4954-945b-29067b0d5c0e
    [fio] => rec
    [phone] => 09389629077
    [email] => admin@admin.com
    [domain] => http://enlargene.com/landers/5aa97f7ef1/limon.php
    [ip] => 49.145.246.161
    [utm_campaign] => {campaign}
    [utm_content] => {trafficsource}
    [utm_medium] => 
    [utm_source] => SM
    [utm_term] => 
    [clickid] => {clickid}
    [fbpxl] => 
)

----------- RESPONSE ---------
{"result":"ok"}
----------- END --------------
