July 24, 2021, 12:04 am
----------- DATA -------------
Array
(
    [offerId] => 5876bfb5-5f26-4de9-8784-ec27e3449920
    [fio] => Rheyn
    [phone] => 09634732577
    [email] => admin@admin.com
    [domain] => http://adltmedia.com/landers/60efd016da8e5/limon.php
    [ip] => 175.176.21.55
    [utm_campaign] => 
    [utm_content] => 
    [utm_medium] => 
    [utm_source] => CHS
    [utm_term] => 
    [clickid] => 2364fscy9qd3z5e0
    [fbpxl] => 
)

----------- RESPONSE ---------
{"result":"ok"}
----------- END --------------
July 24, 2021, 12:26 am
----------- DATA -------------
Array
(
    [offerId] => 5876bfb5-5f26-4de9-8784-ec27e3449920
    [fio] => Robert Christopher Dela Peña
    [phone] => 09127746301
    [email] => admin@admin.com
    [domain] => http://adltmedia.com/landers/60efd016da8e5/limon.php
    [ip] => 180.190.45.216
    [utm_campaign] => 
    [utm_content] => 
    [utm_medium] => 
    [utm_source] => CHS
    [utm_term] => 
    [clickid] => 296a2scy9vcsl872
    [fbpxl] => 
)

----------- RESPONSE ---------
{"result":"ok"}
----------- END --------------
July 24, 2021, 12:57 am
----------- DATA -------------
Array
(
    [offerId] => 5876bfb5-5f26-4de9-8784-ec27e3449920
    [fio] => Samuel Pascual
    [phone] => SAMUEL
    [email] => admin@admin.com
    [domain] => http://adltmedia.com/landers/60efd016da8e5/limon.php
    [ip] => 110.54.136.87
    [utm_campaign] => 
    [utm_content] => 
    [utm_medium] => 
    [utm_source] => CHS
    [utm_term] => 
    [clickid] => ad6b5scy9dua6767
    [fbpxl] => 
)

----------- RESPONSE ---------
{"result":"ok"}
----------- END --------------
July 24, 2021, 2:00 am
----------- DATA -------------
Array
(
    [offerId] => 5876bfb5-5f26-4de9-8784-ec27e3449920
    [fio] => Richd. Da. Vare
    [phone] => xxx
    [email] => admin@admin.com
    [domain] => http://adltmedia.com/landers/60efd016da8e5/limon.php
    [ip] => 175.176.20.4
    [utm_campaign] => 
    [utm_content] => 
    [utm_medium] => 
    [utm_source] => CHS
    [utm_term] => 
    [clickid] => a2098sc4krngxd34
    [fbpxl] => 
)

----------- RESPONSE ---------
{"result":"ok"}
----------- END --------------
July 24, 2021, 2:09 am
----------- DATA -------------
Array
(
    [offerId] => 5876bfb5-5f26-4de9-8784-ec27e3449920
    [fio] => Oming
    [phone] => +639485026879
    [email] => admin@admin.com
    [domain] => http://adltmedia.com/landers/60efd016da8e5/limon.php
    [ip] => 49.145.128.1
    [utm_campaign] => 
    [utm_content] => 
    [utm_medium] => 
    [utm_source] => CHS
    [utm_term] => 
    [clickid] => 62dcfsc4kibrn43e
    [fbpxl] => 
)

----------- RESPONSE ---------
{"result":"ok"}
----------- END --------------
July 24, 2021, 2:12 am
----------- DATA -------------
Array
(
    [offerId] => 5876bfb5-5f26-4de9-8784-ec27e3449920
    [fio] => Jainerpulido
    [phone] => 0906167824
    [email] => admin@admin.com
    [domain] => http://adltmedia.com/landers/60efd016da8e5/limon.php
    [ip] => 110.54.133.75
    [utm_campaign] => 
    [utm_content] => 
    [utm_medium] => 
    [utm_source] => CHS
    [utm_term] => 
    [clickid] => 933ddsc4kwh8w616
    [fbpxl] => 
)

----------- RESPONSE ---------
{"result":"ok"}
----------- END --------------
July 24, 2021, 2:23 am
----------- DATA -------------
Array
(
    [offerId] => 5876bfb5-5f26-4de9-8784-ec27e3449920
    [fio] => Jestoni g. Querubin
    [phone] => 09382601090
    [email] => admin@admin.com
    [domain] => http://adltmedia.com/landers/60efd016da8e5/limon.php
    [ip] => 175.176.36.170
    [utm_campaign] => 
    [utm_content] => 
    [utm_medium] => 
    [utm_source] => CHS
    [utm_term] => 
    [clickid] => 50be5sctwa0e8945
    [fbpxl] => 
)

----------- RESPONSE ---------
{"result":"ok"}
----------- END --------------
July 24, 2021, 2:48 am
----------- DATA -------------
Array
(
    [offerId] => 5876bfb5-5f26-4de9-8784-ec27e3449920
    [fio] => Jerom
    [phone] => 09357222429
    [email] => admin@admin.com
    [domain] => http://adltmedia.com/landers/60efd016da8e5/limon.php
    [ip] => 110.54.169.156
    [utm_campaign] => 
    [utm_content] => 
    [utm_medium] => 
    [utm_source] => CHS
    [utm_term] => 
    [clickid] => 4a31csctwlpsy652
    [fbpxl] => 
)

----------- RESPONSE ---------
{"result":"ok"}
----------- END --------------
July 24, 2021, 3:26 am
----------- DATA -------------
Array
(
    [offerId] => 5876bfb5-5f26-4de9-8784-ec27e3449920
    [fio] => Arman
    [phone] => 09306265547
    [email] => admin@admin.com
    [domain] => http://adltmedia.com/landers/60efd016da8e5/limon.php
    [ip] => 223.25.63.148
    [utm_campaign] => 
    [utm_content] => 
    [utm_medium] => 
    [utm_source] => CHS
    [utm_term] => 
    [clickid] => 47cf0sctwd5h9e76
    [fbpxl] => 
)

----------- RESPONSE ---------
{"result":"ok"}
----------- END --------------
July 24, 2021, 3:36 am
----------- DATA -------------
Array
(
    [offerId] => 5876bfb5-5f26-4de9-8784-ec27e3449920
    [fio] => Edison 
    [phone] => 09260415587
    [email] => admin@admin.com
    [domain] => http://adltmedia.com/landers/60efd016da8e5/limon.php
    [ip] => 110.54.173.228
    [utm_campaign] => 
    [utm_content] => 
    [utm_medium] => 
    [utm_source] => CHS
    [utm_term] => 
    [clickid] => f8649sctwm7y96b5
    [fbpxl] => 
)

----------- RESPONSE ---------
{"result":"ok"}
----------- END --------------
July 24, 2021, 3:45 am
----------- DATA -------------
Array
(
    [offerId] => 5876bfb5-5f26-4de9-8784-ec27e3449920
    [fio] => Marvin bayer
    [phone] => 09354889780
    [email] => admin@admin.com
    [domain] => http://adltmedia.com/landers/60efd016da8e5/limon.php
    [ip] => 110.54.160.247
    [utm_campaign] => 
    [utm_content] => 
    [utm_medium] => 
    [utm_source] => CHS
    [utm_term] => 
    [clickid] => 20466sctwe8a8c1d
    [fbpxl] => 
)

----------- RESPONSE ---------
{"result":"ok"}
----------- END --------------
July 24, 2021, 3:47 am
----------- DATA -------------
Array
(
    [offerId] => 5876bfb5-5f26-4de9-8784-ec27e3449920
    [fio] => jhun miguel
    [phone] => 09081533614
    [email] => admin@admin.com
    [domain] => http://adltmedia.com/landers/60efd016da8e5/limon.php
    [ip] => 175.176.21.130
    [utm_campaign] => 
    [utm_content] => 
    [utm_medium] => 
    [utm_source] => CHS
    [utm_term] => 
    [clickid] => 5bb5asctwqqqeabe
    [fbpxl] => 
)

----------- RESPONSE ---------
{"result":"ok"}
----------- END --------------
July 24, 2021, 4:20 am
----------- DATA -------------
Array
(
    [offerId] => 5876bfb5-5f26-4de9-8784-ec27e3449920
    [fio] => Jay arr mojillo 
    [phone] => 09558692379
    [email] => admin@admin.com
    [domain] => http://adltmedia.com/landers/60efd016da8e5/limon.php
    [ip] => 136.158.39.149
    [utm_campaign] => 
    [utm_content] => 
    [utm_medium] => 
    [utm_source] => CHS
    [utm_term] => 
    [clickid] => a927escwfnt158e0
    [fbpxl] => 
)

----------- RESPONSE ---------
{"result":"ok"}
----------- END --------------
July 24, 2021, 4:31 am
----------- DATA -------------
Array
(
    [offerId] => 5876bfb5-5f26-4de9-8784-ec27e3449920
    [fio] => Jake
    [phone] => 09759329689
    [email] => admin@admin.com
    [domain] => http://adltmedia.com/landers/60efd016da8e5/limon.php
    [ip] => 175.176.64.245
    [utm_campaign] => 
    [utm_content] => 
    [utm_medium] => 
    [utm_source] => CHS
    [utm_term] => 
    [clickid] => a2288scwf6jqn67c
    [fbpxl] => 
)

----------- RESPONSE ---------
{"result":"ok"}
----------- END --------------
July 24, 2021, 5:18 am
----------- DATA -------------
Array
(
    [offerId] => 5876bfb5-5f26-4de9-8784-ec27e3449920
    [fio] => Gaspar
    [phone] => 09104848228
    [email] => admin@admin.com
    [domain] => http://adltmedia.com/landers/60efd016da8e5/limon.php
    [ip] => 110.54.137.150
    [utm_campaign] => 
    [utm_content] => 
    [utm_medium] => 
    [utm_source] => CHS
    [utm_term] => 
    [clickid] => 54103scnta3j2d1d
    [fbpxl] => 
)

----------- RESPONSE ---------
{"result":"ok"}
----------- END --------------
July 24, 2021, 5:23 am
----------- DATA -------------
Array
(
    [offerId] => 5876bfb5-5f26-4de9-8784-ec27e3449920
    [fio] => Yelena
    [phone] => 09464354283
    [email] => admin@admin.com
    [domain] => http://adltmedia.com/landers/60efd016da8e5/limon.php
    [ip] => 110.54.204.105
    [utm_campaign] => 
    [utm_content] => 
    [utm_medium] => 
    [utm_source] => CHS
    [utm_term] => 
    [clickid] => 42b55scnthelp773
    [fbpxl] => 
)

----------- RESPONSE ---------
{"result":"ok"}
----------- END --------------
July 24, 2021, 5:44 am
----------- DATA -------------
Array
(
    [offerId] => 5876bfb5-5f26-4de9-8784-ec27e3449920
    [fio] => Jax
    [phone] => 0925869348
    [email] => admin@admin.com
    [domain] => http://adltmedia.com/landers/60efd016da8e5/limon.php
    [ip] => 210.185.171.140
    [utm_campaign] => 
    [utm_content] => 
    [utm_medium] => 
    [utm_source] => CHS
    [utm_term] => 
    [clickid] => ce59dscnte2176ea
    [fbpxl] => 
)

----------- RESPONSE ---------
{"result":"ok"}
----------- END --------------
July 24, 2021, 5:59 am
----------- DATA -------------
Array
(
    [offerId] => 5876bfb5-5f26-4de9-8784-ec27e3449920
    [fio] => Clarence
    [phone] => 09060463192
    [email] => admin@admin.com
    [domain] => http://adltmedia.com/landers/60efd016da8e5/limon.php
    [ip] => 210.185.171.216
    [utm_campaign] => 
    [utm_content] => 
    [utm_medium] => 
    [utm_source] => CHS
    [utm_term] => 
    [clickid] => 731bfscntj6ft2d4
    [fbpxl] => 
)

----------- RESPONSE ---------
{"result":"ok"}
----------- END --------------
July 24, 2021, 6:12 am
----------- DATA -------------
Array
(
    [offerId] => 5876bfb5-5f26-4de9-8784-ec27e3449920
    [fio] => Erick
    [phone] => 09491220936
    [email] => admin@admin.com
    [domain] => http://adltmedia.com/landers/60efd016da8e5/limon.php
    [ip] => 110.54.190.104
    [utm_campaign] => 
    [utm_content] => 
    [utm_medium] => 
    [utm_source] => CHS
    [utm_term] => 
    [clickid] => 4c673scntkthea6c
    [fbpxl] => 
)

----------- RESPONSE ---------
{"result":"ok"}
----------- END --------------
July 24, 2021, 6:25 am
----------- DATA -------------
Array
(
    [offerId] => 5876bfb5-5f26-4de9-8784-ec27e3449920
    [fio] => Bong
    [phone] => 09487982688
    [email] => admin@admin.com
    [domain] => http://adltmedia.com/landers/60efd016da8e5/limon.php
    [ip] => 110.54.216.92
    [utm_campaign] => 
    [utm_content] => 
    [utm_medium] => 
    [utm_source] => CHS
    [utm_term] => 
    [clickid] => 71913scb4a8j2eb7
    [fbpxl] => 
)

----------- RESPONSE ---------
{"result":"ok"}
----------- END --------------
July 24, 2021, 6:32 am
----------- DATA -------------
Array
(
    [offerId] => 5876bfb5-5f26-4de9-8784-ec27e3449920
    [fio] => Dave
    [phone] => 09355681227
    [email] => admin@admin.com
    [domain] => http://adltmedia.com/landers/60efd016da8e5/limon.php
    [ip] => 2001:4455:231:7400:a409:d903:7f61:a9a5
    [utm_campaign] => 
    [utm_content] => 
    [utm_medium] => 
    [utm_source] => CHS
    [utm_term] => 
    [clickid] => 70614scb416u3c3f
    [fbpxl] => 
)

----------- RESPONSE ---------
{"result":"ok"}
----------- END --------------
July 24, 2021, 6:47 am
----------- DATA -------------
Array
(
    [offerId] => 5876bfb5-5f26-4de9-8784-ec27e3449920
    [fio] => Joshua
    [phone] => 09461793996
    [email] => admin@admin.com
    [domain] => http://adltmedia.com/landers/60efd016da8e5/limon.php
    [ip] => 175.176.20.17
    [utm_campaign] => 
    [utm_content] => 
    [utm_medium] => 
    [utm_source] => CHS
    [utm_term] => 
    [clickid] => 34288scb47spm95d
    [fbpxl] => 
)

----------- RESPONSE ---------
{"result":"ok"}
----------- END --------------
July 24, 2021, 7:40 am
----------- DATA -------------
Array
(
    [offerId] => 5876bfb5-5f26-4de9-8784-ec27e3449920
    [fio] => John Ryan Canuto
    [phone] => 09077408068
    [email] => admin@admin.com
    [domain] => http://adltmedia.com/landers/60efd016da8e5/limon.php
    [ip] => 49.147.173.31
    [utm_campaign] => 
    [utm_content] => 
    [utm_medium] => 
    [utm_source] => CHS
    [utm_term] => 
    [clickid] => 38474scirwffyb99
    [fbpxl] => 
)

----------- RESPONSE ---------
{"result":"ok"}
----------- END --------------
July 24, 2021, 8:41 am
----------- DATA -------------
Array
(
    [offerId] => 5876bfb5-5f26-4de9-8784-ec27e3449920
    [fio] => Federico baslan bulan
    [phone] => 09677007969
    [email] => admin@admin.com
    [domain] => http://adltmedia.com/landers/60efd016da8e5/limon.php
    [ip] => 222.127.246.82
    [utm_campaign] => 
    [utm_content] => 
    [utm_medium] => 
    [utm_source] => CHS
    [utm_term] => 
    [clickid] => 903afscghvcg5d99
    [fbpxl] => 
)

----------- RESPONSE ---------
{"result":"ok"}
----------- END --------------
July 24, 2021, 9:21 am
----------- DATA -------------
Array
(
    [offerId] => 5876bfb5-5f26-4de9-8784-ec27e3449920
    [fio] => Jun patrick barrameda
    [phone] => 09432066966
    [email] => admin@admin.com
    [domain] => http://adltmedia.com/landers/60efd016da8e5/limon.php
    [ip] => 136.158.34.253
    [utm_campaign] => 
    [utm_content] => 
    [utm_medium] => 
    [utm_source] => CHS
    [utm_term] => 
    [clickid] => 0569asc8ppm5m75c
    [fbpxl] => 
)

----------- RESPONSE ---------
{"result":"ok"}
----------- END --------------
July 24, 2021, 10:16 am
----------- DATA -------------
Array
(
    [offerId] => 5876bfb5-5f26-4de9-8784-ec27e3449920
    [fio] => Gareth
    [phone] => Joyculala
    [email] => admin@admin.com
    [domain] => http://adltmedia.com/landers/60efd016da8e5/limon.php
    [ip] => 175.176.43.78
    [utm_campaign] => 
    [utm_content] => 
    [utm_medium] => 
    [utm_source] => CHS
    [utm_term] => 
    [clickid] => b9333scxoa6oc0be
    [fbpxl] => 
)

----------- RESPONSE ---------
{"result":"ok"}
----------- END --------------
July 24, 2021, 10:20 am
----------- DATA -------------
Array
(
    [offerId] => 5876bfb5-5f26-4de9-8784-ec27e3449920
    [fio] => jay william
    [phone] => 09505240159
    [email] => admin@admin.com
    [domain] => http://adltmedia.com/landers/60efd016da8e5/limon.php
    [ip] => 110.54.219.224
    [utm_campaign] => 
    [utm_content] => 
    [utm_medium] => 
    [utm_source] => CHS
    [utm_term] => 
    [clickid] => cb7a8scxoa5ibb01
    [fbpxl] => 
)

----------- RESPONSE ---------
{"result":"ok"}
----------- END --------------
July 24, 2021, 10:24 am
----------- DATA -------------
Array
(
    [offerId] => 5876bfb5-5f26-4de9-8784-ec27e3449920
    [fio] => Jayr
    [phone] => 09994340096
    [email] => admin@admin.com
    [domain] => http://adltmedia.com/landers/60efd016da8e5/limon.php
    [ip] => 112.202.22.67
    [utm_campaign] => 
    [utm_content] => 
    [utm_medium] => 
    [utm_source] => CHS
    [utm_term] => 
    [clickid] => 8f291scxoq5gmb15
    [fbpxl] => 
)

----------- RESPONSE ---------
{"result":"ok"}
----------- END --------------
July 24, 2021, 10:25 am
----------- DATA -------------
Array
(
    [offerId] => 5876bfb5-5f26-4de9-8784-ec27e3449920
    [fio] => Fredirech adanza llovia 
    [phone] => 09666824730
    [email] => admin@admin.com
    [domain] => http://adltmedia.com/landers/60efd016da8e5/limon.php
    [ip] => 210.185.171.136
    [utm_campaign] => 
    [utm_content] => 
    [utm_medium] => 
    [utm_source] => CHS
    [utm_term] => 
    [clickid] => 2828cscxoa917355
    [fbpxl] => 
)

----------- RESPONSE ---------
{"result":"ok"}
----------- END --------------
July 24, 2021, 10:42 am
----------- DATA -------------
Array
(
    [offerId] => 5876bfb5-5f26-4de9-8784-ec27e3449920
    [fio] => Arwin Sidayao
    [phone] => 09381005255
    [email] => admin@admin.com
    [domain] => http://adltmedia.com/landers/60efd016da8e5/limon.php
    [ip] => 175.176.3.163
    [utm_campaign] => 
    [utm_content] => 
    [utm_medium] => 
    [utm_source] => CHS
    [utm_term] => 
    [clickid] => e9b9dscxok2fv0ef
    [fbpxl] => 
)

----------- RESPONSE ---------
{"result":"ok"}
----------- END --------------
July 24, 2021, 12:23 pm
----------- DATA -------------
Array
(
    [offerId] => 5876bfb5-5f26-4de9-8784-ec27e3449920
    [fio] => Era
    [phone] => 09352001127
    [email] => admin@admin.com
    [domain] => http://adltmedia.com/landers/60efd016da8e5/limon.php
    [ip] => 2001:4454:6e8:6200:d557:f11d:a2a0:1ef1
    [utm_campaign] => 
    [utm_content] => 
    [utm_medium] => 
    [utm_source] => CHS
    [utm_term] => 
    [clickid] => 84402sck2bga2f32
    [fbpxl] => 
)

----------- RESPONSE ---------
{"result":"ok"}
----------- END --------------
July 24, 2021, 12:39 pm
----------- DATA -------------
Array
(
    [offerId] => 5876bfb5-5f26-4de9-8784-ec27e3449920
    [fio] => Dljag
    [phone] => 09650379372
    [email] => admin@admin.com
    [domain] => http://adltmedia.com/landers/60efd016da8e5/limon.php
    [ip] => 110.54.171.11
    [utm_campaign] => 
    [utm_content] => 
    [utm_medium] => 
    [utm_source] => CHS
    [utm_term] => 
    [clickid] => d1854sck2qqj6124
    [fbpxl] => 
)

----------- RESPONSE ---------
{"result":"ok"}
----------- END --------------
July 24, 2021, 1:02 pm
----------- DATA -------------
Array
(
    [offerId] => 5876bfb5-5f26-4de9-8784-ec27e3449920
    [fio] => Joemar
    [phone] => 09359321503
    [email] => admin@admin.com
    [domain] => http://adltmedia.com/landers/60efd016da8e5/limon.php
    [ip] => 110.54.224.61
    [utm_campaign] => 
    [utm_content] => 
    [utm_medium] => 
    [utm_source] => CHS
    [utm_term] => 
    [clickid] => 922f3sc7sqd3vd49
    [fbpxl] => 
)

----------- RESPONSE ---------
{"result":"ok"}
----------- END --------------
July 24, 2021, 1:19 pm
----------- DATA -------------
Array
(
    [offerId] => 5876bfb5-5f26-4de9-8784-ec27e3449920
    [fio] => Ricardo
    [phone] => 09121082096
    [email] => admin@admin.com
    [domain] => http://adltmedia.com/landers/60efd016da8e5/limon.php
    [ip] => 38.114.114.188
    [utm_campaign] => 
    [utm_content] => 
    [utm_medium] => 
    [utm_source] => CHS
    [utm_term] => 
    [clickid] => e574fsc7se25214f
    [fbpxl] => 
)

----------- RESPONSE ---------
{"result":"ok"}
----------- END --------------
July 24, 2021, 1:51 pm
----------- DATA -------------
Array
(
    [offerId] => 5876bfb5-5f26-4de9-8784-ec27e3449920
    [fio] => albert
    [phone] => 09380025126
    [email] => admin@admin.com
    [domain] => http://adltmedia.com/landers/60efd016da8e5/limon.php
    [ip] => 49.144.197.74
    [utm_campaign] => 
    [utm_content] => 
    [utm_medium] => 
    [utm_source] => CHS
    [utm_term] => 
    [clickid] => 2aaadsc7se8ho5a9
    [fbpxl] => 
)

----------- RESPONSE ---------
{"result":"ok"}
----------- END --------------
July 24, 2021, 2:12 pm
----------- DATA -------------
Array
(
    [offerId] => 5876bfb5-5f26-4de9-8784-ec27e3449920
    [fio] => Jonathan
    [phone] => 09639821172
    [email] => admin@admin.com
    [domain] => http://adltmedia.com/landers/60efd016da8e5/limon.php
    [ip] => 49.145.167.50
    [utm_campaign] => 
    [utm_content] => 
    [utm_medium] => 
    [utm_source] => CHS
    [utm_term] => 
    [clickid] => b76cfscqeghuq79e
    [fbpxl] => 
)

----------- RESPONSE ---------
{"result":"ok"}
----------- END --------------
July 24, 2021, 2:26 pm
----------- DATA -------------
Array
(
    [offerId] => 5876bfb5-5f26-4de9-8784-ec27e3449920
    [fio] => Rasul dalama
    [phone] => 09534091416
    [email] => admin@admin.com
    [domain] => http://adltmedia.com/landers/60efd016da8e5/limon.php
    [ip] => 110.54.187.201
    [utm_campaign] => 
    [utm_content] => 
    [utm_medium] => 
    [utm_source] => CHS
    [utm_term] => 
    [clickid] => 18bd3scqedvp28fc
    [fbpxl] => 
)

----------- RESPONSE ---------
{"result":"ok"}
----------- END --------------
July 24, 2021, 2:37 pm
----------- DATA -------------
Array
(
    [offerId] => 5876bfb5-5f26-4de9-8784-ec27e3449920
    [fio] => JOMELJOY TERRAGO
    [phone] => 09978136251
    [email] => admin@admin.com
    [domain] => http://adltmedia.com/landers/60efd016da8e5/limon.php
    [ip] => 136.158.82.104
    [utm_campaign] => 
    [utm_content] => 
    [utm_medium] => 
    [utm_source] => CHS
    [utm_term] => 
    [clickid] => d9ce6scqeuoj2104
    [fbpxl] => 
)

----------- RESPONSE ---------
{"result":"ok"}
----------- END --------------
July 24, 2021, 3:06 pm
----------- DATA -------------
Array
(
    [offerId] => 5876bfb5-5f26-4de9-8784-ec27e3449920
    [fio] => judielyn diaz
    [phone] => 09755815402
    [email] => admin@admin.com
    [domain] => http://adltmedia.com/landers/60efd016da8e5/limon.php
    [ip] => 49.145.162.170
    [utm_campaign] => 
    [utm_content] => 
    [utm_medium] => 
    [utm_source] => CHS
    [utm_term] => 
    [clickid] => f7977sc5mu3fn0a8
    [fbpxl] => 
)

----------- RESPONSE ---------
{"result":"ok"}
----------- END --------------
July 24, 2021, 3:06 pm
----------- DATA -------------
Array
(
    [offerId] => 5876bfb5-5f26-4de9-8784-ec27e3449920
    [fio] => Jude
    [phone] => Delrosario
    [email] => admin@admin.com
    [domain] => http://adltmedia.com/landers/60efd016da8e5/limon.php
    [ip] => 88.208.35.30
    [utm_campaign] => 
    [utm_content] => 
    [utm_medium] => 
    [utm_source] => CHS
    [utm_term] => 
    [clickid] => 75397sc5mheb79cc
    [fbpxl] => 
)

----------- RESPONSE ---------
{"result":"ok"}
----------- END --------------
July 24, 2021, 3:07 pm
----------- DATA -------------
Array
(
    [offerId] => 5876bfb5-5f26-4de9-8784-ec27e3449920
    [fio] => judielyn diaz
    [phone] => 09755815402
    [email] => admin@admin.com
    [domain] => http://adltmedia.com/landers/60efd016da8e5/limon.php
    [ip] => 49.145.162.170
    [utm_campaign] => 
    [utm_content] => 
    [utm_medium] => 
    [utm_source] => CHS
    [utm_term] => 
    [clickid] => f7977sc5mu3fn0a8
    [fbpxl] => 
)

----------- RESPONSE ---------
{"result":"ok"}
----------- END --------------
July 24, 2021, 3:16 pm
----------- DATA -------------
Array
(
    [offerId] => 5876bfb5-5f26-4de9-8784-ec27e3449920
    [fio] => Michael Besona 
    [phone] => MichaelBesona
    [email] => admin@admin.com
    [domain] => http://adltmedia.com/landers/60efd016da8e5/limon.php
    [ip] => 49.150.116.213
    [utm_campaign] => 
    [utm_content] => 
    [utm_medium] => 
    [utm_source] => CHS
    [utm_term] => 
    [clickid] => 67f96sc5me22t7de
    [fbpxl] => 
)

----------- RESPONSE ---------
{"result":"ok"}
----------- END --------------
July 24, 2021, 3:19 pm
----------- DATA -------------
Array
(
    [offerId] => 5876bfb5-5f26-4de9-8784-ec27e3449920
    [fio] => Michael Besona 
    [phone] => MichaelBesona
    [email] => admin@admin.com
    [domain] => http://adltmedia.com/landers/60efd016da8e5/limon.php
    [ip] => 119.93.53.218
    [utm_campaign] => 
    [utm_content] => 
    [utm_medium] => 
    [utm_source] => CHS
    [utm_term] => 
    [clickid] => 67f96sc5me22t7de
    [fbpxl] => 
)

----------- RESPONSE ---------
{"result":"ok"}
----------- END --------------
July 24, 2021, 3:19 pm
----------- DATA -------------
Array
(
    [offerId] => 5876bfb5-5f26-4de9-8784-ec27e3449920
    [fio] => Michael Besona 
    [phone] => MichaelBesona
    [email] => admin@admin.com
    [domain] => http://adltmedia.com/landers/60efd016da8e5/limon.php
    [ip] => 119.93.53.218
    [utm_campaign] => 
    [utm_content] => 
    [utm_medium] => 
    [utm_source] => CHS
    [utm_term] => 
    [clickid] => 67f96sc5me22t7de
    [fbpxl] => 
)

----------- RESPONSE ---------
{"result":"ok"}
----------- END --------------
July 24, 2021, 3:21 pm
----------- DATA -------------
Array
(
    [offerId] => 5876bfb5-5f26-4de9-8784-ec27e3449920
    [fio] => Reynald calam
    [phone] => 09977426384
    [email] => admin@admin.com
    [domain] => http://adltmedia.com/landers/60efd016da8e5/limon.php
    [ip] => 110.54.224.44
    [utm_campaign] => 
    [utm_content] => 
    [utm_medium] => 
    [utm_source] => CHS
    [utm_term] => 
    [clickid] => 65cc4sc5m9r8wb7a
    [fbpxl] => 
)

----------- RESPONSE ---------
{"result":"ok"}
----------- END --------------
July 24, 2021, 3:34 pm
----------- DATA -------------
Array
(
    [offerId] => 5876bfb5-5f26-4de9-8784-ec27e3449920
    [fio] => Jesie
    [phone] => 09555508591
    [email] => admin@admin.com
    [domain] => http://adltmedia.com/landers/60efd016da8e5/limon.php
    [ip] => 2405:8d40:ba0:8eaa:14ee:2822:7cce:8487
    [utm_campaign] => 
    [utm_content] => 
    [utm_medium] => 
    [utm_source] => CHS
    [utm_term] => 
    [clickid] => {clickid}
    [fbpxl] => 
)

----------- RESPONSE ---------
{"result":"ok"}
----------- END --------------
July 24, 2021, 3:42 pm
----------- DATA -------------
Array
(
    [offerId] => 5876bfb5-5f26-4de9-8784-ec27e3449920
    [fio] => jaime corcuera
    [phone] => 09501943322
    [email] => admin@admin.com
    [domain] => http://adltmedia.com/landers/60efd016da8e5/limon.php
    [ip] => 180.191.209.45
    [utm_campaign] => 
    [utm_content] => 
    [utm_medium] => 
    [utm_source] => CHS
    [utm_term] => 
    [clickid] => e8847sc5mqnyd800
    [fbpxl] => 
)

----------- RESPONSE ---------
{"result":"ok"}
----------- END --------------
July 24, 2021, 3:43 pm
----------- DATA -------------
Array
(
    [offerId] => 5876bfb5-5f26-4de9-8784-ec27e3449920
    [fio] => Joshua
    [phone] => 09123813857
    [email] => admin@admin.com
    [domain] => http://adltmedia.com/landers/60efd016da8e5/limon.php
    [ip] => 49.146.46.67
    [utm_campaign] => 
    [utm_content] => 
    [utm_medium] => 
    [utm_source] => CHS
    [utm_term] => 
    [clickid] => ec86dscyda42tf09
    [fbpxl] => 
)

----------- RESPONSE ---------
{"result":"ok"}
----------- END --------------
July 24, 2021, 3:44 pm
----------- DATA -------------
Array
(
    [offerId] => 5876bfb5-5f26-4de9-8784-ec27e3449920
    [fio] => Charlie
    [phone] => 09532887841
    [email] => admin@admin.com
    [domain] => http://adltmedia.com/landers/60efd016da8e5/limon.php
    [ip] => 141.0.9.245
    [utm_campaign] => 
    [utm_content] => 
    [utm_medium] => 
    [utm_source] => CHS
    [utm_term] => 
    [clickid] => b4bd7scyda48r492
    [fbpxl] => 
)

----------- RESPONSE ---------
{"result":"ok"}
----------- END --------------
July 24, 2021, 3:53 pm
----------- DATA -------------
Array
(
    [offerId] => 5876bfb5-5f26-4de9-8784-ec27e3449920
    [fio] => Kim Andrie Rojas
    [phone] => 09081614519
    [email] => admin@admin.com
    [domain] => http://adltmedia.com/landers/60efd016da8e5/limon.php
    [ip] => 110.54.160.162
    [utm_campaign] => 
    [utm_content] => 
    [utm_medium] => 
    [utm_source] => CHS
    [utm_term] => 
    [clickid] => 485c6scydu3j6017
    [fbpxl] => 
)

----------- RESPONSE ---------
{"result":"ok"}
----------- END --------------
July 24, 2021, 4:06 pm
----------- DATA -------------
Array
(
    [offerId] => 5876bfb5-5f26-4de9-8784-ec27e3449920
    [fio] => Johnlloyd
    [phone] => 09304924276
    [email] => admin@admin.com
    [domain] => http://adltmedia.com/landers/60efd016da8e5/limon.php
    [ip] => 175.176.4.101
    [utm_campaign] => 
    [utm_content] => 
    [utm_medium] => 
    [utm_source] => CHS
    [utm_term] => 
    [clickid] => 3a62bscydhoa5150
    [fbpxl] => 
)

----------- RESPONSE ---------
{"result":"ok"}
----------- END --------------
July 24, 2021, 4:17 pm
----------- DATA -------------
Array
(
    [offerId] => 5876bfb5-5f26-4de9-8784-ec27e3449920
    [fio] => Heber arnante
    [phone] => 09560647290
    [email] => admin@admin.com
    [domain] => http://adltmedia.com/landers/60efd016da8e5/limon.php
    [ip] => 136.158.101.39
    [utm_campaign] => 
    [utm_content] => 
    [utm_medium] => 
    [utm_source] => CHS
    [utm_term] => 
    [clickid] => 8e219scydp2gxf19
    [fbpxl] => 
)

----------- RESPONSE ---------
{"result":"ok"}
----------- END --------------
July 24, 2021, 5:14 pm
----------- DATA -------------
Array
(
    [offerId] => 5876bfb5-5f26-4de9-8784-ec27e3449920
    [fio] => Joefgy
    [phone] => 09054896511
    [email] => admin@admin.com
    [domain] => http://adltmedia.com/landers/60efd016da8e5/limon.php
    [ip] => 110.54.188.210
    [utm_campaign] => 
    [utm_content] => 
    [utm_medium] => 
    [utm_source] => CHS
    [utm_term] => 
    [clickid] => 24287scvcg5us443
    [fbpxl] => 
)

----------- RESPONSE ---------
{"result":"ok"}
----------- END --------------
July 24, 2021, 5:20 pm
----------- DATA -------------
Array
(
    [offerId] => 5876bfb5-5f26-4de9-8784-ec27e3449920
    [fio] => Almer
    [phone] => 09560890319
    [email] => admin@admin.com
    [domain] => http://adltmedia.com/landers/60efd016da8e5/limon.php
    [ip] => 110.54.216.31
    [utm_campaign] => 
    [utm_content] => 
    [utm_medium] => 
    [utm_source] => CHS
    [utm_term] => 
    [clickid] => 32614scvcj6my9f4
    [fbpxl] => 
)

----------- RESPONSE ---------
{"result":"ok"}
----------- END --------------
July 24, 2021, 5:36 pm
----------- DATA -------------
Array
(
    [offerId] => 5876bfb5-5f26-4de9-8784-ec27e3449920
    [fio] => christian
    [phone] => 09277778192
    [email] => admin@admin.com
    [domain] => http://adltmedia.com/landers/60efd016da8e5/limon.php
    [ip] => 2001:fd8:505:37bb:ed24:2a26:7a40:38f1
    [utm_campaign] => 
    [utm_content] => 
    [utm_medium] => 
    [utm_source] => CHS
    [utm_term] => 
    [clickid] => 7a49fsc6jheh9be2
    [fbpxl] => 
)

----------- RESPONSE ---------
{"result":"ok"}
----------- END --------------
July 24, 2021, 5:46 pm
----------- DATA -------------
Array
(
    [offerId] => 5876bfb5-5f26-4de9-8784-ec27e3449920
    [fio] => John Rey Asis
    [phone] => O9517964899
    [email] => admin@admin.com
    [domain] => http://adltmedia.com/landers/60efd016da8e5/limon.php
    [ip] => 110.54.173.221
    [utm_campaign] => 
    [utm_content] => 
    [utm_medium] => 
    [utm_source] => CHS
    [utm_term] => 
    [clickid] => f9715sc6j6jghee8
    [fbpxl] => 
)

----------- RESPONSE ---------
{"result":"ok"}
----------- END --------------
July 24, 2021, 6:01 pm
----------- DATA -------------
Array
(
    [offerId] => 5876bfb5-5f26-4de9-8784-ec27e3449920
    [fio] => Erven
    [phone] => 09997129757
    [email] => admin@admin.com
    [domain] => http://adltmedia.com/landers/60efd016da8e5/limon.php
    [ip] => 175.176.16.43
    [utm_campaign] => 
    [utm_content] => 
    [utm_medium] => 
    [utm_source] => CHS
    [utm_term] => 
    [clickid] => 74612sc9lheqe032
    [fbpxl] => 
)

----------- RESPONSE ---------
{"result":"ok"}
----------- END --------------
July 24, 2021, 6:03 pm
----------- DATA -------------
Array
(
    [offerId] => 5876bfb5-5f26-4de9-8784-ec27e3449920
    [fio] => Erven
    [phone] => 09997129757
    [email] => admin@admin.com
    [domain] => http://adltmedia.com/landers/60efd016da8e5/limon.php
    [ip] => 175.176.16.43
    [utm_campaign] => 
    [utm_content] => 
    [utm_medium] => 
    [utm_source] => CHS
    [utm_term] => 
    [clickid] => 74612sc9lheqe032
    [fbpxl] => 
)

----------- RESPONSE ---------
{"result":"ok"}
----------- END --------------
July 24, 2021, 6:17 pm
----------- DATA -------------
Array
(
    [offerId] => 5876bfb5-5f26-4de9-8784-ec27e3449920
    [fio] => Carlo abello
    [phone] => 09386395049
    [email] => admin@admin.com
    [domain] => http://adltmedia.com/landers/60efd016da8e5/limon.php
    [ip] => 180.190.189.16
    [utm_campaign] => 
    [utm_content] => 
    [utm_medium] => 
    [utm_source] => CHS
    [utm_term] => 
    [clickid] => b127fsc9l46161c1
    [fbpxl] => 
)

----------- RESPONSE ---------
{"result":"ok"}
----------- END --------------
July 24, 2021, 6:25 pm
----------- DATA -------------
Array
(
    [offerId] => 5876bfb5-5f26-4de9-8784-ec27e3449920
    [fio] => Jerry
    [phone] => 09567823253
    [email] => admin@admin.com
    [domain] => http://adltmedia.com/landers/60efd016da8e5/limon.php
    [ip] => 110.54.173.100
    [utm_campaign] => 
    [utm_content] => 
    [utm_medium] => 
    [utm_source] => CHS
    [utm_term] => 
    [clickid] => 90220sc9lfyus0aa
    [fbpxl] => 
)

----------- RESPONSE ---------
{"result":"ok"}
----------- END --------------
July 24, 2021, 7:03 pm
----------- DATA -------------
Array
(
    [offerId] => 5876bfb5-5f26-4de9-8784-ec27e3449920
    [fio] => Dennis
    [phone] => 09554515251
    [email] => admin@admin.com
    [domain] => http://adltmedia.com/landers/60efd016da8e5/limon.php
    [ip] => 110.54.129.88
    [utm_campaign] => 
    [utm_content] => 
    [utm_medium] => 
    [utm_source] => CHS
    [utm_term] => 
    [clickid] => 1c872scftqnq562b
    [fbpxl] => 
)

----------- RESPONSE ---------
{"result":"ok"}
----------- END --------------
July 24, 2021, 7:09 pm
----------- DATA -------------
Array
(
    [offerId] => 5876bfb5-5f26-4de9-8784-ec27e3449920
    [fio] => Ryan
    [phone] => ,09682960930
    [email] => admin@admin.com
    [domain] => http://adltmedia.com/landers/60efd016da8e5/limon.php
    [ip] => 136.158.59.184
    [utm_campaign] => 
    [utm_content] => 
    [utm_medium] => 
    [utm_source] => CHS
    [utm_term] => 
    [clickid] => 8f079sc3za5kta9f
    [fbpxl] => 
)

----------- RESPONSE ---------
{"result":"ok"}
----------- END --------------
July 24, 2021, 8:19 pm
----------- DATA -------------
Array
(
    [offerId] => 5876bfb5-5f26-4de9-8784-ec27e3449920
    [fio] => Ronnie 
    [phone] => 09363765092
    [email] => admin@admin.com
    [domain] => http://adltmedia.com/landers/60efd016da8e5/limon.php
    [ip] => 119.93.221.194
    [utm_campaign] => 
    [utm_content] => 
    [utm_medium] => 
    [utm_source] => CHS
    [utm_term] => 
    [clickid] => ae852scb73va4a2f
    [fbpxl] => 
)

----------- RESPONSE ---------
{"result":"ok"}
----------- END --------------
July 24, 2021, 8:50 pm
----------- DATA -------------
Array
(
    [offerId] => 5876bfb5-5f26-4de9-8784-ec27e3449920
    [fio] => ferdinand sanchez
    [phone] => 09109114595
    [email] => admin@admin.com
    [domain] => http://adltmedia.com/landers/60efd016da8e5/limon.php
    [ip] => 111.125.105.164
    [utm_campaign] => 
    [utm_content] => 
    [utm_medium] => 
    [utm_source] => CHS
    [utm_term] => 
    [clickid] => faf12sce217ik444
    [fbpxl] => 
)

----------- RESPONSE ---------
{"result":"ok"}
----------- END --------------
July 24, 2021, 9:58 pm
----------- DATA -------------
Array
(
    [offerId] => 5876bfb5-5f26-4de9-8784-ec27e3449920
    [fio] => Nazareno tolentino
    [phone] => 09166315948
    [email] => admin@admin.com
    [domain] => http://adltmedia.com/landers/60efd016da8e5/limon.php
    [ip] => 49.144.39.21
    [utm_campaign] => 
    [utm_content] => 
    [utm_medium] => 
    [utm_source] => CHS
    [utm_term] => 
    [clickid] => 519cbsc1na74k099
    [fbpxl] => 
)

----------- RESPONSE ---------
{"result":"ok"}
----------- END --------------
July 24, 2021, 9:58 pm
----------- DATA -------------
Array
(
    [offerId] => 5876bfb5-5f26-4de9-8784-ec27e3449920
    [fio] => Nazareno tolentino
    [phone] => 09166315948
    [email] => admin@admin.com
    [domain] => http://adltmedia.com/landers/60efd016da8e5/limon.php
    [ip] => 49.144.39.21
    [utm_campaign] => 
    [utm_content] => 
    [utm_medium] => 
    [utm_source] => CHS
    [utm_term] => 
    [clickid] => 519cbsc1na74k099
    [fbpxl] => 
)

----------- RESPONSE ---------
{"result":"ok"}
----------- END --------------
July 24, 2021, 11:02 pm
----------- DATA -------------
Array
(
    [offerId] => 5876bfb5-5f26-4de9-8784-ec27e3449920
    [fio] => marlon
    [phone] => 09615033862
    [email] => admin@admin.com
    [domain] => http://adltmedia.com/landers/60efd016da8e5/limon.php
    [ip] => 175.176.1.70
    [utm_campaign] => 
    [utm_content] => 
    [utm_medium] => 
    [utm_source] => CHS
    [utm_term] => 
    [clickid] => 5fb7fsc1n4pduea3
    [fbpxl] => 
)

----------- RESPONSE ---------
{"result":"ok"}
----------- END --------------
July 24, 2021, 11:39 pm
----------- DATA -------------
Array
(
    [offerId] => 5876bfb5-5f26-4de9-8784-ec27e3449920
    [fio] => Jethro
    [phone] => 09489354185
    [email] => admin@admin.com
    [domain] => http://adltmedia.com/landers/60efd016da8e5/limon.php
    [ip] => 2405:8d40:c30:95f:1694:60e3:9cf0:e518
    [utm_campaign] => 
    [utm_content] => 
    [utm_medium] => 
    [utm_source] => CHS
    [utm_term] => 
    [clickid] => 6d911schotwy9d2f
    [fbpxl] => 
)

----------- RESPONSE ---------
{"result":"ok"}
----------- END --------------
July 24, 2021, 11:42 pm
----------- DATA -------------
Array
(
    [offerId] => 5876bfb5-5f26-4de9-8784-ec27e3449920
    [fio] => Leslie
    [phone] => 09207712924
    [email] => admin@admin.com
    [domain] => http://adltmedia.com/landers/60efd016da8e5/limon.php
    [ip] => 111.125.106.200
    [utm_campaign] => 
    [utm_content] => 
    [utm_medium] => 
    [utm_source] => CHS
    [utm_term] => 
    [clickid] => 31f58scho8p8p473
    [fbpxl] => 
)

----------- RESPONSE ---------
{"result":"ok"}
----------- END --------------
July 24, 2021, 11:53 pm
----------- DATA -------------
Array
(
    [offerId] => 5876bfb5-5f26-4de9-8784-ec27e3449920
    [fio] => Jr
    [phone] => 09481560689
    [email] => admin@admin.com
    [domain] => http://adltmedia.com/landers/60efd016da8e5/limon.php
    [ip] => 175.176.53.107
    [utm_campaign] => 
    [utm_content] => 
    [utm_medium] => 
    [utm_source] => CHS
    [utm_term] => 
    [clickid] => ac8afschovcxo9f4
    [fbpxl] => 
)

----------- RESPONSE ---------
{"result":"ok"}
----------- END --------------
