July 28, 2021, 12:00 am
----------- DATA -------------
Array
(
    [offerId] => 5876bfb5-5f26-4de9-8784-ec27e3449920
    [fio] => jfhlshe
    [phone] => jdgskhe
    [email] => admin@admin.com
    [domain] => http://adltmedia.com/landers/60efd016da8e5/limon.php
    [ip] => 103.137.209.130
    [utm_campaign] => 
    [utm_content] => 
    [utm_medium] => 
    [utm_source] => CHS
    [utm_term] => 
    [clickid] => ec334my7vojxrfe2
    [fbpxl] => 
)

----------- RESPONSE ---------
{"result":"ok"}
----------- END --------------
July 28, 2021, 12:03 am
----------- DATA -------------
Array
(
    [offerId] => 5876bfb5-5f26-4de9-8784-ec27e3449920
    [fio] => Liester
    [phone] => 09704447128
    [email] => admin@admin.com
    [domain] => http://adltmedia.com/landers/60efd016da8e5/limon.php
    [ip] => 110.54.172.107
    [utm_campaign] => 
    [utm_content] => 
    [utm_medium] => 
    [utm_source] => CHS
    [utm_term] => 
    [clickid] => 89122my7v16b42af
    [fbpxl] => 
)

----------- RESPONSE ---------
{"result":"ok"}
----------- END --------------
July 28, 2021, 12:03 am
----------- DATA -------------
Array
(
    [offerId] => 5876bfb5-5f26-4de9-8784-ec27e3449920
    [fio] => Antipolo
    [phone] => 09975331182
    [email] => admin@admin.com
    [domain] => http://adltmedia.com/landers/60efd016da8e5/limon.php
    [ip] => 110.54.133.184
    [utm_campaign] => 
    [utm_content] => 
    [utm_medium] => 
    [utm_source] => CHS
    [utm_term] => 
    [clickid] => 3e6bamy7v521z832
    [fbpxl] => 
)

----------- RESPONSE ---------
{"result":"ok"}
----------- END --------------
July 28, 2021, 2:26 am
----------- DATA -------------
Array
(
    [offerId] => 5876bfb5-5f26-4de9-8784-ec27e3449920
    [fio] => Angelo silva
    [phone] => 09356291065
    [email] => admin@admin.com
    [domain] => http://adltmedia.com/landers/60efd016da8e5/limon.php
    [ip] => 110.54.187.29
    [utm_campaign] => 
    [utm_content] => 
    [utm_medium] => 
    [utm_source] => CHS
    [utm_term] => 
    [clickid] => 4fa98myheoczw499
    [fbpxl] => 
)

----------- RESPONSE ---------
{"result":"ok"}
----------- END --------------
July 28, 2021, 2:39 am
----------- DATA -------------
Array
(
    [offerId] => 5876bfb5-5f26-4de9-8784-ec27e3449920
    [fio] => khindly 
    [phone] => 09654130428
    [email] => admin@admin.com
    [domain] => http://adltmedia.com/landers/60efd016da8e5/limon.php
    [ip] => 112.198.193.88
    [utm_campaign] => 
    [utm_content] => 
    [utm_medium] => 
    [utm_source] => CHS
    [utm_term] => 
    [clickid] => b8734myoja4twd1a
    [fbpxl] => 
)

----------- RESPONSE ---------
{"result":"ok"}
----------- END --------------
July 28, 2021, 2:52 am
----------- DATA -------------
Array
(
    [offerId] => 5876bfb5-5f26-4de9-8784-ec27e3449920
    [fio] => Ma
    [phone] => Rk
    [email] => admin@admin.com
    [domain] => http://adltmedia.com/landers/60efd016da8e5/limon.php
    [ip] => 175.176.84.106
    [utm_campaign] => 
    [utm_content] => 
    [utm_medium] => 
    [utm_source] => CHS
    [utm_term] => 
    [clickid] => e3815myojxsyd5c9
    [fbpxl] => 
)

----------- RESPONSE ---------
{"result":"ok"}
----------- END --------------
July 28, 2021, 2:59 am
----------- DATA -------------
Array
(
    [offerId] => 5876bfb5-5f26-4de9-8784-ec27e3449920
    [fio] => Philip
    [phone] => 09104093264
    [email] => admin@admin.com
    [domain] => http://adltmedia.com/landers/60efd016da8e5/limon.php
    [ip] => 112.198.196.100
    [utm_campaign] => 
    [utm_content] => 
    [utm_medium] => 
    [utm_source] => CHS
    [utm_term] => 
    [clickid] => 0e123myojci7vda2
    [fbpxl] => 
)

----------- RESPONSE ---------
{"result":"ok"}
----------- END --------------
July 28, 2021, 4:08 am
----------- DATA -------------
Array
(
    [offerId] => 5876bfb5-5f26-4de9-8784-ec27e3449920
    [fio] => Jannyboy angit
    [phone] => 09058118473
    [email] => admin@admin.com
    [domain] => http://adltmedia.com/landers/60efd016da8e5/limon.php
    [ip] => 110.54.202.249
    [utm_campaign] => 
    [utm_content] => 
    [utm_medium] => 
    [utm_source] => CHS
    [utm_term] => 
    [clickid] => b6d91myojduuo07c
    [fbpxl] => 
)

----------- RESPONSE ---------
{"result":"ok"}
----------- END --------------
July 28, 2021, 4:20 am
----------- DATA -------------
Array
(
    [offerId] => 5876bfb5-5f26-4de9-8784-ec27e3449920
    [fio] => Joel
    [phone] => 09753395251
    [email] => admin@admin.com
    [domain] => http://adltmedia.com/landers/60efd016da8e5/limon.php
    [ip] => 110.54.154.72
    [utm_campaign] => 
    [utm_content] => 
    [utm_medium] => 
    [utm_source] => CHS
    [utm_term] => 
    [clickid] => b99c6my16a8ej13a
    [fbpxl] => 
)

----------- RESPONSE ---------
{"result":"ok"}
----------- END --------------
July 28, 2021, 4:29 am
----------- DATA -------------
Array
(
    [offerId] => 5876bfb5-5f26-4de9-8784-ec27e3449920
    [fio] => ken
    [phone] => 09197116454
    [email] => admin@admin.com
    [domain] => http://adltmedia.com/landers/60efd016da8e5/limon.php
    [ip] => 175.176.68.145
    [utm_campaign] => 
    [utm_content] => 
    [utm_medium] => 
    [utm_source] => CHS
    [utm_term] => 
    [clickid] => 0aa28my16pmg6b6f
    [fbpxl] => 
)

----------- RESPONSE ---------
{"result":"ok"}
----------- END --------------
July 28, 2021, 4:29 am
----------- DATA -------------
Array
(
    [offerId] => 5876bfb5-5f26-4de9-8784-ec27e3449920
    [fio] => ken
    [phone] => 09197116454
    [email] => admin@admin.com
    [domain] => http://adltmedia.com/landers/60efd016da8e5/limon.php
    [ip] => 175.176.68.145
    [utm_campaign] => 
    [utm_content] => 
    [utm_medium] => 
    [utm_source] => CHS
    [utm_term] => 
    [clickid] => 0aa28my16pmg6b6f
    [fbpxl] => 
)

----------- RESPONSE ---------
{"result":"ok"}
----------- END --------------
July 28, 2021, 4:38 am
----------- DATA -------------
Array
(
    [offerId] => 5876bfb5-5f26-4de9-8784-ec27e3449920
    [fio] => Johair 
    [phone] => 09468967111
    [email] => admin@admin.com
    [domain] => http://adltmedia.com/landers/60efd016da8e5/limon.php
    [ip] => 2001:4451:2fe:f800:a937:b462:8f67:e95e
    [utm_campaign] => 
    [utm_content] => 
    [utm_medium] => 
    [utm_source] => CHS
    [utm_term] => 
    [clickid] => f8a0fmy16he1zf74
    [fbpxl] => 
)

----------- RESPONSE ---------
{"result":"ok"}
----------- END --------------
July 28, 2021, 5:44 am
----------- DATA -------------
Array
(
    [offerId] => 5876bfb5-5f26-4de9-8784-ec27e3449920
    [fio] => anthony dela cruz
    [phone] => 09555224210
    [email] => admin@admin.com
    [domain] => http://adltmedia.com/landers/60efd016da8e5/limon.php
    [ip] => 110.54.208.175
    [utm_campaign] => 
    [utm_content] => 
    [utm_medium] => 
    [utm_source] => CHS
    [utm_term] => 
    [clickid] => 58a2amy16g68wd49
    [fbpxl] => 
)

----------- RESPONSE ---------
{"result":"ok"}
----------- END --------------
July 28, 2021, 5:44 am
----------- DATA -------------
Array
(
    [offerId] => 5876bfb5-5f26-4de9-8784-ec27e3449920
    [fio] => Inri
    [phone] => 09563687940
    [email] => admin@admin.com
    [domain] => http://adltmedia.com/landers/60efd016da8e5/limon.php
    [ip] => 110.54.162.125
    [utm_campaign] => 
    [utm_content] => 
    [utm_medium] => 
    [utm_source] => CHS
    [utm_term] => 
    [clickid] => 04b73my16rnuqa6c
    [fbpxl] => 
)

----------- RESPONSE ---------
{"result":"ok"}
----------- END --------------
July 28, 2021, 5:45 am
----------- DATA -------------
Array
(
    [offerId] => 5876bfb5-5f26-4de9-8784-ec27e3449920
    [fio] => anthony dela cruz
    [phone] => 09555224210
    [email] => admin@admin.com
    [domain] => http://adltmedia.com/landers/60efd016da8e5/limon.php
    [ip] => 110.54.208.175
    [utm_campaign] => 
    [utm_content] => 
    [utm_medium] => 
    [utm_source] => CHS
    [utm_term] => 
    [clickid] => 58a2amy16g68wd49
    [fbpxl] => 
)

----------- RESPONSE ---------
{"result":"ok"}
----------- END --------------
July 28, 2021, 6:26 am
----------- DATA -------------
Array
(
    [offerId] => 5876bfb5-5f26-4de9-8784-ec27e3449920
    [fio] => Jovito fatiga
    [phone] => 639483566236
    [email] => admin@admin.com
    [domain] => http://adltmedia.com/landers/60efd016da8e5/limon.php
    [ip] => 2405:8d40:b10:938f:1695:e029:8416:2fb1
    [utm_campaign] => 
    [utm_content] => 
    [utm_medium] => 
    [utm_source] => CHS
    [utm_term] => 
    [clickid] => c127emyci9lzw876
    [fbpxl] => 
)

----------- RESPONSE ---------
{"result":"ok"}
----------- END --------------
July 28, 2021, 6:32 am
----------- DATA -------------
Array
(
    [offerId] => 5876bfb5-5f26-4de9-8784-ec27e3449920
    [fio] => Arvie
    [phone] => 09385548539
    [email] => admin@admin.com
    [domain] => http://adltmedia.com/landers/60efd016da8e5/limon.php
    [ip] => 49.146.97.103
    [utm_campaign] => 
    [utm_content] => 
    [utm_medium] => 
    [utm_source] => CHS
    [utm_term] => 
    [clickid] => 03f68myciuq7v746
    [fbpxl] => 
)

----------- RESPONSE ---------
{"result":"ok"}
----------- END --------------
July 28, 2021, 7:17 am
----------- DATA -------------
Array
(
    [offerId] => 5876bfb5-5f26-4de9-8784-ec27e3449920
    [fio] => sedney lou d. anino
    [phone] => 09263302355
    [email] => admin@admin.com
    [domain] => http://adltmedia.com/landers/60efd016da8e5/limon.php
    [ip] => 49.149.100.4
    [utm_campaign] => 
    [utm_content] => 
    [utm_medium] => 
    [utm_source] => CHS
    [utm_term] => 
    [clickid] => 24b27my52a9e8263
    [fbpxl] => 
)

----------- RESPONSE ---------
{"result":"ok"}
----------- END --------------
July 28, 2021, 7:19 am
----------- DATA -------------
Array
(
    [offerId] => 5876bfb5-5f26-4de9-8784-ec27e3449920
    [fio] => Kemm
    [phone] => 09352695253
    [email] => admin@admin.com
    [domain] => http://adltmedia.com/landers/60efd016da8e5/limon.php
    [ip] => 175.176.69.0
    [utm_campaign] => 
    [utm_content] => 
    [utm_medium] => 
    [utm_source] => CHS
    [utm_term] => 
    [clickid] => 96d3fmy528rx98bf
    [fbpxl] => 
)

----------- RESPONSE ---------
{"result":"ok"}
----------- END --------------
July 28, 2021, 8:37 am
----------- DATA -------------
Array
(
    [offerId] => 5876bfb5-5f26-4de9-8784-ec27e3449920
    [fio] => Mark Legaspi 
    [phone] => 09095931026
    [email] => admin@admin.com
    [domain] => http://adltmedia.com/landers/60efd016da8e5/limon.php
    [ip] => 175.176.61.86
    [utm_campaign] => 
    [utm_content] => 
    [utm_medium] => 
    [utm_source] => CHS
    [utm_term] => 
    [clickid] => 03289myqd8ryde36
    [fbpxl] => 
)

----------- RESPONSE ---------
{"result":"ok"}
----------- END --------------
July 28, 2021, 8:38 am
----------- DATA -------------
Array
(
    [offerId] => 5876bfb5-5f26-4de9-8784-ec27e3449920
    [fio] => Mark Legaspi 
    [phone] => 09095931026
    [email] => admin@admin.com
    [domain] => http://adltmedia.com/landers/60efd016da8e5/limon.php
    [ip] => 175.176.61.86
    [utm_campaign] => 
    [utm_content] => 
    [utm_medium] => 
    [utm_source] => CHS
    [utm_term] => 
    [clickid] => 03289myqd8ryde36
    [fbpxl] => 
)

----------- RESPONSE ---------
{"result":"ok"}
----------- END --------------
July 28, 2021, 9:37 am
----------- DATA -------------
Array
(
    [offerId] => 5876bfb5-5f26-4de9-8784-ec27e3449920
    [fio] => shean
    [phone] => 09757751544
    [email] => admin@admin.com
    [domain] => http://adltmedia.com/landers/60efd016da8e5/limon.php
    [ip] => 120.29.76.223
    [utm_campaign] => 
    [utm_content] => 
    [utm_medium] => 
    [utm_source] => CHS
    [utm_term] => 
    [clickid] => 11699myqdochq99f
    [fbpxl] => 
)

----------- RESPONSE ---------
{"result":"ok"}
----------- END --------------
July 28, 2021, 10:08 am
----------- DATA -------------
Array
(
    [offerId] => 5876bfb5-5f26-4de9-8784-ec27e3449920
    [fio] => JD
    [phone] => 09754154616
    [email] => admin@admin.com
    [domain] => http://adltmedia.com/landers/60efd016da8e5/limon.php
    [ip] => 110.54.169.29
    [utm_campaign] => 
    [utm_content] => 
    [utm_medium] => 
    [utm_source] => CHS
    [utm_term] => 
    [clickid] => 7c743mygm4ka24d5
    [fbpxl] => 
)

----------- RESPONSE ---------
{"result":"ok"}
----------- END --------------
July 28, 2021, 10:36 am
----------- DATA -------------
Array
(
    [offerId] => 5876bfb5-5f26-4de9-8784-ec27e3449920
    [fio] => Don don  bajar
    [phone] => 09319849081
    [email] => admin@admin.com
    [domain] => http://adltmedia.com/landers/60efd016da8e5/limon.php
    [ip] => 49.145.10.130
    [utm_campaign] => 
    [utm_content] => 
    [utm_medium] => 
    [utm_source] => CHS
    [utm_term] => 
    [clickid] => 9302amygmfnk21b5
    [fbpxl] => 
)

----------- RESPONSE ---------
{"result":"ok"}
----------- END --------------
July 28, 2021, 11:36 am
----------- DATA -------------
Array
(
    [offerId] => 5876bfb5-5f26-4de9-8784-ec27e3449920
    [fio] => Meynard
    [phone] => 09669927493
    [email] => admin@admin.com
    [domain] => http://adltmedia.com/landers/60efd016da8e5/limon.php
    [ip] => 110.54.191.246
    [utm_campaign] => 
    [utm_content] => 
    [utm_medium] => 
    [utm_source] => CHS
    [utm_term] => 
    [clickid] => bd8d2mylpojus8bf
    [fbpxl] => 
)

----------- RESPONSE ---------
{"result":"ok"}
----------- END --------------
July 28, 2021, 11:54 am
----------- DATA -------------
Array
(
    [offerId] => 5876bfb5-5f26-4de9-8784-ec27e3449920
    [fio] => Leonardo Olanio Asuit
    [phone] => 09481493222
    [email] => admin@admin.com
    [domain] => http://adltmedia.com/landers/60efd016da8e5/limon.php
    [ip] => 110.54.148.224
    [utm_campaign] => 
    [utm_content] => 
    [utm_medium] => 
    [utm_source] => CHS
    [utm_term] => 
    [clickid] => 0eaecmylp9lqe639
    [fbpxl] => 
)

----------- RESPONSE ---------
{"result":"ok"}
----------- END --------------
July 28, 2021, 12:49 pm
----------- DATA -------------
Array
(
    [offerId] => 5876bfb5-5f26-4de9-8784-ec27e3449920
    [fio] => Anyhony
    [phone] => 09107377755
    [email] => admin@admin.com
    [domain] => http://adltmedia.com/landers/60efd016da8e5/limon.php
    [ip] => 203.160.180.2
    [utm_campaign] => 
    [utm_content] => 
    [utm_medium] => 
    [utm_source] => CHS
    [utm_term] => 
    [clickid] => 205dbmyu3a7uo543
    [fbpxl] => 
)

----------- RESPONSE ---------
{"result":"ok"}
----------- END --------------
July 28, 2021, 12:54 pm
----------- DATA -------------
Array
(
    [offerId] => 5876bfb5-5f26-4de9-8784-ec27e3449920
    [fio] => jomar
    [phone] => 09998622968
    [email] => admin@admin.com
    [domain] => http://adltmedia.com/landers/60efd016da8e5/limon.php
    [ip] => 112.200.122.82
    [utm_campaign] => 
    [utm_content] => 
    [utm_medium] => 
    [utm_source] => CHS
    [utm_term] => 
    [clickid] => c4813myu3a85m06b
    [fbpxl] => 
)

----------- RESPONSE ---------
{"result":"ok"}
----------- END --------------
July 28, 2021, 1:10 pm
----------- DATA -------------
Array
(
    [offerId] => 5876bfb5-5f26-4de9-8784-ec27e3449920
    [fio] => Jeffrey trinidad
    [phone] => 09468098824
    [email] => admin@admin.com
    [domain] => http://adltmedia.com/landers/60efd016da8e5/limon.php
    [ip] => 119.94.13.134
    [utm_campaign] => 
    [utm_content] => 
    [utm_medium] => 
    [utm_source] => CHS
    [utm_term] => 
    [clickid] => 2fb79myu3521me2f
    [fbpxl] => 
)

----------- RESPONSE ---------
{"result":"ok"}
----------- END --------------
July 28, 2021, 1:10 pm
----------- DATA -------------
Array
(
    [offerId] => 5876bfb5-5f26-4de9-8784-ec27e3449920
    [fio] => Jayson
    [phone] => 09105158210
    [email] => admin@admin.com
    [domain] => http://adltmedia.com/landers/60efd016da8e5/limon.php
    [ip] => 110.54.224.251
    [utm_campaign] => 
    [utm_content] => 
    [utm_medium] => 
    [utm_source] => CHS
    [utm_term] => 
    [clickid] => 64dd1myu3y9kt24a
    [fbpxl] => 
)

----------- RESPONSE ---------
{"result":"ok"}
----------- END --------------
July 28, 2021, 1:51 pm
----------- DATA -------------
Array
(
    [offerId] => 5876bfb5-5f26-4de9-8784-ec27e3449920
    [fio] => Enrico mandane
    [phone] => 09981685164
    [email] => admin@admin.com
    [domain] => http://adltmedia.com/landers/60efd016da8e5/limon.php
    [ip] => 38.91.102.89
    [utm_campaign] => 
    [utm_content] => 
    [utm_medium] => 
    [utm_source] => CHS
    [utm_term] => 
    [clickid] => dbd01myu3m746d20
    [fbpxl] => 
)

----------- RESPONSE ---------
{"result":"ok"}
----------- END --------------
July 28, 2021, 2:02 pm
----------- DATA -------------
Array
(
    [offerId] => 5876bfb5-5f26-4de9-8784-ec27e3449920
    [fio] => Order ako
    [phone] => 09971453633
    [email] => admin@admin.com
    [domain] => http://adltmedia.com/landers/60efd016da8e5/limon.php
    [ip] => 175.176.83.95
    [utm_campaign] => 
    [utm_content] => 
    [utm_medium] => 
    [utm_source] => CHS
    [utm_term] => 
    [clickid] => cf5cfmyu3j2ik0e2
    [fbpxl] => 
)

----------- RESPONSE ---------
{"result":"ok"}
----------- END --------------
July 28, 2021, 2:05 pm
----------- DATA -------------
Array
(
    [offerId] => 5876bfb5-5f26-4de9-8784-ec27e3449920
    [fio] => Raymon
    [phone] => 09551267234
    [email] => admin@admin.com
    [domain] => http://adltmedia.com/landers/60efd016da8e5/limon.php
    [ip] => 222.127.226.197
    [utm_campaign] => 
    [utm_content] => 
    [utm_medium] => 
    [utm_source] => CHS
    [utm_term] => 
    [clickid] => 2e6d3myu3g63v605
    [fbpxl] => 
)

----------- RESPONSE ---------
{"result":"ok"}
----------- END --------------
July 28, 2021, 2:05 pm
----------- DATA -------------
Array
(
    [offerId] => 5876bfb5-5f26-4de9-8784-ec27e3449920
    [fio] => totoy
    [phone] => 09753028021
    [email] => admin@admin.com
    [domain] => http://adltmedia.com/landers/60efd016da8e5/limon.php
    [ip] => 112.198.72.121
    [utm_campaign] => 
    [utm_content] => 
    [utm_medium] => 
    [utm_source] => CHS
    [utm_term] => 
    [clickid] => b43d6myy9a646d71
    [fbpxl] => 
)

----------- RESPONSE ---------
{"result":"ok"}
----------- END --------------
July 28, 2021, 2:08 pm
----------- DATA -------------
Array
(
    [offerId] => 5876bfb5-5f26-4de9-8784-ec27e3449920
    [fio] => Bal 
    [phone] => 09518819755
    [email] => admin@admin.com
    [domain] => http://adltmedia.com/landers/60efd016da8e5/limon.php
    [ip] => 175.176.69.253
    [utm_campaign] => 
    [utm_content] => 
    [utm_medium] => 
    [utm_source] => CHS
    [utm_term] => 
    [clickid] => 6ee03myy9a8eja3d
    [fbpxl] => 
)

----------- RESPONSE ---------
{"result":"ok"}
----------- END --------------
July 28, 2021, 2:15 pm
----------- DATA -------------
Array
(
    [offerId] => 5876bfb5-5f26-4de9-8784-ec27e3449920
    [fio] => Jhay ar
    [phone] => 09383717883
    [email] => admin@admin.com
    [domain] => http://adltmedia.com/landers/60efd016da8e5/limon.php
    [ip] => 112.202.157.186
    [utm_campaign] => 
    [utm_content] => 
    [utm_medium] => 
    [utm_source] => CHS
    [utm_term] => 
    [clickid] => 8debfmyy9fnc8564
    [fbpxl] => 
)

----------- RESPONSE ---------
{"result":"ok"}
----------- END --------------
July 28, 2021, 2:16 pm
----------- DATA -------------
Array
(
    [offerId] => 5876bfb5-5f26-4de9-8784-ec27e3449920
    [fio] => Jhay ar
    [phone] => 09383717883
    [email] => admin@admin.com
    [domain] => http://adltmedia.com/landers/60efd016da8e5/limon.php
    [ip] => 112.202.157.186
    [utm_campaign] => 
    [utm_content] => 
    [utm_medium] => 
    [utm_source] => CHS
    [utm_term] => 
    [clickid] => 8debfmyy9fnc8564
    [fbpxl] => 
)

----------- RESPONSE ---------
{"result":"ok"}
----------- END --------------
July 28, 2021, 2:18 pm
----------- DATA -------------
Array
(
    [offerId] => 5876bfb5-5f26-4de9-8784-ec27e3449920
    [fio] => Ninitiban
    [phone] => 09
    [email] => admin@admin.com
    [domain] => http://adltmedia.com/landers/60efd016da8e5/limon.php
    [ip] => 49.148.130.6
    [utm_campaign] => 
    [utm_content] => 
    [utm_medium] => 
    [utm_source] => CHS
    [utm_term] => 
    [clickid] => fd09emyy9pm9r9aa
    [fbpxl] => 
)

----------- RESPONSE ---------
{"result":"ok"}
----------- END --------------
July 28, 2021, 2:24 pm
----------- DATA -------------
Array
(
    [offerId] => 5876bfb5-5f26-4de9-8784-ec27e3449920
    [fio] => Ronron
    [phone] => 09753337812
    [email] => admin@admin.com
    [domain] => http://adltmedia.com/landers/60efd016da8e5/limon.php
    [ip] => 120.28.194.50
    [utm_campaign] => 
    [utm_content] => 
    [utm_medium] => 
    [utm_source] => CHS
    [utm_term] => 
    [clickid] => 1ea4cmyy9gmkt4a3
    [fbpxl] => 
)

----------- RESPONSE ---------
{"result":"ok"}
----------- END --------------
July 28, 2021, 2:27 pm
----------- DATA -------------
Array
(
    [offerId] => 5876bfb5-5f26-4de9-8784-ec27e3449920
    [fio] => marco
    [phone] => 09954276087
    [email] => admin@admin.com
    [domain] => http://adltmedia.com/landers/60efd016da8e5/limon.php
    [ip] => 2001:fd8:500:4927:df9:3aae:63f5:255b
    [utm_campaign] => 
    [utm_content] => 
    [utm_medium] => 
    [utm_source] => CHS
    [utm_term] => 
    [clickid] => 40426myy9y9yd906
    [fbpxl] => 
)

----------- RESPONSE ---------
{"result":"ok"}
----------- END --------------
July 28, 2021, 2:32 pm
----------- DATA -------------
Array
(
    [offerId] => 5876bfb5-5f26-4de9-8784-ec27e3449920
    [fio] => arjay
    [phone] => 09610705986
    [email] => admin@admin.com
    [domain] => http://adltmedia.com/landers/60efd016da8e5/limon.php
    [ip] => 122.3.50.34
    [utm_campaign] => 
    [utm_content] => 
    [utm_medium] => 
    [utm_source] => CHS
    [utm_term] => 
    [clickid] => 77e6amyy9b4k21da
    [fbpxl] => 
)

----------- RESPONSE ---------
{"result":"ok"}
----------- END --------------
July 28, 2021, 2:33 pm
----------- DATA -------------
Array
(
    [offerId] => 5876bfb5-5f26-4de9-8784-ec27e3449920
    [fio] => Erwin padual
    [phone] => 09950859792
    [email] => admin@admin.com
    [domain] => http://adltmedia.com/landers/60efd016da8e5/limon.php
    [ip] => 110.54.190.236
    [utm_campaign] => 
    [utm_content] => 
    [utm_medium] => 
    [utm_source] => CHS
    [utm_term] => 
    [clickid] => d5717myy9ghik8ce
    [fbpxl] => 
)

----------- RESPONSE ---------
{"result":"ok"}
----------- END --------------
July 28, 2021, 2:47 pm
----------- DATA -------------
Array
(
    [offerId] => 5876bfb5-5f26-4de9-8784-ec27e3449920
    [fio] => Wellsfargo Juan
    [phone] => 09500797736
    [email] => admin@admin.com
    [domain] => http://adltmedia.com/landers/60efd016da8e5/limon.php
    [ip] => 202.137.115.11
    [utm_campaign] => 
    [utm_content] => 
    [utm_medium] => 
    [utm_source] => CHS
    [utm_term] => 
    [clickid] => 6fd13myy9g5bg4bc
    [fbpxl] => 
)

----------- RESPONSE ---------
{"result":"ok"}
----------- END --------------
July 28, 2021, 3:16 pm
----------- DATA -------------
Array
(
    [offerId] => 5876bfb5-5f26-4de9-8784-ec27e3449920
    [fio] => arnel
    [phone] => 09487045723
    [email] => admin@admin.com
    [domain] => http://adltmedia.com/landers/60efd016da8e5/limon.php
    [ip] => 110.54.139.240
    [utm_campaign] => 
    [utm_content] => 
    [utm_medium] => 
    [utm_source] => CHS
    [utm_term] => 
    [clickid] => 062c3myy9qn46afa
    [fbpxl] => 
)

----------- RESPONSE ---------
{"result":"ok"}
----------- END --------------
July 28, 2021, 3:31 pm
----------- DATA -------------
Array
(
    [offerId] => 5876bfb5-5f26-4de9-8784-ec27e3449920
    [fio] => Kaizer
    [phone] => 09066878108
    [email] => admin@admin.com
    [domain] => http://adltmedia.com/landers/60efd016da8e5/limon.php
    [ip] => 110.54.247.83
    [utm_campaign] => 
    [utm_content] => 
    [utm_medium] => 
    [utm_source] => CHS
    [utm_term] => 
    [clickid] => aafa7my4kojbg78e
    [fbpxl] => 
)

----------- RESPONSE ---------
{"result":"ok"}
----------- END --------------
July 28, 2021, 3:52 pm
----------- DATA -------------
Array
(
    [offerId] => 5876bfb5-5f26-4de9-8784-ec27e3449920
    [fio] => Arjay chavez
    [phone] => 09504079594
    [email] => admin@admin.com
    [domain] => http://adltmedia.com/landers/60efd016da8e5/limon.php
    [ip] => 110.54.244.15
    [utm_campaign] => 
    [utm_content] => 
    [utm_medium] => 
    [utm_source] => CHS
    [utm_term] => 
    [clickid] => bef5cmy4kscfv82c
    [fbpxl] => 
)

----------- RESPONSE ---------
{"result":"ok"}
----------- END --------------
July 28, 2021, 3:53 pm
----------- DATA -------------
Array
(
    [offerId] => 5876bfb5-5f26-4de9-8784-ec27e3449920
    [fio] => Rolly
    [phone] => 09388203565
    [email] => admin@admin.com
    [domain] => http://adltmedia.com/landers/60efd016da8e5/limon.php
    [ip] => 110.54.154.45
    [utm_campaign] => 
    [utm_content] => 
    [utm_medium] => 
    [utm_source] => CHS
    [utm_term] => 
    [clickid] => fd778my4kj6u3757
    [fbpxl] => 
)

----------- RESPONSE ---------
{"result":"ok"}
----------- END --------------
July 28, 2021, 4:02 pm
----------- DATA -------------
Array
(
    [offerId] => 5876bfb5-5f26-4de9-8784-ec27e3449920
    [fio] => Charles
    [phone] => 09097182735
    [email] => admin@admin.com
    [domain] => http://adltmedia.com/landers/60efd016da8e5/limon.php
    [ip] => 175.176.60.110
    [utm_campaign] => 
    [utm_content] => 
    [utm_medium] => 
    [utm_source] => CHS
    [utm_term] => 
    [clickid] => d034emy4krn8r3de
    [fbpxl] => 
)

----------- RESPONSE ---------
{"result":"ok"}
----------- END --------------
July 28, 2021, 4:10 pm
----------- DATA -------------
Array
(
    [offerId] => 5876bfb5-5f26-4de9-8784-ec27e3449920
    [fio] => mj alinio
    [phone] => 09512994679
    [email] => admin@admin.com
    [domain] => http://adltmedia.com/landers/60efd016da8e5/limon.php
    [ip] => 110.54.133.76
    [utm_campaign] => 
    [utm_content] => 
    [utm_medium] => 
    [utm_source] => CHS
    [utm_term] => 
    [clickid] => 4c213my4kqqb44e3
    [fbpxl] => 
)

----------- RESPONSE ---------
{"result":"ok"}
----------- END --------------
July 28, 2021, 4:58 pm
----------- DATA -------------
Array
(
    [offerId] => 5876bfb5-5f26-4de9-8784-ec27e3449920
    [fio] => Romel Genova Padul
    [phone] => 09959471827
    [email] => admin@admin.com
    [domain] => http://adltmedia.com/landers/60efd016da8e5/limon.php
    [ip] => 110.54.191.13
    [utm_campaign] => 
    [utm_content] => 
    [utm_medium] => 
    [utm_source] => CHS
    [utm_term] => 
    [clickid] => 2b7c1mywfhec82d5
    [fbpxl] => 
)

----------- RESPONSE ---------
{"result":"ok"}
----------- END --------------
July 28, 2021, 5:00 pm
----------- DATA -------------
Array
(
    [offerId] => 5876bfb5-5f26-4de9-8784-ec27e3449920
    [fio] => Romel Genova Padul
    [phone] => 09959471827
    [email] => admin@admin.com
    [domain] => http://adltmedia.com/landers/60efd016da8e5/limon.php
    [ip] => 110.54.191.13
    [utm_campaign] => 
    [utm_content] => 
    [utm_medium] => 
    [utm_source] => CHS
    [utm_term] => 
    [clickid] => 2b7c1mywfhec82d5
    [fbpxl] => 
)

----------- RESPONSE ---------
{"result":"ok"}
----------- END --------------
July 28, 2021, 5:36 pm
----------- DATA -------------
Array
(
    [offerId] => 5876bfb5-5f26-4de9-8784-ec27e3449920
    [fio] => Joel Roque
    [phone] => 09265162949
    [email] => admin@admin.com
    [domain] => http://adltmedia.com/landers/60efd016da8e5/limon.php
    [ip] => 110.54.153.243
    [utm_campaign] => 
    [utm_content] => 
    [utm_medium] => 
    [utm_source] => CHS
    [utm_term] => 
    [clickid] => 8d5famyntu3x9188
    [fbpxl] => 
)

----------- RESPONSE ---------
{"result":"ok"}
----------- END --------------
July 28, 2021, 5:37 pm
----------- DATA -------------
Array
(
    [offerId] => 5876bfb5-5f26-4de9-8784-ec27e3449920
    [fio] => Rey
    [phone] => 09631422876
    [email] => admin@admin.com
    [domain] => http://adltmedia.com/landers/60efd016da8e5/limon.php
    [ip] => 110.54.249.158
    [utm_campaign] => 
    [utm_content] => 
    [utm_medium] => 
    [utm_source] => CHS
    [utm_term] => 
    [clickid] => 5bc13mynt4kduf4c
    [fbpxl] => 
)

----------- RESPONSE ---------
{"result":"ok"}
----------- END --------------
July 28, 2021, 5:39 pm
----------- DATA -------------
Array
(
    [offerId] => 5876bfb5-5f26-4de9-8784-ec27e3449920
    [fio] => Cj 
    [phone] => 09750371076
    [email] => admin@admin.com
    [domain] => http://adltmedia.com/landers/60efd016da8e5/limon.php
    [ip] => 122.55.60.60
    [utm_campaign] => 
    [utm_content] => 
    [utm_medium] => 
    [utm_source] => CHS
    [utm_term] => 
    [clickid] => d6670myntcizwe98
    [fbpxl] => 
)

----------- RESPONSE ---------
{"result":"ok"}
----------- END --------------
July 28, 2021, 5:51 pm
----------- DATA -------------
Array
(
    [offerId] => 5876bfb5-5f26-4de9-8784-ec27e3449920
    [fio] => Bandam cabanganan
    [phone] => 09106096833
    [email] => admin@admin.com
    [domain] => http://adltmedia.com/landers/60efd016da8e5/limon.php
    [ip] => 111.125.108.200
    [utm_campaign] => 
    [utm_content] => 
    [utm_medium] => 
    [utm_source] => CHS
    [utm_term] => 
    [clickid] => 3a531mynthofv69d
    [fbpxl] => 
)

----------- RESPONSE ---------
{"result":"ok"}
----------- END --------------
July 28, 2021, 6:15 pm
----------- DATA -------------
Array
(
    [offerId] => 5876bfb5-5f26-4de9-8784-ec27e3449920
    [fio] => Clark 
    [phone] => 09451228542
    [email] => admin@admin.com
    [domain] => http://adltmedia.com/landers/60efd016da8e5/limon.php
    [ip] => 180.190.211.218
    [utm_campaign] => 
    [utm_content] => 
    [utm_medium] => 
    [utm_source] => CHS
    [utm_term] => 
    [clickid] => a4dc1myb4us5m216
    [fbpxl] => 
)

----------- RESPONSE ---------
{"result":"ok"}
----------- END --------------
July 28, 2021, 6:21 pm
----------- DATA -------------
Array
(
    [offerId] => 5876bfb5-5f26-4de9-8784-ec27e3449920
    [fio] => Finishing antipuesto
    [phone] => 09631271489
    [email] => admin@admin.com
    [domain] => http://adltmedia.com/landers/60efd016da8e5/limon.php
    [ip] => 175.176.92.254
    [utm_campaign] => 
    [utm_content] => 
    [utm_medium] => 
    [utm_source] => CHS
    [utm_term] => 
    [clickid] => 325b6myb4twfye4e
    [fbpxl] => 
)

----------- RESPONSE ---------
{"result":"ok"}
----------- END --------------
July 28, 2021, 6:33 pm
----------- DATA -------------
Array
(
    [offerId] => 5876bfb5-5f26-4de9-8784-ec27e3449920
    [fio] => Elezar merquillo
    [phone] => 09121653984
    [email] => admin@admin.com
    [domain] => http://adltmedia.com/landers/60efd016da8e5/limon.php
    [ip] => 112.200.152.56
    [utm_campaign] => 
    [utm_content] => 
    [utm_medium] => 
    [utm_source] => CHS
    [utm_term] => 
    [clickid] => ec9bfmyb4uoqd6bd
    [fbpxl] => 
)

----------- RESPONSE ---------
{"result":"ok"}
----------- END --------------
July 28, 2021, 7:19 pm
----------- DATA -------------
Array
(
    [offerId] => 5876bfb5-5f26-4de9-8784-ec27e3449920
    [fio] => Byron
    [phone] => 09152869337
    [email] => admin@admin.com
    [domain] => http://adltmedia.com/landers/60efd016da8e5/limon.php
    [ip] => 112.198.68.112
    [utm_campaign] => 
    [utm_content] => 
    [utm_medium] => 
    [utm_source] => CHS
    [utm_term] => 
    [clickid] => 04c39myirdub7acc
    [fbpxl] => 
)

----------- RESPONSE ---------
{"result":"ok"}
----------- END --------------
July 28, 2021, 7:20 pm
----------- DATA -------------
Array
(
    [offerId] => 5876bfb5-5f26-4de9-8784-ec27e3449920
    [fio] => Byron
    [phone] => 09152869337
    [email] => admin@admin.com
    [domain] => http://adltmedia.com/landers/60efd016da8e5/limon.php
    [ip] => 112.198.68.112
    [utm_campaign] => 
    [utm_content] => 
    [utm_medium] => 
    [utm_source] => CHS
    [utm_term] => 
    [clickid] => 04c39myirdub7acc
    [fbpxl] => 
)

----------- RESPONSE ---------
{"result":"ok"}
----------- END --------------
July 28, 2021, 8:00 pm
----------- DATA -------------
Array
(
    [offerId] => 5876bfb5-5f26-4de9-8784-ec27e3449920
    [fio] => Axel
    [phone] => 09121208395
    [email] => admin@admin.com
    [domain] => http://adltmedia.com/landers/60efd016da8e5/limon.php
    [ip] => 175.176.60.30
    [utm_campaign] => 
    [utm_content] => 
    [utm_medium] => 
    [utm_source] => CHS
    [utm_term] => 
    [clickid] => 70180myghx9a835a
    [fbpxl] => 
)

----------- RESPONSE ---------
{"result":"ok"}
----------- END --------------
July 28, 2021, 8:58 pm
----------- DATA -------------
Array
(
    [offerId] => 5876bfb5-5f26-4de9-8784-ec27e3449920
    [fio] => Gilbert claro
    [phone] => 09469628811
    [email] => admin@admin.com
    [domain] => http://adltmedia.com/landers/60efd016da8e5/limon.php
    [ip] => 210.185.171.165
    [utm_campaign] => 
    [utm_content] => 
    [utm_medium] => 
    [utm_source] => CHS
    [utm_term] => 
    [clickid] => 97b31my8pmywf7c6
    [fbpxl] => 
)

----------- RESPONSE ---------
{"result":"ok"}
----------- END --------------
July 28, 2021, 9:34 pm
----------- DATA -------------
Array
(
    [offerId] => 5876bfb5-5f26-4de9-8784-ec27e3449920
    [fio] => John lerry
    [phone] => 09067430467
    [email] => admin@admin.com
    [domain] => http://adltmedia.com/landers/60efd016da8e5/limon.php
    [ip] => 116.50.191.37
    [utm_campaign] => 
    [utm_content] => 
    [utm_medium] => 
    [utm_source] => CHS
    [utm_term] => 
    [clickid] => 610f6my8pqn17754
    [fbpxl] => 
)

----------- RESPONSE ---------
{"result":"ok"}
----------- END --------------
July 28, 2021, 10:23 pm
----------- DATA -------------
Array
(
    [offerId] => 5876bfb5-5f26-4de9-8784-ec27e3449920
    [fio] => Jonas
    [phone] => 09632253096
    [email] => admin@admin.com
    [domain] => http://adltmedia.com/landers/60efd016da8e5/limon.php
    [ip] => 175.176.36.185
    [utm_campaign] => 
    [utm_content] => 
    [utm_medium] => 
    [utm_source] => CHS
    [utm_term] => 
    [clickid] => 654camyxob4b7243
    [fbpxl] => 
)

----------- RESPONSE ---------
{"result":"ok"}
----------- END --------------
July 28, 2021, 10:32 pm
----------- DATA -------------
Array
(
    [offerId] => 5876bfb5-5f26-4de9-8784-ec27e3449920
    [fio] => jhaya salinas
    [phone] => 09306441313
    [email] => admin@admin.com
    [domain] => http://adltmedia.com/landers/60efd016da8e5/limon.php
    [ip] => 112.201.248.215
    [utm_campaign] => 
    [utm_content] => 
    [utm_medium] => 
    [utm_source] => CHS
    [utm_term] => 
    [clickid] => 7fe4amyxo9l46f1d
    [fbpxl] => 
)

----------- RESPONSE ---------
{"result":"ok"}
----------- END --------------
July 28, 2021, 10:49 pm
----------- DATA -------------
Array
(
    [offerId] => 5876bfb5-5f26-4de9-8784-ec27e3449920
    [fio] => Sidney Villamor 
    [phone] => 09770076873
    [email] => admin@admin.com
    [domain] => http://adltmedia.com/landers/60efd016da8e5/limon.php
    [ip] => 110.54.226.240
    [utm_campaign] => 
    [utm_content] => 
    [utm_medium] => 
    [utm_source] => CHS
    [utm_term] => 
    [clickid] => f2679myxozw46616
    [fbpxl] => 
)

----------- RESPONSE ---------
{"result":"ok"}
----------- END --------------
July 28, 2021, 11:16 pm
----------- DATA -------------
Array
(
    [offerId] => 5876bfb5-5f26-4de9-8784-ec27e3449920
    [fio] => Joel
    [phone] => 09296749405
    [email] => admin@admin.com
    [domain] => http://adltmedia.com/landers/60efd016da8e5/limon.php
    [ip] => 120.29.78.65
    [utm_campaign] => 
    [utm_content] => 
    [utm_medium] => 
    [utm_source] => CHS
    [utm_term] => 
    [clickid] => 51372myxoj2tlcbd
    [fbpxl] => 
)

----------- RESPONSE ---------
{"result":"ok"}
----------- END --------------
July 28, 2021, 11:16 pm
----------- DATA -------------
Array
(
    [offerId] => 5876bfb5-5f26-4de9-8784-ec27e3449920
    [fio] => Ericson
    [phone] => 09533891694
    [email] => admin@admin.com
    [domain] => http://adltmedia.com/landers/60efd016da8e5/limon.php
    [ip] => 110.54.181.117
    [utm_campaign] => 
    [utm_content] => 
    [utm_medium] => 
    [utm_source] => CHS
    [utm_term] => 
    [clickid] => f92dfmyxowhxo3a9
    [fbpxl] => 
)

----------- RESPONSE ---------
{"result":"ok"}
----------- END --------------
July 28, 2021, 11:17 pm
----------- DATA -------------
Array
(
    [offerId] => 5876bfb5-5f26-4de9-8784-ec27e3449920
    [fio] => Jessie fronda
    [phone] => 09682986041
    [email] => admin@admin.com
    [domain] => http://adltmedia.com/landers/60efd016da8e5/limon.php
    [ip] => 175.176.24.51
    [utm_campaign] => 
    [utm_content] => 
    [utm_medium] => 
    [utm_source] => CHS
    [utm_term] => 
    [clickid] => bc90cmyxowhwhc4e
    [fbpxl] => 
)

----------- RESPONSE ---------
{"result":"ok"}
----------- END --------------
July 28, 2021, 11:30 pm
----------- DATA -------------
Array
(
    [offerId] => 5876bfb5-5f26-4de9-8784-ec27e3449920
    [fio] => Joseph bernald cabrera
    [phone] => 09569570129
    [email] => admin@admin.com
    [domain] => http://adltmedia.com/landers/60efd016da8e5/limon.php
    [ip] => 180.191.195.245
    [utm_campaign] => 
    [utm_content] => 
    [utm_medium] => 
    [utm_source] => CHS
    [utm_term] => 
    [clickid] => 8eedamyk2a7qea5b
    [fbpxl] => 
)

----------- RESPONSE ---------
{"result":"ok"}
----------- END --------------
July 28, 2021, 11:36 pm
----------- DATA -------------
Array
(
    [offerId] => 5876bfb5-5f26-4de9-8784-ec27e3449920
    [fio] => Nald
    [phone] => 09560085288
    [email] => admin@admin.com
    [domain] => http://adltmedia.com/landers/60efd016da8e5/limon.php
    [ip] => 110.54.140.159
    [utm_campaign] => 
    [utm_content] => 
    [utm_medium] => 
    [utm_source] => CHS
    [utm_term] => 
    [clickid] => 6f755myk2a9qd0b4
    [fbpxl] => 
)

----------- RESPONSE ---------
{"result":"ok"}
----------- END --------------
