July 23, 2021, 12:48 am
----------- DATA -------------
Array
(
    [offerId] => 5876bfb5-5f26-4de9-8784-ec27e3449920
    [fio] => Erwin oñip
    [phone] => 09557813904
    [email] => admin@admin.com
    [domain] => http://adltmedia.com/landers/60efd016da8e5/limon.php
    [ip] => 110.54.202.54
    [utm_campaign] => 
    [utm_content] => 
    [utm_medium] => 
    [utm_source] => CHS
    [utm_term] => 
    [clickid] => 73255sca8ocgx82f
    [fbpxl] => 
)

----------- RESPONSE ---------
{"result":"ok"}
----------- END --------------
July 23, 2021, 2:07 am
----------- DATA -------------
Array
(
    [offerId] => 5876bfb5-5f26-4de9-8784-ec27e3449920
    [fio] => Abdulhadzis
    [phone] => 09350093190
    [email] => admin@admin.com
    [domain] => http://adltmedia.com/landers/60efd016da8e5/limon.php
    [ip] => 110.54.219.252
    [utm_campaign] => 
    [utm_content] => 
    [utm_medium] => 
    [utm_source] => CHS
    [utm_term] => 
    [clickid] => 205bdsca9c8pm31d
    [fbpxl] => 
)

----------- RESPONSE ---------
{"result":"ok"}
----------- END --------------
July 23, 2021, 2:14 am
----------- DATA -------------
Array
(
    [offerId] => 5876bfb5-5f26-4de9-8784-ec27e3449920
    [fio] => Renato
    [phone] => 09226412903
    [email] => admin@admin.com
    [domain] => http://adltmedia.com/landers/60efd016da8e5/limon.php
    [ip] => 180.190.44.139
    [utm_campaign] => 
    [utm_content] => 
    [utm_medium] => 
    [utm_source] => CHS
    [utm_term] => 
    [clickid] => 24cc7sca9uoa9305
    [fbpxl] => 
)

----------- RESPONSE ---------
{"result":"ok"}
----------- END --------------
July 23, 2021, 2:14 am
----------- DATA -------------
Array
(
    [offerId] => 5876bfb5-5f26-4de9-8784-ec27e3449920
    [fio] => Lionel Buenavista
    [phone] => 9155665133
    [email] => admin@admin.com
    [domain] => http://adltmedia.com/landers/60efd016da8e5/limon.php
    [ip] => 141.0.9.72
    [utm_campaign] => 
    [utm_content] => 
    [utm_medium] => 
    [utm_source] => CHS
    [utm_term] => 
    [clickid] => 93e13sca94p1z3f5
    [fbpxl] => 
)

----------- RESPONSE ---------
{"result":"ok"}
----------- END --------------
July 23, 2021, 2:15 am
----------- DATA -------------
Array
(
    [offerId] => 5876bfb5-5f26-4de9-8784-ec27e3449920
    [fio] => Abdulhadzis
    [phone] => 09350093190
    [email] => admin@admin.com
    [domain] => http://adltmedia.com/landers/60efd016da8e5/limon.php
    [ip] => 110.54.219.252
    [utm_campaign] => 
    [utm_content] => 
    [utm_medium] => 
    [utm_source] => CHS
    [utm_term] => 
    [clickid] => 205bdsca9c8pm31d
    [fbpxl] => 
)

----------- RESPONSE ---------
{"result":"ok"}
----------- END --------------
July 23, 2021, 2:46 am
----------- DATA -------------
Array
(
    [offerId] => 5876bfb5-5f26-4de9-8784-ec27e3449920
    [fio] => Jo
    [phone] => 09287705232
    [email] => admin@admin.com
    [domain] => http://adltmedia.com/landers/60efd016da8e5/limon.php
    [ip] => 202.57.42.174
    [utm_campaign] => 
    [utm_content] => 
    [utm_medium] => 
    [utm_source] => CHS
    [utm_term] => 
    [clickid] => aedbfsc2tfn5m7c0
    [fbpxl] => 
)

----------- RESPONSE ---------
{"result":"ok"}
----------- END --------------
July 23, 2021, 2:52 am
----------- DATA -------------
Array
(
    [offerId] => 5876bfb5-5f26-4de9-8784-ec27e3449920
    [fio] => Eman
    [phone] => 09367516802
    [email] => admin@admin.com
    [domain] => http://adltmedia.com/landers/60efd016da8e5/limon.php
    [ip] => 110.54.201.89
    [utm_campaign] => 
    [utm_content] => 
    [utm_medium] => 
    [utm_source] => CHS
    [utm_term] => 
    [clickid] => 1abfdsc2tojdu976
    [fbpxl] => 
)

----------- RESPONSE ---------
{"result":"ok"}
----------- END --------------
July 23, 2021, 2:52 am
----------- DATA -------------
Array
(
    [offerId] => 5876bfb5-5f26-4de9-8784-ec27e3449920
    [fio] => Eman
    [phone] => 09367516802
    [email] => admin@admin.com
    [domain] => http://adltmedia.com/landers/60efd016da8e5/limon.php
    [ip] => 110.54.201.89
    [utm_campaign] => 
    [utm_content] => 
    [utm_medium] => 
    [utm_source] => CHS
    [utm_term] => 
    [clickid] => 1abfdsc2tojdu976
    [fbpxl] => 
)

----------- RESPONSE ---------
{"result":"ok"}
----------- END --------------
July 23, 2021, 2:53 am
----------- DATA -------------
Array
(
    [offerId] => 5876bfb5-5f26-4de9-8784-ec27e3449920
    [fio] => Eman
    [phone] => 09367516802
    [email] => admin@admin.com
    [domain] => http://adltmedia.com/landers/60efd016da8e5/limon.php
    [ip] => 110.54.201.89
    [utm_campaign] => 
    [utm_content] => 
    [utm_medium] => 
    [utm_source] => CHS
    [utm_term] => 
    [clickid] => 1abfdsc2tojdu976
    [fbpxl] => 
)

----------- RESPONSE ---------
{"result":"ok"}
----------- END --------------
July 23, 2021, 3:40 am
----------- DATA -------------
Array
(
    [offerId] => 5876bfb5-5f26-4de9-8784-ec27e3449920
    [fio] => Jhunpre
    [phone] => 09608911078
    [email] => admin@admin.com
    [domain] => http://adltmedia.com/landers/60efd016da8e5/limon.php
    [ip] => 203.160.189.14
    [utm_campaign] => 
    [utm_content] => 
    [utm_medium] => 
    [utm_source] => CHS
    [utm_term] => 
    [clickid] => 859b2sc2tsyx994a
    [fbpxl] => 
)

----------- RESPONSE ---------
{"result":"ok"}
----------- END --------------
July 23, 2021, 3:42 am
----------- DATA -------------
Array
(
    [offerId] => 5876bfb5-5f26-4de9-8784-ec27e3449920
    [fio] => Rubby
    [phone] => 09308664761
    [email] => admin@admin.com
    [domain] => http://adltmedia.com/landers/60efd016da8e5/limon.php
    [ip] => 120.29.68.205
    [utm_campaign] => 
    [utm_content] => 
    [utm_medium] => 
    [utm_source] => CHS
    [utm_term] => 
    [clickid] => 159c2sc2tiba196b
    [fbpxl] => 
)

----------- RESPONSE ---------
{"result":"ok"}
----------- END --------------
July 23, 2021, 3:55 am
----------- DATA -------------
Array
(
    [offerId] => 5876bfb5-5f26-4de9-8784-ec27e3449920
    [fio] => Charllyby
    [phone] => 09168444209
    [email] => admin@admin.com
    [domain] => http://adltmedia.com/landers/60efd016da8e5/limon.php
    [ip] => 110.54.219.165
    [utm_campaign] => 
    [utm_content] => 
    [utm_medium] => 
    [utm_source] => CHS
    [utm_term] => 
    [clickid] => 0d8c3sc2tj2bzf22
    [fbpxl] => 
)

----------- RESPONSE ---------
{"result":"ok"}
----------- END --------------
July 23, 2021, 4:13 am
----------- DATA -------------
Array
(
    [offerId] => 5876bfb5-5f26-4de9-8784-ec27e3449920
    [fio] => Amsterdam banggayan 
    [phone] => 09533607523
    [email] => admin@admin.com
    [domain] => http://adltmedia.com/landers/60efd016da8e5/limon.php
    [ip] => 110.54.173.9
    [utm_campaign] => 
    [utm_content] => 
    [utm_medium] => 
    [utm_source] => CHS
    [utm_term] => 
    [clickid] => 1a4b3scgxq5a7d3a
    [fbpxl] => 
)

----------- RESPONSE ---------
{"result":"ok"}
----------- END --------------
July 23, 2021, 4:13 am
----------- DATA -------------
Array
(
    [offerId] => 5876bfb5-5f26-4de9-8784-ec27e3449920
    [fio] => Amsterdam banggayan 
    [phone] => 09533607523
    [email] => admin@admin.com
    [domain] => http://adltmedia.com/landers/60efd016da8e5/limon.php
    [ip] => 110.54.173.9
    [utm_campaign] => 
    [utm_content] => 
    [utm_medium] => 
    [utm_source] => CHS
    [utm_term] => 
    [clickid] => 1a4b3scgxq5a7d3a
    [fbpxl] => 
)

----------- RESPONSE ---------
{"result":"ok"}
----------- END --------------
July 23, 2021, 4:13 am
----------- DATA -------------
Array
(
    [offerId] => 5876bfb5-5f26-4de9-8784-ec27e3449920
    [fio] => Amsterdam banggayan 
    [phone] => 09533607523
    [email] => admin@admin.com
    [domain] => http://adltmedia.com/landers/60efd016da8e5/limon.php
    [ip] => 110.54.173.9
    [utm_campaign] => 
    [utm_content] => 
    [utm_medium] => 
    [utm_source] => CHS
    [utm_term] => 
    [clickid] => 1a4b3scgxq5a7d3a
    [fbpxl] => 
)

----------- RESPONSE ---------
{"result":"ok"}
----------- END --------------
July 23, 2021, 4:34 am
----------- DATA -------------
Array
(
    [offerId] => 5876bfb5-5f26-4de9-8784-ec27e3449920
    [fio] => arnel
    [phone] => 09561406237
    [email] => admin@admin.com
    [domain] => http://adltmedia.com/landers/60efd016da8e5/limon.php
    [ip] => 110.54.172.6
    [utm_campaign] => 
    [utm_content] => 
    [utm_medium] => 
    [utm_source] => CHS
    [utm_term] => 
    [clickid] => 264fcscgxtwsyed4
    [fbpxl] => 
)

----------- RESPONSE ---------
{"result":"ok"}
----------- END --------------
July 23, 2021, 5:09 am
----------- DATA -------------
Array
(
    [offerId] => 5876bfb5-5f26-4de9-8784-ec27e3449920
    [fio] => Testing2
    [phone] => +910000000000
    [email] => admin@admin.com
    [domain] => http://adltracker.site/landers/60efd016da8e5/limon.php
    [ip] => 176.114.192.245
    [utm_campaign] => 
    [utm_content] => 
    [utm_medium] => 
    [utm_source] => CHS
    [utm_term] => 
    [clickid] => {clickid}
    [fbpxl] => 
)

----------- RESPONSE ---------
{"result":"ok"}
----------- END --------------
July 23, 2021, 5:11 am
----------- DATA -------------
Array
(
    [offerId] => 5876bfb5-5f26-4de9-8784-ec27e3449920
    [fio] => Testing333
    [phone] => +919999999999
    [email] => admin@admin.com
    [domain] => http://adltracker.site/landers/60efd016da8e5/limon.php
    [ip] => 176.114.192.245
    [utm_campaign] => 
    [utm_content] => 
    [utm_medium] => 
    [utm_source] => CHS
    [utm_term] => 
    [clickid] => {clickid}
    [fbpxl] => 
)

----------- RESPONSE ---------
{"result":"ok"}
----------- END --------------
July 23, 2021, 6:52 am
----------- DATA -------------
Array
(
    [offerId] => 5876bfb5-5f26-4de9-8784-ec27e3449920
    [fio] => Raymond
    [phone] => 09150243244
    [email] => admin@admin.com
    [domain] => http://adltmedia.com/landers/60efd016da8e5/limon.php
    [ip] => 112.198.74.105
    [utm_campaign] => 
    [utm_content] => 
    [utm_medium] => 
    [utm_source] => CHS
    [utm_term] => 
    [clickid] => 03731sch9oja1867
    [fbpxl] => 
)

----------- RESPONSE ---------
{"result":"ok"}
----------- END --------------
July 23, 2021, 7:21 am
----------- DATA -------------
Array
(
    [offerId] => 5876bfb5-5f26-4de9-8784-ec27e3449920
    [fio] => enbee barbieto
    [phone] => 09158559061
    [email] => admin@admin.com
    [domain] => http://adltmedia.com/landers/60efd016da8e5/limon.php
    [ip] => 2001:4452:2d4:b100:7cf9:4fdd:4c12:8bc0
    [utm_campaign] => 
    [utm_content] => 
    [utm_medium] => 
    [utm_source] => CHS
    [utm_term] => 
    [clickid] => 36be9sch9ibsyfa5
    [fbpxl] => 
)

----------- RESPONSE ---------
{"result":"ok"}
----------- END --------------
July 23, 2021, 7:21 am
----------- DATA -------------
Array
(
    [offerId] => 5876bfb5-5f26-4de9-8784-ec27e3449920
    [fio] => Jr
    [phone] => 09095866370
    [email] => admin@admin.com
    [domain] => http://adltmedia.com/landers/60efd016da8e5/limon.php
    [ip] => 110.54.177.62
    [utm_campaign] => 
    [utm_content] => 
    [utm_medium] => 
    [utm_source] => CHS
    [utm_term] => 
    [clickid] => 5be7dsch9fygxe58
    [fbpxl] => 
)

----------- RESPONSE ---------
{"result":"ok"}
----------- END --------------
July 23, 2021, 7:43 am
----------- DATA -------------
Array
(
    [offerId] => 5876bfb5-5f26-4de9-8784-ec27e3449920
    [fio] => herbert 
    [phone] => 09155649369
    [email] => admin@admin.com
    [domain] => http://adltmedia.com/landers/60efd016da8e5/limon.php
    [ip] => 111.235.88.184
    [utm_campaign] => 
    [utm_content] => 
    [utm_medium] => 
    [utm_source] => CHS
    [utm_term] => 
    [clickid] => 5f41bscq5hegx417
    [fbpxl] => 
)

----------- RESPONSE ---------
{"result":"ok"}
----------- END --------------
July 23, 2021, 7:46 am
----------- DATA -------------
Array
(
    [offerId] => 5876bfb5-5f26-4de9-8784-ec27e3449920
    [fio] => Gibbs
    [phone] => 09162204272
    [email] => admin@admin.com
    [domain] => http://adltmedia.com/landers/60efd016da8e5/limon.php
    [ip] => 110.54.211.245
    [utm_campaign] => 
    [utm_content] => 
    [utm_medium] => 
    [utm_source] => CHS
    [utm_term] => 
    [clickid] => a07f0scq5ojgx268
    [fbpxl] => 
)

----------- RESPONSE ---------
{"result":"ok"}
----------- END --------------
July 23, 2021, 8:52 am
----------- DATA -------------
Array
(
    [offerId] => 5876bfb5-5f26-4de9-8784-ec27e3449920
    [fio] => Reynard lucena
    [phone] => 09066370965
    [email] => admin@admin.com
    [domain] => http://adltmedia.com/landers/60efd016da8e5/limon.php
    [ip] => 124.83.53.139
    [utm_campaign] => 
    [utm_content] => 
    [utm_medium] => 
    [utm_source] => CHS
    [utm_term] => 
    [clickid] => 8cdd8scpmvcsla85
    [fbpxl] => 
)

----------- RESPONSE ---------
{"result":"ok"}
----------- END --------------
July 23, 2021, 9:28 am
----------- DATA -------------
Array
(
    [offerId] => 5876bfb5-5f26-4de9-8784-ec27e3449920
    [fio] => Dodong 
    [phone] => 09759406723
    [email] => admin@admin.com
    [domain] => http://adltmedia.com/landers/60efd016da8e5/limon.php
    [ip] => 110.54.200.42
    [utm_campaign] => 
    [utm_content] => 
    [utm_medium] => 
    [utm_source] => CHS
    [utm_term] => 
    [clickid] => fa594scusa7dvb05
    [fbpxl] => 
)

----------- RESPONSE ---------
{"result":"ok"}
----------- END --------------
July 23, 2021, 9:39 am
----------- DATA -------------
Array
(
    [offerId] => 5876bfb5-5f26-4de9-8784-ec27e3449920
    [fio] => Angelo
    [phone] => 09777733488
    [email] => admin@admin.com
    [domain] => http://adltmedia.com/landers/60efd016da8e5/limon.php
    [ip] => 110.54.153.119
    [utm_campaign] => 
    [utm_content] => 
    [utm_medium] => 
    [utm_source] => CHS
    [utm_term] => 
    [clickid] => 42882scusciibee3
    [fbpxl] => 
)

----------- RESPONSE ---------
{"result":"ok"}
----------- END --------------
July 23, 2021, 10:04 am
----------- DATA -------------
Array
(
    [offerId] => 5876bfb5-5f26-4de9-8784-ec27e3449920
    [fio] => Beeg
    [phone] => .com
    [email] => admin@admin.com
    [domain] => http://adltmedia.com/landers/60efd016da8e5/limon.php
    [ip] => 136.158.35.122
    [utm_campaign] => 
    [utm_content] => 
    [utm_medium] => 
    [utm_source] => CHS
    [utm_term] => 
    [clickid] => 86522scus1m6j40d
    [fbpxl] => 
)

----------- RESPONSE ---------
{"result":"ok"}
----------- END --------------
July 23, 2021, 10:17 am
----------- DATA -------------
Array
(
    [offerId] => 5876bfb5-5f26-4de9-8784-ec27e3449920
    [fio] => Arnel dinio
    [phone] => 09564975360
    [email] => admin@admin.com
    [domain] => http://adltmedia.com/landers/60efd016da8e5/limon.php
    [ip] => 110.54.131.244
    [utm_campaign] => 
    [utm_content] => 
    [utm_medium] => 
    [utm_source] => CHS
    [utm_term] => 
    [clickid] => e9c79scusikwff49
    [fbpxl] => 
)

----------- RESPONSE ---------
{"result":"ok"}
----------- END --------------
July 23, 2021, 10:34 am
----------- DATA -------------
Array
(
    [offerId] => 5876bfb5-5f26-4de9-8784-ec27e3449920
    [fio] => Jun Ramos
    [phone] => 09178413374
    [email] => admin@admin.com
    [domain] => http://adltmedia.com/landers/60efd016da8e5/limon.php
    [ip] => 120.28.236.107
    [utm_campaign] => 
    [utm_content] => 
    [utm_medium] => 
    [utm_source] => CHS
    [utm_term] => 
    [clickid] => 3305bscxsa9dvaeb
    [fbpxl] => 
)

----------- RESPONSE ---------
{"result":"ok"}
----------- END --------------
July 23, 2021, 11:12 am
----------- DATA -------------
Array
(
    [offerId] => 5876bfb5-5f26-4de9-8784-ec27e3449920
    [fio] => John
    [phone] => 09052942165
    [email] => admin@admin.com
    [domain] => http://adltmedia.com/landers/60efd016da8e5/limon.php
    [ip] => 136.158.30.19
    [utm_campaign] => 
    [utm_content] => 
    [utm_medium] => 
    [utm_source] => CHS
    [utm_term] => 
    [clickid] => 539cdscxsuqoc4d1
    [fbpxl] => 
)

----------- RESPONSE ---------
{"result":"ok"}
----------- END --------------
July 23, 2021, 11:22 am
----------- DATA -------------
Array
(
    [offerId] => 5876bfb5-5f26-4de9-8784-ec27e3449920
    [fio] => Dominick reyes
    [phone] => 09066863892
    [email] => admin@admin.com
    [domain] => http://adltmedia.com/landers/60efd016da8e5/limon.php
    [ip] => 122.2.10.69
    [utm_campaign] => 
    [utm_content] => 
    [utm_medium] => 
    [utm_source] => CHS
    [utm_term] => 
    [clickid] => 90900scxsejj2202
    [fbpxl] => 
)

----------- RESPONSE ---------
{"result":"ok"}
----------- END --------------
July 23, 2021, 11:35 am
----------- DATA -------------
Array
(
    [offerId] => 5876bfb5-5f26-4de9-8784-ec27e3449920
    [fio] => Giovanne Tangcogo
    [phone] => 093992530557
    [email] => admin@admin.com
    [domain] => http://adltmedia.com/landers/60efd016da8e5/limon.php
    [ip] => 2001:4451:1e5:8a00:5944:fbba:fe4b:e466
    [utm_campaign] => 
    [utm_content] => 
    [utm_medium] => 
    [utm_source] => CHS
    [utm_term] => 
    [clickid] => 3cc40scxsj2p22d1
    [fbpxl] => 
)

----------- RESPONSE ---------
{"result":"ok"}
----------- END --------------
July 23, 2021, 11:55 am
----------- DATA -------------
Array
(
    [offerId] => 5876bfb5-5f26-4de9-8784-ec27e3449920
    [fio] => Engelo Intrampas
    [phone] => +639355134201
    [email] => admin@admin.com
    [domain] => http://adltmedia.com/landers/60efd016da8e5/limon.php
    [ip] => 49.146.67.19
    [utm_campaign] => 
    [utm_content] => 
    [utm_medium] => 
    [utm_source] => CHS
    [utm_term] => 
    [clickid] => a128dscfnh9ib61b
    [fbpxl] => 
)

----------- RESPONSE ---------
{"result":"ok"}
----------- END --------------
July 23, 2021, 12:19 pm
----------- DATA -------------
Array
(
    [offerId] => 5876bfb5-5f26-4de9-8784-ec27e3449920
    [fio] => DIOSDADO pialago
    [phone] => 09090617163
    [email] => admin@admin.com
    [domain] => http://adltmedia.com/landers/60efd016da8e5/limon.php
    [ip] => 110.54.174.177
    [utm_campaign] => 
    [utm_content] => 
    [utm_medium] => 
    [utm_source] => CHS
    [utm_term] => 
    [clickid] => 234abscfn8p2t896
    [fbpxl] => 
)

----------- RESPONSE ---------
{"result":"ok"}
----------- END --------------
July 23, 2021, 1:16 pm
----------- DATA -------------
Array
(
    [offerId] => 5876bfb5-5f26-4de9-8784-ec27e3449920
    [fio] => Efren
    [phone] => 09700868382
    [email] => admin@admin.com
    [domain] => http://adltmedia.com/landers/60efd016da8e5/limon.php
    [ip] => 141.0.9.18
    [utm_campaign] => 
    [utm_content] => 
    [utm_medium] => 
    [utm_source] => CHS
    [utm_term] => 
    [clickid] => 4f29escbzgxfn0ac
    [fbpxl] => 
)

----------- RESPONSE ---------
{"result":"ok"}
----------- END --------------
July 23, 2021, 1:21 pm
----------- DATA -------------
Array
(
    [offerId] => 5876bfb5-5f26-4de9-8784-ec27e3449920
    [fio] => Allan
    [phone] => 09367576993
    [email] => admin@admin.com
    [domain] => http://adltmedia.com/landers/60efd016da8e5/limon.php
    [ip] => 111.125.106.177
    [utm_campaign] => 
    [utm_content] => 
    [utm_medium] => 
    [utm_source] => CHS
    [utm_term] => 
    [clickid] => 57f5escbzoj158b7
    [fbpxl] => 
)

----------- RESPONSE ---------
{"result":"ok"}
----------- END --------------
July 23, 2021, 2:03 pm
----------- DATA -------------
Array
(
    [offerId] => 5876bfb5-5f26-4de9-8784-ec27e3449920
    [fio] => Fabio demeterio
    [phone] => 0966320166
    [email] => admin@admin.com
    [domain] => http://adltmedia.com/landers/60efd016da8e5/limon.php
    [ip] => 110.54.208.207
    [utm_campaign] => 
    [utm_content] => 
    [utm_medium] => 
    [utm_source] => CHS
    [utm_term] => 
    [clickid] => ad672scbzj6qqd80
    [fbpxl] => 
)

----------- RESPONSE ---------
{"result":"ok"}
----------- END --------------
July 23, 2021, 2:09 pm
----------- DATA -------------
Array
(
    [offerId] => 5876bfb5-5f26-4de9-8784-ec27e3449920
    [fio] => Johnpaul
    [phone] => 09099405161
    [email] => admin@admin.com
    [domain] => http://adltmedia.com/landers/60efd016da8e5/limon.php
    [ip] => 112.201.163.146
    [utm_campaign] => 
    [utm_content] => 
    [utm_medium] => 
    [utm_source] => CHS
    [utm_term] => 
    [clickid] => ae5cescbzxrtl6eb
    [fbpxl] => 
)

----------- RESPONSE ---------
{"result":"ok"}
----------- END --------------
July 23, 2021, 2:22 pm
----------- DATA -------------
Array
(
    [offerId] => 5876bfb5-5f26-4de9-8784-ec27e3449920
    [fio] => renato
    [phone] => 09127160534
    [email] => admin@admin.com
    [domain] => http://adltmedia.com/landers/60efd016da8e5/limon.php
    [ip] => 2001:4451:11a:7500:b4b4:bc69:1739:cc6f
    [utm_campaign] => 
    [utm_content] => 
    [utm_medium] => 
    [utm_source] => CHS
    [utm_term] => 
    [clickid] => 8d8afscbzqqfv949
    [fbpxl] => 
)

----------- RESPONSE ---------
{"result":"ok"}
----------- END --------------
July 23, 2021, 2:23 pm
----------- DATA -------------
Array
(
    [offerId] => 5876bfb5-5f26-4de9-8784-ec27e3449920
    [fio] => Kevin
    [phone] => 09266253187
    [email] => admin@admin.com
    [domain] => http://adltmedia.com/landers/60efd016da8e5/limon.php
    [ip] => 110.54.154.231
    [utm_campaign] => 
    [utm_content] => 
    [utm_medium] => 
    [utm_source] => CHS
    [utm_term] => 
    [clickid] => 06932sc8ra7y978b
    [fbpxl] => 
)

----------- RESPONSE ---------
{"result":"ok"}
----------- END --------------
July 23, 2021, 2:26 pm
----------- DATA -------------
Array
(
    [offerId] => 5876bfb5-5f26-4de9-8784-ec27e3449920
    [fio] => Kent
    [phone] => 09623154356
    [email] => admin@admin.com
    [domain] => http://adltmedia.com/landers/60efd016da8e5/limon.php
    [ip] => 119.93.128.219
    [utm_campaign] => 
    [utm_content] => 
    [utm_medium] => 
    [utm_source] => CHS
    [utm_term] => 
    [clickid] => d6fa4sc8ra1oja50
    [fbpxl] => 
)

----------- RESPONSE ---------
{"result":"ok"}
----------- END --------------
July 23, 2021, 2:27 pm
----------- DATA -------------
Array
(
    [offerId] => 5876bfb5-5f26-4de9-8784-ec27e3449920
    [fio] => Kent
    [phone] => 09623154356
    [email] => admin@admin.com
    [domain] => http://adltmedia.com/landers/60efd016da8e5/limon.php
    [ip] => 119.93.128.219
    [utm_campaign] => 
    [utm_content] => 
    [utm_medium] => 
    [utm_source] => CHS
    [utm_term] => 
    [clickid] => d6fa4sc8ra1oja50
    [fbpxl] => 
)

----------- RESPONSE ---------
{"result":"ok"}
----------- END --------------
July 23, 2021, 2:29 pm
----------- DATA -------------
Array
(
    [offerId] => 5876bfb5-5f26-4de9-8784-ec27e3449920
    [fio] => Lonzaga
    [phone] => 09675560421
    [email] => admin@admin.com
    [domain] => http://adltmedia.com/landers/60efd016da8e5/limon.php
    [ip] => 119.92.236.184
    [utm_campaign] => 
    [utm_content] => 
    [utm_medium] => 
    [utm_source] => CHS
    [utm_term] => 
    [clickid] => 2830dsc8ra8my8bb
    [fbpxl] => 
)

----------- RESPONSE ---------
{"result":"ok"}
----------- END --------------
July 23, 2021, 3:20 pm
----------- DATA -------------
Array
(
    [offerId] => 5876bfb5-5f26-4de9-8784-ec27e3449920
    [fio] => Boy Codera
    [phone] => 09653718697
    [email] => admin@admin.com
    [domain] => http://adltmedia.com/landers/60efd016da8e5/limon.php
    [ip] => 162.251.62.62
    [utm_campaign] => 
    [utm_content] => 
    [utm_medium] => 
    [utm_source] => CHS
    [utm_term] => 
    [clickid] => 14419sc8rqna90b9
    [fbpxl] => 
)

----------- RESPONSE ---------
{"result":"ok"}
----------- END --------------
July 23, 2021, 3:26 pm
----------- DATA -------------
Array
(
    [offerId] => 5876bfb5-5f26-4de9-8784-ec27e3449920
    [fio] => nonoy
    [phone] => 09361013092
    [email] => admin@admin.com
    [domain] => http://adltmedia.com/landers/60efd016da8e5/limon.php
    [ip] => 110.54.141.224
    [utm_campaign] => 
    [utm_content] => 
    [utm_medium] => 
    [utm_source] => CHS
    [utm_term] => 
    [clickid] => 6049csc8rxrus121
    [fbpxl] => 
)

----------- RESPONSE ---------
{"result":"ok"}
----------- END --------------
July 23, 2021, 4:17 pm
----------- DATA -------------
Array
(
    [offerId] => 5876bfb5-5f26-4de9-8784-ec27e3449920
    [fio] => Bernard
    [phone] => 09690378780
    [email] => admin@admin.com
    [domain] => http://adltmedia.com/landers/60efd016da8e5/limon.php
    [ip] => 136.158.16.49
    [utm_campaign] => 
    [utm_content] => 
    [utm_medium] => 
    [utm_source] => CHS
    [utm_term] => 
    [clickid] => eecbdschexswh4ae
    [fbpxl] => 
)

----------- RESPONSE ---------
{"result":"ok"}
----------- END --------------
July 23, 2021, 4:19 pm
----------- DATA -------------
Array
(
    [offerId] => 5876bfb5-5f26-4de9-8784-ec27e3449920
    [fio] => asibal jade
    [phone] => jade
    [email] => admin@admin.com
    [domain] => http://adltmedia.com/landers/60efd016da8e5/limon.php
    [ip] => 122.55.240.149
    [utm_campaign] => 
    [utm_content] => 
    [utm_medium] => 
    [utm_source] => CHS
    [utm_term] => 
    [clickid] => 6dbc2schea5ib5ba
    [fbpxl] => 
)

----------- RESPONSE ---------
{"result":"ok"}
----------- END --------------
July 23, 2021, 4:20 pm
----------- DATA -------------
Array
(
    [offerId] => 5876bfb5-5f26-4de9-8784-ec27e3449920
    [fio] => asibal jade
    [phone] => jade
    [email] => admin@admin.com
    [domain] => http://adltmedia.com/landers/60efd016da8e5/limon.php
    [ip] => 122.55.240.149
    [utm_campaign] => 
    [utm_content] => 
    [utm_medium] => 
    [utm_source] => CHS
    [utm_term] => 
    [clickid] => 6dbc2schea5ib5ba
    [fbpxl] => 
)

----------- RESPONSE ---------
{"result":"ok"}
----------- END --------------
July 23, 2021, 4:21 pm
----------- DATA -------------
Array
(
    [offerId] => 5876bfb5-5f26-4de9-8784-ec27e3449920
    [fio] => Cherwyn caubi
    [phone] => 09558929385
    [email] => admin@admin.com
    [domain] => http://adltmedia.com/landers/60efd016da8e5/limon.php
    [ip] => 112.198.27.9
    [utm_campaign] => 
    [utm_content] => 
    [utm_medium] => 
    [utm_source] => CHS
    [utm_term] => 
    [clickid] => 3f87fsc7vslj6465
    [fbpxl] => 
)

----------- RESPONSE ---------
{"result":"ok"}
----------- END --------------
July 23, 2021, 4:21 pm
----------- DATA -------------
Array
(
    [offerId] => 5876bfb5-5f26-4de9-8784-ec27e3449920
    [fio] => Cherwyn caubi
    [phone] => 09558929385
    [email] => admin@admin.com
    [domain] => http://adltmedia.com/landers/60efd016da8e5/limon.php
    [ip] => 112.198.27.9
    [utm_campaign] => 
    [utm_content] => 
    [utm_medium] => 
    [utm_source] => CHS
    [utm_term] => 
    [clickid] => 3f87fsc7vslj6465
    [fbpxl] => 
)

----------- RESPONSE ---------
{"result":"ok"}
----------- END --------------
July 23, 2021, 4:28 pm
----------- DATA -------------
Array
(
    [offerId] => 5876bfb5-5f26-4de9-8784-ec27e3449920
    [fio] => Ali
    [phone] => 09263635432
    [email] => admin@admin.com
    [domain] => http://adltmedia.com/landers/60efd016da8e5/limon.php
    [ip] => 119.92.19.60
    [utm_campaign] => 
    [utm_content] => 
    [utm_medium] => 
    [utm_source] => CHS
    [utm_term] => 
    [clickid] => 2e6a3schey91n0d5
    [fbpxl] => 
)

----------- RESPONSE ---------
{"result":"ok"}
----------- END --------------
July 23, 2021, 4:35 pm
----------- DATA -------------
Array
(
    [offerId] => 5876bfb5-5f26-4de9-8784-ec27e3449920
    [fio] => Harry bolaño
    [phone] => 09
    [email] => admin@admin.com
    [domain] => http://adltmedia.com/landers/60efd016da8e5/limon.php
    [ip] => 175.176.44.128
    [utm_campaign] => 
    [utm_content] => 
    [utm_medium] => 
    [utm_source] => CHS
    [utm_term] => 
    [clickid] => a5628sche1n7s1f0
    [fbpxl] => 
)

----------- RESPONSE ---------
{"result":"ok"}
----------- END --------------
July 23, 2021, 5:03 pm
----------- DATA -------------
Array
(
    [offerId] => 5876bfb5-5f26-4de9-8784-ec27e3449920
    [fio] => John Michael Muncada
    [phone] => 09463629213
    [email] => admin@admin.com
    [domain] => http://adltmedia.com/landers/60efd016da8e5/limon.php
    [ip] => 175.176.35.77
    [utm_campaign] => 
    [utm_content] => 
    [utm_medium] => 
    [utm_source] => CHS
    [utm_term] => 
    [clickid] => 87b3ascoj7slpd48
    [fbpxl] => 
)

----------- RESPONSE ---------
{"result":"ok"}
----------- END --------------
July 23, 2021, 6:25 pm
----------- DATA -------------
Array
(
    [offerId] => 5876bfb5-5f26-4de9-8784-ec27e3449920
    [fio] => JeobigonZ pido
    [phone] => 09753183905
    [email] => admin@admin.com
    [domain] => http://adltmedia.com/landers/60efd016da8e5/limon.php
    [ip] => 175.176.82.115
    [utm_campaign] => 
    [utm_content] => 
    [utm_medium] => 
    [utm_source] => CHS
    [utm_term] => 
    [clickid] => 10d92sccixiibb53
    [fbpxl] => 
)

----------- RESPONSE ---------
{"result":"ok"}
----------- END --------------
July 23, 2021, 6:32 pm
----------- DATA -------------
Array
(
    [offerId] => 5876bfb5-5f26-4de9-8784-ec27e3449920
    [fio] => Jonathan
    [phone] => 09451491661
    [email] => admin@admin.com
    [domain] => http://adltmedia.com/landers/60efd016da8e5/limon.php
    [ip] => 110.54.133.253
    [utm_campaign] => 
    [utm_content] => 
    [utm_medium] => 
    [utm_source] => CHS
    [utm_term] => 
    [clickid] => 227f0scciikfyb3a
    [fbpxl] => 
)

----------- RESPONSE ---------
{"result":"ok"}
----------- END --------------
July 23, 2021, 6:34 pm
----------- DATA -------------
Array
(
    [offerId] => 5876bfb5-5f26-4de9-8784-ec27e3449920
    [fio] => Jonathan
    [phone] => 09451491661
    [email] => admin@admin.com
    [domain] => http://adltmedia.com/landers/60efd016da8e5/limon.php
    [ip] => 110.54.133.253
    [utm_campaign] => 
    [utm_content] => 
    [utm_medium] => 
    [utm_source] => CHS
    [utm_term] => 
    [clickid] => 227f0scciikfyb3a
    [fbpxl] => 
)

----------- RESPONSE ---------
{"result":"ok"}
----------- END --------------
July 23, 2021, 6:47 pm
----------- DATA -------------
Array
(
    [offerId] => 5876bfb5-5f26-4de9-8784-ec27e3449920
    [fio] => Ronaldo Mendiola 
    [phone] => 09218850966
    [email] => admin@admin.com
    [domain] => http://adltmedia.com/landers/60efd016da8e5/limon.php
    [ip] => 112.206.79.114
    [utm_campaign] => 
    [utm_content] => 
    [utm_medium] => 
    [utm_source] => CHS
    [utm_term] => 
    [clickid] => 567cbsc524kqd9a7
    [fbpxl] => 
)

----------- RESPONSE ---------
{"result":"ok"}
----------- END --------------
July 23, 2021, 8:32 pm
----------- DATA -------------
Array
(
    [offerId] => 5876bfb5-5f26-4de9-8784-ec27e3449920
    [fio] => Arnel
    [phone] => 09362575474
    [email] => admin@admin.com
    [domain] => http://adltmedia.com/landers/60efd016da8e5/limon.php
    [ip] => 110.54.225.27
    [utm_campaign] => 
    [utm_content] => 
    [utm_medium] => 
    [utm_source] => CHS
    [utm_term] => 
    [clickid] => 05917scgmm7bge3f
    [fbpxl] => 
)

----------- RESPONSE ---------
{"result":"ok"}
----------- END --------------
July 23, 2021, 9:56 pm
----------- DATA -------------
Array
(
    [offerId] => 5876bfb5-5f26-4de9-8784-ec27e3449920
    [fio] => marvin
    [phone] => 09756000122
    [email] => admin@admin.com
    [domain] => http://adltmedia.com/landers/60efd016da8e5/limon.php
    [ip] => 110.54.139.194
    [utm_campaign] => 
    [utm_content] => 
    [utm_medium] => 
    [utm_source] => CHS
    [utm_term] => 
    [clickid] => d66ebsclpibdu24d
    [fbpxl] => 
)

----------- RESPONSE ---------
{"result":"ok"}
----------- END --------------
July 23, 2021, 9:57 pm
----------- DATA -------------
Array
(
    [offerId] => 5876bfb5-5f26-4de9-8784-ec27e3449920
    [fio] => marvin
    [phone] => 09756000122
    [email] => admin@admin.com
    [domain] => http://adltmedia.com/landers/60efd016da8e5/limon.php
    [ip] => 110.54.139.194
    [utm_campaign] => 
    [utm_content] => 
    [utm_medium] => 
    [utm_source] => CHS
    [utm_term] => 
    [clickid] => d66ebsclpibdu24d
    [fbpxl] => 
)

----------- RESPONSE ---------
{"result":"ok"}
----------- END --------------
July 23, 2021, 10:25 pm
----------- DATA -------------
Array
(
    [offerId] => 5876bfb5-5f26-4de9-8784-ec27e3449920
    [fio] => Leonardo galutan
    [phone] => 09063730486
    [email] => admin@admin.com
    [domain] => http://adltmedia.com/landers/60efd016da8e5/limon.php
    [ip] => 110.54.234.231
    [utm_campaign] => 
    [utm_content] => 
    [utm_medium] => 
    [utm_source] => CHS
    [utm_term] => 
    [clickid] => 2223escu32ta9e9c
    [fbpxl] => 
)

----------- RESPONSE ---------
{"result":"ok"}
----------- END --------------
July 23, 2021, 10:25 pm
----------- DATA -------------
Array
(
    [offerId] => 5876bfb5-5f26-4de9-8784-ec27e3449920
    [fio] => Leonardo galutan
    [phone] => 09063730486
    [email] => admin@admin.com
    [domain] => http://adltmedia.com/landers/60efd016da8e5/limon.php
    [ip] => 110.54.234.231
    [utm_campaign] => 
    [utm_content] => 
    [utm_medium] => 
    [utm_source] => CHS
    [utm_term] => 
    [clickid] => 2223escu32ta9e9c
    [fbpxl] => 
)

----------- RESPONSE ---------
{"result":"ok"}
----------- END --------------
July 23, 2021, 10:26 pm
----------- DATA -------------
Array
(
    [offerId] => 5876bfb5-5f26-4de9-8784-ec27e3449920
    [fio] => Leonardo galutan
    [phone] => 09063730486
    [email] => admin@admin.com
    [domain] => http://adltmedia.com/landers/60efd016da8e5/limon.php
    [ip] => 110.54.234.231
    [utm_campaign] => 
    [utm_content] => 
    [utm_medium] => 
    [utm_source] => CHS
    [utm_term] => 
    [clickid] => 2223escu32ta9e9c
    [fbpxl] => 
)

----------- RESPONSE ---------
{"result":"ok"}
----------- END --------------
July 23, 2021, 10:26 pm
----------- DATA -------------
Array
(
    [offerId] => 5876bfb5-5f26-4de9-8784-ec27e3449920
    [fio] => Leonardo galutan
    [phone] => 09063730486
    [email] => admin@admin.com
    [domain] => http://adltmedia.com/landers/60efd016da8e5/limon.php
    [ip] => 110.54.234.231
    [utm_campaign] => 
    [utm_content] => 
    [utm_medium] => 
    [utm_source] => CHS
    [utm_term] => 
    [clickid] => 2223escu32ta9e9c
    [fbpxl] => 
)

----------- RESPONSE ---------
{"result":"ok"}
----------- END --------------
July 23, 2021, 10:26 pm
----------- DATA -------------
Array
(
    [offerId] => 5876bfb5-5f26-4de9-8784-ec27e3449920
    [fio] => Leonardo galutan
    [phone] => 09063730486
    [email] => admin@admin.com
    [domain] => http://adltmedia.com/landers/60efd016da8e5/limon.php
    [ip] => 110.54.234.231
    [utm_campaign] => 
    [utm_content] => 
    [utm_medium] => 
    [utm_source] => CHS
    [utm_term] => 
    [clickid] => 2223escu32ta9e9c
    [fbpxl] => 
)

----------- RESPONSE ---------
{"result":"ok"}
----------- END --------------
July 23, 2021, 10:26 pm
----------- DATA -------------
Array
(
    [offerId] => 5876bfb5-5f26-4de9-8784-ec27e3449920
    [fio] => Leonardo galutan
    [phone] => 09063730486
    [email] => admin@admin.com
    [domain] => http://adltmedia.com/landers/60efd016da8e5/limon.php
    [ip] => 110.54.234.231
    [utm_campaign] => 
    [utm_content] => 
    [utm_medium] => 
    [utm_source] => CHS
    [utm_term] => 
    [clickid] => 2223escu32ta9e9c
    [fbpxl] => 
)

----------- RESPONSE ---------
{"result":"ok"}
----------- END --------------
July 23, 2021, 10:27 pm
----------- DATA -------------
Array
(
    [offerId] => 5876bfb5-5f26-4de9-8784-ec27e3449920
    [fio] => Leonardo galutan
    [phone] => 09063730486
    [email] => admin@admin.com
    [domain] => http://adltmedia.com/landers/60efd016da8e5/limon.php
    [ip] => 110.54.234.231
    [utm_campaign] => 
    [utm_content] => 
    [utm_medium] => 
    [utm_source] => CHS
    [utm_term] => 
    [clickid] => 2223escu32ta9e9c
    [fbpxl] => 
)

----------- RESPONSE ---------
{"result":"ok"}
----------- END --------------
July 23, 2021, 10:39 pm
----------- DATA -------------
Array
(
    [offerId] => 5876bfb5-5f26-4de9-8784-ec27e3449920
    [fio] => Gonzales joeveniel
    [phone] => 09956913565
    [email] => admin@admin.com
    [domain] => http://adltmedia.com/landers/60efd016da8e5/limon.php
    [ip] => 49.146.41.137
    [utm_campaign] => 
    [utm_content] => 
    [utm_medium] => 
    [utm_source] => CHS
    [utm_term] => 
    [clickid] => 9d63fscu3u33z659
    [fbpxl] => 
)

----------- RESPONSE ---------
{"result":"ok"}
----------- END --------------
July 23, 2021, 11:42 pm
----------- DATA -------------
Array
(
    [offerId] => 5876bfb5-5f26-4de9-8784-ec27e3449920
    [fio] => Robert orias
    [phone] => 09319969177
    [email] => admin@admin.com
    [domain] => http://adltmedia.com/landers/60efd016da8e5/limon.php
    [ip] => 112.198.70.29
    [utm_campaign] => 
    [utm_content] => 
    [utm_medium] => 
    [utm_source] => CHS
    [utm_term] => 
    [clickid] => ae335scu39zwhb8c
    [fbpxl] => 
)

----------- RESPONSE ---------
{"result":"ok"}
----------- END --------------
July 23, 2021, 11:45 pm
----------- DATA -------------
Array
(
    [offerId] => 5876bfb5-5f26-4de9-8784-ec27e3449920
    [fio] => Mark Anthony capilit 
    [phone] => 09385575646
    [email] => admin@admin.com
    [domain] => http://adltmedia.com/landers/60efd016da8e5/limon.php
    [ip] => 175.176.43.109
    [utm_campaign] => 
    [utm_content] => 
    [utm_medium] => 
    [utm_source] => CHS
    [utm_term] => 
    [clickid] => b3939scu3qn5mc54
    [fbpxl] => 
)

----------- RESPONSE ---------
{"result":"ok"}
----------- END --------------
