July 21, 2021, 2:42 am
----------- DATA -------------
Array
(
    [offerId] => 5876bfb5-5f26-4de9-8784-ec27e3449920
    [fio] => Wilker
    [phone] => 0905121408
    [email] => admin@admin.com
    [domain] => http://adltmedia.com/landers/60efd016da8e5/limon.php
    [ip] => 119.92.224.132
    [utm_campaign] => 
    [utm_content] => 
    [utm_medium] => 
    [utm_source] => CHS
    [utm_term] => 
    [clickid] => bacf08wg5nta0237
    [fbpxl] => 
)

----------- RESPONSE ---------
{"result":"ok"}
----------- END --------------
July 21, 2021, 2:54 am
----------- DATA -------------
Array
(
    [offerId] => 5876bfb5-5f26-4de9-8784-ec27e3449920
    [fio] => 09517738612
    [phone] => rocero987
    [email] => admin@admin.com
    [domain] => http://adltmedia.com/landers/60efd016da8e5/limon.php
    [ip] => 136.158.7.214
    [utm_campaign] => 
    [utm_content] => 
    [utm_medium] => 
    [utm_source] => CHS
    [utm_term] => 
    [clickid] => 2bd078wg59lib3a2
    [fbpxl] => 
)

----------- RESPONSE ---------
{"result":"ok"}
----------- END --------------
July 21, 2021, 3:47 am
----------- DATA -------------
Array
(
    [offerId] => 5876bfb5-5f26-4de9-8784-ec27e3449920
    [fio] => rolando mahilum
    [phone] => 09630535984
    [email] => admin@admin.com
    [domain] => http://adltmedia.com/landers/60efd016da8e5/limon.php
    [ip] => 49.145.240.80
    [utm_campaign] => 
    [utm_content] => 
    [utm_medium] => 
    [utm_source] => CHS
    [utm_term] => 
    [clickid] => ae9ce8wg5qqsye7e
    [fbpxl] => 
)

----------- RESPONSE ---------
{"result":"ok"}
----------- END --------------
July 21, 2021, 3:55 am
----------- DATA -------------
Array
(
    [offerId] => 5876bfb5-5f26-4de9-8784-ec27e3449920
    [fio] => Ronaldamby
    [phone] => 09982204991
    [email] => admin@admin.com
    [domain] => http://adltmedia.com/landers/60efd016da8e5/limon.php
    [ip] => 131.226.64.187
    [utm_campaign] => 
    [utm_content] => 
    [utm_medium] => 
    [utm_source] => CHS
    [utm_term] => 
    [clickid] => 718088w8wbzuo833
    [fbpxl] => 
)

----------- RESPONSE ---------
{"result":"ok"}
----------- END --------------
July 21, 2021, 4:13 am
----------- DATA -------------
Array
(
    [offerId] => 5876bfb5-5f26-4de9-8784-ec27e3449920
    [fio] => Angelbirt 
    [phone] => 09104668926
    [email] => admin@admin.com
    [domain] => http://adltmedia.com/landers/60efd016da8e5/limon.php
    [ip] => 120.29.77.155
    [utm_campaign] => 
    [utm_content] => 
    [utm_medium] => 
    [utm_source] => CHS
    [utm_term] => 
    [clickid] => 3d9e38w8wxovcc73
    [fbpxl] => 
)

----------- RESPONSE ---------
{"result":"ok"}
----------- END --------------
July 21, 2021, 5:14 am
----------- DATA -------------
Array
(
    [offerId] => 5876bfb5-5f26-4de9-8784-ec27e3449920
    [fio] => Jomarie Dela Cruz
    [phone] => 09488416884
    [email] => admin@admin.com
    [domain] => http://adltmedia.com/landers/60efd016da8e5/limon.php
    [ip] => 175.176.20.172
    [utm_campaign] => 
    [utm_content] => 
    [utm_medium] => 
    [utm_source] => CHS
    [utm_term] => 
    [clickid] => 358408wscq53ved0
    [fbpxl] => 
)

----------- RESPONSE ---------
{"result":"ok"}
----------- END --------------
July 21, 2021, 5:28 am
----------- DATA -------------
Array
(
    [offerId] => 5876bfb5-5f26-4de9-8784-ec27e3449920
    [fio] => Jun ancheta
    [phone] => 09560297550
    [email] => admin@admin.com
    [domain] => http://adltmedia.com/landers/60efd016da8e5/limon.php
    [ip] => 110.54.152.83
    [utm_campaign] => 
    [utm_content] => 
    [utm_medium] => 
    [utm_source] => CHS
    [utm_term] => 
    [clickid] => c49af8wscirlpa2c
    [fbpxl] => 
)

----------- RESPONSE ---------
{"result":"ok"}
----------- END --------------
July 21, 2021, 5:28 am
----------- DATA -------------
Array
(
    [offerId] => 5876bfb5-5f26-4de9-8784-ec27e3449920
    [fio] => Jun ancheta
    [phone] => 09560297550
    [email] => admin@admin.com
    [domain] => http://adltmedia.com/landers/60efd016da8e5/limon.php
    [ip] => 110.54.152.83
    [utm_campaign] => 
    [utm_content] => 
    [utm_medium] => 
    [utm_source] => CHS
    [utm_term] => 
    [clickid] => c49af8wscirlpa2c
    [fbpxl] => 
)

----------- RESPONSE ---------
{"result":"ok"}
----------- END --------------
July 21, 2021, 5:28 am
----------- DATA -------------
Array
(
    [offerId] => 5876bfb5-5f26-4de9-8784-ec27e3449920
    [fio] => Jun ancheta
    [phone] => 09560297550
    [email] => admin@admin.com
    [domain] => http://adltmedia.com/landers/60efd016da8e5/limon.php
    [ip] => 110.54.152.83
    [utm_campaign] => 
    [utm_content] => 
    [utm_medium] => 
    [utm_source] => CHS
    [utm_term] => 
    [clickid] => c49af8wscirlpa2c
    [fbpxl] => 
)

----------- RESPONSE ---------
{"result":"ok"}
----------- END --------------
July 21, 2021, 5:28 am
----------- DATA -------------
Array
(
    [offerId] => 5876bfb5-5f26-4de9-8784-ec27e3449920
    [fio] => Jun ancheta
    [phone] => 09560297550
    [email] => admin@admin.com
    [domain] => http://adltmedia.com/landers/60efd016da8e5/limon.php
    [ip] => 110.54.152.83
    [utm_campaign] => 
    [utm_content] => 
    [utm_medium] => 
    [utm_source] => CHS
    [utm_term] => 
    [clickid] => c49af8wscirlpa2c
    [fbpxl] => 
)

----------- RESPONSE ---------
{"result":"ok"}
----------- END --------------
July 21, 2021, 5:28 am
----------- DATA -------------
Array
(
    [offerId] => 5876bfb5-5f26-4de9-8784-ec27e3449920
    [fio] => Jun ancheta
    [phone] => 09560297550
    [email] => admin@admin.com
    [domain] => http://adltmedia.com/landers/60efd016da8e5/limon.php
    [ip] => 110.54.152.83
    [utm_campaign] => 
    [utm_content] => 
    [utm_medium] => 
    [utm_source] => CHS
    [utm_term] => 
    [clickid] => c49af8wscirlpa2c
    [fbpxl] => 
)

----------- RESPONSE ---------
{"result":"ok"}
----------- END --------------
July 21, 2021, 5:29 am
----------- DATA -------------
Array
(
    [offerId] => 5876bfb5-5f26-4de9-8784-ec27e3449920
    [fio] => Jun ancheta
    [phone] => 0956027550
    [email] => admin@admin.com
    [domain] => http://adltmedia.com/landers/60efd016da8e5/limon.php
    [ip] => 110.54.152.83
    [utm_campaign] => 
    [utm_content] => 
    [utm_medium] => 
    [utm_source] => CHS
    [utm_term] => 
    [clickid] => c49af8wscirlpa2c
    [fbpxl] => 
)

----------- RESPONSE ---------
{"result":"ok"}
----------- END --------------
July 21, 2021, 5:30 am
----------- DATA -------------
Array
(
    [offerId] => 5876bfb5-5f26-4de9-8784-ec27e3449920
    [fio] => Jun ancheta
    [phone] => 09971891444
    [email] => admin@admin.com
    [domain] => http://adltmedia.com/landers/60efd016da8e5/limon.php
    [ip] => 110.54.152.83
    [utm_campaign] => 
    [utm_content] => 
    [utm_medium] => 
    [utm_source] => CHS
    [utm_term] => 
    [clickid] => c49af8wscirlpa2c
    [fbpxl] => 
)

----------- RESPONSE ---------
{"result":"ok"}
----------- END --------------
July 21, 2021, 6:42 am
----------- DATA -------------
Array
(
    [offerId] => 5876bfb5-5f26-4de9-8784-ec27e3449920
    [fio] => ruben rivera
    [phone] => 09998424400
    [email] => admin@admin.com
    [domain] => http://adltmedia.com/landers/60efd016da8e5/limon.php
    [ip] => 180.191.33.118
    [utm_campaign] => 
    [utm_content] => 
    [utm_medium] => 
    [utm_source] => CHS
    [utm_term] => 
    [clickid] => 99a648wmyy9dve43
    [fbpxl] => 
)

----------- RESPONSE ---------
{"result":"ok"}
----------- END --------------
July 21, 2021, 6:51 am
----------- DATA -------------
Array
(
    [offerId] => 5876bfb5-5f26-4de9-8784-ec27e3449920
    [fio] => dawin
    [phone] => 09455569063
    [email] => admin@admin.com
    [domain] => http://adltmedia.com/landers/60efd016da8e5/limon.php
    [ip] => 175.176.7.133
    [utm_campaign] => 
    [utm_content] => 
    [utm_medium] => 
    [utm_source] => CHS
    [utm_term] => 
    [clickid] => ad5168wmy1nsy8e1
    [fbpxl] => 
)

----------- RESPONSE ---------
{"result":"ok"}
----------- END --------------
July 21, 2021, 6:57 am
----------- DATA -------------
Array
(
    [offerId] => 5876bfb5-5f26-4de9-8784-ec27e3449920
    [fio] => Christian
    [phone] => 09125633001
    [email] => admin@admin.com
    [domain] => http://adltmedia.com/landers/60efd016da8e5/limon.php
    [ip] => 120.29.79.141
    [utm_campaign] => 
    [utm_content] => 
    [utm_medium] => 
    [utm_source] => CHS
    [utm_term] => 
    [clickid] => 6153c8wmyj67v73c
    [fbpxl] => 
)

----------- RESPONSE ---------
{"result":"ok"}
----------- END --------------
July 21, 2021, 6:59 am
----------- DATA -------------
Array
(
    [offerId] => 5876bfb5-5f26-4de9-8784-ec27e3449920
    [fio] => Christian
    [phone] => 09125633001
    [email] => admin@admin.com
    [domain] => http://adltmedia.com/landers/60efd016da8e5/limon.php
    [ip] => 120.29.79.141
    [utm_campaign] => 
    [utm_content] => 
    [utm_medium] => 
    [utm_source] => CHS
    [utm_term] => 
    [clickid] => 6153c8wmyj67v73c
    [fbpxl] => 
)

----------- RESPONSE ---------
{"result":"ok"}
----------- END --------------
July 21, 2021, 7:24 am
----------- DATA -------------
Array
(
    [offerId] => 5876bfb5-5f26-4de9-8784-ec27e3449920
    [fio] => Glenn Gonzales
    [phone] => 09228745183
    [email] => admin@admin.com
    [domain] => http://adltmedia.com/landers/60efd016da8e5/limon.php
    [ip] => 136.158.59.54
    [utm_campaign] => 
    [utm_content] => 
    [utm_medium] => 
    [utm_source] => CHS
    [utm_term] => 
    [clickid] => fb3478wmye8a9ed4
    [fbpxl] => 
)

----------- RESPONSE ---------
{"result":"ok"}
----------- END --------------
July 21, 2021, 7:39 am
----------- DATA -------------
Array
(
    [offerId] => 5876bfb5-5f26-4de9-8784-ec27e3449920
    [fio] => Radin
    [phone] => 09650885394
    [email] => admin@admin.com
    [domain] => http://adltmedia.com/landers/60efd016da8e5/limon.php
    [ip] => 110.54.172.52
    [utm_campaign] => 
    [utm_content] => 
    [utm_medium] => 
    [utm_source] => CHS
    [utm_term] => 
    [clickid] => 2ecf58wuqwfk2414
    [fbpxl] => 
)

----------- RESPONSE ---------
{"result":"ok"}
----------- END --------------
July 21, 2021, 7:57 am
----------- DATA -------------
Array
(
    [offerId] => 5876bfb5-5f26-4de9-8784-ec27e3449920
    [fio] => roldan silvestre
    [phone] => 09758666039
    [email] => admin@admin.com
    [domain] => http://adltmedia.com/landers/60efd016da8e5/limon.php
    [ip] => 49.149.142.217
    [utm_campaign] => 
    [utm_content] => 
    [utm_medium] => 
    [utm_source] => CHS
    [utm_term] => 
    [clickid] => 543378wuqhqxi9d4
    [fbpxl] => 
)

----------- RESPONSE ---------
{"result":"ok"}
----------- END --------------
July 21, 2021, 8:24 am
----------- DATA -------------
Array
(
    [offerId] => 5876bfb5-5f26-4de9-8784-ec27e3449920
    [fio] => Ralph
    [phone] => 09101860875
    [email] => admin@admin.com
    [domain] => http://adltmedia.com/landers/60efd016da8e5/limon.php
    [ip] => 175.176.77.132
    [utm_campaign] => 
    [utm_content] => 
    [utm_medium] => 
    [utm_source] => CHS
    [utm_term] => 
    [clickid] => e8eb68wxia4p2e79
    [fbpxl] => 
)

----------- RESPONSE ---------
{"result":"ok"}
----------- END --------------
July 21, 2021, 8:42 am
----------- DATA -------------
Array
(
    [offerId] => 5876bfb5-5f26-4de9-8784-ec27e3449920
    [fio] => Robert
    [phone] => DelosSANTOS
    [email] => admin@admin.com
    [domain] => http://adltmedia.com/landers/60efd016da8e5/limon.php
    [ip] => 110.54.192.166
    [utm_campaign] => 
    [utm_content] => 
    [utm_medium] => 
    [utm_source] => CHS
    [utm_term] => 
    [clickid] => fa6e58wxivca0d3e
    [fbpxl] => 
)

----------- RESPONSE ---------
{"result":"ok"}
----------- END --------------
July 21, 2021, 9:28 am
----------- DATA -------------
Array
(
    [offerId] => 5876bfb5-5f26-4de9-8784-ec27e3449920
    [fio] => Jr
    [phone] => 09388514227
    [email] => admin@admin.com
    [domain] => http://adltmedia.com/landers/60efd016da8e5/limon.php
    [ip] => 110.54.136.248
    [utm_campaign] => 
    [utm_content] => 
    [utm_medium] => 
    [utm_source] => CHS
    [utm_term] => 
    [clickid] => 9c6108wdvu3ireca
    [fbpxl] => 
)

----------- RESPONSE ---------
{"result":"ok"}
----------- END --------------
July 21, 2021, 11:19 am
----------- DATA -------------
Array
(
    [offerId] => 5876bfb5-5f26-4de9-8784-ec27e3449920
    [fio] => Cris
    [phone] => 09090715439
    [email] => admin@admin.com
    [domain] => http://adltmedia.com/landers/60efd016da8e5/limon.php
    [ip] => 124.105.7.46
    [utm_campaign] => 
    [utm_content] => 
    [utm_medium] => 
    [utm_source] => CHS
    [utm_term] => 
    [clickid] => d4ec68wzwq5dv5eb
    [fbpxl] => 
)

----------- RESPONSE ---------
{"result":"ok"}
----------- END --------------
July 21, 2021, 11:22 am
----------- DATA -------------
Array
(
    [offerId] => 5876bfb5-5f26-4de9-8784-ec27e3449920
    [fio] => Omar
    [phone] => 09684279433
    [email] => admin@admin.com
    [domain] => http://adltmedia.com/landers/60efd016da8e5/limon.php
    [ip] => 167.88.62.73
    [utm_campaign] => 
    [utm_content] => 
    [utm_medium] => 
    [utm_source] => CHS
    [utm_term] => 
    [clickid] => 15f908wzwh9yd831
    [fbpxl] => 
)

----------- RESPONSE ---------
{"result":"ok"}
----------- END --------------
July 21, 2021, 12:06 pm
----------- DATA -------------
Array
(
    [offerId] => 5876bfb5-5f26-4de9-8784-ec27e3449920
    [fio] => Robz
    [phone] => 09700434121
    [email] => admin@admin.com
    [domain] => http://adltmedia.com/landers/60efd016da8e5/limon.php
    [ip] => 175.176.84.7
    [utm_campaign] => 
    [utm_content] => 
    [utm_medium] => 
    [utm_source] => CHS
    [utm_term] => 
    [clickid] => 9d66a8wzwtl6j5b5
    [fbpxl] => 
)

----------- RESPONSE ---------
{"result":"ok"}
----------- END --------------
July 21, 2021, 12:54 pm
----------- DATA -------------
Array
(
    [offerId] => 5876bfb5-5f26-4de9-8784-ec27e3449920
    [fio] => Roldan anonuevo
    [phone] => 09651848707
    [email] => admin@admin.com
    [domain] => http://adltmedia.com/landers/60efd016da8e5/limon.php
    [ip] => 2001:4453:680:6000:7587:c47f:78aa:542f
    [utm_campaign] => 
    [utm_content] => 
    [utm_medium] => 
    [utm_source] => CHS
    [utm_term] => 
    [clickid] => 92bef8whqhqus623
    [fbpxl] => 
)

----------- RESPONSE ---------
{"result":"ok"}
----------- END --------------
July 21, 2021, 1:05 pm
----------- DATA -------------
Array
(
    [offerId] => 5876bfb5-5f26-4de9-8784-ec27e3449920
    [fio] => Lance baui
    [phone] => 09066664522
    [email] => admin@admin.com
    [domain] => http://adltmedia.com/landers/60efd016da8e5/limon.php
    [ip] => 58.69.125.40
    [utm_campaign] => 
    [utm_content] => 
    [utm_medium] => 
    [utm_source] => CHS
    [utm_term] => 
    [clickid] => 8fe128whqx95m296
    [fbpxl] => 
)

----------- RESPONSE ---------
{"result":"ok"}
----------- END --------------
July 21, 2021, 1:30 pm
----------- DATA -------------
Array
(
    [offerId] => 5876bfb5-5f26-4de9-8784-ec27e3449920
    [fio] => roy joseph 
    [phone] => 09972268862
    [email] => admin@admin.com
    [domain] => http://adltmedia.com/landers/60efd016da8e5/limon.php
    [ip] => 110.54.191.74
    [utm_campaign] => 
    [utm_content] => 
    [utm_medium] => 
    [utm_source] => CHS
    [utm_term] => 
    [clickid] => b9b6f8wd5y9h9991
    [fbpxl] => 
)

----------- RESPONSE ---------
{"result":"ok"}
----------- END --------------
July 21, 2021, 1:47 pm
----------- DATA -------------
Array
(
    [offerId] => 5876bfb5-5f26-4de9-8784-ec27e3449920
    [fio] => Mohamamad
    [phone] => Mohamad
    [email] => admin@admin.com
    [domain] => http://adltmedia.com/landers/60efd016da8e5/limon.php
    [ip] => 49.145.246.216
    [utm_campaign] => 
    [utm_content] => 
    [utm_medium] => 
    [utm_source] => CHS
    [utm_term] => 
    [clickid] => 734818wd56jhe4b8
    [fbpxl] => 
)

----------- RESPONSE ---------
{"result":"ok"}
----------- END --------------
July 21, 2021, 2:39 pm
----------- DATA -------------
Array
(
    [offerId] => 5876bfb5-5f26-4de9-8784-ec27e3449920
    [fio] => Andrian 
    [phone] => 09272646541
    [email] => admin@admin.com
    [domain] => http://adltmedia.com/landers/60efd016da8e5/limon.php
    [ip] => 122.3.108.62
    [utm_campaign] => 
    [utm_content] => 
    [utm_medium] => 
    [utm_source] => CHS
    [utm_term] => 
    [clickid] => f96c68w1md5uq3a6
    [fbpxl] => 
)

----------- RESPONSE ---------
{"result":"ok"}
----------- END --------------
July 21, 2021, 3:06 pm
----------- DATA -------------
Array
(
    [offerId] => 5876bfb5-5f26-4de9-8784-ec27e3449920
    [fio] => Jayar concerman 
    [phone] => 09201268066
    [email] => admin@admin.com
    [domain] => http://adltmedia.com/landers/60efd016da8e5/limon.php
    [ip] => 49.149.179.49
    [utm_campaign] => 
    [utm_content] => 
    [utm_medium] => 
    [utm_source] => CHS
    [utm_term] => 
    [clickid] => f3f1a8w46gxj6b35
    [fbpxl] => 
)

----------- RESPONSE ---------
{"result":"ok"}
----------- END --------------
July 21, 2021, 3:13 pm
----------- DATA -------------
Array
(
    [offerId] => 5876bfb5-5f26-4de9-8784-ec27e3449920
    [fio] => Vincent corsme
    [phone] => 09300953704
    [email] => admin@admin.com
    [domain] => http://adltmedia.com/landers/60efd016da8e5/limon.php
    [ip] => 110.54.206.65
    [utm_campaign] => 
    [utm_content] => 
    [utm_medium] => 
    [utm_source] => CHS
    [utm_term] => 
    [clickid] => 8b0258w468p9z711
    [fbpxl] => 
)

----------- RESPONSE ---------
{"result":"ok"}
----------- END --------------
July 21, 2021, 3:30 pm
----------- DATA -------------
Array
(
    [offerId] => 5876bfb5-5f26-4de9-8784-ec27e3449920
    [fio] => Robinson
    [phone] => +1639073395896
    [email] => admin@admin.com
    [domain] => http://adltmedia.com/landers/60efd016da8e5/limon.php
    [ip] => 136.158.101.121
    [utm_campaign] => 
    [utm_content] => 
    [utm_medium] => 
    [utm_source] => CHS
    [utm_term] => 
    [clickid] => eb6088w46x9sl751
    [fbpxl] => 
)

----------- RESPONSE ---------
{"result":"ok"}
----------- END --------------
July 21, 2021, 3:36 pm
----------- DATA -------------
Array
(
    [offerId] => 5876bfb5-5f26-4de9-8784-ec27e3449920
    [fio] => jaymarlumalang
    [phone] => 90559917600
    [email] => admin@admin.com
    [domain] => http://adltmedia.com/landers/60efd016da8e5/limon.php
    [ip] => 49.146.5.191
    [utm_campaign] => 
    [utm_content] => 
    [utm_medium] => 
    [utm_source] => CHS
    [utm_term] => 
    [clickid] => 146578w464p17a75
    [fbpxl] => 
)

----------- RESPONSE ---------
{"result":"ok"}
----------- END --------------
July 21, 2021, 3:55 pm
----------- DATA -------------
Array
(
    [offerId] => 5876bfb5-5f26-4de9-8784-ec27e3449920
    [fio] => Cris
    [phone] => 09658397078
    [email] => admin@admin.com
    [domain] => http://adltmedia.com/landers/60efd016da8e5/limon.php
    [ip] => 124.105.35.95
    [utm_campaign] => 
    [utm_content] => 
    [utm_medium] => 
    [utm_source] => CHS
    [utm_term] => 
    [clickid] => 09b148wp29lh9c21
    [fbpxl] => 
)

----------- RESPONSE ---------
{"result":"ok"}
----------- END --------------
July 21, 2021, 3:58 pm
----------- DATA -------------
Array
(
    [offerId] => 5876bfb5-5f26-4de9-8784-ec27e3449920
    [fio] => Jhanzkie
    [phone] => 09461019764
    [email] => admin@admin.com
    [domain] => http://adltmedia.com/landers/60efd016da8e5/limon.php
    [ip] => 110.54.151.65
    [utm_campaign] => 
    [utm_content] => 
    [utm_medium] => 
    [utm_source] => CHS
    [utm_term] => 
    [clickid] => fb33e8wp2zwqd975
    [fbpxl] => 
)

----------- RESPONSE ---------
{"result":"ok"}
----------- END --------------
July 21, 2021, 4:32 pm
----------- DATA -------------
Array
(
    [offerId] => 5876bfb5-5f26-4de9-8784-ec27e3449920
    [fio] => James
    [phone] => 09385334164
    [email] => admin@admin.com
    [domain] => http://adltmedia.com/landers/60efd016da8e5/limon.php
    [ip] => 175.176.69.138
    [utm_campaign] => 
    [utm_content] => 
    [utm_medium] => 
    [utm_source] => CHS
    [utm_term] => 
    [clickid] => 237008wtlho6jfa6
    [fbpxl] => 
)

----------- RESPONSE ---------
{"result":"ok"}
----------- END --------------
July 21, 2021, 4:39 pm
----------- DATA -------------
Array
(
    [offerId] => 5876bfb5-5f26-4de9-8784-ec27e3449920
    [fio] => bryan Rey flores
    [phone] => 09274546984
    [email] => admin@admin.com
    [domain] => http://adltmedia.com/landers/60efd016da8e5/limon.php
    [ip] => 110.54.140.76
    [utm_campaign] => 
    [utm_content] => 
    [utm_medium] => 
    [utm_source] => CHS
    [utm_term] => 
    [clickid] => d660a8wtlsyj2556
    [fbpxl] => 
)

----------- RESPONSE ---------
{"result":"ok"}
----------- END --------------
July 21, 2021, 4:47 pm
----------- DATA -------------
Array
(
    [offerId] => 5876bfb5-5f26-4de9-8784-ec27e3449920
    [fio] => Trio 
    [phone] => 09972374809
    [email] => admin@admin.com
    [domain] => http://adltmedia.com/landers/60efd016da8e5/limon.php
    [ip] => 49.149.109.184
    [utm_campaign] => 
    [utm_content] => 
    [utm_medium] => 
    [utm_source] => CHS
    [utm_term] => 
    [clickid] => 680858wc8a8x94a3
    [fbpxl] => 
)

----------- RESPONSE ---------
{"result":"ok"}
----------- END --------------
July 21, 2021, 4:49 pm
----------- DATA -------------
Array
(
    [offerId] => 5876bfb5-5f26-4de9-8784-ec27e3449920
    [fio] => jayson
    [phone] => 09271607823
    [email] => admin@admin.com
    [domain] => http://adltmedia.com/landers/60efd016da8e5/limon.php
    [ip] => 110.54.145.37
    [utm_campaign] => 
    [utm_content] => 
    [utm_medium] => 
    [utm_source] => CHS
    [utm_term] => 
    [clickid] => ecf9a8wc8lp9zf31
    [fbpxl] => 
)

----------- RESPONSE ---------
{"result":"ok"}
----------- END --------------
July 21, 2021, 4:50 pm
----------- DATA -------------
Array
(
    [offerId] => 5876bfb5-5f26-4de9-8784-ec27e3449920
    [fio] => Wendel Flores
    [phone] => 09054011142
    [email] => admin@admin.com
    [domain] => http://adltmedia.com/landers/60efd016da8e5/limon.php
    [ip] => 49.146.87.174
    [utm_campaign] => 
    [utm_content] => 
    [utm_medium] => 
    [utm_source] => CHS
    [utm_term] => 
    [clickid] => 0a3758wc8qdsl177
    [fbpxl] => 
)

----------- RESPONSE ---------
{"result":"ok"}
----------- END --------------
July 21, 2021, 4:50 pm
----------- DATA -------------
Array
(
    [offerId] => 5876bfb5-5f26-4de9-8784-ec27e3449920
    [fio] => Jun guapo
    [phone] => John
    [email] => admin@admin.com
    [domain] => http://adltmedia.com/landers/60efd016da8e5/limon.php
    [ip] => 110.54.209.36
    [utm_campaign] => 
    [utm_content] => 
    [utm_medium] => 
    [utm_source] => CHS
    [utm_term] => 
    [clickid] => 40d018wc8heqdf20
    [fbpxl] => 
)

----------- RESPONSE ---------
{"result":"ok"}
----------- END --------------
July 21, 2021, 5:03 pm
----------- DATA -------------
Array
(
    [offerId] => 5876bfb5-5f26-4de9-8784-ec27e3449920
    [fio] => santi
    [phone] => 09385231311
    [email] => admin@admin.com
    [domain] => http://adltmedia.com/landers/60efd016da8e5/limon.php
    [ip] => 120.29.104.60
    [utm_campaign] => 
    [utm_content] => 
    [utm_medium] => 
    [utm_source] => CHS
    [utm_term] => 
    [clickid] => d6ef28wc8xrikf48
    [fbpxl] => 
)

----------- RESPONSE ---------
{"result":"ok"}
----------- END --------------
July 21, 2021, 5:07 pm
----------- DATA -------------
Array
(
    [offerId] => 5876bfb5-5f26-4de9-8784-ec27e3449920
    [fio] => ddd
    [phone] => rem
    [email] => admin@admin.com
    [domain] => http://adltmedia.com/landers/60efd016da8e5/limon.php
    [ip] => 103.206.82.30
    [utm_campaign] => 
    [utm_content] => 
    [utm_medium] => 
    [utm_source] => CHS
    [utm_term] => 
    [clickid] => 098c48wejq5p2b46
    [fbpxl] => 
)

----------- RESPONSE ---------
{"result":"ok"}
----------- END --------------
July 21, 2021, 5:07 pm
----------- DATA -------------
Array
(
    [offerId] => 5876bfb5-5f26-4de9-8784-ec27e3449920
    [fio] => ddd
    [phone] => rem
    [email] => admin@admin.com
    [domain] => http://adltmedia.com/landers/60efd016da8e5/limon.php
    [ip] => 103.206.82.30
    [utm_campaign] => 
    [utm_content] => 
    [utm_medium] => 
    [utm_source] => CHS
    [utm_term] => 
    [clickid] => 098c48wejq5p2b46
    [fbpxl] => 
)

----------- RESPONSE ---------
{"result":"ok"}
----------- END --------------
July 21, 2021, 5:07 pm
----------- DATA -------------
Array
(
    [offerId] => 5876bfb5-5f26-4de9-8784-ec27e3449920
    [fio] => ddd
    [phone] => rem
    [email] => admin@admin.com
    [domain] => http://adltmedia.com/landers/60efd016da8e5/limon.php
    [ip] => 103.206.82.30
    [utm_campaign] => 
    [utm_content] => 
    [utm_medium] => 
    [utm_source] => CHS
    [utm_term] => 
    [clickid] => 098c48wejq5p2b46
    [fbpxl] => 
)

----------- RESPONSE ---------
{"result":"ok"}
----------- END --------------
July 21, 2021, 5:21 pm
----------- DATA -------------
Array
(
    [offerId] => 5876bfb5-5f26-4de9-8784-ec27e3449920
    [fio] => guiller
    [phone] => 09387261391
    [email] => admin@admin.com
    [domain] => http://adltmedia.com/landers/60efd016da8e5/limon.php
    [ip] => 112.198.254.90
    [utm_campaign] => 
    [utm_content] => 
    [utm_medium] => 
    [utm_source] => CHS
    [utm_term] => 
    [clickid] => 72cd18wej1nh931b
    [fbpxl] => 
)

----------- RESPONSE ---------
{"result":"ok"}
----------- END --------------
July 21, 2021, 5:29 pm
----------- DATA -------------
Array
(
    [offerId] => 5876bfb5-5f26-4de9-8784-ec27e3449920
    [fio] => James
    [phone] => 09704814995
    [email] => admin@admin.com
    [domain] => http://adltmedia.com/landers/60efd016da8e5/limon.php
    [ip] => 175.176.20.154
    [utm_campaign] => 
    [utm_content] => 
    [utm_medium] => 
    [utm_source] => CHS
    [utm_term] => 
    [clickid] => b739b8wejxrxi5fb
    [fbpxl] => 
)

----------- RESPONSE ---------
{"result":"ok"}
----------- END --------------
July 21, 2021, 5:37 pm
----------- DATA -------------
Array
(
    [offerId] => 5876bfb5-5f26-4de9-8784-ec27e3449920
    [fio] => kevin
    [phone] => 09365108863
    [email] => admin@admin.com
    [domain] => http://adltmedia.com/landers/60efd016da8e5/limon.php
    [ip] => 58.69.118.141
    [utm_campaign] => 
    [utm_content] => 
    [utm_medium] => 
    [utm_source] => CHS
    [utm_term] => 
    [clickid] => 5e32b8wsy4kgmf48
    [fbpxl] => 
)

----------- RESPONSE ---------
{"result":"ok"}
----------- END --------------
July 21, 2021, 6:00 pm
----------- DATA -------------
Array
(
    [offerId] => 5876bfb5-5f26-4de9-8784-ec27e3449920
    [fio] => Jojanice torejas
    [phone] => 09059172920
    [email] => admin@admin.com
    [domain] => http://adltmedia.com/landers/60efd016da8e5/limon.php
    [ip] => 110.54.168.43
    [utm_campaign] => 
    [utm_content] => 
    [utm_medium] => 
    [utm_source] => CHS
    [utm_term] => 
    [clickid] => 674338wx9a6us60d
    [fbpxl] => 
)

----------- RESPONSE ---------
{"result":"ok"}
----------- END --------------
July 21, 2021, 8:04 pm
----------- DATA -------------
Array
(
    [offerId] => 5876bfb5-5f26-4de9-8784-ec27e3449920
    [fio] => ariel perez
    [phone] => O9362571871
    [email] => admin@admin.com
    [domain] => http://adltmedia.com/landers/60efd016da8e5/limon.php
    [ip] => 180.191.80.63
    [utm_campaign] => 
    [utm_content] => 
    [utm_medium] => 
    [utm_source] => CHS
    [utm_term] => 
    [clickid] => eb31b8wika98wb18
    [fbpxl] => 
)

----------- RESPONSE ---------
{"result":"ok"}
----------- END --------------
July 21, 2021, 8:07 pm
----------- DATA -------------
Array
(
    [offerId] => 5876bfb5-5f26-4de9-8784-ec27e3449920
    [fio] => Dominador Sajor
    [phone] => 09483211765
    [email] => admin@admin.com
    [domain] => http://adltmedia.com/landers/60efd016da8e5/limon.php
    [ip] => 122.55.228.110
    [utm_campaign] => 
    [utm_content] => 
    [utm_medium] => 
    [utm_source] => CHS
    [utm_term] => 
    [clickid] => e30c48wikciho26c
    [fbpxl] => 
)

----------- RESPONSE ---------
{"result":"ok"}
----------- END --------------
July 21, 2021, 8:13 pm
----------- DATA -------------
Array
(
    [offerId] => 5876bfb5-5f26-4de9-8784-ec27e3449920
    [fio] => Canine 
    [phone] => 09954540530
    [email] => admin@admin.com
    [domain] => http://adltmedia.com/landers/60efd016da8e5/limon.php
    [ip] => 112.206.70.167
    [utm_campaign] => 
    [utm_content] => 
    [utm_medium] => 
    [utm_source] => CHS
    [utm_term] => 
    [clickid] => 441948wikwfxi0d7
    [fbpxl] => 
)

----------- RESPONSE ---------
{"result":"ok"}
----------- END --------------
July 21, 2021, 8:36 pm
----------- DATA -------------
Array
(
    [offerId] => 5876bfb5-5f26-4de9-8784-ec27e3449920
    [fio] => Carlo Palac
    [phone] => 09055485441
    [email] => admin@admin.com
    [domain] => http://adltmedia.com/landers/60efd016da8e5/limon.php
    [ip] => 175.176.68.229
    [utm_campaign] => 
    [utm_content] => 
    [utm_medium] => 
    [utm_source] => CHS
    [utm_term] => 
    [clickid] => bc28c8wiksy9rd8b
    [fbpxl] => 
)

----------- RESPONSE ---------
{"result":"ok"}
----------- END --------------
July 21, 2021, 9:13 pm
----------- DATA -------------
Array
(
    [offerId] => 5876bfb5-5f26-4de9-8784-ec27e3449920
    [fio] => lucilito funesto
    [phone] => 09305997274
    [email] => admin@admin.com
    [domain] => http://adltmedia.com/landers/60efd016da8e5/limon.php
    [ip] => 131.226.66.83
    [utm_campaign] => 
    [utm_content] => 
    [utm_medium] => 
    [utm_source] => CHS
    [utm_term] => 
    [clickid] => eb70f8wfva5a17bb
    [fbpxl] => 
)

----------- RESPONSE ---------
{"result":"ok"}
----------- END --------------
July 21, 2021, 9:14 pm
----------- DATA -------------
Array
(
    [offerId] => 5876bfb5-5f26-4de9-8784-ec27e3449920
    [fio] => ian
    [phone] => 09185959562
    [email] => admin@admin.com
    [domain] => http://adltmedia.com/landers/60efd016da8e5/limon.php
    [ip] => 175.176.82.168
    [utm_campaign] => 
    [utm_content] => 
    [utm_medium] => 
    [utm_source] => CHS
    [utm_term] => 
    [clickid] => 08b368wfvusik864
    [fbpxl] => 
)

----------- RESPONSE ---------
{"result":"ok"}
----------- END --------------
July 21, 2021, 9:14 pm
----------- DATA -------------
Array
(
    [offerId] => 5876bfb5-5f26-4de9-8784-ec27e3449920
    [fio] => ian
    [phone] => 09185959562
    [email] => admin@admin.com
    [domain] => http://adltmedia.com/landers/60efd016da8e5/limon.php
    [ip] => 175.176.82.168
    [utm_campaign] => 
    [utm_content] => 
    [utm_medium] => 
    [utm_source] => CHS
    [utm_term] => 
    [clickid] => 08b368wfvusik864
    [fbpxl] => 
)

----------- RESPONSE ---------
{"result":"ok"}
----------- END --------------
July 21, 2021, 9:14 pm
----------- DATA -------------
Array
(
    [offerId] => 5876bfb5-5f26-4de9-8784-ec27e3449920
    [fio] => ian
    [phone] => 09185959562
    [email] => admin@admin.com
    [domain] => http://adltmedia.com/landers/60efd016da8e5/limon.php
    [ip] => 175.176.82.168
    [utm_campaign] => 
    [utm_content] => 
    [utm_medium] => 
    [utm_source] => CHS
    [utm_term] => 
    [clickid] => 08b368wfvusik864
    [fbpxl] => 
)

----------- RESPONSE ---------
{"result":"ok"}
----------- END --------------
July 21, 2021, 10:18 pm
----------- DATA -------------
Array
(
    [offerId] => 5876bfb5-5f26-4de9-8784-ec27e3449920
    [fio] => Emecilyn
    [phone] => 09914344829
    [email] => admin@admin.com
    [domain] => http://adltmedia.com/landers/60efd016da8e5/limon.php
    [ip] => 2405:8d40:c70:36f4:1693:e92e:5f34:7399
    [utm_campaign] => 
    [utm_content] => 
    [utm_medium] => 
    [utm_source] => CHS
    [utm_term] => 
    [clickid] => 519ab8wfvxrpme1c
    [fbpxl] => 
)

----------- RESPONSE ---------
{"result":"ok"}
----------- END --------------
July 21, 2021, 11:24 pm
----------- DATA -------------
Array
(
    [offerId] => 5876bfb5-5f26-4de9-8784-ec27e3449920
    [fio] => James
    [phone] => 09463289220
    [email] => admin@admin.com
    [domain] => http://adltmedia.com/landers/60efd016da8e5/limon.php
    [ip] => 175.176.61.64
    [utm_campaign] => 
    [utm_content] => 
    [utm_medium] => 
    [utm_source] => CHS
    [utm_term] => 
    [clickid] => 570388wuo9rfyabf
    [fbpxl] => 
)

----------- RESPONSE ---------
{"result":"ok"}
----------- END --------------
