July 19, 2021, 1:08 am
----------- DATA -------------
Array
(
    [offerId] => 5876bfb5-5f26-4de9-8784-ec27e3449920
    [fio] => Gerald
    [phone] => 09567487624
    [email] => admin@admin.com
    [domain] => http://adltmedia.com/landers/60efd016da8e5/limon.php
    [ip] => 110.54.131.219
    [utm_campaign] => 
    [utm_content] => 
    [utm_medium] => 
    [utm_source] => CHS
    [utm_term] => 
    [clickid] => aa8d08wa5a3oc862
    [fbpxl] => 
)

----------- RESPONSE ---------
{"result":"ok"}
----------- END --------------
July 19, 2021, 1:24 am
----------- DATA -------------
Array
(
    [offerId] => 5876bfb5-5f26-4de9-8784-ec27e3449920
    [fio] => Preston
    [phone] => 09461083788
    [email] => admin@admin.com
    [domain] => http://adltmedia.com/landers/60efd016da8e5/limon.php
    [ip] => 175.176.85.248
    [utm_campaign] => 
    [utm_content] => 
    [utm_medium] => 
    [utm_source] => CHS
    [utm_term] => 
    [clickid] => 3aa608wa5gm9r7c3
    [fbpxl] => 
)

----------- RESPONSE ---------
{"result":"ok"}
----------- END --------------
July 19, 2021, 1:32 am
----------- DATA -------------
Array
(
    [offerId] => 5876bfb5-5f26-4de9-8784-ec27e3449920
    [fio] => Kent
    [phone] => 09632702662
    [email] => admin@admin.com
    [domain] => http://adltmedia.com/landers/60efd016da8e5/limon.php
    [ip] => 210.185.171.189
    [utm_campaign] => 
    [utm_content] => 
    [utm_medium] => 
    [utm_source] => CHS
    [utm_term] => 
    [clickid] => dfa4d8wa56j1z3d6
    [fbpxl] => 
)

----------- RESPONSE ---------
{"result":"ok"}
----------- END --------------
July 19, 2021, 2:13 am
----------- DATA -------------
Array
(
    [offerId] => 5876bfb5-5f26-4de9-8784-ec27e3449920
    [fio] => Leonides
    [phone] => 09704715061
    [email] => admin@admin.com
    [domain] => http://adltmedia.com/landers/60efd016da8e5/limon.php
    [ip] => 2001:4453:6fe:1500:c37:b9dd:b7f8:a403
    [utm_campaign] => 
    [utm_content] => 
    [utm_medium] => 
    [utm_source] => CHS
    [utm_term] => 
    [clickid] => f193c8wa5qqxrfb0
    [fbpxl] => 
)

----------- RESPONSE ---------
{"result":"ok"}
----------- END --------------
July 19, 2021, 4:29 am
----------- DATA -------------
Array
(
    [offerId] => 5876bfb5-5f26-4de9-8784-ec27e3449920
    [fio] => markangelo
    [phone] => 09532836625
    [email] => admin@admin.com
    [domain] => http://adltmedia.com/landers/60efd016da8e5/limon.php
    [ip] => 2001:4452:23a:f300:9992:f920:33d:ac63
    [utm_campaign] => 
    [utm_content] => 
    [utm_medium] => 
    [utm_source] => CHS
    [utm_term] => 
    [clickid] => 10d078wa7slirbc3
    [fbpxl] => 
)

----------- RESPONSE ---------
{"result":"ok"}
----------- END --------------
July 19, 2021, 4:32 am
----------- DATA -------------
Array
(
    [offerId] => 5876bfb5-5f26-4de9-8784-ec27e3449920
    [fio] => markangelo
    [phone] => 09532836625
    [email] => admin@admin.com
    [domain] => http://adltmedia.com/landers/60efd016da8e5/limon.php
    [ip] => 2001:4452:23a:f300:9992:f920:33d:ac63
    [utm_campaign] => 
    [utm_content] => 
    [utm_medium] => 
    [utm_source] => CHS
    [utm_term] => 
    [clickid] => 10d078wa7slirbc3
    [fbpxl] => 
)

----------- RESPONSE ---------
{"result":"ok"}
----------- END --------------
July 19, 2021, 4:34 am
----------- DATA -------------
Array
(
    [offerId] => 5876bfb5-5f26-4de9-8784-ec27e3449920
    [fio] => markangelo
    [phone] => 09532836625
    [email] => admin@admin.com
    [domain] => http://adltmedia.com/landers/60efd016da8e5/limon.php
    [ip] => 2001:4452:23a:f300:9992:f920:33d:ac63
    [utm_campaign] => 
    [utm_content] => 
    [utm_medium] => 
    [utm_source] => CHS
    [utm_term] => 
    [clickid] => 10d078wa7slirbc3
    [fbpxl] => 
)

----------- RESPONSE ---------
{"result":"ok"}
----------- END --------------
July 19, 2021, 4:35 am
----------- DATA -------------
Array
(
    [offerId] => 5876bfb5-5f26-4de9-8784-ec27e3449920
    [fio] => markangelo
    [phone] => 09532836625
    [email] => admin@admin.com
    [domain] => http://adltmedia.com/landers/60efd016da8e5/limon.php
    [ip] => 2001:4452:23a:f300:9992:f920:33d:ac63
    [utm_campaign] => 
    [utm_content] => 
    [utm_medium] => 
    [utm_source] => CHS
    [utm_term] => 
    [clickid] => 10d078wa7slirbc3
    [fbpxl] => 
)

----------- RESPONSE ---------
{"result":"ok"}
----------- END --------------
July 19, 2021, 5:46 am
----------- DATA -------------
Array
(
    [offerId] => 5876bfb5-5f26-4de9-8784-ec27e3449920
    [fio] => Noel
    [phone] => 09498314323
    [email] => admin@admin.com
    [domain] => http://adltmedia.com/landers/60efd016da8e5/limon.php
    [ip] => 175.176.18.111
    [utm_campaign] => 
    [utm_content] => 
    [utm_medium] => 
    [utm_source] => CHS
    [utm_term] => 
    [clickid] => bf3d28wa9a27s8dd
    [fbpxl] => 
)

----------- RESPONSE ---------
{"result":"ok"}
----------- END --------------
July 19, 2021, 7:15 am
----------- DATA -------------
Array
(
    [offerId] => 5876bfb5-5f26-4de9-8784-ec27e3449920
    [fio] => Beralial Esteban
    [phone] => 09759396102
    [email] => admin@admin.com
    [domain] => http://adltmedia.com/landers/60efd016da8e5/limon.php
    [ip] => 110.54.218.236
    [utm_campaign] => 
    [utm_content] => 
    [utm_medium] => 
    [utm_source] => CHS
    [utm_term] => 
    [clickid] => 41b898w2tk2y9252
    [fbpxl] => 
)

----------- RESPONSE ---------
{"result":"ok"}
----------- END --------------
July 19, 2021, 9:24 am
----------- DATA -------------
Array
(
    [offerId] => 5876bfb5-5f26-4de9-8784-ec27e3449920
    [fio] => Juhary
    [phone] => 09950154506
    [email] => admin@admin.com
    [domain] => http://adltmedia.com/landers/60efd016da8e5/limon.php
    [ip] => 112.198.27.3
    [utm_campaign] => 
    [utm_content] => 
    [utm_medium] => 
    [utm_source] => CHS
    [utm_term] => 
    [clickid] => b82c58w17mya11cc
    [fbpxl] => 
)

----------- RESPONSE ---------
{"result":"ok"}
----------- END --------------
July 19, 2021, 11:32 am
----------- DATA -------------
Array
(
    [offerId] => 5876bfb5-5f26-4de9-8784-ec27e3449920
    [fio] => Robin martinez
    [phone] => 09619015718
    [email] => admin@admin.com
    [domain] => http://adltmedia.com/landers/60efd016da8e5/limon.php
    [ip] => 175.176.0.76
    [utm_campaign] => 
    [utm_content] => 
    [utm_medium] => 
    [utm_source] => CHS
    [utm_term] => 
    [clickid] => 163ff8wq5g5q53df
    [fbpxl] => 
)

----------- RESPONSE ---------
{"result":"ok"}
----------- END --------------
July 19, 2021, 12:19 pm
----------- DATA -------------
Array
(
    [offerId] => 5876bfb5-5f26-4de9-8784-ec27e3449920
    [fio] => Jhay
    [phone] => 0970032210
    [email] => admin@admin.com
    [domain] => http://adltmedia.com/landers/60efd016da8e5/limon.php
    [ip] => 2001:4455:4cd:ec00:893d:9f09:fdf:2ef5
    [utm_campaign] => 
    [utm_content] => 
    [utm_medium] => 
    [utm_source] => CHS
    [utm_term] => 
    [clickid] => 452548wpmusm785f
    [fbpxl] => 
)

----------- RESPONSE ---------
{"result":"ok"}
----------- END --------------
July 19, 2021, 12:22 pm
----------- DATA -------------
Array
(
    [offerId] => 5876bfb5-5f26-4de9-8784-ec27e3449920
    [fio] => marvin amaza
    [phone] => 09125807172
    [email] => admin@admin.com
    [domain] => http://adltmedia.com/landers/60efd016da8e5/limon.php
    [ip] => 120.28.185.30
    [utm_campaign] => 
    [utm_content] => 
    [utm_medium] => 
    [utm_source] => CHS
    [utm_term] => 
    [clickid] => d9f958wpm16gx4a8
    [fbpxl] => 
)

----------- RESPONSE ---------
{"result":"ok"}
----------- END --------------
July 19, 2021, 12:24 pm
----------- DATA -------------
Array
(
    [offerId] => 5876bfb5-5f26-4de9-8784-ec27e3449920
    [fio] => adonis
    [phone] => 09051557148
    [email] => admin@admin.com
    [domain] => http://adltmedia.com/landers/60efd016da8e5/limon.php
    [ip] => 175.176.85.24
    [utm_campaign] => 
    [utm_content] => 
    [utm_medium] => 
    [utm_source] => CHS
    [utm_term] => 
    [clickid] => 319608wpm527s53a
    [fbpxl] => 
)

----------- RESPONSE ---------
{"result":"ok"}
----------- END --------------
July 19, 2021, 12:35 pm
----------- DATA -------------
Array
(
    [offerId] => 5876bfb5-5f26-4de9-8784-ec27e3449920
    [fio] => Bingbong latigo
    [phone] => 09978037423
    [email] => admin@admin.com
    [domain] => http://adltmedia.com/landers/60efd016da8e5/limon.php
    [ip] => 136.158.50.154
    [utm_campaign] => 
    [utm_content] => 
    [utm_medium] => 
    [utm_source] => CHS
    [utm_term] => 
    [clickid] => 230ad8wpmb4a8994
    [fbpxl] => 
)

----------- RESPONSE ---------
{"result":"ok"}
----------- END --------------
July 19, 2021, 12:43 pm
----------- DATA -------------
Array
(
    [offerId] => 5876bfb5-5f26-4de9-8784-ec27e3449920
    [fio] => marjohn 
    [phone] => 09061283937
    [email] => admin@admin.com
    [domain] => http://adltmedia.com/landers/60efd016da8e5/limon.php
    [ip] => 103.132.168.168
    [utm_campaign] => 
    [utm_content] => 
    [utm_medium] => 
    [utm_source] => CHS
    [utm_term] => 
    [clickid] => e0e7d8wpm3z4k1ca
    [fbpxl] => 
)

----------- RESPONSE ---------
{"result":"ok"}
----------- END --------------
July 19, 2021, 12:44 pm
----------- DATA -------------
Array
(
    [offerId] => 5876bfb5-5f26-4de9-8784-ec27e3449920
    [fio] => marjohn 
    [phone] => 09061283937
    [email] => admin@admin.com
    [domain] => http://adltmedia.com/landers/60efd016da8e5/limon.php
    [ip] => 103.132.168.168
    [utm_campaign] => 
    [utm_content] => 
    [utm_medium] => 
    [utm_source] => CHS
    [utm_term] => 
    [clickid] => e0e7d8wpm3z4k1ca
    [fbpxl] => 
)

----------- RESPONSE ---------
{"result":"ok"}
----------- END --------------
July 19, 2021, 1:02 pm
----------- DATA -------------
Array
(
    [offerId] => 5876bfb5-5f26-4de9-8784-ec27e3449920
    [fio] => JEF -JEF RELLON
    [phone] => 09518178516
    [email] => admin@admin.com
    [domain] => http://adltmedia.com/landers/60efd016da8e5/limon.php
    [ip] => 175.176.95.50
    [utm_campaign] => 
    [utm_content] => 
    [utm_medium] => 
    [utm_source] => CHS
    [utm_term] => 
    [clickid] => 6ba798wpmbgft56b
    [fbpxl] => 
)

----------- RESPONSE ---------
{"result":"ok"}
----------- END --------------
July 19, 2021, 1:06 pm
----------- DATA -------------
Array
(
    [offerId] => 5876bfb5-5f26-4de9-8784-ec27e3449920
    [fio] => Catherine Galarion
    [phone] => 09269262762
    [email] => admin@admin.com
    [domain] => http://adltmedia.com/landers/60efd016da8e5/limon.php
    [ip] => 175.176.87.4
    [utm_campaign] => 
    [utm_content] => 
    [utm_medium] => 
    [utm_source] => CHS
    [utm_term] => 
    [clickid] => 00b8a8wpmrnp2436
    [fbpxl] => 
)

----------- RESPONSE ---------
{"result":"ok"}
----------- END --------------
July 19, 2021, 1:06 pm
----------- DATA -------------
Array
(
    [offerId] => 5876bfb5-5f26-4de9-8784-ec27e3449920
    [fio] => Robert norcio09459863273
    [phone] => 09459863273
    [email] => admin@admin.com
    [domain] => http://adltmedia.com/landers/60efd016da8e5/limon.php
    [ip] => 103.36.17.192
    [utm_campaign] => 
    [utm_content] => 
    [utm_medium] => 
    [utm_source] => CHS
    [utm_term] => 
    [clickid] => e51358wpmxr8pdc3
    [fbpxl] => 
)

----------- RESPONSE ---------
{"result":"ok"}
----------- END --------------
July 19, 2021, 1:11 pm
----------- DATA -------------
Array
(
    [offerId] => 5876bfb5-5f26-4de9-8784-ec27e3449920
    [fio] => Arian
    [phone] => 09387253566
    [email] => admin@admin.com
    [domain] => http://adltmedia.com/landers/60efd016da8e5/limon.php
    [ip] => 120.28.52.90
    [utm_campaign] => 
    [utm_content] => 
    [utm_medium] => 
    [utm_source] => CHS
    [utm_term] => 
    [clickid] => 7fc9a8wpmwhwf3ca
    [fbpxl] => 
)

----------- RESPONSE ---------
{"result":"ok"}
----------- END --------------
July 19, 2021, 1:20 pm
----------- DATA -------------
Array
(
    [offerId] => 5876bfb5-5f26-4de9-8784-ec27e3449920
    [fio] => R C
    [phone] => 09265967433
    [email] => admin@admin.com
    [domain] => http://adltmedia.com/landers/60efd016da8e5/limon.php
    [ip] => 122.54.88.49
    [utm_campaign] => 
    [utm_content] => 
    [utm_medium] => 
    [utm_source] => CHS
    [utm_term] => 
    [clickid] => abe958wpmqq16fa2
    [fbpxl] => 
)

----------- RESPONSE ---------
{"result":"ok"}
----------- END --------------
July 19, 2021, 1:20 pm
----------- DATA -------------
Array
(
    [offerId] => 5876bfb5-5f26-4de9-8784-ec27e3449920
    [fio] => Richard
    [phone] => 09635273972
    [email] => admin@admin.com
    [domain] => http://adltmedia.com/landers/60efd016da8e5/limon.php
    [ip] => 175.176.69.145
    [utm_campaign] => 
    [utm_content] => 
    [utm_medium] => 
    [utm_source] => CHS
    [utm_term] => 
    [clickid] => bd66b8wusa91m95d
    [fbpxl] => 
)

----------- RESPONSE ---------
{"result":"ok"}
----------- END --------------
July 19, 2021, 1:23 pm
----------- DATA -------------
Array
(
    [offerId] => 5876bfb5-5f26-4de9-8784-ec27e3449920
    [fio] => Jake
    [phone] => 09564629701
    [email] => admin@admin.com
    [domain] => http://adltmedia.com/landers/60efd016da8e5/limon.php
    [ip] => 112.201.239.45
    [utm_campaign] => 
    [utm_content] => 
    [utm_medium] => 
    [utm_source] => CHS
    [utm_term] => 
    [clickid] => 3a0278wusa5yd3af
    [fbpxl] => 
)

----------- RESPONSE ---------
{"result":"ok"}
----------- END --------------
July 19, 2021, 1:29 pm
----------- DATA -------------
Array
(
    [offerId] => 5876bfb5-5f26-4de9-8784-ec27e3449920
    [fio] => Mark
    [phone] => 09151165603
    [email] => admin@admin.com
    [domain] => http://adltmedia.com/landers/60efd016da8e5/limon.php
    [ip] => 49.144.34.152
    [utm_campaign] => 
    [utm_content] => 
    [utm_medium] => 
    [utm_source] => CHS
    [utm_term] => 
    [clickid] => 3db228wusfnuqfc8
    [fbpxl] => 
)

----------- RESPONSE ---------
{"result":"ok"}
----------- END --------------
July 19, 2021, 1:33 pm
----------- DATA -------------
Array
(
    [offerId] => 5876bfb5-5f26-4de9-8784-ec27e3449920
    [fio] => Ron Geroy
    [phone] => 09267761129
    [email] => admin@admin.com
    [domain] => http://adltmedia.com/landers/60efd016da8e5/limon.php
    [ip] => 58.69.63.4
    [utm_campaign] => 
    [utm_content] => 
    [utm_medium] => 
    [utm_source] => CHS
    [utm_term] => 
    [clickid] => 8ebd38wus8r5m521
    [fbpxl] => 
)

----------- RESPONSE ---------
{"result":"ok"}
----------- END --------------
July 19, 2021, 1:35 pm
----------- DATA -------------
Array
(
    [offerId] => 5876bfb5-5f26-4de9-8784-ec27e3449920
    [fio] => Ron Geroy
    [phone] => 09267761129
    [email] => admin@admin.com
    [domain] => http://adltmedia.com/landers/60efd016da8e5/limon.php
    [ip] => 58.69.63.4
    [utm_campaign] => 
    [utm_content] => 
    [utm_medium] => 
    [utm_source] => CHS
    [utm_term] => 
    [clickid] => 8ebd38wus8r5m521
    [fbpxl] => 
)

----------- RESPONSE ---------
{"result":"ok"}
----------- END --------------
July 19, 2021, 1:40 pm
----------- DATA -------------
Array
(
    [offerId] => 5876bfb5-5f26-4de9-8784-ec27e3449920
    [fio] => Eric moneda
    [phone] => 09272194856
    [email] => admin@admin.com
    [domain] => http://adltmedia.com/landers/60efd016da8e5/limon.php
    [ip] => 2001:4453:430:3700:f8b4:ee14:8607:703d
    [utm_campaign] => 
    [utm_content] => 
    [utm_medium] => 
    [utm_source] => CHS
    [utm_term] => 
    [clickid] => 3f6bc8wusnta2c5d
    [fbpxl] => 
)

----------- RESPONSE ---------
{"result":"ok"}
----------- END --------------
July 19, 2021, 1:46 pm
----------- DATA -------------
Array
(
    [offerId] => 5876bfb5-5f26-4de9-8784-ec27e3449920
    [fio] => Mark morales
    [phone] => 09632663939
    [email] => admin@admin.com
    [domain] => http://adltmedia.com/landers/60efd016da8e5/limon.php
    [ip] => 222.127.158.105
    [utm_campaign] => 
    [utm_content] => 
    [utm_medium] => 
    [utm_source] => CHS
    [utm_term] => 
    [clickid] => ab3638wus7sg5869
    [fbpxl] => 
)

----------- RESPONSE ---------
{"result":"ok"}
----------- END --------------
July 19, 2021, 1:47 pm
----------- DATA -------------
Array
(
    [offerId] => 5876bfb5-5f26-4de9-8784-ec27e3449920
    [fio] => Christopher tumang
    [phone] => 09319115874
    [email] => admin@admin.com
    [domain] => http://adltmedia.com/landers/60efd016da8e5/limon.php
    [ip] => 136.158.28.33
    [utm_campaign] => 
    [utm_content] => 
    [utm_medium] => 
    [utm_source] => CHS
    [utm_term] => 
    [clickid] => 4cb318wus5ma5348
    [fbpxl] => 
)

----------- RESPONSE ---------
{"result":"ok"}
----------- END --------------
July 19, 2021, 1:49 pm
----------- DATA -------------
Array
(
    [offerId] => 5876bfb5-5f26-4de9-8784-ec27e3449920
    [fio] => Mark morales
    [phone] => 09632663939
    [email] => admin@admin.com
    [domain] => http://adltmedia.com/landers/60efd016da8e5/limon.php
    [ip] => 222.127.158.105
    [utm_campaign] => 
    [utm_content] => 
    [utm_medium] => 
    [utm_source] => CHS
    [utm_term] => 
    [clickid] => ab3638wus7sg5869
    [fbpxl] => 
)

----------- RESPONSE ---------
{"result":"ok"}
----------- END --------------
July 19, 2021, 1:49 pm
----------- DATA -------------
Array
(
    [offerId] => 5876bfb5-5f26-4de9-8784-ec27e3449920
    [fio] => Christopher tumang
    [phone] => 09319115874
    [email] => admin@admin.com
    [domain] => http://adltmedia.com/landers/60efd016da8e5/limon.php
    [ip] => 136.158.28.33
    [utm_campaign] => 
    [utm_content] => 
    [utm_medium] => 
    [utm_source] => CHS
    [utm_term] => 
    [clickid] => 4cb318wus5ma5348
    [fbpxl] => 
)

----------- RESPONSE ---------
{"result":"ok"}
----------- END --------------
July 19, 2021, 1:53 pm
----------- DATA -------------
Array
(
    [offerId] => 5876bfb5-5f26-4de9-8784-ec27e3449920
    [fio] => Daniel
    [phone] => 09199299204
    [email] => admin@admin.com
    [domain] => http://adltmedia.com/landers/60efd016da8e5/limon.php
    [ip] => 136.158.79.171
    [utm_campaign] => 
    [utm_content] => 
    [utm_medium] => 
    [utm_source] => CHS
    [utm_term] => 
    [clickid] => 27b858wus9rxse02
    [fbpxl] => 
)

----------- RESPONSE ---------
{"result":"ok"}
----------- END --------------
July 19, 2021, 2:00 pm
----------- DATA -------------
Array
(
    [offerId] => 5876bfb5-5f26-4de9-8784-ec27e3449920
    [fio] => Sherlwin triste
    [phone] => 09568509478
    [email] => admin@admin.com
    [domain] => http://adltmedia.com/landers/60efd016da8e5/limon.php
    [ip] => 110.54.161.40
    [utm_campaign] => 
    [utm_content] => 
    [utm_medium] => 
    [utm_source] => CHS
    [utm_term] => 
    [clickid] => 3a3ff8wus46wfc79
    [fbpxl] => 
)

----------- RESPONSE ---------
{"result":"ok"}
----------- END --------------
July 19, 2021, 2:06 pm
----------- DATA -------------
Array
(
    [offerId] => 5876bfb5-5f26-4de9-8784-ec27e3449920
    [fio] => onin
    [phone] => 09068644226
    [email] => admin@admin.com
    [domain] => http://adltmedia.com/landers/60efd016da8e5/limon.php
    [ip] => 136.158.102.149
    [utm_campaign] => 
    [utm_content] => 
    [utm_medium] => 
    [utm_source] => CHS
    [utm_term] => 
    [clickid] => 0fa7e8wusikqd0df
    [fbpxl] => 
)

----------- RESPONSE ---------
{"result":"ok"}
----------- END --------------
July 19, 2021, 2:15 pm
----------- DATA -------------
Array
(
    [offerId] => 5876bfb5-5f26-4de9-8784-ec27e3449920
    [fio] => Beaverley West
    [phone] => 09067000938
    [email] => admin@admin.com
    [domain] => http://adltmedia.com/landers/60efd016da8e5/limon.php
    [ip] => 49.146.2.95
    [utm_campaign] => 
    [utm_content] => 
    [utm_medium] => 
    [utm_source] => CHS
    [utm_term] => 
    [clickid] => 95a0a8wus9z463b0
    [fbpxl] => 
)

----------- RESPONSE ---------
{"result":"ok"}
----------- END --------------
July 19, 2021, 2:20 pm
----------- DATA -------------
Array
(
    [offerId] => 5876bfb5-5f26-4de9-8784-ec27e3449920
    [fio] => Secret name
    [phone] => 09094820136
    [email] => admin@admin.com
    [domain] => http://adltmedia.com/landers/60efd016da8e5/limon.php
    [ip] => 2405:8d40:bb0:25b3:234d:41f7:7851:2ae4
    [utm_campaign] => 
    [utm_content] => 
    [utm_medium] => 
    [utm_source] => CHS
    [utm_term] => 
    [clickid] => 762538wusduocc3f
    [fbpxl] => 
)

----------- RESPONSE ---------
{"result":"ok"}
----------- END --------------
July 19, 2021, 2:26 pm
----------- DATA -------------
Array
(
    [offerId] => 5876bfb5-5f26-4de9-8784-ec27e3449920
    [fio] => madil bryner L Diagoni
    [phone] => 09755709324
    [email] => admin@admin.com
    [domain] => http://adltmedia.com/landers/60efd016da8e5/limon.php
    [ip] => 124.83.52.5
    [utm_campaign] => 
    [utm_content] => 
    [utm_medium] => 
    [utm_source] => CHS
    [utm_term] => 
    [clickid] => d4f4d8wxsa1fvba3
    [fbpxl] => 
)

----------- RESPONSE ---------
{"result":"ok"}
----------- END --------------
July 19, 2021, 2:26 pm
----------- DATA -------------
Array
(
    [offerId] => 5876bfb5-5f26-4de9-8784-ec27e3449920
    [fio] => madil bryner L Diagoni
    [phone] => 09755709324
    [email] => admin@admin.com
    [domain] => http://adltmedia.com/landers/60efd016da8e5/limon.php
    [ip] => 124.83.52.5
    [utm_campaign] => 
    [utm_content] => 
    [utm_medium] => 
    [utm_source] => CHS
    [utm_term] => 
    [clickid] => d4f4d8wxsa1fvba3
    [fbpxl] => 
)

----------- RESPONSE ---------
{"result":"ok"}
----------- END --------------
July 19, 2021, 2:57 pm
----------- DATA -------------
Array
(
    [offerId] => 5876bfb5-5f26-4de9-8784-ec27e3449920
    [fio] => Judemar
    [phone] => 09276931559
    [email] => admin@admin.com
    [domain] => http://adltmedia.com/landers/60efd016da8e5/limon.php
    [ip] => 58.69.79.109
    [utm_campaign] => 
    [utm_content] => 
    [utm_medium] => 
    [utm_source] => CHS
    [utm_term] => 
    [clickid] => f476d8wxs8wgxb04
    [fbpxl] => 
)

----------- RESPONSE ---------
{"result":"ok"}
----------- END --------------
July 19, 2021, 2:57 pm
----------- DATA -------------
Array
(
    [offerId] => 5876bfb5-5f26-4de9-8784-ec27e3449920
    [fio] => Felix
    [phone] => 09518482382
    [email] => admin@admin.com
    [domain] => http://adltmedia.com/landers/60efd016da8e5/limon.php
    [ip] => 110.54.251.18
    [utm_campaign] => 
    [utm_content] => 
    [utm_medium] => 
    [utm_source] => CHS
    [utm_term] => 
    [clickid] => 29bda8wxs9rk2e96
    [fbpxl] => 
)

----------- RESPONSE ---------
{"result":"ok"}
----------- END --------------
July 19, 2021, 3:07 pm
----------- DATA -------------
Array
(
    [offerId] => 5876bfb5-5f26-4de9-8784-ec27e3449920
    [fio] => Peter yere
    [phone] => O9557604849
    [email] => admin@admin.com
    [domain] => http://adltmedia.com/landers/60efd016da8e5/limon.php
    [ip] => 110.54.185.170
    [utm_campaign] => 
    [utm_content] => 
    [utm_medium] => 
    [utm_source] => CHS
    [utm_term] => 
    [clickid] => f2ace8wxsp2a7f85
    [fbpxl] => 
)

----------- RESPONSE ---------
{"result":"ok"}
----------- END --------------
July 19, 2021, 3:09 pm
----------- DATA -------------
Array
(
    [offerId] => 5876bfb5-5f26-4de9-8784-ec27e3449920
    [fio] => John lloyd bucog
    [phone] => 09125056949
    [email] => admin@admin.com
    [domain] => http://adltmedia.com/landers/60efd016da8e5/limon.php
    [ip] => 110.54.205.198
    [utm_campaign] => 
    [utm_content] => 
    [utm_medium] => 
    [utm_source] => CHS
    [utm_term] => 
    [clickid] => b07648wxsrnfv500
    [fbpxl] => 
)

----------- RESPONSE ---------
{"result":"ok"}
----------- END --------------
July 19, 2021, 3:10 pm
----------- DATA -------------
Array
(
    [offerId] => 5876bfb5-5f26-4de9-8784-ec27e3449920
    [fio] => Christianjay
    [phone] => 09090937162
    [email] => admin@admin.com
    [domain] => http://adltmedia.com/landers/60efd016da8e5/limon.php
    [ip] => 2001:4455:116:8500:3846:b669:e961:b97
    [utm_campaign] => 
    [utm_content] => 
    [utm_medium] => 
    [utm_source] => CHS
    [utm_term] => 
    [clickid] => 54cfb8wxsiksl85d
    [fbpxl] => 
)

----------- RESPONSE ---------
{"result":"ok"}
----------- END --------------
July 19, 2021, 3:17 pm
----------- DATA -------------
Array
(
    [offerId] => 5876bfb5-5f26-4de9-8784-ec27e3449920
    [fio] => Waway
    [phone] => 09517069907
    [email] => admin@admin.com
    [domain] => http://adltmedia.com/landers/60efd016da8e5/limon.php
    [ip] => 182.255.42.177
    [utm_campaign] => 
    [utm_content] => 
    [utm_medium] => 
    [utm_source] => CHS
    [utm_term] => 
    [clickid] => 9a0cd8wxsj2sya9e
    [fbpxl] => 
)

----------- RESPONSE ---------
{"result":"ok"}
----------- END --------------
July 19, 2021, 3:23 pm
----------- DATA -------------
Array
(
    [offerId] => 5876bfb5-5f26-4de9-8784-ec27e3449920
    [fio] => Aldo 
    [phone] => 09059707069
    [email] => admin@admin.com
    [domain] => http://adltmedia.com/landers/60efd016da8e5/limon.php
    [ip] => 110.54.251.97
    [utm_campaign] => 
    [utm_content] => 
    [utm_medium] => 
    [utm_source] => CHS
    [utm_term] => 
    [clickid] => 031948wxsg6hq033
    [fbpxl] => 
)

----------- RESPONSE ---------
{"result":"ok"}
----------- END --------------
July 19, 2021, 3:31 pm
----------- DATA -------------
Array
(
    [offerId] => 5876bfb5-5f26-4de9-8784-ec27e3449920
    [fio] => Charlie
    [phone] => 09670014575
    [email] => admin@admin.com
    [domain] => http://adltmedia.com/landers/60efd016da8e5/limon.php
    [ip] => 110.54.200.106
    [utm_campaign] => 
    [utm_content] => 
    [utm_medium] => 
    [utm_source] => CHS
    [utm_term] => 
    [clickid] => 4f5a28wfnhej65b8
    [fbpxl] => 
)

----------- RESPONSE ---------
{"result":"ok"}
----------- END --------------
July 19, 2021, 3:43 pm
----------- DATA -------------
Array
(
    [offerId] => 5876bfb5-5f26-4de9-8784-ec27e3449920
    [fio] => Leo
    [phone] => 09971754879
    [email] => admin@admin.com
    [domain] => http://adltmedia.com/landers/60efd016da8e5/limon.php
    [ip] => 110.54.141.47
    [utm_campaign] => 
    [utm_content] => 
    [utm_medium] => 
    [utm_source] => CHS
    [utm_term] => 
    [clickid] => f71f18wfn9lslb90
    [fbpxl] => 
)

----------- RESPONSE ---------
{"result":"ok"}
----------- END --------------
July 19, 2021, 3:53 pm
----------- DATA -------------
Array
(
    [offerId] => 5876bfb5-5f26-4de9-8784-ec27e3449920
    [fio] => Dave
    [phone] => 09650950088
    [email] => admin@admin.com
    [domain] => http://adltmedia.com/landers/60efd016da8e5/limon.php
    [ip] => 119.92.95.57
    [utm_campaign] => 
    [utm_content] => 
    [utm_medium] => 
    [utm_source] => CHS
    [utm_term] => 
    [clickid] => 8ae028wfn1ne86b0
    [fbpxl] => 
)

----------- RESPONSE ---------
{"result":"ok"}
----------- END --------------
July 19, 2021, 3:56 pm
----------- DATA -------------
Array
(
    [offerId] => 5876bfb5-5f26-4de9-8784-ec27e3449920
    [fio] => Mharvy mapa
    [phone] => 09774578904
    [email] => admin@admin.com
    [domain] => http://adltmedia.com/landers/60efd016da8e5/limon.php
    [ip] => 110.54.136.66
    [utm_campaign] => 
    [utm_content] => 
    [utm_medium] => 
    [utm_source] => CHS
    [utm_term] => 
    [clickid] => 97ff48wfnhqducab
    [fbpxl] => 
)

----------- RESPONSE ---------
{"result":"ok"}
----------- END --------------
July 19, 2021, 3:57 pm
----------- DATA -------------
Array
(
    [offerId] => 5876bfb5-5f26-4de9-8784-ec27e3449920
    [fio] => Frank kevin
    [phone] => 09975538809
    [email] => admin@admin.com
    [domain] => http://adltmedia.com/landers/60efd016da8e5/limon.php
    [ip] => 110.54.191.111
    [utm_campaign] => 
    [utm_content] => 
    [utm_medium] => 
    [utm_source] => CHS
    [utm_term] => 
    [clickid] => d35d48wfnuqfy7fc
    [fbpxl] => 
)

----------- RESPONSE ---------
{"result":"ok"}
----------- END --------------
July 19, 2021, 4:03 pm
----------- DATA -------------
Array
(
    [offerId] => 5876bfb5-5f26-4de9-8784-ec27e3449920
    [fio] => Joy salazar
    [phone] => 8-641-7495
    [email] => admin@admin.com
    [domain] => http://adltmedia.com/landers/60efd016da8e5/limon.php
    [ip] => 2001:4451:811a:dc00:2466:2ff7:a891:8407
    [utm_campaign] => 
    [utm_content] => 
    [utm_medium] => 
    [utm_source] => CHS
    [utm_term] => 
    [clickid] => e592d8wfnktg66d8
    [fbpxl] => 
)

----------- RESPONSE ---------
{"result":"ok"}
----------- END --------------
July 19, 2021, 4:13 pm
----------- DATA -------------
Array
(
    [offerId] => 5876bfb5-5f26-4de9-8784-ec27e3449920
    [fio] => Mharvy mapa
    [phone] => 09774578904
    [email] => admin@admin.com
    [domain] => http://adltmedia.com/landers/60efd016da8e5/limon.php
    [ip] => 110.54.136.66
    [utm_campaign] => 
    [utm_content] => 
    [utm_medium] => 
    [utm_source] => CHS
    [utm_term] => 
    [clickid] => f53738wbzcidv937
    [fbpxl] => 
)

----------- RESPONSE ---------
{"result":"ok"}
----------- END --------------
July 19, 2021, 4:21 pm
----------- DATA -------------
Array
(
    [offerId] => 5876bfb5-5f26-4de9-8784-ec27e3449920
    [fio] => reymond
    [phone] => 09636636784
    [email] => admin@admin.com
    [domain] => http://adltmedia.com/landers/60efd016da8e5/limon.php
    [ip] => 203.177.166.60
    [utm_campaign] => 
    [utm_content] => 
    [utm_medium] => 
    [utm_source] => CHS
    [utm_term] => 
    [clickid] => fbd4a8wbzb41za51
    [fbpxl] => 
)

----------- RESPONSE ---------
{"result":"ok"}
----------- END --------------
July 19, 2021, 4:37 pm
----------- DATA -------------
Array
(
    [offerId] => 5876bfb5-5f26-4de9-8784-ec27e3449920
    [fio] => Joshua
    [phone] => 09335970319
    [email] => admin@admin.com
    [domain] => http://adltmedia.com/landers/60efd016da8e5/limon.php
    [ip] => 110.54.200.74
    [utm_campaign] => 
    [utm_content] => 
    [utm_medium] => 
    [utm_source] => CHS
    [utm_term] => 
    [clickid] => 9fd0c8wbzocm760c
    [fbpxl] => 
)

----------- RESPONSE ---------
{"result":"ok"}
----------- END --------------
July 19, 2021, 4:40 pm
----------- DATA -------------
Array
(
    [offerId] => 5876bfb5-5f26-4de9-8784-ec27e3449920
    [fio] => Cerelo bales
    [phone] => 09551051413
    [email] => admin@admin.com
    [domain] => http://adltmedia.com/landers/60efd016da8e5/limon.php
    [ip] => 180.190.5.25
    [utm_campaign] => 
    [utm_content] => 
    [utm_medium] => 
    [utm_source] => CHS
    [utm_term] => 
    [clickid] => 149ea8wbzqq5m068
    [fbpxl] => 
)

----------- RESPONSE ---------
{"result":"ok"}
----------- END --------------
July 19, 2021, 4:40 pm
----------- DATA -------------
Array
(
    [offerId] => 5876bfb5-5f26-4de9-8784-ec27e3449920
    [fio] => Joshua brioenes
    [phone] => +639363731239
    [email] => admin@admin.com
    [domain] => http://adltmedia.com/landers/60efd016da8e5/limon.php
    [ip] => 110.54.200.74
    [utm_campaign] => 
    [utm_content] => 
    [utm_medium] => 
    [utm_source] => CHS
    [utm_term] => 
    [clickid] => 9fd0c8wbzocm760c
    [fbpxl] => 
)

----------- RESPONSE ---------
{"result":"ok"}
----------- END --------------
July 19, 2021, 4:41 pm
----------- DATA -------------
Array
(
    [offerId] => 5876bfb5-5f26-4de9-8784-ec27e3449920
    [fio] => Joshua brioenes
    [phone] => +639363731239
    [email] => admin@admin.com
    [domain] => http://adltmedia.com/landers/60efd016da8e5/limon.php
    [ip] => 110.54.200.74
    [utm_campaign] => 
    [utm_content] => 
    [utm_medium] => 
    [utm_source] => CHS
    [utm_term] => 
    [clickid] => 97c338w8rgxa1755
    [fbpxl] => 
)

----------- RESPONSE ---------
{"result":"ok"}
----------- END --------------
July 19, 2021, 4:46 pm
----------- DATA -------------
Array
(
    [offerId] => 5876bfb5-5f26-4de9-8784-ec27e3449920
    [fio] => Cerelo bales
    [phone] => 09551051413
    [email] => admin@admin.com
    [domain] => http://adltmedia.com/landers/60efd016da8e5/limon.php
    [ip] => 180.190.5.25
    [utm_campaign] => 
    [utm_content] => 
    [utm_medium] => 
    [utm_source] => CHS
    [utm_term] => 
    [clickid] => 149ea8wbzqq5m068
    [fbpxl] => 
)

----------- RESPONSE ---------
{"result":"ok"}
----------- END --------------
July 19, 2021, 5:06 pm
----------- DATA -------------
Array
(
    [offerId] => 5876bfb5-5f26-4de9-8784-ec27e3449920
    [fio] => Banoy
    [phone] => 09071793961
    [email] => admin@admin.com
    [domain] => http://adltmedia.com/landers/60efd016da8e5/limon.php
    [ip] => 180.190.139.233
    [utm_campaign] => 
    [utm_content] => 
    [utm_medium] => 
    [utm_source] => CHS
    [utm_term] => 
    [clickid] => ff8718w8ribzw7b8
    [fbpxl] => 
)

----------- RESPONSE ---------
{"result":"ok"}
----------- END --------------
July 19, 2021, 5:12 pm
----------- DATA -------------
Array
(
    [offerId] => 5876bfb5-5f26-4de9-8784-ec27e3449920
    [fio] => Mharvy mapa
    [phone] => 09774578904
    [email] => admin@admin.com
    [domain] => http://adltmedia.com/landers/60efd016da8e5/limon.php
    [ip] => 110.54.136.66
    [utm_campaign] => 
    [utm_content] => 
    [utm_medium] => 
    [utm_source] => CHS
    [utm_term] => 
    [clickid] => f53738wbzcidv937
    [fbpxl] => 
)

----------- RESPONSE ---------
{"result":"ok"}
----------- END --------------
July 19, 2021, 5:52 pm
----------- DATA -------------
Array
(
    [offerId] => 5876bfb5-5f26-4de9-8784-ec27e3449920
    [fio] => Rosendo
    [phone] => 09359252095
    [email] => admin@admin.com
    [domain] => http://adltmedia.com/landers/60efd016da8e5/limon.php
    [ip] => 110.54.148.88
    [utm_campaign] => 
    [utm_content] => 
    [utm_medium] => 
    [utm_source] => CHS
    [utm_term] => 
    [clickid] => 823a18whehexs98b
    [fbpxl] => 
)

----------- RESPONSE ---------
{"result":"ok"}
----------- END --------------
July 19, 2021, 6:17 pm
----------- DATA -------------
Array
(
    [offerId] => 5876bfb5-5f26-4de9-8784-ec27e3449920
    [fio] => Raymbranth
    [phone] => 09512349577
    [email] => admin@admin.com
    [domain] => http://adltmedia.com/landers/60efd016da8e5/limon.php
    [ip] => 2001:4450:81c9:9200:79b8:b860:7e89:58a0
    [utm_campaign] => 
    [utm_content] => 
    [utm_medium] => 
    [utm_source] => CHS
    [utm_term] => 
    [clickid] => 83e438woj2tej50f
    [fbpxl] => 
)

----------- RESPONSE ---------
{"result":"ok"}
----------- END --------------
July 19, 2021, 6:32 pm
----------- DATA -------------
Array
(
    [offerId] => 5876bfb5-5f26-4de9-8784-ec27e3449920
    [fio] => raul rojas
    [phone] => 09560315218
    [email] => admin@admin.com
    [domain] => http://adltmedia.com/landers/60efd016da8e5/limon.php
    [ip] => 110.54.135.195
    [utm_campaign] => 
    [utm_content] => 
    [utm_medium] => 
    [utm_source] => CHS
    [utm_term] => 
    [clickid] => d8e4b8wojd5he5ed
    [fbpxl] => 
)

----------- RESPONSE ---------
{"result":"ok"}
----------- END --------------
July 19, 2021, 7:31 pm
----------- DATA -------------
Array
(
    [offerId] => 5876bfb5-5f26-4de9-8784-ec27e3449920
    [fio] => Shed
    [phone] => 09700430936
    [email] => admin@admin.com
    [domain] => http://adltmedia.com/landers/60efd016da8e5/limon.php
    [ip] => 110.54.169.3
    [utm_campaign] => 
    [utm_content] => 
    [utm_medium] => 
    [utm_source] => CHS
    [utm_term] => 
    [clickid] => e2a2a8wci8wbg9e5
    [fbpxl] => 
)

----------- RESPONSE ---------
{"result":"ok"}
----------- END --------------
July 19, 2021, 7:58 pm
----------- DATA -------------
Array
(
    [offerId] => 5876bfb5-5f26-4de9-8784-ec27e3449920
    [fio] => Saidy tudio
    [phone] => O9356911978
    [email] => admin@admin.com
    [domain] => http://adltmedia.com/landers/60efd016da8e5/limon.php
    [ip] => 112.198.74.113
    [utm_campaign] => 
    [utm_content] => 
    [utm_medium] => 
    [utm_source] => CHS
    [utm_term] => 
    [clickid] => 70da78w522t4pe66
    [fbpxl] => 
)

----------- RESPONSE ---------
{"result":"ok"}
----------- END --------------
July 19, 2021, 7:59 pm
----------- DATA -------------
Array
(
    [offerId] => 5876bfb5-5f26-4de9-8784-ec27e3449920
    [fio] => Saidy tudio
    [phone] => O9356911978
    [email] => admin@admin.com
    [domain] => http://adltmedia.com/landers/60efd016da8e5/limon.php
    [ip] => 112.198.74.113
    [utm_campaign] => 
    [utm_content] => 
    [utm_medium] => 
    [utm_source] => CHS
    [utm_term] => 
    [clickid] => 70da78w522t4pe66
    [fbpxl] => 
)

----------- RESPONSE ---------
{"result":"ok"}
----------- END --------------
July 19, 2021, 9:01 pm
----------- DATA -------------
Array
(
    [offerId] => 5876bfb5-5f26-4de9-8784-ec27e3449920
    [fio] => Charlie
    [phone] => 0916 460 6978
    [email] => admin@admin.com
    [domain] => http://adltmedia.com/landers/60efd016da8e5/limon.php
    [ip] => 152.32.104.163
    [utm_campaign] => 
    [utm_content] => 
    [utm_medium] => 
    [utm_source] => CHS
    [utm_term] => 
    [clickid] => a8e1d8wqdxs1m81a
    [fbpxl] => 
)

----------- RESPONSE ---------
{"result":"ok"}
----------- END --------------
July 19, 2021, 9:18 pm
----------- DATA -------------
Array
(
    [offerId] => 5876bfb5-5f26-4de9-8784-ec27e3449920
    [fio] => denver gaon
    [phone] => 09100206546
    [email] => admin@admin.com
    [domain] => http://adltmedia.com/landers/60efd016da8e5/limon.php
    [ip] => 2001:4452:306:ca00:dce9:1771:16a2:d2fc
    [utm_campaign] => 
    [utm_content] => 
    [utm_medium] => 
    [utm_source] => CHS
    [utm_term] => 
    [clickid] => 967768wqd4kft3e4
    [fbpxl] => 
)

----------- RESPONSE ---------
{"result":"ok"}
----------- END --------------
July 19, 2021, 9:47 pm
----------- DATA -------------
Array
(
    [offerId] => 5876bfb5-5f26-4de9-8784-ec27e3449920
    [fio] => Ronald
    [phone] => 09463068340
    [email] => admin@admin.com
    [domain] => http://adltmedia.com/landers/60efd016da8e5/limon.php
    [ip] => 175.176.53.22
    [utm_campaign] => 
    [utm_content] => 
    [utm_medium] => 
    [utm_source] => CHS
    [utm_term] => 
    [clickid] => 54e988wqdzwira70
    [fbpxl] => 
)

----------- RESPONSE ---------
{"result":"ok"}
----------- END --------------
July 19, 2021, 9:58 pm
----------- DATA -------------
Array
(
    [offerId] => 5876bfb5-5f26-4de9-8784-ec27e3449920
    [fio] => Brian tau
    [phone] => 09101772010
    [email] => admin@admin.com
    [domain] => http://adltmedia.com/landers/60efd016da8e5/limon.php
    [ip] => 110.54.168.161
    [utm_campaign] => 
    [utm_content] => 
    [utm_medium] => 
    [utm_source] => CHS
    [utm_term] => 
    [clickid] => faea38wqdfy4k1e1
    [fbpxl] => 
)

----------- RESPONSE ---------
{"result":"ok"}
----------- END --------------
July 19, 2021, 10:07 pm
----------- DATA -------------
Array
(
    [offerId] => 5876bfb5-5f26-4de9-8784-ec27e3449920
    [fio] => Armando Reyes
    [phone] => 09639451840
    [email] => admin@admin.com
    [domain] => http://adltmedia.com/landers/60efd016da8e5/limon.php
    [ip] => 175.176.92.150
    [utm_campaign] => 
    [utm_content] => 
    [utm_medium] => 
    [utm_source] => CHS
    [utm_term] => 
    [clickid] => 6b6ea8wqdoc525d2
    [fbpxl] => 
)

----------- RESPONSE ---------
{"result":"ok"}
----------- END --------------
July 19, 2021, 10:39 pm
----------- DATA -------------
Array
(
    [offerId] => 5876bfb5-5f26-4de9-8784-ec27e3449920
    [fio] => albert
    [phone] => 09176650712
    [email] => admin@admin.com
    [domain] => http://adltmedia.com/landers/60efd016da8e5/limon.php
    [ip] => 180.190.150.232
    [utm_campaign] => 
    [utm_content] => 
    [utm_medium] => 
    [utm_source] => CHS
    [utm_term] => 
    [clickid] => eb7228wgmtwa8894
    [fbpxl] => 
)

----------- RESPONSE ---------
{"result":"ok"}
----------- END --------------
July 19, 2021, 10:43 pm
----------- DATA -------------
Array
(
    [offerId] => 5876bfb5-5f26-4de9-8784-ec27e3449920
    [fio] => Willven tan
    [phone] => 09512568932
    [email] => admin@admin.com
    [domain] => http://adltmedia.com/landers/60efd016da8e5/limon.php
    [ip] => 112.198.98.91
    [utm_campaign] => 
    [utm_content] => 
    [utm_medium] => 
    [utm_source] => CHS
    [utm_term] => 
    [clickid] => 5f6958wgmtwa3b7f
    [fbpxl] => 
)

----------- RESPONSE ---------
{"result":"ok"}
----------- END --------------
